2026-01-18 10:45:55,915 - INFO - 로그 파일이 'log/Sewer-TAPNEW/baseline_efficientnet_b0_20260118_104555/log_20260118_104555.log'에 저장됩니다.
2026-01-18 10:45:55,927 - INFO - ==================================================
2026-01-18 10:45:55,927 - INFO - config.yaml:
2026-01-18 10:45:55,927 - INFO - 
run:
  global_seed: 42
  cuda: true
  mode: train
  pth_inference_dir: /home/cau/workspace/CHOI/sewer_binary_cls_v9/log/Sewer-TAPNEW/main_20260116_162736_ps56_st56_q1
  pth_best_name: best_model.pth
  evaluate_onnx: true
  only_inference: false
  show_log: true
  dataset:
    name: Sewer-TAPNEW
    type: image_folder
    train_split_ratio: 0.8
    paths:
      train_img_dir: /home/cau/workspace/data/Sewer/Sewer-ML/train
      valid_img_dir: /home/cau/workspace/data/Sewer/Sewer-ML/valid
      test_img_dir: /home/cau/workspace/data/Sewer/Sewer-ML/valid
      train_csv: /home/cau/workspace/data/Sewer/Sewer-ML/SewerML_Train.csv
      valid_csv: /home/cau/workspace/data/Sewer/Sewer-ML/SewerML_Val.csv
      test_csv: /home/cau/workspace/data/Sewer/Sewer-ML/SewerML_Val.csv
      img_folder: /home/cau/workspace/data/Sewer/Sewer-TAPNEW
  random_sampling_ratio:
    train: 1.0
    valid: 1.0
    test: 1.0
  num_workers: 16
training_main:
  epochs: 1
  batch_size: 16
  pre_trained: false
  optimizer: adamw
  lr: 0.001
  weight_decay: 0.0001
  loss_function: CrossEntropyLoss
  label_smoothing: 0.1
  scheduler: cosineannealinglr
  scheduler_params:
    T_max: 90
    eta_min: 0.0001
  best_model_criterion: val_loss
training_baseline:
  epochs: 90
  batch_size: 16
  pre_trained: false
  optimizer: adamw
  lr: 0.001
  weight_decay: 0.0001
  loss_function: CrossEntropyLoss
  label_smoothing: 0.1
  scheduler: cosineannealinglr
  scheduler_params:
    T_max: 90
    eta_min: 0.0001
  best_model_criterion: val_loss
finetuning_pruned:
  epochs: 80
  batch_size: 16
  optimizer: adamw
  lr: 0.001
  weight_decay: 0.0001
  loss_function: CrossEntropyLoss
  label_smoothing: 0.1
  scheduler: cosineannealinglr
  scheduler_params:
    T_max: 80
    eta_min: 0.0001
  best_model_criterion: val_loss
model:
  img_size: 224
  grid_size: 7
  num_decoder_patches: 6
  num_decoder_layers: 7
  num_heads: 6
  cnn_feature_extractor:
    name: custom
  featured_patch_dim: 24
  emb_dim: 24
  adaptive_initial_query: true
  decoder_ff_ratio: 2
  dropout: 0.1
  positional_encoding: true
  res_attention: false
  save_attention: false
  num_plot_attention: 1
baseline:
  model_name: efficientnet_b0

2026-01-18 10:45:55,928 - INFO - ==================================================
2026-01-18 10:45:56,167 - INFO - CUDA 사용 가능. GPU 사용을 시작합니다. (Device: NVIDIA RTX PRO 6000 Blackwell Server Edition)
2026-01-18 10:45:56,168 - INFO - 'Sewer-TAPNEW' 데이터 로드를 시작합니다 (Type: image_folder).
2026-01-18 10:45:56,168 - INFO - '/home/cau/workspace/data/Sewer/Sewer-TAPNEW' 경로의 데이터를 훈련/테스트셋으로 분할합니다.
2026-01-18 10:45:56,187 - INFO - 총 1692개 데이터를 훈련용 1353개, 테스트용 339개로 분할합니다 (split_seed=42).
2026-01-18 10:45:56,188 - INFO - 데이터셋 클래스: ['abnormal', 'normal'] (총 2개)
2026-01-18 10:45:56,189 - INFO - 훈련 데이터: 1353개, 검증 데이터: 339개, 테스트 데이터: 339개
2026-01-18 10:45:56,189 - INFO - Baseline 모델 'efficientnet_b0'을(를) 생성합니다 (사전 훈련 가중치: 미사용).
2026-01-18 10:45:56,708 - INFO - ==================================================
2026-01-18 10:45:56,709 - INFO - 모델 파라미터 수:
2026-01-18 10:45:56,709 - INFO -   - 총 파라미터: 4,010,110 개
2026-01-18 10:45:56,709 - INFO -   - 학습 가능한 파라미터: 4,010,110 개
2026-01-18 10:45:56,709 - INFO - ================================================================================
2026-01-18 10:45:56,709 - INFO - 단계 1/2: 사전 훈련(Pre-training)을 시작합니다.
2026-01-18 10:45:56,710 - INFO - ================================================================================
2026-01-18 10:45:56,710 - INFO - 옵티마이저: AdamW (lr=0.001, weight_decay=0.0001)
2026-01-18 10:45:56,712 - INFO - 스케줄러: CosineAnnealingLR (T_max=90, eta_min=0.0001)
2026-01-18 10:45:56,712 - INFO - ==================================================
2026-01-18 10:45:56,713 - INFO - train 모드를 시작합니다.
2026-01-18 10:45:56,713 - INFO - 손실 함수: CrossEntropyLoss (label_smoothing: 0.1)
2026-01-18 10:45:56,713 - INFO - Best metric을 초기값(inf)으로 설정합니다.
2026-01-18 10:45:56,713 - INFO - --------------------------------------------------
2026-01-18 10:45:56,716 - INFO - [LR]    [1/90] | Learning Rate: 0.001000
2026-01-18 10:46:07,404 - INFO - [Train] [1/90] | Loss: 0.5876 | Train Acc: 73.88%
2026-01-18 10:46:11,495 - INFO - [Valid] [1/90] | Loss: 0.5795 | Val Acc: 74.04%
2026-01-18 10:46:11,523 - INFO - [Metrics for 'abnormal'] | Precision: 0.8632 | Recall: 0.5223 | F1: 0.6508
2026-01-18 10:46:11,523 - INFO - [Metrics for 'normal'] | Precision: 0.6926 | Recall: 0.9286 | F1: 0.7934
2026-01-18 10:46:11,637 - INFO - [Best Model Saved] (val loss: 0.5795) -> 'log/Sewer-TAPNEW/baseline_efficientnet_b0_20260118_104555/best_model.pth'
2026-01-18 10:46:11,637 - INFO - --------------------------------------------------
2026-01-18 10:46:11,642 - INFO - [LR]    [2/90] | Learning Rate: 0.001000
2026-01-18 10:46:20,659 - INFO - [Train] [2/90] | Loss: 0.5509 | Train Acc: 78.94%
2026-01-18 10:46:23,429 - INFO - [Valid] [2/90] | Loss: 0.5833 | Val Acc: 70.80%
2026-01-18 10:46:23,449 - INFO - [Metrics for 'abnormal'] | Precision: 0.7959 | Recall: 0.4968 | F1: 0.6118
2026-01-18 10:46:23,450 - INFO - [Metrics for 'normal'] | Precision: 0.6722 | Recall: 0.8901 | F1: 0.7660
2026-01-18 10:46:23,456 - INFO - --------------------------------------------------
2026-01-18 10:46:23,460 - INFO - [LR]    [3/90] | Learning Rate: 0.000999
2026-01-18 10:46:32,699 - INFO - [Train] [3/90] | Loss: 0.5184 | Train Acc: 79.24%
2026-01-18 10:46:35,472 - INFO - [Valid] [3/90] | Loss: 0.5126 | Val Acc: 81.12%
2026-01-18 10:46:35,492 - INFO - [Metrics for 'abnormal'] | Precision: 0.8039 | Recall: 0.7834 | F1: 0.7935
2026-01-18 10:46:35,492 - INFO - [Metrics for 'normal'] | Precision: 0.8172 | Recall: 0.8352 | F1: 0.8261
2026-01-18 10:46:35,597 - INFO - [Best Model Saved] (val loss: 0.5126) -> 'log/Sewer-TAPNEW/baseline_efficientnet_b0_20260118_104555/best_model.pth'
2026-01-18 10:46:35,597 - INFO - --------------------------------------------------
2026-01-18 10:46:35,601 - INFO - [LR]    [4/90] | Learning Rate: 0.000998
2026-01-18 10:46:45,484 - INFO - [Train] [4/90] | Loss: 0.4780 | Train Acc: 82.29%
2026-01-18 10:46:48,188 - INFO - [Valid] [4/90] | Loss: 0.5260 | Val Acc: 79.65%
2026-01-18 10:46:48,207 - INFO - [Metrics for 'abnormal'] | Precision: 0.7821 | Recall: 0.7771 | F1: 0.7796
2026-01-18 10:46:48,207 - INFO - [Metrics for 'normal'] | Precision: 0.8087 | Recall: 0.8132 | F1: 0.8110
2026-01-18 10:46:48,214 - INFO - --------------------------------------------------
2026-01-18 10:46:48,217 - INFO - [LR]    [5/90] | Learning Rate: 0.000996
2026-01-18 10:46:58,705 - INFO - [Train] [5/90] | Loss: 0.4637 | Train Acc: 83.71%
2026-01-18 10:47:01,960 - INFO - [Valid] [5/90] | Loss: 0.4983 | Val Acc: 82.01%
2026-01-18 10:47:01,980 - INFO - [Metrics for 'abnormal'] | Precision: 0.8000 | Recall: 0.8153 | F1: 0.8076
2026-01-18 10:47:01,980 - INFO - [Metrics for 'normal'] | Precision: 0.8380 | Recall: 0.8242 | F1: 0.8310
2026-01-18 10:47:02,087 - INFO - [Best Model Saved] (val loss: 0.4983) -> 'log/Sewer-TAPNEW/baseline_efficientnet_b0_20260118_104555/best_model.pth'
2026-01-18 10:47:02,088 - INFO - --------------------------------------------------
2026-01-18 10:47:02,091 - INFO - [LR]    [6/90] | Learning Rate: 0.000993
2026-01-18 10:47:12,356 - INFO - [Train] [6/90] | Loss: 0.4403 | Train Acc: 85.27%
2026-01-18 10:47:15,993 - INFO - [Valid] [6/90] | Loss: 0.5743 | Val Acc: 79.06%
2026-01-18 10:47:16,013 - INFO - [Metrics for 'abnormal'] | Precision: 0.7688 | Recall: 0.7834 | F1: 0.7760
2026-01-18 10:47:16,013 - INFO - [Metrics for 'normal'] | Precision: 0.8101 | Recall: 0.7967 | F1: 0.8033
2026-01-18 10:47:16,020 - INFO - --------------------------------------------------
2026-01-18 10:47:16,023 - INFO - [LR]    [7/90] | Learning Rate: 0.000990
2026-01-18 10:47:28,236 - INFO - [Train] [7/90] | Loss: 0.4420 | Train Acc: 84.90%
2026-01-18 10:47:31,780 - INFO - [Valid] [7/90] | Loss: 0.4863 | Val Acc: 83.78%
2026-01-18 10:47:31,800 - INFO - [Metrics for 'abnormal'] | Precision: 0.8643 | Recall: 0.7707 | F1: 0.8148
2026-01-18 10:47:31,800 - INFO - [Metrics for 'normal'] | Precision: 0.8191 | Recall: 0.8956 | F1: 0.8556
2026-01-18 10:47:31,915 - INFO - [Best Model Saved] (val loss: 0.4863) -> 'log/Sewer-TAPNEW/baseline_efficientnet_b0_20260118_104555/best_model.pth'
2026-01-18 10:47:31,915 - INFO - --------------------------------------------------
2026-01-18 10:47:31,919 - INFO - [LR]    [8/90] | Learning Rate: 0.000987
2026-01-18 10:47:45,536 - INFO - [Train] [8/90] | Loss: 0.4234 | Train Acc: 86.53%
2026-01-18 10:47:49,880 - INFO - [Valid] [8/90] | Loss: 0.4842 | Val Acc: 80.83%
2026-01-18 10:47:49,912 - INFO - [Metrics for 'abnormal'] | Precision: 0.8067 | Recall: 0.7707 | F1: 0.7883
2026-01-18 10:47:49,913 - INFO - [Metrics for 'normal'] | Precision: 0.8095 | Recall: 0.8407 | F1: 0.8248
2026-01-18 10:47:50,085 - INFO - [Best Model Saved] (val loss: 0.4842) -> 'log/Sewer-TAPNEW/baseline_efficientnet_b0_20260118_104555/best_model.pth'
2026-01-18 10:47:50,086 - INFO - --------------------------------------------------
2026-01-18 10:47:50,096 - INFO - [LR]    [9/90] | Learning Rate: 0.000983
2026-01-18 10:48:03,044 - INFO - [Train] [9/90] | Loss: 0.4066 | Train Acc: 86.90%
2026-01-18 10:48:08,006 - INFO - [Valid] [9/90] | Loss: 0.4791 | Val Acc: 81.42%
2026-01-18 10:48:08,034 - INFO - [Metrics for 'abnormal'] | Precision: 0.7901 | Recall: 0.8153 | F1: 0.8025
2026-01-18 10:48:08,035 - INFO - [Metrics for 'normal'] | Precision: 0.8362 | Recall: 0.8132 | F1: 0.8245
2026-01-18 10:48:08,205 - INFO - [Best Model Saved] (val loss: 0.4791) -> 'log/Sewer-TAPNEW/baseline_efficientnet_b0_20260118_104555/best_model.pth'
2026-01-18 10:48:08,206 - INFO - --------------------------------------------------
2026-01-18 10:48:08,220 - INFO - [LR]    [10/90] | Learning Rate: 0.000978
2026-01-18 10:48:21,819 - INFO - [Train] [10/90] | Loss: 0.3861 | Train Acc: 88.17%
2026-01-18 10:48:26,137 - INFO - [Valid] [10/90] | Loss: 0.4968 | Val Acc: 78.17%
2026-01-18 10:48:26,166 - INFO - [Metrics for 'abnormal'] | Precision: 0.8029 | Recall: 0.7006 | F1: 0.7483
2026-01-18 10:48:26,167 - INFO - [Metrics for 'normal'] | Precision: 0.7673 | Recall: 0.8516 | F1: 0.8073
2026-01-18 10:48:26,178 - INFO - --------------------------------------------------
2026-01-18 10:48:26,184 - INFO - [LR]    [11/90] | Learning Rate: 0.000973
2026-01-18 10:48:40,323 - INFO - [Train] [11/90] | Loss: 0.3815 | Train Acc: 88.47%
2026-01-18 10:48:45,065 - INFO - [Valid] [11/90] | Loss: 0.5595 | Val Acc: 78.17%
2026-01-18 10:48:45,095 - INFO - [Metrics for 'abnormal'] | Precision: 0.7107 | Recall: 0.8917 | F1: 0.7910
2026-01-18 10:48:45,095 - INFO - [Metrics for 'normal'] | Precision: 0.8803 | Recall: 0.6868 | F1: 0.7716
2026-01-18 10:48:45,105 - INFO - --------------------------------------------------
2026-01-18 10:48:45,112 - INFO - [LR]    [12/90] | Learning Rate: 0.000967
2026-01-18 10:48:59,354 - INFO - [Train] [12/90] | Loss: 0.3924 | Train Acc: 88.32%
2026-01-18 10:49:03,706 - INFO - [Valid] [12/90] | Loss: 0.5126 | Val Acc: 77.29%
2026-01-18 10:49:03,731 - INFO - [Metrics for 'abnormal'] | Precision: 0.7740 | Recall: 0.7197 | F1: 0.7459
2026-01-18 10:49:03,731 - INFO - [Metrics for 'normal'] | Precision: 0.7720 | Recall: 0.8187 | F1: 0.7947
2026-01-18 10:49:03,738 - INFO - --------------------------------------------------
2026-01-18 10:49:03,742 - INFO - [LR]    [13/90] | Learning Rate: 0.000961
2026-01-18 10:49:17,103 - INFO - [Train] [13/90] | Loss: 0.3735 | Train Acc: 89.51%
2026-01-18 10:49:21,355 - INFO - [Valid] [13/90] | Loss: 0.5207 | Val Acc: 78.76%
2026-01-18 10:49:21,379 - INFO - [Metrics for 'abnormal'] | Precision: 0.8244 | Recall: 0.6879 | F1: 0.7500
2026-01-18 10:49:21,379 - INFO - [Metrics for 'normal'] | Precision: 0.7644 | Recall: 0.8736 | F1: 0.8154
2026-01-18 10:49:21,387 - INFO - --------------------------------------------------
2026-01-18 10:49:21,391 - INFO - [LR]    [14/90] | Learning Rate: 0.000954
2026-01-18 10:49:35,871 - INFO - [Train] [14/90] | Loss: 0.3556 | Train Acc: 90.62%
2026-01-18 10:49:39,984 - INFO - [Valid] [14/90] | Loss: 0.4851 | Val Acc: 82.89%
2026-01-18 10:49:40,015 - INFO - [Metrics for 'abnormal'] | Precision: 0.7861 | Recall: 0.8662 | F1: 0.8242
2026-01-18 10:49:40,015 - INFO - [Metrics for 'normal'] | Precision: 0.8735 | Recall: 0.7967 | F1: 0.8333
2026-01-18 10:49:40,026 - INFO - --------------------------------------------------
2026-01-18 10:49:40,033 - INFO - [LR]    [15/90] | Learning Rate: 0.000947
2026-01-18 10:49:54,436 - INFO - [Train] [15/90] | Loss: 0.3541 | Train Acc: 90.77%
2026-01-18 10:49:58,376 - INFO - [Valid] [15/90] | Loss: 0.5293 | Val Acc: 80.83%
2026-01-18 10:49:58,416 - INFO - [Metrics for 'abnormal'] | Precision: 0.8594 | Recall: 0.7006 | F1: 0.7719
2026-01-18 10:49:58,417 - INFO - [Metrics for 'normal'] | Precision: 0.7773 | Recall: 0.9011 | F1: 0.8346
2026-01-18 10:49:58,428 - INFO - --------------------------------------------------
2026-01-18 10:49:58,435 - INFO - [LR]    [16/90] | Learning Rate: 0.000940
2026-01-18 10:50:12,928 - INFO - [Train] [16/90] | Loss: 0.3453 | Train Acc: 91.82%
2026-01-18 10:50:17,304 - INFO - [Valid] [16/90] | Loss: 0.4905 | Val Acc: 85.55%
2026-01-18 10:50:17,354 - INFO - [Metrics for 'abnormal'] | Precision: 0.8649 | Recall: 0.8153 | F1: 0.8393
2026-01-18 10:50:17,355 - INFO - [Metrics for 'normal'] | Precision: 0.8482 | Recall: 0.8901 | F1: 0.8686
2026-01-18 10:50:17,367 - INFO - --------------------------------------------------
2026-01-18 10:50:17,374 - INFO - [LR]    [17/90] | Learning Rate: 0.000932
2026-01-18 10:50:31,168 - INFO - [Train] [17/90] | Loss: 0.3217 | Train Acc: 92.56%
2026-01-18 10:50:36,208 - INFO - [Valid] [17/90] | Loss: 0.5131 | Val Acc: 83.78%
2026-01-18 10:50:36,250 - INFO - [Metrics for 'abnormal'] | Precision: 0.7898 | Recall: 0.8854 | F1: 0.8348
2026-01-18 10:50:36,252 - INFO - [Metrics for 'normal'] | Precision: 0.8896 | Recall: 0.7967 | F1: 0.8406
2026-01-18 10:50:36,264 - INFO - --------------------------------------------------
2026-01-18 10:50:36,272 - INFO - [LR]    [18/90] | Learning Rate: 0.000923
2026-01-18 10:50:51,052 - INFO - [Train] [18/90] | Loss: 0.3268 | Train Acc: 93.08%
2026-01-18 10:50:55,028 - INFO - [Valid] [18/90] | Loss: 0.4860 | Val Acc: 84.07%
2026-01-18 10:50:55,062 - INFO - [Metrics for 'abnormal'] | Precision: 0.7977 | Recall: 0.8790 | F1: 0.8364
2026-01-18 10:50:55,063 - INFO - [Metrics for 'normal'] | Precision: 0.8855 | Recall: 0.8077 | F1: 0.8448
2026-01-18 10:50:55,078 - INFO - --------------------------------------------------
2026-01-18 10:50:55,085 - INFO - [LR]    [19/90] | Learning Rate: 0.000914
2026-01-18 10:51:09,129 - INFO - [Train] [19/90] | Loss: 0.3144 | Train Acc: 93.60%
2026-01-18 10:51:13,265 - INFO - [Valid] [19/90] | Loss: 0.5176 | Val Acc: 82.60%
2026-01-18 10:51:13,316 - INFO - [Metrics for 'abnormal'] | Precision: 0.7816 | Recall: 0.8662 | F1: 0.8218
2026-01-18 10:51:13,316 - INFO - [Metrics for 'normal'] | Precision: 0.8727 | Recall: 0.7912 | F1: 0.8300
2026-01-18 10:51:13,326 - INFO - --------------------------------------------------
2026-01-18 10:51:13,331 - INFO - [LR]    [20/90] | Learning Rate: 0.000905
2026-01-18 10:51:27,696 - INFO - [Train] [20/90] | Loss: 0.3187 | Train Acc: 93.45%
2026-01-18 10:51:32,602 - INFO - [Valid] [20/90] | Loss: 0.4997 | Val Acc: 83.78%
2026-01-18 10:51:32,631 - INFO - [Metrics for 'abnormal'] | Precision: 0.8312 | Recall: 0.8153 | F1: 0.8232
2026-01-18 10:51:32,631 - INFO - [Metrics for 'normal'] | Precision: 0.8432 | Recall: 0.8571 | F1: 0.8501
2026-01-18 10:51:32,642 - INFO - --------------------------------------------------
2026-01-18 10:51:32,649 - INFO - [LR]    [21/90] | Learning Rate: 0.000895
2026-01-18 10:51:46,097 - INFO - [Train] [21/90] | Loss: 0.2749 | Train Acc: 96.35%
2026-01-18 10:51:51,615 - INFO - [Valid] [21/90] | Loss: 0.5210 | Val Acc: 82.89%
2026-01-18 10:51:51,642 - INFO - [Metrics for 'abnormal'] | Precision: 0.8037 | Recall: 0.8344 | F1: 0.8187
2026-01-18 10:51:51,642 - INFO - [Metrics for 'normal'] | Precision: 0.8523 | Recall: 0.8242 | F1: 0.8380
2026-01-18 10:51:51,652 - INFO - --------------------------------------------------
2026-01-18 10:51:51,658 - INFO - [LR]    [22/90] | Learning Rate: 0.000884
2026-01-18 10:52:05,078 - INFO - [Train] [22/90] | Loss: 0.3251 | Train Acc: 92.78%
2026-01-18 10:52:10,049 - INFO - [Valid] [22/90] | Loss: 0.5030 | Val Acc: 84.07%
2026-01-18 10:52:10,079 - INFO - [Metrics for 'abnormal'] | Precision: 0.8552 | Recall: 0.7898 | F1: 0.8212
2026-01-18 10:52:10,079 - INFO - [Metrics for 'normal'] | Precision: 0.8299 | Recall: 0.8846 | F1: 0.8564
2026-01-18 10:52:10,089 - INFO - --------------------------------------------------
2026-01-18 10:52:10,096 - INFO - [LR]    [23/90] | Learning Rate: 0.000874
2026-01-18 10:52:23,195 - INFO - [Train] [23/90] | Loss: 0.2928 | Train Acc: 95.09%
2026-01-18 10:52:27,990 - INFO - [Valid] [23/90] | Loss: 0.5160 | Val Acc: 81.42%
2026-01-18 10:52:28,018 - INFO - [Metrics for 'abnormal'] | Precision: 0.8310 | Recall: 0.7516 | F1: 0.7893
2026-01-18 10:52:28,019 - INFO - [Metrics for 'normal'] | Precision: 0.8020 | Recall: 0.8681 | F1: 0.8338
2026-01-18 10:52:28,028 - INFO - --------------------------------------------------
2026-01-18 10:52:28,035 - INFO - [LR]    [24/90] | Learning Rate: 0.000863
2026-01-18 10:52:41,301 - INFO - [Train] [24/90] | Loss: 0.2797 | Train Acc: 95.76%
2026-01-18 10:52:46,144 - INFO - [Valid] [24/90] | Loss: 0.5194 | Val Acc: 81.42%
2026-01-18 10:52:46,177 - INFO - [Metrics for 'abnormal'] | Precision: 0.7474 | Recall: 0.9045 | F1: 0.8184
2026-01-18 10:52:46,178 - INFO - [Metrics for 'normal'] | Precision: 0.8993 | Recall: 0.7363 | F1: 0.8097
2026-01-18 10:52:46,192 - INFO - --------------------------------------------------
2026-01-18 10:52:46,197 - INFO - [LR]    [25/90] | Learning Rate: 0.000851
2026-01-18 10:52:59,570 - INFO - [Train] [25/90] | Loss: 0.2943 | Train Acc: 94.27%
2026-01-18 10:53:04,223 - INFO - [Valid] [25/90] | Loss: 0.4927 | Val Acc: 82.30%
2026-01-18 10:53:04,252 - INFO - [Metrics for 'abnormal'] | Precision: 0.7836 | Recall: 0.8535 | F1: 0.8171
2026-01-18 10:53:04,253 - INFO - [Metrics for 'normal'] | Precision: 0.8631 | Recall: 0.7967 | F1: 0.8286
2026-01-18 10:53:04,263 - INFO - --------------------------------------------------
2026-01-18 10:53:04,269 - INFO - [LR]    [26/90] | Learning Rate: 0.000839
2026-01-18 10:53:17,567 - INFO - [Train] [26/90] | Loss: 0.2942 | Train Acc: 95.01%
2026-01-18 10:53:22,555 - INFO - [Valid] [26/90] | Loss: 0.5270 | Val Acc: 84.07%
2026-01-18 10:53:22,585 - INFO - [Metrics for 'abnormal'] | Precision: 0.8552 | Recall: 0.7898 | F1: 0.8212
2026-01-18 10:53:22,586 - INFO - [Metrics for 'normal'] | Precision: 0.8299 | Recall: 0.8846 | F1: 0.8564
2026-01-18 10:53:22,598 - INFO - --------------------------------------------------
2026-01-18 10:53:22,604 - INFO - [LR]    [27/90] | Learning Rate: 0.000827
2026-01-18 10:53:35,878 - INFO - [Train] [27/90] | Loss: 0.2914 | Train Acc: 94.87%
2026-01-18 10:53:41,244 - INFO - [Valid] [27/90] | Loss: 0.5497 | Val Acc: 81.71%
2026-01-18 10:53:41,273 - INFO - [Metrics for 'abnormal'] | Precision: 0.8065 | Recall: 0.7962 | F1: 0.8013
2026-01-18 10:53:41,273 - INFO - [Metrics for 'normal'] | Precision: 0.8261 | Recall: 0.8352 | F1: 0.8306
2026-01-18 10:53:41,283 - INFO - --------------------------------------------------
2026-01-18 10:53:41,289 - INFO - [LR]    [28/90] | Learning Rate: 0.000815
2026-01-18 10:53:55,471 - INFO - [Train] [28/90] | Loss: 0.2687 | Train Acc: 96.58%
2026-01-18 10:54:00,102 - INFO - [Valid] [28/90] | Loss: 0.5403 | Val Acc: 81.12%
2026-01-18 10:54:00,131 - INFO - [Metrics for 'abnormal'] | Precision: 0.8550 | Recall: 0.7134 | F1: 0.7778
2026-01-18 10:54:00,132 - INFO - [Metrics for 'normal'] | Precision: 0.7837 | Recall: 0.8956 | F1: 0.8359
2026-01-18 10:54:00,141 - INFO - --------------------------------------------------
2026-01-18 10:54:00,148 - INFO - [LR]    [29/90] | Learning Rate: 0.000802
2026-01-18 10:54:13,756 - INFO - [Train] [29/90] | Loss: 0.2731 | Train Acc: 96.28%
2026-01-18 10:54:18,584 - INFO - [Valid] [29/90] | Loss: 0.5488 | Val Acc: 82.30%
2026-01-18 10:54:18,612 - INFO - [Metrics for 'abnormal'] | Precision: 0.8170 | Recall: 0.7962 | F1: 0.8065
2026-01-18 10:54:18,612 - INFO - [Metrics for 'normal'] | Precision: 0.8280 | Recall: 0.8462 | F1: 0.8370
2026-01-18 10:54:18,621 - INFO - --------------------------------------------------
2026-01-18 10:54:18,627 - INFO - [LR]    [30/90] | Learning Rate: 0.000788
2026-01-18 10:54:32,536 - INFO - [Train] [30/90] | Loss: 0.2821 | Train Acc: 96.21%
2026-01-18 10:54:36,858 - INFO - [Valid] [30/90] | Loss: 0.5458 | Val Acc: 80.53%
2026-01-18 10:54:36,885 - INFO - [Metrics for 'abnormal'] | Precision: 0.7935 | Recall: 0.7834 | F1: 0.7885
2026-01-18 10:54:36,885 - INFO - [Metrics for 'normal'] | Precision: 0.8152 | Recall: 0.8242 | F1: 0.8197
2026-01-18 10:54:36,895 - INFO - --------------------------------------------------
2026-01-18 10:54:36,901 - INFO - [LR]    [31/90] | Learning Rate: 0.000775
2026-01-18 10:54:51,110 - INFO - [Train] [31/90] | Loss: 0.2692 | Train Acc: 95.91%
2026-01-18 10:54:55,110 - INFO - [Valid] [31/90] | Loss: 0.5209 | Val Acc: 80.83%
2026-01-18 10:54:55,136 - INFO - [Metrics for 'abnormal'] | Precision: 0.8485 | Recall: 0.7134 | F1: 0.7751
2026-01-18 10:54:55,138 - INFO - [Metrics for 'normal'] | Precision: 0.7826 | Recall: 0.8901 | F1: 0.8329
2026-01-18 10:54:55,149 - INFO - --------------------------------------------------
2026-01-18 10:54:55,155 - INFO - [LR]    [32/90] | Learning Rate: 0.000761
2026-01-18 10:55:09,854 - INFO - [Train] [32/90] | Loss: 0.2579 | Train Acc: 97.02%
2026-01-18 10:55:13,794 - INFO - [Valid] [32/90] | Loss: 0.5473 | Val Acc: 82.30%
2026-01-18 10:55:13,822 - INFO - [Metrics for 'abnormal'] | Precision: 0.8299 | Recall: 0.7771 | F1: 0.8026
2026-01-18 10:55:13,822 - INFO - [Metrics for 'normal'] | Precision: 0.8177 | Recall: 0.8626 | F1: 0.8396
2026-01-18 10:55:13,832 - INFO - --------------------------------------------------
2026-01-18 10:55:13,838 - INFO - [LR]    [33/90] | Learning Rate: 0.000747
2026-01-18 10:55:28,149 - INFO - [Train] [33/90] | Loss: 0.2591 | Train Acc: 96.65%
2026-01-18 10:55:31,931 - INFO - [Valid] [33/90] | Loss: 0.5717 | Val Acc: 82.01%
2026-01-18 10:55:31,958 - INFO - [Metrics for 'abnormal'] | Precision: 0.8077 | Recall: 0.8025 | F1: 0.8051
2026-01-18 10:55:31,959 - INFO - [Metrics for 'normal'] | Precision: 0.8306 | Recall: 0.8352 | F1: 0.8329
2026-01-18 10:55:31,969 - INFO - --------------------------------------------------
2026-01-18 10:55:31,975 - INFO - [LR]    [34/90] | Learning Rate: 0.000733
2026-01-18 10:55:46,182 - INFO - [Train] [34/90] | Loss: 0.2451 | Train Acc: 97.69%
2026-01-18 10:55:49,919 - INFO - [Valid] [34/90] | Loss: 0.5850 | Val Acc: 80.24%
2026-01-18 10:55:49,948 - INFO - [Metrics for 'abnormal'] | Precision: 0.7446 | Recall: 0.8726 | F1: 0.8035
2026-01-18 10:55:49,949 - INFO - [Metrics for 'normal'] | Precision: 0.8710 | Recall: 0.7418 | F1: 0.8012
2026-01-18 10:55:49,961 - INFO - --------------------------------------------------
2026-01-18 10:55:49,967 - INFO - [LR]    [35/90] | Learning Rate: 0.000719
2026-01-18 10:56:04,837 - INFO - [Train] [35/90] | Loss: 0.2579 | Train Acc: 97.32%
2026-01-18 10:56:08,662 - INFO - [Valid] [35/90] | Loss: 0.5283 | Val Acc: 84.37%
2026-01-18 10:56:08,681 - INFO - [Metrics for 'abnormal'] | Precision: 0.8377 | Recall: 0.8217 | F1: 0.8296
2026-01-18 10:56:08,682 - INFO - [Metrics for 'normal'] | Precision: 0.8486 | Recall: 0.8626 | F1: 0.8556
2026-01-18 10:56:08,688 - INFO - --------------------------------------------------
2026-01-18 10:56:08,691 - INFO - [LR]    [36/90] | Learning Rate: 0.000704
2026-01-18 10:56:22,591 - INFO - [Train] [36/90] | Loss: 0.2489 | Train Acc: 97.32%
2026-01-18 10:56:26,250 - INFO - [Valid] [36/90] | Loss: 0.5576 | Val Acc: 81.42%
2026-01-18 10:56:26,277 - INFO - [Metrics for 'abnormal'] | Precision: 0.8133 | Recall: 0.7771 | F1: 0.7948
2026-01-18 10:56:26,278 - INFO - [Metrics for 'normal'] | Precision: 0.8148 | Recall: 0.8462 | F1: 0.8302
2026-01-18 10:56:26,287 - INFO - --------------------------------------------------
2026-01-18 10:56:26,292 - INFO - [LR]    [37/90] | Learning Rate: 0.000689
2026-01-18 10:56:40,749 - INFO - [Train] [37/90] | Loss: 0.2384 | Train Acc: 97.99%
2026-01-18 10:56:44,406 - INFO - [Valid] [37/90] | Loss: 0.5512 | Val Acc: 82.89%
2026-01-18 10:56:44,435 - INFO - [Metrics for 'abnormal'] | Precision: 0.7964 | Recall: 0.8471 | F1: 0.8210
2026-01-18 10:56:44,435 - INFO - [Metrics for 'normal'] | Precision: 0.8605 | Recall: 0.8132 | F1: 0.8362
2026-01-18 10:56:44,445 - INFO - --------------------------------------------------
2026-01-18 10:56:44,452 - INFO - [LR]    [38/90] | Learning Rate: 0.000674
2026-01-18 10:56:59,287 - INFO - [Train] [38/90] | Loss: 0.2435 | Train Acc: 97.92%
2026-01-18 10:57:02,979 - INFO - [Valid] [38/90] | Loss: 0.5946 | Val Acc: 82.30%
2026-01-18 10:57:03,006 - INFO - [Metrics for 'abnormal'] | Precision: 0.7680 | Recall: 0.8854 | F1: 0.8225
2026-01-18 10:57:03,007 - INFO - [Metrics for 'normal'] | Precision: 0.8861 | Recall: 0.7692 | F1: 0.8235
2026-01-18 10:57:03,016 - INFO - --------------------------------------------------
2026-01-18 10:57:03,022 - INFO - [LR]    [39/90] | Learning Rate: 0.000659
2026-01-18 10:57:18,191 - INFO - [Train] [39/90] | Loss: 0.2310 | Train Acc: 98.29%
2026-01-18 10:57:21,848 - INFO - [Valid] [39/90] | Loss: 0.5800 | Val Acc: 82.30%
2026-01-18 10:57:21,883 - INFO - [Metrics for 'abnormal'] | Precision: 0.8050 | Recall: 0.8153 | F1: 0.8101
2026-01-18 10:57:21,884 - INFO - [Metrics for 'normal'] | Precision: 0.8389 | Recall: 0.8297 | F1: 0.8343
2026-01-18 10:57:21,896 - INFO - --------------------------------------------------
2026-01-18 10:57:21,902 - INFO - [LR]    [40/90] | Learning Rate: 0.000644
2026-01-18 10:57:35,703 - INFO - [Train] [40/90] | Loss: 0.2279 | Train Acc: 98.44%
2026-01-18 10:57:39,365 - INFO - [Valid] [40/90] | Loss: 0.5641 | Val Acc: 80.83%
2026-01-18 10:57:39,394 - INFO - [Metrics for 'abnormal'] | Precision: 0.8239 | Recall: 0.7452 | F1: 0.7826
2026-01-18 10:57:39,395 - INFO - [Metrics for 'normal'] | Precision: 0.7970 | Recall: 0.8626 | F1: 0.8285
2026-01-18 10:57:39,406 - INFO - --------------------------------------------------
2026-01-18 10:57:39,414 - INFO - [LR]    [41/90] | Learning Rate: 0.000628
2026-01-18 10:57:53,355 - INFO - [Train] [41/90] | Loss: 0.2427 | Train Acc: 97.84%
2026-01-18 10:57:57,215 - INFO - [Valid] [41/90] | Loss: 0.5420 | Val Acc: 83.19%
2026-01-18 10:57:57,242 - INFO - [Metrics for 'abnormal'] | Precision: 0.8289 | Recall: 0.8025 | F1: 0.8155
2026-01-18 10:57:57,243 - INFO - [Metrics for 'normal'] | Precision: 0.8342 | Recall: 0.8571 | F1: 0.8455
2026-01-18 10:57:57,255 - INFO - --------------------------------------------------
2026-01-18 10:57:57,262 - INFO - [LR]    [42/90] | Learning Rate: 0.000613
2026-01-18 10:58:11,529 - INFO - [Train] [42/90] | Loss: 0.2335 | Train Acc: 97.84%
2026-01-18 10:58:15,164 - INFO - [Valid] [42/90] | Loss: 0.5923 | Val Acc: 81.12%
2026-01-18 10:58:15,189 - INFO - [Metrics for 'abnormal'] | Precision: 0.7569 | Recall: 0.8726 | F1: 0.8107
2026-01-18 10:58:15,190 - INFO - [Metrics for 'normal'] | Precision: 0.8734 | Recall: 0.7582 | F1: 0.8118
2026-01-18 10:58:15,199 - INFO - --------------------------------------------------
2026-01-18 10:58:15,205 - INFO - [LR]    [43/90] | Learning Rate: 0.000597
2026-01-18 10:58:29,316 - INFO - [Train] [43/90] | Loss: 0.2312 | Train Acc: 98.59%
2026-01-18 10:58:33,406 - INFO - [Valid] [43/90] | Loss: 0.5569 | Val Acc: 81.42%
2026-01-18 10:58:33,433 - INFO - [Metrics for 'abnormal'] | Precision: 0.8456 | Recall: 0.7325 | F1: 0.7850
2026-01-18 10:58:33,433 - INFO - [Metrics for 'normal'] | Precision: 0.7931 | Recall: 0.8846 | F1: 0.8364
2026-01-18 10:58:33,444 - INFO - --------------------------------------------------
2026-01-18 10:58:33,449 - INFO - [LR]    [44/90] | Learning Rate: 0.000581
2026-01-18 10:58:47,182 - INFO - [Train] [44/90] | Loss: 0.2207 | Train Acc: 98.88%
2026-01-18 10:58:51,466 - INFO - [Valid] [44/90] | Loss: 0.5356 | Val Acc: 82.89%
2026-01-18 10:58:51,493 - INFO - [Metrics for 'abnormal'] | Precision: 0.7861 | Recall: 0.8662 | F1: 0.8242
2026-01-18 10:58:51,494 - INFO - [Metrics for 'normal'] | Precision: 0.8735 | Recall: 0.7967 | F1: 0.8333
2026-01-18 10:58:51,503 - INFO - --------------------------------------------------
2026-01-18 10:58:51,509 - INFO - [LR]    [45/90] | Learning Rate: 0.000566
2026-01-18 10:59:05,258 - INFO - [Train] [45/90] | Loss: 0.2191 | Train Acc: 98.96%
2026-01-18 10:59:09,577 - INFO - [Valid] [45/90] | Loss: 0.5805 | Val Acc: 83.78%
2026-01-18 10:59:09,604 - INFO - [Metrics for 'abnormal'] | Precision: 0.8446 | Recall: 0.7962 | F1: 0.8197
2026-01-18 10:59:09,604 - INFO - [Metrics for 'normal'] | Precision: 0.8325 | Recall: 0.8736 | F1: 0.8525
2026-01-18 10:59:09,614 - INFO - --------------------------------------------------
2026-01-18 10:59:09,619 - INFO - [LR]    [46/90] | Learning Rate: 0.000550
2026-01-18 10:59:23,172 - INFO - [Train] [46/90] | Loss: 0.2119 | Train Acc: 99.26%
2026-01-18 10:59:27,742 - INFO - [Valid] [46/90] | Loss: 0.5853 | Val Acc: 82.60%
2026-01-18 10:59:27,770 - INFO - [Metrics for 'abnormal'] | Precision: 0.8403 | Recall: 0.7707 | F1: 0.8040
2026-01-18 10:59:27,770 - INFO - [Metrics for 'normal'] | Precision: 0.8154 | Recall: 0.8736 | F1: 0.8435
2026-01-18 10:59:27,780 - INFO - --------------------------------------------------
2026-01-18 10:59:27,786 - INFO - [LR]    [47/90] | Learning Rate: 0.000534
2026-01-18 10:59:41,166 - INFO - [Train] [47/90] | Loss: 0.2182 | Train Acc: 99.11%
2026-01-18 10:59:45,627 - INFO - [Valid] [47/90] | Loss: 0.6005 | Val Acc: 83.48%
2026-01-18 10:59:45,653 - INFO - [Metrics for 'abnormal'] | Precision: 0.8061 | Recall: 0.8471 | F1: 0.8261
2026-01-18 10:59:45,654 - INFO - [Metrics for 'normal'] | Precision: 0.8621 | Recall: 0.8242 | F1: 0.8427
2026-01-18 10:59:45,663 - INFO - --------------------------------------------------
2026-01-18 10:59:45,669 - INFO - [LR]    [48/90] | Learning Rate: 0.000519
2026-01-18 10:59:59,212 - INFO - [Train] [48/90] | Loss: 0.2125 | Train Acc: 99.40%
2026-01-18 11:00:03,705 - INFO - [Valid] [48/90] | Loss: 0.5311 | Val Acc: 85.84%
2026-01-18 11:00:03,731 - INFO - [Metrics for 'abnormal'] | Precision: 0.8516 | Recall: 0.8408 | F1: 0.8462
2026-01-18 11:00:03,732 - INFO - [Metrics for 'normal'] | Precision: 0.8641 | Recall: 0.8736 | F1: 0.8689
2026-01-18 11:00:03,742 - INFO - --------------------------------------------------
2026-01-18 11:00:03,748 - INFO - [LR]    [49/90] | Learning Rate: 0.000503
2026-01-18 11:00:17,141 - INFO - [Train] [49/90] | Loss: 0.2165 | Train Acc: 99.26%
2026-01-18 11:00:21,320 - INFO - [Valid] [49/90] | Loss: 0.5435 | Val Acc: 85.25%
2026-01-18 11:00:21,348 - INFO - [Metrics for 'abnormal'] | Precision: 0.8323 | Recall: 0.8535 | F1: 0.8428
2026-01-18 11:00:21,348 - INFO - [Metrics for 'normal'] | Precision: 0.8708 | Recall: 0.8516 | F1: 0.8611
2026-01-18 11:00:21,359 - INFO - --------------------------------------------------
2026-01-18 11:00:21,365 - INFO - [LR]    [50/90] | Learning Rate: 0.000487
2026-01-18 11:00:35,686 - INFO - [Train] [50/90] | Loss: 0.2217 | Train Acc: 98.81%
2026-01-18 11:00:40,278 - INFO - [Valid] [50/90] | Loss: 0.5687 | Val Acc: 83.78%
2026-01-18 11:00:40,305 - INFO - [Metrics for 'abnormal'] | Precision: 0.7865 | Recall: 0.8917 | F1: 0.8358
2026-01-18 11:00:40,306 - INFO - [Metrics for 'normal'] | Precision: 0.8944 | Recall: 0.7912 | F1: 0.8397
2026-01-18 11:00:40,315 - INFO - --------------------------------------------------
2026-01-18 11:00:40,321 - INFO - [LR]    [51/90] | Learning Rate: 0.000472
2026-01-18 11:00:54,062 - INFO - [Train] [51/90] | Loss: 0.2333 | Train Acc: 98.36%
2026-01-18 11:00:58,395 - INFO - [Valid] [51/90] | Loss: 0.5776 | Val Acc: 82.60%
2026-01-18 11:00:58,424 - INFO - [Metrics for 'abnormal'] | Precision: 0.7882 | Recall: 0.8535 | F1: 0.8196
2026-01-18 11:00:58,424 - INFO - [Metrics for 'normal'] | Precision: 0.8639 | Recall: 0.8022 | F1: 0.8319
2026-01-18 11:00:58,434 - INFO - --------------------------------------------------
2026-01-18 11:00:58,440 - INFO - [LR]    [52/90] | Learning Rate: 0.000456
2026-01-18 11:01:11,763 - INFO - [Train] [52/90] | Loss: 0.2242 | Train Acc: 98.66%
2026-01-18 11:01:16,249 - INFO - [Valid] [52/90] | Loss: 0.5648 | Val Acc: 83.19%
2026-01-18 11:01:16,278 - INFO - [Metrics for 'abnormal'] | Precision: 0.8247 | Recall: 0.8089 | F1: 0.8167
2026-01-18 11:01:16,279 - INFO - [Metrics for 'normal'] | Precision: 0.8378 | Recall: 0.8516 | F1: 0.8447
2026-01-18 11:01:16,288 - INFO - --------------------------------------------------
2026-01-18 11:01:16,294 - INFO - [LR]    [53/90] | Learning Rate: 0.000441
2026-01-18 11:01:29,302 - INFO - [Train] [53/90] | Loss: 0.2113 | Train Acc: 99.40%
2026-01-18 11:01:33,746 - INFO - [Valid] [53/90] | Loss: 0.5499 | Val Acc: 84.96%
2026-01-18 11:01:33,774 - INFO - [Metrics for 'abnormal'] | Precision: 0.8313 | Recall: 0.8471 | F1: 0.8391
2026-01-18 11:01:33,775 - INFO - [Metrics for 'normal'] | Precision: 0.8659 | Recall: 0.8516 | F1: 0.8587
2026-01-18 11:01:33,784 - INFO - --------------------------------------------------
2026-01-18 11:01:33,790 - INFO - [LR]    [54/90] | Learning Rate: 0.000426
2026-01-18 11:01:46,691 - INFO - [Train] [54/90] | Loss: 0.2157 | Train Acc: 99.26%
2026-01-18 11:01:51,183 - INFO - [Valid] [54/90] | Loss: 0.5421 | Val Acc: 84.07%
2026-01-18 11:01:51,203 - INFO - [Metrics for 'abnormal'] | Precision: 0.8323 | Recall: 0.8217 | F1: 0.8269
2026-01-18 11:01:51,204 - INFO - [Metrics for 'normal'] | Precision: 0.8478 | Recall: 0.8571 | F1: 0.8525
2026-01-18 11:01:51,211 - INFO - --------------------------------------------------
2026-01-18 11:01:51,215 - INFO - [LR]    [55/90] | Learning Rate: 0.000411
2026-01-18 11:02:04,859 - INFO - [Train] [55/90] | Loss: 0.2138 | Train Acc: 99.48%
2026-01-18 11:02:09,484 - INFO - [Valid] [55/90] | Loss: 0.5792 | Val Acc: 83.19%
2026-01-18 11:02:09,515 - INFO - [Metrics for 'abnormal'] | Precision: 0.8289 | Recall: 0.8025 | F1: 0.8155
2026-01-18 11:02:09,515 - INFO - [Metrics for 'normal'] | Precision: 0.8342 | Recall: 0.8571 | F1: 0.8455
2026-01-18 11:02:09,525 - INFO - --------------------------------------------------
2026-01-18 11:02:09,532 - INFO - [LR]    [56/90] | Learning Rate: 0.000396
2026-01-18 11:02:23,447 - INFO - [Train] [56/90] | Loss: 0.2128 | Train Acc: 99.11%
2026-01-18 11:02:27,304 - INFO - [Valid] [56/90] | Loss: 0.5716 | Val Acc: 82.01%
2026-01-18 11:02:27,334 - INFO - [Metrics for 'abnormal'] | Precision: 0.8038 | Recall: 0.8089 | F1: 0.8063
2026-01-18 11:02:27,335 - INFO - [Metrics for 'normal'] | Precision: 0.8343 | Recall: 0.8297 | F1: 0.8320
2026-01-18 11:02:27,345 - INFO - --------------------------------------------------
2026-01-18 11:02:27,351 - INFO - [LR]    [57/90] | Learning Rate: 0.000381
2026-01-18 11:02:41,698 - INFO - [Train] [57/90] | Loss: 0.2116 | Train Acc: 99.33%
2026-01-18 11:02:45,943 - INFO - [Valid] [57/90] | Loss: 0.5671 | Val Acc: 83.19%
2026-01-18 11:02:46,006 - INFO - [Metrics for 'abnormal'] | Precision: 0.8165 | Recall: 0.8217 | F1: 0.8190
2026-01-18 11:02:46,007 - INFO - [Metrics for 'normal'] | Precision: 0.8453 | Recall: 0.8407 | F1: 0.8430
2026-01-18 11:02:46,023 - INFO - --------------------------------------------------
2026-01-18 11:02:46,032 - INFO - [LR]    [58/90] | Learning Rate: 0.000367
2026-01-18 11:03:00,696 - INFO - [Train] [58/90] | Loss: 0.2062 | Train Acc: 99.70%
2026-01-18 11:03:04,938 - INFO - [Valid] [58/90] | Loss: 0.5722 | Val Acc: 83.48%
2026-01-18 11:03:04,974 - INFO - [Metrics for 'abnormal'] | Precision: 0.8137 | Recall: 0.8344 | F1: 0.8239
2026-01-18 11:03:04,976 - INFO - [Metrics for 'normal'] | Precision: 0.8539 | Recall: 0.8352 | F1: 0.8444
2026-01-18 11:03:04,988 - INFO - --------------------------------------------------
2026-01-18 11:03:04,996 - INFO - [LR]    [59/90] | Learning Rate: 0.000353
2026-01-18 11:03:18,962 - INFO - [Train] [59/90] | Loss: 0.2078 | Train Acc: 99.48%
2026-01-18 11:03:23,252 - INFO - [Valid] [59/90] | Loss: 0.5872 | Val Acc: 82.60%
2026-01-18 11:03:23,280 - INFO - [Metrics for 'abnormal'] | Precision: 0.8267 | Recall: 0.7898 | F1: 0.8078
2026-01-18 11:03:23,281 - INFO - [Metrics for 'normal'] | Precision: 0.8254 | Recall: 0.8571 | F1: 0.8410
2026-01-18 11:03:23,291 - INFO - --------------------------------------------------
2026-01-18 11:03:23,296 - INFO - [LR]    [60/90] | Learning Rate: 0.000339
2026-01-18 11:03:37,996 - INFO - [Train] [60/90] | Loss: 0.2100 | Train Acc: 99.55%
2026-01-18 11:03:42,602 - INFO - [Valid] [60/90] | Loss: 0.5728 | Val Acc: 82.89%
2026-01-18 11:03:42,630 - INFO - [Metrics for 'abnormal'] | Precision: 0.8194 | Recall: 0.8089 | F1: 0.8141
2026-01-18 11:03:42,631 - INFO - [Metrics for 'normal'] | Precision: 0.8370 | Recall: 0.8462 | F1: 0.8415
2026-01-18 11:03:42,641 - INFO - --------------------------------------------------
2026-01-18 11:03:42,648 - INFO - [LR]    [61/90] | Learning Rate: 0.000325
2026-01-18 11:03:57,112 - INFO - [Train] [61/90] | Loss: 0.2111 | Train Acc: 99.40%
2026-01-18 11:04:02,172 - INFO - [Valid] [61/90] | Loss: 0.5739 | Val Acc: 83.78%
2026-01-18 11:04:02,204 - INFO - [Metrics for 'abnormal'] | Precision: 0.8187 | Recall: 0.8344 | F1: 0.8265
2026-01-18 11:04:02,205 - INFO - [Metrics for 'normal'] | Precision: 0.8547 | Recall: 0.8407 | F1: 0.8476
2026-01-18 11:04:02,219 - INFO - --------------------------------------------------
2026-01-18 11:04:02,228 - INFO - [LR]    [62/90] | Learning Rate: 0.000312
2026-01-18 11:04:16,625 - INFO - [Train] [62/90] | Loss: 0.2126 | Train Acc: 99.26%
2026-01-18 11:04:21,503 - INFO - [Valid] [62/90] | Loss: 0.5294 | Val Acc: 84.07%
2026-01-18 11:04:21,530 - INFO - [Metrics for 'abnormal'] | Precision: 0.8280 | Recall: 0.8280 | F1: 0.8280
2026-01-18 11:04:21,530 - INFO - [Metrics for 'normal'] | Precision: 0.8516 | Recall: 0.8516 | F1: 0.8516
2026-01-18 11:04:21,539 - INFO - --------------------------------------------------
2026-01-18 11:04:21,546 - INFO - [LR]    [63/90] | Learning Rate: 0.000298
2026-01-18 11:04:34,932 - INFO - [Train] [63/90] | Loss: 0.2055 | Train Acc: 99.70%
2026-01-18 11:04:39,404 - INFO - [Valid] [63/90] | Loss: 0.5396 | Val Acc: 84.07%
2026-01-18 11:04:39,430 - INFO - [Metrics for 'abnormal'] | Precision: 0.8012 | Recall: 0.8726 | F1: 0.8354
2026-01-18 11:04:39,431 - INFO - [Metrics for 'normal'] | Precision: 0.8810 | Recall: 0.8132 | F1: 0.8457
2026-01-18 11:04:39,440 - INFO - --------------------------------------------------
2026-01-18 11:04:39,446 - INFO - [LR]    [64/90] | Learning Rate: 0.000285
2026-01-18 11:04:53,619 - INFO - [Train] [64/90] | Loss: 0.2068 | Train Acc: 99.40%
2026-01-18 11:04:57,587 - INFO - [Valid] [64/90] | Loss: 0.5757 | Val Acc: 83.48%
2026-01-18 11:04:57,615 - INFO - [Metrics for 'abnormal'] | Precision: 0.8217 | Recall: 0.8217 | F1: 0.8217
2026-01-18 11:04:57,617 - INFO - [Metrics for 'normal'] | Precision: 0.8462 | Recall: 0.8462 | F1: 0.8462
2026-01-18 11:04:57,629 - INFO - --------------------------------------------------
2026-01-18 11:04:57,636 - INFO - [LR]    [65/90] | Learning Rate: 0.000273
2026-01-18 11:05:11,076 - INFO - [Train] [65/90] | Loss: 0.2098 | Train Acc: 99.18%
2026-01-18 11:05:15,092 - INFO - [Valid] [65/90] | Loss: 0.5559 | Val Acc: 82.60%
2026-01-18 11:05:15,119 - INFO - [Metrics for 'abnormal'] | Precision: 0.8101 | Recall: 0.8153 | F1: 0.8127
2026-01-18 11:05:15,120 - INFO - [Metrics for 'normal'] | Precision: 0.8398 | Recall: 0.8352 | F1: 0.8375
2026-01-18 11:05:15,130 - INFO - --------------------------------------------------
2026-01-18 11:05:15,137 - INFO - [LR]    [66/90] | Learning Rate: 0.000261
2026-01-18 11:05:28,926 - INFO - [Train] [66/90] | Loss: 0.2084 | Train Acc: 99.63%
2026-01-18 11:05:32,818 - INFO - [Valid] [66/90] | Loss: 0.5452 | Val Acc: 84.37%
2026-01-18 11:05:32,847 - INFO - [Metrics for 'abnormal'] | Precision: 0.8377 | Recall: 0.8217 | F1: 0.8296
2026-01-18 11:05:32,848 - INFO - [Metrics for 'normal'] | Precision: 0.8486 | Recall: 0.8626 | F1: 0.8556
2026-01-18 11:05:32,859 - INFO - --------------------------------------------------
2026-01-18 11:05:32,866 - INFO - [LR]    [67/90] | Learning Rate: 0.000249
2026-01-18 11:05:46,241 - INFO - [Train] [67/90] | Loss: 0.2078 | Train Acc: 99.63%
2026-01-18 11:05:50,580 - INFO - [Valid] [67/90] | Loss: 0.5407 | Val Acc: 84.37%
2026-01-18 11:05:50,608 - INFO - [Metrics for 'abnormal'] | Precision: 0.8421 | Recall: 0.8153 | F1: 0.8285
2026-01-18 11:05:50,610 - INFO - [Metrics for 'normal'] | Precision: 0.8449 | Recall: 0.8681 | F1: 0.8564
2026-01-18 11:05:50,621 - INFO - --------------------------------------------------
2026-01-18 11:05:50,629 - INFO - [LR]    [68/90] | Learning Rate: 0.000237
2026-01-18 11:06:03,998 - INFO - [Train] [68/90] | Loss: 0.2025 | Train Acc: 99.93%
2026-01-18 11:06:08,049 - INFO - [Valid] [68/90] | Loss: 0.5492 | Val Acc: 84.37%
2026-01-18 11:06:08,077 - INFO - [Metrics for 'abnormal'] | Precision: 0.8250 | Recall: 0.8408 | F1: 0.8328
2026-01-18 11:06:08,077 - INFO - [Metrics for 'normal'] | Precision: 0.8603 | Recall: 0.8462 | F1: 0.8532
2026-01-18 11:06:08,087 - INFO - --------------------------------------------------
2026-01-18 11:06:08,093 - INFO - [LR]    [69/90] | Learning Rate: 0.000226
2026-01-18 11:06:22,360 - INFO - [Train] [69/90] | Loss: 0.2035 | Train Acc: 99.78%
2026-01-18 11:06:26,407 - INFO - [Valid] [69/90] | Loss: 0.5728 | Val Acc: 84.37%
2026-01-18 11:06:26,436 - INFO - [Metrics for 'abnormal'] | Precision: 0.8210 | Recall: 0.8471 | F1: 0.8339
2026-01-18 11:06:26,437 - INFO - [Metrics for 'normal'] | Precision: 0.8644 | Recall: 0.8407 | F1: 0.8524
2026-01-18 11:06:26,448 - INFO - --------------------------------------------------
2026-01-18 11:06:26,455 - INFO - [LR]    [70/90] | Learning Rate: 0.000216
2026-01-18 11:06:40,846 - INFO - [Train] [70/90] | Loss: 0.2059 | Train Acc: 99.55%
2026-01-18 11:06:44,561 - INFO - [Valid] [70/90] | Loss: 0.5720 | Val Acc: 83.48%
2026-01-18 11:06:44,589 - INFO - [Metrics for 'abnormal'] | Precision: 0.8098 | Recall: 0.8408 | F1: 0.8250
2026-01-18 11:06:44,590 - INFO - [Metrics for 'normal'] | Precision: 0.8580 | Recall: 0.8297 | F1: 0.8436
2026-01-18 11:06:44,602 - INFO - --------------------------------------------------
2026-01-18 11:06:44,609 - INFO - [LR]    [71/90] | Learning Rate: 0.000205
2026-01-18 11:06:58,130 - INFO - [Train] [71/90] | Loss: 0.2092 | Train Acc: 99.26%
2026-01-18 11:07:01,860 - INFO - [Valid] [71/90] | Loss: 0.5772 | Val Acc: 83.48%
2026-01-18 11:07:01,889 - INFO - [Metrics for 'abnormal'] | Precision: 0.8061 | Recall: 0.8471 | F1: 0.8261
2026-01-18 11:07:01,890 - INFO - [Metrics for 'normal'] | Precision: 0.8621 | Recall: 0.8242 | F1: 0.8427
2026-01-18 11:07:01,901 - INFO - --------------------------------------------------
2026-01-18 11:07:01,908 - INFO - [LR]    [72/90] | Learning Rate: 0.000195
2026-01-18 11:07:15,686 - INFO - [Train] [72/90] | Loss: 0.2042 | Train Acc: 99.78%
2026-01-18 11:07:19,391 - INFO - [Valid] [72/90] | Loss: 0.5755 | Val Acc: 84.07%
2026-01-18 11:07:19,419 - INFO - [Metrics for 'abnormal'] | Precision: 0.8084 | Recall: 0.8599 | F1: 0.8333
2026-01-18 11:07:19,421 - INFO - [Metrics for 'normal'] | Precision: 0.8721 | Recall: 0.8242 | F1: 0.8475
2026-01-18 11:07:19,432 - INFO - --------------------------------------------------
2026-01-18 11:07:19,439 - INFO - [LR]    [73/90] | Learning Rate: 0.000186
2026-01-18 11:07:34,216 - INFO - [Train] [73/90] | Loss: 0.2077 | Train Acc: 99.55%
2026-01-18 11:07:38,015 - INFO - [Valid] [73/90] | Loss: 0.5725 | Val Acc: 82.60%
2026-01-18 11:07:38,035 - INFO - [Metrics for 'abnormal'] | Precision: 0.8182 | Recall: 0.8025 | F1: 0.8103
2026-01-18 11:07:38,036 - INFO - [Metrics for 'normal'] | Precision: 0.8324 | Recall: 0.8462 | F1: 0.8392
2026-01-18 11:07:38,042 - INFO - --------------------------------------------------
2026-01-18 11:07:38,046 - INFO - [LR]    [74/90] | Learning Rate: 0.000177
2026-01-18 11:07:51,745 - INFO - [Train] [74/90] | Loss: 0.2032 | Train Acc: 99.78%
2026-01-18 11:07:56,107 - INFO - [Valid] [74/90] | Loss: 0.5671 | Val Acc: 83.48%
2026-01-18 11:07:56,133 - INFO - [Metrics for 'abnormal'] | Precision: 0.8258 | Recall: 0.8153 | F1: 0.8205
2026-01-18 11:07:56,134 - INFO - [Metrics for 'normal'] | Precision: 0.8424 | Recall: 0.8516 | F1: 0.8470
2026-01-18 11:07:56,144 - INFO - --------------------------------------------------
2026-01-18 11:07:56,150 - INFO - [LR]    [75/90] | Learning Rate: 0.000168
2026-01-18 11:08:09,913 - INFO - [Train] [75/90] | Loss: 0.2045 | Train Acc: 99.70%
2026-01-18 11:08:14,266 - INFO - [Valid] [75/90] | Loss: 0.5732 | Val Acc: 83.19%
2026-01-18 11:08:14,297 - INFO - [Metrics for 'abnormal'] | Precision: 0.8247 | Recall: 0.8089 | F1: 0.8167
2026-01-18 11:08:14,298 - INFO - [Metrics for 'normal'] | Precision: 0.8378 | Recall: 0.8516 | F1: 0.8447
2026-01-18 11:08:14,309 - INFO - --------------------------------------------------
2026-01-18 11:08:14,315 - INFO - [LR]    [76/90] | Learning Rate: 0.000160
2026-01-18 11:08:27,923 - INFO - [Train] [76/90] | Loss: 0.2019 | Train Acc: 99.85%
2026-01-18 11:08:32,529 - INFO - [Valid] [76/90] | Loss: 0.5856 | Val Acc: 83.19%
2026-01-18 11:08:32,557 - INFO - [Metrics for 'abnormal'] | Precision: 0.8289 | Recall: 0.8025 | F1: 0.8155
2026-01-18 11:08:32,557 - INFO - [Metrics for 'normal'] | Precision: 0.8342 | Recall: 0.8571 | F1: 0.8455
2026-01-18 11:08:32,567 - INFO - --------------------------------------------------
2026-01-18 11:08:32,572 - INFO - [LR]    [77/90] | Learning Rate: 0.000153
2026-01-18 11:08:46,707 - INFO - [Train] [77/90] | Loss: 0.2013 | Train Acc: 99.85%
2026-01-18 11:08:51,647 - INFO - [Valid] [77/90] | Loss: 0.6137 | Val Acc: 82.01%
2026-01-18 11:08:51,692 - INFO - [Metrics for 'abnormal'] | Precision: 0.8200 | Recall: 0.7834 | F1: 0.8013
2026-01-18 11:08:51,694 - INFO - [Metrics for 'normal'] | Precision: 0.8201 | Recall: 0.8516 | F1: 0.8356
2026-01-18 11:08:51,704 - INFO - --------------------------------------------------
2026-01-18 11:08:51,710 - INFO - [LR]    [78/90] | Learning Rate: 0.000146
2026-01-18 11:09:05,712 - INFO - [Train] [78/90] | Loss: 0.2074 | Train Acc: 99.48%
2026-01-18 11:09:10,569 - INFO - [Valid] [78/90] | Loss: 0.5694 | Val Acc: 83.19%
2026-01-18 11:09:10,598 - INFO - [Metrics for 'abnormal'] | Precision: 0.8378 | Recall: 0.7898 | F1: 0.8131
2026-01-18 11:09:10,599 - INFO - [Metrics for 'normal'] | Precision: 0.8272 | Recall: 0.8681 | F1: 0.8472
2026-01-18 11:09:10,608 - INFO - --------------------------------------------------
2026-01-18 11:09:10,615 - INFO - [LR]    [79/90] | Learning Rate: 0.000139
2026-01-18 11:09:23,768 - INFO - [Train] [79/90] | Loss: 0.2111 | Train Acc: 99.40%
2026-01-18 11:09:28,316 - INFO - [Valid] [79/90] | Loss: 0.5840 | Val Acc: 82.01%
2026-01-18 11:09:28,345 - INFO - [Metrics for 'abnormal'] | Precision: 0.7892 | Recall: 0.8344 | F1: 0.8111
2026-01-18 11:09:28,346 - INFO - [Metrics for 'normal'] | Precision: 0.8497 | Recall: 0.8077 | F1: 0.8282
2026-01-18 11:09:28,359 - INFO - --------------------------------------------------
2026-01-18 11:09:28,366 - INFO - [LR]    [80/90] | Learning Rate: 0.000133
2026-01-18 11:09:41,739 - INFO - [Train] [80/90] | Loss: 0.2045 | Train Acc: 99.85%
2026-01-18 11:09:46,573 - INFO - [Valid] [80/90] | Loss: 0.5671 | Val Acc: 84.07%
2026-01-18 11:09:46,602 - INFO - [Metrics for 'abnormal'] | Precision: 0.8239 | Recall: 0.8344 | F1: 0.8291
2026-01-18 11:09:46,604 - INFO - [Metrics for 'normal'] | Precision: 0.8556 | Recall: 0.8462 | F1: 0.8508
2026-01-18 11:09:46,616 - INFO - --------------------------------------------------
2026-01-18 11:09:46,624 - INFO - [LR]    [81/90] | Learning Rate: 0.000127
2026-01-18 11:09:59,690 - INFO - [Train] [81/90] | Loss: 0.2030 | Train Acc: 99.78%
2026-01-18 11:10:04,426 - INFO - [Valid] [81/90] | Loss: 0.5713 | Val Acc: 82.89%
2026-01-18 11:10:04,486 - INFO - [Metrics for 'abnormal'] | Precision: 0.7929 | Recall: 0.8535 | F1: 0.8221
2026-01-18 11:10:04,490 - INFO - [Metrics for 'normal'] | Precision: 0.8647 | Recall: 0.8077 | F1: 0.8352
2026-01-18 11:10:04,508 - INFO - --------------------------------------------------
2026-01-18 11:10:04,521 - INFO - [LR]    [82/90] | Learning Rate: 0.000122
2026-01-18 11:10:18,026 - INFO - [Train] [82/90] | Loss: 0.2028 | Train Acc: 99.78%
2026-01-18 11:10:22,160 - INFO - [Valid] [82/90] | Loss: 0.5627 | Val Acc: 84.37%
2026-01-18 11:10:22,187 - INFO - [Metrics for 'abnormal'] | Precision: 0.8377 | Recall: 0.8217 | F1: 0.8296
2026-01-18 11:10:22,188 - INFO - [Metrics for 'normal'] | Precision: 0.8486 | Recall: 0.8626 | F1: 0.8556
2026-01-18 11:10:22,197 - INFO - --------------------------------------------------
2026-01-18 11:10:22,203 - INFO - [LR]    [83/90] | Learning Rate: 0.000117
2026-01-18 11:10:35,861 - INFO - [Train] [83/90] | Loss: 0.2022 | Train Acc: 99.93%
2026-01-18 11:10:40,224 - INFO - [Valid] [83/90] | Loss: 0.5589 | Val Acc: 83.78%
2026-01-18 11:10:40,253 - INFO - [Metrics for 'abnormal'] | Precision: 0.8228 | Recall: 0.8280 | F1: 0.8254
2026-01-18 11:10:40,254 - INFO - [Metrics for 'normal'] | Precision: 0.8508 | Recall: 0.8462 | F1: 0.8485
2026-01-18 11:10:40,265 - INFO - --------------------------------------------------
2026-01-18 11:10:40,272 - INFO - [LR]    [84/90] | Learning Rate: 0.000113
2026-01-18 11:10:53,676 - INFO - [Train] [84/90] | Loss: 0.2027 | Train Acc: 99.85%
2026-01-18 11:10:57,559 - INFO - [Valid] [84/90] | Loss: 0.5572 | Val Acc: 83.48%
2026-01-18 11:10:57,587 - INFO - [Metrics for 'abnormal'] | Precision: 0.8258 | Recall: 0.8153 | F1: 0.8205
2026-01-18 11:10:57,588 - INFO - [Metrics for 'normal'] | Precision: 0.8424 | Recall: 0.8516 | F1: 0.8470
2026-01-18 11:10:57,598 - INFO - --------------------------------------------------
2026-01-18 11:10:57,604 - INFO - [LR]    [85/90] | Learning Rate: 0.000110
2026-01-18 11:11:11,368 - INFO - [Train] [85/90] | Loss: 0.2025 | Train Acc: 99.85%
2026-01-18 11:11:15,106 - INFO - [Valid] [85/90] | Loss: 0.5565 | Val Acc: 84.96%
2026-01-18 11:11:15,134 - INFO - [Metrics for 'abnormal'] | Precision: 0.8442 | Recall: 0.8280 | F1: 0.8360
2026-01-18 11:11:15,135 - INFO - [Metrics for 'normal'] | Precision: 0.8541 | Recall: 0.8681 | F1: 0.8610
2026-01-18 11:11:15,146 - INFO - --------------------------------------------------
2026-01-18 11:11:15,157 - INFO - [LR]    [86/90] | Learning Rate: 0.000107
2026-01-18 11:11:30,116 - INFO - [Train] [86/90] | Loss: 0.2016 | Train Acc: 99.85%
2026-01-18 11:11:34,116 - INFO - [Valid] [86/90] | Loss: 0.5561 | Val Acc: 84.66%
2026-01-18 11:11:34,169 - INFO - [Metrics for 'abnormal'] | Precision: 0.8182 | Recall: 0.8599 | F1: 0.8385
2026-01-18 11:11:34,170 - INFO - [Metrics for 'normal'] | Precision: 0.8736 | Recall: 0.8352 | F1: 0.8539
2026-01-18 11:11:34,180 - INFO - --------------------------------------------------
2026-01-18 11:11:34,186 - INFO - [LR]    [87/90] | Learning Rate: 0.000104
2026-01-18 11:11:47,913 - INFO - [Train] [87/90] | Loss: 0.2037 | Train Acc: 99.78%
2026-01-18 11:11:51,889 - INFO - [Valid] [87/90] | Loss: 0.5490 | Val Acc: 85.55%
2026-01-18 11:11:51,974 - INFO - [Metrics for 'abnormal'] | Precision: 0.8333 | Recall: 0.8599 | F1: 0.8464
2026-01-18 11:11:51,977 - INFO - [Metrics for 'normal'] | Precision: 0.8757 | Recall: 0.8516 | F1: 0.8635
2026-01-18 11:11:52,001 - INFO - --------------------------------------------------
2026-01-18 11:11:52,013 - INFO - [LR]    [88/90] | Learning Rate: 0.000102
2026-01-18 11:12:05,984 - INFO - [Train] [88/90] | Loss: 0.2015 | Train Acc: 99.85%
2026-01-18 11:12:09,752 - INFO - [Valid] [88/90] | Loss: 0.5674 | Val Acc: 84.37%
2026-01-18 11:12:09,780 - INFO - [Metrics for 'abnormal'] | Precision: 0.8421 | Recall: 0.8153 | F1: 0.8285
2026-01-18 11:12:09,781 - INFO - [Metrics for 'normal'] | Precision: 0.8449 | Recall: 0.8681 | F1: 0.8564
2026-01-18 11:12:09,790 - INFO - --------------------------------------------------
2026-01-18 11:12:09,797 - INFO - [LR]    [89/90] | Learning Rate: 0.000101
2026-01-18 11:12:24,727 - INFO - [Train] [89/90] | Loss: 0.2019 | Train Acc: 99.85%
2026-01-18 11:12:28,769 - INFO - [Valid] [89/90] | Loss: 0.5438 | Val Acc: 84.66%
2026-01-18 11:12:28,818 - INFO - [Metrics for 'abnormal'] | Precision: 0.8387 | Recall: 0.8280 | F1: 0.8333
2026-01-18 11:12:28,819 - INFO - [Metrics for 'normal'] | Precision: 0.8533 | Recall: 0.8626 | F1: 0.8579
2026-01-18 11:12:28,829 - INFO - --------------------------------------------------
2026-01-18 11:12:28,835 - INFO - [LR]    [90/90] | Learning Rate: 0.000100
2026-01-18 11:12:42,367 - INFO - [Train] [90/90] | Loss: 0.2003 | Train Acc: 99.93%
2026-01-18 11:12:46,263 - INFO - [Valid] [90/90] | Loss: 0.5590 | Val Acc: 84.66%
2026-01-18 11:12:46,291 - INFO - [Metrics for 'abnormal'] | Precision: 0.8344 | Recall: 0.8344 | F1: 0.8344
2026-01-18 11:12:46,292 - INFO - [Metrics for 'normal'] | Precision: 0.8571 | Recall: 0.8571 | F1: 0.8571
2026-01-18 11:12:46,312 - INFO - ==================================================
2026-01-18 11:12:46,312 - INFO - 훈련 완료. 최고 성능 모델을 불러와 테스트 세트로 최종 평가합니다.
2026-01-18 11:12:46,313 - INFO - 최종 평가를 위해 새로운 모델 객체를 생성합니다.
2026-01-18 11:12:46,314 - INFO - Baseline 모델 'efficientnet_b0'을(를) 생성합니다 (사전 훈련 가중치: 미사용).
2026-01-18 11:12:47,094 - INFO - 최고 성능 모델 가중치를 새로 생성된 모델 객체에 로드 완료: 'log/Sewer-TAPNEW/baseline_efficientnet_b0_20260118_104555/best_model.pth'
2026-01-18 11:12:47,095 - INFO - ==================================================
2026-01-18 11:12:47,096 - INFO - Test 모드를 시작합니다.
2026-01-18 11:12:47,707 - INFO - 연산량 (MACs): 0.4139 GMACs per sample
2026-01-18 11:12:47,709 - INFO - 연산량 (FLOPs): 0.8277 GFLOPs per sample
2026-01-18 11:12:47,710 - INFO - ==================================================
2026-01-18 11:12:47,710 - INFO - GPU 캐시를 비우고 측정을 시작합니다.
2026-01-18 11:12:51,123 - INFO - 샘플 당 평균 Forward Pass 시간: 20.49ms (std: 1.34ms), FPS: 48.95 (std: 2.52) (1개 샘플 x 100회 반복)
2026-01-18 11:12:51,124 - INFO - 샘플 당 Forward Pass 시 최대 GPU 메모리 사용량: 103.99 MB
2026-01-18 11:12:51,124 - INFO - 테스트 데이터셋에 대한 추론을 시작합니다.
2026-01-18 11:12:56,587 - INFO - [Test] Loss: 0.4160 | Test Acc: 81.42%
2026-01-18 11:12:56,621 - INFO - [Metrics for 'abnormal'] | Precision: 0.7901 | Recall: 0.8153 | F1: 0.8025
2026-01-18 11:12:56,622 - INFO - [Metrics for 'normal'] | Precision: 0.8362 | Recall: 0.8132 | F1: 0.8245
2026-01-18 11:12:58,100 - INFO - ==================================================
2026-01-18 11:12:58,101 - INFO - 혼동 행렬 저장 완료. 'log/Sewer-TAPNEW/baseline_efficientnet_b0_20260118_104555/confusion_matrix_20260118_104555.png' and 'log/Sewer-TAPNEW/baseline_efficientnet_b0_20260118_104555/confusion_matrix_20260118_104555.pdf'
2026-01-18 11:12:58,101 - INFO - ==================================================
2026-01-18 11:12:58,101 - INFO - ONNX 변환 및 평가를 시작합니다.
2026-01-18 11:13:05,503 - INFO - 모델이 ONNX 형식으로 변환되어 'log/Sewer-TAPNEW/baseline_efficientnet_b0_20260118_104555/model_fp32_20260118_104555.onnx'에 저장되었습니다. (크기: 15.29 MB)
2026-01-18 11:13:06,796 - INFO - [Model Load] ONNX 모델(FP32) 로드 중 피크 메모리 - 모델 로드 전 청소 직후 메모리: 22.65 MB
2026-01-18 11:13:06,797 - INFO - ONNX 런타임의 샘플 당 Forward Pass 시간 측정을 시작합니다...
2026-01-18 11:13:12,907 - INFO - 샘플 당 평균 Forward Pass 시간 (ONNX, CPU): 48.84ms (std: 12.28ms)
2026-01-18 11:13:12,907 - INFO - 샘플 당 평균 FPS (ONNX, CPU): 21.80 FPS (std: 5.60) (1개 샘플 x 100회 반복)
2026-01-18 11:13:12,907 - INFO - [Inference] 추론 중 피크 메모리 - 모델 로드 후 메모리 정리 직후 메모리: 12.00 MB
2026-01-18 11:13:12,908 - INFO - [Total] (FP32) 추론 중 피크 메모리 - 모델 로드 전 청소 직후 메모리: 38.72 MB
2026-01-18 11:13:20,006 - INFO - [Test (ONNX)] | Test Acc (ONNX): 81.42%
2026-01-18 11:13:20,028 - INFO - [Metrics for 'abnormal' (ONNX)] | Precision: 0.7901 | Recall: 0.8153 | F1: 0.8025
2026-01-18 11:13:20,029 - INFO - [Metrics for 'normal' (ONNX)] | Precision: 0.8362 | Recall: 0.8132 | F1: 0.8245
2026-01-18 11:13:20,974 - INFO - Val Acc 그래프 저장 완료: 'log/Sewer-TAPNEW/baseline_efficientnet_b0_20260118_104555/graph_20260118_104555/val_acc.png' and 'log/Sewer-TAPNEW/baseline_efficientnet_b0_20260118_104555/graph_20260118_104555/val_acc.pdf'
2026-01-18 11:13:21,901 - INFO - Train/Val Acc 그래프 저장 완료: 'log/Sewer-TAPNEW/baseline_efficientnet_b0_20260118_104555/graph_20260118_104555/train_val_acc.png' and 'log/Sewer-TAPNEW/baseline_efficientnet_b0_20260118_104555/graph_20260118_104555/train_val_acc.pdf'
2026-01-18 11:13:22,715 - INFO - F1 (normal) 그래프 저장 완료: 'log/Sewer-TAPNEW/baseline_efficientnet_b0_20260118_104555/graph_20260118_104555/F1_normal.png' and 'log/Sewer-TAPNEW/baseline_efficientnet_b0_20260118_104555/graph_20260118_104555/F1_normal.pdf'
2026-01-18 11:13:23,725 - INFO - Validation Loss 그래프 저장 완료: 'log/Sewer-TAPNEW/baseline_efficientnet_b0_20260118_104555/graph_20260118_104555/val_loss.png' and 'log/Sewer-TAPNEW/baseline_efficientnet_b0_20260118_104555/graph_20260118_104555/val_loss.pdf'
2026-01-18 11:13:24,772 - INFO - Learning Rate 그래프 저장 완료: 'log/Sewer-TAPNEW/baseline_efficientnet_b0_20260118_104555/graph_20260118_104555/learning_rate.png' and 'log/Sewer-TAPNEW/baseline_efficientnet_b0_20260118_104555/graph_20260118_104555/learning_rate.pdf'
2026-01-18 11:13:34,394 - INFO - 종합 그래프 저장 완료: 'log/Sewer-TAPNEW/baseline_efficientnet_b0_20260118_104555/graph_20260118_104555/compile.png' and 'log/Sewer-TAPNEW/baseline_efficientnet_b0_20260118_104555/graph_20260118_104555/compile.pdf'
