2026-02-10 13:53:23,401 - INFO - 로그 파일이 'log/Sewer-TAPNEW_params/baseline_deit_tiny_fpgm_20260210_135323/log_20260210_135323.log'에 저장됩니다.
2026-02-10 13:53:23,403 - INFO - ==================================================
2026-02-10 13:53:23,403 - INFO - config.yaml:
2026-02-10 13:53:23,403 - INFO - 
run:
  global_seed: 42
  cuda: true
  mode: inference
  pth_inference_dir: /home/user/workspace/CHOI/sewer_binary_cls_v9/log/Sewer-TAPNEW/iso_params/fp32/fpgm/baseline_deit_tiny_fpgm_20260210_102640
  pth_best_name: best_model.pth
  evaluate_onnx: true
  only_inference: false
  use_int8_inference: true
  int8_calib_samples: 512
  int8_calibration_method: Percentile
  int8_activation_type: QUInt8
  int8_percentile: 99.99
  show_log: true
  dataset:
    name: Sewer-TAPNEW_params
    type: image_folder
    train_split_ratio: 0.8
    paths:
      train_img_dir: /home/user/workspace/disk/nvme1/data/Sewer/Sewer-ML/train
      valid_img_dir: /home/user/workspace/disk/nvme1/data/Sewer/Sewer-ML/valid
      test_img_dir: /home/user/workspace/disk/nvme1/data/Sewer/Sewer-ML/valid
      train_csv: /home/user/workspace/disk/nvme1/data/Sewer/Sewer-ML/SewerML_Train.csv
      valid_csv: /home/user/workspace/disk/nvme1/data/Sewer/Sewer-ML/SewerML_Val.csv
      test_csv: /home/user/workspace/disk/nvme1/data/Sewer/Sewer-ML/SewerML_Val.csv
      img_folder: /home/user/workspace/disk/nvme1/data/Sewer/Sewer-TAPNEW
  random_sampling_ratio:
    train: 1.0
    valid: 1.0
    test: 1.0
  num_workers: 16
training_main:
  epochs: 90
  batch_size: 16
  pre_trained: false
  optimizer: adamw
  lr: 0.001
  weight_decay: 0.0001
  loss_function: CrossEntropyLoss
  label_smoothing: 0.1
  scheduler: cosineannealinglr
  scheduler_params:
    T_max: 90
    eta_min: 0.0001
  best_model_criterion: val_loss
training_baseline:
  epochs: 10
  batch_size: 16
  pre_trained: false
  optimizer: adamw
  lr: 0.001
  weight_decay: 0.0001
  loss_function: CrossEntropyLoss
  label_smoothing: 0.1
  scheduler: cosineannealinglr
  scheduler_params:
    T_max: 10
    eta_min: 0.0001
  best_model_criterion: val_loss
finetuning_pruned:
  epochs: 80
  batch_size: 16
  optimizer: adamw
  lr: 0.001
  weight_decay: 0.0001
  loss_function: CrossEntropyLoss
  label_smoothing: 0.1
  scheduler: cosineannealinglr
  scheduler_params:
    T_max: 80
    eta_min: 0.0001
  best_model_criterion: val_loss
model:
  img_size: 224
  num_patches_per_side: 7
  num_decoder_patches: 1
  num_decoder_layers: 6
  num_heads: 2
  cnn_feature_extractor:
    name: custom24
  encoder_dim: 24
  emb_dim: 24
  adaptive_initial_query: true
  decoder_ff_ratio: 2
  dropout: 0.1
  positional_encoding: true
  res_attention: false
  drop_path_ratio: 0.2
  save_attention: false
  num_plot_attention: 600
baseline:
  model_name: deit_tiny
  use_fpgm_pruning: true
  pruning_sparsity: 0.9784

2026-02-10 13:53:23,403 - INFO - ==================================================
2026-02-10 13:53:23,533 - INFO - CUDA 사용 가능. GPU 사용을 시작합니다. (Device: NVIDIA GeForce RTX 5090)
2026-02-10 13:53:23,533 - INFO - 'Sewer-TAPNEW_params' 데이터 로드를 시작합니다 (Type: image_folder).
2026-02-10 13:53:23,533 - INFO - '/home/user/workspace/disk/nvme1/data/Sewer/Sewer-TAPNEW' 경로의 데이터를 훈련/테스트셋으로 분할합니다.
2026-02-10 13:53:23,536 - INFO - 총 1692개 데이터를 훈련용 1353개, 테스트용 339개로 분할합니다 (split_seed=42).
2026-02-10 13:53:23,536 - INFO - 데이터셋 클래스: ['abnormal', 'normal'] (총 2개)
2026-02-10 13:53:23,536 - INFO - 훈련 데이터: 1353개, 검증 데이터: 339개, 테스트 데이터: 339개
2026-02-10 13:53:23,536 - INFO - Baseline 모델 'deit_tiny'을(를) 생성합니다 (사전 훈련 가중치: 미사용).
2026-02-10 13:53:23,645 - INFO - timm 모델(deit_tiny)의 Attention.forward를 Pruning 호환성을 위해 Monkey-patching 합니다.
2026-02-10 13:53:23,646 - INFO - ==================================================
2026-02-10 13:53:23,646 - INFO - 모델 파라미터 수:
2026-02-10 13:53:23,646 - INFO -   - 총 파라미터: 5,524,802 개
2026-02-10 13:53:23,646 - INFO -   - 학습 가능한 파라미터: 5,524,802 개
2026-02-10 13:53:23,646 - INFO - '/home/user/workspace/CHOI/sewer_binary_cls_v9/log/Sewer-TAPNEW/iso_params/fp32/fpgm/baseline_deit_tiny_fpgm_20260210_102640/pruning_info.yaml'에서 Pruning 희소도(0.9784)를 불러왔습니다.
2026-02-10 13:53:23,646 - INFO - 추론 모드: 훈련된 모델의 Pruning 구조를 재현합니다.
2026-02-10 13:53:23,647 - INFO - FPGM Pruning을 시작합니다.
2026-02-10 13:53:23,647 - INFO - 분류 레이어 'Linear'을(를) Pruning 대상에서 제외합니다.
2026-02-10 13:53:23,647 - INFO - ViT 계열 모델의 모든 qkv 레이어를 Pruning 대상에서 제외합니다.
2026-02-10 13:53:23,931 - INFO - torch-pruning 완료. 모델 구조가 희소도(0.9783984374999999)에 맞춰 변경되었습니다.
2026-02-10 13:53:23,932 - INFO - ==================================================
2026-02-10 13:53:23,932 - INFO - ==================================================
2026-02-10 13:53:23,932 - INFO - 모델 파라미터 수:
2026-02-10 13:53:23,932 - INFO -   - 총 파라미터: 49,678 개
2026-02-10 13:53:23,932 - INFO -   - 학습 가능한 파라미터: 49,678 개
2026-02-10 13:53:23,932 - INFO - ==================================================
2026-02-10 13:53:23,932 - INFO - Inference 모드를 시작합니다.
2026-02-10 13:53:24,060 - INFO - [Model Load] PyTorch 모델 가중치 로드 중 피크 메모리 - 모델 로드 전 청소 직후 메모리: 0.00 MB
2026-02-10 13:53:24,060 - INFO - '/home/user/workspace/CHOI/sewer_binary_cls_v9/log/Sewer-TAPNEW/iso_params/fp32/fpgm/baseline_deit_tiny_fpgm_20260210_102640/best_model.pth' 가중치 로드 완료.
2026-02-10 13:53:24,092 - INFO - 연산량 (MACs): 0.0082 GMACs per sample
2026-02-10 13:53:24,092 - INFO - 연산량 (FLOPs): 0.0163 GFLOPs per sample
2026-02-10 13:53:24,092 - INFO - ==================================================
2026-02-10 13:53:24,092 - INFO - INT8 Static Quantization (ONNX)을 적용합니다.
2026-02-10 13:53:24,207 - INFO - Quantization 전처리를 수행합니다 (Fusion, Shape Inference)...
2026-02-10 13:53:24,207 - INFO - Performing symbolic shape inference...
2026-02-10 13:53:24,270 - INFO - Calibration 진행 (512 samples)...
2026-02-10 13:53:24,271 - INFO - Calibration Method: percentile (CalibrationMethod.Percentile)
2026-02-10 13:53:24,271 - INFO - Activation Type: QUInt8 (Extra Options: {'Percentile': 99.99})
2026-02-10 13:53:56,498 - WARNING - Axis 1 is out-of-range for weight 'blocks.0.norm1.weight' with rank 1
2026-02-10 13:53:56,499 - WARNING - Axis 1 is out-of-range for weight 'blocks.0.norm2.weight' with rank 1
2026-02-10 13:53:56,499 - WARNING - Axis 1 is out-of-range for weight 'blocks.1.norm1.weight' with rank 1
2026-02-10 13:53:56,500 - WARNING - Axis 1 is out-of-range for weight 'blocks.1.norm2.weight' with rank 1
2026-02-10 13:53:56,501 - WARNING - Axis 1 is out-of-range for weight 'blocks.2.norm1.weight' with rank 1
2026-02-10 13:53:56,502 - WARNING - Axis 1 is out-of-range for weight 'blocks.2.norm2.weight' with rank 1
2026-02-10 13:53:56,503 - WARNING - Axis 1 is out-of-range for weight 'blocks.3.norm1.weight' with rank 1
2026-02-10 13:53:56,504 - WARNING - Axis 1 is out-of-range for weight 'blocks.3.norm2.weight' with rank 1
2026-02-10 13:53:56,504 - WARNING - Axis 1 is out-of-range for weight 'blocks.4.norm1.weight' with rank 1
2026-02-10 13:53:56,505 - WARNING - Axis 1 is out-of-range for weight 'blocks.4.norm2.weight' with rank 1
2026-02-10 13:53:56,506 - WARNING - Axis 1 is out-of-range for weight 'blocks.5.norm1.weight' with rank 1
2026-02-10 13:53:56,507 - WARNING - Axis 1 is out-of-range for weight 'blocks.5.norm2.weight' with rank 1
2026-02-10 13:53:56,508 - WARNING - Axis 1 is out-of-range for weight 'blocks.6.norm1.weight' with rank 1
2026-02-10 13:53:56,509 - WARNING - Axis 1 is out-of-range for weight 'blocks.6.norm2.weight' with rank 1
2026-02-10 13:53:56,509 - WARNING - Axis 1 is out-of-range for weight 'blocks.7.norm1.weight' with rank 1
2026-02-10 13:53:56,510 - WARNING - Axis 1 is out-of-range for weight 'blocks.7.norm2.weight' with rank 1
2026-02-10 13:53:56,511 - WARNING - Axis 1 is out-of-range for weight 'blocks.8.norm1.weight' with rank 1
2026-02-10 13:53:56,512 - WARNING - Axis 1 is out-of-range for weight 'blocks.8.norm2.weight' with rank 1
2026-02-10 13:53:56,513 - WARNING - Axis 1 is out-of-range for weight 'blocks.9.norm1.weight' with rank 1
2026-02-10 13:53:56,514 - WARNING - Axis 1 is out-of-range for weight 'blocks.9.norm2.weight' with rank 1
2026-02-10 13:53:56,514 - WARNING - Axis 1 is out-of-range for weight 'blocks.10.norm1.weight' with rank 1
2026-02-10 13:53:56,515 - WARNING - Axis 1 is out-of-range for weight 'blocks.10.norm2.weight' with rank 1
2026-02-10 13:53:56,516 - WARNING - Axis 1 is out-of-range for weight 'blocks.11.norm1.weight' with rank 1
2026-02-10 13:53:56,517 - WARNING - Axis 1 is out-of-range for weight 'blocks.11.norm2.weight' with rank 1
2026-02-10 13:53:56,518 - WARNING - Axis 1 is out-of-range for weight 'norm.weight' with rank 1
2026-02-10 13:53:57,100 - INFO - ONNX INT8 모델 저장 완료: log/Sewer-TAPNEW_params/baseline_deit_tiny_fpgm_20260210_135323/best_model_int8.onnx
2026-02-10 13:53:57,263 - INFO - [Model Load] ONNX 모델(INT8) 로드 중 피크 메모리 - 모델 로드 전 청소 직후 메모리: 7.31 MB
2026-02-10 13:53:57,263 - INFO - ONNX 런타임의 샘플 당 Forward Pass 시간 측정을 시작합니다...
2026-02-10 13:53:57,663 - INFO - 샘플 당 평균 Forward Pass 시간 (ONNX, CPU): 2.63ms (std: 0.05ms)
2026-02-10 13:53:57,663 - INFO - 샘플 당 평균 FPS (ONNX, CPU): 380.97 FPS (std: 6.78) (1개 샘플 x 100회 반복)
2026-02-10 13:53:57,663 - INFO - [Inference] 추론 중 피크 메모리 - 모델 로드 후 메모리 정리 직후 메모리: 0.75 MB
2026-02-10 13:53:57,663 - INFO - [Total] (INT8) 추론 중 피크 메모리 - 모델 로드 전 청소 직후 메모리: 7.28 MB
2026-02-10 13:53:58,741 - INFO - [Inference (ONNX INT8)] | Test Acc (ONNX): 82.89%
2026-02-10 13:53:58,748 - INFO - [Metrics for 'abnormal' (ONNX)] | Precision: 0.8000 | Recall: 0.8408 | F1: 0.8199
2026-02-10 13:53:58,748 - INFO - [Metrics for 'normal' (ONNX)] | Precision: 0.8563 | Recall: 0.8187 | F1: 0.8371
2026-02-10 13:53:58,876 - INFO - ==================================================
2026-02-10 13:53:58,876 - INFO - 혼동 행렬 저장 완료. 'log/Sewer-TAPNEW_params/baseline_deit_tiny_fpgm_20260210_135323/confusion_matrix_20260210_135323.png' and 'log/Sewer-TAPNEW_params/baseline_deit_tiny_fpgm_20260210_135323/confusion_matrix_20260210_135323.pdf'
