2026-01-18 10:47:12,679 - INFO - 로그 파일이 'log/Sewer-TAPNEW/baseline_deit_tiny_20260118_104712/log_20260118_104712.log'에 저장됩니다.
2026-01-18 10:47:12,700 - INFO - ==================================================
2026-01-18 10:47:12,700 - INFO - config.yaml:
2026-01-18 10:47:12,700 - INFO - 
run:
  global_seed: 42
  cuda: true
  mode: train
  pth_inference_dir: /home/cau/workspace/CHOI/sewer_binary_cls_v9/log/Sewer-TAPNEW/main_20260116_162736_ps56_st56_q1
  pth_best_name: best_model.pth
  evaluate_onnx: true
  only_inference: false
  show_log: true
  dataset:
    name: Sewer-TAPNEW
    type: image_folder
    train_split_ratio: 0.8
    paths:
      train_img_dir: /home/cau/workspace/data/Sewer/Sewer-ML/train
      valid_img_dir: /home/cau/workspace/data/Sewer/Sewer-ML/valid
      test_img_dir: /home/cau/workspace/data/Sewer/Sewer-ML/valid
      train_csv: /home/cau/workspace/data/Sewer/Sewer-ML/SewerML_Train.csv
      valid_csv: /home/cau/workspace/data/Sewer/Sewer-ML/SewerML_Val.csv
      test_csv: /home/cau/workspace/data/Sewer/Sewer-ML/SewerML_Val.csv
      img_folder: /home/cau/workspace/data/Sewer/Sewer-TAPNEW
  random_sampling_ratio:
    train: 1.0
    valid: 1.0
    test: 1.0
  num_workers: 16
training_main:
  epochs: 1
  batch_size: 16
  pre_trained: false
  optimizer: adamw
  lr: 0.001
  weight_decay: 0.0001
  loss_function: CrossEntropyLoss
  label_smoothing: 0.1
  scheduler: cosineannealinglr
  scheduler_params:
    T_max: 90
    eta_min: 0.0001
  best_model_criterion: val_loss
training_baseline:
  epochs: 90
  batch_size: 16
  pre_trained: false
  optimizer: adamw
  lr: 0.001
  weight_decay: 0.0001
  loss_function: CrossEntropyLoss
  label_smoothing: 0.1
  scheduler: cosineannealinglr
  scheduler_params:
    T_max: 90
    eta_min: 0.0001
  best_model_criterion: val_loss
finetuning_pruned:
  epochs: 80
  batch_size: 16
  optimizer: adamw
  lr: 0.001
  weight_decay: 0.0001
  loss_function: CrossEntropyLoss
  label_smoothing: 0.1
  scheduler: cosineannealinglr
  scheduler_params:
    T_max: 80
    eta_min: 0.0001
  best_model_criterion: val_loss
model:
  img_size: 224
  grid_size: 7
  num_decoder_patches: 6
  num_decoder_layers: 7
  num_heads: 6
  cnn_feature_extractor:
    name: custom
  featured_patch_dim: 24
  emb_dim: 24
  adaptive_initial_query: true
  decoder_ff_ratio: 2
  dropout: 0.1
  positional_encoding: true
  res_attention: false
  save_attention: false
  num_plot_attention: 1
baseline:
  model_name: deit_tiny

2026-01-18 10:47:12,701 - INFO - ==================================================
2026-01-18 10:47:12,828 - INFO - CUDA 사용 가능. GPU 사용을 시작합니다. (Device: NVIDIA RTX PRO 6000 Blackwell Server Edition)
2026-01-18 10:47:12,830 - INFO - 'Sewer-TAPNEW' 데이터 로드를 시작합니다 (Type: image_folder).
2026-01-18 10:47:12,830 - INFO - '/home/cau/workspace/data/Sewer/Sewer-TAPNEW' 경로의 데이터를 훈련/테스트셋으로 분할합니다.
2026-01-18 10:47:12,864 - INFO - 총 1692개 데이터를 훈련용 1353개, 테스트용 339개로 분할합니다 (split_seed=42).
2026-01-18 10:47:12,865 - INFO - 데이터셋 클래스: ['abnormal', 'normal'] (총 2개)
2026-01-18 10:47:12,867 - INFO - 훈련 데이터: 1353개, 검증 데이터: 339개, 테스트 데이터: 339개
2026-01-18 10:47:12,867 - INFO - Baseline 모델 'deit_tiny'을(를) 생성합니다 (사전 훈련 가중치: 미사용).
2026-01-18 10:47:15,360 - INFO - timm 모델(deit_tiny)의 Attention.forward를 Pruning 호환성을 위해 Monkey-patching 합니다.
2026-01-18 10:47:15,370 - INFO - ==================================================
2026-01-18 10:47:15,370 - INFO - 모델 파라미터 수:
2026-01-18 10:47:15,370 - INFO -   - 총 파라미터: 5,524,802 개
2026-01-18 10:47:15,370 - INFO -   - 학습 가능한 파라미터: 5,524,802 개
2026-01-18 10:47:15,371 - INFO - ================================================================================
2026-01-18 10:47:15,371 - INFO - 단계 1/2: 사전 훈련(Pre-training)을 시작합니다.
2026-01-18 10:47:15,371 - INFO - ================================================================================
2026-01-18 10:47:15,371 - INFO - 옵티마이저: AdamW (lr=0.001, weight_decay=0.0001)
2026-01-18 10:47:15,375 - INFO - 스케줄러: CosineAnnealingLR (T_max=90, eta_min=0.0001)
2026-01-18 10:47:15,376 - INFO - ==================================================
2026-01-18 10:47:15,376 - INFO - train 모드를 시작합니다.
2026-01-18 10:47:15,377 - INFO - 손실 함수: CrossEntropyLoss (label_smoothing: 0.1)
2026-01-18 10:47:15,377 - INFO - Best metric을 초기값(inf)으로 설정합니다.
2026-01-18 10:47:15,377 - INFO - --------------------------------------------------
2026-01-18 10:47:15,381 - INFO - [LR]    [1/90] | Learning Rate: 0.001000
2026-01-18 10:47:29,989 - INFO - [Train] [1/90] | Loss: 0.7051 | Train Acc: 60.49%
2026-01-18 10:47:34,936 - INFO - [Valid] [1/90] | Loss: 0.6723 | Val Acc: 59.88%
2026-01-18 10:47:34,967 - INFO - [Metrics for 'abnormal'] | Precision: 0.5484 | Recall: 0.7580 | F1: 0.6364
2026-01-18 10:47:34,967 - INFO - [Metrics for 'normal'] | Precision: 0.6885 | Recall: 0.4615 | F1: 0.5526
2026-01-18 10:47:35,055 - INFO - [Best Model Saved] (val loss: 0.6723) -> 'log/Sewer-TAPNEW/baseline_deit_tiny_20260118_104712/best_model.pth'
2026-01-18 10:47:35,055 - INFO - --------------------------------------------------
2026-01-18 10:47:35,058 - INFO - [LR]    [2/90] | Learning Rate: 0.001000
2026-01-18 10:47:48,529 - INFO - [Train] [2/90] | Loss: 0.6468 | Train Acc: 64.43%
2026-01-18 10:47:52,549 - INFO - [Valid] [2/90] | Loss: 0.6586 | Val Acc: 62.83%
2026-01-18 10:47:52,600 - INFO - [Metrics for 'abnormal'] | Precision: 0.7541 | Recall: 0.2930 | F1: 0.4220
2026-01-18 10:47:52,601 - INFO - [Metrics for 'normal'] | Precision: 0.6007 | Recall: 0.9176 | F1: 0.7261
2026-01-18 10:47:52,729 - INFO - [Best Model Saved] (val loss: 0.6586) -> 'log/Sewer-TAPNEW/baseline_deit_tiny_20260118_104712/best_model.pth'
2026-01-18 10:47:52,732 - INFO - --------------------------------------------------
2026-01-18 10:47:52,736 - INFO - [LR]    [3/90] | Learning Rate: 0.000999
2026-01-18 10:48:05,691 - INFO - [Train] [3/90] | Loss: 0.5914 | Train Acc: 71.13%
2026-01-18 10:48:09,751 - INFO - [Valid] [3/90] | Loss: 0.6018 | Val Acc: 71.98%
2026-01-18 10:48:09,805 - INFO - [Metrics for 'abnormal'] | Precision: 0.6824 | Recall: 0.7389 | F1: 0.7095
2026-01-18 10:48:09,806 - INFO - [Metrics for 'normal'] | Precision: 0.7574 | Recall: 0.7033 | F1: 0.7293
2026-01-18 10:48:09,964 - INFO - [Best Model Saved] (val loss: 0.6018) -> 'log/Sewer-TAPNEW/baseline_deit_tiny_20260118_104712/best_model.pth'
2026-01-18 10:48:09,965 - INFO - --------------------------------------------------
2026-01-18 10:48:09,974 - INFO - [LR]    [4/90] | Learning Rate: 0.000998
2026-01-18 10:48:24,640 - INFO - [Train] [4/90] | Loss: 0.6020 | Train Acc: 70.54%
2026-01-18 10:48:28,734 - INFO - [Valid] [4/90] | Loss: 0.5766 | Val Acc: 71.39%
2026-01-18 10:48:28,775 - INFO - [Metrics for 'abnormal'] | Precision: 0.6786 | Recall: 0.7261 | F1: 0.7015
2026-01-18 10:48:28,776 - INFO - [Metrics for 'normal'] | Precision: 0.7485 | Recall: 0.7033 | F1: 0.7252
2026-01-18 10:48:28,935 - INFO - [Best Model Saved] (val loss: 0.5766) -> 'log/Sewer-TAPNEW/baseline_deit_tiny_20260118_104712/best_model.pth'
2026-01-18 10:48:28,938 - INFO - --------------------------------------------------
2026-01-18 10:48:28,945 - INFO - [LR]    [5/90] | Learning Rate: 0.000996
2026-01-18 10:48:42,997 - INFO - [Train] [5/90] | Loss: 0.5687 | Train Acc: 74.78%
2026-01-18 10:48:46,774 - INFO - [Valid] [5/90] | Loss: 0.6317 | Val Acc: 68.44%
2026-01-18 10:48:46,849 - INFO - [Metrics for 'abnormal'] | Precision: 0.6214 | Recall: 0.8153 | F1: 0.7052
2026-01-18 10:48:46,849 - INFO - [Metrics for 'normal'] | Precision: 0.7820 | Recall: 0.5714 | F1: 0.6603
2026-01-18 10:48:46,861 - INFO - --------------------------------------------------
2026-01-18 10:48:46,867 - INFO - [LR]    [6/90] | Learning Rate: 0.000993
2026-01-18 10:49:00,799 - INFO - [Train] [6/90] | Loss: 0.5684 | Train Acc: 74.78%
2026-01-18 10:49:04,611 - INFO - [Valid] [6/90] | Loss: 0.6030 | Val Acc: 71.09%
2026-01-18 10:49:04,648 - INFO - [Metrics for 'abnormal'] | Precision: 0.6453 | Recall: 0.8344 | F1: 0.7278
2026-01-18 10:49:04,649 - INFO - [Metrics for 'normal'] | Precision: 0.8088 | Recall: 0.6044 | F1: 0.6918
2026-01-18 10:49:04,661 - INFO - --------------------------------------------------
2026-01-18 10:49:04,667 - INFO - [LR]    [7/90] | Learning Rate: 0.000990
2026-01-18 10:49:19,230 - INFO - [Train] [7/90] | Loss: 0.5484 | Train Acc: 76.71%
2026-01-18 10:49:23,358 - INFO - [Valid] [7/90] | Loss: 0.6015 | Val Acc: 73.75%
2026-01-18 10:49:23,409 - INFO - [Metrics for 'abnormal'] | Precision: 0.8091 | Recall: 0.5669 | F1: 0.6667
2026-01-18 10:49:23,410 - INFO - [Metrics for 'normal'] | Precision: 0.7031 | Recall: 0.8846 | F1: 0.7835
2026-01-18 10:49:23,426 - INFO - --------------------------------------------------
2026-01-18 10:49:23,433 - INFO - [LR]    [8/90] | Learning Rate: 0.000987
2026-01-18 10:49:36,475 - INFO - [Train] [8/90] | Loss: 0.6008 | Train Acc: 70.68%
2026-01-18 10:49:40,648 - INFO - [Valid] [8/90] | Loss: 0.6365 | Val Acc: 69.62%
2026-01-18 10:49:40,678 - INFO - [Metrics for 'abnormal'] | Precision: 0.6824 | Recall: 0.6433 | F1: 0.6623
2026-01-18 10:49:40,680 - INFO - [Metrics for 'normal'] | Precision: 0.7068 | Recall: 0.7418 | F1: 0.7239
2026-01-18 10:49:40,692 - INFO - --------------------------------------------------
2026-01-18 10:49:40,698 - INFO - [LR]    [9/90] | Learning Rate: 0.000983
2026-01-18 10:49:55,763 - INFO - [Train] [9/90] | Loss: 0.5794 | Train Acc: 72.77%
2026-01-18 10:49:59,536 - INFO - [Valid] [9/90] | Loss: 0.6057 | Val Acc: 69.62%
2026-01-18 10:49:59,557 - INFO - [Metrics for 'abnormal'] | Precision: 0.6337 | Recall: 0.8153 | F1: 0.7131
2026-01-18 10:49:59,557 - INFO - [Metrics for 'normal'] | Precision: 0.7883 | Recall: 0.5934 | F1: 0.6771
2026-01-18 10:49:59,564 - INFO - --------------------------------------------------
2026-01-18 10:49:59,568 - INFO - [LR]    [10/90] | Learning Rate: 0.000978
2026-01-18 10:50:12,671 - INFO - [Train] [10/90] | Loss: 0.5676 | Train Acc: 72.02%
2026-01-18 10:50:16,887 - INFO - [Valid] [10/90] | Loss: 0.5759 | Val Acc: 73.75%
2026-01-18 10:50:16,916 - INFO - [Metrics for 'abnormal'] | Precision: 0.7361 | Recall: 0.6752 | F1: 0.7043
2026-01-18 10:50:16,916 - INFO - [Metrics for 'normal'] | Precision: 0.7385 | Recall: 0.7912 | F1: 0.7639
2026-01-18 10:50:17,043 - INFO - [Best Model Saved] (val loss: 0.5759) -> 'log/Sewer-TAPNEW/baseline_deit_tiny_20260118_104712/best_model.pth'
2026-01-18 10:50:17,044 - INFO - --------------------------------------------------
2026-01-18 10:50:17,049 - INFO - [LR]    [11/90] | Learning Rate: 0.000973
2026-01-18 10:50:30,842 - INFO - [Train] [11/90] | Loss: 0.5415 | Train Acc: 76.12%
2026-01-18 10:50:34,958 - INFO - [Valid] [11/90] | Loss: 0.5586 | Val Acc: 75.81%
2026-01-18 10:50:34,985 - INFO - [Metrics for 'abnormal'] | Precision: 0.7273 | Recall: 0.7643 | F1: 0.7453
2026-01-18 10:50:34,986 - INFO - [Metrics for 'normal'] | Precision: 0.7874 | Recall: 0.7527 | F1: 0.7697
2026-01-18 10:50:35,103 - INFO - [Best Model Saved] (val loss: 0.5586) -> 'log/Sewer-TAPNEW/baseline_deit_tiny_20260118_104712/best_model.pth'
2026-01-18 10:50:35,104 - INFO - --------------------------------------------------
2026-01-18 10:50:35,109 - INFO - [LR]    [12/90] | Learning Rate: 0.000967
2026-01-18 10:50:49,113 - INFO - [Train] [12/90] | Loss: 0.5224 | Train Acc: 78.42%
2026-01-18 10:50:52,971 - INFO - [Valid] [12/90] | Loss: 0.5728 | Val Acc: 74.34%
2026-01-18 10:50:53,005 - INFO - [Metrics for 'abnormal'] | Precision: 0.7160 | Recall: 0.7389 | F1: 0.7273
2026-01-18 10:50:53,006 - INFO - [Metrics for 'normal'] | Precision: 0.7684 | Recall: 0.7473 | F1: 0.7577
2026-01-18 10:50:53,016 - INFO - --------------------------------------------------
2026-01-18 10:50:53,022 - INFO - [LR]    [13/90] | Learning Rate: 0.000961
2026-01-18 10:51:06,770 - INFO - [Train] [13/90] | Loss: 0.5256 | Train Acc: 78.42%
2026-01-18 10:51:10,492 - INFO - [Valid] [13/90] | Loss: 0.6246 | Val Acc: 71.98%
2026-01-18 10:51:10,554 - INFO - [Metrics for 'abnormal'] | Precision: 0.7870 | Recall: 0.5414 | F1: 0.6415
2026-01-18 10:51:10,558 - INFO - [Metrics for 'normal'] | Precision: 0.6883 | Recall: 0.8736 | F1: 0.7700
2026-01-18 10:51:10,578 - INFO - --------------------------------------------------
2026-01-18 10:51:10,590 - INFO - [LR]    [14/90] | Learning Rate: 0.000954
2026-01-18 10:51:24,658 - INFO - [Train] [14/90] | Loss: 0.5426 | Train Acc: 77.01%
2026-01-18 10:51:28,422 - INFO - [Valid] [14/90] | Loss: 0.5634 | Val Acc: 75.52%
2026-01-18 10:51:28,486 - INFO - [Metrics for 'abnormal'] | Precision: 0.7372 | Recall: 0.7325 | F1: 0.7348
2026-01-18 10:51:28,487 - INFO - [Metrics for 'normal'] | Precision: 0.7705 | Recall: 0.7747 | F1: 0.7726
2026-01-18 10:51:28,522 - INFO - --------------------------------------------------
2026-01-18 10:51:28,530 - INFO - [LR]    [15/90] | Learning Rate: 0.000947
2026-01-18 10:51:43,630 - INFO - [Train] [15/90] | Loss: 0.5608 | Train Acc: 75.82%
2026-01-18 10:51:48,159 - INFO - [Valid] [15/90] | Loss: 0.5706 | Val Acc: 74.93%
2026-01-18 10:51:48,188 - INFO - [Metrics for 'abnormal'] | Precision: 0.7812 | Recall: 0.6369 | F1: 0.7018
2026-01-18 10:51:48,188 - INFO - [Metrics for 'normal'] | Precision: 0.7299 | Recall: 0.8462 | F1: 0.7837
2026-01-18 10:51:48,200 - INFO - --------------------------------------------------
2026-01-18 10:51:48,206 - INFO - [LR]    [16/90] | Learning Rate: 0.000940
2026-01-18 10:52:02,196 - INFO - [Train] [16/90] | Loss: 0.5439 | Train Acc: 76.86%
2026-01-18 10:52:06,440 - INFO - [Valid] [16/90] | Loss: 0.5782 | Val Acc: 77.58%
2026-01-18 10:52:06,506 - INFO - [Metrics for 'abnormal'] | Precision: 0.7547 | Recall: 0.7643 | F1: 0.7595
2026-01-18 10:52:06,506 - INFO - [Metrics for 'normal'] | Precision: 0.7944 | Recall: 0.7857 | F1: 0.7901
2026-01-18 10:52:06,528 - INFO - --------------------------------------------------
2026-01-18 10:52:06,540 - INFO - [LR]    [17/90] | Learning Rate: 0.000932
2026-01-18 10:52:19,951 - INFO - [Train] [17/90] | Loss: 0.5393 | Train Acc: 77.01%
2026-01-18 10:52:23,763 - INFO - [Valid] [17/90] | Loss: 0.5418 | Val Acc: 77.58%
2026-01-18 10:52:23,791 - INFO - [Metrics for 'abnormal'] | Precision: 0.8000 | Recall: 0.6879 | F1: 0.7397
2026-01-18 10:52:23,792 - INFO - [Metrics for 'normal'] | Precision: 0.7598 | Recall: 0.8516 | F1: 0.8031
2026-01-18 10:52:23,944 - INFO - [Best Model Saved] (val loss: 0.5418) -> 'log/Sewer-TAPNEW/baseline_deit_tiny_20260118_104712/best_model.pth'
2026-01-18 10:52:23,946 - INFO - --------------------------------------------------
2026-01-18 10:52:23,957 - INFO - [LR]    [18/90] | Learning Rate: 0.000923
2026-01-18 10:52:37,580 - INFO - [Train] [18/90] | Loss: 0.5127 | Train Acc: 79.17%
2026-01-18 10:52:41,998 - INFO - [Valid] [18/90] | Loss: 0.5300 | Val Acc: 77.58%
2026-01-18 10:52:42,049 - INFO - [Metrics for 'abnormal'] | Precision: 0.7455 | Recall: 0.7834 | F1: 0.7640
2026-01-18 10:52:42,050 - INFO - [Metrics for 'normal'] | Precision: 0.8046 | Recall: 0.7692 | F1: 0.7865
2026-01-18 10:52:42,199 - INFO - [Best Model Saved] (val loss: 0.5300) -> 'log/Sewer-TAPNEW/baseline_deit_tiny_20260118_104712/best_model.pth'
2026-01-18 10:52:42,200 - INFO - --------------------------------------------------
2026-01-18 10:52:42,210 - INFO - [LR]    [19/90] | Learning Rate: 0.000914
2026-01-18 10:52:55,377 - INFO - [Train] [19/90] | Loss: 0.5171 | Train Acc: 79.84%
2026-01-18 10:52:59,297 - INFO - [Valid] [19/90] | Loss: 0.5388 | Val Acc: 78.76%
2026-01-18 10:52:59,317 - INFO - [Metrics for 'abnormal'] | Precision: 0.7673 | Recall: 0.7771 | F1: 0.7722
2026-01-18 10:52:59,317 - INFO - [Metrics for 'normal'] | Precision: 0.8056 | Recall: 0.7967 | F1: 0.8011
2026-01-18 10:52:59,328 - INFO - --------------------------------------------------
2026-01-18 10:52:59,333 - INFO - [LR]    [20/90] | Learning Rate: 0.000905
2026-01-18 10:53:13,541 - INFO - [Train] [20/90] | Loss: 0.5056 | Train Acc: 79.24%
2026-01-18 10:53:17,223 - INFO - [Valid] [20/90] | Loss: 0.5424 | Val Acc: 77.88%
2026-01-18 10:53:17,251 - INFO - [Metrics for 'abnormal'] | Precision: 0.7253 | Recall: 0.8408 | F1: 0.7788
2026-01-18 10:53:17,251 - INFO - [Metrics for 'normal'] | Precision: 0.8408 | Recall: 0.7253 | F1: 0.7788
2026-01-18 10:53:17,261 - INFO - --------------------------------------------------
2026-01-18 10:53:17,266 - INFO - [LR]    [21/90] | Learning Rate: 0.000895
2026-01-18 10:53:30,711 - INFO - [Train] [21/90] | Loss: 0.5153 | Train Acc: 79.32%
2026-01-18 10:53:34,318 - INFO - [Valid] [21/90] | Loss: 0.5248 | Val Acc: 76.99%
2026-01-18 10:53:34,346 - INFO - [Metrics for 'abnormal'] | Precision: 0.7516 | Recall: 0.7516 | F1: 0.7516
2026-01-18 10:53:34,347 - INFO - [Metrics for 'normal'] | Precision: 0.7857 | Recall: 0.7857 | F1: 0.7857
2026-01-18 10:53:34,469 - INFO - [Best Model Saved] (val loss: 0.5248) -> 'log/Sewer-TAPNEW/baseline_deit_tiny_20260118_104712/best_model.pth'
2026-01-18 10:53:34,470 - INFO - --------------------------------------------------
2026-01-18 10:53:34,475 - INFO - [LR]    [22/90] | Learning Rate: 0.000884
2026-01-18 10:53:47,941 - INFO - [Train] [22/90] | Loss: 0.5041 | Train Acc: 79.32%
2026-01-18 10:53:51,967 - INFO - [Valid] [22/90] | Loss: 0.5659 | Val Acc: 75.81%
2026-01-18 10:53:51,989 - INFO - [Metrics for 'abnormal'] | Precision: 0.6923 | Recall: 0.8599 | F1: 0.7670
2026-01-18 10:53:51,989 - INFO - [Metrics for 'normal'] | Precision: 0.8472 | Recall: 0.6703 | F1: 0.7485
2026-01-18 10:53:51,997 - INFO - --------------------------------------------------
2026-01-18 10:53:52,000 - INFO - [LR]    [23/90] | Learning Rate: 0.000874
2026-01-18 10:54:05,293 - INFO - [Train] [23/90] | Loss: 0.5010 | Train Acc: 79.69%
2026-01-18 10:54:09,644 - INFO - [Valid] [23/90] | Loss: 0.5301 | Val Acc: 75.81%
2026-01-18 10:54:09,665 - INFO - [Metrics for 'abnormal'] | Precision: 0.7301 | Recall: 0.7580 | F1: 0.7438
2026-01-18 10:54:09,665 - INFO - [Metrics for 'normal'] | Precision: 0.7841 | Recall: 0.7582 | F1: 0.7709
2026-01-18 10:54:09,672 - INFO - --------------------------------------------------
2026-01-18 10:54:09,677 - INFO - [LR]    [24/90] | Learning Rate: 0.000863
2026-01-18 10:54:23,308 - INFO - [Train] [24/90] | Loss: 0.5094 | Train Acc: 78.65%
2026-01-18 10:54:27,601 - INFO - [Valid] [24/90] | Loss: 0.5280 | Val Acc: 75.52%
2026-01-18 10:54:27,630 - INFO - [Metrics for 'abnormal'] | Precision: 0.7176 | Recall: 0.7771 | F1: 0.7462
2026-01-18 10:54:27,630 - INFO - [Metrics for 'normal'] | Precision: 0.7929 | Recall: 0.7363 | F1: 0.7635
2026-01-18 10:54:27,640 - INFO - --------------------------------------------------
2026-01-18 10:54:27,644 - INFO - [LR]    [25/90] | Learning Rate: 0.000851
2026-01-18 10:54:41,206 - INFO - [Train] [25/90] | Loss: 0.4908 | Train Acc: 80.65%
2026-01-18 10:54:45,712 - INFO - [Valid] [25/90] | Loss: 0.5247 | Val Acc: 77.58%
2026-01-18 10:54:45,741 - INFO - [Metrics for 'abnormal'] | Precision: 0.7396 | Recall: 0.7962 | F1: 0.7669
2026-01-18 10:54:45,741 - INFO - [Metrics for 'normal'] | Precision: 0.8118 | Recall: 0.7582 | F1: 0.7841
2026-01-18 10:54:45,861 - INFO - [Best Model Saved] (val loss: 0.5247) -> 'log/Sewer-TAPNEW/baseline_deit_tiny_20260118_104712/best_model.pth'
2026-01-18 10:54:45,862 - INFO - --------------------------------------------------
2026-01-18 10:54:45,867 - INFO - [LR]    [26/90] | Learning Rate: 0.000839
2026-01-18 10:54:59,253 - INFO - [Train] [26/90] | Loss: 0.4960 | Train Acc: 80.58%
2026-01-18 10:55:03,947 - INFO - [Valid] [26/90] | Loss: 0.5348 | Val Acc: 77.29%
2026-01-18 10:55:03,978 - INFO - [Metrics for 'abnormal'] | Precision: 0.7532 | Recall: 0.7580 | F1: 0.7556
2026-01-18 10:55:03,979 - INFO - [Metrics for 'normal'] | Precision: 0.7901 | Recall: 0.7857 | F1: 0.7879
2026-01-18 10:55:03,990 - INFO - --------------------------------------------------
2026-01-18 10:55:03,996 - INFO - [LR]    [27/90] | Learning Rate: 0.000827
2026-01-18 10:55:17,360 - INFO - [Train] [27/90] | Loss: 0.4935 | Train Acc: 80.28%
2026-01-18 10:55:22,668 - INFO - [Valid] [27/90] | Loss: 0.5330 | Val Acc: 75.22%
2026-01-18 10:55:22,697 - INFO - [Metrics for 'abnormal'] | Precision: 0.7135 | Recall: 0.7771 | F1: 0.7439
2026-01-18 10:55:22,697 - INFO - [Metrics for 'normal'] | Precision: 0.7917 | Recall: 0.7308 | F1: 0.7600
2026-01-18 10:55:22,708 - INFO - --------------------------------------------------
2026-01-18 10:55:22,713 - INFO - [LR]    [28/90] | Learning Rate: 0.000815
2026-01-18 10:55:36,262 - INFO - [Train] [28/90] | Loss: 0.4873 | Train Acc: 80.36%
2026-01-18 10:55:41,576 - INFO - [Valid] [28/90] | Loss: 0.5169 | Val Acc: 79.65%
2026-01-18 10:55:41,651 - INFO - [Metrics for 'abnormal'] | Precision: 0.8188 | Recall: 0.7197 | F1: 0.7661
2026-01-18 10:55:41,652 - INFO - [Metrics for 'normal'] | Precision: 0.7811 | Recall: 0.8626 | F1: 0.8198
2026-01-18 10:55:41,947 - INFO - [Best Model Saved] (val loss: 0.5169) -> 'log/Sewer-TAPNEW/baseline_deit_tiny_20260118_104712/best_model.pth'
2026-01-18 10:55:41,948 - INFO - --------------------------------------------------
2026-01-18 10:55:41,954 - INFO - [LR]    [29/90] | Learning Rate: 0.000802
2026-01-18 10:55:55,533 - INFO - [Train] [29/90] | Loss: 0.4936 | Train Acc: 80.28%
2026-01-18 10:56:00,685 - INFO - [Valid] [29/90] | Loss: 0.5073 | Val Acc: 77.88%
2026-01-18 10:56:00,721 - INFO - [Metrics for 'abnormal'] | Precision: 0.8015 | Recall: 0.6943 | F1: 0.7440
2026-01-18 10:56:00,722 - INFO - [Metrics for 'normal'] | Precision: 0.7635 | Recall: 0.8516 | F1: 0.8052
2026-01-18 10:56:00,890 - INFO - [Best Model Saved] (val loss: 0.5073) -> 'log/Sewer-TAPNEW/baseline_deit_tiny_20260118_104712/best_model.pth'
2026-01-18 10:56:00,896 - INFO - --------------------------------------------------
2026-01-18 10:56:00,908 - INFO - [LR]    [30/90] | Learning Rate: 0.000788
2026-01-18 10:56:14,459 - INFO - [Train] [30/90] | Loss: 0.4890 | Train Acc: 80.58%
2026-01-18 10:56:19,661 - INFO - [Valid] [30/90] | Loss: 0.5262 | Val Acc: 77.88%
2026-01-18 10:56:19,698 - INFO - [Metrics for 'abnormal'] | Precision: 0.7500 | Recall: 0.7834 | F1: 0.7664
2026-01-18 10:56:19,699 - INFO - [Metrics for 'normal'] | Precision: 0.8057 | Recall: 0.7747 | F1: 0.7899
2026-01-18 10:56:19,710 - INFO - --------------------------------------------------
2026-01-18 10:56:19,715 - INFO - [LR]    [31/90] | Learning Rate: 0.000775
2026-01-18 10:56:33,331 - INFO - [Train] [31/90] | Loss: 0.4775 | Train Acc: 82.14%
2026-01-18 10:56:38,529 - INFO - [Valid] [31/90] | Loss: 0.5319 | Val Acc: 75.81%
2026-01-18 10:56:38,558 - INFO - [Metrics for 'abnormal'] | Precision: 0.7049 | Recall: 0.8217 | F1: 0.7588
2026-01-18 10:56:38,558 - INFO - [Metrics for 'normal'] | Precision: 0.8205 | Recall: 0.7033 | F1: 0.7574
2026-01-18 10:56:38,568 - INFO - --------------------------------------------------
2026-01-18 10:56:38,573 - INFO - [LR]    [32/90] | Learning Rate: 0.000761
2026-01-18 10:56:52,383 - INFO - [Train] [32/90] | Loss: 0.4748 | Train Acc: 80.95%
2026-01-18 10:56:56,683 - INFO - [Valid] [32/90] | Loss: 0.5470 | Val Acc: 73.75%
2026-01-18 10:56:56,709 - INFO - [Metrics for 'abnormal'] | Precision: 0.8148 | Recall: 0.5605 | F1: 0.6642
2026-01-18 10:56:56,710 - INFO - [Metrics for 'normal'] | Precision: 0.7013 | Recall: 0.8901 | F1: 0.7845
2026-01-18 10:56:56,720 - INFO - --------------------------------------------------
2026-01-18 10:56:56,725 - INFO - [LR]    [33/90] | Learning Rate: 0.000747
2026-01-18 10:57:09,903 - INFO - [Train] [33/90] | Loss: 0.5030 | Train Acc: 79.84%
2026-01-18 10:57:14,373 - INFO - [Valid] [33/90] | Loss: 0.5368 | Val Acc: 74.04%
2026-01-18 10:57:14,393 - INFO - [Metrics for 'abnormal'] | Precision: 0.7226 | Recall: 0.7134 | F1: 0.7179
2026-01-18 10:57:14,393 - INFO - [Metrics for 'normal'] | Precision: 0.7554 | Recall: 0.7637 | F1: 0.7596
2026-01-18 10:57:14,403 - INFO - --------------------------------------------------
2026-01-18 10:57:14,408 - INFO - [LR]    [34/90] | Learning Rate: 0.000733
2026-01-18 10:57:28,112 - INFO - [Train] [34/90] | Loss: 0.5031 | Train Acc: 80.06%
2026-01-18 10:57:32,502 - INFO - [Valid] [34/90] | Loss: 0.5426 | Val Acc: 77.88%
2026-01-18 10:57:32,534 - INFO - [Metrics for 'abnormal'] | Precision: 0.8060 | Recall: 0.6879 | F1: 0.7423
2026-01-18 10:57:32,535 - INFO - [Metrics for 'normal'] | Precision: 0.7610 | Recall: 0.8571 | F1: 0.8062
2026-01-18 10:57:32,545 - INFO - --------------------------------------------------
2026-01-18 10:57:32,550 - INFO - [LR]    [35/90] | Learning Rate: 0.000719
2026-01-18 10:57:46,066 - INFO - [Train] [35/90] | Loss: 0.5001 | Train Acc: 80.36%
2026-01-18 10:57:50,459 - INFO - [Valid] [35/90] | Loss: 0.5480 | Val Acc: 72.86%
2026-01-18 10:57:50,488 - INFO - [Metrics for 'abnormal'] | Precision: 0.6720 | Recall: 0.8089 | F1: 0.7341
2026-01-18 10:57:50,488 - INFO - [Metrics for 'normal'] | Precision: 0.8000 | Recall: 0.6593 | F1: 0.7229
2026-01-18 10:57:50,498 - INFO - --------------------------------------------------
2026-01-18 10:57:50,503 - INFO - [LR]    [36/90] | Learning Rate: 0.000704
2026-01-18 10:58:04,643 - INFO - [Train] [36/90] | Loss: 0.5083 | Train Acc: 78.42%
2026-01-18 10:58:08,984 - INFO - [Valid] [36/90] | Loss: 0.5404 | Val Acc: 77.88%
2026-01-18 10:58:09,015 - INFO - [Metrics for 'abnormal'] | Precision: 0.7562 | Recall: 0.7707 | F1: 0.7634
2026-01-18 10:58:09,016 - INFO - [Metrics for 'normal'] | Precision: 0.7989 | Recall: 0.7857 | F1: 0.7922
2026-01-18 10:58:09,028 - INFO - --------------------------------------------------
2026-01-18 10:58:09,033 - INFO - [LR]    [37/90] | Learning Rate: 0.000689
2026-01-18 10:58:22,557 - INFO - [Train] [37/90] | Loss: 0.5054 | Train Acc: 79.91%
2026-01-18 10:58:26,532 - INFO - [Valid] [37/90] | Loss: 0.5415 | Val Acc: 76.40%
2026-01-18 10:58:26,562 - INFO - [Metrics for 'abnormal'] | Precision: 0.8235 | Recall: 0.6242 | F1: 0.7101
2026-01-18 10:58:26,563 - INFO - [Metrics for 'normal'] | Precision: 0.7318 | Recall: 0.8846 | F1: 0.8010
2026-01-18 10:58:26,574 - INFO - --------------------------------------------------
2026-01-18 10:58:26,579 - INFO - [LR]    [38/90] | Learning Rate: 0.000674
2026-01-18 10:58:40,171 - INFO - [Train] [38/90] | Loss: 0.4927 | Train Acc: 80.80%
2026-01-18 10:58:44,393 - INFO - [Valid] [38/90] | Loss: 0.5095 | Val Acc: 78.17%
2026-01-18 10:58:44,421 - INFO - [Metrics for 'abnormal'] | Precision: 0.7456 | Recall: 0.8025 | F1: 0.7730
2026-01-18 10:58:44,422 - INFO - [Metrics for 'normal'] | Precision: 0.8176 | Recall: 0.7637 | F1: 0.7898
2026-01-18 10:58:44,433 - INFO - --------------------------------------------------
2026-01-18 10:58:44,438 - INFO - [LR]    [39/90] | Learning Rate: 0.000659
2026-01-18 10:58:58,087 - INFO - [Train] [39/90] | Loss: 0.4851 | Train Acc: 80.28%
2026-01-18 10:59:02,888 - INFO - [Valid] [39/90] | Loss: 0.5155 | Val Acc: 79.65%
2026-01-18 10:59:02,916 - INFO - [Metrics for 'abnormal'] | Precision: 0.7933 | Recall: 0.7580 | F1: 0.7752
2026-01-18 10:59:02,917 - INFO - [Metrics for 'normal'] | Precision: 0.7989 | Recall: 0.8297 | F1: 0.8140
2026-01-18 10:59:02,926 - INFO - --------------------------------------------------
2026-01-18 10:59:02,932 - INFO - [LR]    [40/90] | Learning Rate: 0.000644
2026-01-18 10:59:16,719 - INFO - [Train] [40/90] | Loss: 0.4823 | Train Acc: 80.73%
2026-01-18 10:59:21,421 - INFO - [Valid] [40/90] | Loss: 0.5162 | Val Acc: 77.58%
2026-01-18 10:59:21,442 - INFO - [Metrics for 'abnormal'] | Precision: 0.7914 | Recall: 0.7006 | F1: 0.7432
2026-01-18 10:59:21,442 - INFO - [Metrics for 'normal'] | Precision: 0.7650 | Recall: 0.8407 | F1: 0.8010
2026-01-18 10:59:21,449 - INFO - --------------------------------------------------
2026-01-18 10:59:21,452 - INFO - [LR]    [41/90] | Learning Rate: 0.000628
2026-01-18 10:59:35,137 - INFO - [Train] [41/90] | Loss: 0.4741 | Train Acc: 82.29%
2026-01-18 10:59:39,764 - INFO - [Valid] [41/90] | Loss: 0.5218 | Val Acc: 76.70%
2026-01-18 10:59:39,784 - INFO - [Metrics for 'abnormal'] | Precision: 0.7500 | Recall: 0.7452 | F1: 0.7476
2026-01-18 10:59:39,784 - INFO - [Metrics for 'normal'] | Precision: 0.7814 | Recall: 0.7857 | F1: 0.7836
2026-01-18 10:59:39,791 - INFO - --------------------------------------------------
2026-01-18 10:59:39,794 - INFO - [LR]    [42/90] | Learning Rate: 0.000613
2026-01-18 10:59:54,001 - INFO - [Train] [42/90] | Loss: 0.4763 | Train Acc: 81.70%
2026-01-18 10:59:58,552 - INFO - [Valid] [42/90] | Loss: 0.5117 | Val Acc: 78.47%
2026-01-18 10:59:58,571 - INFO - [Metrics for 'abnormal'] | Precision: 0.8281 | Recall: 0.6752 | F1: 0.7439
2026-01-18 10:59:58,571 - INFO - [Metrics for 'normal'] | Precision: 0.7583 | Recall: 0.8791 | F1: 0.8142
2026-01-18 10:59:58,578 - INFO - --------------------------------------------------
2026-01-18 10:59:58,583 - INFO - [LR]    [43/90] | Learning Rate: 0.000597
2026-01-18 11:00:12,740 - INFO - [Train] [43/90] | Loss: 0.4708 | Train Acc: 81.62%
2026-01-18 11:00:16,927 - INFO - [Valid] [43/90] | Loss: 0.5087 | Val Acc: 78.76%
2026-01-18 11:00:16,955 - INFO - [Metrics for 'abnormal'] | Precision: 0.7742 | Recall: 0.7643 | F1: 0.7692
2026-01-18 11:00:16,955 - INFO - [Metrics for 'normal'] | Precision: 0.7989 | Recall: 0.8077 | F1: 0.8033
2026-01-18 11:00:16,965 - INFO - --------------------------------------------------
2026-01-18 11:00:16,970 - INFO - [LR]    [44/90] | Learning Rate: 0.000581
2026-01-18 11:00:30,575 - INFO - [Train] [44/90] | Loss: 0.4624 | Train Acc: 82.81%
2026-01-18 11:00:35,230 - INFO - [Valid] [44/90] | Loss: 0.5048 | Val Acc: 80.24%
2026-01-18 11:00:35,257 - INFO - [Metrics for 'abnormal'] | Precision: 0.7961 | Recall: 0.7707 | F1: 0.7832
2026-01-18 11:00:35,258 - INFO - [Metrics for 'normal'] | Precision: 0.8075 | Recall: 0.8297 | F1: 0.8184
2026-01-18 11:00:35,377 - INFO - [Best Model Saved] (val loss: 0.5048) -> 'log/Sewer-TAPNEW/baseline_deit_tiny_20260118_104712/best_model.pth'
2026-01-18 11:00:35,377 - INFO - --------------------------------------------------
2026-01-18 11:00:35,382 - INFO - [LR]    [45/90] | Learning Rate: 0.000566
2026-01-18 11:00:48,915 - INFO - [Train] [45/90] | Loss: 0.4639 | Train Acc: 82.81%
2026-01-18 11:00:52,977 - INFO - [Valid] [45/90] | Loss: 0.5220 | Val Acc: 76.99%
2026-01-18 11:00:53,006 - INFO - [Metrics for 'abnormal'] | Precision: 0.7232 | Recall: 0.8153 | F1: 0.7665
2026-01-18 11:00:53,006 - INFO - [Metrics for 'normal'] | Precision: 0.8210 | Recall: 0.7308 | F1: 0.7733
2026-01-18 11:00:53,013 - INFO - --------------------------------------------------
2026-01-18 11:00:53,016 - INFO - [LR]    [46/90] | Learning Rate: 0.000550
2026-01-18 11:01:06,308 - INFO - [Train] [46/90] | Loss: 0.4561 | Train Acc: 82.81%
2026-01-18 11:01:10,571 - INFO - [Valid] [46/90] | Loss: 0.5009 | Val Acc: 78.76%
2026-01-18 11:01:10,591 - INFO - [Metrics for 'abnormal'] | Precision: 0.8244 | Recall: 0.6879 | F1: 0.7500
2026-01-18 11:01:10,591 - INFO - [Metrics for 'normal'] | Precision: 0.7644 | Recall: 0.8736 | F1: 0.8154
2026-01-18 11:01:10,678 - INFO - [Best Model Saved] (val loss: 0.5009) -> 'log/Sewer-TAPNEW/baseline_deit_tiny_20260118_104712/best_model.pth'
2026-01-18 11:01:10,678 - INFO - --------------------------------------------------
2026-01-18 11:01:10,683 - INFO - [LR]    [47/90] | Learning Rate: 0.000534
2026-01-18 11:01:23,969 - INFO - [Train] [47/90] | Loss: 0.4653 | Train Acc: 82.22%
2026-01-18 11:01:28,016 - INFO - [Valid] [47/90] | Loss: 0.4923 | Val Acc: 80.24%
2026-01-18 11:01:28,036 - INFO - [Metrics for 'abnormal'] | Precision: 0.8041 | Recall: 0.7580 | F1: 0.7803
2026-01-18 11:01:28,036 - INFO - [Metrics for 'normal'] | Precision: 0.8010 | Recall: 0.8407 | F1: 0.8204
2026-01-18 11:01:28,148 - INFO - [Best Model Saved] (val loss: 0.4923) -> 'log/Sewer-TAPNEW/baseline_deit_tiny_20260118_104712/best_model.pth'
2026-01-18 11:01:28,149 - INFO - --------------------------------------------------
2026-01-18 11:01:28,152 - INFO - [LR]    [48/90] | Learning Rate: 0.000519
2026-01-18 11:01:41,557 - INFO - [Train] [48/90] | Loss: 0.4622 | Train Acc: 82.37%
2026-01-18 11:01:45,831 - INFO - [Valid] [48/90] | Loss: 0.5099 | Val Acc: 78.17%
2026-01-18 11:01:45,851 - INFO - [Metrics for 'abnormal'] | Precision: 0.8074 | Recall: 0.6943 | F1: 0.7466
2026-01-18 11:01:45,852 - INFO - [Metrics for 'normal'] | Precision: 0.7647 | Recall: 0.8571 | F1: 0.8083
2026-01-18 11:01:45,859 - INFO - --------------------------------------------------
2026-01-18 11:01:45,862 - INFO - [LR]    [49/90] | Learning Rate: 0.000503
2026-01-18 11:01:59,212 - INFO - [Train] [49/90] | Loss: 0.4484 | Train Acc: 83.93%
2026-01-18 11:02:02,997 - INFO - [Valid] [49/90] | Loss: 0.4875 | Val Acc: 81.71%
2026-01-18 11:02:03,016 - INFO - [Metrics for 'abnormal'] | Precision: 0.7746 | Recall: 0.8535 | F1: 0.8121
2026-01-18 11:02:03,017 - INFO - [Metrics for 'normal'] | Precision: 0.8614 | Recall: 0.7857 | F1: 0.8218
2026-01-18 11:02:03,102 - INFO - [Best Model Saved] (val loss: 0.4875) -> 'log/Sewer-TAPNEW/baseline_deit_tiny_20260118_104712/best_model.pth'
2026-01-18 11:02:03,102 - INFO - --------------------------------------------------
2026-01-18 11:02:03,105 - INFO - [LR]    [50/90] | Learning Rate: 0.000487
2026-01-18 11:02:16,822 - INFO - [Train] [50/90] | Loss: 0.4639 | Train Acc: 81.70%
2026-01-18 11:02:20,767 - INFO - [Valid] [50/90] | Loss: 0.4990 | Val Acc: 80.24%
2026-01-18 11:02:20,787 - INFO - [Metrics for 'abnormal'] | Precision: 0.7679 | Recall: 0.8217 | F1: 0.7938
2026-01-18 11:02:20,787 - INFO - [Metrics for 'normal'] | Precision: 0.8363 | Recall: 0.7857 | F1: 0.8102
2026-01-18 11:02:20,794 - INFO - --------------------------------------------------
2026-01-18 11:02:20,797 - INFO - [LR]    [51/90] | Learning Rate: 0.000472
2026-01-18 11:02:35,093 - INFO - [Train] [51/90] | Loss: 0.4636 | Train Acc: 82.66%
2026-01-18 11:02:39,651 - INFO - [Valid] [51/90] | Loss: 0.5247 | Val Acc: 77.29%
2026-01-18 11:02:39,672 - INFO - [Metrics for 'abnormal'] | Precision: 0.7083 | Recall: 0.8662 | F1: 0.7794
2026-01-18 11:02:39,672 - INFO - [Metrics for 'normal'] | Precision: 0.8571 | Recall: 0.6923 | F1: 0.7660
2026-01-18 11:02:39,678 - INFO - --------------------------------------------------
2026-01-18 11:02:39,681 - INFO - [LR]    [52/90] | Learning Rate: 0.000456
2026-01-18 11:02:54,449 - INFO - [Train] [52/90] | Loss: 0.4582 | Train Acc: 82.66%
2026-01-18 11:02:58,428 - INFO - [Valid] [52/90] | Loss: 0.5012 | Val Acc: 78.47%
2026-01-18 11:02:58,455 - INFO - [Metrics for 'abnormal'] | Precision: 0.7500 | Recall: 0.8025 | F1: 0.7754
2026-01-18 11:02:58,456 - INFO - [Metrics for 'normal'] | Precision: 0.8187 | Recall: 0.7692 | F1: 0.7932
2026-01-18 11:02:58,463 - INFO - --------------------------------------------------
2026-01-18 11:02:58,466 - INFO - [LR]    [53/90] | Learning Rate: 0.000441
2026-01-18 11:03:12,267 - INFO - [Train] [53/90] | Loss: 0.4500 | Train Acc: 83.41%
2026-01-18 11:03:16,943 - INFO - [Valid] [53/90] | Loss: 0.5106 | Val Acc: 79.35%
2026-01-18 11:03:16,980 - INFO - [Metrics for 'abnormal'] | Precision: 0.7544 | Recall: 0.8217 | F1: 0.7866
2026-01-18 11:03:16,981 - INFO - [Metrics for 'normal'] | Precision: 0.8333 | Recall: 0.7692 | F1: 0.8000
2026-01-18 11:03:16,991 - INFO - --------------------------------------------------
2026-01-18 11:03:16,996 - INFO - [LR]    [54/90] | Learning Rate: 0.000426
2026-01-18 11:03:30,887 - INFO - [Train] [54/90] | Loss: 0.4505 | Train Acc: 83.11%
2026-01-18 11:03:35,017 - INFO - [Valid] [54/90] | Loss: 0.4978 | Val Acc: 79.06%
2026-01-18 11:03:35,047 - INFO - [Metrics for 'abnormal'] | Precision: 0.8162 | Recall: 0.7070 | F1: 0.7577
2026-01-18 11:03:35,048 - INFO - [Metrics for 'normal'] | Precision: 0.7734 | Recall: 0.8626 | F1: 0.8156
2026-01-18 11:03:35,055 - INFO - --------------------------------------------------
2026-01-18 11:03:35,058 - INFO - [LR]    [55/90] | Learning Rate: 0.000411
2026-01-18 11:03:48,964 - INFO - [Train] [55/90] | Loss: 0.4677 | Train Acc: 81.77%
2026-01-18 11:03:53,013 - INFO - [Valid] [55/90] | Loss: 0.5112 | Val Acc: 78.17%
2026-01-18 11:03:53,040 - INFO - [Metrics for 'abnormal'] | Precision: 0.7546 | Recall: 0.7834 | F1: 0.7688
2026-01-18 11:03:53,040 - INFO - [Metrics for 'normal'] | Precision: 0.8068 | Recall: 0.7802 | F1: 0.7933
2026-01-18 11:03:53,051 - INFO - --------------------------------------------------
2026-01-18 11:03:53,056 - INFO - [LR]    [56/90] | Learning Rate: 0.000396
2026-01-18 11:04:06,760 - INFO - [Train] [56/90] | Loss: 0.4597 | Train Acc: 83.04%
2026-01-18 11:04:10,930 - INFO - [Valid] [56/90] | Loss: 0.5157 | Val Acc: 78.17%
2026-01-18 11:04:10,957 - INFO - [Metrics for 'abnormal'] | Precision: 0.8217 | Recall: 0.6752 | F1: 0.7413
2026-01-18 11:04:10,958 - INFO - [Metrics for 'normal'] | Precision: 0.7571 | Recall: 0.8736 | F1: 0.8112
2026-01-18 11:04:10,968 - INFO - --------------------------------------------------
2026-01-18 11:04:10,973 - INFO - [LR]    [57/90] | Learning Rate: 0.000381
2026-01-18 11:04:24,946 - INFO - [Train] [57/90] | Loss: 0.4540 | Train Acc: 83.41%
2026-01-18 11:04:29,240 - INFO - [Valid] [57/90] | Loss: 0.5203 | Val Acc: 79.94%
2026-01-18 11:04:29,270 - INFO - [Metrics for 'abnormal'] | Precision: 0.7432 | Recall: 0.8662 | F1: 0.8000
2026-01-18 11:04:29,272 - INFO - [Metrics for 'normal'] | Precision: 0.8654 | Recall: 0.7418 | F1: 0.7988
2026-01-18 11:04:29,282 - INFO - --------------------------------------------------
2026-01-18 11:04:29,288 - INFO - [LR]    [58/90] | Learning Rate: 0.000367
2026-01-18 11:04:43,210 - INFO - [Train] [58/90] | Loss: 0.4456 | Train Acc: 83.85%
2026-01-18 11:04:47,513 - INFO - [Valid] [58/90] | Loss: 0.4820 | Val Acc: 81.42%
2026-01-18 11:04:47,543 - INFO - [Metrics for 'abnormal'] | Precision: 0.8264 | Recall: 0.7580 | F1: 0.7907
2026-01-18 11:04:47,544 - INFO - [Metrics for 'normal'] | Precision: 0.8051 | Recall: 0.8626 | F1: 0.8329
2026-01-18 11:04:47,709 - INFO - [Best Model Saved] (val loss: 0.4820) -> 'log/Sewer-TAPNEW/baseline_deit_tiny_20260118_104712/best_model.pth'
2026-01-18 11:04:47,712 - INFO - --------------------------------------------------
2026-01-18 11:04:47,724 - INFO - [LR]    [59/90] | Learning Rate: 0.000353
2026-01-18 11:05:01,168 - INFO - [Train] [59/90] | Loss: 0.4472 | Train Acc: 83.41%
2026-01-18 11:05:06,152 - INFO - [Valid] [59/90] | Loss: 0.4937 | Val Acc: 79.35%
2026-01-18 11:05:06,181 - INFO - [Metrics for 'abnormal'] | Precision: 0.7881 | Recall: 0.7580 | F1: 0.7727
2026-01-18 11:05:06,182 - INFO - [Metrics for 'normal'] | Precision: 0.7979 | Recall: 0.8242 | F1: 0.8108
2026-01-18 11:05:06,193 - INFO - --------------------------------------------------
2026-01-18 11:05:06,199 - INFO - [LR]    [60/90] | Learning Rate: 0.000339
2026-01-18 11:05:20,154 - INFO - [Train] [60/90] | Loss: 0.4478 | Train Acc: 83.93%
2026-01-18 11:05:24,418 - INFO - [Valid] [60/90] | Loss: 0.4880 | Val Acc: 79.35%
2026-01-18 11:05:24,451 - INFO - [Metrics for 'abnormal'] | Precision: 0.7881 | Recall: 0.7580 | F1: 0.7727
2026-01-18 11:05:24,451 - INFO - [Metrics for 'normal'] | Precision: 0.7979 | Recall: 0.8242 | F1: 0.8108
2026-01-18 11:05:24,462 - INFO - --------------------------------------------------
2026-01-18 11:05:24,468 - INFO - [LR]    [61/90] | Learning Rate: 0.000325
2026-01-18 11:05:38,471 - INFO - [Train] [61/90] | Loss: 0.4367 | Train Acc: 84.67%
2026-01-18 11:05:43,025 - INFO - [Valid] [61/90] | Loss: 0.4878 | Val Acc: 81.42%
2026-01-18 11:05:43,055 - INFO - [Metrics for 'abnormal'] | Precision: 0.7866 | Recall: 0.8217 | F1: 0.8037
2026-01-18 11:05:43,057 - INFO - [Metrics for 'normal'] | Precision: 0.8400 | Recall: 0.8077 | F1: 0.8235
2026-01-18 11:05:43,068 - INFO - --------------------------------------------------
2026-01-18 11:05:43,074 - INFO - [LR]    [62/90] | Learning Rate: 0.000312
2026-01-18 11:05:56,426 - INFO - [Train] [62/90] | Loss: 0.4361 | Train Acc: 84.82%
2026-01-18 11:06:01,403 - INFO - [Valid] [62/90] | Loss: 0.5056 | Val Acc: 79.94%
2026-01-18 11:06:01,434 - INFO - [Metrics for 'abnormal'] | Precision: 0.7432 | Recall: 0.8662 | F1: 0.8000
2026-01-18 11:06:01,435 - INFO - [Metrics for 'normal'] | Precision: 0.8654 | Recall: 0.7418 | F1: 0.7988
2026-01-18 11:06:01,448 - INFO - --------------------------------------------------
2026-01-18 11:06:01,453 - INFO - [LR]    [63/90] | Learning Rate: 0.000298
2026-01-18 11:06:15,159 - INFO - [Train] [63/90] | Loss: 0.4353 | Train Acc: 84.97%
2026-01-18 11:06:19,633 - INFO - [Valid] [63/90] | Loss: 0.4880 | Val Acc: 80.53%
2026-01-18 11:06:19,667 - INFO - [Metrics for 'abnormal'] | Precision: 0.7791 | Recall: 0.8089 | F1: 0.7937
2026-01-18 11:06:19,668 - INFO - [Metrics for 'normal'] | Precision: 0.8295 | Recall: 0.8022 | F1: 0.8156
2026-01-18 11:06:19,680 - INFO - --------------------------------------------------
2026-01-18 11:06:19,685 - INFO - [LR]    [64/90] | Learning Rate: 0.000285
2026-01-18 11:06:33,327 - INFO - [Train] [64/90] | Loss: 0.4664 | Train Acc: 81.70%
2026-01-18 11:06:38,010 - INFO - [Valid] [64/90] | Loss: 0.5078 | Val Acc: 78.76%
2026-01-18 11:06:38,040 - INFO - [Metrics for 'abnormal'] | Precision: 0.7485 | Recall: 0.8153 | F1: 0.7805
2026-01-18 11:06:38,040 - INFO - [Metrics for 'normal'] | Precision: 0.8274 | Recall: 0.7637 | F1: 0.7943
2026-01-18 11:06:38,050 - INFO - --------------------------------------------------
2026-01-18 11:06:38,055 - INFO - [LR]    [65/90] | Learning Rate: 0.000273
2026-01-18 11:06:51,947 - INFO - [Train] [65/90] | Loss: 0.4665 | Train Acc: 82.14%
2026-01-18 11:06:56,597 - INFO - [Valid] [65/90] | Loss: 0.5403 | Val Acc: 74.93%
2026-01-18 11:06:56,620 - INFO - [Metrics for 'abnormal'] | Precision: 0.7769 | Recall: 0.6433 | F1: 0.7038
2026-01-18 11:06:56,620 - INFO - [Metrics for 'normal'] | Precision: 0.7321 | Recall: 0.8407 | F1: 0.7826
2026-01-18 11:06:56,629 - INFO - --------------------------------------------------
2026-01-18 11:06:56,635 - INFO - [LR]    [66/90] | Learning Rate: 0.000261
2026-01-18 11:07:10,642 - INFO - [Train] [66/90] | Loss: 0.4728 | Train Acc: 82.29%
2026-01-18 11:07:14,812 - INFO - [Valid] [66/90] | Loss: 0.5023 | Val Acc: 78.47%
2026-01-18 11:07:14,842 - INFO - [Metrics for 'abnormal'] | Precision: 0.7800 | Recall: 0.7452 | F1: 0.7622
2026-01-18 11:07:14,843 - INFO - [Metrics for 'normal'] | Precision: 0.7884 | Recall: 0.8187 | F1: 0.8032
2026-01-18 11:07:14,852 - INFO - --------------------------------------------------
2026-01-18 11:07:14,857 - INFO - [LR]    [67/90] | Learning Rate: 0.000249
2026-01-18 11:07:28,486 - INFO - [Train] [67/90] | Loss: 0.4638 | Train Acc: 82.96%
2026-01-18 11:07:32,690 - INFO - [Valid] [67/90] | Loss: 0.5254 | Val Acc: 77.88%
2026-01-18 11:07:32,709 - INFO - [Metrics for 'abnormal'] | Precision: 0.7887 | Recall: 0.7134 | F1: 0.7492
2026-01-18 11:07:32,709 - INFO - [Metrics for 'normal'] | Precision: 0.7716 | Recall: 0.8352 | F1: 0.8021
2026-01-18 11:07:32,716 - INFO - --------------------------------------------------
2026-01-18 11:07:32,719 - INFO - [LR]    [68/90] | Learning Rate: 0.000237
2026-01-18 11:07:46,106 - INFO - [Train] [68/90] | Loss: 0.4611 | Train Acc: 83.04%
2026-01-18 11:07:50,713 - INFO - [Valid] [68/90] | Loss: 0.5163 | Val Acc: 78.17%
2026-01-18 11:07:50,733 - INFO - [Metrics for 'abnormal'] | Precision: 0.7546 | Recall: 0.7834 | F1: 0.7688
2026-01-18 11:07:50,733 - INFO - [Metrics for 'normal'] | Precision: 0.8068 | Recall: 0.7802 | F1: 0.7933
2026-01-18 11:07:50,740 - INFO - --------------------------------------------------
2026-01-18 11:07:50,742 - INFO - [LR]    [69/90] | Learning Rate: 0.000226
2026-01-18 11:08:04,373 - INFO - [Train] [69/90] | Loss: 0.4552 | Train Acc: 84.15%
2026-01-18 11:08:08,815 - INFO - [Valid] [69/90] | Loss: 0.5077 | Val Acc: 77.88%
2026-01-18 11:08:08,834 - INFO - [Metrics for 'abnormal'] | Precision: 0.7662 | Recall: 0.7516 | F1: 0.7588
2026-01-18 11:08:08,835 - INFO - [Metrics for 'normal'] | Precision: 0.7892 | Recall: 0.8022 | F1: 0.7956
2026-01-18 11:08:08,844 - INFO - --------------------------------------------------
2026-01-18 11:08:08,849 - INFO - [LR]    [70/90] | Learning Rate: 0.000216
2026-01-18 11:08:23,050 - INFO - [Train] [70/90] | Loss: 0.4495 | Train Acc: 83.48%
2026-01-18 11:08:26,848 - INFO - [Valid] [70/90] | Loss: 0.5007 | Val Acc: 80.24%
2026-01-18 11:08:26,876 - INFO - [Metrics for 'abnormal'] | Precision: 0.7778 | Recall: 0.8025 | F1: 0.7900
2026-01-18 11:08:26,876 - INFO - [Metrics for 'normal'] | Precision: 0.8249 | Recall: 0.8022 | F1: 0.8134
2026-01-18 11:08:26,887 - INFO - --------------------------------------------------
2026-01-18 11:08:26,892 - INFO - [LR]    [71/90] | Learning Rate: 0.000205
2026-01-18 11:08:41,267 - INFO - [Train] [71/90] | Loss: 0.4428 | Train Acc: 84.00%
2026-01-18 11:08:44,862 - INFO - [Valid] [71/90] | Loss: 0.4908 | Val Acc: 79.65%
2026-01-18 11:08:44,890 - INFO - [Metrics for 'abnormal'] | Precision: 0.7895 | Recall: 0.7643 | F1: 0.7767
2026-01-18 11:08:44,891 - INFO - [Metrics for 'normal'] | Precision: 0.8021 | Recall: 0.8242 | F1: 0.8130
2026-01-18 11:08:44,900 - INFO - --------------------------------------------------
2026-01-18 11:08:44,905 - INFO - [LR]    [72/90] | Learning Rate: 0.000195
2026-01-18 11:08:59,049 - INFO - [Train] [72/90] | Loss: 0.4447 | Train Acc: 84.15%
2026-01-18 11:09:02,811 - INFO - [Valid] [72/90] | Loss: 0.5074 | Val Acc: 80.83%
2026-01-18 11:09:02,839 - INFO - [Metrics for 'abnormal'] | Precision: 0.7674 | Recall: 0.8408 | F1: 0.8024
2026-01-18 11:09:02,839 - INFO - [Metrics for 'normal'] | Precision: 0.8503 | Recall: 0.7802 | F1: 0.8138
2026-01-18 11:09:02,850 - INFO - --------------------------------------------------
2026-01-18 11:09:02,856 - INFO - [LR]    [73/90] | Learning Rate: 0.000186
2026-01-18 11:09:17,819 - INFO - [Train] [73/90] | Loss: 0.4418 | Train Acc: 84.00%
2026-01-18 11:09:21,214 - INFO - [Valid] [73/90] | Loss: 0.4900 | Val Acc: 80.53%
2026-01-18 11:09:21,233 - INFO - [Metrics for 'abnormal'] | Precision: 0.7692 | Recall: 0.8280 | F1: 0.7975
2026-01-18 11:09:21,233 - INFO - [Metrics for 'normal'] | Precision: 0.8412 | Recall: 0.7857 | F1: 0.8125
2026-01-18 11:09:21,240 - INFO - --------------------------------------------------
2026-01-18 11:09:21,243 - INFO - [LR]    [74/90] | Learning Rate: 0.000177
2026-01-18 11:09:35,725 - INFO - [Train] [74/90] | Loss: 0.4388 | Train Acc: 84.15%
2026-01-18 11:09:39,260 - INFO - [Valid] [74/90] | Loss: 0.4927 | Val Acc: 80.53%
2026-01-18 11:09:39,280 - INFO - [Metrics for 'abnormal'] | Precision: 0.7725 | Recall: 0.8217 | F1: 0.7963
2026-01-18 11:09:39,280 - INFO - [Metrics for 'normal'] | Precision: 0.8372 | Recall: 0.7912 | F1: 0.8136
2026-01-18 11:09:39,287 - INFO - --------------------------------------------------
2026-01-18 11:09:39,290 - INFO - [LR]    [75/90] | Learning Rate: 0.000168
2026-01-18 11:09:54,196 - INFO - [Train] [75/90] | Loss: 0.4368 | Train Acc: 84.45%
2026-01-18 11:09:57,575 - INFO - [Valid] [75/90] | Loss: 0.4937 | Val Acc: 80.24%
2026-01-18 11:09:57,603 - INFO - [Metrics for 'abnormal'] | Precision: 0.7812 | Recall: 0.7962 | F1: 0.7886
2026-01-18 11:09:57,604 - INFO - [Metrics for 'normal'] | Precision: 0.8212 | Recall: 0.8077 | F1: 0.8144
2026-01-18 11:09:57,614 - INFO - --------------------------------------------------
2026-01-18 11:09:57,621 - INFO - [LR]    [76/90] | Learning Rate: 0.000160
2026-01-18 11:10:11,844 - INFO - [Train] [76/90] | Loss: 0.4343 | Train Acc: 84.97%
2026-01-18 11:10:15,518 - INFO - [Valid] [76/90] | Loss: 0.5105 | Val Acc: 79.94%
2026-01-18 11:10:15,537 - INFO - [Metrics for 'abnormal'] | Precision: 0.7514 | Recall: 0.8471 | F1: 0.7964
2026-01-18 11:10:15,538 - INFO - [Metrics for 'normal'] | Precision: 0.8519 | Recall: 0.7582 | F1: 0.8023
2026-01-18 11:10:15,544 - INFO - --------------------------------------------------
2026-01-18 11:10:15,547 - INFO - [LR]    [77/90] | Learning Rate: 0.000153
2026-01-18 11:10:30,184 - INFO - [Train] [77/90] | Loss: 0.4364 | Train Acc: 84.23%
2026-01-18 11:10:33,886 - INFO - [Valid] [77/90] | Loss: 0.5077 | Val Acc: 79.35%
2026-01-18 11:10:33,914 - INFO - [Metrics for 'abnormal'] | Precision: 0.7351 | Recall: 0.8662 | F1: 0.7953
2026-01-18 11:10:33,915 - INFO - [Metrics for 'normal'] | Precision: 0.8636 | Recall: 0.7308 | F1: 0.7917
2026-01-18 11:10:33,924 - INFO - --------------------------------------------------
2026-01-18 11:10:33,929 - INFO - [LR]    [78/90] | Learning Rate: 0.000146
2026-01-18 11:10:48,522 - INFO - [Train] [78/90] | Loss: 0.4319 | Train Acc: 84.30%
2026-01-18 11:10:52,181 - INFO - [Valid] [78/90] | Loss: 0.5195 | Val Acc: 79.94%
2026-01-18 11:10:52,202 - INFO - [Metrics for 'abnormal'] | Precision: 0.7405 | Recall: 0.8726 | F1: 0.8012
2026-01-18 11:10:52,202 - INFO - [Metrics for 'normal'] | Precision: 0.8701 | Recall: 0.7363 | F1: 0.7976
2026-01-18 11:10:52,209 - INFO - --------------------------------------------------
2026-01-18 11:10:52,212 - INFO - [LR]    [79/90] | Learning Rate: 0.000139
2026-01-18 11:11:06,962 - INFO - [Train] [79/90] | Loss: 0.4311 | Train Acc: 84.90%
2026-01-18 11:11:10,752 - INFO - [Valid] [79/90] | Loss: 0.4909 | Val Acc: 81.12%
2026-01-18 11:11:10,779 - INFO - [Metrics for 'abnormal'] | Precision: 0.7818 | Recall: 0.8217 | F1: 0.8012
2026-01-18 11:11:10,779 - INFO - [Metrics for 'normal'] | Precision: 0.8391 | Recall: 0.8022 | F1: 0.8202
2026-01-18 11:11:10,785 - INFO - --------------------------------------------------
2026-01-18 11:11:10,788 - INFO - [LR]    [80/90] | Learning Rate: 0.000133
2026-01-18 11:11:24,855 - INFO - [Train] [80/90] | Loss: 0.4268 | Train Acc: 84.90%
2026-01-18 11:11:28,426 - INFO - [Valid] [80/90] | Loss: 0.4853 | Val Acc: 81.12%
2026-01-18 11:11:28,455 - INFO - [Metrics for 'abnormal'] | Precision: 0.7818 | Recall: 0.8217 | F1: 0.8012
2026-01-18 11:11:28,456 - INFO - [Metrics for 'normal'] | Precision: 0.8391 | Recall: 0.8022 | F1: 0.8202
2026-01-18 11:11:28,467 - INFO - --------------------------------------------------
2026-01-18 11:11:28,473 - INFO - [LR]    [81/90] | Learning Rate: 0.000127
2026-01-18 11:11:43,163 - INFO - [Train] [81/90] | Loss: 0.4196 | Train Acc: 85.27%
2026-01-18 11:11:47,099 - INFO - [Valid] [81/90] | Loss: 0.4827 | Val Acc: 80.24%
2026-01-18 11:11:47,128 - INFO - [Metrics for 'abnormal'] | Precision: 0.7647 | Recall: 0.8280 | F1: 0.7951
2026-01-18 11:11:47,128 - INFO - [Metrics for 'normal'] | Precision: 0.8402 | Recall: 0.7802 | F1: 0.8091
2026-01-18 11:11:47,139 - INFO - --------------------------------------------------
2026-01-18 11:11:47,144 - INFO - [LR]    [82/90] | Learning Rate: 0.000122
2026-01-18 11:12:01,283 - INFO - [Train] [82/90] | Loss: 0.4306 | Train Acc: 84.90%
2026-01-18 11:12:04,794 - INFO - [Valid] [82/90] | Loss: 0.5173 | Val Acc: 81.12%
2026-01-18 11:12:04,817 - INFO - [Metrics for 'abnormal'] | Precision: 0.7598 | Recall: 0.8662 | F1: 0.8095
2026-01-18 11:12:04,817 - INFO - [Metrics for 'normal'] | Precision: 0.8688 | Recall: 0.7637 | F1: 0.8129
2026-01-18 11:12:04,824 - INFO - --------------------------------------------------
2026-01-18 11:12:04,827 - INFO - [LR]    [83/90] | Learning Rate: 0.000117
2026-01-18 11:12:18,837 - INFO - [Train] [83/90] | Loss: 0.4355 | Train Acc: 84.23%
2026-01-18 11:12:22,535 - INFO - [Valid] [83/90] | Loss: 0.5000 | Val Acc: 81.12%
2026-01-18 11:12:22,557 - INFO - [Metrics for 'abnormal'] | Precision: 0.7569 | Recall: 0.8726 | F1: 0.8107
2026-01-18 11:12:22,557 - INFO - [Metrics for 'normal'] | Precision: 0.8734 | Recall: 0.7582 | F1: 0.8118
2026-01-18 11:12:22,567 - INFO - --------------------------------------------------
2026-01-18 11:12:22,572 - INFO - [LR]    [84/90] | Learning Rate: 0.000113
2026-01-18 11:12:36,589 - INFO - [Train] [84/90] | Loss: 0.4309 | Train Acc: 83.85%
2026-01-18 11:12:40,382 - INFO - [Valid] [84/90] | Loss: 0.4768 | Val Acc: 80.83%
2026-01-18 11:12:40,424 - INFO - [Metrics for 'abnormal'] | Precision: 0.7674 | Recall: 0.8408 | F1: 0.8024
2026-01-18 11:12:40,424 - INFO - [Metrics for 'normal'] | Precision: 0.8503 | Recall: 0.7802 | F1: 0.8138
2026-01-18 11:12:40,547 - INFO - [Best Model Saved] (val loss: 0.4768) -> 'log/Sewer-TAPNEW/baseline_deit_tiny_20260118_104712/best_model.pth'
2026-01-18 11:12:40,547 - INFO - --------------------------------------------------
2026-01-18 11:12:40,552 - INFO - [LR]    [85/90] | Learning Rate: 0.000110
2026-01-18 11:12:53,215 - INFO - [Train] [85/90] | Loss: 0.4311 | Train Acc: 85.04%
2026-01-18 11:12:56,903 - INFO - [Valid] [85/90] | Loss: 0.4815 | Val Acc: 80.24%
2026-01-18 11:12:56,935 - INFO - [Metrics for 'abnormal'] | Precision: 0.7885 | Recall: 0.7834 | F1: 0.7859
2026-01-18 11:12:56,936 - INFO - [Metrics for 'normal'] | Precision: 0.8142 | Recall: 0.8187 | F1: 0.8164
2026-01-18 11:12:56,945 - INFO - --------------------------------------------------
2026-01-18 11:12:56,950 - INFO - [LR]    [86/90] | Learning Rate: 0.000107
2026-01-18 11:13:11,987 - INFO - [Train] [86/90] | Loss: 0.4263 | Train Acc: 84.45%
2026-01-18 11:13:17,082 - INFO - [Valid] [86/90] | Loss: 0.4775 | Val Acc: 81.71%
2026-01-18 11:13:17,126 - INFO - [Metrics for 'abnormal'] | Precision: 0.7914 | Recall: 0.8217 | F1: 0.8063
2026-01-18 11:13:17,127 - INFO - [Metrics for 'normal'] | Precision: 0.8409 | Recall: 0.8132 | F1: 0.8268
2026-01-18 11:13:17,140 - INFO - --------------------------------------------------
2026-01-18 11:13:17,145 - INFO - [LR]    [87/90] | Learning Rate: 0.000104
2026-01-18 11:13:27,568 - INFO - [Train] [87/90] | Loss: 0.4263 | Train Acc: 85.04%
2026-01-18 11:13:31,945 - INFO - [Valid] [87/90] | Loss: 0.4771 | Val Acc: 81.42%
2026-01-18 11:13:31,973 - INFO - [Metrics for 'abnormal'] | Precision: 0.7733 | Recall: 0.8471 | F1: 0.8085
2026-01-18 11:13:31,974 - INFO - [Metrics for 'normal'] | Precision: 0.8563 | Recall: 0.7857 | F1: 0.8195
2026-01-18 11:13:31,983 - INFO - --------------------------------------------------
2026-01-18 11:13:31,989 - INFO - [LR]    [88/90] | Learning Rate: 0.000102
2026-01-18 11:13:43,354 - INFO - [Train] [88/90] | Loss: 0.4239 | Train Acc: 85.42%
2026-01-18 11:13:46,139 - INFO - [Valid] [88/90] | Loss: 0.4779 | Val Acc: 79.94%
2026-01-18 11:13:46,158 - INFO - [Metrics for 'abnormal'] | Precision: 0.7764 | Recall: 0.7962 | F1: 0.7862
2026-01-18 11:13:46,158 - INFO - [Metrics for 'normal'] | Precision: 0.8202 | Recall: 0.8022 | F1: 0.8111
2026-01-18 11:13:46,165 - INFO - --------------------------------------------------
2026-01-18 11:13:46,168 - INFO - [LR]    [89/90] | Learning Rate: 0.000101
2026-01-18 11:13:55,539 - INFO - [Train] [89/90] | Loss: 0.4235 | Train Acc: 85.12%
2026-01-18 11:13:58,184 - INFO - [Valid] [89/90] | Loss: 0.4833 | Val Acc: 79.65%
2026-01-18 11:13:58,204 - INFO - [Metrics for 'abnormal'] | Precision: 0.7821 | Recall: 0.7771 | F1: 0.7796
2026-01-18 11:13:58,204 - INFO - [Metrics for 'normal'] | Precision: 0.8087 | Recall: 0.8132 | F1: 0.8110
2026-01-18 11:13:58,211 - INFO - --------------------------------------------------
2026-01-18 11:13:58,214 - INFO - [LR]    [90/90] | Learning Rate: 0.000100
2026-01-18 11:14:07,525 - INFO - [Train] [90/90] | Loss: 0.4256 | Train Acc: 84.90%
2026-01-18 11:14:10,170 - INFO - [Valid] [90/90] | Loss: 0.4818 | Val Acc: 81.71%
2026-01-18 11:14:10,194 - INFO - [Metrics for 'abnormal'] | Precision: 0.8025 | Recall: 0.8025 | F1: 0.8025
2026-01-18 11:14:10,194 - INFO - [Metrics for 'normal'] | Precision: 0.8297 | Recall: 0.8297 | F1: 0.8297
2026-01-18 11:14:10,203 - INFO - ==================================================
2026-01-18 11:14:10,203 - INFO - 훈련 완료. 최고 성능 모델을 불러와 테스트 세트로 최종 평가합니다.
2026-01-18 11:14:10,203 - INFO - 최종 평가를 위해 새로운 모델 객체를 생성합니다.
2026-01-18 11:14:10,203 - INFO - Baseline 모델 'deit_tiny'을(를) 생성합니다 (사전 훈련 가중치: 미사용).
2026-01-18 11:14:10,489 - INFO - timm 모델(deit_tiny)의 Attention.forward를 Pruning 호환성을 위해 Monkey-patching 합니다.
2026-01-18 11:14:10,599 - INFO - 최고 성능 모델 가중치를 새로 생성된 모델 객체에 로드 완료: 'log/Sewer-TAPNEW/baseline_deit_tiny_20260118_104712/best_model.pth'
2026-01-18 11:14:10,600 - INFO - ==================================================
2026-01-18 11:14:10,600 - INFO - Test 모드를 시작합니다.
2026-01-18 11:14:10,809 - INFO - 연산량 (MACs): 1.0747 GMACs per sample
2026-01-18 11:14:10,810 - INFO - 연산량 (FLOPs): 2.1493 GFLOPs per sample
2026-01-18 11:14:10,810 - INFO - ==================================================
2026-01-18 11:14:10,810 - INFO - GPU 캐시를 비우고 측정을 시작합니다.
2026-01-18 11:14:13,151 - INFO - 샘플 당 평균 Forward Pass 시간: 11.17ms (std: 1.95ms), FPS: 90.61 (std: 6.45) (1개 샘플 x 100회 반복)
2026-01-18 11:14:13,153 - INFO - 샘플 당 Forward Pass 시 최대 GPU 메모리 사용량: 125.06 MB
2026-01-18 11:14:13,153 - INFO - 테스트 데이터셋에 대한 추론을 시작합니다.
2026-01-18 11:14:17,564 - INFO - [Test] Loss: 0.4103 | Test Acc: 80.83%
2026-01-18 11:14:17,588 - INFO - [Metrics for 'abnormal'] | Precision: 0.7674 | Recall: 0.8408 | F1: 0.8024
2026-01-18 11:14:17,588 - INFO - [Metrics for 'normal'] | Precision: 0.8503 | Recall: 0.7802 | F1: 0.8138
2026-01-18 11:14:18,587 - INFO - ==================================================
2026-01-18 11:14:18,587 - INFO - 혼동 행렬 저장 완료. 'log/Sewer-TAPNEW/baseline_deit_tiny_20260118_104712/confusion_matrix_20260118_104712.png' and 'log/Sewer-TAPNEW/baseline_deit_tiny_20260118_104712/confusion_matrix_20260118_104712.pdf'
2026-01-18 11:14:18,587 - INFO - ==================================================
2026-01-18 11:14:18,588 - INFO - ONNX 변환 및 평가를 시작합니다.
2026-01-18 11:14:19,986 - INFO - 모델이 ONNX 형식으로 변환되어 'log/Sewer-TAPNEW/baseline_deit_tiny_20260118_104712/model_fp32_20260118_104712.onnx'에 저장되었습니다. (크기: 21.18 MB)
2026-01-18 11:14:20,846 - INFO - [Model Load] ONNX 모델(FP32) 로드 중 피크 메모리 - 모델 로드 전 청소 직후 메모리: 28.17 MB
2026-01-18 11:14:20,846 - INFO - ONNX 런타임의 샘플 당 Forward Pass 시간 측정을 시작합니다...
2026-01-18 11:14:25,375 - INFO - 샘플 당 평균 Forward Pass 시간 (ONNX, CPU): 37.72ms (std: 1.28ms)
2026-01-18 11:14:25,376 - INFO - 샘플 당 평균 FPS (ONNX, CPU): 26.54 FPS (std: 0.83) (1개 샘플 x 100회 반복)
2026-01-18 11:14:25,376 - INFO - [Inference] 추론 중 피크 메모리 - 모델 로드 후 메모리 정리 직후 메모리: 4.06 MB
2026-01-18 11:14:25,376 - INFO - [Total] (FP32) 추론 중 피크 메모리 - 모델 로드 전 청소 직후 메모리: 36.78 MB
2026-01-18 11:14:32,040 - INFO - [Test (ONNX)] | Test Acc (ONNX): 80.83%
2026-01-18 11:14:32,068 - INFO - [Metrics for 'abnormal' (ONNX)] | Precision: 0.7674 | Recall: 0.8408 | F1: 0.8024
2026-01-18 11:14:32,068 - INFO - [Metrics for 'normal' (ONNX)] | Precision: 0.8503 | Recall: 0.7802 | F1: 0.8138
2026-01-18 11:14:32,917 - INFO - Val Acc 그래프 저장 완료: 'log/Sewer-TAPNEW/baseline_deit_tiny_20260118_104712/graph_20260118_104712/val_acc.png' and 'log/Sewer-TAPNEW/baseline_deit_tiny_20260118_104712/graph_20260118_104712/val_acc.pdf'
2026-01-18 11:14:33,807 - INFO - Train/Val Acc 그래프 저장 완료: 'log/Sewer-TAPNEW/baseline_deit_tiny_20260118_104712/graph_20260118_104712/train_val_acc.png' and 'log/Sewer-TAPNEW/baseline_deit_tiny_20260118_104712/graph_20260118_104712/train_val_acc.pdf'
2026-01-18 11:14:34,547 - INFO - F1 (normal) 그래프 저장 완료: 'log/Sewer-TAPNEW/baseline_deit_tiny_20260118_104712/graph_20260118_104712/F1_normal.png' and 'log/Sewer-TAPNEW/baseline_deit_tiny_20260118_104712/graph_20260118_104712/F1_normal.pdf'
2026-01-18 11:14:35,413 - INFO - Validation Loss 그래프 저장 완료: 'log/Sewer-TAPNEW/baseline_deit_tiny_20260118_104712/graph_20260118_104712/val_loss.png' and 'log/Sewer-TAPNEW/baseline_deit_tiny_20260118_104712/graph_20260118_104712/val_loss.pdf'
2026-01-18 11:14:36,187 - INFO - Learning Rate 그래프 저장 완료: 'log/Sewer-TAPNEW/baseline_deit_tiny_20260118_104712/graph_20260118_104712/learning_rate.png' and 'log/Sewer-TAPNEW/baseline_deit_tiny_20260118_104712/graph_20260118_104712/learning_rate.pdf'
2026-01-18 11:14:43,927 - INFO - 종합 그래프 저장 완료: 'log/Sewer-TAPNEW/baseline_deit_tiny_20260118_104712/graph_20260118_104712/compile.png' and 'log/Sewer-TAPNEW/baseline_deit_tiny_20260118_104712/graph_20260118_104712/compile.pdf'
