2026-01-12 13:48:42,051 - INFO - 로그 파일이 'log/Sewer-ML/baseline_mobile_vit_xxs_20260112_134842/log_20260112_134842.log'에 저장됩니다.
2026-01-12 13:48:42,053 - INFO - ==================================================
2026-01-12 13:48:42,053 - INFO - config.yaml:
2026-01-12 13:48:42,053 - INFO - 
run:
  global_seed: 42
  cuda: true
  mode: train
  pth_best_name: best_model.pth
  evaluate_onnx: true
  only_inference: false
  show_log: true
  dataset:
    name: Sewer-ML
    type: csv
    train_split_ratio: 0.8
    paths:
      train_img_dir: /home/user/workspace/disk/nvme1/data/Sewer/Sewer-ML/train
      valid_img_dir: /home/user/workspace/disk/nvme1/data/Sewer/Sewer-ML/valid
      test_img_dir: /home/user/workspace/disk/nvme1/data/Sewer/Sewer-ML/valid
      train_csv: /home/user/workspace/disk/nvme1/data/Sewer/Sewer-ML/SewerML_Train.csv
      valid_csv: /home/user/workspace/disk/nvme1/data/Sewer/Sewer-ML/SewerML_Val.csv
      test_csv: /home/user/workspace/disk/nvme1/data/Sewer/Sewer-ML/SewerML_Val.csv
  random_sampling_ratio:
    train: 1.0
    valid: 1.0
    test: 1.0
  num_workers: 16
training_run:
  epochs: 90
  batch_size: 16
  pre_trained: false
  optimizer: adamw
  lr: 0.001
  weight_decay: 0.0001
  loss_function: CrossEntropyLoss
  label_smoothing: 0.1
  warmup:
    enabled: false
    epochs: 5
    start_lr: 1.0e-05
  scheduler: cosineannealinglr
  scheduler_params:
    T_max: 90
    eta_min: 0.0001
  best_model_criterion: val_loss
training_baseline:
  epochs: 90
  batch_size: 256
  pre_trained: false
  optimizer: adamw
  lr: 0.001
  weight_decay: 0.0001
  loss_function: CrossEntropyLoss
  label_smoothing: 0.1
  warmup:
    enabled: false
    epochs: 5
    start_lr: 1.0e-05
  scheduler: cosineannealinglr
  scheduler_params:
    T_max: 10
    eta_min: 0.0001
  best_model_criterion: val_loss
finetuning_pruned:
  epochs: 80
  batch_size: 16
  optimizer: adamw
  lr: 0.001
  weight_decay: 0.0001
  loss_function: CrossEntropyLoss
  label_smoothing: 0.1
  warmup:
    enabled: false
    epochs: 5
    start_lr: 1.0e-06
  scheduler: cosineannealinglr
  scheduler_params:
    T_max: 80
    eta_min: 0.0001
  best_model_criterion: val_loss
model:
  img_size: 224
  patch_size: 56
  stride: 56
  cnn_feature_extractor:
    name: efficientnet_b0_feat2
  featured_patch_dim: 24
  emb_dim: 24
  num_heads: 2
  num_decoder_layers: 2
  num_decoder_patches: 1
  adaptive_initial_query: true
  decoder_ff_ratio: 2
  dropout: 0.1
  positional_encoding: true
  res_attention: true
  save_attention: true
  num_plot_attention: 0
baseline:
  model_name: mobile_vit_xxs

2026-01-12 13:48:42,053 - INFO - ==================================================
2026-01-12 13:48:42,231 - INFO - CUDA 사용 가능. GPU 사용을 시작합니다. (Device: NVIDIA GeForce RTX 5090)
2026-01-12 13:48:42,231 - INFO - 'Sewer-ML' 데이터 로드를 시작합니다 (Type: csv).
2026-01-12 13:48:42,791 - INFO - 데이터셋 클래스: ['Normal', 'Defect'] (총 2개)
2026-01-12 13:48:42,792 - INFO - 훈련 데이터: 1040129개, 검증 데이터: 130046개, 테스트 데이터: 130046개
2026-01-12 13:48:42,792 - INFO - Baseline 모델 'mobile_vit_xxs'을(를) 생성합니다 (사전 훈련 가중치: 미사용).
2026-01-12 13:48:42,883 - INFO - timm 모델(mobile_vit_xxs)의 Attention.forward를 Pruning 호환성을 위해 Monkey-patching 합니다.
2026-01-12 13:48:42,888 - INFO - ==================================================
2026-01-12 13:48:42,888 - INFO - 모델 파라미터 수:
2026-01-12 13:48:42,888 - INFO -   - 총 파라미터: 951,666 개
2026-01-12 13:48:42,888 - INFO -   - 학습 가능한 파라미터: 951,666 개
2026-01-12 13:48:42,888 - INFO - ================================================================================
2026-01-12 13:48:42,888 - INFO - 단계 1/2: 사전 훈련(Pre-training)을 시작합니다.
2026-01-12 13:48:42,888 - INFO - ================================================================================
2026-01-12 13:48:42,888 - INFO - 옵티마이저: AdamW (lr=0.001, weight_decay=0.0001)
2026-01-12 13:48:42,889 - INFO - 스케줄러: CosineAnnealingLR (T_max=10, eta_min=0.0001)
2026-01-12 13:48:42,889 - INFO - ==================================================
2026-01-12 13:48:42,889 - INFO - train 모드를 시작합니다.
2026-01-12 13:48:42,889 - INFO - 손실 함수: CrossEntropyLoss (label_smoothing: 0.1)
2026-01-12 13:48:42,889 - INFO - Best metric을 초기값(inf)으로 설정합니다.
2026-01-12 13:48:42,889 - INFO - --------------------------------------------------
2026-01-12 13:48:42,889 - INFO - [LR]    [1/90] | Learning Rate: 0.001000
2026-01-12 13:57:21,818 - INFO - [Train] [1/90] | Loss: 0.4269 | Train Acc: 85.33%
2026-01-12 13:58:00,595 - INFO - [Valid] [1/90] | Loss: 0.4049 | Val Acc: 87.05%
2026-01-12 13:58:00,724 - INFO - [Metrics for 'Normal'] | Precision: 0.8783 | Recall: 0.8763 | F1: 0.8773
2026-01-12 13:58:00,724 - INFO - [Metrics for 'Defect'] | Precision: 0.8619 | Recall: 0.8641 | F1: 0.8630
2026-01-12 13:58:00,776 - INFO - [Best Model Saved] (val loss: 0.4049) -> 'log/Sewer-ML/baseline_mobile_vit_xxs_20260112_134842/best_model.pth'
2026-01-12 13:58:00,777 - INFO - --------------------------------------------------
2026-01-12 13:58:00,777 - INFO - [LR]    [2/90] | Learning Rate: 0.000978
2026-01-12 14:06:38,448 - INFO - [Train] [2/90] | Loss: 0.3890 | Train Acc: 88.04%
2026-01-12 14:07:17,081 - INFO - [Valid] [2/90] | Loss: 0.3780 | Val Acc: 88.83%
2026-01-12 14:07:17,209 - INFO - [Metrics for 'Normal'] | Precision: 0.8941 | Recall: 0.8944 | F1: 0.8943
2026-01-12 14:07:17,209 - INFO - [Metrics for 'Defect'] | Precision: 0.8818 | Recall: 0.8815 | F1: 0.8816
2026-01-12 14:07:17,261 - INFO - [Best Model Saved] (val loss: 0.3780) -> 'log/Sewer-ML/baseline_mobile_vit_xxs_20260112_134842/best_model.pth'
2026-01-12 14:07:17,261 - INFO - --------------------------------------------------
2026-01-12 14:07:17,262 - INFO - [LR]    [3/90] | Learning Rate: 0.000914
2026-01-12 14:15:54,904 - INFO - [Train] [3/90] | Loss: 0.3755 | Train Acc: 88.97%
2026-01-12 14:16:33,186 - INFO - [Valid] [3/90] | Loss: 0.3685 | Val Acc: 89.49%
2026-01-12 14:16:33,315 - INFO - [Metrics for 'Normal'] | Precision: 0.8917 | Recall: 0.9118 | F1: 0.9016
2026-01-12 14:16:33,315 - INFO - [Metrics for 'Defect'] | Precision: 0.8987 | Recall: 0.8761 | F1: 0.8872
2026-01-12 14:16:33,367 - INFO - [Best Model Saved] (val loss: 0.3685) -> 'log/Sewer-ML/baseline_mobile_vit_xxs_20260112_134842/best_model.pth'
2026-01-12 14:16:33,367 - INFO - --------------------------------------------------
2026-01-12 14:16:33,368 - INFO - [LR]    [4/90] | Learning Rate: 0.000815
2026-01-12 14:25:11,423 - INFO - [Train] [4/90] | Loss: 0.3662 | Train Acc: 89.59%
2026-01-12 14:25:50,031 - INFO - [Valid] [4/90] | Loss: 0.3635 | Val Acc: 89.80%
2026-01-12 14:25:50,159 - INFO - [Metrics for 'Normal'] | Precision: 0.9185 | Recall: 0.8855 | F1: 0.9017
2026-01-12 14:25:50,159 - INFO - [Metrics for 'Defect'] | Precision: 0.8768 | Recall: 0.9120 | F1: 0.8941
2026-01-12 14:25:50,210 - INFO - [Best Model Saved] (val loss: 0.3635) -> 'log/Sewer-ML/baseline_mobile_vit_xxs_20260112_134842/best_model.pth'
2026-01-12 14:25:50,210 - INFO - --------------------------------------------------
2026-01-12 14:25:50,211 - INFO - [LR]    [5/90] | Learning Rate: 0.000689
2026-01-12 14:34:28,171 - INFO - [Train] [5/90] | Loss: 0.3586 | Train Acc: 90.09%
2026-01-12 14:35:06,852 - INFO - [Valid] [5/90] | Loss: 0.3590 | Val Acc: 90.16%
2026-01-12 14:35:06,970 - INFO - [Metrics for 'Normal'] | Precision: 0.9178 | Recall: 0.8936 | F1: 0.9055
2026-01-12 14:35:06,970 - INFO - [Metrics for 'Defect'] | Precision: 0.8844 | Recall: 0.9104 | F1: 0.8972
2026-01-12 14:35:07,020 - INFO - [Best Model Saved] (val loss: 0.3590) -> 'log/Sewer-ML/baseline_mobile_vit_xxs_20260112_134842/best_model.pth'
2026-01-12 14:35:07,021 - INFO - --------------------------------------------------
2026-01-12 14:35:07,021 - INFO - [LR]    [6/90] | Learning Rate: 0.000550
2026-01-12 14:43:45,200 - INFO - [Train] [6/90] | Loss: 0.3519 | Train Acc: 90.52%
2026-01-12 14:44:23,868 - INFO - [Valid] [6/90] | Loss: 0.3533 | Val Acc: 90.40%
2026-01-12 14:44:23,986 - INFO - [Metrics for 'Normal'] | Precision: 0.9170 | Recall: 0.8997 | F1: 0.9083
2026-01-12 14:44:23,986 - INFO - [Metrics for 'Defect'] | Precision: 0.8901 | Recall: 0.9088 | F1: 0.8994
2026-01-12 14:44:24,039 - INFO - [Best Model Saved] (val loss: 0.3533) -> 'log/Sewer-ML/baseline_mobile_vit_xxs_20260112_134842/best_model.pth'
2026-01-12 14:44:24,039 - INFO - --------------------------------------------------
2026-01-12 14:44:24,039 - INFO - [LR]    [7/90] | Learning Rate: 0.000411
2026-01-12 14:53:01,906 - INFO - [Train] [7/90] | Loss: 0.3460 | Train Acc: 90.94%
2026-01-12 14:53:40,720 - INFO - [Valid] [7/90] | Loss: 0.3504 | Val Acc: 90.66%
2026-01-12 14:53:40,848 - INFO - [Metrics for 'Normal'] | Precision: 0.9180 | Recall: 0.9039 | F1: 0.9109
2026-01-12 14:53:40,848 - INFO - [Metrics for 'Defect'] | Precision: 0.8942 | Recall: 0.9096 | F1: 0.9018
2026-01-12 14:53:40,901 - INFO - [Best Model Saved] (val loss: 0.3504) -> 'log/Sewer-ML/baseline_mobile_vit_xxs_20260112_134842/best_model.pth'
2026-01-12 14:53:40,901 - INFO - --------------------------------------------------
2026-01-12 14:53:40,902 - INFO - [LR]    [8/90] | Learning Rate: 0.000285
2026-01-12 15:02:19,064 - INFO - [Train] [8/90] | Loss: 0.3405 | Train Acc: 91.29%
2026-01-12 15:02:57,819 - INFO - [Valid] [8/90] | Loss: 0.3476 | Val Acc: 90.81%
2026-01-12 15:02:57,949 - INFO - [Metrics for 'Normal'] | Precision: 0.9146 | Recall: 0.9111 | F1: 0.9128
2026-01-12 15:02:57,949 - INFO - [Metrics for 'Defect'] | Precision: 0.9009 | Recall: 0.9048 | F1: 0.9028
2026-01-12 15:02:58,001 - INFO - [Best Model Saved] (val loss: 0.3476) -> 'log/Sewer-ML/baseline_mobile_vit_xxs_20260112_134842/best_model.pth'
2026-01-12 15:02:58,002 - INFO - --------------------------------------------------
2026-01-12 15:02:58,002 - INFO - [LR]    [9/90] | Learning Rate: 0.000186
2026-01-12 15:11:36,291 - INFO - [Train] [9/90] | Loss: 0.3358 | Train Acc: 91.62%
2026-01-12 15:12:14,908 - INFO - [Valid] [9/90] | Loss: 0.3470 | Val Acc: 90.91%
2026-01-12 15:12:15,059 - INFO - [Metrics for 'Normal'] | Precision: 0.9199 | Recall: 0.9068 | F1: 0.9133
2026-01-12 15:12:15,059 - INFO - [Metrics for 'Defect'] | Precision: 0.8973 | Recall: 0.9116 | F1: 0.9044
2026-01-12 15:12:15,128 - INFO - [Best Model Saved] (val loss: 0.3470) -> 'log/Sewer-ML/baseline_mobile_vit_xxs_20260112_134842/best_model.pth'
2026-01-12 15:12:15,128 - INFO - --------------------------------------------------
2026-01-12 15:12:15,129 - INFO - [LR]    [10/90] | Learning Rate: 0.000122
2026-01-12 15:20:53,075 - INFO - [Train] [10/90] | Loss: 0.3323 | Train Acc: 91.84%
2026-01-12 15:21:31,296 - INFO - [Valid] [10/90] | Loss: 0.3470 | Val Acc: 90.90%
2026-01-12 15:21:31,426 - INFO - [Metrics for 'Normal'] | Precision: 0.9223 | Recall: 0.9038 | F1: 0.9129
2026-01-12 15:21:31,426 - INFO - [Metrics for 'Defect'] | Precision: 0.8947 | Recall: 0.9148 | F1: 0.9046
2026-01-12 15:21:31,467 - INFO - --------------------------------------------------
2026-01-12 15:21:31,467 - INFO - [LR]    [11/90] | Learning Rate: 0.000100
2026-01-12 15:30:09,259 - INFO - [Train] [11/90] | Loss: 0.3302 | Train Acc: 91.99%
2026-01-12 15:30:47,519 - INFO - [Valid] [11/90] | Loss: 0.3476 | Val Acc: 90.87%
2026-01-12 15:30:47,649 - INFO - [Metrics for 'Normal'] | Precision: 0.9231 | Recall: 0.9023 | F1: 0.9126
2026-01-12 15:30:47,649 - INFO - [Metrics for 'Defect'] | Precision: 0.8934 | Recall: 0.9159 | F1: 0.9045
2026-01-12 15:30:47,690 - INFO - --------------------------------------------------
2026-01-12 15:30:47,691 - INFO - [LR]    [12/90] | Learning Rate: 0.000122
2026-01-12 15:39:25,950 - INFO - [Train] [12/90] | Loss: 0.3295 | Train Acc: 92.04%
2026-01-12 15:40:04,504 - INFO - [Valid] [12/90] | Loss: 0.3473 | Val Acc: 90.86%
2026-01-12 15:40:04,624 - INFO - [Metrics for 'Normal'] | Precision: 0.9207 | Recall: 0.9049 | F1: 0.9127
2026-01-12 15:40:04,624 - INFO - [Metrics for 'Defect'] | Precision: 0.8956 | Recall: 0.9128 | F1: 0.9041
2026-01-12 15:40:04,664 - INFO - --------------------------------------------------
2026-01-12 15:40:04,665 - INFO - [LR]    [13/90] | Learning Rate: 0.000186
2026-01-12 15:48:42,962 - INFO - [Train] [13/90] | Loss: 0.3302 | Train Acc: 91.99%
2026-01-12 15:49:21,673 - INFO - [Valid] [13/90] | Loss: 0.3474 | Val Acc: 90.86%
2026-01-12 15:49:21,825 - INFO - [Metrics for 'Normal'] | Precision: 0.9248 | Recall: 0.9001 | F1: 0.9123
2026-01-12 15:49:21,825 - INFO - [Metrics for 'Defect'] | Precision: 0.8915 | Recall: 0.9181 | F1: 0.9046
2026-01-12 15:49:21,877 - INFO - --------------------------------------------------
2026-01-12 15:49:21,878 - INFO - [LR]    [14/90] | Learning Rate: 0.000285
2026-01-12 15:58:00,064 - INFO - [Train] [14/90] | Loss: 0.3321 | Train Acc: 91.87%
2026-01-12 15:58:38,682 - INFO - [Valid] [14/90] | Loss: 0.3483 | Val Acc: 90.86%
2026-01-12 15:58:38,814 - INFO - [Metrics for 'Normal'] | Precision: 0.9160 | Recall: 0.9104 | F1: 0.9132
2026-01-12 15:58:38,814 - INFO - [Metrics for 'Defect'] | Precision: 0.9004 | Recall: 0.9066 | F1: 0.9035
2026-01-12 15:58:38,855 - INFO - --------------------------------------------------
2026-01-12 15:58:38,856 - INFO - [LR]    [15/90] | Learning Rate: 0.000411
2026-01-12 16:07:16,896 - INFO - [Train] [15/90] | Loss: 0.3336 | Train Acc: 91.77%
2026-01-12 16:07:55,596 - INFO - [Valid] [15/90] | Loss: 0.3497 | Val Acc: 90.65%
2026-01-12 16:07:55,727 - INFO - [Metrics for 'Normal'] | Precision: 0.9132 | Recall: 0.9094 | F1: 0.9113
2026-01-12 16:07:55,727 - INFO - [Metrics for 'Defect'] | Precision: 0.8991 | Recall: 0.9032 | F1: 0.9012
2026-01-12 16:07:55,768 - INFO - --------------------------------------------------
2026-01-12 16:07:55,769 - INFO - [LR]    [16/90] | Learning Rate: 0.000550
2026-01-12 16:16:33,853 - INFO - [Train] [16/90] | Loss: 0.3363 | Train Acc: 91.59%
2026-01-12 16:17:12,205 - INFO - [Valid] [16/90] | Loss: 0.3514 | Val Acc: 90.56%
2026-01-12 16:17:12,326 - INFO - [Metrics for 'Normal'] | Precision: 0.9144 | Recall: 0.9060 | F1: 0.9102
2026-01-12 16:17:12,326 - INFO - [Metrics for 'Defect'] | Precision: 0.8959 | Recall: 0.9050 | F1: 0.9004
2026-01-12 16:17:12,367 - INFO - --------------------------------------------------
2026-01-12 16:17:12,368 - INFO - [LR]    [17/90] | Learning Rate: 0.000689
2026-01-12 16:25:50,700 - INFO - [Train] [17/90] | Loss: 0.3386 | Train Acc: 91.44%
2026-01-12 16:26:29,324 - INFO - [Valid] [17/90] | Loss: 0.3511 | Val Acc: 90.58%
2026-01-12 16:26:29,454 - INFO - [Metrics for 'Normal'] | Precision: 0.9146 | Recall: 0.9063 | F1: 0.9104
2026-01-12 16:26:29,455 - INFO - [Metrics for 'Defect'] | Precision: 0.8962 | Recall: 0.9052 | F1: 0.9007
2026-01-12 16:26:29,496 - INFO - --------------------------------------------------
2026-01-12 16:26:29,497 - INFO - [LR]    [18/90] | Learning Rate: 0.000815
2026-01-12 16:35:07,654 - INFO - [Train] [18/90] | Loss: 0.3397 | Train Acc: 91.35%
2026-01-12 16:35:46,115 - INFO - [Valid] [18/90] | Loss: 0.3505 | Val Acc: 90.62%
2026-01-12 16:35:46,246 - INFO - [Metrics for 'Normal'] | Precision: 0.9225 | Recall: 0.8979 | F1: 0.9100
2026-01-12 16:35:46,246 - INFO - [Metrics for 'Defect'] | Precision: 0.8890 | Recall: 0.9156 | F1: 0.9021
2026-01-12 16:35:46,287 - INFO - --------------------------------------------------
2026-01-12 16:35:46,288 - INFO - [LR]    [19/90] | Learning Rate: 0.000914
2026-01-12 16:44:24,359 - INFO - [Train] [19/90] | Loss: 0.3401 | Train Acc: 91.30%
2026-01-12 16:45:02,451 - INFO - [Valid] [19/90] | Loss: 0.3517 | Val Acc: 90.56%
2026-01-12 16:45:02,573 - INFO - [Metrics for 'Normal'] | Precision: 0.9035 | Recall: 0.9194 | F1: 0.9114
2026-01-12 16:45:02,573 - INFO - [Metrics for 'Defect'] | Precision: 0.9080 | Recall: 0.8901 | F1: 0.8989
2026-01-12 16:45:02,614 - INFO - --------------------------------------------------
2026-01-12 16:45:02,615 - INFO - [LR]    [20/90] | Learning Rate: 0.000978
2026-01-12 16:53:40,906 - INFO - [Train] [20/90] | Loss: 0.3398 | Train Acc: 91.35%
2026-01-12 16:54:19,713 - INFO - [Valid] [20/90] | Loss: 0.3497 | Val Acc: 90.71%
2026-01-12 16:54:19,843 - INFO - [Metrics for 'Normal'] | Precision: 0.9137 | Recall: 0.9100 | F1: 0.9118
2026-01-12 16:54:19,843 - INFO - [Metrics for 'Defect'] | Precision: 0.8997 | Recall: 0.9038 | F1: 0.9017
2026-01-12 16:54:19,885 - INFO - --------------------------------------------------
2026-01-12 16:54:19,886 - INFO - [LR]    [21/90] | Learning Rate: 0.001000
2026-01-12 17:02:58,086 - INFO - [Train] [21/90] | Loss: 0.3382 | Train Acc: 91.44%
2026-01-12 17:03:36,810 - INFO - [Valid] [21/90] | Loss: 0.3483 | Val Acc: 90.72%
2026-01-12 17:03:36,941 - INFO - [Metrics for 'Normal'] | Precision: 0.9085 | Recall: 0.9166 | F1: 0.9125
2026-01-12 17:03:36,941 - INFO - [Metrics for 'Defect'] | Precision: 0.9057 | Recall: 0.8967 | F1: 0.9012
2026-01-12 17:03:36,983 - INFO - --------------------------------------------------
2026-01-12 17:03:36,984 - INFO - [LR]    [22/90] | Learning Rate: 0.000978
2026-01-12 17:12:15,005 - INFO - [Train] [22/90] | Loss: 0.3360 | Train Acc: 91.59%
2026-01-12 17:12:53,351 - INFO - [Valid] [22/90] | Loss: 0.3523 | Val Acc: 90.47%
2026-01-12 17:12:53,473 - INFO - [Metrics for 'Normal'] | Precision: 0.9273 | Recall: 0.8892 | F1: 0.9079
2026-01-12 17:12:53,473 - INFO - [Metrics for 'Defect'] | Precision: 0.8815 | Recall: 0.9220 | F1: 0.9013
2026-01-12 17:12:53,515 - INFO - --------------------------------------------------
2026-01-12 17:12:53,516 - INFO - [LR]    [23/90] | Learning Rate: 0.000914
2026-01-12 17:21:31,740 - INFO - [Train] [23/90] | Loss: 0.3331 | Train Acc: 91.78%
2026-01-12 17:22:10,072 - INFO - [Valid] [23/90] | Loss: 0.3479 | Val Acc: 90.88%
2026-01-12 17:22:10,235 - INFO - [Metrics for 'Normal'] | Precision: 0.9098 | Recall: 0.9183 | F1: 0.9140
2026-01-12 17:22:10,235 - INFO - [Metrics for 'Defect'] | Precision: 0.9076 | Recall: 0.8981 | F1: 0.9028
2026-01-12 17:22:10,288 - INFO - --------------------------------------------------
2026-01-12 17:22:10,289 - INFO - [LR]    [24/90] | Learning Rate: 0.000815
2026-01-12 17:30:48,288 - INFO - [Train] [24/90] | Loss: 0.3291 | Train Acc: 92.07%
2026-01-12 17:31:26,511 - INFO - [Valid] [24/90] | Loss: 0.3474 | Val Acc: 90.84%
2026-01-12 17:31:26,643 - INFO - [Metrics for 'Normal'] | Precision: 0.9234 | Recall: 0.9012 | F1: 0.9122
2026-01-12 17:31:26,643 - INFO - [Metrics for 'Defect'] | Precision: 0.8923 | Recall: 0.9164 | F1: 0.9042
2026-01-12 17:31:26,685 - INFO - --------------------------------------------------
2026-01-12 17:31:26,686 - INFO - [LR]    [25/90] | Learning Rate: 0.000689
2026-01-12 17:40:04,696 - INFO - [Train] [25/90] | Loss: 0.3246 | Train Acc: 92.36%
2026-01-12 17:40:42,847 - INFO - [Valid] [25/90] | Loss: 0.3466 | Val Acc: 91.00%
2026-01-12 17:40:42,979 - INFO - [Metrics for 'Normal'] | Precision: 0.9255 | Recall: 0.9022 | F1: 0.9137
2026-01-12 17:40:42,979 - INFO - [Metrics for 'Defect'] | Precision: 0.8936 | Recall: 0.9187 | F1: 0.9060
2026-01-12 17:40:43,033 - INFO - [Best Model Saved] (val loss: 0.3466) -> 'log/Sewer-ML/baseline_mobile_vit_xxs_20260112_134842/best_model.pth'
2026-01-12 17:40:43,033 - INFO - --------------------------------------------------
2026-01-12 17:40:43,033 - INFO - [LR]    [26/90] | Learning Rate: 0.000550
2026-01-12 17:49:21,392 - INFO - [Train] [26/90] | Loss: 0.3196 | Train Acc: 92.70%
2026-01-12 17:49:59,612 - INFO - [Valid] [26/90] | Loss: 0.3457 | Val Acc: 91.09%
2026-01-12 17:49:59,744 - INFO - [Metrics for 'Normal'] | Precision: 0.9159 | Recall: 0.9153 | F1: 0.9156
2026-01-12 17:49:59,744 - INFO - [Metrics for 'Defect'] | Precision: 0.9053 | Recall: 0.9060 | F1: 0.9056
2026-01-12 17:49:59,796 - INFO - [Best Model Saved] (val loss: 0.3457) -> 'log/Sewer-ML/baseline_mobile_vit_xxs_20260112_134842/best_model.pth'
2026-01-12 17:49:59,796 - INFO - --------------------------------------------------
2026-01-12 17:49:59,797 - INFO - [LR]    [27/90] | Learning Rate: 0.000411
2026-01-12 17:58:37,817 - INFO - [Train] [27/90] | Loss: 0.3144 | Train Acc: 93.04%
2026-01-12 17:59:16,241 - INFO - [Valid] [27/90] | Loss: 0.3440 | Val Acc: 91.24%
2026-01-12 17:59:16,372 - INFO - [Metrics for 'Normal'] | Precision: 0.9294 | Recall: 0.9027 | F1: 0.9159
2026-01-12 17:59:16,373 - INFO - [Metrics for 'Defect'] | Precision: 0.8945 | Recall: 0.9233 | F1: 0.9087
2026-01-12 17:59:16,426 - INFO - [Best Model Saved] (val loss: 0.3440) -> 'log/Sewer-ML/baseline_mobile_vit_xxs_20260112_134842/best_model.pth'
2026-01-12 17:59:16,426 - INFO - --------------------------------------------------
2026-01-12 17:59:16,427 - INFO - [LR]    [28/90] | Learning Rate: 0.000285
2026-01-12 18:07:54,554 - INFO - [Train] [28/90] | Loss: 0.3094 | Train Acc: 93.38%
2026-01-12 18:08:32,694 - INFO - [Valid] [28/90] | Loss: 0.3468 | Val Acc: 91.00%
2026-01-12 18:08:32,826 - INFO - [Metrics for 'Normal'] | Precision: 0.9299 | Recall: 0.8972 | F1: 0.9133
2026-01-12 18:08:32,827 - INFO - [Metrics for 'Defect'] | Precision: 0.8893 | Recall: 0.9244 | F1: 0.9065
2026-01-12 18:08:32,868 - INFO - --------------------------------------------------
2026-01-12 18:08:32,868 - INFO - [LR]    [29/90] | Learning Rate: 0.000186
2026-01-12 18:17:11,228 - INFO - [Train] [29/90] | Loss: 0.3054 | Train Acc: 93.66%
2026-01-12 18:17:49,995 - INFO - [Valid] [29/90] | Loss: 0.3454 | Val Acc: 91.09%
2026-01-12 18:17:50,128 - INFO - [Metrics for 'Normal'] | Precision: 0.9259 | Recall: 0.9036 | F1: 0.9146
2026-01-12 18:17:50,128 - INFO - [Metrics for 'Defect'] | Precision: 0.8949 | Recall: 0.9190 | F1: 0.9068
2026-01-12 18:17:50,170 - INFO - --------------------------------------------------
2026-01-12 18:17:50,170 - INFO - [LR]    [30/90] | Learning Rate: 0.000122
2026-01-12 18:26:28,238 - INFO - [Train] [30/90] | Loss: 0.3020 | Train Acc: 93.91%
2026-01-12 18:27:06,688 - INFO - [Valid] [30/90] | Loss: 0.3473 | Val Acc: 91.12%
2026-01-12 18:27:06,820 - INFO - [Metrics for 'Normal'] | Precision: 0.9254 | Recall: 0.9047 | F1: 0.9150
2026-01-12 18:27:06,820 - INFO - [Metrics for 'Defect'] | Precision: 0.8960 | Recall: 0.9184 | F1: 0.9071
2026-01-12 18:27:06,862 - INFO - --------------------------------------------------
2026-01-12 18:27:06,862 - INFO - [LR]    [31/90] | Learning Rate: 0.000100
2026-01-12 18:35:45,167 - INFO - [Train] [31/90] | Loss: 0.3001 | Train Acc: 94.03%
2026-01-12 18:36:23,604 - INFO - [Valid] [31/90] | Loss: 0.3479 | Val Acc: 91.09%
2026-01-12 18:36:23,737 - INFO - [Metrics for 'Normal'] | Precision: 0.9253 | Recall: 0.9042 | F1: 0.9147
2026-01-12 18:36:23,737 - INFO - [Metrics for 'Defect'] | Precision: 0.8955 | Recall: 0.9184 | F1: 0.9068
2026-01-12 18:36:23,779 - INFO - --------------------------------------------------
2026-01-12 18:36:23,779 - INFO - [LR]    [32/90] | Learning Rate: 0.000122
2026-01-12 18:45:01,506 - INFO - [Train] [32/90] | Loss: 0.2997 | Train Acc: 94.07%
2026-01-12 18:45:40,116 - INFO - [Valid] [32/90] | Loss: 0.3483 | Val Acc: 91.03%
2026-01-12 18:45:40,249 - INFO - [Metrics for 'Normal'] | Precision: 0.9266 | Recall: 0.9017 | F1: 0.9140
2026-01-12 18:45:40,249 - INFO - [Metrics for 'Defect'] | Precision: 0.8932 | Recall: 0.9200 | F1: 0.9064
2026-01-12 18:45:40,292 - INFO - --------------------------------------------------
2026-01-12 18:45:40,292 - INFO - [LR]    [33/90] | Learning Rate: 0.000186
2026-01-12 18:54:18,293 - INFO - [Train] [33/90] | Loss: 0.3009 | Train Acc: 93.97%
2026-01-12 18:54:56,906 - INFO - [Valid] [33/90] | Loss: 0.3495 | Val Acc: 90.96%
2026-01-12 18:54:57,039 - INFO - [Metrics for 'Normal'] | Precision: 0.9272 | Recall: 0.8995 | F1: 0.9132
2026-01-12 18:54:57,039 - INFO - [Metrics for 'Defect'] | Precision: 0.8911 | Recall: 0.9210 | F1: 0.9058
2026-01-12 18:54:57,081 - INFO - --------------------------------------------------
2026-01-12 18:54:57,082 - INFO - [LR]    [34/90] | Learning Rate: 0.000285
2026-01-12 19:03:35,171 - INFO - [Train] [34/90] | Loss: 0.3025 | Train Acc: 93.86%
2026-01-12 19:04:13,552 - INFO - [Valid] [34/90] | Loss: 0.3505 | Val Acc: 90.93%
2026-01-12 19:04:13,685 - INFO - [Metrics for 'Normal'] | Precision: 0.9277 | Recall: 0.8982 | F1: 0.9127
2026-01-12 19:04:13,685 - INFO - [Metrics for 'Defect'] | Precision: 0.8899 | Recall: 0.9217 | F1: 0.9055
2026-01-12 19:04:13,728 - INFO - --------------------------------------------------
2026-01-12 19:04:13,728 - INFO - [LR]    [35/90] | Learning Rate: 0.000411
2026-01-12 19:12:51,945 - INFO - [Train] [35/90] | Loss: 0.3057 | Train Acc: 93.62%
2026-01-12 19:13:30,414 - INFO - [Valid] [35/90] | Loss: 0.3506 | Val Acc: 90.89%
2026-01-12 19:13:30,547 - INFO - [Metrics for 'Normal'] | Precision: 0.9232 | Recall: 0.9026 | F1: 0.9128
2026-01-12 19:13:30,547 - INFO - [Metrics for 'Defect'] | Precision: 0.8936 | Recall: 0.9159 | F1: 0.9046
2026-01-12 19:13:30,589 - INFO - --------------------------------------------------
2026-01-12 19:13:30,589 - INFO - [LR]    [36/90] | Learning Rate: 0.000550
2026-01-12 19:22:08,811 - INFO - [Train] [36/90] | Loss: 0.3089 | Train Acc: 93.41%
2026-01-12 19:22:47,243 - INFO - [Valid] [36/90] | Loss: 0.3498 | Val Acc: 90.90%
2026-01-12 19:22:47,377 - INFO - [Metrics for 'Normal'] | Precision: 0.9242 | Recall: 0.9017 | F1: 0.9128
2026-01-12 19:22:47,377 - INFO - [Metrics for 'Defect'] | Precision: 0.8929 | Recall: 0.9173 | F1: 0.9049
2026-01-12 19:22:47,419 - INFO - --------------------------------------------------
2026-01-12 19:22:47,420 - INFO - [LR]    [37/90] | Learning Rate: 0.000689
2026-01-12 19:31:25,622 - INFO - [Train] [37/90] | Loss: 0.3123 | Train Acc: 93.17%
2026-01-12 19:32:03,647 - INFO - [Valid] [37/90] | Loss: 0.3491 | Val Acc: 90.94%
2026-01-12 19:32:03,781 - INFO - [Metrics for 'Normal'] | Precision: 0.9189 | Recall: 0.9086 | F1: 0.9137
2026-01-12 19:32:03,781 - INFO - [Metrics for 'Defect'] | Precision: 0.8990 | Recall: 0.9103 | F1: 0.9046
2026-01-12 19:32:03,824 - INFO - --------------------------------------------------
2026-01-12 19:32:03,825 - INFO - [LR]    [38/90] | Learning Rate: 0.000815
2026-01-12 19:40:41,947 - INFO - [Train] [38/90] | Loss: 0.3156 | Train Acc: 92.93%
2026-01-12 19:41:20,347 - INFO - [Valid] [38/90] | Loss: 0.3492 | Val Acc: 90.76%
2026-01-12 19:41:20,479 - INFO - [Metrics for 'Normal'] | Precision: 0.9175 | Recall: 0.9064 | F1: 0.9119
2026-01-12 19:41:20,479 - INFO - [Metrics for 'Defect'] | Precision: 0.8967 | Recall: 0.9088 | F1: 0.9027
2026-01-12 19:41:20,521 - INFO - --------------------------------------------------
2026-01-12 19:41:20,522 - INFO - [LR]    [39/90] | Learning Rate: 0.000914
2026-01-12 19:49:58,590 - INFO - [Train] [39/90] | Loss: 0.3178 | Train Acc: 92.80%
2026-01-12 19:50:36,848 - INFO - [Valid] [39/90] | Loss: 0.3477 | Val Acc: 90.90%
2026-01-12 19:50:36,982 - INFO - [Metrics for 'Normal'] | Precision: 0.9193 | Recall: 0.9074 | F1: 0.9133
2026-01-12 19:50:36,982 - INFO - [Metrics for 'Defect'] | Precision: 0.8979 | Recall: 0.9108 | F1: 0.9043
2026-01-12 19:50:37,024 - INFO - --------------------------------------------------
2026-01-12 19:50:37,025 - INFO - [LR]    [40/90] | Learning Rate: 0.000978
2026-01-12 19:59:15,171 - INFO - [Train] [40/90] | Loss: 0.3189 | Train Acc: 92.71%
2026-01-12 19:59:53,833 - INFO - [Valid] [40/90] | Loss: 0.3498 | Val Acc: 90.78%
2026-01-12 19:59:53,968 - INFO - [Metrics for 'Normal'] | Precision: 0.9323 | Recall: 0.8901 | F1: 0.9107
2026-01-12 19:59:53,968 - INFO - [Metrics for 'Defect'] | Precision: 0.8829 | Recall: 0.9277 | F1: 0.9047
2026-01-12 19:59:54,010 - INFO - --------------------------------------------------
2026-01-12 19:59:54,011 - INFO - [LR]    [41/90] | Learning Rate: 0.001000
2026-01-12 20:08:32,030 - INFO - [Train] [41/90] | Loss: 0.3185 | Train Acc: 92.76%
2026-01-12 20:09:09,987 - INFO - [Valid] [41/90] | Loss: 0.3500 | Val Acc: 90.85%
2026-01-12 20:09:10,112 - INFO - [Metrics for 'Normal'] | Precision: 0.9135 | Recall: 0.9132 | F1: 0.9134
2026-01-12 20:09:10,112 - INFO - [Metrics for 'Defect'] | Precision: 0.9029 | Recall: 0.9033 | F1: 0.9031
2026-01-12 20:09:10,155 - INFO - --------------------------------------------------
2026-01-12 20:09:10,156 - INFO - [LR]    [42/90] | Learning Rate: 0.000978
2026-01-12 20:17:48,233 - INFO - [Train] [42/90] | Loss: 0.3171 | Train Acc: 92.83%
2026-01-12 20:18:26,630 - INFO - [Valid] [42/90] | Loss: 0.3493 | Val Acc: 90.84%
2026-01-12 20:18:26,763 - INFO - [Metrics for 'Normal'] | Precision: 0.9131 | Recall: 0.9135 | F1: 0.9133
2026-01-12 20:18:26,763 - INFO - [Metrics for 'Defect'] | Precision: 0.9032 | Recall: 0.9026 | F1: 0.9029
2026-01-12 20:18:26,806 - INFO - --------------------------------------------------
2026-01-12 20:18:26,806 - INFO - [LR]    [43/90] | Learning Rate: 0.000914
2026-01-12 20:27:04,752 - INFO - [Train] [43/90] | Loss: 0.3148 | Train Acc: 92.98%
2026-01-12 20:27:43,204 - INFO - [Valid] [43/90] | Loss: 0.3520 | Val Acc: 90.66%
2026-01-12 20:27:43,327 - INFO - [Metrics for 'Normal'] | Precision: 0.9323 | Recall: 0.8876 | F1: 0.9094
2026-01-12 20:27:43,327 - INFO - [Metrics for 'Defect'] | Precision: 0.8806 | Recall: 0.9279 | F1: 0.9036
2026-01-12 20:27:43,370 - INFO - --------------------------------------------------
2026-01-12 20:27:43,371 - INFO - [LR]    [44/90] | Learning Rate: 0.000815
2026-01-12 20:36:21,489 - INFO - [Train] [44/90] | Loss: 0.3111 | Train Acc: 93.24%
2026-01-12 20:36:59,987 - INFO - [Valid] [44/90] | Loss: 0.3495 | Val Acc: 90.79%
2026-01-12 20:37:00,120 - INFO - [Metrics for 'Normal'] | Precision: 0.9321 | Recall: 0.8906 | F1: 0.9109
2026-01-12 20:37:00,120 - INFO - [Metrics for 'Defect'] | Precision: 0.8833 | Recall: 0.9274 | F1: 0.9048
2026-01-12 20:37:00,163 - INFO - --------------------------------------------------
2026-01-12 20:37:00,164 - INFO - [LR]    [45/90] | Learning Rate: 0.000689
2026-01-12 20:45:38,375 - INFO - [Train] [45/90] | Loss: 0.3066 | Train Acc: 93.55%
2026-01-12 20:46:17,191 - INFO - [Valid] [45/90] | Loss: 0.3525 | Val Acc: 90.84%
2026-01-12 20:46:17,359 - INFO - [Metrics for 'Normal'] | Precision: 0.9360 | Recall: 0.8873 | F1: 0.9110
2026-01-12 20:46:17,359 - INFO - [Metrics for 'Defect'] | Precision: 0.8808 | Recall: 0.9320 | F1: 0.9057
2026-01-12 20:46:17,414 - INFO - --------------------------------------------------
2026-01-12 20:46:17,415 - INFO - [LR]    [46/90] | Learning Rate: 0.000550
2026-01-12 20:54:55,678 - INFO - [Train] [46/90] | Loss: 0.3014 | Train Acc: 93.89%
2026-01-12 20:55:34,115 - INFO - [Valid] [46/90] | Loss: 0.3508 | Val Acc: 90.97%
2026-01-12 20:55:34,249 - INFO - [Metrics for 'Normal'] | Precision: 0.9149 | Recall: 0.9141 | F1: 0.9145
2026-01-12 20:55:34,249 - INFO - [Metrics for 'Defect'] | Precision: 0.9039 | Recall: 0.9048 | F1: 0.9044
2026-01-12 20:55:34,291 - INFO - --------------------------------------------------
2026-01-12 20:55:34,292 - INFO - [LR]    [47/90] | Learning Rate: 0.000411
2026-01-12 21:04:12,566 - INFO - [Train] [47/90] | Loss: 0.2959 | Train Acc: 94.28%
2026-01-12 21:04:50,601 - INFO - [Valid] [47/90] | Loss: 0.3514 | Val Acc: 90.96%
2026-01-12 21:04:50,737 - INFO - [Metrics for 'Normal'] | Precision: 0.9242 | Recall: 0.9029 | F1: 0.9134
2026-01-12 21:04:50,737 - INFO - [Metrics for 'Defect'] | Precision: 0.8941 | Recall: 0.9171 | F1: 0.9054
2026-01-12 21:04:50,780 - INFO - --------------------------------------------------
2026-01-12 21:04:50,781 - INFO - [LR]    [48/90] | Learning Rate: 0.000285
2026-01-12 21:13:29,297 - INFO - [Train] [48/90] | Loss: 0.2906 | Train Acc: 94.64%
2026-01-12 21:14:07,696 - INFO - [Valid] [48/90] | Loss: 0.3520 | Val Acc: 90.87%
2026-01-12 21:14:07,821 - INFO - [Metrics for 'Normal'] | Precision: 0.9198 | Recall: 0.9062 | F1: 0.9129
2026-01-12 21:14:07,821 - INFO - [Metrics for 'Defect'] | Precision: 0.8967 | Recall: 0.9115 | F1: 0.9041
2026-01-12 21:14:07,863 - INFO - --------------------------------------------------
2026-01-12 21:14:07,864 - INFO - [LR]    [49/90] | Learning Rate: 0.000186
2026-01-12 21:22:45,977 - INFO - [Train] [49/90] | Loss: 0.2859 | Train Acc: 94.97%
2026-01-12 21:23:24,357 - INFO - [Valid] [49/90] | Loss: 0.3563 | Val Acc: 90.90%
2026-01-12 21:23:24,491 - INFO - [Metrics for 'Normal'] | Precision: 0.9264 | Recall: 0.8991 | F1: 0.9125
2026-01-12 21:23:24,491 - INFO - [Metrics for 'Defect'] | Precision: 0.8906 | Recall: 0.9201 | F1: 0.9051
2026-01-12 21:23:24,533 - INFO - --------------------------------------------------
2026-01-12 21:23:24,534 - INFO - [LR]    [50/90] | Learning Rate: 0.000122
2026-01-12 21:32:02,790 - INFO - [Train] [50/90] | Loss: 0.2827 | Train Acc: 95.21%
2026-01-12 21:32:41,583 - INFO - [Valid] [50/90] | Loss: 0.3583 | Val Acc: 90.97%
2026-01-12 21:32:41,717 - INFO - [Metrics for 'Normal'] | Precision: 0.9259 | Recall: 0.9011 | F1: 0.9133
2026-01-12 21:32:41,717 - INFO - [Metrics for 'Defect'] | Precision: 0.8926 | Recall: 0.9193 | F1: 0.9057
2026-01-12 21:32:41,759 - INFO - --------------------------------------------------
2026-01-12 21:32:41,760 - INFO - [LR]    [51/90] | Learning Rate: 0.000100
2026-01-12 21:41:19,930 - INFO - [Train] [51/90] | Loss: 0.2809 | Train Acc: 95.32%
2026-01-12 21:41:58,572 - INFO - [Valid] [51/90] | Loss: 0.3596 | Val Acc: 90.89%
2026-01-12 21:41:58,707 - INFO - [Metrics for 'Normal'] | Precision: 0.9237 | Recall: 0.9021 | F1: 0.9127
2026-01-12 21:41:58,707 - INFO - [Metrics for 'Defect'] | Precision: 0.8932 | Recall: 0.9165 | F1: 0.9047
2026-01-12 21:41:58,750 - INFO - --------------------------------------------------
2026-01-12 21:41:58,750 - INFO - [LR]    [52/90] | Learning Rate: 0.000122
2026-01-12 21:50:36,744 - INFO - [Train] [52/90] | Loss: 0.2807 | Train Acc: 95.33%
2026-01-12 21:51:15,328 - INFO - [Valid] [52/90] | Loss: 0.3590 | Val Acc: 90.83%
2026-01-12 21:51:15,495 - INFO - [Metrics for 'Normal'] | Precision: 0.9239 | Recall: 0.9006 | F1: 0.9121
2026-01-12 21:51:15,496 - INFO - [Metrics for 'Defect'] | Precision: 0.8918 | Recall: 0.9170 | F1: 0.9042
2026-01-12 21:51:15,550 - INFO - --------------------------------------------------
2026-01-12 21:51:15,551 - INFO - [LR]    [53/90] | Learning Rate: 0.000186
2026-01-12 21:59:53,895 - INFO - [Train] [53/90] | Loss: 0.2817 | Train Acc: 95.26%
2026-01-12 22:00:32,144 - INFO - [Valid] [53/90] | Loss: 0.3593 | Val Acc: 90.85%
2026-01-12 22:00:32,279 - INFO - [Metrics for 'Normal'] | Precision: 0.9187 | Recall: 0.9070 | F1: 0.9128
2026-01-12 22:00:32,279 - INFO - [Metrics for 'Defect'] | Precision: 0.8974 | Recall: 0.9102 | F1: 0.9038
2026-01-12 22:00:32,323 - INFO - --------------------------------------------------
2026-01-12 22:00:32,323 - INFO - [LR]    [54/90] | Learning Rate: 0.000285
2026-01-12 22:09:10,471 - INFO - [Train] [54/90] | Loss: 0.2837 | Train Acc: 95.10%
2026-01-12 22:09:48,904 - INFO - [Valid] [54/90] | Loss: 0.3592 | Val Acc: 90.76%
2026-01-12 22:09:49,038 - INFO - [Metrics for 'Normal'] | Precision: 0.9231 | Recall: 0.9000 | F1: 0.9114
2026-01-12 22:09:49,038 - INFO - [Metrics for 'Defect'] | Precision: 0.8911 | Recall: 0.9161 | F1: 0.9034
2026-01-12 22:09:49,081 - INFO - --------------------------------------------------
2026-01-12 22:09:49,081 - INFO - [LR]    [55/90] | Learning Rate: 0.000411
2026-01-12 22:18:27,340 - INFO - [Train] [55/90] | Loss: 0.2873 | Train Acc: 94.84%
2026-01-12 22:19:05,938 - INFO - [Valid] [55/90] | Loss: 0.3620 | Val Acc: 90.53%
2026-01-12 22:19:06,074 - INFO - [Metrics for 'Normal'] | Precision: 0.9169 | Recall: 0.9025 | F1: 0.9096
2026-01-12 22:19:06,074 - INFO - [Metrics for 'Defect'] | Precision: 0.8928 | Recall: 0.9084 | F1: 0.9005
2026-01-12 22:19:06,117 - INFO - --------------------------------------------------
2026-01-12 22:19:06,118 - INFO - [LR]    [56/90] | Learning Rate: 0.000550
2026-01-12 22:27:44,157 - INFO - [Train] [56/90] | Loss: 0.2915 | Train Acc: 94.57%
2026-01-12 22:28:22,784 - INFO - [Valid] [56/90] | Loss: 0.3575 | Val Acc: 90.56%
2026-01-12 22:28:22,920 - INFO - [Metrics for 'Normal'] | Precision: 0.9268 | Recall: 0.8916 | F1: 0.9089
2026-01-12 22:28:22,920 - INFO - [Metrics for 'Defect'] | Precision: 0.8837 | Recall: 0.9212 | F1: 0.9020
2026-01-12 22:28:22,963 - INFO - --------------------------------------------------
2026-01-12 22:28:22,964 - INFO - [LR]    [57/90] | Learning Rate: 0.000689
2026-01-12 22:37:01,148 - INFO - [Train] [57/90] | Loss: 0.2958 | Train Acc: 94.27%
2026-01-12 22:37:40,153 - INFO - [Valid] [57/90] | Loss: 0.3537 | Val Acc: 90.80%
2026-01-12 22:37:40,288 - INFO - [Metrics for 'Normal'] | Precision: 0.9239 | Recall: 0.9000 | F1: 0.9118
2026-01-12 22:37:40,288 - INFO - [Metrics for 'Defect'] | Precision: 0.8913 | Recall: 0.9170 | F1: 0.9039
2026-01-12 22:37:40,332 - INFO - --------------------------------------------------
2026-01-12 22:37:40,332 - INFO - [LR]    [58/90] | Learning Rate: 0.000815
2026-01-12 22:46:18,420 - INFO - [Train] [58/90] | Loss: 0.3318 | Train Acc: 91.84%
2026-01-12 22:46:57,226 - INFO - [Valid] [58/90] | Loss: 0.3497 | Val Acc: 90.72%
2026-01-12 22:46:57,362 - INFO - [Metrics for 'Normal'] | Precision: 0.9142 | Recall: 0.9096 | F1: 0.9119
2026-01-12 22:46:57,362 - INFO - [Metrics for 'Defect'] | Precision: 0.8994 | Recall: 0.9044 | F1: 0.9019
2026-01-12 22:46:57,405 - INFO - --------------------------------------------------
2026-01-12 22:46:57,406 - INFO - [LR]    [59/90] | Learning Rate: 0.000914
2026-01-12 22:55:35,582 - INFO - [Train] [59/90] | Loss: 0.3238 | Train Acc: 92.35%
2026-01-12 22:56:15,039 - INFO - [Valid] [59/90] | Loss: 0.3553 | Val Acc: 90.50%
2026-01-12 22:56:15,164 - INFO - [Metrics for 'Normal'] | Precision: 0.9334 | Recall: 0.8831 | F1: 0.9075
2026-01-12 22:56:15,164 - INFO - [Metrics for 'Defect'] | Precision: 0.8766 | Recall: 0.9295 | F1: 0.9023
2026-01-12 22:56:15,208 - INFO - --------------------------------------------------
2026-01-12 22:56:15,210 - INFO - [LR]    [60/90] | Learning Rate: 0.000978
2026-01-12 23:04:53,400 - INFO - [Train] [60/90] | Loss: 0.3139 | Train Acc: 93.02%
2026-01-12 23:05:32,220 - INFO - [Valid] [60/90] | Loss: 0.3511 | Val Acc: 90.71%
2026-01-12 23:05:32,345 - INFO - [Metrics for 'Normal'] | Precision: 0.9168 | Recall: 0.9064 | F1: 0.9116
2026-01-12 23:05:32,345 - INFO - [Metrics for 'Defect'] | Precision: 0.8966 | Recall: 0.9079 | F1: 0.9022
2026-01-12 23:05:32,388 - INFO - --------------------------------------------------
2026-01-12 23:05:32,389 - INFO - [LR]    [61/90] | Learning Rate: 0.001000
2026-01-12 23:14:10,579 - INFO - [Train] [61/90] | Loss: 0.3099 | Train Acc: 93.30%
2026-01-12 23:14:48,549 - INFO - [Valid] [61/90] | Loss: 0.3589 | Val Acc: 90.44%
2026-01-12 23:14:48,674 - INFO - [Metrics for 'Normal'] | Precision: 0.9342 | Recall: 0.8811 | F1: 0.9068
2026-01-12 23:14:48,674 - INFO - [Metrics for 'Defect'] | Precision: 0.8748 | Recall: 0.9305 | F1: 0.9018
2026-01-12 23:14:48,717 - INFO - --------------------------------------------------
2026-01-12 23:14:48,718 - INFO - [LR]    [62/90] | Learning Rate: 0.000978
2026-01-12 23:23:27,136 - INFO - [Train] [62/90] | Loss: 0.3075 | Train Acc: 93.48%
2026-01-12 23:24:05,792 - INFO - [Valid] [62/90] | Loss: 0.3518 | Val Acc: 90.76%
2026-01-12 23:24:05,918 - INFO - [Metrics for 'Normal'] | Precision: 0.9212 | Recall: 0.9022 | F1: 0.9116
2026-01-12 23:24:05,918 - INFO - [Metrics for 'Defect'] | Precision: 0.8930 | Recall: 0.9137 | F1: 0.9032
2026-01-12 23:24:05,962 - INFO - --------------------------------------------------
2026-01-12 23:24:05,963 - INFO - [LR]    [63/90] | Learning Rate: 0.000914
2026-01-12 23:32:44,153 - INFO - [Train] [63/90] | Loss: 0.3049 | Train Acc: 93.63%
2026-01-12 23:33:22,726 - INFO - [Valid] [63/90] | Loss: 0.3587 | Val Acc: 90.24%
2026-01-12 23:33:22,851 - INFO - [Metrics for 'Normal'] | Precision: 0.9265 | Recall: 0.8854 | F1: 0.9055
2026-01-12 23:33:22,851 - INFO - [Metrics for 'Defect'] | Precision: 0.8778 | Recall: 0.9214 | F1: 0.8991
2026-01-12 23:33:22,894 - INFO - --------------------------------------------------
2026-01-12 23:33:22,895 - INFO - [LR]    [64/90] | Learning Rate: 0.000815
2026-01-12 23:42:01,127 - INFO - [Train] [64/90] | Loss: 0.3008 | Train Acc: 93.93%
2026-01-12 23:42:39,717 - INFO - [Valid] [64/90] | Loss: 0.3550 | Val Acc: 90.74%
2026-01-12 23:42:39,842 - INFO - [Metrics for 'Normal'] | Precision: 0.9275 | Recall: 0.8947 | F1: 0.9108
2026-01-12 23:42:39,842 - INFO - [Metrics for 'Defect'] | Precision: 0.8866 | Recall: 0.9217 | F1: 0.9038
2026-01-12 23:42:39,885 - INFO - --------------------------------------------------
2026-01-12 23:42:39,886 - INFO - [LR]    [65/90] | Learning Rate: 0.000689
2026-01-12 23:51:18,175 - INFO - [Train] [65/90] | Loss: 0.2957 | Train Acc: 94.28%
2026-01-12 23:51:56,703 - INFO - [Valid] [65/90] | Loss: 0.3549 | Val Acc: 90.81%
2026-01-12 23:51:56,832 - INFO - [Metrics for 'Normal'] | Precision: 0.9176 | Recall: 0.9076 | F1: 0.9125
2026-01-12 23:51:56,832 - INFO - [Metrics for 'Defect'] | Precision: 0.8978 | Recall: 0.9087 | F1: 0.9032
2026-01-12 23:51:56,882 - INFO - --------------------------------------------------
2026-01-12 23:51:56,883 - INFO - [LR]    [66/90] | Learning Rate: 0.000550
2026-01-13 00:00:35,119 - INFO - [Train] [66/90] | Loss: 0.2907 | Train Acc: 94.62%
2026-01-13 00:01:13,956 - INFO - [Valid] [66/90] | Loss: 0.3558 | Val Acc: 90.80%
2026-01-13 00:01:14,084 - INFO - [Metrics for 'Normal'] | Precision: 0.9255 | Recall: 0.8982 | F1: 0.9116
2026-01-13 00:01:14,084 - INFO - [Metrics for 'Defect'] | Precision: 0.8897 | Recall: 0.9191 | F1: 0.9042
2026-01-13 00:01:14,129 - INFO - --------------------------------------------------
2026-01-13 00:01:14,130 - INFO - [LR]    [67/90] | Learning Rate: 0.000411
2026-01-13 00:09:52,376 - INFO - [Train] [67/90] | Loss: 0.2849 | Train Acc: 95.00%
2026-01-13 00:10:31,090 - INFO - [Valid] [67/90] | Loss: 0.3588 | Val Acc: 90.72%
2026-01-13 00:10:31,215 - INFO - [Metrics for 'Normal'] | Precision: 0.9251 | Recall: 0.8969 | F1: 0.9108
2026-01-13 00:10:31,215 - INFO - [Metrics for 'Defect'] | Precision: 0.8884 | Recall: 0.9187 | F1: 0.9033
2026-01-13 00:10:31,258 - INFO - --------------------------------------------------
2026-01-13 00:10:31,259 - INFO - [LR]    [68/90] | Learning Rate: 0.000285
2026-01-13 00:19:09,670 - INFO - [Train] [68/90] | Loss: 0.2794 | Train Acc: 95.38%
2026-01-13 00:19:48,192 - INFO - [Valid] [68/90] | Loss: 0.3622 | Val Acc: 90.60%
2026-01-13 00:19:48,317 - INFO - [Metrics for 'Normal'] | Precision: 0.9242 | Recall: 0.8954 | F1: 0.9096
2026-01-13 00:19:48,317 - INFO - [Metrics for 'Defect'] | Precision: 0.8869 | Recall: 0.9178 | F1: 0.9021
2026-01-13 00:19:48,361 - INFO - --------------------------------------------------
2026-01-13 00:19:48,361 - INFO - [LR]    [69/90] | Learning Rate: 0.000186
2026-01-13 00:28:26,744 - INFO - [Train] [69/90] | Loss: 0.2750 | Train Acc: 95.68%
2026-01-13 00:29:05,049 - INFO - [Valid] [69/90] | Loss: 0.3642 | Val Acc: 90.75%
2026-01-13 00:29:05,175 - INFO - [Metrics for 'Normal'] | Precision: 0.9244 | Recall: 0.8982 | F1: 0.9111
2026-01-13 00:29:05,176 - INFO - [Metrics for 'Defect'] | Precision: 0.8896 | Recall: 0.9178 | F1: 0.9035
2026-01-13 00:29:05,219 - INFO - --------------------------------------------------
2026-01-13 00:29:05,220 - INFO - [LR]    [70/90] | Learning Rate: 0.000122
2026-01-13 00:37:43,538 - INFO - [Train] [70/90] | Loss: 0.2717 | Train Acc: 95.90%
2026-01-13 00:38:22,211 - INFO - [Valid] [70/90] | Loss: 0.3653 | Val Acc: 90.77%
2026-01-13 00:38:22,337 - INFO - [Metrics for 'Normal'] | Precision: 0.9197 | Recall: 0.9042 | F1: 0.9119
2026-01-13 00:38:22,337 - INFO - [Metrics for 'Defect'] | Precision: 0.8948 | Recall: 0.9117 | F1: 0.9032
2026-01-13 00:38:22,380 - INFO - --------------------------------------------------
2026-01-13 00:38:22,380 - INFO - [LR]    [71/90] | Learning Rate: 0.000100
2026-01-13 00:47:01,068 - INFO - [Train] [71/90] | Loss: 0.2698 | Train Acc: 96.05%
2026-01-13 00:47:39,843 - INFO - [Valid] [71/90] | Loss: 0.3682 | Val Acc: 90.65%
2026-01-13 00:47:39,970 - INFO - [Metrics for 'Normal'] | Precision: 0.9227 | Recall: 0.8983 | F1: 0.9103
2026-01-13 00:47:39,970 - INFO - [Metrics for 'Defect'] | Precision: 0.8895 | Recall: 0.9158 | F1: 0.9024
2026-01-13 00:47:40,013 - INFO - --------------------------------------------------
2026-01-13 00:47:40,014 - INFO - [LR]    [72/90] | Learning Rate: 0.000122
2026-01-13 00:56:18,414 - INFO - [Train] [72/90] | Loss: 0.2696 | Train Acc: 96.04%
2026-01-13 00:56:57,066 - INFO - [Valid] [72/90] | Loss: 0.3697 | Val Acc: 90.59%
2026-01-13 00:56:57,204 - INFO - [Metrics for 'Normal'] | Precision: 0.9205 | Recall: 0.8996 | F1: 0.9099
2026-01-13 00:56:57,204 - INFO - [Metrics for 'Defect'] | Precision: 0.8904 | Recall: 0.9130 | F1: 0.9016
2026-01-13 00:56:57,248 - INFO - --------------------------------------------------
2026-01-13 00:56:57,249 - INFO - [LR]    [73/90] | Learning Rate: 0.000186
2026-01-13 01:05:35,764 - INFO - [Train] [73/90] | Loss: 0.2707 | Train Acc: 95.98%
2026-01-13 01:06:14,509 - INFO - [Valid] [73/90] | Loss: 0.3683 | Val Acc: 90.58%
2026-01-13 01:06:14,638 - INFO - [Metrics for 'Normal'] | Precision: 0.9218 | Recall: 0.8977 | F1: 0.9096
2026-01-13 01:06:14,638 - INFO - [Metrics for 'Defect'] | Precision: 0.8888 | Recall: 0.9148 | F1: 0.9016
2026-01-13 01:06:14,682 - INFO - --------------------------------------------------
2026-01-13 01:06:14,683 - INFO - [LR]    [74/90] | Learning Rate: 0.000285
2026-01-13 01:14:52,995 - INFO - [Train] [74/90] | Loss: 0.2731 | Train Acc: 95.78%
2026-01-13 01:15:31,706 - INFO - [Valid] [74/90] | Loss: 0.3695 | Val Acc: 90.49%
2026-01-13 01:15:31,833 - INFO - [Metrics for 'Normal'] | Precision: 0.9172 | Recall: 0.9014 | F1: 0.9092
2026-01-13 01:15:31,833 - INFO - [Metrics for 'Defect'] | Precision: 0.8917 | Recall: 0.9089 | F1: 0.9002
2026-01-13 01:15:31,877 - INFO - --------------------------------------------------
2026-01-13 01:15:31,877 - INFO - [LR]    [75/90] | Learning Rate: 0.000411
2026-01-13 01:24:10,300 - INFO - [Train] [75/90] | Loss: 0.2768 | Train Acc: 95.53%
2026-01-13 01:24:48,442 - INFO - [Valid] [75/90] | Loss: 0.3655 | Val Acc: 90.55%
2026-01-13 01:24:48,569 - INFO - [Metrics for 'Normal'] | Precision: 0.9210 | Recall: 0.8982 | F1: 0.9094
2026-01-13 01:24:48,569 - INFO - [Metrics for 'Defect'] | Precision: 0.8891 | Recall: 0.9137 | F1: 0.9013
2026-01-13 01:24:48,613 - INFO - --------------------------------------------------
2026-01-13 01:24:48,614 - INFO - [LR]    [76/90] | Learning Rate: 0.000550
2026-01-13 01:33:26,963 - INFO - [Train] [76/90] | Loss: 0.2809 | Train Acc: 95.25%
2026-01-13 01:34:05,342 - INFO - [Valid] [76/90] | Loss: 0.3661 | Val Acc: 90.53%
2026-01-13 01:34:05,480 - INFO - [Metrics for 'Normal'] | Precision: 0.9286 | Recall: 0.8890 | F1: 0.9084
2026-01-13 01:34:05,481 - INFO - [Metrics for 'Defect'] | Precision: 0.8814 | Recall: 0.9235 | F1: 0.9020
2026-01-13 01:34:05,525 - INFO - --------------------------------------------------
2026-01-13 01:34:05,526 - INFO - [LR]    [77/90] | Learning Rate: 0.000689
2026-01-13 01:42:43,709 - INFO - [Train] [77/90] | Loss: 0.2856 | Train Acc: 94.93%
2026-01-13 01:43:22,102 - INFO - [Valid] [77/90] | Loss: 0.3647 | Val Acc: 90.54%
2026-01-13 01:43:22,229 - INFO - [Metrics for 'Normal'] | Precision: 0.9291 | Recall: 0.8887 | F1: 0.9084
2026-01-13 01:43:22,229 - INFO - [Metrics for 'Defect'] | Precision: 0.8812 | Recall: 0.9241 | F1: 0.9021
2026-01-13 01:43:22,272 - INFO - --------------------------------------------------
2026-01-13 01:43:22,273 - INFO - [LR]    [78/90] | Learning Rate: 0.000815
2026-01-13 01:52:00,748 - INFO - [Train] [78/90] | Loss: 0.2897 | Train Acc: 94.63%
2026-01-13 01:52:38,799 - INFO - [Valid] [78/90] | Loss: 0.3623 | Val Acc: 90.45%
2026-01-13 01:52:38,936 - INFO - [Metrics for 'Normal'] | Precision: 0.9267 | Recall: 0.8895 | F1: 0.9077
2026-01-13 01:52:38,936 - INFO - [Metrics for 'Defect'] | Precision: 0.8817 | Recall: 0.9212 | F1: 0.9010
2026-01-13 01:52:38,978 - INFO - --------------------------------------------------
2026-01-13 01:52:38,979 - INFO - [LR]    [79/90] | Learning Rate: 0.000914
2026-01-13 02:01:17,107 - INFO - [Train] [79/90] | Loss: 0.2927 | Train Acc: 94.43%
2026-01-13 02:01:55,569 - INFO - [Valid] [79/90] | Loss: 0.3615 | Val Acc: 90.44%
2026-01-13 02:01:55,705 - INFO - [Metrics for 'Normal'] | Precision: 0.9197 | Recall: 0.8972 | F1: 0.9083
2026-01-13 02:01:55,705 - INFO - [Metrics for 'Defect'] | Precision: 0.8880 | Recall: 0.9123 | F1: 0.9000
2026-01-13 02:01:55,749 - INFO - --------------------------------------------------
2026-01-13 02:01:55,749 - INFO - [LR]    [80/90] | Learning Rate: 0.000978
2026-01-13 02:10:33,946 - INFO - [Train] [80/90] | Loss: 0.2950 | Train Acc: 94.27%
2026-01-13 02:11:12,619 - INFO - [Valid] [80/90] | Loss: 0.3592 | Val Acc: 90.50%
2026-01-13 02:11:12,757 - INFO - [Metrics for 'Normal'] | Precision: 0.9280 | Recall: 0.8890 | F1: 0.9081
2026-01-13 02:11:12,757 - INFO - [Metrics for 'Defect'] | Precision: 0.8814 | Recall: 0.9228 | F1: 0.9016
2026-01-13 02:11:12,801 - INFO - --------------------------------------------------
2026-01-13 02:11:12,802 - INFO - [LR]    [81/90] | Learning Rate: 0.001000
2026-01-13 02:19:51,012 - INFO - [Train] [81/90] | Loss: 0.2955 | Train Acc: 94.24%
2026-01-13 02:20:29,683 - INFO - [Valid] [81/90] | Loss: 0.3556 | Val Acc: 90.74%
2026-01-13 02:20:29,810 - INFO - [Metrics for 'Normal'] | Precision: 0.9227 | Recall: 0.9001 | F1: 0.9112
2026-01-13 02:20:29,810 - INFO - [Metrics for 'Defect'] | Precision: 0.8912 | Recall: 0.9156 | F1: 0.9032
2026-01-13 02:20:29,853 - INFO - --------------------------------------------------
2026-01-13 02:20:29,854 - INFO - [LR]    [82/90] | Learning Rate: 0.000978
2026-01-13 02:29:08,069 - INFO - [Train] [82/90] | Loss: 0.2946 | Train Acc: 94.31%
2026-01-13 02:29:46,441 - INFO - [Valid] [82/90] | Loss: 0.3575 | Val Acc: 90.69%
2026-01-13 02:29:46,577 - INFO - [Metrics for 'Normal'] | Precision: 0.9139 | Recall: 0.9094 | F1: 0.9116
2026-01-13 02:29:46,577 - INFO - [Metrics for 'Defect'] | Precision: 0.8992 | Recall: 0.9040 | F1: 0.9016
2026-01-13 02:29:46,620 - INFO - --------------------------------------------------
2026-01-13 02:29:46,621 - INFO - [LR]    [83/90] | Learning Rate: 0.000914
2026-01-13 02:38:25,105 - INFO - [Train] [83/90] | Loss: 0.2923 | Train Acc: 94.47%
2026-01-13 02:39:03,560 - INFO - [Valid] [83/90] | Loss: 0.3650 | Val Acc: 90.22%
2026-01-13 02:39:03,688 - INFO - [Metrics for 'Normal'] | Precision: 0.9286 | Recall: 0.8827 | F1: 0.9051
2026-01-13 02:39:03,688 - INFO - [Metrics for 'Defect'] | Precision: 0.8756 | Recall: 0.9241 | F1: 0.8992
2026-01-13 02:39:03,732 - INFO - --------------------------------------------------
2026-01-13 02:39:03,733 - INFO - [LR]    [84/90] | Learning Rate: 0.000815
2026-01-13 02:47:41,929 - INFO - [Train] [84/90] | Loss: 0.2884 | Train Acc: 94.73%
2026-01-13 02:48:20,643 - INFO - [Valid] [84/90] | Loss: 0.3592 | Val Acc: 90.66%
2026-01-13 02:48:20,779 - INFO - [Metrics for 'Normal'] | Precision: 0.9233 | Recall: 0.8977 | F1: 0.9103
2026-01-13 02:48:20,779 - INFO - [Metrics for 'Defect'] | Precision: 0.8890 | Recall: 0.9166 | F1: 0.9026
2026-01-13 02:48:20,822 - INFO - --------------------------------------------------
2026-01-13 02:48:20,823 - INFO - [LR]    [85/90] | Learning Rate: 0.000689
2026-01-13 02:56:59,017 - INFO - [Train] [85/90] | Loss: 0.2834 | Train Acc: 95.07%
2026-01-13 02:57:38,041 - INFO - [Valid] [85/90] | Loss: 0.3627 | Val Acc: 90.53%
2026-01-13 02:57:38,167 - INFO - [Metrics for 'Normal'] | Precision: 0.9135 | Recall: 0.9066 | F1: 0.9100
2026-01-13 02:57:38,167 - INFO - [Metrics for 'Defect'] | Precision: 0.8963 | Recall: 0.9039 | F1: 0.9001
2026-01-13 02:57:38,210 - INFO - --------------------------------------------------
2026-01-13 02:57:38,211 - INFO - [LR]    [86/90] | Learning Rate: 0.000550
2026-01-13 03:06:16,636 - INFO - [Train] [86/90] | Loss: 0.2779 | Train Acc: 95.43%
2026-01-13 03:06:54,893 - INFO - [Valid] [86/90] | Loss: 0.3668 | Val Acc: 90.67%
2026-01-13 03:06:55,029 - INFO - [Metrics for 'Normal'] | Precision: 0.9156 | Recall: 0.9070 | F1: 0.9113
2026-01-13 03:06:55,030 - INFO - [Metrics for 'Defect'] | Precision: 0.8970 | Recall: 0.9065 | F1: 0.9017
2026-01-13 03:06:55,073 - INFO - --------------------------------------------------
2026-01-13 03:06:55,074 - INFO - [LR]    [87/90] | Learning Rate: 0.000411
2026-01-13 03:15:33,477 - INFO - [Train] [87/90] | Loss: 0.2726 | Train Acc: 95.81%
2026-01-13 03:16:11,424 - INFO - [Valid] [87/90] | Loss: 0.3675 | Val Acc: 90.53%
2026-01-13 03:16:11,561 - INFO - [Metrics for 'Normal'] | Precision: 0.9105 | Recall: 0.9101 | F1: 0.9103
2026-01-13 03:16:11,561 - INFO - [Metrics for 'Defect'] | Precision: 0.8995 | Recall: 0.8998 | F1: 0.8997
2026-01-13 03:16:11,604 - INFO - --------------------------------------------------
2026-01-13 03:16:11,605 - INFO - [LR]    [88/90] | Learning Rate: 0.000285
2026-01-13 03:24:49,947 - INFO - [Train] [88/90] | Loss: 0.2670 | Train Acc: 96.18%
2026-01-13 03:25:28,308 - INFO - [Valid] [88/90] | Loss: 0.3729 | Val Acc: 90.54%
2026-01-13 03:25:28,444 - INFO - [Metrics for 'Normal'] | Precision: 0.9206 | Recall: 0.8984 | F1: 0.9094
2026-01-13 03:25:28,444 - INFO - [Metrics for 'Defect'] | Precision: 0.8893 | Recall: 0.9133 | F1: 0.9011
2026-01-13 03:25:28,487 - INFO - --------------------------------------------------
2026-01-13 03:25:28,488 - INFO - [LR]    [89/90] | Learning Rate: 0.000186
2026-01-13 03:34:06,760 - INFO - [Train] [89/90] | Loss: 0.2625 | Train Acc: 96.49%
2026-01-13 03:34:45,096 - INFO - [Valid] [89/90] | Loss: 0.3767 | Val Acc: 90.51%
2026-01-13 03:34:45,233 - INFO - [Metrics for 'Normal'] | Precision: 0.9162 | Recall: 0.9029 | F1: 0.9095
2026-01-13 03:34:45,233 - INFO - [Metrics for 'Defect'] | Precision: 0.8930 | Recall: 0.9075 | F1: 0.9002
2026-01-13 03:34:45,277 - INFO - --------------------------------------------------
2026-01-13 03:34:45,277 - INFO - [LR]    [90/90] | Learning Rate: 0.000122
2026-01-13 03:43:23,623 - INFO - [Train] [90/90] | Loss: 0.2594 | Train Acc: 96.71%
2026-01-13 03:44:02,184 - INFO - [Valid] [90/90] | Loss: 0.3773 | Val Acc: 90.55%
2026-01-13 03:44:02,319 - INFO - [Metrics for 'Normal'] | Precision: 0.9212 | Recall: 0.8979 | F1: 0.9094
2026-01-13 03:44:02,319 - INFO - [Metrics for 'Defect'] | Precision: 0.8889 | Recall: 0.9141 | F1: 0.9013
2026-01-13 03:44:02,366 - INFO - ==================================================
2026-01-13 03:44:02,366 - INFO - 훈련 완료. 최고 성능 모델을 불러와 테스트 세트로 최종 평가합니다.
2026-01-13 03:44:02,366 - INFO - 최종 평가를 위해 새로운 모델 객체를 생성합니다.
2026-01-13 03:44:02,366 - INFO - Baseline 모델 'mobile_vit_xxs'을(를) 생성합니다 (사전 훈련 가중치: 미사용).
2026-01-13 03:44:02,389 - INFO - timm 모델(mobile_vit_xxs)의 Attention.forward를 Pruning 호환성을 위해 Monkey-patching 합니다.
2026-01-13 03:44:02,424 - INFO - 최고 성능 모델 가중치를 새로 생성된 모델 객체에 로드 완료: 'log/Sewer-ML/baseline_mobile_vit_xxs_20260112_134842/best_model.pth'
2026-01-13 03:44:02,425 - INFO - ==================================================
2026-01-13 03:44:02,425 - INFO - Test 모드를 시작합니다.
2026-01-13 03:44:02,572 - INFO - 연산량 (MACs): 0.2692 GMACs per sample
2026-01-13 03:44:02,573 - INFO - 연산량 (FLOPs): 0.5384 GFLOPs per sample
2026-01-13 03:44:02,573 - INFO - ==================================================
2026-01-13 03:44:02,573 - INFO - GPU 캐시를 비우고 측정을 시작합니다.
2026-01-13 03:44:02,860 - INFO - 샘플 당 평균 Forward Pass 시간: 2.22ms (std: 0.02ms), FPS: 450.99 (std: 3.16) (1개 샘플 x 100회 반복)
2026-01-13 03:44:02,860 - INFO - 샘플 당 Forward Pass 시 최대 GPU 메모리 사용량: 65.10 MB
2026-01-13 03:44:02,860 - INFO - 테스트 데이터셋에 대한 추론을 시작합니다.
2026-01-13 03:44:42,678 - INFO - [Test] Loss: 0.2394 | Test Acc: 91.24%
2026-01-13 03:44:42,805 - INFO - [Metrics for 'Normal'] | Precision: 0.9294 | Recall: 0.9027 | F1: 0.9159
2026-01-13 03:44:42,805 - INFO - [Metrics for 'Defect'] | Precision: 0.8945 | Recall: 0.9233 | F1: 0.9087
2026-01-13 03:44:43,369 - INFO - ==================================================
2026-01-13 03:44:43,369 - INFO - 혼동 행렬 저장 완료. 'log/Sewer-ML/baseline_mobile_vit_xxs_20260112_134842/confusion_matrix_20260112_134842.png' and 'log/Sewer-ML/baseline_mobile_vit_xxs_20260112_134842/confusion_matrix_20260112_134842.pdf'
2026-01-13 03:44:43,369 - INFO - ==================================================
2026-01-13 03:44:43,369 - INFO - ONNX 변환 및 평가를 시작합니다.
2026-01-13 03:44:43,673 - INFO - 모델이 ONNX 형식으로 변환되어 'log/Sewer-ML/baseline_mobile_vit_xxs_20260112_134842/model_fp32_20260112_134842.onnx'에 저장되었습니다. (크기: 3.85 MB)
2026-01-13 03:44:43,738 - INFO - ONNX 런타임의 샘플 당 Forward Pass 시간 측정을 시작합니다...
2026-01-13 03:44:44,301 - INFO - 샘플 당 평균 Forward Pass 시간 (ONNX, CPU): 5.10ms (std: 0.05ms)
2026-01-13 03:44:44,301 - INFO - 샘플 당 평균 FPS (ONNX, CPU): 196.09 FPS (std: 1.77) (1개 샘플 x 100회 반복)
2026-01-13 03:44:44,301 - INFO - ONNX 런타임의 CPU 메모리 사용량 측정은 지원되지 않습니다.
2026-01-13 03:59:25,186 - INFO - [Test (ONNX)] | Test Acc (ONNX): 91.24%
2026-01-13 03:59:25,310 - INFO - [Metrics for 'Normal' (ONNX)] | Precision: 0.9294 | Recall: 0.9027 | F1: 0.9158
2026-01-13 03:59:25,310 - INFO - [Metrics for 'Defect' (ONNX)] | Precision: 0.8945 | Recall: 0.9233 | F1: 0.9086
2026-01-13 03:59:25,589 - INFO - Val Acc 그래프 저장 완료: 'log/Sewer-ML/baseline_mobile_vit_xxs_20260112_134842/graph_20260112_134842/val_acc.png' and 'log/Sewer-ML/baseline_mobile_vit_xxs_20260112_134842/graph_20260112_134842/val_acc.pdf'
2026-01-13 03:59:25,674 - INFO - Train/Val Acc 그래프 저장 완료: 'log/Sewer-ML/baseline_mobile_vit_xxs_20260112_134842/graph_20260112_134842/train_val_acc.png' and 'log/Sewer-ML/baseline_mobile_vit_xxs_20260112_134842/graph_20260112_134842/train_val_acc.pdf'
2026-01-13 03:59:25,758 - INFO - F1 (Normal) 그래프 저장 완료: 'log/Sewer-ML/baseline_mobile_vit_xxs_20260112_134842/graph_20260112_134842/F1_normal.png' and 'log/Sewer-ML/baseline_mobile_vit_xxs_20260112_134842/graph_20260112_134842/F1_normal.pdf'
2026-01-13 03:59:25,852 - INFO - Validation Loss 그래프 저장 완료: 'log/Sewer-ML/baseline_mobile_vit_xxs_20260112_134842/graph_20260112_134842/val_loss.png' and 'log/Sewer-ML/baseline_mobile_vit_xxs_20260112_134842/graph_20260112_134842/val_loss.pdf'
2026-01-13 03:59:25,944 - INFO - Learning Rate 그래프 저장 완료: 'log/Sewer-ML/baseline_mobile_vit_xxs_20260112_134842/graph_20260112_134842/learning_rate.png' and 'log/Sewer-ML/baseline_mobile_vit_xxs_20260112_134842/graph_20260112_134842/learning_rate.pdf'
2026-01-13 03:59:26,796 - INFO - 종합 그래프 저장 완료: 'log/Sewer-ML/baseline_mobile_vit_xxs_20260112_134842/graph_20260112_134842/compile.png' and 'log/Sewer-ML/baseline_mobile_vit_xxs_20260112_134842/graph_20260112_134842/compile.pdf'
