2026-01-18 10:47:34,043 - INFO - 로그 파일이 'log/Sewer-TAPNEW/baseline_mobile_vit_xxs_20260118_104734/log_20260118_104734.log'에 저장됩니다.
2026-01-18 10:47:34,055 - INFO - ==================================================
2026-01-18 10:47:34,055 - INFO - config.yaml:
2026-01-18 10:47:34,055 - INFO - 
run:
  global_seed: 42
  cuda: true
  mode: train
  pth_inference_dir: /home/cau/workspace/CHOI/sewer_binary_cls_v9/log/Sewer-TAPNEW/main_20260116_162736_ps56_st56_q1
  pth_best_name: best_model.pth
  evaluate_onnx: true
  only_inference: false
  show_log: true
  dataset:
    name: Sewer-TAPNEW
    type: image_folder
    train_split_ratio: 0.8
    paths:
      train_img_dir: /home/cau/workspace/data/Sewer/Sewer-ML/train
      valid_img_dir: /home/cau/workspace/data/Sewer/Sewer-ML/valid
      test_img_dir: /home/cau/workspace/data/Sewer/Sewer-ML/valid
      train_csv: /home/cau/workspace/data/Sewer/Sewer-ML/SewerML_Train.csv
      valid_csv: /home/cau/workspace/data/Sewer/Sewer-ML/SewerML_Val.csv
      test_csv: /home/cau/workspace/data/Sewer/Sewer-ML/SewerML_Val.csv
      img_folder: /home/cau/workspace/data/Sewer/Sewer-TAPNEW
  random_sampling_ratio:
    train: 1.0
    valid: 1.0
    test: 1.0
  num_workers: 16
training_main:
  epochs: 1
  batch_size: 16
  pre_trained: false
  optimizer: adamw
  lr: 0.001
  weight_decay: 0.0001
  loss_function: CrossEntropyLoss
  label_smoothing: 0.1
  scheduler: cosineannealinglr
  scheduler_params:
    T_max: 90
    eta_min: 0.0001
  best_model_criterion: val_loss
training_baseline:
  epochs: 90
  batch_size: 16
  pre_trained: false
  optimizer: adamw
  lr: 0.001
  weight_decay: 0.0001
  loss_function: CrossEntropyLoss
  label_smoothing: 0.1
  scheduler: cosineannealinglr
  scheduler_params:
    T_max: 90
    eta_min: 0.0001
  best_model_criterion: val_loss
finetuning_pruned:
  epochs: 80
  batch_size: 16
  optimizer: adamw
  lr: 0.001
  weight_decay: 0.0001
  loss_function: CrossEntropyLoss
  label_smoothing: 0.1
  scheduler: cosineannealinglr
  scheduler_params:
    T_max: 80
    eta_min: 0.0001
  best_model_criterion: val_loss
model:
  img_size: 224
  grid_size: 7
  num_decoder_patches: 6
  num_decoder_layers: 7
  num_heads: 6
  cnn_feature_extractor:
    name: custom
  featured_patch_dim: 24
  emb_dim: 24
  adaptive_initial_query: true
  decoder_ff_ratio: 2
  dropout: 0.1
  positional_encoding: true
  res_attention: false
  save_attention: false
  num_plot_attention: 1
baseline:
  model_name: mobile_vit_xxs

2026-01-18 10:47:34,056 - INFO - ==================================================
2026-01-18 10:47:34,158 - INFO - CUDA 사용 가능. GPU 사용을 시작합니다. (Device: NVIDIA RTX PRO 6000 Blackwell Server Edition)
2026-01-18 10:47:34,159 - INFO - 'Sewer-TAPNEW' 데이터 로드를 시작합니다 (Type: image_folder).
2026-01-18 10:47:34,159 - INFO - '/home/cau/workspace/data/Sewer/Sewer-TAPNEW' 경로의 데이터를 훈련/테스트셋으로 분할합니다.
2026-01-18 10:47:34,178 - INFO - 총 1692개 데이터를 훈련용 1353개, 테스트용 339개로 분할합니다 (split_seed=42).
2026-01-18 10:47:34,179 - INFO - 데이터셋 클래스: ['abnormal', 'normal'] (총 2개)
2026-01-18 10:47:34,180 - INFO - 훈련 데이터: 1353개, 검증 데이터: 339개, 테스트 데이터: 339개
2026-01-18 10:47:34,180 - INFO - Baseline 모델 'mobile_vit_xxs'을(를) 생성합니다 (사전 훈련 가중치: 미사용).
2026-01-18 10:47:34,617 - INFO - timm 모델(mobile_vit_xxs)의 Attention.forward를 Pruning 호환성을 위해 Monkey-patching 합니다.
2026-01-18 10:47:34,686 - INFO - ==================================================
2026-01-18 10:47:34,686 - INFO - 모델 파라미터 수:
2026-01-18 10:47:34,686 - INFO -   - 총 파라미터: 951,666 개
2026-01-18 10:47:34,686 - INFO -   - 학습 가능한 파라미터: 951,666 개
2026-01-18 10:47:34,686 - INFO - ================================================================================
2026-01-18 10:47:34,687 - INFO - 단계 1/2: 사전 훈련(Pre-training)을 시작합니다.
2026-01-18 10:47:34,687 - INFO - ================================================================================
2026-01-18 10:47:34,687 - INFO - 옵티마이저: AdamW (lr=0.001, weight_decay=0.0001)
2026-01-18 10:47:34,690 - INFO - 스케줄러: CosineAnnealingLR (T_max=90, eta_min=0.0001)
2026-01-18 10:47:34,690 - INFO - ==================================================
2026-01-18 10:47:34,690 - INFO - train 모드를 시작합니다.
2026-01-18 10:47:34,690 - INFO - 손실 함수: CrossEntropyLoss (label_smoothing: 0.1)
2026-01-18 10:47:34,690 - INFO - Best metric을 초기값(inf)으로 설정합니다.
2026-01-18 10:47:34,690 - INFO - --------------------------------------------------
2026-01-18 10:47:34,694 - INFO - [LR]    [1/90] | Learning Rate: 0.001000
2026-01-18 10:47:53,033 - INFO - [Train] [1/90] | Loss: 0.5202 | Train Acc: 78.65%
2026-01-18 10:47:59,772 - INFO - [Valid] [1/90] | Loss: 0.5351 | Val Acc: 81.12%
2026-01-18 10:47:59,813 - INFO - [Metrics for 'abnormal'] | Precision: 0.8000 | Recall: 0.7898 | F1: 0.7949
2026-01-18 10:47:59,814 - INFO - [Metrics for 'normal'] | Precision: 0.8207 | Recall: 0.8297 | F1: 0.8251
2026-01-18 10:47:59,946 - INFO - [Best Model Saved] (val loss: 0.5351) -> 'log/Sewer-TAPNEW/baseline_mobile_vit_xxs_20260118_104734/best_model.pth'
2026-01-18 10:47:59,948 - INFO - --------------------------------------------------
2026-01-18 10:47:59,956 - INFO - [LR]    [2/90] | Learning Rate: 0.001000
2026-01-18 10:48:13,832 - INFO - [Train] [2/90] | Loss: 0.4594 | Train Acc: 83.93%
2026-01-18 10:48:17,903 - INFO - [Valid] [2/90] | Loss: 0.5196 | Val Acc: 82.01%
2026-01-18 10:48:17,946 - INFO - [Metrics for 'abnormal'] | Precision: 0.8000 | Recall: 0.8153 | F1: 0.8076
2026-01-18 10:48:17,947 - INFO - [Metrics for 'normal'] | Precision: 0.8380 | Recall: 0.8242 | F1: 0.8310
2026-01-18 10:48:18,081 - INFO - [Best Model Saved] (val loss: 0.5196) -> 'log/Sewer-TAPNEW/baseline_mobile_vit_xxs_20260118_104734/best_model.pth'
2026-01-18 10:48:18,081 - INFO - --------------------------------------------------
2026-01-18 10:48:18,095 - INFO - [LR]    [3/90] | Learning Rate: 0.000999
2026-01-18 10:48:31,981 - INFO - [Train] [3/90] | Loss: 0.4316 | Train Acc: 85.94%
2026-01-18 10:48:36,370 - INFO - [Valid] [3/90] | Loss: 0.4987 | Val Acc: 82.01%
2026-01-18 10:48:36,402 - INFO - [Metrics for 'abnormal'] | Precision: 0.8077 | Recall: 0.8025 | F1: 0.8051
2026-01-18 10:48:36,402 - INFO - [Metrics for 'normal'] | Precision: 0.8306 | Recall: 0.8352 | F1: 0.8329
2026-01-18 10:48:36,513 - INFO - [Best Model Saved] (val loss: 0.4987) -> 'log/Sewer-TAPNEW/baseline_mobile_vit_xxs_20260118_104734/best_model.pth'
2026-01-18 10:48:36,514 - INFO - --------------------------------------------------
2026-01-18 10:48:36,521 - INFO - [LR]    [4/90] | Learning Rate: 0.000998
2026-01-18 10:48:50,103 - INFO - [Train] [4/90] | Loss: 0.4101 | Train Acc: 86.31%
2026-01-18 10:48:54,289 - INFO - [Valid] [4/90] | Loss: 0.4882 | Val Acc: 80.83%
2026-01-18 10:48:54,321 - INFO - [Metrics for 'abnormal'] | Precision: 0.7949 | Recall: 0.7898 | F1: 0.7923
2026-01-18 10:48:54,322 - INFO - [Metrics for 'normal'] | Precision: 0.8197 | Recall: 0.8242 | F1: 0.8219
2026-01-18 10:48:54,434 - INFO - [Best Model Saved] (val loss: 0.4882) -> 'log/Sewer-TAPNEW/baseline_mobile_vit_xxs_20260118_104734/best_model.pth'
2026-01-18 10:48:54,435 - INFO - --------------------------------------------------
2026-01-18 10:48:54,441 - INFO - [LR]    [5/90] | Learning Rate: 0.000996
2026-01-18 10:49:08,773 - INFO - [Train] [5/90] | Loss: 0.3903 | Train Acc: 88.32%
2026-01-18 10:49:13,619 - INFO - [Valid] [5/90] | Loss: 0.4910 | Val Acc: 81.42%
2026-01-18 10:49:13,651 - INFO - [Metrics for 'abnormal'] | Precision: 0.7765 | Recall: 0.8408 | F1: 0.8073
2026-01-18 10:49:13,651 - INFO - [Metrics for 'normal'] | Precision: 0.8521 | Recall: 0.7912 | F1: 0.8205
2026-01-18 10:49:13,662 - INFO - --------------------------------------------------
2026-01-18 10:49:13,668 - INFO - [LR]    [6/90] | Learning Rate: 0.000993
2026-01-18 10:49:27,852 - INFO - [Train] [6/90] | Loss: 0.3669 | Train Acc: 89.96%
2026-01-18 10:49:32,825 - INFO - [Valid] [6/90] | Loss: 0.4502 | Val Acc: 82.60%
2026-01-18 10:49:32,853 - INFO - [Metrics for 'abnormal'] | Precision: 0.8141 | Recall: 0.8089 | F1: 0.8115
2026-01-18 10:49:32,854 - INFO - [Metrics for 'normal'] | Precision: 0.8361 | Recall: 0.8407 | F1: 0.8384
2026-01-18 10:49:32,960 - INFO - [Best Model Saved] (val loss: 0.4502) -> 'log/Sewer-TAPNEW/baseline_mobile_vit_xxs_20260118_104734/best_model.pth'
2026-01-18 10:49:32,961 - INFO - --------------------------------------------------
2026-01-18 10:49:32,967 - INFO - [LR]    [7/90] | Learning Rate: 0.000990
2026-01-18 10:49:47,257 - INFO - [Train] [7/90] | Loss: 0.3423 | Train Acc: 92.11%
2026-01-18 10:49:51,391 - INFO - [Valid] [7/90] | Loss: 0.4976 | Val Acc: 81.42%
2026-01-18 10:49:51,420 - INFO - [Metrics for 'abnormal'] | Precision: 0.7866 | Recall: 0.8217 | F1: 0.8037
2026-01-18 10:49:51,421 - INFO - [Metrics for 'normal'] | Precision: 0.8400 | Recall: 0.8077 | F1: 0.8235
2026-01-18 10:49:51,431 - INFO - --------------------------------------------------
2026-01-18 10:49:51,439 - INFO - [LR]    [8/90] | Learning Rate: 0.000987
2026-01-18 10:50:05,860 - INFO - [Train] [8/90] | Loss: 0.3255 | Train Acc: 93.15%
2026-01-18 10:50:10,205 - INFO - [Valid] [8/90] | Loss: 0.4866 | Val Acc: 80.53%
2026-01-18 10:50:10,233 - INFO - [Metrics for 'abnormal'] | Precision: 0.8013 | Recall: 0.7707 | F1: 0.7857
2026-01-18 10:50:10,234 - INFO - [Metrics for 'normal'] | Precision: 0.8085 | Recall: 0.8352 | F1: 0.8216
2026-01-18 10:50:10,244 - INFO - --------------------------------------------------
2026-01-18 10:50:10,252 - INFO - [LR]    [9/90] | Learning Rate: 0.000983
2026-01-18 10:50:24,697 - INFO - [Train] [9/90] | Loss: 0.3106 | Train Acc: 94.35%
2026-01-18 10:50:29,291 - INFO - [Valid] [9/90] | Loss: 0.4726 | Val Acc: 84.66%
2026-01-18 10:50:29,311 - INFO - [Metrics for 'abnormal'] | Precision: 0.8144 | Recall: 0.8662 | F1: 0.8395
2026-01-18 10:50:29,311 - INFO - [Metrics for 'normal'] | Precision: 0.8779 | Recall: 0.8297 | F1: 0.8531
2026-01-18 10:50:29,318 - INFO - --------------------------------------------------
2026-01-18 10:50:29,323 - INFO - [LR]    [10/90] | Learning Rate: 0.000978
2026-01-18 10:50:44,155 - INFO - [Train] [10/90] | Loss: 0.3051 | Train Acc: 94.64%
2026-01-18 10:50:48,524 - INFO - [Valid] [10/90] | Loss: 0.4616 | Val Acc: 83.78%
2026-01-18 10:50:48,543 - INFO - [Metrics for 'abnormal'] | Precision: 0.8148 | Recall: 0.8408 | F1: 0.8276
2026-01-18 10:50:48,544 - INFO - [Metrics for 'normal'] | Precision: 0.8588 | Recall: 0.8352 | F1: 0.8468
2026-01-18 10:50:48,550 - INFO - --------------------------------------------------
2026-01-18 10:50:48,554 - INFO - [LR]    [11/90] | Learning Rate: 0.000973
2026-01-18 10:51:03,374 - INFO - [Train] [11/90] | Loss: 0.2737 | Train Acc: 96.43%
2026-01-18 10:51:07,288 - INFO - [Valid] [11/90] | Loss: 0.5190 | Val Acc: 82.89%
2026-01-18 10:51:07,318 - INFO - [Metrics for 'abnormal'] | Precision: 0.7619 | Recall: 0.9172 | F1: 0.8324
2026-01-18 10:51:07,319 - INFO - [Metrics for 'normal'] | Precision: 0.9133 | Recall: 0.7527 | F1: 0.8253
2026-01-18 10:51:07,329 - INFO - --------------------------------------------------
2026-01-18 10:51:07,337 - INFO - [LR]    [12/90] | Learning Rate: 0.000967
2026-01-18 10:51:22,375 - INFO - [Train] [12/90] | Loss: 0.3319 | Train Acc: 92.71%
2026-01-18 10:51:26,061 - INFO - [Valid] [12/90] | Loss: 0.5260 | Val Acc: 83.78%
2026-01-18 10:51:26,080 - INFO - [Metrics for 'abnormal'] | Precision: 0.8110 | Recall: 0.8471 | F1: 0.8287
2026-01-18 10:51:26,080 - INFO - [Metrics for 'normal'] | Precision: 0.8629 | Recall: 0.8297 | F1: 0.8459
2026-01-18 10:51:26,087 - INFO - --------------------------------------------------
2026-01-18 10:51:26,092 - INFO - [LR]    [13/90] | Learning Rate: 0.000961
2026-01-18 10:51:40,874 - INFO - [Train] [13/90] | Loss: 0.3455 | Train Acc: 90.77%
2026-01-18 10:51:44,660 - INFO - [Valid] [13/90] | Loss: 0.4596 | Val Acc: 82.30%
2026-01-18 10:51:44,687 - INFO - [Metrics for 'abnormal'] | Precision: 0.8050 | Recall: 0.8153 | F1: 0.8101
2026-01-18 10:51:44,688 - INFO - [Metrics for 'normal'] | Precision: 0.8389 | Recall: 0.8297 | F1: 0.8343
2026-01-18 10:51:44,698 - INFO - --------------------------------------------------
2026-01-18 10:51:44,705 - INFO - [LR]    [14/90] | Learning Rate: 0.000954
2026-01-18 10:51:58,788 - INFO - [Train] [14/90] | Loss: 0.3194 | Train Acc: 94.20%
2026-01-18 10:52:02,702 - INFO - [Valid] [14/90] | Loss: 0.5082 | Val Acc: 80.24%
2026-01-18 10:52:02,731 - INFO - [Metrics for 'abnormal'] | Precision: 0.7528 | Recall: 0.8535 | F1: 0.8000
2026-01-18 10:52:02,731 - INFO - [Metrics for 'normal'] | Precision: 0.8571 | Recall: 0.7582 | F1: 0.8047
2026-01-18 10:52:02,742 - INFO - --------------------------------------------------
2026-01-18 10:52:02,750 - INFO - [LR]    [15/90] | Learning Rate: 0.000947
2026-01-18 10:52:17,304 - INFO - [Train] [15/90] | Loss: 0.3094 | Train Acc: 94.79%
2026-01-18 10:52:21,412 - INFO - [Valid] [15/90] | Loss: 0.5069 | Val Acc: 81.42%
2026-01-18 10:52:21,441 - INFO - [Metrics for 'abnormal'] | Precision: 0.7831 | Recall: 0.8280 | F1: 0.8050
2026-01-18 10:52:21,442 - INFO - [Metrics for 'normal'] | Precision: 0.8439 | Recall: 0.8022 | F1: 0.8225
2026-01-18 10:52:21,452 - INFO - --------------------------------------------------
2026-01-18 10:52:21,460 - INFO - [LR]    [16/90] | Learning Rate: 0.000940
2026-01-18 10:52:37,219 - INFO - [Train] [16/90] | Loss: 0.3030 | Train Acc: 95.24%
2026-01-18 10:52:40,913 - INFO - [Valid] [16/90] | Loss: 0.5243 | Val Acc: 80.24%
2026-01-18 10:52:40,933 - INFO - [Metrics for 'abnormal'] | Precision: 0.7557 | Recall: 0.8471 | F1: 0.7988
2026-01-18 10:52:40,933 - INFO - [Metrics for 'normal'] | Precision: 0.8528 | Recall: 0.7637 | F1: 0.8058
2026-01-18 10:52:40,940 - INFO - --------------------------------------------------
2026-01-18 10:52:40,946 - INFO - [LR]    [17/90] | Learning Rate: 0.000932
2026-01-18 10:52:55,669 - INFO - [Train] [17/90] | Loss: 0.3088 | Train Acc: 93.45%
2026-01-18 10:53:00,442 - INFO - [Valid] [17/90] | Loss: 0.5147 | Val Acc: 80.24%
2026-01-18 10:53:00,473 - INFO - [Metrics for 'abnormal'] | Precision: 0.8261 | Recall: 0.7261 | F1: 0.7729
2026-01-18 10:53:00,475 - INFO - [Metrics for 'normal'] | Precision: 0.7861 | Recall: 0.8681 | F1: 0.8251
2026-01-18 10:53:00,487 - INFO - --------------------------------------------------
2026-01-18 10:53:00,496 - INFO - [LR]    [18/90] | Learning Rate: 0.000923
2026-01-18 10:53:14,475 - INFO - [Train] [18/90] | Loss: 0.3147 | Train Acc: 93.68%
2026-01-18 10:53:18,719 - INFO - [Valid] [18/90] | Loss: 0.5281 | Val Acc: 78.76%
2026-01-18 10:53:18,747 - INFO - [Metrics for 'abnormal'] | Precision: 0.7401 | Recall: 0.8344 | F1: 0.7844
2026-01-18 10:53:18,748 - INFO - [Metrics for 'normal'] | Precision: 0.8395 | Recall: 0.7473 | F1: 0.7907
2026-01-18 10:53:18,759 - INFO - --------------------------------------------------
2026-01-18 10:53:18,767 - INFO - [LR]    [19/90] | Learning Rate: 0.000914
2026-01-18 10:53:33,719 - INFO - [Train] [19/90] | Loss: 0.2962 | Train Acc: 94.57%
2026-01-18 10:53:37,672 - INFO - [Valid] [19/90] | Loss: 0.5127 | Val Acc: 82.30%
2026-01-18 10:53:37,702 - INFO - [Metrics for 'abnormal'] | Precision: 0.7904 | Recall: 0.8408 | F1: 0.8148
2026-01-18 10:53:37,703 - INFO - [Metrics for 'normal'] | Precision: 0.8547 | Recall: 0.8077 | F1: 0.8305
2026-01-18 10:53:37,716 - INFO - --------------------------------------------------
2026-01-18 10:53:37,725 - INFO - [LR]    [20/90] | Learning Rate: 0.000905
2026-01-18 10:53:52,077 - INFO - [Train] [20/90] | Loss: 0.2856 | Train Acc: 95.76%
2026-01-18 10:53:56,892 - INFO - [Valid] [20/90] | Loss: 0.4615 | Val Acc: 82.60%
2026-01-18 10:53:56,924 - INFO - [Metrics for 'abnormal'] | Precision: 0.8712 | Recall: 0.7325 | F1: 0.7958
2026-01-18 10:53:56,925 - INFO - [Metrics for 'normal'] | Precision: 0.7971 | Recall: 0.9066 | F1: 0.8483
2026-01-18 10:53:56,936 - INFO - --------------------------------------------------
2026-01-18 10:53:56,944 - INFO - [LR]    [21/90] | Learning Rate: 0.000895
2026-01-18 10:54:10,580 - INFO - [Train] [21/90] | Loss: 0.3945 | Train Acc: 88.24%
2026-01-18 10:54:14,851 - INFO - [Valid] [21/90] | Loss: 0.5122 | Val Acc: 76.40%
2026-01-18 10:54:14,880 - INFO - [Metrics for 'abnormal'] | Precision: 0.7333 | Recall: 0.7707 | F1: 0.7516
2026-01-18 10:54:14,880 - INFO - [Metrics for 'normal'] | Precision: 0.7931 | Recall: 0.7582 | F1: 0.7753
2026-01-18 10:54:14,891 - INFO - --------------------------------------------------
2026-01-18 10:54:14,898 - INFO - [LR]    [22/90] | Learning Rate: 0.000884
2026-01-18 10:54:28,513 - INFO - [Train] [22/90] | Loss: 0.4547 | Train Acc: 83.48%
2026-01-18 10:54:33,173 - INFO - [Valid] [22/90] | Loss: 0.4998 | Val Acc: 79.65%
2026-01-18 10:54:33,203 - INFO - [Metrics for 'abnormal'] | Precision: 0.8188 | Recall: 0.7197 | F1: 0.7661
2026-01-18 10:54:33,204 - INFO - [Metrics for 'normal'] | Precision: 0.7811 | Recall: 0.8626 | F1: 0.8198
2026-01-18 10:54:33,216 - INFO - --------------------------------------------------
2026-01-18 10:54:33,225 - INFO - [LR]    [23/90] | Learning Rate: 0.000874
2026-01-18 10:54:47,183 - INFO - [Train] [23/90] | Loss: 0.4294 | Train Acc: 86.46%
2026-01-18 10:54:51,793 - INFO - [Valid] [23/90] | Loss: 0.5062 | Val Acc: 79.06%
2026-01-18 10:54:51,819 - INFO - [Metrics for 'abnormal'] | Precision: 0.7792 | Recall: 0.7643 | F1: 0.7717
2026-01-18 10:54:51,820 - INFO - [Metrics for 'normal'] | Precision: 0.8000 | Recall: 0.8132 | F1: 0.8065
2026-01-18 10:54:51,830 - INFO - --------------------------------------------------
2026-01-18 10:54:51,838 - INFO - [LR]    [24/90] | Learning Rate: 0.000863
2026-01-18 10:55:06,750 - INFO - [Train] [24/90] | Loss: 0.4312 | Train Acc: 84.45%
2026-01-18 10:55:11,113 - INFO - [Valid] [24/90] | Loss: 0.5658 | Val Acc: 74.34%
2026-01-18 10:55:11,139 - INFO - [Metrics for 'abnormal'] | Precision: 0.7465 | Recall: 0.6752 | F1: 0.7090
2026-01-18 10:55:11,139 - INFO - [Metrics for 'normal'] | Precision: 0.7411 | Recall: 0.8022 | F1: 0.7704
2026-01-18 10:55:11,150 - INFO - --------------------------------------------------
2026-01-18 10:55:11,157 - INFO - [LR]    [25/90] | Learning Rate: 0.000851
2026-01-18 10:55:25,954 - INFO - [Train] [25/90] | Loss: 0.5212 | Train Acc: 78.79%
2026-01-18 10:55:30,221 - INFO - [Valid] [25/90] | Loss: 0.5299 | Val Acc: 76.70%
2026-01-18 10:55:30,249 - INFO - [Metrics for 'abnormal'] | Precision: 0.7826 | Recall: 0.6879 | F1: 0.7322
2026-01-18 10:55:30,250 - INFO - [Metrics for 'normal'] | Precision: 0.7562 | Recall: 0.8352 | F1: 0.7937
2026-01-18 10:55:30,259 - INFO - --------------------------------------------------
2026-01-18 10:55:30,266 - INFO - [LR]    [26/90] | Learning Rate: 0.000839
2026-01-18 10:55:45,342 - INFO - [Train] [26/90] | Loss: 0.4909 | Train Acc: 79.84%
2026-01-18 10:55:48,964 - INFO - [Valid] [26/90] | Loss: 0.5542 | Val Acc: 74.63%
2026-01-18 10:55:48,984 - INFO - [Metrics for 'abnormal'] | Precision: 0.7290 | Recall: 0.7197 | F1: 0.7244
2026-01-18 10:55:48,984 - INFO - [Metrics for 'normal'] | Precision: 0.7609 | Recall: 0.7692 | F1: 0.7650
2026-01-18 10:55:48,991 - INFO - --------------------------------------------------
2026-01-18 10:55:48,996 - INFO - [LR]    [27/90] | Learning Rate: 0.000827
2026-01-18 10:56:04,449 - INFO - [Train] [27/90] | Loss: 0.4895 | Train Acc: 80.36%
2026-01-18 10:56:08,196 - INFO - [Valid] [27/90] | Loss: 0.5594 | Val Acc: 74.34%
2026-01-18 10:56:08,216 - INFO - [Metrics for 'abnormal'] | Precision: 0.8070 | Recall: 0.5860 | F1: 0.6790
2026-01-18 10:56:08,216 - INFO - [Metrics for 'normal'] | Precision: 0.7111 | Recall: 0.8791 | F1: 0.7862
2026-01-18 10:56:08,223 - INFO - --------------------------------------------------
2026-01-18 10:56:08,228 - INFO - [LR]    [28/90] | Learning Rate: 0.000815
2026-01-18 10:56:23,912 - INFO - [Train] [28/90] | Loss: 0.5058 | Train Acc: 79.46%
2026-01-18 10:56:27,737 - INFO - [Valid] [28/90] | Loss: 0.5352 | Val Acc: 77.58%
2026-01-18 10:56:27,767 - INFO - [Metrics for 'abnormal'] | Precision: 0.7793 | Recall: 0.7197 | F1: 0.7483
2026-01-18 10:56:27,769 - INFO - [Metrics for 'normal'] | Precision: 0.7732 | Recall: 0.8242 | F1: 0.7979
2026-01-18 10:56:27,781 - INFO - --------------------------------------------------
2026-01-18 10:56:27,790 - INFO - [LR]    [29/90] | Learning Rate: 0.000802
2026-01-18 10:56:42,482 - INFO - [Train] [29/90] | Loss: 0.4875 | Train Acc: 80.58%
2026-01-18 10:56:46,357 - INFO - [Valid] [29/90] | Loss: 0.5865 | Val Acc: 76.11%
2026-01-18 10:56:46,387 - INFO - [Metrics for 'abnormal'] | Precision: 0.7184 | Recall: 0.7962 | F1: 0.7553
2026-01-18 10:56:46,388 - INFO - [Metrics for 'normal'] | Precision: 0.8061 | Recall: 0.7308 | F1: 0.7666
2026-01-18 10:56:46,398 - INFO - --------------------------------------------------
2026-01-18 10:56:46,405 - INFO - [LR]    [30/90] | Learning Rate: 0.000788
2026-01-18 10:57:01,613 - INFO - [Train] [30/90] | Loss: 0.4758 | Train Acc: 81.18%
2026-01-18 10:57:05,717 - INFO - [Valid] [30/90] | Loss: 0.5052 | Val Acc: 80.53%
2026-01-18 10:57:05,745 - INFO - [Metrics for 'abnormal'] | Precision: 0.8182 | Recall: 0.7452 | F1: 0.7800
2026-01-18 10:57:05,746 - INFO - [Metrics for 'normal'] | Precision: 0.7959 | Recall: 0.8571 | F1: 0.8254
2026-01-18 10:57:05,756 - INFO - --------------------------------------------------
2026-01-18 10:57:05,763 - INFO - [LR]    [31/90] | Learning Rate: 0.000775
2026-01-18 10:57:20,289 - INFO - [Train] [31/90] | Loss: 0.4653 | Train Acc: 82.44%
2026-01-18 10:57:24,329 - INFO - [Valid] [31/90] | Loss: 0.5312 | Val Acc: 80.83%
2026-01-18 10:57:24,360 - INFO - [Metrics for 'abnormal'] | Precision: 0.8067 | Recall: 0.7707 | F1: 0.7883
2026-01-18 10:57:24,360 - INFO - [Metrics for 'normal'] | Precision: 0.8095 | Recall: 0.8407 | F1: 0.8248
2026-01-18 10:57:24,370 - INFO - --------------------------------------------------
2026-01-18 10:57:24,378 - INFO - [LR]    [32/90] | Learning Rate: 0.000761
2026-01-18 10:57:38,020 - INFO - [Train] [32/90] | Loss: 0.4670 | Train Acc: 81.47%
2026-01-18 10:57:42,236 - INFO - [Valid] [32/90] | Loss: 0.5291 | Val Acc: 80.24%
2026-01-18 10:57:42,269 - INFO - [Metrics for 'abnormal'] | Precision: 0.8214 | Recall: 0.7325 | F1: 0.7744
2026-01-18 10:57:42,270 - INFO - [Metrics for 'normal'] | Precision: 0.7889 | Recall: 0.8626 | F1: 0.8241
2026-01-18 10:57:42,281 - INFO - --------------------------------------------------
2026-01-18 10:57:42,290 - INFO - [LR]    [33/90] | Learning Rate: 0.000747
2026-01-18 10:57:56,684 - INFO - [Train] [33/90] | Loss: 0.4712 | Train Acc: 82.22%
2026-01-18 10:58:00,952 - INFO - [Valid] [33/90] | Loss: 0.5512 | Val Acc: 78.17%
2026-01-18 10:58:00,983 - INFO - [Metrics for 'abnormal'] | Precision: 0.7677 | Recall: 0.7580 | F1: 0.7628
2026-01-18 10:58:00,984 - INFO - [Metrics for 'normal'] | Precision: 0.7935 | Recall: 0.8022 | F1: 0.7978
2026-01-18 10:58:00,995 - INFO - --------------------------------------------------
2026-01-18 10:58:01,003 - INFO - [LR]    [34/90] | Learning Rate: 0.000733
2026-01-18 10:58:14,885 - INFO - [Train] [34/90] | Loss: 0.4697 | Train Acc: 80.80%
2026-01-18 10:58:19,477 - INFO - [Valid] [34/90] | Loss: 0.5381 | Val Acc: 78.47%
2026-01-18 10:58:19,507 - INFO - [Metrics for 'abnormal'] | Precision: 0.7763 | Recall: 0.7516 | F1: 0.7638
2026-01-18 10:58:19,508 - INFO - [Metrics for 'normal'] | Precision: 0.7914 | Recall: 0.8132 | F1: 0.8022
2026-01-18 10:58:19,519 - INFO - --------------------------------------------------
2026-01-18 10:58:19,527 - INFO - [LR]    [35/90] | Learning Rate: 0.000719
2026-01-18 10:58:34,387 - INFO - [Train] [35/90] | Loss: 0.4920 | Train Acc: 79.91%
2026-01-18 10:58:38,801 - INFO - [Valid] [35/90] | Loss: 0.5135 | Val Acc: 78.47%
2026-01-18 10:58:38,825 - INFO - [Metrics for 'abnormal'] | Precision: 0.8182 | Recall: 0.6879 | F1: 0.7474
2026-01-18 10:58:38,826 - INFO - [Metrics for 'normal'] | Precision: 0.7633 | Recall: 0.8681 | F1: 0.8123
2026-01-18 10:58:38,834 - INFO - --------------------------------------------------
2026-01-18 10:58:38,839 - INFO - [LR]    [36/90] | Learning Rate: 0.000704
2026-01-18 10:58:52,710 - INFO - [Train] [36/90] | Loss: 0.4751 | Train Acc: 82.44%
2026-01-18 10:58:56,855 - INFO - [Valid] [36/90] | Loss: 0.5360 | Val Acc: 77.58%
2026-01-18 10:58:56,881 - INFO - [Metrics for 'abnormal'] | Precision: 0.8045 | Recall: 0.6815 | F1: 0.7379
2026-01-18 10:58:56,882 - INFO - [Metrics for 'normal'] | Precision: 0.7573 | Recall: 0.8571 | F1: 0.8041
2026-01-18 10:58:56,891 - INFO - --------------------------------------------------
2026-01-18 10:58:56,898 - INFO - [LR]    [37/90] | Learning Rate: 0.000689
2026-01-18 10:59:10,210 - INFO - [Train] [37/90] | Loss: 0.4779 | Train Acc: 81.25%
2026-01-18 10:59:14,763 - INFO - [Valid] [37/90] | Loss: 0.5246 | Val Acc: 77.29%
2026-01-18 10:59:14,781 - INFO - [Metrics for 'abnormal'] | Precision: 0.7899 | Recall: 0.6943 | F1: 0.7390
2026-01-18 10:59:14,781 - INFO - [Metrics for 'normal'] | Precision: 0.7612 | Recall: 0.8407 | F1: 0.7990
2026-01-18 10:59:14,788 - INFO - --------------------------------------------------
2026-01-18 10:59:14,792 - INFO - [LR]    [38/90] | Learning Rate: 0.000674
2026-01-18 10:59:28,625 - INFO - [Train] [38/90] | Loss: 0.4783 | Train Acc: 82.14%
2026-01-18 10:59:33,177 - INFO - [Valid] [38/90] | Loss: 0.5154 | Val Acc: 79.06%
2026-01-18 10:59:33,204 - INFO - [Metrics for 'abnormal'] | Precision: 0.7905 | Recall: 0.7452 | F1: 0.7672
2026-01-18 10:59:33,205 - INFO - [Metrics for 'normal'] | Precision: 0.7906 | Recall: 0.8297 | F1: 0.8097
2026-01-18 10:59:33,214 - INFO - --------------------------------------------------
2026-01-18 10:59:33,221 - INFO - [LR]    [39/90] | Learning Rate: 0.000659
2026-01-18 10:59:46,745 - INFO - [Train] [39/90] | Loss: 0.4833 | Train Acc: 81.70%
2026-01-18 10:59:51,322 - INFO - [Valid] [39/90] | Loss: 0.5186 | Val Acc: 78.76%
2026-01-18 10:59:51,347 - INFO - [Metrics for 'abnormal'] | Precision: 0.7815 | Recall: 0.7516 | F1: 0.7662
2026-01-18 10:59:51,348 - INFO - [Metrics for 'normal'] | Precision: 0.7926 | Recall: 0.8187 | F1: 0.8054
2026-01-18 10:59:51,358 - INFO - --------------------------------------------------
2026-01-18 10:59:51,365 - INFO - [LR]    [40/90] | Learning Rate: 0.000644
2026-01-18 11:00:05,046 - INFO - [Train] [40/90] | Loss: 0.4626 | Train Acc: 82.81%
2026-01-18 11:00:09,555 - INFO - [Valid] [40/90] | Loss: 0.5268 | Val Acc: 76.99%
2026-01-18 11:00:09,576 - INFO - [Metrics for 'abnormal'] | Precision: 0.7883 | Recall: 0.6879 | F1: 0.7347
2026-01-18 11:00:09,576 - INFO - [Metrics for 'normal'] | Precision: 0.7574 | Recall: 0.8407 | F1: 0.7969
2026-01-18 11:00:09,583 - INFO - --------------------------------------------------
2026-01-18 11:00:09,588 - INFO - [LR]    [41/90] | Learning Rate: 0.000628
2026-01-18 11:00:22,685 - INFO - [Train] [41/90] | Loss: 0.4567 | Train Acc: 83.85%
2026-01-18 11:00:26,926 - INFO - [Valid] [41/90] | Loss: 0.5198 | Val Acc: 79.94%
2026-01-18 11:00:26,959 - INFO - [Metrics for 'abnormal'] | Precision: 0.8112 | Recall: 0.7389 | F1: 0.7733
2026-01-18 11:00:26,960 - INFO - [Metrics for 'normal'] | Precision: 0.7908 | Recall: 0.8516 | F1: 0.8201
2026-01-18 11:00:26,969 - INFO - --------------------------------------------------
2026-01-18 11:00:26,977 - INFO - [LR]    [42/90] | Learning Rate: 0.000613
2026-01-18 11:00:41,113 - INFO - [Train] [42/90] | Loss: 0.4591 | Train Acc: 83.63%
2026-01-18 11:00:45,515 - INFO - [Valid] [42/90] | Loss: 0.5058 | Val Acc: 79.06%
2026-01-18 11:00:45,544 - INFO - [Metrics for 'abnormal'] | Precision: 0.7867 | Recall: 0.7516 | F1: 0.7687
2026-01-18 11:00:45,544 - INFO - [Metrics for 'normal'] | Precision: 0.7937 | Recall: 0.8242 | F1: 0.8086
2026-01-18 11:00:45,554 - INFO - --------------------------------------------------
2026-01-18 11:00:45,561 - INFO - [LR]    [43/90] | Learning Rate: 0.000597
2026-01-18 11:00:59,754 - INFO - [Train] [43/90] | Loss: 0.4818 | Train Acc: 81.62%
2026-01-18 11:01:04,837 - INFO - [Valid] [43/90] | Loss: 0.5307 | Val Acc: 76.11%
2026-01-18 11:01:04,856 - INFO - [Metrics for 'abnormal'] | Precision: 0.7405 | Recall: 0.7452 | F1: 0.7429
2026-01-18 11:01:04,857 - INFO - [Metrics for 'normal'] | Precision: 0.7790 | Recall: 0.7747 | F1: 0.7769
2026-01-18 11:01:04,863 - INFO - --------------------------------------------------
2026-01-18 11:01:04,868 - INFO - [LR]    [44/90] | Learning Rate: 0.000581
2026-01-18 11:01:20,088 - INFO - [Train] [44/90] | Loss: 0.4812 | Train Acc: 80.43%
2026-01-18 11:01:24,414 - INFO - [Valid] [44/90] | Loss: 0.5210 | Val Acc: 78.17%
2026-01-18 11:01:24,446 - INFO - [Metrics for 'abnormal'] | Precision: 0.7610 | Recall: 0.7707 | F1: 0.7658
2026-01-18 11:01:24,446 - INFO - [Metrics for 'normal'] | Precision: 0.8000 | Recall: 0.7912 | F1: 0.7956
2026-01-18 11:01:24,456 - INFO - --------------------------------------------------
2026-01-18 11:01:24,465 - INFO - [LR]    [45/90] | Learning Rate: 0.000566
2026-01-18 11:01:40,758 - INFO - [Train] [45/90] | Loss: 0.4827 | Train Acc: 81.99%
2026-01-18 11:01:44,656 - INFO - [Valid] [45/90] | Loss: 0.5112 | Val Acc: 79.94%
2026-01-18 11:01:44,684 - INFO - [Metrics for 'abnormal'] | Precision: 0.8201 | Recall: 0.7261 | F1: 0.7703
2026-01-18 11:01:44,685 - INFO - [Metrics for 'normal'] | Precision: 0.7850 | Recall: 0.8626 | F1: 0.8220
2026-01-18 11:01:44,694 - INFO - --------------------------------------------------
2026-01-18 11:01:44,702 - INFO - [LR]    [46/90] | Learning Rate: 0.000550
2026-01-18 11:02:01,133 - INFO - [Train] [46/90] | Loss: 0.4547 | Train Acc: 83.71%
2026-01-18 11:02:04,725 - INFO - [Valid] [46/90] | Loss: 0.5157 | Val Acc: 79.35%
2026-01-18 11:02:04,753 - INFO - [Metrics for 'abnormal'] | Precision: 0.7881 | Recall: 0.7580 | F1: 0.7727
2026-01-18 11:02:04,754 - INFO - [Metrics for 'normal'] | Precision: 0.7979 | Recall: 0.8242 | F1: 0.8108
2026-01-18 11:02:04,764 - INFO - --------------------------------------------------
2026-01-18 11:02:04,771 - INFO - [LR]    [47/90] | Learning Rate: 0.000534
2026-01-18 11:02:20,924 - INFO - [Train] [47/90] | Loss: 0.4581 | Train Acc: 83.56%
2026-01-18 11:02:24,674 - INFO - [Valid] [47/90] | Loss: 0.5084 | Val Acc: 79.65%
2026-01-18 11:02:24,710 - INFO - [Metrics for 'abnormal'] | Precision: 0.7821 | Recall: 0.7771 | F1: 0.7796
2026-01-18 11:02:24,712 - INFO - [Metrics for 'normal'] | Precision: 0.8087 | Recall: 0.8132 | F1: 0.8110
2026-01-18 11:02:24,725 - INFO - --------------------------------------------------
2026-01-18 11:02:24,735 - INFO - [LR]    [48/90] | Learning Rate: 0.000519
2026-01-18 11:02:40,444 - INFO - [Train] [48/90] | Loss: 0.4668 | Train Acc: 82.74%
2026-01-18 11:02:44,649 - INFO - [Valid] [48/90] | Loss: 0.5382 | Val Acc: 78.47%
2026-01-18 11:02:44,672 - INFO - [Metrics for 'abnormal'] | Precision: 0.7727 | Recall: 0.7580 | F1: 0.7653
2026-01-18 11:02:44,672 - INFO - [Metrics for 'normal'] | Precision: 0.7946 | Recall: 0.8077 | F1: 0.8011
2026-01-18 11:02:44,679 - INFO - --------------------------------------------------
2026-01-18 11:02:44,684 - INFO - [LR]    [49/90] | Learning Rate: 0.000503
2026-01-18 11:02:59,952 - INFO - [Train] [49/90] | Loss: 0.4934 | Train Acc: 80.80%
2026-01-18 11:03:03,952 - INFO - [Valid] [49/90] | Loss: 0.5209 | Val Acc: 78.76%
2026-01-18 11:03:03,984 - INFO - [Metrics for 'abnormal'] | Precision: 0.8148 | Recall: 0.7006 | F1: 0.7534
2026-01-18 11:03:03,985 - INFO - [Metrics for 'normal'] | Precision: 0.7696 | Recall: 0.8626 | F1: 0.8135
2026-01-18 11:03:03,996 - INFO - --------------------------------------------------
2026-01-18 11:03:04,005 - INFO - [LR]    [50/90] | Learning Rate: 0.000487
2026-01-18 11:03:18,994 - INFO - [Train] [50/90] | Loss: 0.4665 | Train Acc: 82.89%
2026-01-18 11:03:23,069 - INFO - [Valid] [50/90] | Loss: 0.5338 | Val Acc: 79.65%
2026-01-18 11:03:23,098 - INFO - [Metrics for 'abnormal'] | Precision: 0.7750 | Recall: 0.7898 | F1: 0.7823
2026-01-18 11:03:23,099 - INFO - [Metrics for 'normal'] | Precision: 0.8156 | Recall: 0.8022 | F1: 0.8089
2026-01-18 11:03:23,108 - INFO - --------------------------------------------------
2026-01-18 11:03:23,116 - INFO - [LR]    [51/90] | Learning Rate: 0.000472
2026-01-18 11:03:37,487 - INFO - [Train] [51/90] | Loss: 0.4748 | Train Acc: 81.85%
2026-01-18 11:03:41,316 - INFO - [Valid] [51/90] | Loss: 0.5181 | Val Acc: 79.35%
2026-01-18 11:03:41,347 - INFO - [Metrics for 'abnormal'] | Precision: 0.7881 | Recall: 0.7580 | F1: 0.7727
2026-01-18 11:03:41,348 - INFO - [Metrics for 'normal'] | Precision: 0.7979 | Recall: 0.8242 | F1: 0.8108
2026-01-18 11:03:41,358 - INFO - --------------------------------------------------
2026-01-18 11:03:41,365 - INFO - [LR]    [52/90] | Learning Rate: 0.000456
2026-01-18 11:03:56,010 - INFO - [Train] [52/90] | Loss: 0.4734 | Train Acc: 83.04%
2026-01-18 11:04:00,008 - INFO - [Valid] [52/90] | Loss: 0.5258 | Val Acc: 79.06%
2026-01-18 11:04:00,036 - INFO - [Metrics for 'abnormal'] | Precision: 0.7867 | Recall: 0.7516 | F1: 0.7687
2026-01-18 11:04:00,036 - INFO - [Metrics for 'normal'] | Precision: 0.7937 | Recall: 0.8242 | F1: 0.8086
2026-01-18 11:04:00,045 - INFO - --------------------------------------------------
2026-01-18 11:04:00,053 - INFO - [LR]    [53/90] | Learning Rate: 0.000441
2026-01-18 11:04:15,340 - INFO - [Train] [53/90] | Loss: 0.4686 | Train Acc: 82.07%
2026-01-18 11:04:19,751 - INFO - [Valid] [53/90] | Loss: 0.5218 | Val Acc: 79.65%
2026-01-18 11:04:19,778 - INFO - [Metrics for 'abnormal'] | Precision: 0.8333 | Recall: 0.7006 | F1: 0.7612
2026-01-18 11:04:19,779 - INFO - [Metrics for 'normal'] | Precision: 0.7729 | Recall: 0.8791 | F1: 0.8226
2026-01-18 11:04:19,789 - INFO - --------------------------------------------------
2026-01-18 11:04:19,796 - INFO - [LR]    [54/90] | Learning Rate: 0.000426
2026-01-18 11:04:33,251 - INFO - [Train] [54/90] | Loss: 0.4689 | Train Acc: 82.59%
2026-01-18 11:04:37,403 - INFO - [Valid] [54/90] | Loss: 0.5276 | Val Acc: 80.53%
2026-01-18 11:04:37,425 - INFO - [Metrics for 'abnormal'] | Precision: 0.7898 | Recall: 0.7898 | F1: 0.7898
2026-01-18 11:04:37,426 - INFO - [Metrics for 'normal'] | Precision: 0.8187 | Recall: 0.8187 | F1: 0.8187
2026-01-18 11:04:37,433 - INFO - --------------------------------------------------
2026-01-18 11:04:37,437 - INFO - [LR]    [55/90] | Learning Rate: 0.000411
2026-01-18 11:04:51,561 - INFO - [Train] [55/90] | Loss: 0.4635 | Train Acc: 83.18%
2026-01-18 11:04:55,308 - INFO - [Valid] [55/90] | Loss: 0.5183 | Val Acc: 79.35%
2026-01-18 11:04:55,336 - INFO - [Metrics for 'abnormal'] | Precision: 0.8271 | Recall: 0.7006 | F1: 0.7586
2026-01-18 11:04:55,337 - INFO - [Metrics for 'normal'] | Precision: 0.7718 | Recall: 0.8736 | F1: 0.8196
2026-01-18 11:04:55,347 - INFO - --------------------------------------------------
2026-01-18 11:04:55,356 - INFO - [LR]    [56/90] | Learning Rate: 0.000396
2026-01-18 11:05:09,265 - INFO - [Train] [56/90] | Loss: 0.4561 | Train Acc: 82.96%
2026-01-18 11:05:13,216 - INFO - [Valid] [56/90] | Loss: 0.5171 | Val Acc: 81.12%
2026-01-18 11:05:13,235 - INFO - [Metrics for 'abnormal'] | Precision: 0.8207 | Recall: 0.7580 | F1: 0.7881
2026-01-18 11:05:13,235 - INFO - [Metrics for 'normal'] | Precision: 0.8041 | Recall: 0.8571 | F1: 0.8298
2026-01-18 11:05:13,242 - INFO - --------------------------------------------------
2026-01-18 11:05:13,247 - INFO - [LR]    [57/90] | Learning Rate: 0.000381
2026-01-18 11:05:27,357 - INFO - [Train] [57/90] | Loss: 0.4671 | Train Acc: 83.11%
2026-01-18 11:05:31,305 - INFO - [Valid] [57/90] | Loss: 0.5187 | Val Acc: 78.76%
2026-01-18 11:05:31,337 - INFO - [Metrics for 'abnormal'] | Precision: 0.8102 | Recall: 0.7070 | F1: 0.7551
2026-01-18 11:05:31,337 - INFO - [Metrics for 'normal'] | Precision: 0.7723 | Recall: 0.8571 | F1: 0.8125
2026-01-18 11:05:31,348 - INFO - --------------------------------------------------
2026-01-18 11:05:31,355 - INFO - [LR]    [58/90] | Learning Rate: 0.000367
2026-01-18 11:05:45,789 - INFO - [Train] [58/90] | Loss: 0.4561 | Train Acc: 83.93%
2026-01-18 11:05:49,625 - INFO - [Valid] [58/90] | Loss: 0.5212 | Val Acc: 79.65%
2026-01-18 11:05:49,652 - INFO - [Metrics for 'abnormal'] | Precision: 0.8284 | Recall: 0.7070 | F1: 0.7629
2026-01-18 11:05:49,652 - INFO - [Metrics for 'normal'] | Precision: 0.7756 | Recall: 0.8736 | F1: 0.8217
2026-01-18 11:05:49,662 - INFO - --------------------------------------------------
2026-01-18 11:05:49,670 - INFO - [LR]    [59/90] | Learning Rate: 0.000353
2026-01-18 11:06:04,199 - INFO - [Train] [59/90] | Loss: 0.4525 | Train Acc: 85.34%
2026-01-18 11:06:08,487 - INFO - [Valid] [59/90] | Loss: 0.5100 | Val Acc: 79.65%
2026-01-18 11:06:08,513 - INFO - [Metrics for 'abnormal'] | Precision: 0.8014 | Recall: 0.7452 | F1: 0.7723
2026-01-18 11:06:08,514 - INFO - [Metrics for 'normal'] | Precision: 0.7927 | Recall: 0.8407 | F1: 0.8160
2026-01-18 11:06:08,524 - INFO - --------------------------------------------------
2026-01-18 11:06:08,532 - INFO - [LR]    [60/90] | Learning Rate: 0.000339
2026-01-18 11:06:23,585 - INFO - [Train] [60/90] | Loss: 0.4529 | Train Acc: 83.78%
2026-01-18 11:06:27,846 - INFO - [Valid] [60/90] | Loss: 0.5166 | Val Acc: 80.83%
2026-01-18 11:06:27,876 - INFO - [Metrics for 'abnormal'] | Precision: 0.8026 | Recall: 0.7771 | F1: 0.7896
2026-01-18 11:06:27,878 - INFO - [Metrics for 'normal'] | Precision: 0.8128 | Recall: 0.8352 | F1: 0.8238
2026-01-18 11:06:27,890 - INFO - --------------------------------------------------
2026-01-18 11:06:27,899 - INFO - [LR]    [61/90] | Learning Rate: 0.000325
2026-01-18 11:06:41,595 - INFO - [Train] [61/90] | Loss: 0.4442 | Train Acc: 83.85%
2026-01-18 11:06:45,688 - INFO - [Valid] [61/90] | Loss: 0.5127 | Val Acc: 81.42%
2026-01-18 11:06:45,708 - INFO - [Metrics for 'abnormal'] | Precision: 0.8310 | Recall: 0.7516 | F1: 0.7893
2026-01-18 11:06:45,708 - INFO - [Metrics for 'normal'] | Precision: 0.8020 | Recall: 0.8681 | F1: 0.8338
2026-01-18 11:06:45,715 - INFO - --------------------------------------------------
2026-01-18 11:06:45,720 - INFO - [LR]    [62/90] | Learning Rate: 0.000312
2026-01-18 11:07:00,140 - INFO - [Train] [62/90] | Loss: 0.4446 | Train Acc: 84.97%
2026-01-18 11:07:04,593 - INFO - [Valid] [62/90] | Loss: 0.5099 | Val Acc: 80.83%
2026-01-18 11:07:04,622 - INFO - [Metrics for 'abnormal'] | Precision: 0.8151 | Recall: 0.7580 | F1: 0.7855
2026-01-18 11:07:04,623 - INFO - [Metrics for 'normal'] | Precision: 0.8031 | Recall: 0.8516 | F1: 0.8267
2026-01-18 11:07:04,633 - INFO - --------------------------------------------------
2026-01-18 11:07:04,641 - INFO - [LR]    [63/90] | Learning Rate: 0.000298
2026-01-18 11:07:19,153 - INFO - [Train] [63/90] | Loss: 0.4344 | Train Acc: 85.42%
2026-01-18 11:07:23,463 - INFO - [Valid] [63/90] | Loss: 0.5060 | Val Acc: 79.94%
2026-01-18 11:07:23,507 - INFO - [Metrics for 'abnormal'] | Precision: 0.8201 | Recall: 0.7261 | F1: 0.7703
2026-01-18 11:07:23,508 - INFO - [Metrics for 'normal'] | Precision: 0.7850 | Recall: 0.8626 | F1: 0.8220
2026-01-18 11:07:23,521 - INFO - --------------------------------------------------
2026-01-18 11:07:23,533 - INFO - [LR]    [64/90] | Learning Rate: 0.000285
2026-01-18 11:07:38,491 - INFO - [Train] [64/90] | Loss: 0.4420 | Train Acc: 84.23%
2026-01-18 11:07:44,015 - INFO - [Valid] [64/90] | Loss: 0.5094 | Val Acc: 79.94%
2026-01-18 11:07:44,053 - INFO - [Metrics for 'abnormal'] | Precision: 0.8027 | Recall: 0.7516 | F1: 0.7763
2026-01-18 11:07:44,054 - INFO - [Metrics for 'normal'] | Precision: 0.7969 | Recall: 0.8407 | F1: 0.8182
2026-01-18 11:07:44,063 - INFO - --------------------------------------------------
2026-01-18 11:07:44,070 - INFO - [LR]    [65/90] | Learning Rate: 0.000273
2026-01-18 11:07:59,192 - INFO - [Train] [65/90] | Loss: 0.4258 | Train Acc: 84.52%
2026-01-18 11:08:03,883 - INFO - [Valid] [65/90] | Loss: 0.5162 | Val Acc: 79.06%
2026-01-18 11:08:03,915 - INFO - [Metrics for 'abnormal'] | Precision: 0.7792 | Recall: 0.7643 | F1: 0.7717
2026-01-18 11:08:03,916 - INFO - [Metrics for 'normal'] | Precision: 0.8000 | Recall: 0.8132 | F1: 0.8065
2026-01-18 11:08:03,925 - INFO - --------------------------------------------------
2026-01-18 11:08:03,934 - INFO - [LR]    [66/90] | Learning Rate: 0.000261
2026-01-18 11:08:19,151 - INFO - [Train] [66/90] | Loss: 0.4317 | Train Acc: 84.60%
2026-01-18 11:08:23,128 - INFO - [Valid] [66/90] | Loss: 0.5218 | Val Acc: 77.88%
2026-01-18 11:08:23,158 - INFO - [Metrics for 'abnormal'] | Precision: 0.7733 | Recall: 0.7389 | F1: 0.7557
2026-01-18 11:08:23,158 - INFO - [Metrics for 'normal'] | Precision: 0.7831 | Recall: 0.8132 | F1: 0.7978
2026-01-18 11:08:23,186 - INFO - --------------------------------------------------
2026-01-18 11:08:23,198 - INFO - [LR]    [67/90] | Learning Rate: 0.000249
2026-01-18 11:08:38,568 - INFO - [Train] [67/90] | Loss: 0.4333 | Train Acc: 84.60%
2026-01-18 11:08:42,684 - INFO - [Valid] [67/90] | Loss: 0.5233 | Val Acc: 78.47%
2026-01-18 11:08:42,720 - INFO - [Metrics for 'abnormal'] | Precision: 0.8182 | Recall: 0.6879 | F1: 0.7474
2026-01-18 11:08:42,721 - INFO - [Metrics for 'normal'] | Precision: 0.7633 | Recall: 0.8681 | F1: 0.8123
2026-01-18 11:08:42,733 - INFO - --------------------------------------------------
2026-01-18 11:08:42,741 - INFO - [LR]    [68/90] | Learning Rate: 0.000237
2026-01-18 11:08:57,933 - INFO - [Train] [68/90] | Loss: 0.4361 | Train Acc: 84.45%
2026-01-18 11:09:01,671 - INFO - [Valid] [68/90] | Loss: 0.5136 | Val Acc: 78.76%
2026-01-18 11:09:01,709 - INFO - [Metrics for 'abnormal'] | Precision: 0.7931 | Recall: 0.7325 | F1: 0.7616
2026-01-18 11:09:01,710 - INFO - [Metrics for 'normal'] | Precision: 0.7835 | Recall: 0.8352 | F1: 0.8085
2026-01-18 11:09:01,720 - INFO - --------------------------------------------------
2026-01-18 11:09:01,728 - INFO - [LR]    [69/90] | Learning Rate: 0.000226
2026-01-18 11:09:17,238 - INFO - [Train] [69/90] | Loss: 0.4386 | Train Acc: 85.19%
2026-01-18 11:09:20,859 - INFO - [Valid] [69/90] | Loss: 0.5219 | Val Acc: 76.99%
2026-01-18 11:09:20,889 - INFO - [Metrics for 'abnormal'] | Precision: 0.7801 | Recall: 0.7006 | F1: 0.7383
2026-01-18 11:09:20,890 - INFO - [Metrics for 'normal'] | Precision: 0.7626 | Recall: 0.8297 | F1: 0.7947
2026-01-18 11:09:20,900 - INFO - --------------------------------------------------
2026-01-18 11:09:20,908 - INFO - [LR]    [70/90] | Learning Rate: 0.000216
2026-01-18 11:09:37,015 - INFO - [Train] [70/90] | Loss: 0.4206 | Train Acc: 84.82%
2026-01-18 11:09:40,655 - INFO - [Valid] [70/90] | Loss: 0.5082 | Val Acc: 77.58%
2026-01-18 11:09:40,696 - INFO - [Metrics for 'abnormal'] | Precision: 0.8140 | Recall: 0.6688 | F1: 0.7343
2026-01-18 11:09:40,697 - INFO - [Metrics for 'normal'] | Precision: 0.7524 | Recall: 0.8681 | F1: 0.8061
2026-01-18 11:09:40,707 - INFO - --------------------------------------------------
2026-01-18 11:09:40,715 - INFO - [LR]    [71/90] | Learning Rate: 0.000205
2026-01-18 11:09:56,277 - INFO - [Train] [71/90] | Loss: 0.4221 | Train Acc: 86.01%
2026-01-18 11:09:59,663 - INFO - [Valid] [71/90] | Loss: 0.5094 | Val Acc: 78.17%
2026-01-18 11:09:59,692 - INFO - [Metrics for 'abnormal'] | Precision: 0.7823 | Recall: 0.7325 | F1: 0.7566
2026-01-18 11:09:59,692 - INFO - [Metrics for 'normal'] | Precision: 0.7812 | Recall: 0.8242 | F1: 0.8021
2026-01-18 11:09:59,703 - INFO - --------------------------------------------------
2026-01-18 11:09:59,710 - INFO - [LR]    [72/90] | Learning Rate: 0.000195
2026-01-18 11:10:16,361 - INFO - [Train] [72/90] | Loss: 0.4207 | Train Acc: 86.46%
2026-01-18 11:10:20,478 - INFO - [Valid] [72/90] | Loss: 0.5104 | Val Acc: 79.65%
2026-01-18 11:10:20,507 - INFO - [Metrics for 'abnormal'] | Precision: 0.8056 | Recall: 0.7389 | F1: 0.7708
2026-01-18 11:10:20,508 - INFO - [Metrics for 'normal'] | Precision: 0.7897 | Recall: 0.8462 | F1: 0.8170
2026-01-18 11:10:20,518 - INFO - --------------------------------------------------
2026-01-18 11:10:20,525 - INFO - [LR]    [73/90] | Learning Rate: 0.000186
2026-01-18 11:10:35,164 - INFO - [Train] [73/90] | Loss: 0.4232 | Train Acc: 86.09%
2026-01-18 11:10:39,119 - INFO - [Valid] [73/90] | Loss: 0.5074 | Val Acc: 79.06%
2026-01-18 11:10:39,147 - INFO - [Metrics for 'abnormal'] | Precision: 0.7905 | Recall: 0.7452 | F1: 0.7672
2026-01-18 11:10:39,149 - INFO - [Metrics for 'normal'] | Precision: 0.7906 | Recall: 0.8297 | F1: 0.8097
2026-01-18 11:10:39,159 - INFO - --------------------------------------------------
2026-01-18 11:10:39,167 - INFO - [LR]    [74/90] | Learning Rate: 0.000177
2026-01-18 11:10:54,247 - INFO - [Train] [74/90] | Loss: 0.4220 | Train Acc: 86.61%
2026-01-18 11:10:58,630 - INFO - [Valid] [74/90] | Loss: 0.5092 | Val Acc: 80.24%
2026-01-18 11:10:58,667 - INFO - [Metrics for 'abnormal'] | Precision: 0.8041 | Recall: 0.7580 | F1: 0.7803
2026-01-18 11:10:58,668 - INFO - [Metrics for 'normal'] | Precision: 0.8010 | Recall: 0.8407 | F1: 0.8204
2026-01-18 11:10:58,679 - INFO - --------------------------------------------------
2026-01-18 11:10:58,688 - INFO - [LR]    [75/90] | Learning Rate: 0.000168
2026-01-18 11:11:13,358 - INFO - [Train] [75/90] | Loss: 0.4180 | Train Acc: 86.01%
2026-01-18 11:11:18,535 - INFO - [Valid] [75/90] | Loss: 0.4985 | Val Acc: 82.01%
2026-01-18 11:11:18,575 - INFO - [Metrics for 'abnormal'] | Precision: 0.8243 | Recall: 0.7771 | F1: 0.8000
2026-01-18 11:11:18,576 - INFO - [Metrics for 'normal'] | Precision: 0.8168 | Recall: 0.8571 | F1: 0.8365
2026-01-18 11:11:18,588 - INFO - --------------------------------------------------
2026-01-18 11:11:18,601 - INFO - [LR]    [76/90] | Learning Rate: 0.000160
2026-01-18 11:11:32,966 - INFO - [Train] [76/90] | Loss: 0.4263 | Train Acc: 85.94%
2026-01-18 11:11:37,816 - INFO - [Valid] [76/90] | Loss: 0.4967 | Val Acc: 82.30%
2026-01-18 11:11:37,886 - INFO - [Metrics for 'abnormal'] | Precision: 0.8212 | Recall: 0.7898 | F1: 0.8052
2026-01-18 11:11:37,886 - INFO - [Metrics for 'normal'] | Precision: 0.8245 | Recall: 0.8516 | F1: 0.8378
2026-01-18 11:11:37,908 - INFO - --------------------------------------------------
2026-01-18 11:11:37,925 - INFO - [LR]    [77/90] | Learning Rate: 0.000153
2026-01-18 11:11:51,476 - INFO - [Train] [77/90] | Loss: 0.4202 | Train Acc: 86.31%
2026-01-18 11:11:55,799 - INFO - [Valid] [77/90] | Loss: 0.5001 | Val Acc: 81.12%
2026-01-18 11:11:55,829 - INFO - [Metrics for 'abnormal'] | Precision: 0.8298 | Recall: 0.7452 | F1: 0.7852
2026-01-18 11:11:55,831 - INFO - [Metrics for 'normal'] | Precision: 0.7980 | Recall: 0.8681 | F1: 0.8316
2026-01-18 11:11:55,842 - INFO - --------------------------------------------------
2026-01-18 11:11:55,851 - INFO - [LR]    [78/90] | Learning Rate: 0.000146
2026-01-18 11:12:09,706 - INFO - [Train] [78/90] | Loss: 0.4307 | Train Acc: 85.27%
2026-01-18 11:12:14,258 - INFO - [Valid] [78/90] | Loss: 0.5060 | Val Acc: 81.42%
2026-01-18 11:12:14,297 - INFO - [Metrics for 'abnormal'] | Precision: 0.8219 | Recall: 0.7643 | F1: 0.7921
2026-01-18 11:12:14,299 - INFO - [Metrics for 'normal'] | Precision: 0.8083 | Recall: 0.8571 | F1: 0.8320
2026-01-18 11:12:14,310 - INFO - --------------------------------------------------
2026-01-18 11:12:14,318 - INFO - [LR]    [79/90] | Learning Rate: 0.000139
2026-01-18 11:12:27,547 - INFO - [Train] [79/90] | Loss: 0.4134 | Train Acc: 85.71%
2026-01-18 11:12:32,270 - INFO - [Valid] [79/90] | Loss: 0.5039 | Val Acc: 80.83%
2026-01-18 11:12:32,307 - INFO - [Metrics for 'abnormal'] | Precision: 0.8108 | Recall: 0.7643 | F1: 0.7869
2026-01-18 11:12:32,308 - INFO - [Metrics for 'normal'] | Precision: 0.8063 | Recall: 0.8462 | F1: 0.8257
2026-01-18 11:12:32,322 - INFO - --------------------------------------------------
2026-01-18 11:12:32,333 - INFO - [LR]    [80/90] | Learning Rate: 0.000133
2026-01-18 11:12:46,328 - INFO - [Train] [80/90] | Loss: 0.4179 | Train Acc: 86.83%
2026-01-18 11:12:50,294 - INFO - [Valid] [80/90] | Loss: 0.4984 | Val Acc: 80.53%
2026-01-18 11:12:50,322 - INFO - [Metrics for 'abnormal'] | Precision: 0.7974 | Recall: 0.7771 | F1: 0.7871
2026-01-18 11:12:50,323 - INFO - [Metrics for 'normal'] | Precision: 0.8118 | Recall: 0.8297 | F1: 0.8207
2026-01-18 11:12:50,332 - INFO - --------------------------------------------------
2026-01-18 11:12:50,341 - INFO - [LR]    [81/90] | Learning Rate: 0.000127
2026-01-18 11:13:03,898 - INFO - [Train] [81/90] | Loss: 0.4169 | Train Acc: 86.31%
2026-01-18 11:13:08,801 - INFO - [Valid] [81/90] | Loss: 0.5042 | Val Acc: 80.83%
2026-01-18 11:13:08,827 - INFO - [Metrics for 'abnormal'] | Precision: 0.7987 | Recall: 0.7834 | F1: 0.7910
2026-01-18 11:13:08,828 - INFO - [Metrics for 'normal'] | Precision: 0.8162 | Recall: 0.8297 | F1: 0.8229
2026-01-18 11:13:08,838 - INFO - --------------------------------------------------
2026-01-18 11:13:08,845 - INFO - [LR]    [82/90] | Learning Rate: 0.000122
2026-01-18 11:13:23,125 - INFO - [Train] [82/90] | Loss: 0.4141 | Train Acc: 85.79%
2026-01-18 11:13:26,373 - INFO - [Valid] [82/90] | Loss: 0.5023 | Val Acc: 81.12%
2026-01-18 11:13:26,392 - INFO - [Metrics for 'abnormal'] | Precision: 0.8039 | Recall: 0.7834 | F1: 0.7935
2026-01-18 11:13:26,392 - INFO - [Metrics for 'normal'] | Precision: 0.8172 | Recall: 0.8352 | F1: 0.8261
2026-01-18 11:13:26,398 - INFO - --------------------------------------------------
2026-01-18 11:13:26,403 - INFO - [LR]    [83/90] | Learning Rate: 0.000117
2026-01-18 11:13:39,328 - INFO - [Train] [83/90] | Loss: 0.4156 | Train Acc: 85.94%
2026-01-18 11:13:42,277 - INFO - [Valid] [83/90] | Loss: 0.5080 | Val Acc: 80.53%
2026-01-18 11:13:42,296 - INFO - [Metrics for 'abnormal'] | Precision: 0.8095 | Recall: 0.7580 | F1: 0.7829
2026-01-18 11:13:42,296 - INFO - [Metrics for 'normal'] | Precision: 0.8021 | Recall: 0.8462 | F1: 0.8235
2026-01-18 11:13:42,302 - INFO - --------------------------------------------------
2026-01-18 11:13:42,307 - INFO - [LR]    [84/90] | Learning Rate: 0.000113
2026-01-18 11:13:52,745 - INFO - [Train] [84/90] | Loss: 0.4133 | Train Acc: 86.31%
2026-01-18 11:13:55,551 - INFO - [Valid] [84/90] | Loss: 0.5091 | Val Acc: 80.53%
2026-01-18 11:13:55,570 - INFO - [Metrics for 'abnormal'] | Precision: 0.8138 | Recall: 0.7516 | F1: 0.7815
2026-01-18 11:13:55,570 - INFO - [Metrics for 'normal'] | Precision: 0.7990 | Recall: 0.8516 | F1: 0.8245
2026-01-18 11:13:55,577 - INFO - --------------------------------------------------
2026-01-18 11:13:55,581 - INFO - [LR]    [85/90] | Learning Rate: 0.000110
2026-01-18 11:14:05,658 - INFO - [Train] [85/90] | Loss: 0.4113 | Train Acc: 86.16%
2026-01-18 11:14:08,377 - INFO - [Valid] [85/90] | Loss: 0.5080 | Val Acc: 80.83%
2026-01-18 11:14:08,396 - INFO - [Metrics for 'abnormal'] | Precision: 0.8108 | Recall: 0.7643 | F1: 0.7869
2026-01-18 11:14:08,396 - INFO - [Metrics for 'normal'] | Precision: 0.8063 | Recall: 0.8462 | F1: 0.8257
2026-01-18 11:14:08,404 - INFO - --------------------------------------------------
2026-01-18 11:14:08,408 - INFO - [LR]    [86/90] | Learning Rate: 0.000107
2026-01-18 11:14:17,709 - INFO - [Train] [86/90] | Loss: 0.4158 | Train Acc: 86.16%
2026-01-18 11:14:20,379 - INFO - [Valid] [86/90] | Loss: 0.5080 | Val Acc: 82.30%
2026-01-18 11:14:20,397 - INFO - [Metrics for 'abnormal'] | Precision: 0.8299 | Recall: 0.7771 | F1: 0.8026
2026-01-18 11:14:20,397 - INFO - [Metrics for 'normal'] | Precision: 0.8177 | Recall: 0.8626 | F1: 0.8396
2026-01-18 11:14:20,403 - INFO - --------------------------------------------------
2026-01-18 11:14:20,407 - INFO - [LR]    [87/90] | Learning Rate: 0.000104
2026-01-18 11:14:31,335 - INFO - [Train] [87/90] | Loss: 0.3988 | Train Acc: 87.35%
2026-01-18 11:14:34,113 - INFO - [Valid] [87/90] | Loss: 0.5131 | Val Acc: 79.94%
2026-01-18 11:14:34,133 - INFO - [Metrics for 'abnormal'] | Precision: 0.7987 | Recall: 0.7580 | F1: 0.7778
2026-01-18 11:14:34,134 - INFO - [Metrics for 'normal'] | Precision: 0.8000 | Recall: 0.8352 | F1: 0.8172
2026-01-18 11:14:34,141 - INFO - --------------------------------------------------
2026-01-18 11:14:34,145 - INFO - [LR]    [88/90] | Learning Rate: 0.000102
2026-01-18 11:14:43,232 - INFO - [Train] [88/90] | Loss: 0.4088 | Train Acc: 86.31%
2026-01-18 11:14:45,923 - INFO - [Valid] [88/90] | Loss: 0.5032 | Val Acc: 79.94%
2026-01-18 11:14:45,941 - INFO - [Metrics for 'abnormal'] | Precision: 0.8112 | Recall: 0.7389 | F1: 0.7733
2026-01-18 11:14:45,942 - INFO - [Metrics for 'normal'] | Precision: 0.7908 | Recall: 0.8516 | F1: 0.8201
2026-01-18 11:14:45,948 - INFO - --------------------------------------------------
2026-01-18 11:14:45,952 - INFO - [LR]    [89/90] | Learning Rate: 0.000101
2026-01-18 11:14:55,119 - INFO - [Train] [89/90] | Loss: 0.4114 | Train Acc: 85.86%
2026-01-18 11:14:57,755 - INFO - [Valid] [89/90] | Loss: 0.5218 | Val Acc: 79.65%
2026-01-18 11:14:57,778 - INFO - [Metrics for 'abnormal'] | Precision: 0.7857 | Recall: 0.7707 | F1: 0.7781
2026-01-18 11:14:57,779 - INFO - [Metrics for 'normal'] | Precision: 0.8054 | Recall: 0.8187 | F1: 0.8120
2026-01-18 11:14:57,786 - INFO - --------------------------------------------------
2026-01-18 11:14:57,790 - INFO - [LR]    [90/90] | Learning Rate: 0.000100
2026-01-18 11:15:06,863 - INFO - [Train] [90/90] | Loss: 0.4062 | Train Acc: 85.71%
2026-01-18 11:15:09,525 - INFO - [Valid] [90/90] | Loss: 0.5187 | Val Acc: 80.53%
2026-01-18 11:15:09,545 - INFO - [Metrics for 'abnormal'] | Precision: 0.8095 | Recall: 0.7580 | F1: 0.7829
2026-01-18 11:15:09,545 - INFO - [Metrics for 'normal'] | Precision: 0.8021 | Recall: 0.8462 | F1: 0.8235
2026-01-18 11:15:09,555 - INFO - ==================================================
2026-01-18 11:15:09,555 - INFO - 훈련 완료. 최고 성능 모델을 불러와 테스트 세트로 최종 평가합니다.
2026-01-18 11:15:09,556 - INFO - 최종 평가를 위해 새로운 모델 객체를 생성합니다.
2026-01-18 11:15:09,556 - INFO - Baseline 모델 'mobile_vit_xxs'을(를) 생성합니다 (사전 훈련 가중치: 미사용).
2026-01-18 11:15:09,655 - INFO - timm 모델(mobile_vit_xxs)의 Attention.forward를 Pruning 호환성을 위해 Monkey-patching 합니다.
2026-01-18 11:15:09,849 - INFO - 최고 성능 모델 가중치를 새로 생성된 모델 객체에 로드 완료: 'log/Sewer-TAPNEW/baseline_mobile_vit_xxs_20260118_104734/best_model.pth'
2026-01-18 11:15:09,850 - INFO - ==================================================
2026-01-18 11:15:09,850 - INFO - Test 모드를 시작합니다.
2026-01-18 11:15:10,186 - INFO - 연산량 (MACs): 0.2692 GMACs per sample
2026-01-18 11:15:10,187 - INFO - 연산량 (FLOPs): 0.5384 GFLOPs per sample
2026-01-18 11:15:10,187 - INFO - ==================================================
2026-01-18 11:15:10,187 - INFO - GPU 캐시를 비우고 측정을 시작합니다.
2026-01-18 11:15:13,160 - INFO - 샘플 당 평균 Forward Pass 시간: 18.04ms (std: 0.78ms), FPS: 55.50 (std: 1.94) (1개 샘플 x 100회 반복)
2026-01-18 11:15:13,162 - INFO - 샘플 당 Forward Pass 시 최대 GPU 메모리 사용량: 42.47 MB
2026-01-18 11:15:13,162 - INFO - 테스트 데이터셋에 대한 추론을 시작합니다.
2026-01-18 11:15:17,438 - INFO - [Test] Loss: 0.3677 | Test Acc: 82.60%
2026-01-18 11:15:17,463 - INFO - [Metrics for 'abnormal'] | Precision: 0.8141 | Recall: 0.8089 | F1: 0.8115
2026-01-18 11:15:17,463 - INFO - [Metrics for 'normal'] | Precision: 0.8361 | Recall: 0.8407 | F1: 0.8384
2026-01-18 11:15:18,443 - INFO - ==================================================
2026-01-18 11:15:18,443 - INFO - 혼동 행렬 저장 완료. 'log/Sewer-TAPNEW/baseline_mobile_vit_xxs_20260118_104734/confusion_matrix_20260118_104734.png' and 'log/Sewer-TAPNEW/baseline_mobile_vit_xxs_20260118_104734/confusion_matrix_20260118_104734.pdf'
2026-01-18 11:15:18,443 - INFO - ==================================================
2026-01-18 11:15:18,444 - INFO - ONNX 변환 및 평가를 시작합니다.
2026-01-18 11:15:20,015 - INFO - 모델이 ONNX 형식으로 변환되어 'log/Sewer-TAPNEW/baseline_mobile_vit_xxs_20260118_104734/model_fp32_20260118_104734.onnx'에 저장되었습니다. (크기: 3.80 MB)
2026-01-18 11:15:20,772 - INFO - [Model Load] ONNX 모델(FP32) 로드 중 피크 메모리 - 모델 로드 전 청소 직후 메모리: 10.11 MB
2026-01-18 11:15:20,772 - INFO - ONNX 런타임의 샘플 당 Forward Pass 시간 측정을 시작합니다...
2026-01-18 11:15:24,027 - INFO - 샘플 당 평균 Forward Pass 시간 (ONNX, CPU): 25.81ms (std: 1.67ms)
2026-01-18 11:15:24,030 - INFO - 샘플 당 평균 FPS (ONNX, CPU): 38.85 FPS (std: 1.80) (1개 샘플 x 100회 반복)
2026-01-18 11:15:24,030 - INFO - [Inference] 추론 중 피크 메모리 - 모델 로드 후 메모리 정리 직후 메모리: 11.54 MB
2026-01-18 11:15:24,031 - INFO - [Total] (FP32) 추론 중 피크 메모리 - 모델 로드 전 청소 직후 메모리: 25.18 MB
2026-01-18 11:15:29,224 - INFO - [Test (ONNX)] | Test Acc (ONNX): 82.30%
2026-01-18 11:15:29,262 - INFO - [Metrics for 'abnormal' (ONNX)] | Precision: 0.8129 | Recall: 0.8025 | F1: 0.8077
2026-01-18 11:15:29,262 - INFO - [Metrics for 'normal' (ONNX)] | Precision: 0.8315 | Recall: 0.8407 | F1: 0.8361
2026-01-18 11:15:30,167 - INFO - Val Acc 그래프 저장 완료: 'log/Sewer-TAPNEW/baseline_mobile_vit_xxs_20260118_104734/graph_20260118_104734/val_acc.png' and 'log/Sewer-TAPNEW/baseline_mobile_vit_xxs_20260118_104734/graph_20260118_104734/val_acc.pdf'
2026-01-18 11:15:31,054 - INFO - Train/Val Acc 그래프 저장 완료: 'log/Sewer-TAPNEW/baseline_mobile_vit_xxs_20260118_104734/graph_20260118_104734/train_val_acc.png' and 'log/Sewer-TAPNEW/baseline_mobile_vit_xxs_20260118_104734/graph_20260118_104734/train_val_acc.pdf'
2026-01-18 11:15:31,786 - INFO - F1 (normal) 그래프 저장 완료: 'log/Sewer-TAPNEW/baseline_mobile_vit_xxs_20260118_104734/graph_20260118_104734/F1_normal.png' and 'log/Sewer-TAPNEW/baseline_mobile_vit_xxs_20260118_104734/graph_20260118_104734/F1_normal.pdf'
2026-01-18 11:15:32,603 - INFO - Validation Loss 그래프 저장 완료: 'log/Sewer-TAPNEW/baseline_mobile_vit_xxs_20260118_104734/graph_20260118_104734/val_loss.png' and 'log/Sewer-TAPNEW/baseline_mobile_vit_xxs_20260118_104734/graph_20260118_104734/val_loss.pdf'
2026-01-18 11:15:33,352 - INFO - Learning Rate 그래프 저장 완료: 'log/Sewer-TAPNEW/baseline_mobile_vit_xxs_20260118_104734/graph_20260118_104734/learning_rate.png' and 'log/Sewer-TAPNEW/baseline_mobile_vit_xxs_20260118_104734/graph_20260118_104734/learning_rate.pdf'
2026-01-18 11:15:41,507 - INFO - 종합 그래프 저장 완료: 'log/Sewer-TAPNEW/baseline_mobile_vit_xxs_20260118_104734/graph_20260118_104734/compile.png' and 'log/Sewer-TAPNEW/baseline_mobile_vit_xxs_20260118_104734/graph_20260118_104734/compile.pdf'
