2026-03-02 13:19:46,725 - INFO - 로그 파일이 'log/Sewer_ML/baseline_mobilenet_v4_s_20260302_131946/log_20260302_131946.log'에 저장됩니다.
2026-03-02 13:19:46,727 - INFO - ==================================================
2026-03-02 13:19:46,727 - INFO - config.yaml:
2026-03-02 13:19:46,727 - INFO - 
run:
  global_seed: 42
  cuda: true
  mode: train
  pth_best_name: best_model.pth
  only_inference: false
  show_log: true
  dataset:
    name: Sewer_ML
    type: csv
    train_split_ratio: 0.8
    paths:
      train_img_dir: /home/tai/workspace/ssd1/data/Sewer/Sewer-ML/train
      valid_img_dir: /home/tai/workspace/ssd1/data/Sewer/Sewer-ML/valid
      test_img_dir: /home/tai/workspace/ssd1/data/Sewer/Sewer-ML/valid
      train_csv: /home/tai/workspace/ssd1/data/Sewer/Sewer-ML/SewerML_Train.csv
      valid_csv: /home/tai/workspace/ssd1/data/Sewer/Sewer-ML/SewerML_Val.csv
      test_csv: /home/tai/workspace/ssd1/data/Sewer/Sewer-ML/SewerML_Val.csv
      img_folder: /home/tai/workspace/ssd1/data/Sewer/Sewer-TAPNEW
  random_sampling_ratio:
    train: 1.0
    valid: 1.0
    test: 1.0
  num_workers: 16
model:
  img_size: 224
  num_patches_per_side: 7
  num_decoder_patches: 1
  num_decoder_layers: 6
  num_heads: 4
  cnn_feature_extractor:
    name: custom32
  encoder_dim: 32
  emb_dim: 32
  adaptive_initial_query: true
  decoder_ff_ratio: 2
  dropout: 0.1
  positional_encoding: true
  drop_path_ratio: 0.2
  visualize_attention: true
  num_plot_attention: 1500
training_main:
  epochs: 10
  batch_size: 256
  pre_trained: false
  optimizer: adamw
  lr: 0.001
  weight_decay: 0.0001
  loss_function: CrossEntropyLoss
  label_smoothing: 0.1
  scheduler: cosineannealinglr
  scheduler_params:
    T_max: 10
    eta_min: 0.0001
  best_model_criterion: val_loss
training_baseline:
  model_name: mobilenet_v4_s
  epochs: 90
  batch_size: 256
  pre_trained: false
  optimizer: adamw
  lr: 0.001
  weight_decay: 0.0001
  loss_function: CrossEntropyLoss
  label_smoothing: 0.1
  scheduler: cosineannealinglr
  scheduler_params:
    T_max: 90
    eta_min: 0.0001
  best_model_criterion: val_loss
finetuning_pruned:
  epochs: 80
  batch_size: 256
  optimizer: adamw
  lr: 0.001
  weight_decay: 0.0001
  loss_function: CrossEntropyLoss
  label_smoothing: 0.1
  scheduler: cosineannealinglr
  scheduler_params:
    T_max: 80
    eta_min: 0.0001
  best_model_criterion: val_loss
  exclude_attention_qkv_pruning: true
  exclude_embedding_bridge_pruning: true
  exclude_learnable_queries_pruning: true

2026-03-02 13:19:46,727 - INFO - ==================================================
2026-03-02 13:19:46,855 - INFO - CUDA 사용 가능. GPU 사용을 시작합니다. (Device: NVIDIA GeForce RTX 5090)
2026-03-02 13:19:46,855 - INFO - 'Sewer_ML' 데이터 로드를 시작합니다 (Type: csv).
2026-03-02 13:19:47,425 - INFO - 데이터셋 클래스: ['Normal', 'Defect'] (총 2개)
2026-03-02 13:19:47,425 - INFO - 훈련 데이터: 1040129개, 검증 데이터: 130046개, 테스트 데이터: 130046개
2026-03-02 13:19:47,425 - INFO - Baseline 모델 'mobilenet_v4_s'을(를) 생성합니다 (사전 훈련 가중치: 미사용).
2026-03-02 13:19:47,515 - INFO - ==================================================
2026-03-02 13:19:47,515 - INFO - 모델 파라미터 수:
2026-03-02 13:19:47,515 - INFO -   - 총 파라미터: 2,495,586 개
2026-03-02 13:19:47,515 - INFO -   - 학습 가능한 파라미터: 2,495,586 개
2026-03-02 13:19:47,515 - INFO - ================================================================================
2026-03-02 13:19:47,515 - INFO - 단계 1/2: 사전 훈련(Pre-training)을 시작합니다.
2026-03-02 13:19:47,515 - INFO - ================================================================================
2026-03-02 13:19:47,515 - INFO - 옵티마이저: AdamW (lr=0.001, weight_decay=0.0001)
2026-03-02 13:19:47,515 - INFO - 스케줄러: CosineAnnealingLR (T_max=90, eta_min=0.0001)
2026-03-02 13:19:47,515 - INFO - ==================================================
2026-03-02 13:19:47,515 - INFO - train 모드를 시작합니다.
2026-03-02 13:19:47,515 - INFO - 손실 함수: CrossEntropyLoss (label_smoothing: 0.1)
2026-03-02 13:19:47,515 - INFO - Best metric을 초기값(inf)으로 설정합니다.
2026-03-02 13:19:47,515 - INFO - --------------------------------------------------
2026-03-02 13:19:47,516 - INFO - [LR]    [1/90] | Learning Rate: 0.001000
2026-03-02 13:27:13,146 - INFO - [Train] [1/90] | Loss: 0.5068 | Train Acc: 81.04%
2026-03-02 13:27:52,227 - INFO - [Valid] [1/90] | Loss: 0.4313 | Val Acc: 85.12%
2026-03-02 13:27:52,357 - INFO - [Metrics for 'Normal'] | Precision: 0.8373 | Recall: 0.8914 | F1: 0.8635
2026-03-02 13:27:52,357 - INFO - [Metrics for 'Defect'] | Precision: 0.8690 | Recall: 0.8061 | F1: 0.8364
2026-03-02 13:27:52,411 - INFO - [Best Model Saved] (val loss: 0.4313) -> 'log/Sewer_ML/baseline_mobilenet_v4_s_20260302_131946/best_model.pth'
2026-03-02 13:27:52,411 - INFO - --------------------------------------------------
2026-03-02 13:27:52,411 - INFO - [LR]    [2/90] | Learning Rate: 0.001000
2026-03-02 13:35:17,997 - INFO - [Train] [2/90] | Loss: 0.4382 | Train Acc: 85.07%
2026-03-02 13:35:56,505 - INFO - [Valid] [2/90] | Loss: 0.4185 | Val Acc: 86.05%
2026-03-02 13:35:56,671 - INFO - [Metrics for 'Normal'] | Precision: 0.8867 | Recall: 0.8437 | F1: 0.8647
2026-03-02 13:35:56,671 - INFO - [Metrics for 'Defect'] | Precision: 0.8341 | Recall: 0.8794 | F1: 0.8561
2026-03-02 13:35:56,741 - INFO - [Best Model Saved] (val loss: 0.4185) -> 'log/Sewer_ML/baseline_mobilenet_v4_s_20260302_131946/best_model.pth'
2026-03-02 13:35:56,742 - INFO - --------------------------------------------------
2026-03-02 13:35:56,742 - INFO - [LR]    [3/90] | Learning Rate: 0.000999
2026-03-02 13:43:23,402 - INFO - [Train] [3/90] | Loss: 0.4186 | Train Acc: 86.32%
2026-03-02 13:44:01,929 - INFO - [Valid] [3/90] | Loss: 0.4420 | Val Acc: 84.05%
2026-03-02 13:44:02,069 - INFO - [Metrics for 'Normal'] | Precision: 0.8714 | Recall: 0.8189 | F1: 0.8443
2026-03-02 13:44:02,069 - INFO - [Metrics for 'Defect'] | Precision: 0.8101 | Recall: 0.8647 | F1: 0.8365
2026-03-02 13:44:02,113 - INFO - --------------------------------------------------
2026-03-02 13:44:02,113 - INFO - [LR]    [4/90] | Learning Rate: 0.000998
2026-03-02 13:51:28,545 - INFO - [Train] [4/90] | Loss: 0.4070 | Train Acc: 87.10%
2026-03-02 13:52:07,503 - INFO - [Valid] [4/90] | Loss: 0.6890 | Val Acc: 81.71%
2026-03-02 13:52:07,662 - INFO - [Metrics for 'Normal'] | Precision: 0.8200 | Recall: 0.8376 | F1: 0.8287
2026-03-02 13:52:07,663 - INFO - [Metrics for 'Defect'] | Precision: 0.8137 | Recall: 0.7942 | F1: 0.8039
2026-03-02 13:52:07,717 - INFO - --------------------------------------------------
2026-03-02 13:52:07,717 - INFO - [LR]    [5/90] | Learning Rate: 0.000996
2026-03-02 13:59:35,553 - INFO - [Train] [5/90] | Loss: 0.4128 | Train Acc: 86.87%
2026-03-02 14:00:14,141 - INFO - [Valid] [5/90] | Loss: 0.4158 | Val Acc: 87.94%
2026-03-02 14:00:14,315 - INFO - [Metrics for 'Normal'] | Precision: 0.8944 | Recall: 0.8750 | F1: 0.8846
2026-03-02 14:00:14,315 - INFO - [Metrics for 'Defect'] | Precision: 0.8634 | Recall: 0.8843 | F1: 0.8737
2026-03-02 14:00:14,386 - INFO - [Best Model Saved] (val loss: 0.4158) -> 'log/Sewer_ML/baseline_mobilenet_v4_s_20260302_131946/best_model.pth'
2026-03-02 14:00:14,386 - INFO - --------------------------------------------------
2026-03-02 14:00:14,387 - INFO - [LR]    [6/90] | Learning Rate: 0.000993
2026-03-02 14:07:43,339 - INFO - [Train] [6/90] | Loss: 0.3940 | Train Acc: 88.03%
2026-03-02 14:08:21,946 - INFO - [Valid] [6/90] | Loss: 0.3856 | Val Acc: 88.41%
2026-03-02 14:08:22,085 - INFO - [Metrics for 'Normal'] | Precision: 0.9115 | Recall: 0.8645 | F1: 0.8874
2026-03-02 14:08:22,085 - INFO - [Metrics for 'Defect'] | Precision: 0.8566 | Recall: 0.9061 | F1: 0.8806
2026-03-02 14:08:22,142 - INFO - [Best Model Saved] (val loss: 0.3856) -> 'log/Sewer_ML/baseline_mobilenet_v4_s_20260302_131946/best_model.pth'
2026-03-02 14:08:22,142 - INFO - --------------------------------------------------
2026-03-02 14:08:22,143 - INFO - [LR]    [7/90] | Learning Rate: 0.000990
2026-03-02 14:15:53,055 - INFO - [Train] [7/90] | Loss: 0.3913 | Train Acc: 88.26%
2026-03-02 14:16:31,887 - INFO - [Valid] [7/90] | Loss: 0.4270 | Val Acc: 87.04%
2026-03-02 14:16:32,027 - INFO - [Metrics for 'Normal'] | Precision: 0.8627 | Recall: 0.8974 | F1: 0.8797
2026-03-02 14:16:32,027 - INFO - [Metrics for 'Defect'] | Precision: 0.8797 | Recall: 0.8401 | F1: 0.8595
2026-03-02 14:16:32,071 - INFO - --------------------------------------------------
2026-03-02 14:16:32,071 - INFO - [LR]    [8/90] | Learning Rate: 0.000987
2026-03-02 14:24:01,316 - INFO - [Train] [8/90] | Loss: 0.3809 | Train Acc: 88.79%
2026-03-02 14:24:40,093 - INFO - [Valid] [8/90] | Loss: 0.3704 | Val Acc: 89.29%
2026-03-02 14:24:40,234 - INFO - [Metrics for 'Normal'] | Precision: 0.8951 | Recall: 0.9030 | F1: 0.8990
2026-03-02 14:24:40,234 - INFO - [Metrics for 'Defect'] | Precision: 0.8904 | Recall: 0.8815 | F1: 0.8859
2026-03-02 14:24:40,292 - INFO - [Best Model Saved] (val loss: 0.3704) -> 'log/Sewer_ML/baseline_mobilenet_v4_s_20260302_131946/best_model.pth'
2026-03-02 14:24:40,292 - INFO - --------------------------------------------------
2026-03-02 14:24:40,292 - INFO - [LR]    [9/90] | Learning Rate: 0.000983
2026-03-02 14:32:11,902 - INFO - [Train] [9/90] | Loss: 0.3759 | Train Acc: 89.15%
2026-03-02 14:32:50,278 - INFO - [Valid] [9/90] | Loss: 0.4389 | Val Acc: 88.72%
2026-03-02 14:32:50,419 - INFO - [Metrics for 'Normal'] | Precision: 0.8835 | Recall: 0.9059 | F1: 0.8946
2026-03-02 14:32:50,419 - INFO - [Metrics for 'Defect'] | Precision: 0.8916 | Recall: 0.8663 | F1: 0.8788
2026-03-02 14:32:50,463 - INFO - --------------------------------------------------
2026-03-02 14:32:50,463 - INFO - [LR]    [10/90] | Learning Rate: 0.000978
2026-03-02 14:40:20,122 - INFO - [Train] [10/90] | Loss: 0.3692 | Train Acc: 89.53%
2026-03-02 14:40:59,332 - INFO - [Valid] [10/90] | Loss: 0.3658 | Val Acc: 89.66%
2026-03-02 14:40:59,473 - INFO - [Metrics for 'Normal'] | Precision: 0.9068 | Recall: 0.8963 | F1: 0.9015
2026-03-02 14:40:59,473 - INFO - [Metrics for 'Defect'] | Precision: 0.8854 | Recall: 0.8969 | F1: 0.8911
2026-03-02 14:40:59,531 - INFO - [Best Model Saved] (val loss: 0.3658) -> 'log/Sewer_ML/baseline_mobilenet_v4_s_20260302_131946/best_model.pth'
2026-03-02 14:40:59,531 - INFO - --------------------------------------------------
2026-03-02 14:40:59,531 - INFO - [LR]    [11/90] | Learning Rate: 0.000973
2026-03-02 14:48:28,009 - INFO - [Train] [11/90] | Loss: 0.3650 | Train Acc: 89.84%
2026-03-02 14:49:07,306 - INFO - [Valid] [11/90] | Loss: 3.2220 | Val Acc: 89.57%
2026-03-02 14:49:07,437 - INFO - [Metrics for 'Normal'] | Precision: 0.9038 | Recall: 0.8982 | F1: 0.9010
2026-03-02 14:49:07,437 - INFO - [Metrics for 'Defect'] | Precision: 0.8868 | Recall: 0.8930 | F1: 0.8899
2026-03-02 14:49:07,482 - INFO - --------------------------------------------------
2026-03-02 14:49:07,482 - INFO - [LR]    [12/90] | Learning Rate: 0.000967
2026-03-02 14:56:37,599 - INFO - [Train] [12/90] | Loss: 0.3643 | Train Acc: 89.88%
2026-03-02 14:57:16,150 - INFO - [Valid] [12/90] | Loss: 1.1466 | Val Acc: 89.87%
2026-03-02 14:57:16,281 - INFO - [Metrics for 'Normal'] | Precision: 0.9130 | Recall: 0.8934 | F1: 0.9031
2026-03-02 14:57:16,281 - INFO - [Metrics for 'Defect'] | Precision: 0.8835 | Recall: 0.9047 | F1: 0.8940
2026-03-02 14:57:16,326 - INFO - --------------------------------------------------
2026-03-02 14:57:16,326 - INFO - [LR]    [13/90] | Learning Rate: 0.000961
2026-03-02 15:04:45,613 - INFO - [Train] [13/90] | Loss: 0.3570 | Train Acc: 90.38%
2026-03-02 15:05:24,674 - INFO - [Valid] [13/90] | Loss: 0.3710 | Val Acc: 89.87%
2026-03-02 15:05:24,846 - INFO - [Metrics for 'Normal'] | Precision: 0.9208 | Recall: 0.8843 | F1: 0.9022
2026-03-02 15:05:24,846 - INFO - [Metrics for 'Defect'] | Precision: 0.8760 | Recall: 0.9149 | F1: 0.8950
2026-03-02 15:05:24,901 - INFO - --------------------------------------------------
2026-03-02 15:05:24,902 - INFO - [LR]    [14/90] | Learning Rate: 0.000954
2026-03-02 15:12:54,797 - INFO - [Train] [14/90] | Loss: 0.3556 | Train Acc: 90.46%
2026-03-02 15:13:33,712 - INFO - [Valid] [14/90] | Loss: 0.3679 | Val Acc: 90.03%
2026-03-02 15:13:33,858 - INFO - [Metrics for 'Normal'] | Precision: 0.9251 | Recall: 0.8827 | F1: 0.9034
2026-03-02 15:13:33,858 - INFO - [Metrics for 'Defect'] | Precision: 0.8752 | Recall: 0.9200 | F1: 0.8970
2026-03-02 15:13:33,903 - INFO - --------------------------------------------------
2026-03-02 15:13:33,904 - INFO - [LR]    [15/90] | Learning Rate: 0.000947
2026-03-02 15:21:02,978 - INFO - [Train] [15/90] | Loss: 0.3526 | Train Acc: 90.70%
2026-03-02 15:21:41,734 - INFO - [Valid] [15/90] | Loss: 0.3595 | Val Acc: 90.08%
2026-03-02 15:21:41,875 - INFO - [Metrics for 'Normal'] | Precision: 0.9107 | Recall: 0.9004 | F1: 0.9055
2026-03-02 15:21:41,875 - INFO - [Metrics for 'Defect'] | Precision: 0.8899 | Recall: 0.9012 | F1: 0.8955
2026-03-02 15:21:41,931 - INFO - [Best Model Saved] (val loss: 0.3595) -> 'log/Sewer_ML/baseline_mobilenet_v4_s_20260302_131946/best_model.pth'
2026-03-02 15:21:41,931 - INFO - --------------------------------------------------
2026-03-02 15:21:41,932 - INFO - [LR]    [16/90] | Learning Rate: 0.000940
2026-03-02 15:29:09,855 - INFO - [Train] [16/90] | Loss: 0.3522 | Train Acc: 90.70%
2026-03-02 15:29:48,372 - INFO - [Valid] [16/90] | Loss: 0.3561 | Val Acc: 90.28%
2026-03-02 15:29:48,514 - INFO - [Metrics for 'Normal'] | Precision: 0.9068 | Recall: 0.9094 | F1: 0.9081
2026-03-02 15:29:48,514 - INFO - [Metrics for 'Defect'] | Precision: 0.8983 | Recall: 0.8954 | F1: 0.8969
2026-03-02 15:29:48,572 - INFO - [Best Model Saved] (val loss: 0.3561) -> 'log/Sewer_ML/baseline_mobilenet_v4_s_20260302_131946/best_model.pth'
2026-03-02 15:29:48,572 - INFO - --------------------------------------------------
2026-03-02 15:29:48,573 - INFO - [LR]    [17/90] | Learning Rate: 0.000932
2026-03-02 15:37:17,773 - INFO - [Train] [17/90] | Loss: 0.3482 | Train Acc: 90.99%
2026-03-02 15:37:56,509 - INFO - [Valid] [17/90] | Loss: 0.3647 | Val Acc: 90.22%
2026-03-02 15:37:56,642 - INFO - [Metrics for 'Normal'] | Precision: 0.9120 | Recall: 0.9019 | F1: 0.9069
2026-03-02 15:37:56,642 - INFO - [Metrics for 'Defect'] | Precision: 0.8915 | Recall: 0.9027 | F1: 0.8971
2026-03-02 15:37:56,687 - INFO - --------------------------------------------------
2026-03-02 15:37:56,687 - INFO - [LR]    [18/90] | Learning Rate: 0.000923
2026-03-02 15:45:26,008 - INFO - [Train] [18/90] | Loss: 0.3434 | Train Acc: 91.22%
2026-03-02 15:46:05,061 - INFO - [Valid] [18/90] | Loss: 0.3604 | Val Acc: 90.05%
2026-03-02 15:46:05,202 - INFO - [Metrics for 'Normal'] | Precision: 0.9239 | Recall: 0.8845 | F1: 0.9037
2026-03-02 15:46:05,202 - INFO - [Metrics for 'Defect'] | Precision: 0.8766 | Recall: 0.9185 | F1: 0.8970
2026-03-02 15:46:05,247 - INFO - --------------------------------------------------
2026-03-02 15:46:05,247 - INFO - [LR]    [19/90] | Learning Rate: 0.000914
2026-03-02 15:53:34,343 - INFO - [Train] [19/90] | Loss: 0.3414 | Train Acc: 91.41%
2026-03-02 15:54:12,784 - INFO - [Valid] [19/90] | Loss: 0.3764 | Val Acc: 90.17%
2026-03-02 15:54:12,941 - INFO - [Metrics for 'Normal'] | Precision: 0.9211 | Recall: 0.8901 | F1: 0.9053
2026-03-02 15:54:12,942 - INFO - [Metrics for 'Defect'] | Precision: 0.8814 | Recall: 0.9147 | F1: 0.8978
2026-03-02 15:54:12,987 - INFO - --------------------------------------------------
2026-03-02 15:54:12,988 - INFO - [LR]    [20/90] | Learning Rate: 0.000905
2026-03-02 16:01:43,103 - INFO - [Train] [20/90] | Loss: 0.3388 | Train Acc: 91.56%
2026-03-02 16:02:21,890 - INFO - [Valid] [20/90] | Loss: 0.3744 | Val Acc: 90.24%
2026-03-02 16:02:22,032 - INFO - [Metrics for 'Normal'] | Precision: 0.9229 | Recall: 0.8896 | F1: 0.9059
2026-03-02 16:02:22,032 - INFO - [Metrics for 'Defect'] | Precision: 0.8813 | Recall: 0.9168 | F1: 0.8987
2026-03-02 16:02:22,076 - INFO - --------------------------------------------------
2026-03-02 16:02:22,077 - INFO - [LR]    [21/90] | Learning Rate: 0.000895
2026-03-02 16:09:51,805 - INFO - [Train] [21/90] | Loss: 0.3336 | Train Acc: 91.90%
2026-03-02 16:10:30,170 - INFO - [Valid] [21/90] | Loss: 0.8971 | Val Acc: 90.38%
2026-03-02 16:10:30,313 - INFO - [Metrics for 'Normal'] | Precision: 0.9179 | Recall: 0.8982 | F1: 0.9080
2026-03-02 16:10:30,313 - INFO - [Metrics for 'Defect'] | Precision: 0.8888 | Recall: 0.9101 | F1: 0.8993
2026-03-02 16:10:30,358 - INFO - --------------------------------------------------
2026-03-02 16:10:30,359 - INFO - [LR]    [22/90] | Learning Rate: 0.000884
2026-03-02 16:17:58,519 - INFO - [Train] [22/90] | Loss: 0.3329 | Train Acc: 91.95%
2026-03-02 16:18:37,069 - INFO - [Valid] [22/90] | Loss: 0.8057 | Val Acc: 90.29%
2026-03-02 16:18:37,241 - INFO - [Metrics for 'Normal'] | Precision: 0.9233 | Recall: 0.8900 | F1: 0.9064
2026-03-02 16:18:37,241 - INFO - [Metrics for 'Defect'] | Precision: 0.8817 | Recall: 0.9173 | F1: 0.8991
2026-03-02 16:18:37,297 - INFO - --------------------------------------------------
2026-03-02 16:18:37,298 - INFO - [LR]    [23/90] | Learning Rate: 0.000874
2026-03-02 16:26:06,569 - INFO - [Train] [23/90] | Loss: 0.3268 | Train Acc: 92.30%
2026-03-02 16:26:45,388 - INFO - [Valid] [23/90] | Loss: 1.9958 | Val Acc: 90.13%
2026-03-02 16:26:45,552 - INFO - [Metrics for 'Normal'] | Precision: 0.9184 | Recall: 0.8923 | F1: 0.9052
2026-03-02 16:26:45,553 - INFO - [Metrics for 'Defect'] | Precision: 0.8832 | Recall: 0.9113 | F1: 0.8970
2026-03-02 16:26:45,609 - INFO - --------------------------------------------------
2026-03-02 16:26:45,610 - INFO - [LR]    [24/90] | Learning Rate: 0.000863
2026-03-02 16:34:14,031 - INFO - [Train] [24/90] | Loss: 0.3286 | Train Acc: 92.30%
2026-03-02 16:34:52,584 - INFO - [Valid] [24/90] | Loss: 0.4537 | Val Acc: 90.39%
2026-03-02 16:34:52,727 - INFO - [Metrics for 'Normal'] | Precision: 0.9148 | Recall: 0.9020 | F1: 0.9084
2026-03-02 16:34:52,727 - INFO - [Metrics for 'Defect'] | Precision: 0.8920 | Recall: 0.9060 | F1: 0.8990
2026-03-02 16:34:52,772 - INFO - --------------------------------------------------
2026-03-02 16:34:52,773 - INFO - [LR]    [25/90] | Learning Rate: 0.000851
2026-03-02 16:42:21,256 - INFO - [Train] [25/90] | Loss: 0.3254 | Train Acc: 92.49%
2026-03-02 16:43:00,571 - INFO - [Valid] [25/90] | Loss: 0.3975 | Val Acc: 90.42%
2026-03-02 16:43:00,713 - INFO - [Metrics for 'Normal'] | Precision: 0.9219 | Recall: 0.8944 | F1: 0.9079
2026-03-02 16:43:00,713 - INFO - [Metrics for 'Defect'] | Precision: 0.8856 | Recall: 0.9152 | F1: 0.9002
2026-03-02 16:43:00,759 - INFO - --------------------------------------------------
2026-03-02 16:43:00,759 - INFO - [LR]    [26/90] | Learning Rate: 0.000839
2026-03-02 16:50:29,806 - INFO - [Train] [26/90] | Loss: 0.3238 | Train Acc: 92.55%
2026-03-02 16:51:08,593 - INFO - [Valid] [26/90] | Loss: 0.3654 | Val Acc: 90.47%
2026-03-02 16:51:08,736 - INFO - [Metrics for 'Normal'] | Precision: 0.9207 | Recall: 0.8969 | F1: 0.9086
2026-03-02 16:51:08,736 - INFO - [Metrics for 'Defect'] | Precision: 0.8878 | Recall: 0.9135 | F1: 0.9005
2026-03-02 16:51:08,782 - INFO - --------------------------------------------------
2026-03-02 16:51:08,782 - INFO - [LR]    [27/90] | Learning Rate: 0.000827
2026-03-02 16:58:38,092 - INFO - [Train] [27/90] | Loss: 0.3186 | Train Acc: 92.87%
2026-03-02 16:59:16,953 - INFO - [Valid] [27/90] | Loss: 0.3657 | Val Acc: 90.53%
2026-03-02 16:59:17,086 - INFO - [Metrics for 'Normal'] | Precision: 0.9095 | Recall: 0.9114 | F1: 0.9105
2026-03-02 16:59:17,086 - INFO - [Metrics for 'Defect'] | Precision: 0.9006 | Recall: 0.8985 | F1: 0.8996
2026-03-02 16:59:17,132 - INFO - --------------------------------------------------
2026-03-02 16:59:17,132 - INFO - [LR]    [28/90] | Learning Rate: 0.000815
2026-03-02 17:06:45,956 - INFO - [Train] [28/90] | Loss: 0.3164 | Train Acc: 93.02%
2026-03-02 17:07:24,922 - INFO - [Valid] [28/90] | Loss: 0.6487 | Val Acc: 90.24%
2026-03-02 17:07:25,064 - INFO - [Metrics for 'Normal'] | Precision: 0.9128 | Recall: 0.9014 | F1: 0.9070
2026-03-02 17:07:25,064 - INFO - [Metrics for 'Defect'] | Precision: 0.8911 | Recall: 0.9036 | F1: 0.8973
2026-03-02 17:07:25,109 - INFO - --------------------------------------------------
2026-03-02 17:07:25,110 - INFO - [LR]    [29/90] | Learning Rate: 0.000802
2026-03-02 17:14:54,732 - INFO - [Train] [29/90] | Loss: 0.3134 | Train Acc: 93.22%
2026-03-02 17:15:33,724 - INFO - [Valid] [29/90] | Loss: 0.3593 | Val Acc: 90.40%
2026-03-02 17:15:33,857 - INFO - [Metrics for 'Normal'] | Precision: 0.9172 | Recall: 0.8993 | F1: 0.9082
2026-03-02 17:15:33,857 - INFO - [Metrics for 'Defect'] | Precision: 0.8897 | Recall: 0.9091 | F1: 0.8993
2026-03-02 17:15:33,902 - INFO - --------------------------------------------------
2026-03-02 17:15:33,903 - INFO - [LR]    [30/90] | Learning Rate: 0.000788
2026-03-02 17:23:02,274 - INFO - [Train] [30/90] | Loss: 0.3290 | Train Acc: 92.59%
2026-03-02 17:23:41,193 - INFO - [Valid] [30/90] | Loss: 0.3605 | Val Acc: 90.29%
2026-03-02 17:23:41,368 - INFO - [Metrics for 'Normal'] | Precision: 0.9123 | Recall: 0.9030 | F1: 0.9076
2026-03-02 17:23:41,368 - INFO - [Metrics for 'Defect'] | Precision: 0.8926 | Recall: 0.9028 | F1: 0.8977
2026-03-02 17:23:41,425 - INFO - --------------------------------------------------
2026-03-02 17:23:41,425 - INFO - [LR]    [31/90] | Learning Rate: 0.000775
2026-03-02 17:31:10,907 - INFO - [Train] [31/90] | Loss: 0.3071 | Train Acc: 93.65%
2026-03-02 17:31:49,435 - INFO - [Valid] [31/90] | Loss: 0.3634 | Val Acc: 90.41%
2026-03-02 17:31:49,580 - INFO - [Metrics for 'Normal'] | Precision: 0.9189 | Recall: 0.8977 | F1: 0.9082
2026-03-02 17:31:49,580 - INFO - [Metrics for 'Defect'] | Precision: 0.8883 | Recall: 0.9114 | F1: 0.8997
2026-03-02 17:31:49,626 - INFO - --------------------------------------------------
2026-03-02 17:31:49,626 - INFO - [LR]    [32/90] | Learning Rate: 0.000761
2026-03-02 17:39:18,485 - INFO - [Train] [32/90] | Loss: 0.3037 | Train Acc: 93.85%
2026-03-02 17:39:57,008 - INFO - [Valid] [32/90] | Loss: 0.3602 | Val Acc: 90.34%
2026-03-02 17:39:57,142 - INFO - [Metrics for 'Normal'] | Precision: 0.9172 | Recall: 0.8982 | F1: 0.9076
2026-03-02 17:39:57,142 - INFO - [Metrics for 'Defect'] | Precision: 0.8886 | Recall: 0.9092 | F1: 0.8988
2026-03-02 17:39:57,188 - INFO - --------------------------------------------------
2026-03-02 17:39:57,189 - INFO - [LR]    [33/90] | Learning Rate: 0.000747
2026-03-02 17:47:26,469 - INFO - [Train] [33/90] | Loss: 0.3054 | Train Acc: 93.78%
2026-03-02 17:48:05,433 - INFO - [Valid] [33/90] | Loss: 0.4231 | Val Acc: 90.31%
2026-03-02 17:48:05,592 - INFO - [Metrics for 'Normal'] | Precision: 0.9150 | Recall: 0.9001 | F1: 0.9075
2026-03-02 17:48:05,592 - INFO - [Metrics for 'Defect'] | Precision: 0.8902 | Recall: 0.9065 | F1: 0.8982
2026-03-02 17:48:05,638 - INFO - --------------------------------------------------
2026-03-02 17:48:05,639 - INFO - [LR]    [34/90] | Learning Rate: 0.000733
2026-03-02 17:55:37,117 - INFO - [Train] [34/90] | Loss: 0.3036 | Train Acc: 93.89%
2026-03-02 17:56:16,213 - INFO - [Valid] [34/90] | Loss: 0.3633 | Val Acc: 90.23%
2026-03-02 17:56:16,356 - INFO - [Metrics for 'Normal'] | Precision: 0.9222 | Recall: 0.8901 | F1: 0.9059
2026-03-02 17:56:16,356 - INFO - [Metrics for 'Defect'] | Precision: 0.8816 | Recall: 0.9160 | F1: 0.8985
2026-03-02 17:56:16,401 - INFO - --------------------------------------------------
2026-03-02 17:56:16,402 - INFO - [LR]    [35/90] | Learning Rate: 0.000719
2026-03-02 18:03:44,950 - INFO - [Train] [35/90] | Loss: 0.3004 | Train Acc: 94.07%
2026-03-02 18:04:23,841 - INFO - [Valid] [35/90] | Loss: 0.3678 | Val Acc: 89.98%
2026-03-02 18:04:23,986 - INFO - [Metrics for 'Normal'] | Precision: 0.9189 | Recall: 0.8886 | F1: 0.9035
2026-03-02 18:04:23,986 - INFO - [Metrics for 'Defect'] | Precision: 0.8798 | Recall: 0.9123 | F1: 0.8957
2026-03-02 18:04:24,033 - INFO - --------------------------------------------------
2026-03-02 18:04:24,033 - INFO - [LR]    [36/90] | Learning Rate: 0.000704
2026-03-02 18:11:52,388 - INFO - [Train] [36/90] | Loss: 0.3066 | Train Acc: 93.76%
2026-03-02 18:12:30,972 - INFO - [Valid] [36/90] | Loss: 0.6177 | Val Acc: 90.03%
2026-03-02 18:12:31,106 - INFO - [Metrics for 'Normal'] | Precision: 0.9190 | Recall: 0.8896 | F1: 0.9041
2026-03-02 18:12:31,106 - INFO - [Metrics for 'Defect'] | Precision: 0.8807 | Recall: 0.9123 | F1: 0.8962
2026-03-02 18:12:31,151 - INFO - --------------------------------------------------
2026-03-02 18:12:31,152 - INFO - [LR]    [37/90] | Learning Rate: 0.000689
2026-03-02 18:20:02,660 - INFO - [Train] [37/90] | Loss: 0.2957 | Train Acc: 94.40%
2026-03-02 18:20:41,271 - INFO - [Valid] [37/90] | Loss: 0.3890 | Val Acc: 89.93%
2026-03-02 18:20:41,415 - INFO - [Metrics for 'Normal'] | Precision: 0.9158 | Recall: 0.8912 | F1: 0.9034
2026-03-02 18:20:41,415 - INFO - [Metrics for 'Defect'] | Precision: 0.8818 | Recall: 0.9084 | F1: 0.8949
2026-03-02 18:20:41,460 - INFO - --------------------------------------------------
2026-03-02 18:20:41,461 - INFO - [LR]    [38/90] | Learning Rate: 0.000674
2026-03-02 18:28:10,873 - INFO - [Train] [38/90] | Loss: 0.2947 | Train Acc: 94.41%
2026-03-02 18:28:49,806 - INFO - [Valid] [38/90] | Loss: 0.3664 | Val Acc: 90.38%
2026-03-02 18:28:49,982 - INFO - [Metrics for 'Normal'] | Precision: 0.9155 | Recall: 0.9009 | F1: 0.9082
2026-03-02 18:28:49,982 - INFO - [Metrics for 'Defect'] | Precision: 0.8910 | Recall: 0.9070 | F1: 0.8989
2026-03-02 18:28:50,038 - INFO - --------------------------------------------------
2026-03-02 18:28:50,039 - INFO - [LR]    [39/90] | Learning Rate: 0.000659
2026-03-02 18:36:19,432 - INFO - [Train] [39/90] | Loss: 0.2951 | Train Acc: 94.45%
2026-03-02 18:36:58,666 - INFO - [Valid] [39/90] | Loss: 0.3775 | Val Acc: 90.00%
2026-03-02 18:36:58,810 - INFO - [Metrics for 'Normal'] | Precision: 0.9162 | Recall: 0.8922 | F1: 0.9041
2026-03-02 18:36:58,810 - INFO - [Metrics for 'Defect'] | Precision: 0.8828 | Recall: 0.9087 | F1: 0.8956
2026-03-02 18:36:58,856 - INFO - --------------------------------------------------
2026-03-02 18:36:58,857 - INFO - [LR]    [40/90] | Learning Rate: 0.000644
2026-03-02 18:44:27,660 - INFO - [Train] [40/90] | Loss: 0.2890 | Train Acc: 94.82%
2026-03-02 18:45:06,808 - INFO - [Valid] [40/90] | Loss: 0.3702 | Val Acc: 90.01%
2026-03-02 18:45:06,951 - INFO - [Metrics for 'Normal'] | Precision: 0.9068 | Recall: 0.9037 | F1: 0.9053
2026-03-02 18:45:06,951 - INFO - [Metrics for 'Defect'] | Precision: 0.8927 | Recall: 0.8961 | F1: 0.8944
2026-03-02 18:45:06,996 - INFO - --------------------------------------------------
2026-03-02 18:45:06,997 - INFO - [LR]    [41/90] | Learning Rate: 0.000628
2026-03-02 18:52:37,311 - INFO - [Train] [41/90] | Loss: 0.2876 | Train Acc: 94.88%
2026-03-02 18:53:16,094 - INFO - [Valid] [41/90] | Loss: 0.3702 | Val Acc: 90.23%
2026-03-02 18:53:16,254 - INFO - [Metrics for 'Normal'] | Precision: 0.9179 | Recall: 0.8950 | F1: 0.9063
2026-03-02 18:53:16,254 - INFO - [Metrics for 'Defect'] | Precision: 0.8857 | Recall: 0.9105 | F1: 0.8979
2026-03-02 18:53:16,310 - INFO - --------------------------------------------------
2026-03-02 18:53:16,311 - INFO - [LR]    [42/90] | Learning Rate: 0.000613
2026-03-02 19:00:44,764 - INFO - [Train] [42/90] | Loss: 0.2855 | Train Acc: 95.03%
2026-03-02 19:01:23,378 - INFO - [Valid] [42/90] | Loss: 0.3747 | Val Acc: 89.95%
2026-03-02 19:01:23,523 - INFO - [Metrics for 'Normal'] | Precision: 0.9104 | Recall: 0.8982 | F1: 0.9042
2026-03-02 19:01:23,523 - INFO - [Metrics for 'Defect'] | Precision: 0.8877 | Recall: 0.9010 | F1: 0.8943
2026-03-02 19:01:23,569 - INFO - --------------------------------------------------
2026-03-02 19:01:23,570 - INFO - [LR]    [43/90] | Learning Rate: 0.000597
2026-03-02 19:08:52,359 - INFO - [Train] [43/90] | Loss: 0.2828 | Train Acc: 95.21%
2026-03-02 19:09:30,802 - INFO - [Valid] [43/90] | Loss: 0.3754 | Val Acc: 90.24%
2026-03-02 19:09:30,936 - INFO - [Metrics for 'Normal'] | Precision: 0.9163 | Recall: 0.8972 | F1: 0.9066
2026-03-02 19:09:30,936 - INFO - [Metrics for 'Defect'] | Precision: 0.8875 | Recall: 0.9083 | F1: 0.8978
2026-03-02 19:09:30,982 - INFO - --------------------------------------------------
2026-03-02 19:09:30,983 - INFO - [LR]    [44/90] | Learning Rate: 0.000581
2026-03-02 19:17:00,063 - INFO - [Train] [44/90] | Loss: 0.2806 | Train Acc: 95.35%
2026-03-02 19:17:39,358 - INFO - [Valid] [44/90] | Loss: 0.3746 | Val Acc: 89.95%
2026-03-02 19:17:39,493 - INFO - [Metrics for 'Normal'] | Precision: 0.9146 | Recall: 0.8931 | F1: 0.9037
2026-03-02 19:17:39,493 - INFO - [Metrics for 'Defect'] | Precision: 0.8834 | Recall: 0.9066 | F1: 0.8949
2026-03-02 19:17:39,538 - INFO - --------------------------------------------------
2026-03-02 19:17:39,539 - INFO - [LR]    [45/90] | Learning Rate: 0.000566
2026-03-02 19:25:10,707 - INFO - [Train] [45/90] | Loss: 0.2804 | Train Acc: 95.42%
2026-03-02 19:25:49,860 - INFO - [Valid] [45/90] | Loss: 0.7023 | Val Acc: 88.74%
2026-03-02 19:25:50,006 - INFO - [Metrics for 'Normal'] | Precision: 0.9132 | Recall: 0.8696 | F1: 0.8908
2026-03-02 19:25:50,006 - INFO - [Metrics for 'Defect'] | Precision: 0.8614 | Recall: 0.9074 | F1: 0.8838
2026-03-02 19:25:50,052 - INFO - --------------------------------------------------
2026-03-02 19:25:50,052 - INFO - [LR]    [46/90] | Learning Rate: 0.000550
2026-03-02 19:33:19,644 - INFO - [Train] [46/90] | Loss: 0.2746 | Train Acc: 95.71%
2026-03-02 19:33:58,804 - INFO - [Valid] [46/90] | Loss: 0.3801 | Val Acc: 90.00%
2026-03-02 19:33:58,947 - INFO - [Metrics for 'Normal'] | Precision: 0.9100 | Recall: 0.8996 | F1: 0.9048
2026-03-02 19:33:58,947 - INFO - [Metrics for 'Defect'] | Precision: 0.8891 | Recall: 0.9004 | F1: 0.8947
2026-03-02 19:33:58,993 - INFO - --------------------------------------------------
2026-03-02 19:33:58,993 - INFO - [LR]    [47/90] | Learning Rate: 0.000534
2026-03-02 19:41:29,571 - INFO - [Train] [47/90] | Loss: 0.2744 | Train Acc: 95.75%
2026-03-02 19:42:08,854 - INFO - [Valid] [47/90] | Loss: 0.3766 | Val Acc: 90.09%
2026-03-02 19:42:08,999 - INFO - [Metrics for 'Normal'] | Precision: 0.9144 | Recall: 0.8963 | F1: 0.9053
2026-03-02 19:42:08,999 - INFO - [Metrics for 'Defect'] | Precision: 0.8864 | Recall: 0.9061 | F1: 0.8962
2026-03-02 19:42:09,045 - INFO - --------------------------------------------------
2026-03-02 19:42:09,045 - INFO - [LR]    [48/90] | Learning Rate: 0.000519
2026-03-02 19:49:39,007 - INFO - [Train] [48/90] | Loss: 0.2717 | Train Acc: 95.90%
2026-03-02 19:50:18,301 - INFO - [Valid] [48/90] | Loss: 0.3801 | Val Acc: 89.88%
2026-03-02 19:50:18,477 - INFO - [Metrics for 'Normal'] | Precision: 0.9017 | Recall: 0.9073 | F1: 0.9045
2026-03-02 19:50:18,478 - INFO - [Metrics for 'Defect'] | Precision: 0.8956 | Recall: 0.8892 | F1: 0.8924
2026-03-02 19:50:18,535 - INFO - --------------------------------------------------
2026-03-02 19:50:18,536 - INFO - [LR]    [49/90] | Learning Rate: 0.000503
2026-03-02 19:57:47,703 - INFO - [Train] [49/90] | Loss: 0.2691 | Train Acc: 96.07%
2026-03-02 19:58:27,105 - INFO - [Valid] [49/90] | Loss: 0.3828 | Val Acc: 89.99%
2026-03-02 19:58:27,250 - INFO - [Metrics for 'Normal'] | Precision: 0.9081 | Recall: 0.9017 | F1: 0.9049
2026-03-02 19:58:27,250 - INFO - [Metrics for 'Defect'] | Precision: 0.8909 | Recall: 0.8979 | F1: 0.8944
2026-03-02 19:58:27,296 - INFO - --------------------------------------------------
2026-03-02 19:58:27,296 - INFO - [LR]    [50/90] | Learning Rate: 0.000487
2026-03-02 20:05:55,631 - INFO - [Train] [50/90] | Loss: 0.2675 | Train Acc: 96.20%
2026-03-02 20:06:35,013 - INFO - [Valid] [50/90] | Loss: 0.3826 | Val Acc: 89.95%
2026-03-02 20:06:35,157 - INFO - [Metrics for 'Normal'] | Precision: 0.9183 | Recall: 0.8889 | F1: 0.9033
2026-03-02 20:06:35,157 - INFO - [Metrics for 'Defect'] | Precision: 0.8799 | Recall: 0.9114 | F1: 0.8954
2026-03-02 20:06:35,203 - INFO - --------------------------------------------------
2026-03-02 20:06:35,203 - INFO - [LR]    [51/90] | Learning Rate: 0.000472
2026-03-02 20:14:04,661 - INFO - [Train] [51/90] | Loss: 0.2684 | Train Acc: 96.12%
2026-03-02 20:14:43,700 - INFO - [Valid] [51/90] | Loss: 0.3869 | Val Acc: 89.95%
2026-03-02 20:14:43,845 - INFO - [Metrics for 'Normal'] | Precision: 0.9144 | Recall: 0.8933 | F1: 0.9038
2026-03-02 20:14:43,845 - INFO - [Metrics for 'Defect'] | Precision: 0.8836 | Recall: 0.9064 | F1: 0.8949
2026-03-02 20:14:43,891 - INFO - --------------------------------------------------
2026-03-02 20:14:43,892 - INFO - [LR]    [52/90] | Learning Rate: 0.000456
2026-03-02 20:22:13,260 - INFO - [Train] [52/90] | Loss: 0.2618 | Train Acc: 96.52%
2026-03-02 20:22:51,574 - INFO - [Valid] [52/90] | Loss: 0.3889 | Val Acc: 89.76%
2026-03-02 20:22:51,758 - INFO - [Metrics for 'Normal'] | Precision: 0.9090 | Recall: 0.8957 | F1: 0.9023
2026-03-02 20:22:51,758 - INFO - [Metrics for 'Defect'] | Precision: 0.8852 | Recall: 0.8996 | F1: 0.8923
2026-03-02 20:22:51,817 - INFO - --------------------------------------------------
2026-03-02 20:22:51,818 - INFO - [LR]    [53/90] | Learning Rate: 0.000441
2026-03-02 20:30:21,465 - INFO - [Train] [53/90] | Loss: 0.2615 | Train Acc: 96.53%
2026-03-02 20:31:00,320 - INFO - [Valid] [53/90] | Loss: 0.3875 | Val Acc: 89.92%
2026-03-02 20:31:00,469 - INFO - [Metrics for 'Normal'] | Precision: 0.9145 | Recall: 0.8926 | F1: 0.9034
2026-03-02 20:31:00,469 - INFO - [Metrics for 'Defect'] | Precision: 0.8830 | Recall: 0.9066 | F1: 0.8946
2026-03-02 20:31:00,527 - INFO - --------------------------------------------------
2026-03-02 20:31:00,528 - INFO - [LR]    [54/90] | Learning Rate: 0.000426
2026-03-02 20:38:28,200 - INFO - [Train] [54/90] | Loss: 0.2596 | Train Acc: 96.65%
2026-03-02 20:39:06,871 - INFO - [Valid] [54/90] | Loss: 0.3899 | Val Acc: 89.84%
2026-03-02 20:39:07,015 - INFO - [Metrics for 'Normal'] | Precision: 0.9089 | Recall: 0.8975 | F1: 0.9032
2026-03-02 20:39:07,015 - INFO - [Metrics for 'Defect'] | Precision: 0.8868 | Recall: 0.8994 | F1: 0.8931
2026-03-02 20:39:07,061 - INFO - --------------------------------------------------
2026-03-02 20:39:07,062 - INFO - [LR]    [55/90] | Learning Rate: 0.000411
2026-03-02 20:46:35,902 - INFO - [Train] [55/90] | Loss: 0.2572 | Train Acc: 96.80%
2026-03-02 20:47:15,090 - INFO - [Valid] [55/90] | Loss: 0.3893 | Val Acc: 89.87%
2026-03-02 20:47:15,264 - INFO - [Metrics for 'Normal'] | Precision: 0.9105 | Recall: 0.8963 | F1: 0.9033
2026-03-02 20:47:15,264 - INFO - [Metrics for 'Defect'] | Precision: 0.8860 | Recall: 0.9013 | F1: 0.8936
2026-03-02 20:47:15,330 - INFO - --------------------------------------------------
2026-03-02 20:47:15,330 - INFO - [LR]    [56/90] | Learning Rate: 0.000396
2026-03-02 20:54:43,248 - INFO - [Train] [56/90] | Loss: 0.2559 | Train Acc: 96.88%
2026-03-02 20:55:22,016 - INFO - [Valid] [56/90] | Loss: 0.3894 | Val Acc: 89.91%
2026-03-02 20:55:22,150 - INFO - [Metrics for 'Normal'] | Precision: 0.9089 | Recall: 0.8991 | F1: 0.9040
2026-03-02 20:55:22,150 - INFO - [Metrics for 'Defect'] | Precision: 0.8884 | Recall: 0.8992 | F1: 0.8938
2026-03-02 20:55:22,197 - INFO - --------------------------------------------------
2026-03-02 20:55:22,197 - INFO - [LR]    [57/90] | Learning Rate: 0.000381
2026-03-02 21:02:50,712 - INFO - [Train] [57/90] | Loss: 0.2538 | Train Acc: 97.02%
2026-03-02 21:03:30,274 - INFO - [Valid] [57/90] | Loss: 0.3937 | Val Acc: 89.79%
2026-03-02 21:03:30,440 - INFO - [Metrics for 'Normal'] | Precision: 0.9069 | Recall: 0.8991 | F1: 0.9029
2026-03-02 21:03:30,440 - INFO - [Metrics for 'Defect'] | Precision: 0.8881 | Recall: 0.8967 | F1: 0.8924
2026-03-02 21:03:30,487 - INFO - --------------------------------------------------
2026-03-02 21:03:30,488 - INFO - [LR]    [58/90] | Learning Rate: 0.000367
2026-03-02 21:10:59,443 - INFO - [Train] [58/90] | Loss: 0.2590 | Train Acc: 96.73%
2026-03-02 21:11:38,250 - INFO - [Valid] [58/90] | Loss: 0.3984 | Val Acc: 89.82%
2026-03-02 21:11:38,395 - INFO - [Metrics for 'Normal'] | Precision: 0.9149 | Recall: 0.8900 | F1: 0.9023
2026-03-02 21:11:38,395 - INFO - [Metrics for 'Defect'] | Precision: 0.8806 | Recall: 0.9074 | F1: 0.8938
2026-03-02 21:11:38,442 - INFO - --------------------------------------------------
2026-03-02 21:11:38,442 - INFO - [LR]    [59/90] | Learning Rate: 0.000353
2026-03-02 21:19:10,448 - INFO - [Train] [59/90] | Loss: 0.2491 | Train Acc: 97.30%
2026-03-02 21:19:49,189 - INFO - [Valid] [59/90] | Loss: 0.3988 | Val Acc: 89.74%
2026-03-02 21:19:49,335 - INFO - [Metrics for 'Normal'] | Precision: 0.9061 | Recall: 0.8989 | F1: 0.9025
2026-03-02 21:19:49,335 - INFO - [Metrics for 'Defect'] | Precision: 0.8879 | Recall: 0.8958 | F1: 0.8918
2026-03-02 21:19:49,382 - INFO - --------------------------------------------------
2026-03-02 21:19:49,383 - INFO - [LR]    [60/90] | Learning Rate: 0.000339
2026-03-02 21:27:17,313 - INFO - [Train] [60/90] | Loss: 0.2486 | Train Acc: 97.33%
2026-03-02 21:27:56,350 - INFO - [Valid] [60/90] | Loss: 0.3990 | Val Acc: 89.72%
2026-03-02 21:27:56,495 - INFO - [Metrics for 'Normal'] | Precision: 0.9075 | Recall: 0.8968 | F1: 0.9021
2026-03-02 21:27:56,495 - INFO - [Metrics for 'Defect'] | Precision: 0.8860 | Recall: 0.8977 | F1: 0.8918
2026-03-02 21:27:56,542 - INFO - --------------------------------------------------
2026-03-02 21:27:56,542 - INFO - [LR]    [61/90] | Learning Rate: 0.000325
2026-03-02 21:35:24,224 - INFO - [Train] [61/90] | Loss: 0.2479 | Train Acc: 97.37%
2026-03-02 21:36:02,755 - INFO - [Valid] [61/90] | Loss: 0.3992 | Val Acc: 89.60%
2026-03-02 21:36:02,901 - INFO - [Metrics for 'Normal'] | Precision: 0.9082 | Recall: 0.8934 | F1: 0.9008
2026-03-02 21:36:02,901 - INFO - [Metrics for 'Defect'] | Precision: 0.8829 | Recall: 0.8990 | F1: 0.8908
2026-03-02 21:36:02,947 - INFO - --------------------------------------------------
2026-03-02 21:36:02,948 - INFO - [LR]    [62/90] | Learning Rate: 0.000312
2026-03-02 21:43:32,911 - INFO - [Train] [62/90] | Loss: 0.2463 | Train Acc: 97.47%
2026-03-02 21:44:11,652 - INFO - [Valid] [62/90] | Loss: 0.4007 | Val Acc: 89.80%
2026-03-02 21:44:11,797 - INFO - [Metrics for 'Normal'] | Precision: 0.9102 | Recall: 0.8951 | F1: 0.9026
2026-03-02 21:44:11,798 - INFO - [Metrics for 'Defect'] | Precision: 0.8848 | Recall: 0.9011 | F1: 0.8929
2026-03-02 21:44:11,844 - INFO - --------------------------------------------------
2026-03-02 21:44:11,844 - INFO - [LR]    [63/90] | Learning Rate: 0.000298
2026-03-02 21:51:39,804 - INFO - [Train] [63/90] | Loss: 0.2451 | Train Acc: 97.54%
2026-03-02 21:52:18,196 - INFO - [Valid] [63/90] | Loss: 0.4046 | Val Acc: 89.65%
2026-03-02 21:52:18,367 - INFO - [Metrics for 'Normal'] | Precision: 0.9069 | Recall: 0.8960 | F1: 0.9014
2026-03-02 21:52:18,367 - INFO - [Metrics for 'Defect'] | Precision: 0.8851 | Recall: 0.8970 | F1: 0.8910
2026-03-02 21:52:18,425 - INFO - --------------------------------------------------
2026-03-02 21:52:18,426 - INFO - [LR]    [64/90] | Learning Rate: 0.000285
2026-03-02 21:59:47,127 - INFO - [Train] [64/90] | Loss: 0.2433 | Train Acc: 97.65%
2026-03-02 22:00:25,619 - INFO - [Valid] [64/90] | Loss: 0.4044 | Val Acc: 89.68%
2026-03-02 22:00:25,764 - INFO - [Metrics for 'Normal'] | Precision: 0.9084 | Recall: 0.8948 | F1: 0.9015
2026-03-02 22:00:25,764 - INFO - [Metrics for 'Defect'] | Precision: 0.8842 | Recall: 0.8990 | F1: 0.8915
2026-03-02 22:00:25,810 - INFO - --------------------------------------------------
2026-03-02 22:00:25,811 - INFO - [LR]    [65/90] | Learning Rate: 0.000273
2026-03-02 22:07:55,339 - INFO - [Train] [65/90] | Loss: 0.2419 | Train Acc: 97.75%
2026-03-02 22:08:34,467 - INFO - [Valid] [65/90] | Loss: 0.4087 | Val Acc: 89.62%
2026-03-02 22:08:34,647 - INFO - [Metrics for 'Normal'] | Precision: 0.9046 | Recall: 0.8981 | F1: 0.9013
2026-03-02 22:08:34,647 - INFO - [Metrics for 'Defect'] | Precision: 0.8868 | Recall: 0.8940 | F1: 0.8904
2026-03-02 22:08:34,705 - INFO - --------------------------------------------------
2026-03-02 22:08:34,706 - INFO - [LR]    [66/90] | Learning Rate: 0.000261
2026-03-02 22:16:04,126 - INFO - [Train] [66/90] | Loss: 0.2404 | Train Acc: 97.84%
2026-03-02 22:16:42,987 - INFO - [Valid] [66/90] | Loss: 0.4072 | Val Acc: 89.68%
2026-03-02 22:16:43,132 - INFO - [Metrics for 'Normal'] | Precision: 0.9078 | Recall: 0.8956 | F1: 0.9016
2026-03-02 22:16:43,132 - INFO - [Metrics for 'Defect'] | Precision: 0.8848 | Recall: 0.8982 | F1: 0.8915
2026-03-02 22:16:43,179 - INFO - --------------------------------------------------
2026-03-02 22:16:43,179 - INFO - [LR]    [67/90] | Learning Rate: 0.000249
2026-03-02 22:24:11,282 - INFO - [Train] [67/90] | Loss: 0.2414 | Train Acc: 97.85%
2026-03-02 22:24:50,020 - INFO - [Valid] [67/90] | Loss: 0.4099 | Val Acc: 89.70%
2026-03-02 22:24:50,200 - INFO - [Metrics for 'Normal'] | Precision: 0.9122 | Recall: 0.8907 | F1: 0.9013
2026-03-02 22:24:50,200 - INFO - [Metrics for 'Defect'] | Precision: 0.8808 | Recall: 0.9040 | F1: 0.8923
2026-03-02 22:24:50,258 - INFO - --------------------------------------------------
2026-03-02 22:24:50,259 - INFO - [LR]    [68/90] | Learning Rate: 0.000237
2026-03-02 22:32:19,418 - INFO - [Train] [68/90] | Loss: 0.2378 | Train Acc: 97.98%
2026-03-02 22:32:58,784 - INFO - [Valid] [68/90] | Loss: 0.4111 | Val Acc: 89.59%
2026-03-02 22:32:58,929 - INFO - [Metrics for 'Normal'] | Precision: 0.9113 | Recall: 0.8894 | F1: 0.9002
2026-03-02 22:32:58,930 - INFO - [Metrics for 'Defect'] | Precision: 0.8795 | Recall: 0.9031 | F1: 0.8911
2026-03-02 22:32:58,976 - INFO - --------------------------------------------------
2026-03-02 22:32:58,976 - INFO - [LR]    [69/90] | Learning Rate: 0.000226
2026-03-02 22:40:28,301 - INFO - [Train] [69/90] | Loss: 0.2385 | Train Acc: 97.97%
2026-03-02 22:41:07,219 - INFO - [Valid] [69/90] | Loss: 0.4149 | Val Acc: 89.55%
2026-03-02 22:41:07,357 - INFO - [Metrics for 'Normal'] | Precision: 0.9096 | Recall: 0.8906 | F1: 0.9000
2026-03-02 22:41:07,357 - INFO - [Metrics for 'Defect'] | Precision: 0.8804 | Recall: 0.9009 | F1: 0.8905
2026-03-02 22:41:07,404 - INFO - --------------------------------------------------
2026-03-02 22:41:07,405 - INFO - [LR]    [70/90] | Learning Rate: 0.000216
2026-03-02 22:48:37,464 - INFO - [Train] [70/90] | Loss: 0.2343 | Train Acc: 98.18%
2026-03-02 22:49:16,803 - INFO - [Valid] [70/90] | Loss: 0.4116 | Val Acc: 89.60%
2026-03-02 22:49:16,949 - INFO - [Metrics for 'Normal'] | Precision: 0.9101 | Recall: 0.8911 | F1: 0.9005
2026-03-02 22:49:16,949 - INFO - [Metrics for 'Defect'] | Precision: 0.8809 | Recall: 0.9015 | F1: 0.8911
2026-03-02 22:49:16,995 - INFO - --------------------------------------------------
2026-03-02 22:49:16,996 - INFO - [LR]    [71/90] | Learning Rate: 0.000205
2026-03-02 22:56:45,462 - INFO - [Train] [71/90] | Loss: 0.2343 | Train Acc: 98.19%
2026-03-02 22:57:24,383 - INFO - [Valid] [71/90] | Loss: 0.4139 | Val Acc: 89.72%
2026-03-02 22:57:24,529 - INFO - [Metrics for 'Normal'] | Precision: 0.9080 | Recall: 0.8961 | F1: 0.9020
2026-03-02 22:57:24,529 - INFO - [Metrics for 'Defect'] | Precision: 0.8854 | Recall: 0.8983 | F1: 0.8918
2026-03-02 22:57:24,575 - INFO - --------------------------------------------------
2026-03-02 22:57:24,576 - INFO - [LR]    [72/90] | Learning Rate: 0.000195
2026-03-02 23:04:52,814 - INFO - [Train] [72/90] | Loss: 0.2334 | Train Acc: 98.25%
2026-03-02 23:05:31,729 - INFO - [Valid] [72/90] | Loss: 0.4167 | Val Acc: 89.63%
2026-03-02 23:05:31,865 - INFO - [Metrics for 'Normal'] | Precision: 0.9116 | Recall: 0.8900 | F1: 0.9006
2026-03-02 23:05:31,865 - INFO - [Metrics for 'Defect'] | Precision: 0.8801 | Recall: 0.9033 | F1: 0.8916
2026-03-02 23:05:31,912 - INFO - --------------------------------------------------
2026-03-02 23:05:31,912 - INFO - [LR]    [73/90] | Learning Rate: 0.000186
2026-03-02 23:13:01,246 - INFO - [Train] [73/90] | Loss: 0.2328 | Train Acc: 98.28%
2026-03-02 23:13:39,466 - INFO - [Valid] [73/90] | Loss: 0.4158 | Val Acc: 89.65%
2026-03-02 23:13:39,631 - INFO - [Metrics for 'Normal'] | Precision: 0.9108 | Recall: 0.8914 | F1: 0.9010
2026-03-02 23:13:39,631 - INFO - [Metrics for 'Defect'] | Precision: 0.8813 | Recall: 0.9022 | F1: 0.8917
2026-03-02 23:13:39,679 - INFO - --------------------------------------------------
2026-03-02 23:13:39,679 - INFO - [LR]    [74/90] | Learning Rate: 0.000177
2026-03-02 23:21:09,460 - INFO - [Train] [74/90] | Loss: 0.2313 | Train Acc: 98.37%
2026-03-02 23:21:48,523 - INFO - [Valid] [74/90] | Loss: 0.4216 | Val Acc: 89.55%
2026-03-02 23:21:48,668 - INFO - [Metrics for 'Normal'] | Precision: 0.9032 | Recall: 0.8985 | F1: 0.9009
2026-03-02 23:21:48,669 - INFO - [Metrics for 'Defect'] | Precision: 0.8871 | Recall: 0.8922 | F1: 0.8896
2026-03-02 23:21:48,715 - INFO - --------------------------------------------------
2026-03-02 23:21:48,715 - INFO - [LR]    [75/90] | Learning Rate: 0.000168
2026-03-02 23:29:16,824 - INFO - [Train] [75/90] | Loss: 0.2303 | Train Acc: 98.42%
2026-03-02 23:29:55,892 - INFO - [Valid] [75/90] | Loss: 0.4179 | Val Acc: 89.65%
2026-03-02 23:29:56,038 - INFO - [Metrics for 'Normal'] | Precision: 0.9118 | Recall: 0.8900 | F1: 0.9008
2026-03-02 23:29:56,038 - INFO - [Metrics for 'Defect'] | Precision: 0.8801 | Recall: 0.9037 | F1: 0.8917
2026-03-02 23:29:56,085 - INFO - --------------------------------------------------
2026-03-02 23:29:56,085 - INFO - [LR]    [76/90] | Learning Rate: 0.000160
2026-03-02 23:37:25,152 - INFO - [Train] [76/90] | Loss: 0.2297 | Train Acc: 98.46%
2026-03-02 23:38:03,805 - INFO - [Valid] [76/90] | Loss: 0.4188 | Val Acc: 89.63%
2026-03-02 23:38:03,988 - INFO - [Metrics for 'Normal'] | Precision: 0.9086 | Recall: 0.8935 | F1: 0.9010
2026-03-02 23:38:03,988 - INFO - [Metrics for 'Defect'] | Precision: 0.8830 | Recall: 0.8994 | F1: 0.8911
2026-03-02 23:38:04,046 - INFO - --------------------------------------------------
2026-03-02 23:38:04,047 - INFO - [LR]    [77/90] | Learning Rate: 0.000153
2026-03-02 23:45:34,119 - INFO - [Train] [77/90] | Loss: 0.2286 | Train Acc: 98.52%
2026-03-02 23:46:13,195 - INFO - [Valid] [77/90] | Loss: 0.4218 | Val Acc: 89.48%
2026-03-02 23:46:13,341 - INFO - [Metrics for 'Normal'] | Precision: 0.9074 | Recall: 0.8919 | F1: 0.8996
2026-03-02 23:46:13,341 - INFO - [Metrics for 'Defect'] | Precision: 0.8813 | Recall: 0.8981 | F1: 0.8896
2026-03-02 23:46:13,388 - INFO - --------------------------------------------------
2026-03-02 23:46:13,388 - INFO - [LR]    [78/90] | Learning Rate: 0.000146
2026-03-02 23:53:41,595 - INFO - [Train] [78/90] | Loss: 0.2282 | Train Acc: 98.55%
2026-03-02 23:54:20,504 - INFO - [Valid] [78/90] | Loss: 0.4209 | Val Acc: 89.65%
2026-03-02 23:54:20,691 - INFO - [Metrics for 'Normal'] | Precision: 0.9089 | Recall: 0.8935 | F1: 0.9012
2026-03-02 23:54:20,691 - INFO - [Metrics for 'Defect'] | Precision: 0.8831 | Recall: 0.8998 | F1: 0.8913
2026-03-02 23:54:20,745 - INFO - --------------------------------------------------
2026-03-02 23:54:20,746 - INFO - [LR]    [79/90] | Learning Rate: 0.000139
2026-03-03 00:01:51,164 - INFO - [Train] [79/90] | Loss: 0.2274 | Train Acc: 98.59%
2026-03-03 00:02:30,094 - INFO - [Valid] [79/90] | Loss: 0.4234 | Val Acc: 89.55%
2026-03-03 00:02:30,278 - INFO - [Metrics for 'Normal'] | Precision: 0.9074 | Recall: 0.8933 | F1: 0.9003
2026-03-03 00:02:30,278 - INFO - [Metrics for 'Defect'] | Precision: 0.8826 | Recall: 0.8980 | F1: 0.8902
2026-03-03 00:02:30,331 - INFO - --------------------------------------------------
2026-03-03 00:02:30,331 - INFO - [LR]    [80/90] | Learning Rate: 0.000133
2026-03-03 00:09:59,075 - INFO - [Train] [80/90] | Loss: 0.2267 | Train Acc: 98.63%
2026-03-03 00:10:38,211 - INFO - [Valid] [80/90] | Loss: 0.4259 | Val Acc: 89.47%
2026-03-03 00:10:38,385 - INFO - [Metrics for 'Normal'] | Precision: 0.9110 | Recall: 0.8872 | F1: 0.8989
2026-03-03 00:10:38,385 - INFO - [Metrics for 'Defect'] | Precision: 0.8773 | Recall: 0.9030 | F1: 0.8900
2026-03-03 00:10:38,444 - INFO - --------------------------------------------------
2026-03-03 00:10:38,444 - INFO - [LR]    [81/90] | Learning Rate: 0.000127
2026-03-03 00:18:07,762 - INFO - [Train] [81/90] | Loss: 0.2259 | Train Acc: 98.68%
2026-03-03 00:18:46,734 - INFO - [Valid] [81/90] | Loss: 0.4256 | Val Acc: 89.57%
2026-03-03 00:18:46,879 - INFO - [Metrics for 'Normal'] | Precision: 0.9076 | Recall: 0.8935 | F1: 0.9005
2026-03-03 00:18:46,880 - INFO - [Metrics for 'Defect'] | Precision: 0.8828 | Recall: 0.8981 | F1: 0.8904
2026-03-03 00:18:46,926 - INFO - --------------------------------------------------
2026-03-03 00:18:46,927 - INFO - [LR]    [82/90] | Learning Rate: 0.000122
2026-03-03 00:26:22,384 - INFO - [Train] [82/90] | Loss: 0.2255 | Train Acc: 98.70%
2026-03-03 00:27:01,275 - INFO - [Valid] [82/90] | Loss: 0.4229 | Val Acc: 89.60%
2026-03-03 00:27:01,422 - INFO - [Metrics for 'Normal'] | Precision: 0.9085 | Recall: 0.8929 | F1: 0.9006
2026-03-03 00:27:01,422 - INFO - [Metrics for 'Defect'] | Precision: 0.8824 | Recall: 0.8994 | F1: 0.8908
2026-03-03 00:27:01,469 - INFO - --------------------------------------------------
2026-03-03 00:27:01,470 - INFO - [LR]    [83/90] | Learning Rate: 0.000117
2026-03-03 00:34:30,931 - INFO - [Train] [83/90] | Loss: 0.2248 | Train Acc: 98.74%
2026-03-03 00:35:09,643 - INFO - [Valid] [83/90] | Loss: 0.4259 | Val Acc: 89.55%
2026-03-03 00:35:09,801 - INFO - [Metrics for 'Normal'] | Precision: 0.9048 | Recall: 0.8965 | F1: 0.9006
2026-03-03 00:35:09,801 - INFO - [Metrics for 'Defect'] | Precision: 0.8853 | Recall: 0.8944 | F1: 0.8899
2026-03-03 00:35:09,849 - INFO - --------------------------------------------------
2026-03-03 00:35:09,849 - INFO - [LR]    [84/90] | Learning Rate: 0.000113
2026-03-03 00:42:38,978 - INFO - [Train] [84/90] | Loss: 0.2245 | Train Acc: 98.77%
2026-03-03 00:43:17,361 - INFO - [Valid] [84/90] | Loss: 0.4269 | Val Acc: 89.56%
2026-03-03 00:43:17,497 - INFO - [Metrics for 'Normal'] | Precision: 0.9050 | Recall: 0.8965 | F1: 0.9007
2026-03-03 00:43:17,497 - INFO - [Metrics for 'Defect'] | Precision: 0.8854 | Recall: 0.8947 | F1: 0.8900
2026-03-03 00:43:17,543 - INFO - --------------------------------------------------
2026-03-03 00:43:17,544 - INFO - [LR]    [85/90] | Learning Rate: 0.000110
2026-03-03 00:50:46,957 - INFO - [Train] [85/90] | Loss: 0.2239 | Train Acc: 98.80%
2026-03-03 00:51:25,535 - INFO - [Valid] [85/90] | Loss: 0.4279 | Val Acc: 89.58%
2026-03-03 00:51:25,719 - INFO - [Metrics for 'Normal'] | Precision: 0.9068 | Recall: 0.8947 | F1: 0.9007
2026-03-03 00:51:25,719 - INFO - [Metrics for 'Defect'] | Precision: 0.8839 | Recall: 0.8971 | F1: 0.8904
2026-03-03 00:51:25,780 - INFO - --------------------------------------------------
2026-03-03 00:51:25,781 - INFO - [LR]    [86/90] | Learning Rate: 0.000107
2026-03-03 00:58:54,671 - INFO - [Train] [86/90] | Loss: 0.2236 | Train Acc: 98.81%
2026-03-03 00:59:33,493 - INFO - [Valid] [86/90] | Loss: 0.4268 | Val Acc: 89.59%
2026-03-03 00:59:33,640 - INFO - [Metrics for 'Normal'] | Precision: 0.9058 | Recall: 0.8959 | F1: 0.9009
2026-03-03 00:59:33,640 - INFO - [Metrics for 'Defect'] | Precision: 0.8849 | Recall: 0.8958 | F1: 0.8903
2026-03-03 00:59:33,686 - INFO - --------------------------------------------------
2026-03-03 00:59:33,687 - INFO - [LR]    [87/90] | Learning Rate: 0.000104
2026-03-03 01:07:01,881 - INFO - [Train] [87/90] | Loss: 0.2232 | Train Acc: 98.83%
2026-03-03 01:07:40,796 - INFO - [Valid] [87/90] | Loss: 0.4280 | Val Acc: 89.56%
2026-03-03 01:07:40,977 - INFO - [Metrics for 'Normal'] | Precision: 0.9080 | Recall: 0.8926 | F1: 0.9003
2026-03-03 01:07:40,978 - INFO - [Metrics for 'Defect'] | Precision: 0.8821 | Recall: 0.8988 | F1: 0.8904
2026-03-03 01:07:41,037 - INFO - --------------------------------------------------
2026-03-03 01:07:41,038 - INFO - [LR]    [88/90] | Learning Rate: 0.000102
2026-03-03 01:15:09,662 - INFO - [Train] [88/90] | Loss: 0.2229 | Train Acc: 98.84%
2026-03-03 01:15:48,738 - INFO - [Valid] [88/90] | Loss: 0.4299 | Val Acc: 89.55%
2026-03-03 01:15:48,885 - INFO - [Metrics for 'Normal'] | Precision: 0.9092 | Recall: 0.8912 | F1: 0.9001
2026-03-03 01:15:48,885 - INFO - [Metrics for 'Defect'] | Precision: 0.8809 | Recall: 0.9004 | F1: 0.8905
2026-03-03 01:15:48,931 - INFO - --------------------------------------------------
2026-03-03 01:15:48,932 - INFO - [LR]    [89/90] | Learning Rate: 0.000101
2026-03-03 01:23:17,591 - INFO - [Train] [89/90] | Loss: 0.2227 | Train Acc: 98.86%
2026-03-03 01:23:56,599 - INFO - [Valid] [89/90] | Loss: 0.4297 | Val Acc: 89.48%
2026-03-03 01:23:56,775 - INFO - [Metrics for 'Normal'] | Precision: 0.9043 | Recall: 0.8957 | F1: 0.9000
2026-03-03 01:23:56,775 - INFO - [Metrics for 'Defect'] | Precision: 0.8845 | Recall: 0.8938 | F1: 0.8892
2026-03-03 01:23:56,835 - INFO - --------------------------------------------------
2026-03-03 01:23:56,836 - INFO - [LR]    [90/90] | Learning Rate: 0.000100
2026-03-03 01:31:25,436 - INFO - [Train] [90/90] | Loss: 0.2222 | Train Acc: 98.88%
2026-03-03 01:32:04,861 - INFO - [Valid] [90/90] | Loss: 0.4276 | Val Acc: 89.61%
2026-03-03 01:32:05,008 - INFO - [Metrics for 'Normal'] | Precision: 0.9080 | Recall: 0.8938 | F1: 0.9009
2026-03-03 01:32:05,008 - INFO - [Metrics for 'Defect'] | Precision: 0.8832 | Recall: 0.8987 | F1: 0.8909
2026-03-03 01:32:05,057 - INFO - ==================================================
2026-03-03 01:32:05,057 - INFO - 훈련 완료. 최고 성능 모델을 불러와 테스트 세트로 최종 평가합니다.
2026-03-03 01:32:05,057 - INFO - 최종 평가를 위해 새로운 모델 객체를 생성합니다.
2026-03-03 01:32:05,057 - INFO - Baseline 모델 'mobilenet_v4_s'을(를) 생성합니다 (사전 훈련 가중치: 미사용).
2026-03-03 01:32:05,102 - INFO - 최고 성능 모델 가중치를 새로 생성된 모델 객체에 로드 완료: 'log/Sewer_ML/baseline_mobilenet_v4_s_20260302_131946/best_model.pth'
2026-03-03 01:32:05,103 - INFO - ==================================================
2026-03-03 01:32:05,103 - INFO - Test 모드를 시작합니다.
2026-03-03 01:32:05,103 - INFO - FLOPs 및 MACs 측정을 시작합니다...
2026-03-03 01:32:05,131 - INFO - Model FLOPs: 0.3853 GFLOPs
2026-03-03 01:32:05,131 - INFO - Model MACs: 0.1926 GMACs
2026-03-03 01:32:05,253 - INFO - 테스트 데이터셋에 대한 추론을 시작합니다.
2026-03-03 01:32:44,204 - INFO - [Test] Loss: 0.2618 | Test Acc: 90.28%
2026-03-03 01:32:44,350 - INFO - [Metrics for 'Normal'] | Precision: 0.9068 | Recall: 0.9094 | F1: 0.9081
2026-03-03 01:32:44,350 - INFO - [Metrics for 'Defect'] | Precision: 0.8983 | Recall: 0.8954 | F1: 0.8969
2026-03-03 01:32:44,546 - INFO - ==================================================
2026-03-03 01:32:44,546 - INFO - 혼동 행렬 저장 완료. 'log/Sewer_ML/baseline_mobilenet_v4_s_20260302_131946/confusion_matrix_20260302_131946.png' and 'log/Sewer_ML/baseline_mobilenet_v4_s_20260302_131946/confusion_matrix_20260302_131946.pdf'
2026-03-03 01:32:44,641 - INFO - Val Acc 그래프 저장 완료: 'log/Sewer_ML/baseline_mobilenet_v4_s_20260302_131946/graph_20260302_131946/val_acc.png' and 'log/Sewer_ML/baseline_mobilenet_v4_s_20260302_131946/graph_20260302_131946/val_acc.pdf'
2026-03-03 01:32:44,745 - INFO - Train/Val Acc 그래프 저장 완료: 'log/Sewer_ML/baseline_mobilenet_v4_s_20260302_131946/graph_20260302_131946/train_val_acc.png' and 'log/Sewer_ML/baseline_mobilenet_v4_s_20260302_131946/graph_20260302_131946/train_val_acc.pdf'
2026-03-03 01:32:44,830 - INFO - F1 (Normal) 그래프 저장 완료: 'log/Sewer_ML/baseline_mobilenet_v4_s_20260302_131946/graph_20260302_131946/F1_normal.png' and 'log/Sewer_ML/baseline_mobilenet_v4_s_20260302_131946/graph_20260302_131946/F1_normal.pdf'
2026-03-03 01:32:44,921 - INFO - Validation Loss 그래프 저장 완료: 'log/Sewer_ML/baseline_mobilenet_v4_s_20260302_131946/graph_20260302_131946/val_loss.png' and 'log/Sewer_ML/baseline_mobilenet_v4_s_20260302_131946/graph_20260302_131946/val_loss.pdf'
2026-03-03 01:32:45,008 - INFO - Learning Rate 그래프 저장 완료: 'log/Sewer_ML/baseline_mobilenet_v4_s_20260302_131946/graph_20260302_131946/learning_rate.png' and 'log/Sewer_ML/baseline_mobilenet_v4_s_20260302_131946/graph_20260302_131946/learning_rate.pdf'
2026-03-03 01:32:46,619 - INFO - 종합 그래프 저장 완료: 'log/Sewer_ML/baseline_mobilenet_v4_s_20260302_131946/graph_20260302_131946/compile.png' and 'log/Sewer_ML/baseline_mobilenet_v4_s_20260302_131946/graph_20260302_131946/compile.pdf'
