2026-03-04 03:40:51,795 - INFO - 로그 파일이 'log/Sewer_TAPNEW/main_20260304_034051_grid7_patch1_layer6_head4/log_20260304_034051.log'에 저장됩니다.
2026-03-04 03:40:51,796 - INFO - 전역 랜덤 시드를 42로 고정합니다.
2026-03-04 03:40:51,807 - INFO - ==================================================
2026-03-04 03:40:51,808 - INFO - config.yaml:
2026-03-04 03:40:51,808 - INFO - 
run:
  global_seed: 42
  cuda: true
  mode: train
  pth_best_name: best_model.pth
  only_inference: false
  show_log: true
  dataset:
    name: Sewer_TAPNEW
    type: image_folder
    train_split_ratio: 0.8
    paths:
      train_img_dir: /home/tai/workspace/ssd1/data/Sewer/Sewer-ML/train
      valid_img_dir: /home/tai/workspace/ssd1/data/Sewer/Sewer-ML/valid
      test_img_dir: /home/tai/workspace/ssd1/data/Sewer/Sewer-ML/valid
      train_csv: /home/tai/workspace/ssd1/data/Sewer/Sewer-ML/SewerML_Train.csv
      valid_csv: /home/tai/workspace/ssd1/data/Sewer/Sewer-ML/SewerML_Val.csv
      test_csv: /home/tai/workspace/ssd1/data/Sewer/Sewer-ML/SewerML_Val.csv
      img_folder: /home/cau/workspace/data/Sewer/Sewer-TAPNEW
  random_sampling_ratio:
    train: 1.0
    valid: 1.0
    test: 1.0
  num_workers: 16
model:
  img_size: 224
  num_patches_per_side: 7
  num_decoder_patches: 1
  num_decoder_layers: 6
  num_heads: 4
  cnn_feature_extractor:
    name: custom32
  encoder_dim: 32
  emb_dim: 32
  adaptive_initial_query: false
  decoder_ff_ratio: 2
  dropout: 0.1
  positional_encoding: true
  drop_path_ratio: 0.2
  visualize_attention: true
  num_plot_attention: 1500
training_main:
  epochs: 90
  batch_size: 16
  pre_trained: false
  optimizer: adamw
  lr: 0.001
  weight_decay: 0.0001
  loss_function: CrossEntropyLoss
  label_smoothing: 0.1
  scheduler: cosineannealinglr
  scheduler_params:
    T_max: 90
    eta_min: 0.0001
  best_model_criterion: val_loss
training_baseline:
  model_name: mobilenet_v4_s
  epochs: 90
  batch_size: 16
  pre_trained: false
  optimizer: adamw
  lr: 0.001
  weight_decay: 0.0001
  loss_function: CrossEntropyLoss
  label_smoothing: 0.1
  scheduler: cosineannealinglr
  scheduler_params:
    T_max: 90
    eta_min: 0.0001
  best_model_criterion: val_loss
finetuning_pruned:
  epochs: 80
  batch_size: 16
  optimizer: adamw
  lr: 0.001
  weight_decay: 0.0001
  loss_function: CrossEntropyLoss
  label_smoothing: 0.1
  scheduler: cosineannealinglr
  scheduler_params:
    T_max: 80
    eta_min: 0.0001
  best_model_criterion: val_loss
  exclude_attention_qkv_pruning: true
  exclude_embedding_bridge_pruning: true
  exclude_learnable_queries_pruning: true

2026-03-04 03:40:51,808 - INFO - ==================================================
2026-03-04 03:40:51,904 - INFO - CUDA 사용 가능. GPU 사용을 시작합니다. (Device: NVIDIA RTX PRO 6000 Blackwell Server Edition)
2026-03-04 03:40:51,905 - INFO - 'Sewer_TAPNEW' 데이터 로드를 시작합니다 (Type: image_folder).
2026-03-04 03:40:51,906 - INFO - '/home/cau/workspace/data/Sewer/Sewer-TAPNEW' 경로의 데이터를 훈련/테스트셋으로 분할합니다.
2026-03-04 03:40:51,928 - INFO - 총 1692개 데이터를 훈련용 1353개, 테스트용 339개로 분할합니다 (split_seed=42).
2026-03-04 03:40:51,929 - INFO - 데이터셋 클래스: ['abnormal', 'normal'] (총 2개)
2026-03-04 03:40:51,930 - INFO - 훈련 데이터: 1353개, 검증 데이터: 339개, 테스트 데이터: 339개
2026-03-04 03:40:51,930 - INFO - 이미지 크기: 224, 그리드 크기: 7x7 -> 인코더 패치 수: 49개
2026-03-04 03:40:52,207 - INFO - ==================================================
2026-03-04 03:40:52,208 - INFO - 모델 파라미터 수: 76,162 개
2026-03-04 03:40:52,208 - INFO -   - Encoder (Encoder):         22,656 개
2026-03-04 03:40:52,208 - INFO -     - conv_front (CNN Backbone):        22,592 개
2026-03-04 03:40:52,208 - INFO -     - 1x1_conv (Channel Proj):          0 개
2026-03-04 03:40:52,208 - INFO -     - norm (LayerNorm):                 64 개
2026-03-04 03:40:52,208 - INFO -   - Decoder (Cross-Attention-based):    51,200 개
2026-03-04 03:40:52,208 - INFO -     - Embedding Layer (feat_to_emb):   1,056 개
2026-03-04 03:40:52,208 - INFO -     - Init Key Proj (W_K_init):         0 개
2026-03-04 03:40:52,209 - INFO -     - Init Value Proj (W_V_init):       0 개
2026-03-04 03:40:52,209 - INFO -     - Learnable Queries:                32 개
2026-03-04 03:40:52,209 - INFO -     - Decoder Layers:                   50,112 개
2026-03-04 03:40:52,209 - INFO -   - Classifier (Projection MLP):        2,306 개
2026-03-04 03:40:52,209 - INFO - ================================================================================
2026-03-04 03:40:52,209 - INFO - 단계 1/2: training_main 기반 사전 훈련(Pre-training)을 시작합니다.
2026-03-04 03:40:52,209 - INFO - ================================================================================
2026-03-04 03:40:52,209 - INFO - 옵티마이저: AdamW (lr=0.001, weight_decay=0.0001)
2026-03-04 03:40:52,211 - INFO - 스케줄러: CosineAnnealingLR (T_max=90, eta_min=0.0001)
2026-03-04 03:40:52,211 - INFO - ==================================================
2026-03-04 03:40:52,211 - INFO - train 모드를 시작합니다.
2026-03-04 03:40:52,212 - INFO - 손실 함수: CrossEntropyLoss (label_smoothing: 0.1)
2026-03-04 03:40:52,212 - INFO - --------------------------------------------------
2026-03-04 03:40:52,212 - INFO - [LR]    [1/90] | Learning Rate: 0.001000
2026-03-04 03:41:02,670 - INFO - [Train] [1/90] | Loss: 0.5500 | Train Acc: 74.85%
2026-03-04 03:41:06,347 - INFO - [Valid] [1/90] | Loss: 0.5214 | Val Acc: 77.58%
2026-03-04 03:41:06,365 - INFO - [Metrics for 'abnormal'] | Precision: 0.8462 | Recall: 0.6306 | F1: 0.7226
2026-03-04 03:41:06,365 - INFO - [Metrics for 'normal'] | Precision: 0.7387 | Recall: 0.9011 | F1: 0.8119
2026-03-04 03:41:06,397 - INFO - [Best Model Saved] (val loss: 0.5214) -> 'log/Sewer_TAPNEW/main_20260304_034051_grid7_patch1_layer6_head4/best_model.pth'
2026-03-04 03:41:06,398 - INFO - --------------------------------------------------
2026-03-04 03:41:06,398 - INFO - [LR]    [2/90] | Learning Rate: 0.001000
2026-03-04 03:41:15,495 - INFO - [Train] [2/90] | Loss: 0.5291 | Train Acc: 77.08%
2026-03-04 03:41:18,384 - INFO - [Valid] [2/90] | Loss: 0.5110 | Val Acc: 79.06%
2026-03-04 03:41:18,403 - INFO - [Metrics for 'abnormal'] | Precision: 0.7363 | Recall: 0.8535 | F1: 0.7906
2026-03-04 03:41:18,403 - INFO - [Metrics for 'normal'] | Precision: 0.8535 | Recall: 0.7363 | F1: 0.7906
2026-03-04 03:41:18,432 - INFO - [Best Model Saved] (val loss: 0.5110) -> 'log/Sewer_TAPNEW/main_20260304_034051_grid7_patch1_layer6_head4/best_model.pth'
2026-03-04 03:41:18,432 - INFO - --------------------------------------------------
2026-03-04 03:41:18,432 - INFO - [LR]    [3/90] | Learning Rate: 0.000999
2026-03-04 03:41:27,375 - INFO - [Train] [3/90] | Loss: 0.4978 | Train Acc: 80.43%
2026-03-04 03:41:30,333 - INFO - [Valid] [3/90] | Loss: 0.4867 | Val Acc: 80.83%
2026-03-04 03:41:30,351 - INFO - [Metrics for 'abnormal'] | Precision: 0.7911 | Recall: 0.7962 | F1: 0.7937
2026-03-04 03:41:30,351 - INFO - [Metrics for 'normal'] | Precision: 0.8232 | Recall: 0.8187 | F1: 0.8209
2026-03-04 03:41:30,379 - INFO - [Best Model Saved] (val loss: 0.4867) -> 'log/Sewer_TAPNEW/main_20260304_034051_grid7_patch1_layer6_head4/best_model.pth'
2026-03-04 03:41:30,379 - INFO - --------------------------------------------------
2026-03-04 03:41:30,379 - INFO - [LR]    [4/90] | Learning Rate: 0.000998
2026-03-04 03:41:39,357 - INFO - [Train] [4/90] | Loss: 0.4819 | Train Acc: 82.22%
2026-03-04 03:41:42,109 - INFO - [Valid] [4/90] | Loss: 0.5055 | Val Acc: 80.83%
2026-03-04 03:41:42,128 - INFO - [Metrics for 'abnormal'] | Precision: 0.8333 | Recall: 0.7325 | F1: 0.7797
2026-03-04 03:41:42,128 - INFO - [Metrics for 'normal'] | Precision: 0.7910 | Recall: 0.8736 | F1: 0.8303
2026-03-04 03:41:42,129 - INFO - --------------------------------------------------
2026-03-04 03:41:42,129 - INFO - [LR]    [5/90] | Learning Rate: 0.000996
2026-03-04 03:41:51,142 - INFO - [Train] [5/90] | Loss: 0.4812 | Train Acc: 82.07%
2026-03-04 03:41:53,860 - INFO - [Valid] [5/90] | Loss: 0.4903 | Val Acc: 81.42%
2026-03-04 03:41:53,878 - INFO - [Metrics for 'abnormal'] | Precision: 0.8052 | Recall: 0.7898 | F1: 0.7974
2026-03-04 03:41:53,879 - INFO - [Metrics for 'normal'] | Precision: 0.8216 | Recall: 0.8352 | F1: 0.8283
2026-03-04 03:41:53,879 - INFO - --------------------------------------------------
2026-03-04 03:41:53,879 - INFO - [LR]    [6/90] | Learning Rate: 0.000993
2026-03-04 03:42:02,974 - INFO - [Train] [6/90] | Loss: 0.4652 | Train Acc: 83.56%
2026-03-04 03:42:05,677 - INFO - [Valid] [6/90] | Loss: 0.4921 | Val Acc: 81.42%
2026-03-04 03:42:05,695 - INFO - [Metrics for 'abnormal'] | Precision: 0.7975 | Recall: 0.8025 | F1: 0.8000
2026-03-04 03:42:05,695 - INFO - [Metrics for 'normal'] | Precision: 0.8287 | Recall: 0.8242 | F1: 0.8264
2026-03-04 03:42:05,696 - INFO - --------------------------------------------------
2026-03-04 03:42:05,696 - INFO - [LR]    [7/90] | Learning Rate: 0.000990
2026-03-04 03:42:14,812 - INFO - [Train] [7/90] | Loss: 0.4724 | Train Acc: 82.81%
2026-03-04 03:42:17,502 - INFO - [Valid] [7/90] | Loss: 0.5076 | Val Acc: 80.53%
2026-03-04 03:42:17,519 - INFO - [Metrics for 'abnormal'] | Precision: 0.7725 | Recall: 0.8217 | F1: 0.7963
2026-03-04 03:42:17,520 - INFO - [Metrics for 'normal'] | Precision: 0.8372 | Recall: 0.7912 | F1: 0.8136
2026-03-04 03:42:17,520 - INFO - --------------------------------------------------
2026-03-04 03:42:17,520 - INFO - [LR]    [8/90] | Learning Rate: 0.000987
2026-03-04 03:42:26,606 - INFO - [Train] [8/90] | Loss: 0.4615 | Train Acc: 83.85%
2026-03-04 03:42:29,288 - INFO - [Valid] [8/90] | Loss: 0.4859 | Val Acc: 78.76%
2026-03-04 03:42:29,305 - INFO - [Metrics for 'abnormal'] | Precision: 0.8014 | Recall: 0.7197 | F1: 0.7584
2026-03-04 03:42:29,306 - INFO - [Metrics for 'normal'] | Precision: 0.7778 | Recall: 0.8462 | F1: 0.8105
2026-03-04 03:42:29,333 - INFO - [Best Model Saved] (val loss: 0.4859) -> 'log/Sewer_TAPNEW/main_20260304_034051_grid7_patch1_layer6_head4/best_model.pth'
2026-03-04 03:42:29,333 - INFO - --------------------------------------------------
2026-03-04 03:42:29,333 - INFO - [LR]    [9/90] | Learning Rate: 0.000983
2026-03-04 03:42:38,378 - INFO - [Train] [9/90] | Loss: 0.4623 | Train Acc: 83.26%
2026-03-04 03:42:41,035 - INFO - [Valid] [9/90] | Loss: 0.4786 | Val Acc: 81.71%
2026-03-04 03:42:41,053 - INFO - [Metrics for 'abnormal'] | Precision: 0.7879 | Recall: 0.8280 | F1: 0.8075
2026-03-04 03:42:41,053 - INFO - [Metrics for 'normal'] | Precision: 0.8448 | Recall: 0.8077 | F1: 0.8258
2026-03-04 03:42:41,079 - INFO - [Best Model Saved] (val loss: 0.4786) -> 'log/Sewer_TAPNEW/main_20260304_034051_grid7_patch1_layer6_head4/best_model.pth'
2026-03-04 03:42:41,080 - INFO - --------------------------------------------------
2026-03-04 03:42:41,080 - INFO - [LR]    [10/90] | Learning Rate: 0.000978
2026-03-04 03:42:50,117 - INFO - [Train] [10/90] | Loss: 0.4514 | Train Acc: 84.08%
2026-03-04 03:42:52,764 - INFO - [Valid] [10/90] | Loss: 0.4975 | Val Acc: 79.35%
2026-03-04 03:42:52,782 - INFO - [Metrics for 'abnormal'] | Precision: 0.8271 | Recall: 0.7006 | F1: 0.7586
2026-03-04 03:42:52,782 - INFO - [Metrics for 'normal'] | Precision: 0.7718 | Recall: 0.8736 | F1: 0.8196
2026-03-04 03:42:52,782 - INFO - --------------------------------------------------
2026-03-04 03:42:52,782 - INFO - [LR]    [11/90] | Learning Rate: 0.000973
2026-03-04 03:43:01,943 - INFO - [Train] [11/90] | Loss: 0.4479 | Train Acc: 83.93%
2026-03-04 03:43:04,608 - INFO - [Valid] [11/90] | Loss: 0.5134 | Val Acc: 77.58%
2026-03-04 03:43:04,626 - INFO - [Metrics for 'abnormal'] | Precision: 0.7015 | Recall: 0.8981 | F1: 0.7877
2026-03-04 03:43:04,626 - INFO - [Metrics for 'normal'] | Precision: 0.8841 | Recall: 0.6703 | F1: 0.7625
2026-03-04 03:43:04,626 - INFO - --------------------------------------------------
2026-03-04 03:43:04,627 - INFO - [LR]    [12/90] | Learning Rate: 0.000967
2026-03-04 03:43:13,684 - INFO - [Train] [12/90] | Loss: 0.4495 | Train Acc: 84.08%
2026-03-04 03:43:16,332 - INFO - [Valid] [12/90] | Loss: 0.4817 | Val Acc: 80.83%
2026-03-04 03:43:16,350 - INFO - [Metrics for 'abnormal'] | Precision: 0.7771 | Recall: 0.8217 | F1: 0.7988
2026-03-04 03:43:16,350 - INFO - [Metrics for 'normal'] | Precision: 0.8382 | Recall: 0.7967 | F1: 0.8169
2026-03-04 03:43:16,350 - INFO - --------------------------------------------------
2026-03-04 03:43:16,351 - INFO - [LR]    [13/90] | Learning Rate: 0.000961
2026-03-04 03:43:25,961 - INFO - [Train] [13/90] | Loss: 0.4453 | Train Acc: 84.45%
2026-03-04 03:43:28,773 - INFO - [Valid] [13/90] | Loss: 0.5176 | Val Acc: 78.17%
2026-03-04 03:43:28,790 - INFO - [Metrics for 'abnormal'] | Precision: 0.7712 | Recall: 0.7516 | F1: 0.7613
2026-03-04 03:43:28,790 - INFO - [Metrics for 'normal'] | Precision: 0.7903 | Recall: 0.8077 | F1: 0.7989
2026-03-04 03:43:28,791 - INFO - --------------------------------------------------
2026-03-04 03:43:28,791 - INFO - [LR]    [14/90] | Learning Rate: 0.000954
2026-03-04 03:43:39,002 - INFO - [Train] [14/90] | Loss: 0.4427 | Train Acc: 84.60%
2026-03-04 03:43:41,751 - INFO - [Valid] [14/90] | Loss: 0.4627 | Val Acc: 81.42%
2026-03-04 03:43:41,769 - INFO - [Metrics for 'abnormal'] | Precision: 0.7765 | Recall: 0.8408 | F1: 0.8073
2026-03-04 03:43:41,769 - INFO - [Metrics for 'normal'] | Precision: 0.8521 | Recall: 0.7912 | F1: 0.8205
2026-03-04 03:43:41,795 - INFO - [Best Model Saved] (val loss: 0.4627) -> 'log/Sewer_TAPNEW/main_20260304_034051_grid7_patch1_layer6_head4/best_model.pth'
2026-03-04 03:43:41,795 - INFO - --------------------------------------------------
2026-03-04 03:43:41,795 - INFO - [LR]    [15/90] | Learning Rate: 0.000947
2026-03-04 03:43:51,210 - INFO - [Train] [15/90] | Loss: 0.4390 | Train Acc: 84.75%
2026-03-04 03:43:54,152 - INFO - [Valid] [15/90] | Loss: 0.4721 | Val Acc: 82.01%
2026-03-04 03:43:54,169 - INFO - [Metrics for 'abnormal'] | Precision: 0.7727 | Recall: 0.8662 | F1: 0.8168
2026-03-04 03:43:54,170 - INFO - [Metrics for 'normal'] | Precision: 0.8712 | Recall: 0.7802 | F1: 0.8232
2026-03-04 03:43:54,170 - INFO - --------------------------------------------------
2026-03-04 03:43:54,170 - INFO - [LR]    [16/90] | Learning Rate: 0.000940
2026-03-04 03:44:03,966 - INFO - [Train] [16/90] | Loss: 0.4383 | Train Acc: 84.45%
2026-03-04 03:44:06,972 - INFO - [Valid] [16/90] | Loss: 0.4928 | Val Acc: 80.83%
2026-03-04 03:44:06,990 - INFO - [Metrics for 'abnormal'] | Precision: 0.8194 | Recall: 0.7516 | F1: 0.7841
2026-03-04 03:44:06,991 - INFO - [Metrics for 'normal'] | Precision: 0.8000 | Recall: 0.8571 | F1: 0.8276
2026-03-04 03:44:06,991 - INFO - --------------------------------------------------
2026-03-04 03:44:06,991 - INFO - [LR]    [17/90] | Learning Rate: 0.000932
2026-03-04 03:44:16,925 - INFO - [Train] [17/90] | Loss: 0.4235 | Train Acc: 85.94%
2026-03-04 03:44:19,863 - INFO - [Valid] [17/90] | Loss: 0.4613 | Val Acc: 82.30%
2026-03-04 03:44:19,881 - INFO - [Metrics for 'abnormal'] | Precision: 0.8050 | Recall: 0.8153 | F1: 0.8101
2026-03-04 03:44:19,881 - INFO - [Metrics for 'normal'] | Precision: 0.8389 | Recall: 0.8297 | F1: 0.8343
2026-03-04 03:44:19,906 - INFO - [Best Model Saved] (val loss: 0.4613) -> 'log/Sewer_TAPNEW/main_20260304_034051_grid7_patch1_layer6_head4/best_model.pth'
2026-03-04 03:44:19,906 - INFO - --------------------------------------------------
2026-03-04 03:44:19,907 - INFO - [LR]    [18/90] | Learning Rate: 0.000923
2026-03-04 03:44:29,082 - INFO - [Train] [18/90] | Loss: 0.4215 | Train Acc: 85.64%
2026-03-04 03:44:31,922 - INFO - [Valid] [18/90] | Loss: 0.4633 | Val Acc: 81.42%
2026-03-04 03:44:31,941 - INFO - [Metrics for 'abnormal'] | Precision: 0.7733 | Recall: 0.8471 | F1: 0.8085
2026-03-04 03:44:31,941 - INFO - [Metrics for 'normal'] | Precision: 0.8563 | Recall: 0.7857 | F1: 0.8195
2026-03-04 03:44:31,941 - INFO - --------------------------------------------------
2026-03-04 03:44:31,942 - INFO - [LR]    [19/90] | Learning Rate: 0.000914
2026-03-04 03:44:41,137 - INFO - [Train] [19/90] | Loss: 0.4135 | Train Acc: 85.71%
2026-03-04 03:44:44,092 - INFO - [Valid] [19/90] | Loss: 0.4676 | Val Acc: 82.89%
2026-03-04 03:44:44,110 - INFO - [Metrics for 'abnormal'] | Precision: 0.7929 | Recall: 0.8535 | F1: 0.8221
2026-03-04 03:44:44,110 - INFO - [Metrics for 'normal'] | Precision: 0.8647 | Recall: 0.8077 | F1: 0.8352
2026-03-04 03:44:44,110 - INFO - --------------------------------------------------
2026-03-04 03:44:44,111 - INFO - [LR]    [20/90] | Learning Rate: 0.000905
2026-03-04 03:44:53,641 - INFO - [Train] [20/90] | Loss: 0.4169 | Train Acc: 85.19%
2026-03-04 03:44:56,721 - INFO - [Valid] [20/90] | Loss: 0.5364 | Val Acc: 77.88%
2026-03-04 03:44:56,741 - INFO - [Metrics for 'abnormal'] | Precision: 0.8727 | Recall: 0.6115 | F1: 0.7191
2026-03-04 03:44:56,741 - INFO - [Metrics for 'normal'] | Precision: 0.7336 | Recall: 0.9231 | F1: 0.8175
2026-03-04 03:44:56,742 - INFO - --------------------------------------------------
2026-03-04 03:44:56,742 - INFO - [LR]    [21/90] | Learning Rate: 0.000895
2026-03-04 03:45:06,207 - INFO - [Train] [21/90] | Loss: 0.4211 | Train Acc: 86.01%
2026-03-04 03:45:09,070 - INFO - [Valid] [21/90] | Loss: 0.5018 | Val Acc: 79.94%
2026-03-04 03:45:09,089 - INFO - [Metrics for 'abnormal'] | Precision: 0.7306 | Recall: 0.8981 | F1: 0.8057
2026-03-04 03:45:09,089 - INFO - [Metrics for 'normal'] | Precision: 0.8904 | Recall: 0.7143 | F1: 0.7927
2026-03-04 03:45:09,090 - INFO - --------------------------------------------------
2026-03-04 03:45:09,090 - INFO - [LR]    [22/90] | Learning Rate: 0.000884
2026-03-04 03:45:18,563 - INFO - [Train] [22/90] | Loss: 0.4154 | Train Acc: 85.49%
2026-03-04 03:45:21,367 - INFO - [Valid] [22/90] | Loss: 0.4742 | Val Acc: 82.60%
2026-03-04 03:45:21,386 - INFO - [Metrics for 'abnormal'] | Precision: 0.8603 | Recall: 0.7452 | F1: 0.7986
2026-03-04 03:45:21,386 - INFO - [Metrics for 'normal'] | Precision: 0.8030 | Recall: 0.8956 | F1: 0.8468
2026-03-04 03:45:21,386 - INFO - --------------------------------------------------
2026-03-04 03:45:21,387 - INFO - [LR]    [23/90] | Learning Rate: 0.000874
2026-03-04 03:45:30,679 - INFO - [Train] [23/90] | Loss: 0.4215 | Train Acc: 85.94%
2026-03-04 03:45:33,629 - INFO - [Valid] [23/90] | Loss: 0.4664 | Val Acc: 82.30%
2026-03-04 03:45:33,646 - INFO - [Metrics for 'abnormal'] | Precision: 0.8012 | Recall: 0.8217 | F1: 0.8113
2026-03-04 03:45:33,647 - INFO - [Metrics for 'normal'] | Precision: 0.8427 | Recall: 0.8242 | F1: 0.8333
2026-03-04 03:45:33,647 - INFO - --------------------------------------------------
2026-03-04 03:45:33,647 - INFO - [LR]    [24/90] | Learning Rate: 0.000863
2026-03-04 03:45:43,125 - INFO - [Train] [24/90] | Loss: 0.4164 | Train Acc: 85.94%
2026-03-04 03:45:45,836 - INFO - [Valid] [24/90] | Loss: 0.4727 | Val Acc: 81.71%
2026-03-04 03:45:45,853 - INFO - [Metrics for 'abnormal'] | Precision: 0.7914 | Recall: 0.8217 | F1: 0.8063
2026-03-04 03:45:45,854 - INFO - [Metrics for 'normal'] | Precision: 0.8409 | Recall: 0.8132 | F1: 0.8268
2026-03-04 03:45:45,854 - INFO - --------------------------------------------------
2026-03-04 03:45:45,854 - INFO - [LR]    [25/90] | Learning Rate: 0.000851
2026-03-04 03:45:55,078 - INFO - [Train] [25/90] | Loss: 0.4031 | Train Acc: 87.28%
2026-03-04 03:45:57,980 - INFO - [Valid] [25/90] | Loss: 0.4887 | Val Acc: 81.42%
2026-03-04 03:45:58,000 - INFO - [Metrics for 'abnormal'] | Precision: 0.7975 | Recall: 0.8025 | F1: 0.8000
2026-03-04 03:45:58,001 - INFO - [Metrics for 'normal'] | Precision: 0.8287 | Recall: 0.8242 | F1: 0.8264
2026-03-04 03:45:58,001 - INFO - --------------------------------------------------
2026-03-04 03:45:58,001 - INFO - [LR]    [26/90] | Learning Rate: 0.000839
2026-03-04 03:46:07,159 - INFO - [Train] [26/90] | Loss: 0.3998 | Train Acc: 86.90%
2026-03-04 03:46:09,959 - INFO - [Valid] [26/90] | Loss: 0.4591 | Val Acc: 84.07%
2026-03-04 03:46:09,977 - INFO - [Metrics for 'abnormal'] | Precision: 0.8084 | Recall: 0.8599 | F1: 0.8333
2026-03-04 03:46:09,978 - INFO - [Metrics for 'normal'] | Precision: 0.8721 | Recall: 0.8242 | F1: 0.8475
2026-03-04 03:46:10,007 - INFO - [Best Model Saved] (val loss: 0.4591) -> 'log/Sewer_TAPNEW/main_20260304_034051_grid7_patch1_layer6_head4/best_model.pth'
2026-03-04 03:46:10,007 - INFO - --------------------------------------------------
2026-03-04 03:46:10,008 - INFO - [LR]    [27/90] | Learning Rate: 0.000827
2026-03-04 03:46:19,025 - INFO - [Train] [27/90] | Loss: 0.4092 | Train Acc: 86.09%
2026-03-04 03:46:21,722 - INFO - [Valid] [27/90] | Loss: 0.4700 | Val Acc: 82.01%
2026-03-04 03:46:21,740 - INFO - [Metrics for 'abnormal'] | Precision: 0.7927 | Recall: 0.8280 | F1: 0.8100
2026-03-04 03:46:21,741 - INFO - [Metrics for 'normal'] | Precision: 0.8457 | Recall: 0.8132 | F1: 0.8291
2026-03-04 03:46:21,741 - INFO - --------------------------------------------------
2026-03-04 03:46:21,741 - INFO - [LR]    [28/90] | Learning Rate: 0.000815
2026-03-04 03:46:31,326 - INFO - [Train] [28/90] | Loss: 0.3985 | Train Acc: 87.05%
2026-03-04 03:46:34,338 - INFO - [Valid] [28/90] | Loss: 0.4763 | Val Acc: 82.30%
2026-03-04 03:46:34,355 - INFO - [Metrics for 'abnormal'] | Precision: 0.7539 | Recall: 0.9172 | F1: 0.8276
2026-03-04 03:46:34,355 - INFO - [Metrics for 'normal'] | Precision: 0.9122 | Recall: 0.7418 | F1: 0.8182
2026-03-04 03:46:34,355 - INFO - --------------------------------------------------
2026-03-04 03:46:34,356 - INFO - [LR]    [29/90] | Learning Rate: 0.000802
2026-03-04 03:46:43,815 - INFO - [Train] [29/90] | Loss: 0.3920 | Train Acc: 87.13%
2026-03-04 03:46:46,776 - INFO - [Valid] [29/90] | Loss: 0.4758 | Val Acc: 81.12%
2026-03-04 03:46:46,802 - INFO - [Metrics for 'abnormal'] | Precision: 0.8207 | Recall: 0.7580 | F1: 0.7881
2026-03-04 03:46:46,802 - INFO - [Metrics for 'normal'] | Precision: 0.8041 | Recall: 0.8571 | F1: 0.8298
2026-03-04 03:46:46,803 - INFO - --------------------------------------------------
2026-03-04 03:46:46,803 - INFO - [LR]    [30/90] | Learning Rate: 0.000788
2026-03-04 03:46:56,187 - INFO - [Train] [30/90] | Loss: 0.4046 | Train Acc: 86.09%
2026-03-04 03:46:59,103 - INFO - [Valid] [30/90] | Loss: 0.4773 | Val Acc: 82.30%
2026-03-04 03:46:59,120 - INFO - [Metrics for 'abnormal'] | Precision: 0.7594 | Recall: 0.9045 | F1: 0.8256
2026-03-04 03:46:59,120 - INFO - [Metrics for 'normal'] | Precision: 0.9013 | Recall: 0.7527 | F1: 0.8204
2026-03-04 03:46:59,121 - INFO - --------------------------------------------------
2026-03-04 03:46:59,121 - INFO - [LR]    [31/90] | Learning Rate: 0.000775
2026-03-04 03:47:08,716 - INFO - [Train] [31/90] | Loss: 0.3765 | Train Acc: 88.17%
2026-03-04 03:47:11,562 - INFO - [Valid] [31/90] | Loss: 0.4266 | Val Acc: 84.37%
2026-03-04 03:47:11,580 - INFO - [Metrics for 'abnormal'] | Precision: 0.8291 | Recall: 0.8344 | F1: 0.8317
2026-03-04 03:47:11,580 - INFO - [Metrics for 'normal'] | Precision: 0.8564 | Recall: 0.8516 | F1: 0.8540
2026-03-04 03:47:11,605 - INFO - [Best Model Saved] (val loss: 0.4266) -> 'log/Sewer_TAPNEW/main_20260304_034051_grid7_patch1_layer6_head4/best_model.pth'
2026-03-04 03:47:11,605 - INFO - --------------------------------------------------
2026-03-04 03:47:11,605 - INFO - [LR]    [32/90] | Learning Rate: 0.000761
2026-03-04 03:47:21,232 - INFO - [Train] [32/90] | Loss: 0.3891 | Train Acc: 87.20%
2026-03-04 03:47:24,109 - INFO - [Valid] [32/90] | Loss: 0.4312 | Val Acc: 83.48%
2026-03-04 03:47:24,127 - INFO - [Metrics for 'abnormal'] | Precision: 0.7790 | Recall: 0.8981 | F1: 0.8343
2026-03-04 03:47:24,127 - INFO - [Metrics for 'normal'] | Precision: 0.8987 | Recall: 0.7802 | F1: 0.8353
2026-03-04 03:47:24,127 - INFO - --------------------------------------------------
2026-03-04 03:47:24,127 - INFO - [LR]    [33/90] | Learning Rate: 0.000747
2026-03-04 03:47:33,490 - INFO - [Train] [33/90] | Loss: 0.3781 | Train Acc: 87.80%
2026-03-04 03:47:36,437 - INFO - [Valid] [33/90] | Loss: 0.4914 | Val Acc: 81.71%
2026-03-04 03:47:36,454 - INFO - [Metrics for 'abnormal'] | Precision: 0.8369 | Recall: 0.7516 | F1: 0.7919
2026-03-04 03:47:36,455 - INFO - [Metrics for 'normal'] | Precision: 0.8030 | Recall: 0.8736 | F1: 0.8368
2026-03-04 03:47:36,455 - INFO - --------------------------------------------------
2026-03-04 03:47:36,455 - INFO - [LR]    [34/90] | Learning Rate: 0.000733
2026-03-04 03:47:46,548 - INFO - [Train] [34/90] | Loss: 0.3862 | Train Acc: 87.20%
2026-03-04 03:47:49,507 - INFO - [Valid] [34/90] | Loss: 0.4221 | Val Acc: 86.14%
2026-03-04 03:47:49,525 - INFO - [Metrics for 'abnormal'] | Precision: 0.8313 | Recall: 0.8790 | F1: 0.8545
2026-03-04 03:47:49,525 - INFO - [Metrics for 'normal'] | Precision: 0.8902 | Recall: 0.8462 | F1: 0.8676
2026-03-04 03:47:49,550 - INFO - [Best Model Saved] (val loss: 0.4221) -> 'log/Sewer_TAPNEW/main_20260304_034051_grid7_patch1_layer6_head4/best_model.pth'
2026-03-04 03:47:49,550 - INFO - --------------------------------------------------
2026-03-04 03:47:49,550 - INFO - [LR]    [35/90] | Learning Rate: 0.000719
2026-03-04 03:47:59,343 - INFO - [Train] [35/90] | Loss: 0.3835 | Train Acc: 87.57%
2026-03-04 03:48:02,160 - INFO - [Valid] [35/90] | Loss: 0.4507 | Val Acc: 83.78%
2026-03-04 03:48:02,178 - INFO - [Metrics for 'abnormal'] | Precision: 0.7898 | Recall: 0.8854 | F1: 0.8348
2026-03-04 03:48:02,178 - INFO - [Metrics for 'normal'] | Precision: 0.8896 | Recall: 0.7967 | F1: 0.8406
2026-03-04 03:48:02,179 - INFO - --------------------------------------------------
2026-03-04 03:48:02,179 - INFO - [LR]    [36/90] | Learning Rate: 0.000704
2026-03-04 03:48:11,470 - INFO - [Train] [36/90] | Loss: 0.3761 | Train Acc: 88.84%
2026-03-04 03:48:14,467 - INFO - [Valid] [36/90] | Loss: 0.5285 | Val Acc: 82.60%
2026-03-04 03:48:14,486 - INFO - [Metrics for 'abnormal'] | Precision: 0.7450 | Recall: 0.9490 | F1: 0.8347
2026-03-04 03:48:14,486 - INFO - [Metrics for 'normal'] | Precision: 0.9424 | Recall: 0.7198 | F1: 0.8162
2026-03-04 03:48:14,486 - INFO - --------------------------------------------------
2026-03-04 03:48:14,487 - INFO - [LR]    [37/90] | Learning Rate: 0.000689
2026-03-04 03:48:23,976 - INFO - [Train] [37/90] | Loss: 0.3690 | Train Acc: 89.14%
2026-03-04 03:48:26,975 - INFO - [Valid] [37/90] | Loss: 0.4583 | Val Acc: 82.01%
2026-03-04 03:48:26,992 - INFO - [Metrics for 'abnormal'] | Precision: 0.7424 | Recall: 0.9363 | F1: 0.8282
2026-03-04 03:48:26,992 - INFO - [Metrics for 'normal'] | Precision: 0.9291 | Recall: 0.7198 | F1: 0.8111
2026-03-04 03:48:26,993 - INFO - --------------------------------------------------
2026-03-04 03:48:26,993 - INFO - [LR]    [38/90] | Learning Rate: 0.000674
2026-03-04 03:48:36,648 - INFO - [Train] [38/90] | Loss: 0.3685 | Train Acc: 88.47%
2026-03-04 03:48:39,685 - INFO - [Valid] [38/90] | Loss: 0.4826 | Val Acc: 81.42%
2026-03-04 03:48:39,702 - INFO - [Metrics for 'abnormal'] | Precision: 0.7423 | Recall: 0.9172 | F1: 0.8205
2026-03-04 03:48:39,703 - INFO - [Metrics for 'normal'] | Precision: 0.9103 | Recall: 0.7253 | F1: 0.8073
2026-03-04 03:48:39,703 - INFO - --------------------------------------------------
2026-03-04 03:48:39,703 - INFO - [LR]    [39/90] | Learning Rate: 0.000659
2026-03-04 03:48:49,166 - INFO - [Train] [39/90] | Loss: 0.3676 | Train Acc: 88.99%
2026-03-04 03:48:52,190 - INFO - [Valid] [39/90] | Loss: 0.4546 | Val Acc: 84.37%
2026-03-04 03:48:52,210 - INFO - [Metrics for 'abnormal'] | Precision: 0.8250 | Recall: 0.8408 | F1: 0.8328
2026-03-04 03:48:52,211 - INFO - [Metrics for 'normal'] | Precision: 0.8603 | Recall: 0.8462 | F1: 0.8532
2026-03-04 03:48:52,211 - INFO - --------------------------------------------------
2026-03-04 03:48:52,211 - INFO - [LR]    [40/90] | Learning Rate: 0.000644
2026-03-04 03:49:01,515 - INFO - [Train] [40/90] | Loss: 0.3623 | Train Acc: 89.51%
2026-03-04 03:49:04,562 - INFO - [Valid] [40/90] | Loss: 0.5268 | Val Acc: 76.40%
2026-03-04 03:49:04,580 - INFO - [Metrics for 'abnormal'] | Precision: 0.8130 | Recall: 0.6369 | F1: 0.7143
2026-03-04 03:49:04,580 - INFO - [Metrics for 'normal'] | Precision: 0.7361 | Recall: 0.8736 | F1: 0.7990
2026-03-04 03:49:04,581 - INFO - --------------------------------------------------
2026-03-04 03:49:04,581 - INFO - [LR]    [41/90] | Learning Rate: 0.000628
2026-03-04 03:49:14,006 - INFO - [Train] [41/90] | Loss: 0.3596 | Train Acc: 89.81%
2026-03-04 03:49:16,994 - INFO - [Valid] [41/90] | Loss: 0.4842 | Val Acc: 81.71%
2026-03-04 03:49:17,013 - INFO - [Metrics for 'abnormal'] | Precision: 0.7684 | Recall: 0.8662 | F1: 0.8144
2026-03-04 03:49:17,013 - INFO - [Metrics for 'normal'] | Precision: 0.8704 | Recall: 0.7747 | F1: 0.8198
2026-03-04 03:49:17,013 - INFO - --------------------------------------------------
2026-03-04 03:49:17,013 - INFO - [LR]    [42/90] | Learning Rate: 0.000613
2026-03-04 03:49:26,206 - INFO - [Train] [42/90] | Loss: 0.3446 | Train Acc: 91.07%
2026-03-04 03:49:29,061 - INFO - [Valid] [42/90] | Loss: 0.4504 | Val Acc: 83.78%
2026-03-04 03:49:29,082 - INFO - [Metrics for 'abnormal'] | Precision: 0.8696 | Recall: 0.7643 | F1: 0.8136
2026-03-04 03:49:29,082 - INFO - [Metrics for 'normal'] | Precision: 0.8159 | Recall: 0.9011 | F1: 0.8564
2026-03-04 03:49:29,083 - INFO - --------------------------------------------------
2026-03-04 03:49:29,083 - INFO - [LR]    [43/90] | Learning Rate: 0.000597
2026-03-04 03:49:38,804 - INFO - [Train] [43/90] | Loss: 0.3634 | Train Acc: 89.58%
2026-03-04 03:49:41,777 - INFO - [Valid] [43/90] | Loss: 0.4524 | Val Acc: 83.48%
2026-03-04 03:49:41,795 - INFO - [Metrics for 'abnormal'] | Precision: 0.8344 | Recall: 0.8025 | F1: 0.8182
2026-03-04 03:49:41,795 - INFO - [Metrics for 'normal'] | Precision: 0.8351 | Recall: 0.8626 | F1: 0.8486
2026-03-04 03:49:41,796 - INFO - --------------------------------------------------
2026-03-04 03:49:41,796 - INFO - [LR]    [44/90] | Learning Rate: 0.000581
2026-03-04 03:49:51,097 - INFO - [Train] [44/90] | Loss: 0.3497 | Train Acc: 90.18%
2026-03-04 03:49:54,141 - INFO - [Valid] [44/90] | Loss: 0.4815 | Val Acc: 82.30%
2026-03-04 03:49:54,158 - INFO - [Metrics for 'abnormal'] | Precision: 0.7939 | Recall: 0.8344 | F1: 0.8137
2026-03-04 03:49:54,159 - INFO - [Metrics for 'normal'] | Precision: 0.8506 | Recall: 0.8132 | F1: 0.8315
2026-03-04 03:49:54,159 - INFO - --------------------------------------------------
2026-03-04 03:49:54,159 - INFO - [LR]    [45/90] | Learning Rate: 0.000566
2026-03-04 03:50:03,863 - INFO - [Train] [45/90] | Loss: 0.3472 | Train Acc: 90.40%
2026-03-04 03:50:06,899 - INFO - [Valid] [45/90] | Loss: 0.4606 | Val Acc: 83.19%
2026-03-04 03:50:06,917 - INFO - [Metrics for 'abnormal'] | Precision: 0.7907 | Recall: 0.8662 | F1: 0.8267
2026-03-04 03:50:06,917 - INFO - [Metrics for 'normal'] | Precision: 0.8743 | Recall: 0.8022 | F1: 0.8367
2026-03-04 03:50:06,917 - INFO - --------------------------------------------------
2026-03-04 03:50:06,917 - INFO - [LR]    [46/90] | Learning Rate: 0.000550
2026-03-04 03:50:16,281 - INFO - [Train] [46/90] | Loss: 0.3428 | Train Acc: 90.55%
2026-03-04 03:50:19,286 - INFO - [Valid] [46/90] | Loss: 0.4752 | Val Acc: 81.42%
2026-03-04 03:50:19,303 - INFO - [Metrics for 'abnormal'] | Precision: 0.7798 | Recall: 0.8344 | F1: 0.8062
2026-03-04 03:50:19,304 - INFO - [Metrics for 'normal'] | Precision: 0.8480 | Recall: 0.7967 | F1: 0.8215
2026-03-04 03:50:19,304 - INFO - --------------------------------------------------
2026-03-04 03:50:19,304 - INFO - [LR]    [47/90] | Learning Rate: 0.000534
2026-03-04 03:50:28,579 - INFO - [Train] [47/90] | Loss: 0.3240 | Train Acc: 92.19%
2026-03-04 03:50:31,582 - INFO - [Valid] [47/90] | Loss: 0.4642 | Val Acc: 83.19%
2026-03-04 03:50:31,600 - INFO - [Metrics for 'abnormal'] | Precision: 0.8086 | Recall: 0.8344 | F1: 0.8213
2026-03-04 03:50:31,601 - INFO - [Metrics for 'normal'] | Precision: 0.8531 | Recall: 0.8297 | F1: 0.8412
2026-03-04 03:50:31,601 - INFO - --------------------------------------------------
2026-03-04 03:50:31,601 - INFO - [LR]    [48/90] | Learning Rate: 0.000519
2026-03-04 03:50:40,956 - INFO - [Train] [48/90] | Loss: 0.3321 | Train Acc: 92.04%
2026-03-04 03:50:44,018 - INFO - [Valid] [48/90] | Loss: 0.4752 | Val Acc: 83.48%
2026-03-04 03:50:44,035 - INFO - [Metrics for 'abnormal'] | Precision: 0.8024 | Recall: 0.8535 | F1: 0.8272
2026-03-04 03:50:44,036 - INFO - [Metrics for 'normal'] | Precision: 0.8663 | Recall: 0.8187 | F1: 0.8418
2026-03-04 03:50:44,036 - INFO - --------------------------------------------------
2026-03-04 03:50:44,036 - INFO - [LR]    [49/90] | Learning Rate: 0.000503
2026-03-04 03:50:53,187 - INFO - [Train] [49/90] | Loss: 0.3397 | Train Acc: 91.52%
2026-03-04 03:50:56,185 - INFO - [Valid] [49/90] | Loss: 0.4596 | Val Acc: 84.66%
2026-03-04 03:50:56,203 - INFO - [Metrics for 'abnormal'] | Precision: 0.8107 | Recall: 0.8726 | F1: 0.8405
2026-03-04 03:50:56,204 - INFO - [Metrics for 'normal'] | Precision: 0.8824 | Recall: 0.8242 | F1: 0.8523
2026-03-04 03:50:56,204 - INFO - --------------------------------------------------
2026-03-04 03:50:56,204 - INFO - [LR]    [50/90] | Learning Rate: 0.000487
2026-03-04 03:51:05,386 - INFO - [Train] [50/90] | Loss: 0.3264 | Train Acc: 92.26%
2026-03-04 03:51:08,459 - INFO - [Valid] [50/90] | Loss: 0.4653 | Val Acc: 81.42%
2026-03-04 03:51:08,476 - INFO - [Metrics for 'abnormal'] | Precision: 0.7733 | Recall: 0.8471 | F1: 0.8085
2026-03-04 03:51:08,476 - INFO - [Metrics for 'normal'] | Precision: 0.8563 | Recall: 0.7857 | F1: 0.8195
2026-03-04 03:51:08,477 - INFO - --------------------------------------------------
2026-03-04 03:51:08,477 - INFO - [LR]    [51/90] | Learning Rate: 0.000472
2026-03-04 03:51:17,591 - INFO - [Train] [51/90] | Loss: 0.3340 | Train Acc: 90.85%
2026-03-04 03:51:20,580 - INFO - [Valid] [51/90] | Loss: 0.4617 | Val Acc: 83.78%
2026-03-04 03:51:20,598 - INFO - [Metrics for 'abnormal'] | Precision: 0.8187 | Recall: 0.8344 | F1: 0.8265
2026-03-04 03:51:20,598 - INFO - [Metrics for 'normal'] | Precision: 0.8547 | Recall: 0.8407 | F1: 0.8476
2026-03-04 03:51:20,598 - INFO - --------------------------------------------------
2026-03-04 03:51:20,598 - INFO - [LR]    [52/90] | Learning Rate: 0.000456
2026-03-04 03:51:30,033 - INFO - [Train] [52/90] | Loss: 0.3247 | Train Acc: 92.04%
2026-03-04 03:51:33,090 - INFO - [Valid] [52/90] | Loss: 0.4795 | Val Acc: 82.89%
2026-03-04 03:51:33,107 - INFO - [Metrics for 'abnormal'] | Precision: 0.7895 | Recall: 0.8599 | F1: 0.8232
2026-03-04 03:51:33,108 - INFO - [Metrics for 'normal'] | Precision: 0.8690 | Recall: 0.8022 | F1: 0.8343
2026-03-04 03:51:33,108 - INFO - --------------------------------------------------
2026-03-04 03:51:33,108 - INFO - [LR]    [53/90] | Learning Rate: 0.000441
2026-03-04 03:51:42,251 - INFO - [Train] [53/90] | Loss: 0.3197 | Train Acc: 92.63%
2026-03-04 03:51:45,301 - INFO - [Valid] [53/90] | Loss: 0.5228 | Val Acc: 80.53%
2026-03-04 03:51:45,318 - INFO - [Metrics for 'abnormal'] | Precision: 0.7241 | Recall: 0.9363 | F1: 0.8167
2026-03-04 03:51:45,319 - INFO - [Metrics for 'normal'] | Precision: 0.9265 | Recall: 0.6923 | F1: 0.7925
2026-03-04 03:51:45,319 - INFO - --------------------------------------------------
2026-03-04 03:51:45,319 - INFO - [LR]    [54/90] | Learning Rate: 0.000426
2026-03-04 03:51:54,769 - INFO - [Train] [54/90] | Loss: 0.3181 | Train Acc: 92.86%
2026-03-04 03:51:57,734 - INFO - [Valid] [54/90] | Loss: 0.4879 | Val Acc: 82.89%
2026-03-04 03:51:57,752 - INFO - [Metrics for 'abnormal'] | Precision: 0.8235 | Recall: 0.8025 | F1: 0.8129
2026-03-04 03:51:57,753 - INFO - [Metrics for 'normal'] | Precision: 0.8333 | Recall: 0.8516 | F1: 0.8424
2026-03-04 03:51:57,753 - INFO - --------------------------------------------------
2026-03-04 03:51:57,753 - INFO - [LR]    [55/90] | Learning Rate: 0.000411
2026-03-04 03:52:07,623 - INFO - [Train] [55/90] | Loss: 0.3128 | Train Acc: 93.08%
2026-03-04 03:52:10,611 - INFO - [Valid] [55/90] | Loss: 0.4572 | Val Acc: 83.19%
2026-03-04 03:52:10,629 - INFO - [Metrics for 'abnormal'] | Precision: 0.7874 | Recall: 0.8726 | F1: 0.8278
2026-03-04 03:52:10,630 - INFO - [Metrics for 'normal'] | Precision: 0.8788 | Recall: 0.7967 | F1: 0.8357
2026-03-04 03:52:10,630 - INFO - --------------------------------------------------
2026-03-04 03:52:10,630 - INFO - [LR]    [56/90] | Learning Rate: 0.000396
2026-03-04 03:52:20,332 - INFO - [Train] [56/90] | Loss: 0.3145 | Train Acc: 92.93%
2026-03-04 03:52:23,269 - INFO - [Valid] [56/90] | Loss: 0.4693 | Val Acc: 82.30%
2026-03-04 03:52:23,286 - INFO - [Metrics for 'abnormal'] | Precision: 0.8089 | Recall: 0.8089 | F1: 0.8089
2026-03-04 03:52:23,287 - INFO - [Metrics for 'normal'] | Precision: 0.8352 | Recall: 0.8352 | F1: 0.8352
2026-03-04 03:52:23,287 - INFO - --------------------------------------------------
2026-03-04 03:52:23,287 - INFO - [LR]    [57/90] | Learning Rate: 0.000381
2026-03-04 03:52:32,511 - INFO - [Train] [57/90] | Loss: 0.3060 | Train Acc: 93.45%
2026-03-04 03:52:35,552 - INFO - [Valid] [57/90] | Loss: 0.4541 | Val Acc: 84.37%
2026-03-04 03:52:35,570 - INFO - [Metrics for 'abnormal'] | Precision: 0.8210 | Recall: 0.8471 | F1: 0.8339
2026-03-04 03:52:35,571 - INFO - [Metrics for 'normal'] | Precision: 0.8644 | Recall: 0.8407 | F1: 0.8524
2026-03-04 03:52:35,571 - INFO - --------------------------------------------------
2026-03-04 03:52:35,571 - INFO - [LR]    [58/90] | Learning Rate: 0.000367
2026-03-04 03:52:44,987 - INFO - [Train] [58/90] | Loss: 0.3055 | Train Acc: 93.45%
2026-03-04 03:52:47,967 - INFO - [Valid] [58/90] | Loss: 0.4774 | Val Acc: 83.78%
2026-03-04 03:52:47,984 - INFO - [Metrics for 'abnormal'] | Precision: 0.8072 | Recall: 0.8535 | F1: 0.8297
2026-03-04 03:52:47,984 - INFO - [Metrics for 'normal'] | Precision: 0.8671 | Recall: 0.8242 | F1: 0.8451
2026-03-04 03:52:47,985 - INFO - --------------------------------------------------
2026-03-04 03:52:47,985 - INFO - [LR]    [59/90] | Learning Rate: 0.000353
2026-03-04 03:52:57,379 - INFO - [Train] [59/90] | Loss: 0.3076 | Train Acc: 93.15%
2026-03-04 03:53:00,433 - INFO - [Valid] [59/90] | Loss: 0.4639 | Val Acc: 83.78%
2026-03-04 03:53:00,459 - INFO - [Metrics for 'abnormal'] | Precision: 0.8228 | Recall: 0.8280 | F1: 0.8254
2026-03-04 03:53:00,460 - INFO - [Metrics for 'normal'] | Precision: 0.8508 | Recall: 0.8462 | F1: 0.8485
2026-03-04 03:53:00,460 - INFO - --------------------------------------------------
2026-03-04 03:53:00,460 - INFO - [LR]    [60/90] | Learning Rate: 0.000339
2026-03-04 03:53:10,058 - INFO - [Train] [60/90] | Loss: 0.2905 | Train Acc: 94.87%
2026-03-04 03:53:12,983 - INFO - [Valid] [60/90] | Loss: 0.4989 | Val Acc: 83.48%
2026-03-04 03:53:13,000 - INFO - [Metrics for 'abnormal'] | Precision: 0.7821 | Recall: 0.8917 | F1: 0.8333
2026-03-04 03:53:13,001 - INFO - [Metrics for 'normal'] | Precision: 0.8938 | Recall: 0.7857 | F1: 0.8363
2026-03-04 03:53:13,001 - INFO - --------------------------------------------------
2026-03-04 03:53:13,001 - INFO - [LR]    [61/90] | Learning Rate: 0.000325
2026-03-04 03:53:22,620 - INFO - [Train] [61/90] | Loss: 0.3064 | Train Acc: 93.23%
2026-03-04 03:53:25,384 - INFO - [Valid] [61/90] | Loss: 0.4883 | Val Acc: 82.60%
2026-03-04 03:53:25,401 - INFO - [Metrics for 'abnormal'] | Precision: 0.8141 | Recall: 0.8089 | F1: 0.8115
2026-03-04 03:53:25,401 - INFO - [Metrics for 'normal'] | Precision: 0.8361 | Recall: 0.8407 | F1: 0.8384
2026-03-04 03:53:25,402 - INFO - --------------------------------------------------
2026-03-04 03:53:25,402 - INFO - [LR]    [62/90] | Learning Rate: 0.000312
2026-03-04 03:53:34,834 - INFO - [Train] [62/90] | Loss: 0.3028 | Train Acc: 93.75%
2026-03-04 03:53:37,905 - INFO - [Valid] [62/90] | Loss: 0.5045 | Val Acc: 81.12%
2026-03-04 03:53:37,923 - INFO - [Metrics for 'abnormal'] | Precision: 0.8039 | Recall: 0.7834 | F1: 0.7935
2026-03-04 03:53:37,923 - INFO - [Metrics for 'normal'] | Precision: 0.8172 | Recall: 0.8352 | F1: 0.8261
2026-03-04 03:53:37,924 - INFO - --------------------------------------------------
2026-03-04 03:53:37,924 - INFO - [LR]    [63/90] | Learning Rate: 0.000298
2026-03-04 03:53:47,372 - INFO - [Train] [63/90] | Loss: 0.3079 | Train Acc: 93.45%
2026-03-04 03:53:50,129 - INFO - [Valid] [63/90] | Loss: 0.5265 | Val Acc: 81.71%
2026-03-04 03:53:50,147 - INFO - [Metrics for 'abnormal'] | Precision: 0.8146 | Recall: 0.7834 | F1: 0.7987
2026-03-04 03:53:50,147 - INFO - [Metrics for 'normal'] | Precision: 0.8191 | Recall: 0.8462 | F1: 0.8324
2026-03-04 03:53:50,147 - INFO - --------------------------------------------------
2026-03-04 03:53:50,148 - INFO - [LR]    [64/90] | Learning Rate: 0.000285
2026-03-04 03:53:59,587 - INFO - [Train] [64/90] | Loss: 0.3053 | Train Acc: 93.38%
2026-03-04 03:54:02,586 - INFO - [Valid] [64/90] | Loss: 0.4853 | Val Acc: 83.78%
2026-03-04 03:54:02,614 - INFO - [Metrics for 'abnormal'] | Precision: 0.8000 | Recall: 0.8662 | F1: 0.8318
2026-03-04 03:54:02,614 - INFO - [Metrics for 'normal'] | Precision: 0.8757 | Recall: 0.8132 | F1: 0.8433
2026-03-04 03:54:02,614 - INFO - --------------------------------------------------
2026-03-04 03:54:02,615 - INFO - [LR]    [65/90] | Learning Rate: 0.000273
2026-03-04 03:54:11,933 - INFO - [Train] [65/90] | Loss: 0.2966 | Train Acc: 93.75%
2026-03-04 03:54:14,935 - INFO - [Valid] [65/90] | Loss: 0.4940 | Val Acc: 83.78%
2026-03-04 03:54:14,953 - INFO - [Metrics for 'abnormal'] | Precision: 0.8072 | Recall: 0.8535 | F1: 0.8297
2026-03-04 03:54:14,953 - INFO - [Metrics for 'normal'] | Precision: 0.8671 | Recall: 0.8242 | F1: 0.8451
2026-03-04 03:54:14,953 - INFO - --------------------------------------------------
2026-03-04 03:54:14,953 - INFO - [LR]    [66/90] | Learning Rate: 0.000261
2026-03-04 03:54:24,433 - INFO - [Train] [66/90] | Loss: 0.2904 | Train Acc: 94.20%
2026-03-04 03:54:27,515 - INFO - [Valid] [66/90] | Loss: 0.4866 | Val Acc: 83.78%
2026-03-04 03:54:27,532 - INFO - [Metrics for 'abnormal'] | Precision: 0.8000 | Recall: 0.8662 | F1: 0.8318
2026-03-04 03:54:27,532 - INFO - [Metrics for 'normal'] | Precision: 0.8757 | Recall: 0.8132 | F1: 0.8433
2026-03-04 03:54:27,533 - INFO - --------------------------------------------------
2026-03-04 03:54:27,533 - INFO - [LR]    [67/90] | Learning Rate: 0.000249
2026-03-04 03:54:36,839 - INFO - [Train] [67/90] | Loss: 0.2976 | Train Acc: 93.60%
2026-03-04 03:54:39,696 - INFO - [Valid] [67/90] | Loss: 0.5322 | Val Acc: 82.30%
2026-03-04 03:54:39,723 - INFO - [Metrics for 'abnormal'] | Precision: 0.7904 | Recall: 0.8408 | F1: 0.8148
2026-03-04 03:54:39,723 - INFO - [Metrics for 'normal'] | Precision: 0.8547 | Recall: 0.8077 | F1: 0.8305
2026-03-04 03:54:39,724 - INFO - --------------------------------------------------
2026-03-04 03:54:39,724 - INFO - [LR]    [68/90] | Learning Rate: 0.000237
2026-03-04 03:54:49,252 - INFO - [Train] [68/90] | Loss: 0.2844 | Train Acc: 94.72%
2026-03-04 03:54:52,232 - INFO - [Valid] [68/90] | Loss: 0.5339 | Val Acc: 82.60%
2026-03-04 03:54:52,249 - INFO - [Metrics for 'abnormal'] | Precision: 0.8141 | Recall: 0.8089 | F1: 0.8115
2026-03-04 03:54:52,249 - INFO - [Metrics for 'normal'] | Precision: 0.8361 | Recall: 0.8407 | F1: 0.8384
2026-03-04 03:54:52,250 - INFO - --------------------------------------------------
2026-03-04 03:54:52,250 - INFO - [LR]    [69/90] | Learning Rate: 0.000226
2026-03-04 03:55:01,547 - INFO - [Train] [69/90] | Loss: 0.2787 | Train Acc: 94.35%
2026-03-04 03:55:04,461 - INFO - [Valid] [69/90] | Loss: 0.5378 | Val Acc: 81.71%
2026-03-04 03:55:04,478 - INFO - [Metrics for 'abnormal'] | Precision: 0.8065 | Recall: 0.7962 | F1: 0.8013
2026-03-04 03:55:04,479 - INFO - [Metrics for 'normal'] | Precision: 0.8261 | Recall: 0.8352 | F1: 0.8306
2026-03-04 03:55:04,479 - INFO - --------------------------------------------------
2026-03-04 03:55:04,479 - INFO - [LR]    [70/90] | Learning Rate: 0.000216
2026-03-04 03:55:14,132 - INFO - [Train] [70/90] | Loss: 0.2765 | Train Acc: 95.24%
2026-03-04 03:55:17,197 - INFO - [Valid] [70/90] | Loss: 0.5071 | Val Acc: 83.19%
2026-03-04 03:55:17,217 - INFO - [Metrics for 'abnormal'] | Precision: 0.8012 | Recall: 0.8471 | F1: 0.8235
2026-03-04 03:55:17,217 - INFO - [Metrics for 'normal'] | Precision: 0.8613 | Recall: 0.8187 | F1: 0.8394
2026-03-04 03:55:17,218 - INFO - --------------------------------------------------
2026-03-04 03:55:17,218 - INFO - [LR]    [71/90] | Learning Rate: 0.000205
2026-03-04 03:55:26,502 - INFO - [Train] [71/90] | Loss: 0.2764 | Train Acc: 94.64%
2026-03-04 03:55:29,413 - INFO - [Valid] [71/90] | Loss: 0.5373 | Val Acc: 82.60%
2026-03-04 03:55:29,430 - INFO - [Metrics for 'abnormal'] | Precision: 0.8063 | Recall: 0.8217 | F1: 0.8139
2026-03-04 03:55:29,431 - INFO - [Metrics for 'normal'] | Precision: 0.8436 | Recall: 0.8297 | F1: 0.8366
2026-03-04 03:55:29,431 - INFO - --------------------------------------------------
2026-03-04 03:55:29,431 - INFO - [LR]    [72/90] | Learning Rate: 0.000195
2026-03-04 03:55:38,724 - INFO - [Train] [72/90] | Loss: 0.2845 | Train Acc: 95.24%
2026-03-04 03:55:41,721 - INFO - [Valid] [72/90] | Loss: 0.5180 | Val Acc: 82.60%
2026-03-04 03:55:41,738 - INFO - [Metrics for 'abnormal'] | Precision: 0.7988 | Recall: 0.8344 | F1: 0.8162
2026-03-04 03:55:41,739 - INFO - [Metrics for 'normal'] | Precision: 0.8514 | Recall: 0.8187 | F1: 0.8347
2026-03-04 03:55:41,739 - INFO - --------------------------------------------------
2026-03-04 03:55:41,739 - INFO - [LR]    [73/90] | Learning Rate: 0.000186
2026-03-04 03:55:51,342 - INFO - [Train] [73/90] | Loss: 0.2728 | Train Acc: 95.24%
2026-03-04 03:55:54,400 - INFO - [Valid] [73/90] | Loss: 0.5183 | Val Acc: 84.66%
2026-03-04 03:55:54,418 - INFO - [Metrics for 'abnormal'] | Precision: 0.8221 | Recall: 0.8535 | F1: 0.8375
2026-03-04 03:55:54,418 - INFO - [Metrics for 'normal'] | Precision: 0.8693 | Recall: 0.8407 | F1: 0.8547
2026-03-04 03:55:54,419 - INFO - --------------------------------------------------
2026-03-04 03:55:54,419 - INFO - [LR]    [74/90] | Learning Rate: 0.000177
2026-03-04 03:56:03,747 - INFO - [Train] [74/90] | Loss: 0.2797 | Train Acc: 95.31%
2026-03-04 03:56:06,767 - INFO - [Valid] [74/90] | Loss: 0.5554 | Val Acc: 82.30%
2026-03-04 03:56:06,784 - INFO - [Metrics for 'abnormal'] | Precision: 0.8012 | Recall: 0.8217 | F1: 0.8113
2026-03-04 03:56:06,784 - INFO - [Metrics for 'normal'] | Precision: 0.8427 | Recall: 0.8242 | F1: 0.8333
2026-03-04 03:56:06,785 - INFO - --------------------------------------------------
2026-03-04 03:56:06,785 - INFO - [LR]    [75/90] | Learning Rate: 0.000168
2026-03-04 03:56:16,221 - INFO - [Train] [75/90] | Loss: 0.2790 | Train Acc: 94.94%
2026-03-04 03:56:19,032 - INFO - [Valid] [75/90] | Loss: 0.5486 | Val Acc: 82.89%
2026-03-04 03:56:19,049 - INFO - [Metrics for 'abnormal'] | Precision: 0.8153 | Recall: 0.8153 | F1: 0.8153
2026-03-04 03:56:19,049 - INFO - [Metrics for 'normal'] | Precision: 0.8407 | Recall: 0.8407 | F1: 0.8407
2026-03-04 03:56:19,050 - INFO - --------------------------------------------------
2026-03-04 03:56:19,050 - INFO - [LR]    [76/90] | Learning Rate: 0.000160
2026-03-04 03:56:28,423 - INFO - [Train] [76/90] | Loss: 0.2682 | Train Acc: 95.98%
2026-03-04 03:56:31,420 - INFO - [Valid] [76/90] | Loss: 0.5493 | Val Acc: 82.89%
2026-03-04 03:56:31,438 - INFO - [Metrics for 'abnormal'] | Precision: 0.8194 | Recall: 0.8089 | F1: 0.8141
2026-03-04 03:56:31,438 - INFO - [Metrics for 'normal'] | Precision: 0.8370 | Recall: 0.8462 | F1: 0.8415
2026-03-04 03:56:31,439 - INFO - --------------------------------------------------
2026-03-04 03:56:31,439 - INFO - [LR]    [77/90] | Learning Rate: 0.000153
2026-03-04 03:56:40,658 - INFO - [Train] [77/90] | Loss: 0.2622 | Train Acc: 96.35%
2026-03-04 03:56:43,702 - INFO - [Valid] [77/90] | Loss: 0.5825 | Val Acc: 81.71%
2026-03-04 03:56:43,719 - INFO - [Metrics for 'abnormal'] | Precision: 0.7914 | Recall: 0.8217 | F1: 0.8063
2026-03-04 03:56:43,720 - INFO - [Metrics for 'normal'] | Precision: 0.8409 | Recall: 0.8132 | F1: 0.8268
2026-03-04 03:56:43,720 - INFO - --------------------------------------------------
2026-03-04 03:56:43,720 - INFO - [LR]    [78/90] | Learning Rate: 0.000146
2026-03-04 03:56:53,712 - INFO - [Train] [78/90] | Loss: 0.2655 | Train Acc: 95.91%
2026-03-04 03:56:56,710 - INFO - [Valid] [78/90] | Loss: 0.5476 | Val Acc: 82.60%
2026-03-04 03:56:56,729 - INFO - [Metrics for 'abnormal'] | Precision: 0.8141 | Recall: 0.8089 | F1: 0.8115
2026-03-04 03:56:56,729 - INFO - [Metrics for 'normal'] | Precision: 0.8361 | Recall: 0.8407 | F1: 0.8384
2026-03-04 03:56:56,730 - INFO - --------------------------------------------------
2026-03-04 03:56:56,730 - INFO - [LR]    [79/90] | Learning Rate: 0.000139
2026-03-04 03:57:06,100 - INFO - [Train] [79/90] | Loss: 0.2730 | Train Acc: 95.76%
2026-03-04 03:57:09,064 - INFO - [Valid] [79/90] | Loss: 0.5372 | Val Acc: 84.37%
2026-03-04 03:57:09,082 - INFO - [Metrics for 'abnormal'] | Precision: 0.8291 | Recall: 0.8344 | F1: 0.8317
2026-03-04 03:57:09,082 - INFO - [Metrics for 'normal'] | Precision: 0.8564 | Recall: 0.8516 | F1: 0.8540
2026-03-04 03:57:09,082 - INFO - --------------------------------------------------
2026-03-04 03:57:09,082 - INFO - [LR]    [80/90] | Learning Rate: 0.000133
2026-03-04 03:57:18,592 - INFO - [Train] [80/90] | Loss: 0.2670 | Train Acc: 95.91%
2026-03-04 03:57:21,556 - INFO - [Valid] [80/90] | Loss: 0.5385 | Val Acc: 84.07%
2026-03-04 03:57:21,573 - INFO - [Metrics for 'abnormal'] | Precision: 0.8160 | Recall: 0.8471 | F1: 0.8313
2026-03-04 03:57:21,574 - INFO - [Metrics for 'normal'] | Precision: 0.8636 | Recall: 0.8352 | F1: 0.8492
2026-03-04 03:57:21,574 - INFO - --------------------------------------------------
2026-03-04 03:57:21,574 - INFO - [LR]    [81/90] | Learning Rate: 0.000127
2026-03-04 03:57:31,058 - INFO - [Train] [81/90] | Loss: 0.2658 | Train Acc: 96.13%
2026-03-04 03:57:34,037 - INFO - [Valid] [81/90] | Loss: 0.5317 | Val Acc: 84.37%
2026-03-04 03:57:34,063 - INFO - [Metrics for 'abnormal'] | Precision: 0.8059 | Recall: 0.8726 | F1: 0.8379
2026-03-04 03:57:34,063 - INFO - [Metrics for 'normal'] | Precision: 0.8817 | Recall: 0.8187 | F1: 0.8490
2026-03-04 03:57:34,064 - INFO - --------------------------------------------------
2026-03-04 03:57:34,064 - INFO - [LR]    [82/90] | Learning Rate: 0.000122
2026-03-04 03:57:43,403 - INFO - [Train] [82/90] | Loss: 0.2670 | Train Acc: 95.61%
2026-03-04 03:57:46,325 - INFO - [Valid] [82/90] | Loss: 0.5503 | Val Acc: 82.89%
2026-03-04 03:57:46,342 - INFO - [Metrics for 'abnormal'] | Precision: 0.8075 | Recall: 0.8280 | F1: 0.8176
2026-03-04 03:57:46,343 - INFO - [Metrics for 'normal'] | Precision: 0.8483 | Recall: 0.8297 | F1: 0.8389
2026-03-04 03:57:46,343 - INFO - --------------------------------------------------
2026-03-04 03:57:46,343 - INFO - [LR]    [83/90] | Learning Rate: 0.000117
2026-03-04 03:57:55,656 - INFO - [Train] [83/90] | Loss: 0.2581 | Train Acc: 96.50%
2026-03-04 03:57:58,579 - INFO - [Valid] [83/90] | Loss: 0.5457 | Val Acc: 83.19%
2026-03-04 03:57:58,596 - INFO - [Metrics for 'abnormal'] | Precision: 0.8205 | Recall: 0.8153 | F1: 0.8179
2026-03-04 03:57:58,597 - INFO - [Metrics for 'normal'] | Precision: 0.8415 | Recall: 0.8462 | F1: 0.8438
2026-03-04 03:57:58,597 - INFO - --------------------------------------------------
2026-03-04 03:57:58,597 - INFO - [LR]    [84/90] | Learning Rate: 0.000113
2026-03-04 03:58:08,594 - INFO - [Train] [84/90] | Loss: 0.2684 | Train Acc: 95.76%
2026-03-04 03:58:11,568 - INFO - [Valid] [84/90] | Loss: 0.5269 | Val Acc: 84.66%
2026-03-04 03:58:11,586 - INFO - [Metrics for 'abnormal'] | Precision: 0.8387 | Recall: 0.8280 | F1: 0.8333
2026-03-04 03:58:11,586 - INFO - [Metrics for 'normal'] | Precision: 0.8533 | Recall: 0.8626 | F1: 0.8579
2026-03-04 03:58:11,586 - INFO - --------------------------------------------------
2026-03-04 03:58:11,586 - INFO - [LR]    [85/90] | Learning Rate: 0.000110
2026-03-04 03:58:20,865 - INFO - [Train] [85/90] | Loss: 0.2620 | Train Acc: 96.13%
2026-03-04 03:58:23,671 - INFO - [Valid] [85/90] | Loss: 0.5632 | Val Acc: 83.19%
2026-03-04 03:58:23,689 - INFO - [Metrics for 'abnormal'] | Precision: 0.8289 | Recall: 0.8025 | F1: 0.8155
2026-03-04 03:58:23,689 - INFO - [Metrics for 'normal'] | Precision: 0.8342 | Recall: 0.8571 | F1: 0.8455
2026-03-04 03:58:23,689 - INFO - --------------------------------------------------
2026-03-04 03:58:23,689 - INFO - [LR]    [86/90] | Learning Rate: 0.000107
2026-03-04 03:58:32,865 - INFO - [Train] [86/90] | Loss: 0.2699 | Train Acc: 96.13%
2026-03-04 03:58:35,844 - INFO - [Valid] [86/90] | Loss: 0.5497 | Val Acc: 82.89%
2026-03-04 03:58:35,862 - INFO - [Metrics for 'abnormal'] | Precision: 0.8278 | Recall: 0.7962 | F1: 0.8117
2026-03-04 03:58:35,862 - INFO - [Metrics for 'normal'] | Precision: 0.8298 | Recall: 0.8571 | F1: 0.8432
2026-03-04 03:58:35,862 - INFO - --------------------------------------------------
2026-03-04 03:58:35,863 - INFO - [LR]    [87/90] | Learning Rate: 0.000104
2026-03-04 03:58:45,410 - INFO - [Train] [87/90] | Loss: 0.2615 | Train Acc: 95.61%
2026-03-04 03:58:48,470 - INFO - [Valid] [87/90] | Loss: 0.5490 | Val Acc: 83.78%
2026-03-04 03:58:48,488 - INFO - [Metrics for 'abnormal'] | Precision: 0.8228 | Recall: 0.8280 | F1: 0.8254
2026-03-04 03:58:48,488 - INFO - [Metrics for 'normal'] | Precision: 0.8508 | Recall: 0.8462 | F1: 0.8485
2026-03-04 03:58:48,488 - INFO - --------------------------------------------------
2026-03-04 03:58:48,488 - INFO - [LR]    [88/90] | Learning Rate: 0.000102
2026-03-04 03:58:57,612 - INFO - [Train] [88/90] | Loss: 0.2642 | Train Acc: 96.28%
2026-03-04 03:59:00,654 - INFO - [Valid] [88/90] | Loss: 0.5593 | Val Acc: 83.19%
2026-03-04 03:59:00,673 - INFO - [Metrics for 'abnormal'] | Precision: 0.8247 | Recall: 0.8089 | F1: 0.8167
2026-03-04 03:59:00,673 - INFO - [Metrics for 'normal'] | Precision: 0.8378 | Recall: 0.8516 | F1: 0.8447
2026-03-04 03:59:00,674 - INFO - --------------------------------------------------
2026-03-04 03:59:00,674 - INFO - [LR]    [89/90] | Learning Rate: 0.000101
2026-03-04 03:59:10,007 - INFO - [Train] [89/90] | Loss: 0.2694 | Train Acc: 95.91%
2026-03-04 03:59:13,018 - INFO - [Valid] [89/90] | Loss: 0.5357 | Val Acc: 83.78%
2026-03-04 03:59:13,039 - INFO - [Metrics for 'abnormal'] | Precision: 0.8072 | Recall: 0.8535 | F1: 0.8297
2026-03-04 03:59:13,039 - INFO - [Metrics for 'normal'] | Precision: 0.8671 | Recall: 0.8242 | F1: 0.8451
2026-03-04 03:59:13,039 - INFO - --------------------------------------------------
2026-03-04 03:59:13,040 - INFO - [LR]    [90/90] | Learning Rate: 0.000100
2026-03-04 03:59:22,301 - INFO - [Train] [90/90] | Loss: 0.2627 | Train Acc: 96.06%
2026-03-04 03:59:25,301 - INFO - [Valid] [90/90] | Loss: 0.5541 | Val Acc: 83.19%
2026-03-04 03:59:25,318 - INFO - [Metrics for 'abnormal'] | Precision: 0.8205 | Recall: 0.8153 | F1: 0.8179
2026-03-04 03:59:25,319 - INFO - [Metrics for 'normal'] | Precision: 0.8415 | Recall: 0.8462 | F1: 0.8438
2026-03-04 03:59:25,320 - INFO - 훈련 완료. 최고 성능 모델 'log/Sewer_TAPNEW/main_20260304_034051_grid7_patch1_layer6_head4/best_model.pth'을(를) 불러와 테스트 세트로 최종 평가합니다.
2026-03-04 03:59:25,476 - INFO - ==================================================
2026-03-04 03:59:25,477 - INFO - Test 모드를 시작합니다.
2026-03-04 03:59:25,557 - INFO - 'log/Sewer_TAPNEW/main_20260304_034051_grid7_patch1_layer6_head4/best_model.pth' 가중치 로드 완료.
2026-03-04 03:59:25,559 - INFO - FLOPs 및 MACs 측정을 시작합니다...
2026-03-04 03:59:25,668 - INFO - Model FLOPs: 0.2264 GFLOPs
2026-03-04 03:59:25,669 - INFO - Model MACs: 0.1132 GMACs
2026-03-04 03:59:30,061 - INFO - [Test] Loss: 0.3433 | Test Acc: 86.14%
2026-03-04 03:59:30,079 - INFO - [Metrics for 'abnormal'] | Precision: 0.8313 | Recall: 0.8790 | F1: 0.8545
2026-03-04 03:59:30,079 - INFO - [Metrics for 'normal'] | Precision: 0.8902 | Recall: 0.8462 | F1: 0.8676
2026-03-04 03:59:31,081 - INFO - ==================================================
2026-03-04 03:59:31,082 - INFO - 혼동 행렬 저장 완료. 'log/Sewer_TAPNEW/main_20260304_034051_grid7_patch1_layer6_head4/confusion_matrix_20260304_034051.png' and 'log/Sewer_TAPNEW/main_20260304_034051_grid7_patch1_layer6_head4/confusion_matrix_20260304_034051.pdf'
2026-03-04 03:59:31,082 - INFO - 어텐션 맵 시각화를 시작합니다 (339개 샘플, 저장 위치: 'log/Sewer_TAPNEW/main_20260304_034051_grid7_patch1_layer6_head4/attention_map_20260304_034051').
2026-03-04 05:03:59,218 - INFO - 어텐션 맵 339개 저장 완료.
2026-03-04 05:03:59,984 - INFO - Val Acc 그래프 저장 완료: 'log/Sewer_TAPNEW/main_20260304_034051_grid7_patch1_layer6_head4/graph_20260304_034051/val_acc.png' and 'log/Sewer_TAPNEW/main_20260304_034051_grid7_patch1_layer6_head4/graph_20260304_034051/val_acc.pdf'
2026-03-04 05:04:00,877 - INFO - Train/Val Acc 그래프 저장 완료: 'log/Sewer_TAPNEW/main_20260304_034051_grid7_patch1_layer6_head4/graph_20260304_034051/train_val_acc.png' and 'log/Sewer_TAPNEW/main_20260304_034051_grid7_patch1_layer6_head4/graph_20260304_034051/train_val_acc.pdf'
2026-03-04 05:04:01,600 - INFO - F1 (normal) 그래프 저장 완료: 'log/Sewer_TAPNEW/main_20260304_034051_grid7_patch1_layer6_head4/graph_20260304_034051/F1_normal.png' and 'log/Sewer_TAPNEW/main_20260304_034051_grid7_patch1_layer6_head4/graph_20260304_034051/F1_normal.pdf'
2026-03-04 05:04:02,455 - INFO - Validation Loss 그래프 저장 완료: 'log/Sewer_TAPNEW/main_20260304_034051_grid7_patch1_layer6_head4/graph_20260304_034051/val_loss.png' and 'log/Sewer_TAPNEW/main_20260304_034051_grid7_patch1_layer6_head4/graph_20260304_034051/val_loss.pdf'
2026-03-04 05:04:03,186 - INFO - Learning Rate 그래프 저장 완료: 'log/Sewer_TAPNEW/main_20260304_034051_grid7_patch1_layer6_head4/graph_20260304_034051/learning_rate.png' and 'log/Sewer_TAPNEW/main_20260304_034051_grid7_patch1_layer6_head4/graph_20260304_034051/learning_rate.pdf'
2026-03-04 05:04:11,174 - INFO - 종합 그래프 저장 완료: 'log/Sewer_TAPNEW/main_20260304_034051_grid7_patch1_layer6_head4/graph_20260304_034051/compile.png' and 'log/Sewer_TAPNEW/main_20260304_034051_grid7_patch1_layer6_head4/graph_20260304_034051/compile.pdf'
