2026-03-04 09:37:41,671 - INFO - 로그 파일이 'log/Sewer_TAPNEW_params/baseline_mobilenet_v4_s_fpgm_20260304_093741/log_20260304_093741.log'에 저장됩니다.
2026-03-04 09:37:41,684 - INFO - ==================================================
2026-03-04 09:37:41,684 - INFO - config.yaml:
2026-03-04 09:37:41,684 - INFO - 
run:
  global_seed: 42
  cuda: true
  mode: train
  pth_best_name: best_model.pth
  only_inference: false
  show_log: true
  dataset:
    name: Sewer_TAPNEW_params
    type: image_folder
    train_split_ratio: 0.8
    paths:
      train_img_dir: /home/tai/workspace/ssd1/data/Sewer/Sewer-ML/train
      valid_img_dir: /home/tai/workspace/ssd1/data/Sewer/Sewer-ML/valid
      test_img_dir: /home/tai/workspace/ssd1/data/Sewer/Sewer-ML/valid
      train_csv: /home/tai/workspace/ssd1/data/Sewer/Sewer-ML/SewerML_Train.csv
      valid_csv: /home/tai/workspace/ssd1/data/Sewer/Sewer-ML/SewerML_Val.csv
      test_csv: /home/tai/workspace/ssd1/data/Sewer/Sewer-ML/SewerML_Val.csv
      img_folder: /home/cau/workspace/data/Sewer/Sewer-TAPNEW
  random_sampling_ratio:
    train: 1.0
    valid: 1.0
    test: 1.0
  num_workers: 16
model:
  img_size: 224
  num_patches_per_side: 7
  num_decoder_patches: 1
  num_decoder_layers: 6
  num_heads: 4
  cnn_feature_extractor:
    name: custom32
  encoder_dim: 32
  emb_dim: 32
  adaptive_initial_query: true
  decoder_ff_ratio: 2
  dropout: 0.1
  positional_encoding: true
  drop_path_ratio: 0.2
  visualize_attention: false
  num_plot_attention: 1500
training_main:
  epochs: 10
  batch_size: 16
  pre_trained: false
  optimizer: adamw
  lr: 0.001
  weight_decay: 0.0001
  loss_function: CrossEntropyLoss
  label_smoothing: 0.1
  scheduler: cosineannealinglr
  scheduler_params:
    T_max: 10
    eta_min: 0.0001
  best_model_criterion: val_loss
training_baseline:
  model_name: mobilenet_v4_s
  epochs: 10
  batch_size: 16
  pre_trained: false
  optimizer: adamw
  lr: 0.001
  weight_decay: 0.0001
  loss_function: CrossEntropyLoss
  label_smoothing: 0.1
  scheduler: cosineannealinglr
  scheduler_params:
    T_max: 10
    eta_min: 0.0001
  best_model_criterion: val_loss
finetuning_pruned:
  epochs: 80
  batch_size: 16
  optimizer: adamw
  lr: 0.001
  weight_decay: 0.0001
  loss_function: CrossEntropyLoss
  label_smoothing: 0.1
  scheduler: cosineannealinglr
  scheduler_params:
    T_max: 80
    eta_min: 0.0001
  best_model_criterion: val_loss
  use_fpgm_pruning: true
  pruning_params_target: 0.078274
  exclude_attention_qkv_pruning: true
  exclude_embedding_bridge_pruning: true
  exclude_learnable_queries_pruning: true

2026-03-04 09:37:41,684 - INFO - ==================================================
2026-03-04 09:37:41,790 - INFO - CUDA 사용 가능. GPU 사용을 시작합니다. (Device: NVIDIA RTX PRO 6000 Blackwell Server Edition)
2026-03-04 09:37:41,792 - INFO - 'Sewer_TAPNEW_params' 데이터 로드를 시작합니다 (Type: image_folder).
2026-03-04 09:37:41,792 - INFO - '/home/cau/workspace/data/Sewer/Sewer-TAPNEW' 경로의 데이터를 훈련/테스트셋으로 분할합니다.
2026-03-04 09:37:41,811 - INFO - 총 1692개 데이터를 훈련용 1353개, 테스트용 339개로 분할합니다 (split_seed=42).
2026-03-04 09:37:41,812 - INFO - 데이터셋 클래스: ['abnormal', 'normal'] (총 2개)
2026-03-04 09:37:41,813 - INFO - 훈련 데이터: 1353개, 검증 데이터: 339개, 테스트 데이터: 339개
2026-03-04 09:37:41,813 - INFO - Baseline 모델 'mobilenet_v4_s'을(를) 생성합니다 (사전 훈련 가중치: 미사용).
2026-03-04 09:37:42,278 - INFO - ==================================================
2026-03-04 09:37:42,279 - INFO - 모델 파라미터 수:
2026-03-04 09:37:42,279 - INFO -   - 총 파라미터: 2,495,586 개
2026-03-04 09:37:42,279 - INFO -   - 학습 가능한 파라미터: 2,495,586 개
2026-03-04 09:37:42,279 - INFO - ================================================================================
2026-03-04 09:37:42,279 - INFO - 단계 1/2: 사전 훈련(Pre-training)을 시작합니다.
2026-03-04 09:37:42,279 - INFO - ================================================================================
2026-03-04 09:37:42,279 - INFO - 옵티마이저: AdamW (lr=0.001, weight_decay=0.0001)
2026-03-04 09:37:42,282 - INFO - 스케줄러: CosineAnnealingLR (T_max=10, eta_min=0.0001)
2026-03-04 09:37:42,282 - INFO - ==================================================
2026-03-04 09:37:42,282 - INFO - train 모드를 시작합니다.
2026-03-04 09:37:42,282 - INFO - 손실 함수: CrossEntropyLoss (label_smoothing: 0.1)
2026-03-04 09:37:42,282 - INFO - Best metric을 초기값(inf)으로 설정합니다.
2026-03-04 09:37:42,283 - INFO - --------------------------------------------------
2026-03-04 09:37:42,286 - INFO - [LR]    [1/10] | Learning Rate: 0.001000
2026-03-04 09:37:54,946 - INFO - [Train] [1/10] | Loss: 2.8275 | Train Acc: 65.03%
2026-03-04 09:37:59,760 - INFO - [Valid] [1/10] | Loss: 0.8621 | Val Acc: 59.59%
2026-03-04 09:37:59,795 - INFO - [Metrics for 'abnormal'] | Precision: 0.5521 | Recall: 0.6752 | F1: 0.6074
2026-03-04 09:37:59,795 - INFO - [Metrics for 'normal'] | Precision: 0.6531 | Recall: 0.5275 | F1: 0.5836
2026-03-04 09:37:59,884 - INFO - [Best Model Saved] (val loss: 0.8621) -> 'log/Sewer_TAPNEW_params/baseline_mobilenet_v4_s_fpgm_20260304_093741/best_model.pth'
2026-03-04 09:37:59,884 - INFO - --------------------------------------------------
2026-03-04 09:37:59,888 - INFO - [LR]    [2/10] | Learning Rate: 0.000978
2026-03-04 09:38:11,289 - INFO - [Train] [2/10] | Loss: 0.8146 | Train Acc: 71.43%
2026-03-04 09:38:14,839 - INFO - [Valid] [2/10] | Loss: 0.6562 | Val Acc: 74.93%
2026-03-04 09:38:14,859 - INFO - [Metrics for 'abnormal'] | Precision: 0.7278 | Recall: 0.7325 | F1: 0.7302
2026-03-04 09:38:14,860 - INFO - [Metrics for 'normal'] | Precision: 0.7680 | Recall: 0.7637 | F1: 0.7658
2026-03-04 09:38:14,942 - INFO - [Best Model Saved] (val loss: 0.6562) -> 'log/Sewer_TAPNEW_params/baseline_mobilenet_v4_s_fpgm_20260304_093741/best_model.pth'
2026-03-04 09:38:14,942 - INFO - --------------------------------------------------
2026-03-04 09:38:14,946 - INFO - [LR]    [3/10] | Learning Rate: 0.000914
2026-03-04 09:38:26,971 - INFO - [Train] [3/10] | Loss: 0.6813 | Train Acc: 70.68%
2026-03-04 09:38:30,557 - INFO - [Valid] [3/10] | Loss: 1.5491 | Val Acc: 56.34%
2026-03-04 09:38:30,584 - INFO - [Metrics for 'abnormal'] | Precision: 1.0000 | Recall: 0.0573 | F1: 0.1084
2026-03-04 09:38:30,584 - INFO - [Metrics for 'normal'] | Precision: 0.5515 | Recall: 1.0000 | F1: 0.7109
2026-03-04 09:38:30,593 - INFO - --------------------------------------------------
2026-03-04 09:38:30,600 - INFO - [LR]    [4/10] | Learning Rate: 0.000815
2026-03-04 09:38:42,835 - INFO - [Train] [4/10] | Loss: 0.6712 | Train Acc: 72.77%
2026-03-04 09:38:46,554 - INFO - [Valid] [4/10] | Loss: 0.6680 | Val Acc: 72.27%
2026-03-04 09:38:46,573 - INFO - [Metrics for 'abnormal'] | Precision: 0.7739 | Recall: 0.5669 | F1: 0.6544
2026-03-04 09:38:46,573 - INFO - [Metrics for 'normal'] | Precision: 0.6964 | Recall: 0.8571 | F1: 0.7685
2026-03-04 09:38:46,579 - INFO - --------------------------------------------------
2026-03-04 09:38:46,583 - INFO - [LR]    [5/10] | Learning Rate: 0.000689
2026-03-04 09:38:58,837 - INFO - [Train] [5/10] | Loss: 0.6583 | Train Acc: 73.74%
2026-03-04 09:39:02,449 - INFO - [Valid] [5/10] | Loss: 0.6717 | Val Acc: 73.75%
2026-03-04 09:39:02,469 - INFO - [Metrics for 'abnormal'] | Precision: 0.6619 | Recall: 0.8854 | F1: 0.7575
2026-03-04 09:39:02,469 - INFO - [Metrics for 'normal'] | Precision: 0.8605 | Recall: 0.6099 | F1: 0.7138
2026-03-04 09:39:02,477 - INFO - --------------------------------------------------
2026-03-04 09:39:02,480 - INFO - [LR]    [6/10] | Learning Rate: 0.000550
2026-03-04 09:39:14,010 - INFO - [Train] [6/10] | Loss: 0.5345 | Train Acc: 78.65%
2026-03-04 09:39:17,688 - INFO - [Valid] [6/10] | Loss: 0.6893 | Val Acc: 71.98%
2026-03-04 09:39:17,709 - INFO - [Metrics for 'abnormal'] | Precision: 0.6292 | Recall: 0.9618 | F1: 0.7607
2026-03-04 09:39:17,709 - INFO - [Metrics for 'normal'] | Precision: 0.9394 | Recall: 0.5110 | F1: 0.6619
2026-03-04 09:39:17,716 - INFO - --------------------------------------------------
2026-03-04 09:39:17,720 - INFO - [LR]    [7/10] | Learning Rate: 0.000411
2026-03-04 09:39:29,740 - INFO - [Train] [7/10] | Loss: 0.5231 | Train Acc: 77.98%
2026-03-04 09:39:33,506 - INFO - [Valid] [7/10] | Loss: 0.6177 | Val Acc: 74.93%
2026-03-04 09:39:33,534 - INFO - [Metrics for 'abnormal'] | Precision: 0.7022 | Recall: 0.7962 | F1: 0.7463
2026-03-04 09:39:33,534 - INFO - [Metrics for 'normal'] | Precision: 0.8012 | Recall: 0.7088 | F1: 0.7522
2026-03-04 09:39:33,649 - INFO - [Best Model Saved] (val loss: 0.6177) -> 'log/Sewer_TAPNEW_params/baseline_mobilenet_v4_s_fpgm_20260304_093741/best_model.pth'
2026-03-04 09:39:33,649 - INFO - --------------------------------------------------
2026-03-04 09:39:33,655 - INFO - [LR]    [8/10] | Learning Rate: 0.000285
2026-03-04 09:39:45,556 - INFO - [Train] [8/10] | Loss: 0.4985 | Train Acc: 81.92%
2026-03-04 09:39:49,441 - INFO - [Valid] [8/10] | Loss: 0.5334 | Val Acc: 78.76%
2026-03-04 09:39:49,471 - INFO - [Metrics for 'abnormal'] | Precision: 0.7707 | Recall: 0.7707 | F1: 0.7707
2026-03-04 09:39:49,471 - INFO - [Metrics for 'normal'] | Precision: 0.8022 | Recall: 0.8022 | F1: 0.8022
2026-03-04 09:39:49,589 - INFO - [Best Model Saved] (val loss: 0.5334) -> 'log/Sewer_TAPNEW_params/baseline_mobilenet_v4_s_fpgm_20260304_093741/best_model.pth'
2026-03-04 09:39:49,590 - INFO - --------------------------------------------------
2026-03-04 09:39:49,596 - INFO - [LR]    [9/10] | Learning Rate: 0.000186
2026-03-04 09:40:01,093 - INFO - [Train] [9/10] | Loss: 0.4609 | Train Acc: 84.00%
2026-03-04 09:40:04,627 - INFO - [Valid] [9/10] | Loss: 0.5615 | Val Acc: 77.29%
2026-03-04 09:40:04,656 - INFO - [Metrics for 'abnormal'] | Precision: 0.8030 | Recall: 0.6752 | F1: 0.7336
2026-03-04 09:40:04,656 - INFO - [Metrics for 'normal'] | Precision: 0.7536 | Recall: 0.8571 | F1: 0.8021
2026-03-04 09:40:04,666 - INFO - --------------------------------------------------
2026-03-04 09:40:04,672 - INFO - [LR]    [10/10] | Learning Rate: 0.000122
2026-03-04 09:40:16,544 - INFO - [Train] [10/10] | Loss: 0.4549 | Train Acc: 82.89%
2026-03-04 09:40:19,703 - INFO - [Valid] [10/10] | Loss: 0.5449 | Val Acc: 79.06%
2026-03-04 09:40:19,728 - INFO - [Metrics for 'abnormal'] | Precision: 0.7590 | Recall: 0.8025 | F1: 0.7802
2026-03-04 09:40:19,728 - INFO - [Metrics for 'normal'] | Precision: 0.8208 | Recall: 0.7802 | F1: 0.8000
2026-03-04 09:40:19,737 - INFO - ================================================================================
2026-03-04 09:40:19,738 - INFO - 단계 2/2: Pruning 및 미세 조정(Fine-tuning)을 시작합니다.
2026-03-04 09:40:19,738 - INFO - ================================================================================
2026-03-04 09:40:19,922 - INFO - 사전 훈련된 모델 'log/Sewer_TAPNEW_params/baseline_mobilenet_v4_s_fpgm_20260304_093741/best_model.pth'을(를) 불러왔습니다.
2026-03-04 09:40:19,924 - INFO - ================================================================================
2026-03-04 09:40:19,924 - INFO - 목표 파라미터 수 (0.0783M)에 맞는 최적의 Pruning 희소도를 탐색합니다.
2026-03-04 09:40:19,926 - INFO - 원본 모델 파라미터: 2.4956M
2026-03-04 09:40:20,105 - INFO - FPGM Pruning을 시작합니다.
2026-03-04 09:40:20,106 - INFO - 분류 레이어 'Linear'을(를) Pruning 대상에서 제외합니다.
2026-03-04 09:40:20,713 - INFO - torch-pruning 완료. 모델 구조가 희소도(0.495)에 맞춰 변경되었습니다.
2026-03-04 09:40:20,714 - INFO - ==================================================
2026-03-04 09:40:20,716 - INFO -   [탐색  1] 희소도: 0.4950 -> 파라미터: 0.6554M (감소율: 73.74%)
2026-03-04 09:40:20,796 - INFO - FPGM Pruning을 시작합니다.
2026-03-04 09:40:20,797 - INFO - 분류 레이어 'Linear'을(를) Pruning 대상에서 제외합니다.
2026-03-04 09:40:21,092 - INFO - torch-pruning 완료. 모델 구조가 희소도(0.7424999999999999)에 맞춰 변경되었습니다.
2026-03-04 09:40:21,092 - INFO - ==================================================
2026-03-04 09:40:21,095 - INFO -   [탐색  2] 희소도: 0.7425 -> 파라미터: 0.1807M (감소율: 92.76%)
2026-03-04 09:40:21,181 - INFO - FPGM Pruning을 시작합니다.
2026-03-04 09:40:21,182 - INFO - 분류 레이어 'Linear'을(를) Pruning 대상에서 제외합니다.
2026-03-04 09:40:21,494 - INFO - torch-pruning 완료. 모델 구조가 희소도(0.86625)에 맞춰 변경되었습니다.
2026-03-04 09:40:21,494 - INFO - ==================================================
2026-03-04 09:40:21,497 - INFO -   [탐색  3] 희소도: 0.8662 -> 파라미터: 0.0548M (감소율: 97.80%)
2026-03-04 09:40:21,576 - INFO - FPGM Pruning을 시작합니다.
2026-03-04 09:40:21,577 - INFO - 분류 레이어 'Linear'을(를) Pruning 대상에서 제외합니다.
2026-03-04 09:40:22,019 - INFO - torch-pruning 완료. 모델 구조가 희소도(0.804375)에 맞춰 변경되었습니다.
2026-03-04 09:40:22,020 - INFO - ==================================================
2026-03-04 09:40:22,024 - INFO -   [탐색  4] 희소도: 0.8044 -> 파라미터: 0.1094M (감소율: 95.62%)
2026-03-04 09:40:22,161 - INFO - FPGM Pruning을 시작합니다.
2026-03-04 09:40:22,162 - INFO - 분류 레이어 'Linear'을(를) Pruning 대상에서 제외합니다.
2026-03-04 09:40:22,630 - INFO - torch-pruning 완료. 모델 구조가 희소도(0.8353124999999999)에 맞춰 변경되었습니다.
2026-03-04 09:40:22,631 - INFO - ==================================================
2026-03-04 09:40:22,635 - INFO -   [탐색  5] 희소도: 0.8353 -> 파라미터: 0.0798M (감소율: 96.80%)
2026-03-04 09:40:22,772 - INFO - FPGM Pruning을 시작합니다.
2026-03-04 09:40:22,773 - INFO - 분류 레이어 'Linear'을(를) Pruning 대상에서 제외합니다.
2026-03-04 09:40:23,938 - INFO - torch-pruning 완료. 모델 구조가 희소도(0.8507812499999999)에 맞춰 변경되었습니다.
2026-03-04 09:40:23,939 - INFO - ==================================================
2026-03-04 09:40:23,943 - INFO -   [탐색  6] 희소도: 0.8508 -> 파라미터: 0.0669M (감소율: 97.32%)
2026-03-04 09:40:24,020 - INFO - FPGM Pruning을 시작합니다.
2026-03-04 09:40:24,021 - INFO - 분류 레이어 'Linear'을(를) Pruning 대상에서 제외합니다.
2026-03-04 09:40:24,307 - INFO - torch-pruning 완료. 모델 구조가 희소도(0.843046875)에 맞춰 변경되었습니다.
2026-03-04 09:40:24,307 - INFO - ==================================================
2026-03-04 09:40:24,310 - INFO -   [탐색  7] 희소도: 0.8430 -> 파라미터: 0.0736M (감소율: 97.05%)
2026-03-04 09:40:24,387 - INFO - FPGM Pruning을 시작합니다.
2026-03-04 09:40:24,387 - INFO - 분류 레이어 'Linear'을(를) Pruning 대상에서 제외합니다.
2026-03-04 09:40:24,712 - INFO - torch-pruning 완료. 모델 구조가 희소도(0.8391796874999999)에 맞춰 변경되었습니다.
2026-03-04 09:40:24,713 - INFO - ==================================================
2026-03-04 09:40:24,718 - INFO -   [탐색  8] 희소도: 0.8392 -> 파라미터: 0.0760M (감소율: 96.95%)
2026-03-04 09:40:24,803 - INFO - FPGM Pruning을 시작합니다.
2026-03-04 09:40:24,804 - INFO - 분류 레이어 'Linear'을(를) Pruning 대상에서 제외합니다.
2026-03-04 09:40:25,172 - INFO - torch-pruning 완료. 모델 구조가 희소도(0.8372460937499999)에 맞춰 변경되었습니다.
2026-03-04 09:40:25,172 - INFO - ==================================================
2026-03-04 09:40:25,176 - INFO -   [탐색  9] 희소도: 0.8372 -> 파라미터: 0.0775M (감소율: 96.89%)
2026-03-04 09:40:25,300 - INFO - FPGM Pruning을 시작합니다.
2026-03-04 09:40:25,301 - INFO - 분류 레이어 'Linear'을(를) Pruning 대상에서 제외합니다.
2026-03-04 09:40:25,769 - INFO - torch-pruning 완료. 모델 구조가 희소도(0.8362792968749999)에 맞춰 변경되었습니다.
2026-03-04 09:40:25,770 - INFO - ==================================================
2026-03-04 09:40:25,776 - INFO -   [탐색 10] 희소도: 0.8363 -> 파라미터: 0.0780M (감소율: 96.88%)
2026-03-04 09:40:25,903 - INFO - FPGM Pruning을 시작합니다.
2026-03-04 09:40:25,904 - INFO - 분류 레이어 'Linear'을(를) Pruning 대상에서 제외합니다.
2026-03-04 09:40:26,366 - INFO - torch-pruning 완료. 모델 구조가 희소도(0.8357958984374999)에 맞춰 변경되었습니다.
2026-03-04 09:40:26,367 - INFO - ==================================================
2026-03-04 09:40:26,371 - INFO -   [탐색 11] 희소도: 0.8358 -> 파라미터: 0.0796M (감소율: 96.81%)
2026-03-04 09:40:26,497 - INFO - FPGM Pruning을 시작합니다.
2026-03-04 09:40:26,497 - INFO - 분류 레이어 'Linear'을(를) Pruning 대상에서 제외합니다.
2026-03-04 09:40:26,998 - INFO - torch-pruning 완료. 모델 구조가 희소도(0.83603759765625)에 맞춰 변경되었습니다.
2026-03-04 09:40:26,999 - INFO - ==================================================
2026-03-04 09:40:27,004 - INFO -   [탐색 12] 희소도: 0.8360 -> 파라미터: 0.0780M (감소율: 96.88%)
2026-03-04 09:40:27,135 - INFO - FPGM Pruning을 시작합니다.
2026-03-04 09:40:27,136 - INFO - 분류 레이어 'Linear'을(를) Pruning 대상에서 제외합니다.
2026-03-04 09:40:27,600 - INFO - torch-pruning 완료. 모델 구조가 희소도(0.835916748046875)에 맞춰 변경되었습니다.
2026-03-04 09:40:27,600 - INFO - ==================================================
2026-03-04 09:40:27,604 - INFO -   [탐색 13] 희소도: 0.8359 -> 파라미터: 0.0796M (감소율: 96.81%)
2026-03-04 09:40:27,731 - INFO - FPGM Pruning을 시작합니다.
2026-03-04 09:40:27,731 - INFO - 분류 레이어 'Linear'을(를) Pruning 대상에서 제외합니다.
2026-03-04 09:40:28,135 - INFO - torch-pruning 완료. 모델 구조가 희소도(0.8359771728515625)에 맞춰 변경되었습니다.
2026-03-04 09:40:28,135 - INFO - ==================================================
2026-03-04 09:40:28,138 - INFO -   [탐색 14] 희소도: 0.8360 -> 파라미터: 0.0780M (감소율: 96.88%)
2026-03-04 09:40:28,228 - INFO - FPGM Pruning을 시작합니다.
2026-03-04 09:40:28,229 - INFO - 분류 레이어 'Linear'을(를) Pruning 대상에서 제외합니다.
2026-03-04 09:40:28,547 - INFO - torch-pruning 완료. 모델 구조가 희소도(0.8359469604492187)에 맞춰 변경되었습니다.
2026-03-04 09:40:28,547 - INFO - ==================================================
2026-03-04 09:40:28,550 - INFO -   [탐색 15] 희소도: 0.8359 -> 파라미터: 0.0780M (감소율: 96.88%)
2026-03-04 09:40:28,630 - INFO - FPGM Pruning을 시작합니다.
2026-03-04 09:40:28,630 - INFO - 분류 레이어 'Linear'을(를) Pruning 대상에서 제외합니다.
2026-03-04 09:40:28,911 - INFO - torch-pruning 완료. 모델 구조가 희소도(0.8359318542480468)에 맞춰 변경되었습니다.
2026-03-04 09:40:28,912 - INFO - ==================================================
2026-03-04 09:40:28,914 - INFO -   [탐색 16] 희소도: 0.8359 -> 파라미터: 0.0796M (감소율: 96.81%)
2026-03-04 09:40:28,999 - INFO - FPGM Pruning을 시작합니다.
2026-03-04 09:40:28,999 - INFO - 분류 레이어 'Linear'을(를) Pruning 대상에서 제외합니다.
2026-03-04 09:40:29,286 - INFO - torch-pruning 완료. 모델 구조가 희소도(0.8359394073486328)에 맞춰 변경되었습니다.
2026-03-04 09:40:29,286 - INFO - ==================================================
2026-03-04 09:40:29,289 - INFO -   [탐색 17] 희소도: 0.8359 -> 파라미터: 0.0780M (감소율: 96.88%)
2026-03-04 09:40:29,878 - INFO - FPGM Pruning을 시작합니다.
2026-03-04 09:40:29,879 - INFO - 분류 레이어 'Linear'을(를) Pruning 대상에서 제외합니다.
2026-03-04 09:40:30,170 - INFO - torch-pruning 완료. 모델 구조가 희소도(0.8359356307983399)에 맞춰 변경되었습니다.
2026-03-04 09:40:30,170 - INFO - ==================================================
2026-03-04 09:40:30,175 - INFO -   [탐색 18] 희소도: 0.8359 -> 파라미터: 0.0796M (감소율: 96.81%)
2026-03-04 09:40:30,251 - INFO - FPGM Pruning을 시작합니다.
2026-03-04 09:40:30,251 - INFO - 분류 레이어 'Linear'을(를) Pruning 대상에서 제외합니다.
2026-03-04 09:40:30,527 - INFO - torch-pruning 완료. 모델 구조가 희소도(0.8359375190734863)에 맞춰 변경되었습니다.
2026-03-04 09:40:30,528 - INFO - ==================================================
2026-03-04 09:40:30,531 - INFO -   [탐색 19] 희소도: 0.8359 -> 파라미터: 0.0780M (감소율: 96.88%)
2026-03-04 09:40:30,608 - INFO - FPGM Pruning을 시작합니다.
2026-03-04 09:40:30,608 - INFO - 분류 레이어 'Linear'을(를) Pruning 대상에서 제외합니다.
2026-03-04 09:40:30,891 - INFO - torch-pruning 완료. 모델 구조가 희소도(0.8359365749359131)에 맞춰 변경되었습니다.
2026-03-04 09:40:30,891 - INFO - ==================================================
2026-03-04 09:40:30,894 - INFO -   [탐색 20] 희소도: 0.8359 -> 파라미터: 0.0796M (감소율: 96.81%)
2026-03-04 09:40:30,971 - INFO - FPGM Pruning을 시작합니다.
2026-03-04 09:40:30,971 - INFO - 분류 레이어 'Linear'을(를) Pruning 대상에서 제외합니다.
2026-03-04 09:40:31,263 - INFO - torch-pruning 완료. 모델 구조가 희소도(0.8359370470046997)에 맞춰 변경되었습니다.
2026-03-04 09:40:31,264 - INFO - ==================================================
2026-03-04 09:40:31,266 - INFO -   [탐색 21] 희소도: 0.8359 -> 파라미터: 0.0796M (감소율: 96.81%)
2026-03-04 09:40:31,345 - INFO - FPGM Pruning을 시작합니다.
2026-03-04 09:40:31,345 - INFO - 분류 레이어 'Linear'을(를) Pruning 대상에서 제외합니다.
2026-03-04 09:40:31,629 - INFO - torch-pruning 완료. 모델 구조가 희소도(0.835937283039093)에 맞춰 변경되었습니다.
2026-03-04 09:40:31,630 - INFO - ==================================================
2026-03-04 09:40:31,633 - INFO -   [탐색 22] 희소도: 0.8359 -> 파라미터: 0.0796M (감소율: 96.81%)
2026-03-04 09:40:31,710 - INFO - FPGM Pruning을 시작합니다.
2026-03-04 09:40:31,711 - INFO - 분류 레이어 'Linear'을(를) Pruning 대상에서 제외합니다.
2026-03-04 09:40:31,989 - INFO - torch-pruning 완료. 모델 구조가 희소도(0.8359374010562897)에 맞춰 변경되었습니다.
2026-03-04 09:40:31,990 - INFO - ==================================================
2026-03-04 09:40:31,993 - INFO -   [탐색 23] 희소도: 0.8359 -> 파라미터: 0.0796M (감소율: 96.81%)
2026-03-04 09:40:32,070 - INFO - FPGM Pruning을 시작합니다.
2026-03-04 09:40:32,071 - INFO - 분류 레이어 'Linear'을(를) Pruning 대상에서 제외합니다.
2026-03-04 09:40:32,357 - INFO - torch-pruning 완료. 모델 구조가 희소도(0.835937460064888)에 맞춰 변경되었습니다.
2026-03-04 09:40:32,358 - INFO - ==================================================
2026-03-04 09:40:32,360 - INFO -   [탐색 24] 희소도: 0.8359 -> 파라미터: 0.0796M (감소율: 96.81%)
2026-03-04 09:40:32,438 - INFO - FPGM Pruning을 시작합니다.
2026-03-04 09:40:32,439 - INFO - 분류 레이어 'Linear'을(를) Pruning 대상에서 제외합니다.
2026-03-04 09:40:32,722 - INFO - torch-pruning 완료. 모델 구조가 희소도(0.8359374895691871)에 맞춰 변경되었습니다.
2026-03-04 09:40:32,722 - INFO - ==================================================
2026-03-04 09:40:32,725 - INFO -   [탐색 25] 희소도: 0.8359 -> 파라미터: 0.0796M (감소율: 96.81%)
2026-03-04 09:40:32,804 - INFO - FPGM Pruning을 시작합니다.
2026-03-04 09:40:32,804 - INFO - 분류 레이어 'Linear'을(를) Pruning 대상에서 제외합니다.
2026-03-04 09:40:33,086 - INFO - torch-pruning 완료. 모델 구조가 희소도(0.8359375043213367)에 맞춰 변경되었습니다.
2026-03-04 09:40:33,086 - INFO - ==================================================
2026-03-04 09:40:33,090 - INFO -   [탐색 26] 희소도: 0.8359 -> 파라미터: 0.0780M (감소율: 96.88%)
2026-03-04 09:40:33,167 - INFO - FPGM Pruning을 시작합니다.
2026-03-04 09:40:33,167 - INFO - 분류 레이어 'Linear'을(를) Pruning 대상에서 제외합니다.
2026-03-04 09:40:33,451 - INFO - torch-pruning 완료. 모델 구조가 희소도(0.835937496945262)에 맞춰 변경되었습니다.
2026-03-04 09:40:33,452 - INFO - ==================================================
2026-03-04 09:40:33,455 - INFO -   [탐색 27] 희소도: 0.8359 -> 파라미터: 0.0796M (감소율: 96.81%)
2026-03-04 09:40:33,537 - INFO - FPGM Pruning을 시작합니다.
2026-03-04 09:40:33,537 - INFO - 분류 레이어 'Linear'을(를) Pruning 대상에서 제외합니다.
2026-03-04 09:40:33,837 - INFO - torch-pruning 완료. 모델 구조가 희소도(0.8359375006332994)에 맞춰 변경되었습니다.
2026-03-04 09:40:33,837 - INFO - ==================================================
2026-03-04 09:40:33,840 - INFO -   [탐색 28] 희소도: 0.8359 -> 파라미터: 0.0780M (감소율: 96.88%)
2026-03-04 09:40:33,930 - INFO - FPGM Pruning을 시작합니다.
2026-03-04 09:40:33,931 - INFO - 분류 레이어 'Linear'을(를) Pruning 대상에서 제외합니다.
2026-03-04 09:40:34,237 - INFO - torch-pruning 완료. 모델 구조가 희소도(0.8359374987892807)에 맞춰 변경되었습니다.
2026-03-04 09:40:34,237 - INFO - ==================================================
2026-03-04 09:40:34,241 - INFO -   [탐색 29] 희소도: 0.8359 -> 파라미터: 0.0796M (감소율: 96.81%)
2026-03-04 09:40:34,898 - INFO - FPGM Pruning을 시작합니다.
2026-03-04 09:40:34,899 - INFO - 분류 레이어 'Linear'을(를) Pruning 대상에서 제외합니다.
2026-03-04 09:40:35,174 - INFO - torch-pruning 완료. 모델 구조가 희소도(0.83593749971129)에 맞춰 변경되었습니다.
2026-03-04 09:40:35,175 - INFO - ==================================================
2026-03-04 09:40:35,179 - INFO -   [탐색 30] 희소도: 0.8359 -> 파라미터: 0.0796M (감소율: 96.81%)
2026-03-04 09:40:35,256 - INFO - FPGM Pruning을 시작합니다.
2026-03-04 09:40:35,256 - INFO - 분류 레이어 'Linear'을(를) Pruning 대상에서 제외합니다.
2026-03-04 09:40:35,529 - INFO - torch-pruning 완료. 모델 구조가 희소도(0.8359375001722947)에 맞춰 변경되었습니다.
2026-03-04 09:40:35,529 - INFO - ==================================================
2026-03-04 09:40:35,532 - INFO -   [탐색 31] 희소도: 0.8359 -> 파라미터: 0.0780M (감소율: 96.88%)
2026-03-04 09:40:35,607 - INFO - FPGM Pruning을 시작합니다.
2026-03-04 09:40:35,607 - INFO - 분류 레이어 'Linear'을(를) Pruning 대상에서 제외합니다.
2026-03-04 09:40:35,875 - INFO - torch-pruning 완료. 모델 구조가 희소도(0.8359374999417923)에 맞춰 변경되었습니다.
2026-03-04 09:40:35,875 - INFO - ==================================================
2026-03-04 09:40:35,878 - INFO -   [탐색 32] 희소도: 0.8359 -> 파라미터: 0.0796M (감소율: 96.81%)
2026-03-04 09:40:35,954 - INFO - FPGM Pruning을 시작합니다.
2026-03-04 09:40:35,954 - INFO - 분류 레이어 'Linear'을(를) Pruning 대상에서 제외합니다.
2026-03-04 09:40:36,229 - INFO - torch-pruning 완료. 모델 구조가 희소도(0.8359375000570435)에 맞춰 변경되었습니다.
2026-03-04 09:40:36,229 - INFO - ==================================================
2026-03-04 09:40:36,232 - INFO -   [탐색 33] 희소도: 0.8359 -> 파라미터: 0.0780M (감소율: 96.88%)
2026-03-04 09:40:36,309 - INFO - FPGM Pruning을 시작합니다.
2026-03-04 09:40:36,309 - INFO - 분류 레이어 'Linear'을(를) Pruning 대상에서 제외합니다.
2026-03-04 09:40:36,615 - INFO - torch-pruning 완료. 모델 구조가 희소도(0.8359374999994179)에 맞춰 변경되었습니다.
2026-03-04 09:40:36,616 - INFO - ==================================================
2026-03-04 09:40:36,620 - INFO -   [탐색 34] 희소도: 0.8359 -> 파라미터: 0.0796M (감소율: 96.81%)
2026-03-04 09:40:36,702 - INFO - FPGM Pruning을 시작합니다.
2026-03-04 09:40:36,703 - INFO - 분류 레이어 'Linear'을(를) Pruning 대상에서 제외합니다.
2026-03-04 09:40:36,991 - INFO - torch-pruning 완료. 모델 구조가 희소도(0.8359375000282308)에 맞춰 변경되었습니다.
2026-03-04 09:40:36,991 - INFO - ==================================================
2026-03-04 09:40:36,995 - INFO -   [탐색 35] 희소도: 0.8359 -> 파라미터: 0.0780M (감소율: 96.88%)
2026-03-04 09:40:37,072 - INFO - FPGM Pruning을 시작합니다.
2026-03-04 09:40:37,073 - INFO - 분류 레이어 'Linear'을(를) Pruning 대상에서 제외합니다.
2026-03-04 09:40:37,372 - INFO - torch-pruning 완료. 모델 구조가 희소도(0.8359375000138243)에 맞춰 변경되었습니다.
2026-03-04 09:40:37,372 - INFO - ==================================================
2026-03-04 09:40:37,375 - INFO -   [탐색 36] 희소도: 0.8359 -> 파라미터: 0.0780M (감소율: 96.88%)
2026-03-04 09:40:37,459 - INFO - FPGM Pruning을 시작합니다.
2026-03-04 09:40:37,459 - INFO - 분류 레이어 'Linear'을(를) Pruning 대상에서 제외합니다.
2026-03-04 09:40:37,751 - INFO - torch-pruning 완료. 모델 구조가 희소도(0.8359375000066211)에 맞춰 변경되었습니다.
2026-03-04 09:40:37,751 - INFO - ==================================================
2026-03-04 09:40:37,754 - INFO -   [탐색 37] 희소도: 0.8359 -> 파라미터: 0.0780M (감소율: 96.88%)
2026-03-04 09:40:37,832 - INFO - FPGM Pruning을 시작합니다.
2026-03-04 09:40:37,832 - INFO - 분류 레이어 'Linear'을(를) Pruning 대상에서 제외합니다.
2026-03-04 09:40:38,134 - INFO - torch-pruning 완료. 모델 구조가 희소도(0.8359375000030196)에 맞춰 변경되었습니다.
2026-03-04 09:40:38,135 - INFO - ==================================================
2026-03-04 09:40:38,138 - INFO -   [탐색 38] 희소도: 0.8359 -> 파라미터: 0.0780M (감소율: 96.88%)
2026-03-04 09:40:38,215 - INFO - FPGM Pruning을 시작합니다.
2026-03-04 09:40:38,215 - INFO - 분류 레이어 'Linear'을(를) Pruning 대상에서 제외합니다.
2026-03-04 09:40:38,519 - INFO - torch-pruning 완료. 모델 구조가 희소도(0.8359375000012188)에 맞춰 변경되었습니다.
2026-03-04 09:40:38,519 - INFO - ==================================================
2026-03-04 09:40:38,524 - INFO -   [탐색 39] 희소도: 0.8359 -> 파라미터: 0.0780M (감소율: 96.88%)
2026-03-04 09:40:38,604 - INFO - FPGM Pruning을 시작합니다.
2026-03-04 09:40:38,604 - INFO - 분류 레이어 'Linear'을(를) Pruning 대상에서 제외합니다.
2026-03-04 09:40:38,892 - INFO - torch-pruning 완료. 모델 구조가 희소도(0.8359375000003184)에 맞춰 변경되었습니다.
2026-03-04 09:40:38,893 - INFO - ==================================================
2026-03-04 09:40:38,895 - INFO -   [탐색 40] 희소도: 0.8359 -> 파라미터: 0.0780M (감소율: 96.88%)
2026-03-04 09:40:38,989 - INFO - FPGM Pruning을 시작합니다.
2026-03-04 09:40:38,990 - INFO - 분류 레이어 'Linear'을(를) Pruning 대상에서 제외합니다.
2026-03-04 09:40:39,260 - INFO - torch-pruning 완료. 모델 구조가 희소도(0.8359374999998681)에 맞춰 변경되었습니다.
2026-03-04 09:40:39,260 - INFO - ==================================================
2026-03-04 09:40:39,263 - INFO -   [탐색 41] 희소도: 0.8359 -> 파라미터: 0.0796M (감소율: 96.81%)
2026-03-04 09:40:39,850 - INFO - FPGM Pruning을 시작합니다.
2026-03-04 09:40:39,851 - INFO - 분류 레이어 'Linear'을(를) Pruning 대상에서 제외합니다.
2026-03-04 09:40:40,169 - INFO - torch-pruning 완료. 모델 구조가 희소도(0.8359375000000933)에 맞춰 변경되었습니다.
2026-03-04 09:40:40,169 - INFO - ==================================================
2026-03-04 09:40:40,174 - INFO -   [탐색 42] 희소도: 0.8359 -> 파라미터: 0.0780M (감소율: 96.88%)
2026-03-04 09:40:40,256 - INFO - FPGM Pruning을 시작합니다.
2026-03-04 09:40:40,257 - INFO - 분류 레이어 'Linear'을(를) Pruning 대상에서 제외합니다.
2026-03-04 09:40:40,564 - INFO - torch-pruning 완료. 모델 구조가 희소도(0.8359374999999807)에 맞춰 변경되었습니다.
2026-03-04 09:40:40,565 - INFO - ==================================================
2026-03-04 09:40:40,568 - INFO -   [탐색 43] 희소도: 0.8359 -> 파라미터: 0.0796M (감소율: 96.81%)
2026-03-04 09:40:40,644 - INFO - FPGM Pruning을 시작합니다.
2026-03-04 09:40:40,645 - INFO - 분류 레이어 'Linear'을(를) Pruning 대상에서 제외합니다.
2026-03-04 09:40:40,917 - INFO - torch-pruning 완료. 모델 구조가 희소도(0.835937500000037)에 맞춰 변경되었습니다.
2026-03-04 09:40:40,917 - INFO - ==================================================
2026-03-04 09:40:40,920 - INFO -   [탐색 44] 희소도: 0.8359 -> 파라미터: 0.0780M (감소율: 96.88%)
2026-03-04 09:40:40,997 - INFO - FPGM Pruning을 시작합니다.
2026-03-04 09:40:40,997 - INFO - 분류 레이어 'Linear'을(를) Pruning 대상에서 제외합니다.
2026-03-04 09:40:41,315 - INFO - torch-pruning 완료. 모델 구조가 희소도(0.8359375000000089)에 맞춰 변경되었습니다.
2026-03-04 09:40:41,315 - INFO - ==================================================
2026-03-04 09:40:41,318 - INFO -   [탐색 45] 희소도: 0.8359 -> 파라미터: 0.0780M (감소율: 96.88%)
2026-03-04 09:40:41,396 - INFO - FPGM Pruning을 시작합니다.
2026-03-04 09:40:41,397 - INFO - 분류 레이어 'Linear'을(를) Pruning 대상에서 제외합니다.
2026-03-04 09:40:41,675 - INFO - torch-pruning 완료. 모델 구조가 희소도(0.8359374999999948)에 맞춰 변경되었습니다.
2026-03-04 09:40:41,676 - INFO - ==================================================
2026-03-04 09:40:41,679 - INFO -   [탐색 46] 희소도: 0.8359 -> 파라미터: 0.0796M (감소율: 96.81%)
2026-03-04 09:40:41,755 - INFO - FPGM Pruning을 시작합니다.
2026-03-04 09:40:41,755 - INFO - 분류 레이어 'Linear'을(를) Pruning 대상에서 제외합니다.
2026-03-04 09:40:42,065 - INFO - torch-pruning 완료. 모델 구조가 희소도(0.8359375000000018)에 맞춰 변경되었습니다.
2026-03-04 09:40:42,066 - INFO - ==================================================
2026-03-04 09:40:42,070 - INFO -   [탐색 47] 희소도: 0.8359 -> 파라미터: 0.0780M (감소율: 96.88%)
2026-03-04 09:40:42,163 - INFO - FPGM Pruning을 시작합니다.
2026-03-04 09:40:42,163 - INFO - 분류 레이어 'Linear'을(를) Pruning 대상에서 제외합니다.
2026-03-04 09:40:42,444 - INFO - torch-pruning 완료. 모델 구조가 희소도(0.8359374999999982)에 맞춰 변경되었습니다.
2026-03-04 09:40:42,445 - INFO - ==================================================
2026-03-04 09:40:42,449 - INFO -   [탐색 48] 희소도: 0.8359 -> 파라미터: 0.0796M (감소율: 96.81%)
2026-03-04 09:40:42,569 - INFO - FPGM Pruning을 시작합니다.
2026-03-04 09:40:42,570 - INFO - 분류 레이어 'Linear'을(를) Pruning 대상에서 제외합니다.
2026-03-04 09:40:42,860 - INFO - torch-pruning 완료. 모델 구조가 희소도(0.8359375)에 맞춰 변경되었습니다.
2026-03-04 09:40:42,860 - INFO - ==================================================
2026-03-04 09:40:42,864 - INFO -   [탐색 49] 희소도: 0.8359 -> 파라미터: 0.0796M (감소율: 96.81%)
2026-03-04 09:40:42,941 - INFO - FPGM Pruning을 시작합니다.
2026-03-04 09:40:42,941 - INFO - 분류 레이어 'Linear'을(를) Pruning 대상에서 제외합니다.
2026-03-04 09:40:43,214 - INFO - torch-pruning 완료. 모델 구조가 희소도(0.8359375000000009)에 맞춰 변경되었습니다.
2026-03-04 09:40:43,215 - INFO - ==================================================
2026-03-04 09:40:43,218 - INFO -   [탐색 50] 희소도: 0.8359 -> 파라미터: 0.0780M (감소율: 96.88%)
2026-03-04 09:40:43,294 - INFO - FPGM Pruning을 시작합니다.
2026-03-04 09:40:43,295 - INFO - 분류 레이어 'Linear'을(를) Pruning 대상에서 제외합니다.
2026-03-04 09:40:43,586 - INFO - torch-pruning 완료. 모델 구조가 희소도(0.8359375000000004)에 맞춰 변경되었습니다.
2026-03-04 09:40:43,587 - INFO - ==================================================
2026-03-04 09:40:43,590 - INFO -   [탐색 51] 희소도: 0.8359 -> 파라미터: 0.0780M (감소율: 96.88%)
2026-03-04 09:40:43,666 - INFO - FPGM Pruning을 시작합니다.
2026-03-04 09:40:43,666 - INFO - 분류 레이어 'Linear'을(를) Pruning 대상에서 제외합니다.
2026-03-04 09:40:43,936 - INFO - torch-pruning 완료. 모델 구조가 희소도(0.8359375000000002)에 맞춰 변경되었습니다.
2026-03-04 09:40:43,937 - INFO - ==================================================
2026-03-04 09:40:43,939 - INFO -   [탐색 52] 희소도: 0.8359 -> 파라미터: 0.0780M (감소율: 96.88%)
2026-03-04 09:40:44,015 - INFO - FPGM Pruning을 시작합니다.
2026-03-04 09:40:44,015 - INFO - 분류 레이어 'Linear'을(를) Pruning 대상에서 제외합니다.
2026-03-04 09:40:44,294 - INFO - torch-pruning 완료. 모델 구조가 희소도(0.8359375000000001)에 맞춰 변경되었습니다.
2026-03-04 09:40:44,294 - INFO - ==================================================
2026-03-04 09:40:44,297 - INFO -   [탐색 53] 희소도: 0.8359 -> 파라미터: 0.0780M (감소율: 96.88%)
2026-03-04 09:40:44,373 - INFO - FPGM Pruning을 시작합니다.
2026-03-04 09:40:44,374 - INFO - 분류 레이어 'Linear'을(를) Pruning 대상에서 제외합니다.
2026-03-04 09:40:45,344 - INFO - torch-pruning 완료. 모델 구조가 희소도(0.8359375)에 맞춰 변경되었습니다.
2026-03-04 09:40:45,344 - INFO - ==================================================
2026-03-04 09:40:45,351 - INFO -   [탐색 54] 희소도: 0.8359 -> 파라미터: 0.0796M (감소율: 96.81%)
2026-03-04 09:40:45,472 - INFO - FPGM Pruning을 시작합니다.
2026-03-04 09:40:45,472 - INFO - 분류 레이어 'Linear'을(를) Pruning 대상에서 제외합니다.
2026-03-04 09:40:45,908 - INFO - torch-pruning 완료. 모델 구조가 희소도(0.8359375)에 맞춰 변경되었습니다.
2026-03-04 09:40:45,909 - INFO - ==================================================
2026-03-04 09:40:45,913 - INFO -   [탐색 55] 희소도: 0.8359 -> 파라미터: 0.0796M (감소율: 96.81%)
2026-03-04 09:40:46,034 - INFO - FPGM Pruning을 시작합니다.
2026-03-04 09:40:46,035 - INFO - 분류 레이어 'Linear'을(를) Pruning 대상에서 제외합니다.
2026-03-04 09:40:46,463 - INFO - torch-pruning 완료. 모델 구조가 희소도(0.8359375)에 맞춰 변경되었습니다.
2026-03-04 09:40:46,463 - INFO - ==================================================
2026-03-04 09:40:46,466 - INFO -   [탐색 56] 희소도: 0.8359 -> 파라미터: 0.0796M (감소율: 96.81%)
2026-03-04 09:40:46,542 - INFO - FPGM Pruning을 시작합니다.
2026-03-04 09:40:46,543 - INFO - 분류 레이어 'Linear'을(를) Pruning 대상에서 제외합니다.
2026-03-04 09:40:46,837 - INFO - torch-pruning 완료. 모델 구조가 희소도(0.8359375)에 맞춰 변경되었습니다.
2026-03-04 09:40:46,838 - INFO - ==================================================
2026-03-04 09:40:46,841 - INFO -   [탐색 57] 희소도: 0.8359 -> 파라미터: 0.0796M (감소율: 96.81%)
2026-03-04 09:40:46,918 - INFO - FPGM Pruning을 시작합니다.
2026-03-04 09:40:46,918 - INFO - 분류 레이어 'Linear'을(를) Pruning 대상에서 제외합니다.
2026-03-04 09:40:47,296 - INFO - torch-pruning 완료. 모델 구조가 희소도(0.8359375)에 맞춰 변경되었습니다.
2026-03-04 09:40:47,296 - INFO - ==================================================
2026-03-04 09:40:47,301 - INFO -   [탐색 58] 희소도: 0.8359 -> 파라미터: 0.0796M (감소율: 96.81%)
2026-03-04 09:40:47,423 - INFO - FPGM Pruning을 시작합니다.
2026-03-04 09:40:47,424 - INFO - 분류 레이어 'Linear'을(를) Pruning 대상에서 제외합니다.
2026-03-04 09:40:47,883 - INFO - torch-pruning 완료. 모델 구조가 희소도(0.8359375)에 맞춰 변경되었습니다.
2026-03-04 09:40:47,883 - INFO - ==================================================
2026-03-04 09:40:47,888 - INFO -   [탐색 59] 희소도: 0.8359 -> 파라미터: 0.0796M (감소율: 96.81%)
2026-03-04 09:40:48,010 - INFO - FPGM Pruning을 시작합니다.
2026-03-04 09:40:48,011 - INFO - 분류 레이어 'Linear'을(를) Pruning 대상에서 제외합니다.
2026-03-04 09:40:48,449 - INFO - torch-pruning 완료. 모델 구조가 희소도(0.8359375)에 맞춰 변경되었습니다.
2026-03-04 09:40:48,449 - INFO - ==================================================
2026-03-04 09:40:48,453 - INFO -   [탐색 60] 희소도: 0.8359 -> 파라미터: 0.0796M (감소율: 96.81%)
2026-03-04 09:40:48,575 - INFO - FPGM Pruning을 시작합니다.
2026-03-04 09:40:48,576 - INFO - 분류 레이어 'Linear'을(를) Pruning 대상에서 제외합니다.
2026-03-04 09:40:49,041 - INFO - torch-pruning 완료. 모델 구조가 희소도(0.8359375)에 맞춰 변경되었습니다.
2026-03-04 09:40:49,042 - INFO - ==================================================
2026-03-04 09:40:49,046 - INFO -   [탐색 61] 희소도: 0.8359 -> 파라미터: 0.0796M (감소율: 96.81%)
2026-03-04 09:40:49,165 - INFO - FPGM Pruning을 시작합니다.
2026-03-04 09:40:49,166 - INFO - 분류 레이어 'Linear'을(를) Pruning 대상에서 제외합니다.
2026-03-04 09:40:49,625 - INFO - torch-pruning 완료. 모델 구조가 희소도(0.8359375)에 맞춰 변경되었습니다.
2026-03-04 09:40:49,626 - INFO - ==================================================
2026-03-04 09:40:49,630 - INFO -   [탐색 62] 희소도: 0.8359 -> 파라미터: 0.0796M (감소율: 96.81%)
2026-03-04 09:40:49,751 - INFO - FPGM Pruning을 시작합니다.
2026-03-04 09:40:49,752 - INFO - 분류 레이어 'Linear'을(를) Pruning 대상에서 제외합니다.
2026-03-04 09:40:50,184 - INFO - torch-pruning 완료. 모델 구조가 희소도(0.8359375)에 맞춰 변경되었습니다.
2026-03-04 09:40:50,185 - INFO - ==================================================
2026-03-04 09:40:50,189 - INFO -   [탐색 63] 희소도: 0.8359 -> 파라미터: 0.0796M (감소율: 96.81%)
2026-03-04 09:40:50,321 - INFO - FPGM Pruning을 시작합니다.
2026-03-04 09:40:50,321 - INFO - 분류 레이어 'Linear'을(를) Pruning 대상에서 제외합니다.
2026-03-04 09:40:50,787 - INFO - torch-pruning 완료. 모델 구조가 희소도(0.8359375)에 맞춰 변경되었습니다.
2026-03-04 09:40:50,788 - INFO - ==================================================
2026-03-04 09:40:50,792 - INFO -   [탐색 64] 희소도: 0.8359 -> 파라미터: 0.0796M (감소율: 96.81%)
2026-03-04 09:40:50,916 - INFO - FPGM Pruning을 시작합니다.
2026-03-04 09:40:50,917 - INFO - 분류 레이어 'Linear'을(를) Pruning 대상에서 제외합니다.
2026-03-04 09:40:51,287 - INFO - torch-pruning 완료. 모델 구조가 희소도(0.8359375)에 맞춰 변경되었습니다.
2026-03-04 09:40:51,288 - INFO - ==================================================
2026-03-04 09:40:51,291 - INFO -   [탐색 65] 희소도: 0.8359 -> 파라미터: 0.0796M (감소율: 96.81%)
2026-03-04 09:40:51,380 - INFO - FPGM Pruning을 시작합니다.
2026-03-04 09:40:51,381 - INFO - 분류 레이어 'Linear'을(를) Pruning 대상에서 제외합니다.
2026-03-04 09:40:51,687 - INFO - torch-pruning 완료. 모델 구조가 희소도(0.8359375)에 맞춰 변경되었습니다.
2026-03-04 09:40:51,688 - INFO - ==================================================
2026-03-04 09:40:51,693 - INFO -   [탐색 66] 희소도: 0.8359 -> 파라미터: 0.0796M (감소율: 96.81%)
2026-03-04 09:40:51,772 - INFO - FPGM Pruning을 시작합니다.
2026-03-04 09:40:51,772 - INFO - 분류 레이어 'Linear'을(를) Pruning 대상에서 제외합니다.
2026-03-04 09:40:52,131 - INFO - torch-pruning 완료. 모델 구조가 희소도(0.8359375)에 맞춰 변경되었습니다.
2026-03-04 09:40:52,132 - INFO - ==================================================
2026-03-04 09:40:52,137 - INFO -   [탐색 67] 희소도: 0.8359 -> 파라미터: 0.0796M (감소율: 96.81%)
2026-03-04 09:40:52,236 - INFO - FPGM Pruning을 시작합니다.
2026-03-04 09:40:52,237 - INFO - 분류 레이어 'Linear'을(를) Pruning 대상에서 제외합니다.
2026-03-04 09:40:53,034 - INFO - torch-pruning 완료. 모델 구조가 희소도(0.8359375)에 맞춰 변경되었습니다.
2026-03-04 09:40:53,034 - INFO - ==================================================
2026-03-04 09:40:53,039 - INFO -   [탐색 68] 희소도: 0.8359 -> 파라미터: 0.0796M (감소율: 96.81%)
2026-03-04 09:40:53,116 - INFO - FPGM Pruning을 시작합니다.
2026-03-04 09:40:53,117 - INFO - 분류 레이어 'Linear'을(를) Pruning 대상에서 제외합니다.
2026-03-04 09:40:53,455 - INFO - torch-pruning 완료. 모델 구조가 희소도(0.8359375)에 맞춰 변경되었습니다.
2026-03-04 09:40:53,456 - INFO - ==================================================
2026-03-04 09:40:53,460 - INFO -   [탐색 69] 희소도: 0.8359 -> 파라미터: 0.0796M (감소율: 96.81%)
2026-03-04 09:40:53,558 - INFO - FPGM Pruning을 시작합니다.
2026-03-04 09:40:53,558 - INFO - 분류 레이어 'Linear'을(를) Pruning 대상에서 제외합니다.
2026-03-04 09:40:53,883 - INFO - torch-pruning 완료. 모델 구조가 희소도(0.8359375)에 맞춰 변경되었습니다.
2026-03-04 09:40:53,884 - INFO - ==================================================
2026-03-04 09:40:53,887 - INFO -   [탐색 70] 희소도: 0.8359 -> 파라미터: 0.0796M (감소율: 96.81%)
2026-03-04 09:40:53,975 - INFO - FPGM Pruning을 시작합니다.
2026-03-04 09:40:53,975 - INFO - 분류 레이어 'Linear'을(를) Pruning 대상에서 제외합니다.
2026-03-04 09:40:54,270 - INFO - torch-pruning 완료. 모델 구조가 희소도(0.8359375)에 맞춰 변경되었습니다.
2026-03-04 09:40:54,270 - INFO - ==================================================
2026-03-04 09:40:54,273 - INFO -   [탐색 71] 희소도: 0.8359 -> 파라미터: 0.0796M (감소율: 96.81%)
2026-03-04 09:40:54,349 - INFO - FPGM Pruning을 시작합니다.
2026-03-04 09:40:54,349 - INFO - 분류 레이어 'Linear'을(를) Pruning 대상에서 제외합니다.
2026-03-04 09:40:54,633 - INFO - torch-pruning 완료. 모델 구조가 희소도(0.8359375)에 맞춰 변경되었습니다.
2026-03-04 09:40:54,633 - INFO - ==================================================
2026-03-04 09:40:54,636 - INFO -   [탐색 72] 희소도: 0.8359 -> 파라미터: 0.0796M (감소율: 96.81%)
2026-03-04 09:40:54,712 - INFO - FPGM Pruning을 시작합니다.
2026-03-04 09:40:54,713 - INFO - 분류 레이어 'Linear'을(를) Pruning 대상에서 제외합니다.
2026-03-04 09:40:54,991 - INFO - torch-pruning 완료. 모델 구조가 희소도(0.8359375)에 맞춰 변경되었습니다.
2026-03-04 09:40:54,991 - INFO - ==================================================
2026-03-04 09:40:54,994 - INFO -   [탐색 73] 희소도: 0.8359 -> 파라미터: 0.0796M (감소율: 96.81%)
2026-03-04 09:40:55,071 - INFO - FPGM Pruning을 시작합니다.
2026-03-04 09:40:55,071 - INFO - 분류 레이어 'Linear'을(를) Pruning 대상에서 제외합니다.
2026-03-04 09:40:55,359 - INFO - torch-pruning 완료. 모델 구조가 희소도(0.8359375)에 맞춰 변경되었습니다.
2026-03-04 09:40:55,359 - INFO - ==================================================
2026-03-04 09:40:55,362 - INFO -   [탐색 74] 희소도: 0.8359 -> 파라미터: 0.0796M (감소율: 96.81%)
2026-03-04 09:40:55,444 - INFO - FPGM Pruning을 시작합니다.
2026-03-04 09:40:55,445 - INFO - 분류 레이어 'Linear'을(를) Pruning 대상에서 제외합니다.
2026-03-04 09:40:55,729 - INFO - torch-pruning 완료. 모델 구조가 희소도(0.8359375)에 맞춰 변경되었습니다.
2026-03-04 09:40:55,729 - INFO - ==================================================
2026-03-04 09:40:55,732 - INFO -   [탐색 75] 희소도: 0.8359 -> 파라미터: 0.0796M (감소율: 96.81%)
2026-03-04 09:40:55,808 - INFO - FPGM Pruning을 시작합니다.
2026-03-04 09:40:55,809 - INFO - 분류 레이어 'Linear'을(를) Pruning 대상에서 제외합니다.
2026-03-04 09:40:56,083 - INFO - torch-pruning 완료. 모델 구조가 희소도(0.8359375)에 맞춰 변경되었습니다.
2026-03-04 09:40:56,084 - INFO - ==================================================
2026-03-04 09:40:56,087 - INFO -   [탐색 76] 희소도: 0.8359 -> 파라미터: 0.0796M (감소율: 96.81%)
2026-03-04 09:40:56,174 - INFO - FPGM Pruning을 시작합니다.
2026-03-04 09:40:56,175 - INFO - 분류 레이어 'Linear'을(를) Pruning 대상에서 제외합니다.
2026-03-04 09:40:56,461 - INFO - torch-pruning 완료. 모델 구조가 희소도(0.8359375)에 맞춰 변경되었습니다.
2026-03-04 09:40:56,461 - INFO - ==================================================
2026-03-04 09:40:56,465 - INFO -   [탐색 77] 희소도: 0.8359 -> 파라미터: 0.0796M (감소율: 96.81%)
2026-03-04 09:40:56,541 - INFO - FPGM Pruning을 시작합니다.
2026-03-04 09:40:56,541 - INFO - 분류 레이어 'Linear'을(를) Pruning 대상에서 제외합니다.
2026-03-04 09:40:56,810 - INFO - torch-pruning 완료. 모델 구조가 희소도(0.8359375)에 맞춰 변경되었습니다.
2026-03-04 09:40:56,810 - INFO - ==================================================
2026-03-04 09:40:56,813 - INFO -   [탐색 78] 희소도: 0.8359 -> 파라미터: 0.0796M (감소율: 96.81%)
2026-03-04 09:40:56,889 - INFO - FPGM Pruning을 시작합니다.
2026-03-04 09:40:56,890 - INFO - 분류 레이어 'Linear'을(를) Pruning 대상에서 제외합니다.
2026-03-04 09:40:57,159 - INFO - torch-pruning 완료. 모델 구조가 희소도(0.8359375)에 맞춰 변경되었습니다.
2026-03-04 09:40:57,159 - INFO - ==================================================
2026-03-04 09:40:57,162 - INFO -   [탐색 79] 희소도: 0.8359 -> 파라미터: 0.0796M (감소율: 96.81%)
2026-03-04 09:40:57,237 - INFO - FPGM Pruning을 시작합니다.
2026-03-04 09:40:57,238 - INFO - 분류 레이어 'Linear'을(를) Pruning 대상에서 제외합니다.
2026-03-04 09:40:57,933 - INFO - torch-pruning 완료. 모델 구조가 희소도(0.8359375)에 맞춰 변경되었습니다.
2026-03-04 09:40:57,933 - INFO - ==================================================
2026-03-04 09:40:57,938 - INFO -   [탐색 80] 희소도: 0.8359 -> 파라미터: 0.0796M (감소율: 96.81%)
2026-03-04 09:40:58,013 - INFO - FPGM Pruning을 시작합니다.
2026-03-04 09:40:58,013 - INFO - 분류 레이어 'Linear'을(를) Pruning 대상에서 제외합니다.
2026-03-04 09:40:58,282 - INFO - torch-pruning 완료. 모델 구조가 희소도(0.8359375)에 맞춰 변경되었습니다.
2026-03-04 09:40:58,282 - INFO - ==================================================
2026-03-04 09:40:58,285 - INFO -   [탐색 81] 희소도: 0.8359 -> 파라미터: 0.0796M (감소율: 96.81%)
2026-03-04 09:40:58,361 - INFO - FPGM Pruning을 시작합니다.
2026-03-04 09:40:58,361 - INFO - 분류 레이어 'Linear'을(를) Pruning 대상에서 제외합니다.
2026-03-04 09:40:58,644 - INFO - torch-pruning 완료. 모델 구조가 희소도(0.8359375)에 맞춰 변경되었습니다.
2026-03-04 09:40:58,645 - INFO - ==================================================
2026-03-04 09:40:58,648 - INFO -   [탐색 82] 희소도: 0.8359 -> 파라미터: 0.0796M (감소율: 96.81%)
2026-03-04 09:40:58,727 - INFO - FPGM Pruning을 시작합니다.
2026-03-04 09:40:58,728 - INFO - 분류 레이어 'Linear'을(를) Pruning 대상에서 제외합니다.
2026-03-04 09:40:59,029 - INFO - torch-pruning 완료. 모델 구조가 희소도(0.8359375)에 맞춰 변경되었습니다.
2026-03-04 09:40:59,029 - INFO - ==================================================
2026-03-04 09:40:59,032 - INFO -   [탐색 83] 희소도: 0.8359 -> 파라미터: 0.0796M (감소율: 96.81%)
2026-03-04 09:40:59,110 - INFO - FPGM Pruning을 시작합니다.
2026-03-04 09:40:59,110 - INFO - 분류 레이어 'Linear'을(를) Pruning 대상에서 제외합니다.
2026-03-04 09:40:59,411 - INFO - torch-pruning 완료. 모델 구조가 희소도(0.8359375)에 맞춰 변경되었습니다.
2026-03-04 09:40:59,412 - INFO - ==================================================
2026-03-04 09:40:59,417 - INFO -   [탐색 84] 희소도: 0.8359 -> 파라미터: 0.0796M (감소율: 96.81%)
2026-03-04 09:40:59,518 - INFO - FPGM Pruning을 시작합니다.
2026-03-04 09:40:59,518 - INFO - 분류 레이어 'Linear'을(를) Pruning 대상에서 제외합니다.
2026-03-04 09:40:59,781 - INFO - torch-pruning 완료. 모델 구조가 희소도(0.8359375)에 맞춰 변경되었습니다.
2026-03-04 09:40:59,782 - INFO - ==================================================
2026-03-04 09:40:59,785 - INFO -   [탐색 85] 희소도: 0.8359 -> 파라미터: 0.0796M (감소율: 96.81%)
2026-03-04 09:40:59,862 - INFO - FPGM Pruning을 시작합니다.
2026-03-04 09:40:59,862 - INFO - 분류 레이어 'Linear'을(를) Pruning 대상에서 제외합니다.
2026-03-04 09:41:00,124 - INFO - torch-pruning 완료. 모델 구조가 희소도(0.8359375)에 맞춰 변경되었습니다.
2026-03-04 09:41:00,124 - INFO - ==================================================
2026-03-04 09:41:00,127 - INFO -   [탐색 86] 희소도: 0.8359 -> 파라미터: 0.0796M (감소율: 96.81%)
2026-03-04 09:41:00,206 - INFO - FPGM Pruning을 시작합니다.
2026-03-04 09:41:00,206 - INFO - 분류 레이어 'Linear'을(를) Pruning 대상에서 제외합니다.
2026-03-04 09:41:00,500 - INFO - torch-pruning 완료. 모델 구조가 희소도(0.8359375)에 맞춰 변경되었습니다.
2026-03-04 09:41:00,501 - INFO - ==================================================
2026-03-04 09:41:00,504 - INFO -   [탐색 87] 희소도: 0.8359 -> 파라미터: 0.0796M (감소율: 96.81%)
2026-03-04 09:41:00,582 - INFO - FPGM Pruning을 시작합니다.
2026-03-04 09:41:00,582 - INFO - 분류 레이어 'Linear'을(를) Pruning 대상에서 제외합니다.
2026-03-04 09:41:00,846 - INFO - torch-pruning 완료. 모델 구조가 희소도(0.8359375)에 맞춰 변경되었습니다.
2026-03-04 09:41:00,847 - INFO - ==================================================
2026-03-04 09:41:00,850 - INFO -   [탐색 88] 희소도: 0.8359 -> 파라미터: 0.0796M (감소율: 96.81%)
2026-03-04 09:41:00,928 - INFO - FPGM Pruning을 시작합니다.
2026-03-04 09:41:00,928 - INFO - 분류 레이어 'Linear'을(를) Pruning 대상에서 제외합니다.
2026-03-04 09:41:01,243 - INFO - torch-pruning 완료. 모델 구조가 희소도(0.8359375)에 맞춰 변경되었습니다.
2026-03-04 09:41:01,243 - INFO - ==================================================
2026-03-04 09:41:01,246 - INFO -   [탐색 89] 희소도: 0.8359 -> 파라미터: 0.0796M (감소율: 96.81%)
2026-03-04 09:41:01,325 - INFO - FPGM Pruning을 시작합니다.
2026-03-04 09:41:01,325 - INFO - 분류 레이어 'Linear'을(를) Pruning 대상에서 제외합니다.
2026-03-04 09:41:01,612 - INFO - torch-pruning 완료. 모델 구조가 희소도(0.8359375)에 맞춰 변경되었습니다.
2026-03-04 09:41:01,612 - INFO - ==================================================
2026-03-04 09:41:01,615 - INFO -   [탐색 90] 희소도: 0.8359 -> 파라미터: 0.0796M (감소율: 96.81%)
2026-03-04 09:41:01,710 - INFO - FPGM Pruning을 시작합니다.
2026-03-04 09:41:01,711 - INFO - 분류 레이어 'Linear'을(를) Pruning 대상에서 제외합니다.
2026-03-04 09:41:02,428 - INFO - torch-pruning 완료. 모델 구조가 희소도(0.8359375)에 맞춰 변경되었습니다.
2026-03-04 09:41:02,429 - INFO - ==================================================
2026-03-04 09:41:02,433 - INFO -   [탐색 91] 희소도: 0.8359 -> 파라미터: 0.0796M (감소율: 96.81%)
2026-03-04 09:41:02,513 - INFO - FPGM Pruning을 시작합니다.
2026-03-04 09:41:02,513 - INFO - 분류 레이어 'Linear'을(를) Pruning 대상에서 제외합니다.
2026-03-04 09:41:02,791 - INFO - torch-pruning 완료. 모델 구조가 희소도(0.8359375)에 맞춰 변경되었습니다.
2026-03-04 09:41:02,792 - INFO - ==================================================
2026-03-04 09:41:02,794 - INFO -   [탐색 92] 희소도: 0.8359 -> 파라미터: 0.0796M (감소율: 96.81%)
2026-03-04 09:41:02,880 - INFO - FPGM Pruning을 시작합니다.
2026-03-04 09:41:02,881 - INFO - 분류 레이어 'Linear'을(를) Pruning 대상에서 제외합니다.
2026-03-04 09:41:03,204 - INFO - torch-pruning 완료. 모델 구조가 희소도(0.8359375)에 맞춰 변경되었습니다.
2026-03-04 09:41:03,204 - INFO - ==================================================
2026-03-04 09:41:03,207 - INFO -   [탐색 93] 희소도: 0.8359 -> 파라미터: 0.0796M (감소율: 96.81%)
2026-03-04 09:41:03,284 - INFO - FPGM Pruning을 시작합니다.
2026-03-04 09:41:03,285 - INFO - 분류 레이어 'Linear'을(를) Pruning 대상에서 제외합니다.
2026-03-04 09:41:03,615 - INFO - torch-pruning 완료. 모델 구조가 희소도(0.8359375)에 맞춰 변경되었습니다.
2026-03-04 09:41:03,616 - INFO - ==================================================
2026-03-04 09:41:03,619 - INFO -   [탐색 94] 희소도: 0.8359 -> 파라미터: 0.0796M (감소율: 96.81%)
2026-03-04 09:41:03,701 - INFO - FPGM Pruning을 시작합니다.
2026-03-04 09:41:03,702 - INFO - 분류 레이어 'Linear'을(를) Pruning 대상에서 제외합니다.
2026-03-04 09:41:04,023 - INFO - torch-pruning 완료. 모델 구조가 희소도(0.8359375)에 맞춰 변경되었습니다.
2026-03-04 09:41:04,024 - INFO - ==================================================
2026-03-04 09:41:04,027 - INFO -   [탐색 95] 희소도: 0.8359 -> 파라미터: 0.0796M (감소율: 96.81%)
2026-03-04 09:41:04,106 - INFO - FPGM Pruning을 시작합니다.
2026-03-04 09:41:04,106 - INFO - 분류 레이어 'Linear'을(를) Pruning 대상에서 제외합니다.
2026-03-04 09:41:04,397 - INFO - torch-pruning 완료. 모델 구조가 희소도(0.8359375)에 맞춰 변경되었습니다.
2026-03-04 09:41:04,397 - INFO - ==================================================
2026-03-04 09:41:04,400 - INFO -   [탐색 96] 희소도: 0.8359 -> 파라미터: 0.0796M (감소율: 96.81%)
2026-03-04 09:41:04,478 - INFO - FPGM Pruning을 시작합니다.
2026-03-04 09:41:04,479 - INFO - 분류 레이어 'Linear'을(를) Pruning 대상에서 제외합니다.
2026-03-04 09:41:04,775 - INFO - torch-pruning 완료. 모델 구조가 희소도(0.8359375)에 맞춰 변경되었습니다.
2026-03-04 09:41:04,775 - INFO - ==================================================
2026-03-04 09:41:04,778 - INFO -   [탐색 97] 희소도: 0.8359 -> 파라미터: 0.0796M (감소율: 96.81%)
2026-03-04 09:41:04,856 - INFO - FPGM Pruning을 시작합니다.
2026-03-04 09:41:04,856 - INFO - 분류 레이어 'Linear'을(를) Pruning 대상에서 제외합니다.
2026-03-04 09:41:05,145 - INFO - torch-pruning 완료. 모델 구조가 희소도(0.8359375)에 맞춰 변경되었습니다.
2026-03-04 09:41:05,145 - INFO - ==================================================
2026-03-04 09:41:05,148 - INFO -   [탐색 98] 희소도: 0.8359 -> 파라미터: 0.0796M (감소율: 96.81%)
2026-03-04 09:41:05,270 - INFO - FPGM Pruning을 시작합니다.
2026-03-04 09:41:05,271 - INFO - 분류 레이어 'Linear'을(를) Pruning 대상에서 제외합니다.
2026-03-04 09:41:05,728 - INFO - torch-pruning 완료. 모델 구조가 희소도(0.8359375)에 맞춰 변경되었습니다.
2026-03-04 09:41:05,729 - INFO - ==================================================
2026-03-04 09:41:05,733 - INFO -   [탐색 99] 희소도: 0.8359 -> 파라미터: 0.0796M (감소율: 96.81%)
2026-03-04 09:41:05,857 - INFO - FPGM Pruning을 시작합니다.
2026-03-04 09:41:05,858 - INFO - 분류 레이어 'Linear'을(를) Pruning 대상에서 제외합니다.
2026-03-04 09:41:06,184 - INFO - torch-pruning 완료. 모델 구조가 희소도(0.8359375)에 맞춰 변경되었습니다.
2026-03-04 09:41:06,184 - INFO - ==================================================
2026-03-04 09:41:06,187 - INFO -   [탐색 100] 희소도: 0.8359 -> 파라미터: 0.0796M (감소율: 96.81%)
2026-03-04 09:41:06,187 - INFO - 탐색 완료. 목표 파라미터 수(0.0783M)에 가장 근접한 최적 희소도는 0.8363 입니다.
2026-03-04 09:41:06,187 - INFO - ================================================================================
2026-03-04 09:41:06,276 - INFO - Pruning 전 원본 모델의 FLOPs를 측정합니다.
2026-03-04 09:41:06,467 - INFO - FPGM Pruning을 시작합니다.
2026-03-04 09:41:06,468 - INFO - 분류 레이어 'Linear'을(를) Pruning 대상에서 제외합니다.
2026-03-04 09:41:06,777 - INFO - torch-pruning 완료. 모델 구조가 희소도(0.8362792968749999)에 맞춰 변경되었습니다.
2026-03-04 09:41:06,777 - INFO - ==================================================
2026-03-04 09:41:06,781 - INFO - ==================================================
2026-03-04 09:41:06,781 - INFO - 모델 파라미터 수:
2026-03-04 09:41:06,781 - INFO -   - 총 파라미터: 77,987 개
2026-03-04 09:41:06,781 - INFO -   - 학습 가능한 파라미터: 77,987 개
2026-03-04 09:41:06,932 - INFO - Pruning 후 모델의 FLOPs를 측정합니다.
2026-03-04 09:41:07,539 - INFO - FLOPs가 0.3853 GFLOPs에서 0.0164 GFLOPs로 감소했습니다 (감소율: 95.76%).
2026-03-04 09:41:07,805 - INFO - Pruning 정보(희소도: 0.8363)를 'log/Sewer_TAPNEW_params/baseline_mobilenet_v4_s_fpgm_20260304_093741/pruning_info.yaml'에 저장했습니다.
2026-03-04 09:41:07,806 - INFO - 미세 조정을 위한 새로운 옵티마이저와 스케줄러를 생성합니다.
2026-03-04 09:41:07,806 - INFO - 옵티마이저: AdamW (lr=0.001, weight_decay=0.0001)
2026-03-04 09:41:07,808 - INFO - 스케줄러: CosineAnnealingLR (T_max=80, eta_min=0.0001)
2026-03-04 09:41:07,809 - INFO - ==================================================
2026-03-04 09:41:07,809 - INFO - train 모드를 시작합니다.
2026-03-04 09:41:07,809 - INFO - 손실 함수: CrossEntropyLoss (label_smoothing: 0.1)
2026-03-04 09:41:07,809 - INFO - Best metric을 초기값(inf)으로 설정합니다.
2026-03-04 09:41:07,809 - INFO - --------------------------------------------------
2026-03-04 09:41:07,812 - INFO - [LR]    [11/90] | Learning Rate: 0.001000
2026-03-04 09:41:19,449 - INFO - [Train] [11/90] | Loss: 0.8888 | Train Acc: 64.66%
2026-03-04 09:41:23,370 - INFO - [Valid] [11/90] | Loss: 0.6114 | Val Acc: 68.14%
2026-03-04 09:41:23,408 - INFO - [Metrics for 'abnormal'] | Precision: 0.6485 | Recall: 0.6815 | F1: 0.6646
2026-03-04 09:41:23,408 - INFO - [Metrics for 'normal'] | Precision: 0.7126 | Recall: 0.6813 | F1: 0.6966
2026-03-04 09:41:23,526 - INFO - [Best Model Saved] (val loss: 0.6114) -> 'log/Sewer_TAPNEW_params/baseline_mobilenet_v4_s_fpgm_20260304_093741/best_model.pth'
2026-03-04 09:41:23,528 - INFO - --------------------------------------------------
2026-03-04 09:41:23,535 - INFO - [LR]    [12/90] | Learning Rate: 0.001000
2026-03-04 09:41:35,237 - INFO - [Train] [12/90] | Loss: 0.6047 | Train Acc: 72.10%
2026-03-04 09:41:38,979 - INFO - [Valid] [12/90] | Loss: 0.7041 | Val Acc: 64.31%
2026-03-04 09:41:39,015 - INFO - [Metrics for 'abnormal'] | Precision: 0.5709 | Recall: 0.9236 | F1: 0.7056
2026-03-04 09:41:39,016 - INFO - [Metrics for 'normal'] | Precision: 0.8588 | Recall: 0.4011 | F1: 0.5468
2026-03-04 09:41:39,034 - INFO - --------------------------------------------------
2026-03-04 09:41:39,043 - INFO - [LR]    [13/90] | Learning Rate: 0.000999
2026-03-04 09:41:50,804 - INFO - [Train] [13/90] | Loss: 0.5754 | Train Acc: 74.48%
2026-03-04 09:41:54,562 - INFO - [Valid] [13/90] | Loss: 0.5900 | Val Acc: 74.34%
2026-03-04 09:41:54,594 - INFO - [Metrics for 'abnormal'] | Precision: 0.8182 | Recall: 0.5732 | F1: 0.6742
2026-03-04 09:41:54,594 - INFO - [Metrics for 'normal'] | Precision: 0.7074 | Recall: 0.8901 | F1: 0.7883
2026-03-04 09:41:54,693 - INFO - [Best Model Saved] (val loss: 0.5900) -> 'log/Sewer_TAPNEW_params/baseline_mobilenet_v4_s_fpgm_20260304_093741/best_model.pth'
2026-03-04 09:41:54,694 - INFO - --------------------------------------------------
2026-03-04 09:41:54,700 - INFO - [LR]    [14/90] | Learning Rate: 0.000997
2026-03-04 09:42:07,138 - INFO - [Train] [14/90] | Loss: 0.5558 | Train Acc: 75.82%
2026-03-04 09:42:10,511 - INFO - [Valid] [14/90] | Loss: 1.0367 | Val Acc: 47.49%
2026-03-04 09:42:10,545 - INFO - [Metrics for 'abnormal'] | Precision: 0.4683 | Recall: 0.9873 | F1: 0.6352
2026-03-04 09:42:10,545 - INFO - [Metrics for 'normal'] | Precision: 0.7500 | Recall: 0.0330 | F1: 0.0632
2026-03-04 09:42:10,556 - INFO - --------------------------------------------------
2026-03-04 09:42:10,562 - INFO - [LR]    [15/90] | Learning Rate: 0.000994
2026-03-04 09:42:22,623 - INFO - [Train] [15/90] | Loss: 0.5491 | Train Acc: 76.64%
2026-03-04 09:42:26,175 - INFO - [Valid] [15/90] | Loss: 0.5497 | Val Acc: 75.22%
2026-03-04 09:42:26,199 - INFO - [Metrics for 'abnormal'] | Precision: 0.7704 | Recall: 0.6624 | F1: 0.7123
2026-03-04 09:42:26,199 - INFO - [Metrics for 'normal'] | Precision: 0.7402 | Recall: 0.8297 | F1: 0.7824
2026-03-04 09:42:26,272 - INFO - [Best Model Saved] (val loss: 0.5497) -> 'log/Sewer_TAPNEW_params/baseline_mobilenet_v4_s_fpgm_20260304_093741/best_model.pth'
2026-03-04 09:42:26,272 - INFO - --------------------------------------------------
2026-03-04 09:42:26,276 - INFO - [LR]    [16/90] | Learning Rate: 0.000991
2026-03-04 09:42:38,012 - INFO - [Train] [16/90] | Loss: 0.5113 | Train Acc: 78.57%
2026-03-04 09:42:41,711 - INFO - [Valid] [16/90] | Loss: 0.5848 | Val Acc: 72.27%
2026-03-04 09:42:41,739 - INFO - [Metrics for 'abnormal'] | Precision: 0.6615 | Recall: 0.8217 | F1: 0.7330
2026-03-04 09:42:41,740 - INFO - [Metrics for 'normal'] | Precision: 0.8056 | Recall: 0.6374 | F1: 0.7117
2026-03-04 09:42:41,754 - INFO - --------------------------------------------------
2026-03-04 09:42:41,761 - INFO - [LR]    [17/90] | Learning Rate: 0.000988
2026-03-04 09:42:53,702 - INFO - [Train] [17/90] | Loss: 0.5259 | Train Acc: 79.02%
2026-03-04 09:42:57,434 - INFO - [Valid] [17/90] | Loss: 0.5706 | Val Acc: 74.63%
2026-03-04 09:42:57,462 - INFO - [Metrics for 'abnormal'] | Precision: 0.7518 | Recall: 0.6752 | F1: 0.7114
2026-03-04 09:42:57,462 - INFO - [Metrics for 'normal'] | Precision: 0.7424 | Recall: 0.8077 | F1: 0.7737
2026-03-04 09:42:57,472 - INFO - --------------------------------------------------
2026-03-04 09:42:57,478 - INFO - [LR]    [18/90] | Learning Rate: 0.000983
2026-03-04 09:43:09,317 - INFO - [Train] [18/90] | Loss: 0.5122 | Train Acc: 78.94%
2026-03-04 09:43:13,012 - INFO - [Valid] [18/90] | Loss: 0.5788 | Val Acc: 73.45%
2026-03-04 09:43:13,031 - INFO - [Metrics for 'abnormal'] | Precision: 0.6736 | Recall: 0.8280 | F1: 0.7429
2026-03-04 09:43:13,032 - INFO - [Metrics for 'normal'] | Precision: 0.8151 | Recall: 0.6538 | F1: 0.7256
2026-03-04 09:43:13,039 - INFO - --------------------------------------------------
2026-03-04 09:43:13,043 - INFO - [LR]    [19/90] | Learning Rate: 0.000978
2026-03-04 09:43:25,239 - INFO - [Train] [19/90] | Loss: 0.5076 | Train Acc: 80.36%
2026-03-04 09:43:28,843 - INFO - [Valid] [19/90] | Loss: 0.5387 | Val Acc: 77.88%
2026-03-04 09:43:28,871 - INFO - [Metrics for 'abnormal'] | Precision: 0.7662 | Recall: 0.7516 | F1: 0.7588
2026-03-04 09:43:28,871 - INFO - [Metrics for 'normal'] | Precision: 0.7892 | Recall: 0.8022 | F1: 0.7956
2026-03-04 09:43:28,962 - INFO - [Best Model Saved] (val loss: 0.5387) -> 'log/Sewer_TAPNEW_params/baseline_mobilenet_v4_s_fpgm_20260304_093741/best_model.pth'
2026-03-04 09:43:28,963 - INFO - --------------------------------------------------
2026-03-04 09:43:28,969 - INFO - [LR]    [20/90] | Learning Rate: 0.000972
2026-03-04 09:43:40,965 - INFO - [Train] [20/90] | Loss: 0.4942 | Train Acc: 79.69%
2026-03-04 09:43:44,666 - INFO - [Valid] [20/90] | Loss: 0.5805 | Val Acc: 72.86%
2026-03-04 09:43:44,695 - INFO - [Metrics for 'abnormal'] | Precision: 0.7876 | Recall: 0.5669 | F1: 0.6593
2026-03-04 09:43:44,695 - INFO - [Metrics for 'normal'] | Precision: 0.6991 | Recall: 0.8681 | F1: 0.7745
2026-03-04 09:43:44,705 - INFO - --------------------------------------------------
2026-03-04 09:43:44,711 - INFO - [LR]    [21/90] | Learning Rate: 0.000966
2026-03-04 09:43:56,218 - INFO - [Train] [21/90] | Loss: 0.4882 | Train Acc: 80.88%
2026-03-04 09:44:00,068 - INFO - [Valid] [21/90] | Loss: 0.5322 | Val Acc: 78.76%
2026-03-04 09:44:00,087 - INFO - [Metrics for 'abnormal'] | Precision: 0.7673 | Recall: 0.7771 | F1: 0.7722
2026-03-04 09:44:00,088 - INFO - [Metrics for 'normal'] | Precision: 0.8056 | Recall: 0.7967 | F1: 0.8011
2026-03-04 09:44:00,146 - INFO - [Best Model Saved] (val loss: 0.5322) -> 'log/Sewer_TAPNEW_params/baseline_mobilenet_v4_s_fpgm_20260304_093741/best_model.pth'
2026-03-04 09:44:00,146 - INFO - --------------------------------------------------
2026-03-04 09:44:00,150 - INFO - [LR]    [22/90] | Learning Rate: 0.000959
2026-03-04 09:44:12,097 - INFO - [Train] [22/90] | Loss: 0.4802 | Train Acc: 80.95%
2026-03-04 09:44:15,526 - INFO - [Valid] [22/90] | Loss: 0.5426 | Val Acc: 77.29%
2026-03-04 09:44:15,546 - INFO - [Metrics for 'abnormal'] | Precision: 0.7469 | Recall: 0.7707 | F1: 0.7586
2026-03-04 09:44:15,546 - INFO - [Metrics for 'normal'] | Precision: 0.7966 | Recall: 0.7747 | F1: 0.7855
2026-03-04 09:44:15,553 - INFO - --------------------------------------------------
2026-03-04 09:44:15,556 - INFO - [LR]    [23/90] | Learning Rate: 0.000951
2026-03-04 09:44:27,369 - INFO - [Train] [23/90] | Loss: 0.4783 | Train Acc: 81.77%
2026-03-04 09:44:31,056 - INFO - [Valid] [23/90] | Loss: 0.5756 | Val Acc: 77.88%
2026-03-04 09:44:31,084 - INFO - [Metrics for 'abnormal'] | Precision: 0.7071 | Recall: 0.8917 | F1: 0.7887
2026-03-04 09:44:31,084 - INFO - [Metrics for 'normal'] | Precision: 0.8794 | Recall: 0.6813 | F1: 0.7678
2026-03-04 09:44:31,093 - INFO - --------------------------------------------------
2026-03-04 09:44:31,099 - INFO - [LR]    [24/90] | Learning Rate: 0.000943
2026-03-04 09:44:43,253 - INFO - [Train] [24/90] | Loss: 0.4768 | Train Acc: 82.37%
2026-03-04 09:44:46,862 - INFO - [Valid] [24/90] | Loss: 0.5343 | Val Acc: 76.70%
2026-03-04 09:44:46,890 - INFO - [Metrics for 'abnormal'] | Precision: 0.7407 | Recall: 0.7643 | F1: 0.7524
2026-03-04 09:44:46,891 - INFO - [Metrics for 'normal'] | Precision: 0.7910 | Recall: 0.7692 | F1: 0.7799
2026-03-04 09:44:46,900 - INFO - --------------------------------------------------
2026-03-04 09:44:46,906 - INFO - [LR]    [25/90] | Learning Rate: 0.000934
2026-03-04 09:44:58,550 - INFO - [Train] [25/90] | Loss: 0.4713 | Train Acc: 82.51%
2026-03-04 09:45:02,216 - INFO - [Valid] [25/90] | Loss: 0.5156 | Val Acc: 78.76%
2026-03-04 09:45:02,245 - INFO - [Metrics for 'abnormal'] | Precision: 0.7485 | Recall: 0.8153 | F1: 0.7805
2026-03-04 09:45:02,245 - INFO - [Metrics for 'normal'] | Precision: 0.8274 | Recall: 0.7637 | F1: 0.7943
2026-03-04 09:45:02,332 - INFO - [Best Model Saved] (val loss: 0.5156) -> 'log/Sewer_TAPNEW_params/baseline_mobilenet_v4_s_fpgm_20260304_093741/best_model.pth'
2026-03-04 09:45:02,332 - INFO - --------------------------------------------------
2026-03-04 09:45:02,336 - INFO - [LR]    [26/90] | Learning Rate: 0.000924
2026-03-04 09:45:13,853 - INFO - [Train] [26/90] | Loss: 0.4724 | Train Acc: 82.44%
2026-03-04 09:45:17,225 - INFO - [Valid] [26/90] | Loss: 0.5997 | Val Acc: 74.93%
2026-03-04 09:45:17,253 - INFO - [Metrics for 'abnormal'] | Precision: 0.8529 | Recall: 0.5541 | F1: 0.6718
2026-03-04 09:45:17,253 - INFO - [Metrics for 'normal'] | Precision: 0.7046 | Recall: 0.9176 | F1: 0.7971
2026-03-04 09:45:17,263 - INFO - --------------------------------------------------
2026-03-04 09:45:17,268 - INFO - [LR]    [27/90] | Learning Rate: 0.000914
2026-03-04 09:45:28,903 - INFO - [Train] [27/90] | Loss: 0.4510 | Train Acc: 83.85%
2026-03-04 09:45:32,512 - INFO - [Valid] [27/90] | Loss: 0.5110 | Val Acc: 79.35%
2026-03-04 09:45:32,535 - INFO - [Metrics for 'abnormal'] | Precision: 0.7736 | Recall: 0.7834 | F1: 0.7785
2026-03-04 09:45:32,536 - INFO - [Metrics for 'normal'] | Precision: 0.8111 | Recall: 0.8022 | F1: 0.8066
2026-03-04 09:45:32,605 - INFO - [Best Model Saved] (val loss: 0.5110) -> 'log/Sewer_TAPNEW_params/baseline_mobilenet_v4_s_fpgm_20260304_093741/best_model.pth'
2026-03-04 09:45:32,606 - INFO - --------------------------------------------------
2026-03-04 09:45:32,610 - INFO - [LR]    [28/90] | Learning Rate: 0.000903
2026-03-04 09:45:44,226 - INFO - [Train] [28/90] | Loss: 0.4566 | Train Acc: 82.59%
2026-03-04 09:45:47,992 - INFO - [Valid] [28/90] | Loss: 0.5536 | Val Acc: 78.17%
2026-03-04 09:45:48,011 - INFO - [Metrics for 'abnormal'] | Precision: 0.7610 | Recall: 0.7707 | F1: 0.7658
2026-03-04 09:45:48,011 - INFO - [Metrics for 'normal'] | Precision: 0.8000 | Recall: 0.7912 | F1: 0.7956
2026-03-04 09:45:48,018 - INFO - --------------------------------------------------
2026-03-04 09:45:48,021 - INFO - [LR]    [29/90] | Learning Rate: 0.000892
2026-03-04 09:45:59,493 - INFO - [Train] [29/90] | Loss: 0.4532 | Train Acc: 84.15%
2026-03-04 09:46:03,492 - INFO - [Valid] [29/90] | Loss: 0.5083 | Val Acc: 80.53%
2026-03-04 09:46:03,513 - INFO - [Metrics for 'abnormal'] | Precision: 0.8227 | Recall: 0.7389 | F1: 0.7785
2026-03-04 09:46:03,514 - INFO - [Metrics for 'normal'] | Precision: 0.7929 | Recall: 0.8626 | F1: 0.8263
2026-03-04 09:46:03,572 - INFO - [Best Model Saved] (val loss: 0.5083) -> 'log/Sewer_TAPNEW_params/baseline_mobilenet_v4_s_fpgm_20260304_093741/best_model.pth'
2026-03-04 09:46:03,572 - INFO - --------------------------------------------------
2026-03-04 09:46:03,576 - INFO - [LR]    [30/90] | Learning Rate: 0.000880
2026-03-04 09:46:15,574 - INFO - [Train] [30/90] | Loss: 0.4583 | Train Acc: 82.59%
2026-03-04 09:46:19,131 - INFO - [Valid] [30/90] | Loss: 0.5201 | Val Acc: 79.65%
2026-03-04 09:46:19,151 - INFO - [Metrics for 'abnormal'] | Precision: 0.7500 | Recall: 0.8408 | F1: 0.7928
2026-03-04 09:46:19,151 - INFO - [Metrics for 'normal'] | Precision: 0.8466 | Recall: 0.7582 | F1: 0.8000
2026-03-04 09:46:19,158 - INFO - --------------------------------------------------
2026-03-04 09:46:19,161 - INFO - [LR]    [31/90] | Learning Rate: 0.000868
2026-03-04 09:46:31,228 - INFO - [Train] [31/90] | Loss: 0.4586 | Train Acc: 82.14%
2026-03-04 09:46:34,513 - INFO - [Valid] [31/90] | Loss: 0.5736 | Val Acc: 79.35%
2026-03-04 09:46:34,545 - INFO - [Metrics for 'abnormal'] | Precision: 0.8718 | Recall: 0.6497 | F1: 0.7445
2026-03-04 09:46:34,545 - INFO - [Metrics for 'normal'] | Precision: 0.7523 | Recall: 0.9176 | F1: 0.8267
2026-03-04 09:46:34,556 - INFO - --------------------------------------------------
2026-03-04 09:46:34,561 - INFO - [LR]    [32/90] | Learning Rate: 0.000855
2026-03-04 09:46:45,887 - INFO - [Train] [32/90] | Loss: 0.4514 | Train Acc: 83.11%
2026-03-04 09:46:49,375 - INFO - [Valid] [32/90] | Loss: 0.5244 | Val Acc: 78.17%
2026-03-04 09:46:49,394 - INFO - [Metrics for 'abnormal'] | Precision: 0.8609 | Recall: 0.6306 | F1: 0.7279
2026-03-04 09:46:49,395 - INFO - [Metrics for 'normal'] | Precision: 0.7411 | Recall: 0.9121 | F1: 0.8177
2026-03-04 09:46:49,401 - INFO - --------------------------------------------------
2026-03-04 09:46:49,405 - INFO - [LR]    [33/90] | Learning Rate: 0.000842
2026-03-04 09:47:00,251 - INFO - [Train] [33/90] | Loss: 0.4303 | Train Acc: 84.75%
2026-03-04 09:47:03,638 - INFO - [Valid] [33/90] | Loss: 0.4972 | Val Acc: 80.24%
2026-03-04 09:47:03,657 - INFO - [Metrics for 'abnormal'] | Precision: 0.7711 | Recall: 0.8153 | F1: 0.7926
2026-03-04 09:47:03,658 - INFO - [Metrics for 'normal'] | Precision: 0.8324 | Recall: 0.7912 | F1: 0.8113
2026-03-04 09:47:03,714 - INFO - [Best Model Saved] (val loss: 0.4972) -> 'log/Sewer_TAPNEW_params/baseline_mobilenet_v4_s_fpgm_20260304_093741/best_model.pth'
2026-03-04 09:47:03,715 - INFO - --------------------------------------------------
2026-03-04 09:47:03,718 - INFO - [LR]    [34/90] | Learning Rate: 0.000829
2026-03-04 09:47:14,144 - INFO - [Train] [34/90] | Loss: 0.4338 | Train Acc: 85.71%
2026-03-04 09:47:17,606 - INFO - [Valid] [34/90] | Loss: 0.5107 | Val Acc: 81.71%
2026-03-04 09:47:17,628 - INFO - [Metrics for 'abnormal'] | Precision: 0.8065 | Recall: 0.7962 | F1: 0.8013
2026-03-04 09:47:17,628 - INFO - [Metrics for 'normal'] | Precision: 0.8261 | Recall: 0.8352 | F1: 0.8306
2026-03-04 09:47:17,635 - INFO - --------------------------------------------------
2026-03-04 09:47:17,639 - INFO - [LR]    [35/90] | Learning Rate: 0.000815
2026-03-04 09:47:27,678 - INFO - [Train] [35/90] | Loss: 0.4383 | Train Acc: 86.53%
2026-03-04 09:47:30,943 - INFO - [Valid] [35/90] | Loss: 0.5120 | Val Acc: 79.06%
2026-03-04 09:47:30,964 - INFO - [Metrics for 'abnormal'] | Precision: 0.7443 | Recall: 0.8344 | F1: 0.7868
2026-03-04 09:47:30,965 - INFO - [Metrics for 'normal'] | Precision: 0.8405 | Recall: 0.7527 | F1: 0.7942
2026-03-04 09:47:30,971 - INFO - --------------------------------------------------
2026-03-04 09:47:30,975 - INFO - [LR]    [36/90] | Learning Rate: 0.000800
2026-03-04 09:47:41,191 - INFO - [Train] [36/90] | Loss: 0.4349 | Train Acc: 85.86%
2026-03-04 09:47:44,218 - INFO - [Valid] [36/90] | Loss: 0.5392 | Val Acc: 78.76%
2026-03-04 09:47:44,251 - INFO - [Metrics for 'abnormal'] | Precision: 0.7374 | Recall: 0.8408 | F1: 0.7857
2026-03-04 09:47:44,251 - INFO - [Metrics for 'normal'] | Precision: 0.8438 | Recall: 0.7418 | F1: 0.7895
2026-03-04 09:47:44,261 - INFO - --------------------------------------------------
2026-03-04 09:47:44,269 - INFO - [LR]    [37/90] | Learning Rate: 0.000785
2026-03-04 09:47:55,764 - INFO - [Train] [37/90] | Loss: 0.4191 | Train Acc: 85.42%
2026-03-04 09:47:59,057 - INFO - [Valid] [37/90] | Loss: 0.4951 | Val Acc: 80.24%
2026-03-04 09:47:59,078 - INFO - [Metrics for 'abnormal'] | Precision: 0.7848 | Recall: 0.7898 | F1: 0.7873
2026-03-04 09:47:59,079 - INFO - [Metrics for 'normal'] | Precision: 0.8177 | Recall: 0.8132 | F1: 0.8154
2026-03-04 09:47:59,156 - INFO - [Best Model Saved] (val loss: 0.4951) -> 'log/Sewer_TAPNEW_params/baseline_mobilenet_v4_s_fpgm_20260304_093741/best_model.pth'
2026-03-04 09:47:59,157 - INFO - --------------------------------------------------
2026-03-04 09:47:59,161 - INFO - [LR]    [38/90] | Learning Rate: 0.000770
2026-03-04 09:48:09,309 - INFO - [Train] [38/90] | Loss: 0.4132 | Train Acc: 86.98%
2026-03-04 09:48:12,746 - INFO - [Valid] [38/90] | Loss: 0.5699 | Val Acc: 78.76%
2026-03-04 09:48:12,766 - INFO - [Metrics for 'abnormal'] | Precision: 0.7972 | Recall: 0.7261 | F1: 0.7600
2026-03-04 09:48:12,766 - INFO - [Metrics for 'normal'] | Precision: 0.7806 | Recall: 0.8407 | F1: 0.8095
2026-03-04 09:48:12,773 - INFO - --------------------------------------------------
2026-03-04 09:48:12,776 - INFO - [LR]    [39/90] | Learning Rate: 0.000754
2026-03-04 09:48:23,485 - INFO - [Train] [39/90] | Loss: 0.4242 | Train Acc: 85.12%
2026-03-04 09:48:26,651 - INFO - [Valid] [39/90] | Loss: 0.5378 | Val Acc: 77.88%
2026-03-04 09:48:26,671 - INFO - [Metrics for 'abnormal'] | Precision: 0.7595 | Recall: 0.7643 | F1: 0.7619
2026-03-04 09:48:26,671 - INFO - [Metrics for 'normal'] | Precision: 0.7956 | Recall: 0.7912 | F1: 0.7934
2026-03-04 09:48:26,678 - INFO - --------------------------------------------------
2026-03-04 09:48:26,682 - INFO - [LR]    [40/90] | Learning Rate: 0.000738
2026-03-04 09:48:37,657 - INFO - [Train] [40/90] | Loss: 0.4244 | Train Acc: 85.79%
2026-03-04 09:48:40,754 - INFO - [Valid] [40/90] | Loss: 0.5531 | Val Acc: 78.47%
2026-03-04 09:48:40,780 - INFO - [Metrics for 'abnormal'] | Precision: 0.7625 | Recall: 0.7771 | F1: 0.7697
2026-03-04 09:48:40,780 - INFO - [Metrics for 'normal'] | Precision: 0.8045 | Recall: 0.7912 | F1: 0.7978
2026-03-04 09:48:40,787 - INFO - --------------------------------------------------
2026-03-04 09:48:40,791 - INFO - [LR]    [41/90] | Learning Rate: 0.000722
2026-03-04 09:48:51,424 - INFO - [Train] [41/90] | Loss: 0.4048 | Train Acc: 86.61%
2026-03-04 09:48:54,685 - INFO - [Valid] [41/90] | Loss: 0.5597 | Val Acc: 77.88%
2026-03-04 09:48:54,706 - INFO - [Metrics for 'abnormal'] | Precision: 0.8661 | Recall: 0.6178 | F1: 0.7212
2026-03-04 09:48:54,707 - INFO - [Metrics for 'normal'] | Precision: 0.7357 | Recall: 0.9176 | F1: 0.8166
2026-03-04 09:48:54,720 - INFO - --------------------------------------------------
2026-03-04 09:48:54,725 - INFO - [LR]    [42/90] | Learning Rate: 0.000706
2026-03-04 09:49:05,435 - INFO - [Train] [42/90] | Loss: 0.4109 | Train Acc: 86.68%
2026-03-04 09:49:08,807 - INFO - [Valid] [42/90] | Loss: 0.5367 | Val Acc: 79.35%
2026-03-04 09:49:08,826 - INFO - [Metrics for 'abnormal'] | Precision: 0.7806 | Recall: 0.7707 | F1: 0.7756
2026-03-04 09:49:08,827 - INFO - [Metrics for 'normal'] | Precision: 0.8043 | Recall: 0.8132 | F1: 0.8087
2026-03-04 09:49:08,833 - INFO - --------------------------------------------------
2026-03-04 09:49:08,837 - INFO - [LR]    [43/90] | Learning Rate: 0.000689
2026-03-04 09:49:18,918 - INFO - [Train] [43/90] | Loss: 0.3830 | Train Acc: 88.54%
2026-03-04 09:49:22,326 - INFO - [Valid] [43/90] | Loss: 0.5265 | Val Acc: 81.42%
2026-03-04 09:49:22,345 - INFO - [Metrics for 'abnormal'] | Precision: 0.8406 | Recall: 0.7389 | F1: 0.7864
2026-03-04 09:49:22,346 - INFO - [Metrics for 'normal'] | Precision: 0.7960 | Recall: 0.8791 | F1: 0.8355
2026-03-04 09:49:22,353 - INFO - --------------------------------------------------
2026-03-04 09:49:22,357 - INFO - [LR]    [44/90] | Learning Rate: 0.000672
2026-03-04 09:49:32,776 - INFO - [Train] [44/90] | Loss: 0.3842 | Train Acc: 88.99%
2026-03-04 09:49:36,011 - INFO - [Valid] [44/90] | Loss: 0.5623 | Val Acc: 79.65%
2026-03-04 09:49:36,030 - INFO - [Metrics for 'abnormal'] | Precision: 0.7895 | Recall: 0.7643 | F1: 0.7767
2026-03-04 09:49:36,030 - INFO - [Metrics for 'normal'] | Precision: 0.8021 | Recall: 0.8242 | F1: 0.8130
2026-03-04 09:49:36,036 - INFO - --------------------------------------------------
2026-03-04 09:49:36,040 - INFO - [LR]    [45/90] | Learning Rate: 0.000655
2026-03-04 09:49:46,493 - INFO - [Train] [45/90] | Loss: 0.4086 | Train Acc: 86.90%
2026-03-04 09:49:49,901 - INFO - [Valid] [45/90] | Loss: 0.5660 | Val Acc: 76.40%
2026-03-04 09:49:49,920 - INFO - [Metrics for 'abnormal'] | Precision: 0.6995 | Recall: 0.8599 | F1: 0.7714
2026-03-04 09:49:49,920 - INFO - [Metrics for 'normal'] | Precision: 0.8493 | Recall: 0.6813 | F1: 0.7561
2026-03-04 09:49:49,927 - INFO - --------------------------------------------------
2026-03-04 09:49:49,931 - INFO - [LR]    [46/90] | Learning Rate: 0.000638
2026-03-04 09:50:00,026 - INFO - [Train] [46/90] | Loss: 0.4001 | Train Acc: 87.95%
2026-03-04 09:50:03,493 - INFO - [Valid] [46/90] | Loss: 0.5414 | Val Acc: 80.53%
2026-03-04 09:50:03,523 - INFO - [Metrics for 'abnormal'] | Precision: 0.7862 | Recall: 0.7962 | F1: 0.7911
2026-03-04 09:50:03,524 - INFO - [Metrics for 'normal'] | Precision: 0.8222 | Recall: 0.8132 | F1: 0.8177
2026-03-04 09:50:03,535 - INFO - --------------------------------------------------
2026-03-04 09:50:03,541 - INFO - [LR]    [47/90] | Learning Rate: 0.000620
2026-03-04 09:50:13,664 - INFO - [Train] [47/90] | Loss: 0.3677 | Train Acc: 89.73%
2026-03-04 09:50:16,996 - INFO - [Valid] [47/90] | Loss: 0.5816 | Val Acc: 82.01%
2026-03-04 09:50:17,015 - INFO - [Metrics for 'abnormal'] | Precision: 0.8243 | Recall: 0.7771 | F1: 0.8000
2026-03-04 09:50:17,015 - INFO - [Metrics for 'normal'] | Precision: 0.8168 | Recall: 0.8571 | F1: 0.8365
2026-03-04 09:50:17,022 - INFO - --------------------------------------------------
2026-03-04 09:50:17,025 - INFO - [LR]    [48/90] | Learning Rate: 0.000603
2026-03-04 09:50:27,657 - INFO - [Train] [48/90] | Loss: 0.3726 | Train Acc: 89.73%
2026-03-04 09:50:30,822 - INFO - [Valid] [48/90] | Loss: 0.5069 | Val Acc: 79.65%
2026-03-04 09:50:30,849 - INFO - [Metrics for 'abnormal'] | Precision: 0.7750 | Recall: 0.7898 | F1: 0.7823
2026-03-04 09:50:30,849 - INFO - [Metrics for 'normal'] | Precision: 0.8156 | Recall: 0.8022 | F1: 0.8089
2026-03-04 09:50:30,858 - INFO - --------------------------------------------------
2026-03-04 09:50:30,864 - INFO - [LR]    [49/90] | Learning Rate: 0.000585
2026-03-04 09:50:40,979 - INFO - [Train] [49/90] | Loss: 0.3724 | Train Acc: 90.03%
2026-03-04 09:50:44,029 - INFO - [Valid] [49/90] | Loss: 0.4920 | Val Acc: 81.71%
2026-03-04 09:50:44,049 - INFO - [Metrics for 'abnormal'] | Precision: 0.7914 | Recall: 0.8217 | F1: 0.8063
2026-03-04 09:50:44,049 - INFO - [Metrics for 'normal'] | Precision: 0.8409 | Recall: 0.8132 | F1: 0.8268
2026-03-04 09:50:44,109 - INFO - [Best Model Saved] (val loss: 0.4920) -> 'log/Sewer_TAPNEW_params/baseline_mobilenet_v4_s_fpgm_20260304_093741/best_model.pth'
2026-03-04 09:50:44,109 - INFO - --------------------------------------------------
2026-03-04 09:50:44,113 - INFO - [LR]    [50/90] | Learning Rate: 0.000568
2026-03-04 09:50:55,276 - INFO - [Train] [50/90] | Loss: 0.3617 | Train Acc: 89.14%
2026-03-04 09:50:58,141 - INFO - [Valid] [50/90] | Loss: 0.5360 | Val Acc: 80.83%
2026-03-04 09:50:58,161 - INFO - [Metrics for 'abnormal'] | Precision: 0.8108 | Recall: 0.7643 | F1: 0.7869
2026-03-04 09:50:58,162 - INFO - [Metrics for 'normal'] | Precision: 0.8063 | Recall: 0.8462 | F1: 0.8257
2026-03-04 09:50:58,173 - INFO - --------------------------------------------------
2026-03-04 09:50:58,180 - INFO - [LR]    [51/90] | Learning Rate: 0.000550
2026-03-04 09:51:09,079 - INFO - [Train] [51/90] | Loss: 0.3532 | Train Acc: 91.07%
2026-03-04 09:51:12,168 - INFO - [Valid] [51/90] | Loss: 0.5884 | Val Acc: 79.94%
2026-03-04 09:51:12,187 - INFO - [Metrics for 'abnormal'] | Precision: 0.7486 | Recall: 0.8535 | F1: 0.7976
2026-03-04 09:51:12,187 - INFO - [Metrics for 'normal'] | Precision: 0.8562 | Recall: 0.7527 | F1: 0.8012
2026-03-04 09:51:12,194 - INFO - --------------------------------------------------
2026-03-04 09:51:12,198 - INFO - [LR]    [52/90] | Learning Rate: 0.000532
2026-03-04 09:51:22,814 - INFO - [Train] [52/90] | Loss: 0.3436 | Train Acc: 91.07%
2026-03-04 09:51:25,960 - INFO - [Valid] [52/90] | Loss: 0.5411 | Val Acc: 82.30%
2026-03-04 09:51:25,979 - INFO - [Metrics for 'abnormal'] | Precision: 0.7904 | Recall: 0.8408 | F1: 0.8148
2026-03-04 09:51:25,980 - INFO - [Metrics for 'normal'] | Precision: 0.8547 | Recall: 0.8077 | F1: 0.8305
2026-03-04 09:51:25,986 - INFO - --------------------------------------------------
2026-03-04 09:51:25,990 - INFO - [LR]    [53/90] | Learning Rate: 0.000515
2026-03-04 09:51:36,786 - INFO - [Train] [53/90] | Loss: 0.3582 | Train Acc: 90.18%
2026-03-04 09:51:39,906 - INFO - [Valid] [53/90] | Loss: 0.5741 | Val Acc: 80.53%
2026-03-04 09:51:39,925 - INFO - [Metrics for 'abnormal'] | Precision: 0.7791 | Recall: 0.8089 | F1: 0.7937
2026-03-04 09:51:39,925 - INFO - [Metrics for 'normal'] | Precision: 0.8295 | Recall: 0.8022 | F1: 0.8156
2026-03-04 09:51:39,932 - INFO - --------------------------------------------------
2026-03-04 09:51:39,935 - INFO - [LR]    [54/90] | Learning Rate: 0.000497
2026-03-04 09:51:50,720 - INFO - [Train] [54/90] | Loss: 0.3532 | Train Acc: 91.37%
2026-03-04 09:51:53,465 - INFO - [Valid] [54/90] | Loss: 0.5445 | Val Acc: 80.53%
2026-03-04 09:51:53,488 - INFO - [Metrics for 'abnormal'] | Precision: 0.7898 | Recall: 0.7898 | F1: 0.7898
2026-03-04 09:51:53,488 - INFO - [Metrics for 'normal'] | Precision: 0.8187 | Recall: 0.8187 | F1: 0.8187
2026-03-04 09:51:53,495 - INFO - --------------------------------------------------
2026-03-04 09:51:53,499 - INFO - [LR]    [55/90] | Learning Rate: 0.000480
2026-03-04 09:52:04,797 - INFO - [Train] [55/90] | Loss: 0.3309 | Train Acc: 93.23%
2026-03-04 09:52:08,212 - INFO - [Valid] [55/90] | Loss: 0.5198 | Val Acc: 81.12%
2026-03-04 09:52:08,239 - INFO - [Metrics for 'abnormal'] | Precision: 0.7751 | Recall: 0.8344 | F1: 0.8037
2026-03-04 09:52:08,240 - INFO - [Metrics for 'normal'] | Precision: 0.8471 | Recall: 0.7912 | F1: 0.8182
2026-03-04 09:52:08,249 - INFO - --------------------------------------------------
2026-03-04 09:52:08,256 - INFO - [LR]    [56/90] | Learning Rate: 0.000462
2026-03-04 09:52:19,494 - INFO - [Train] [56/90] | Loss: 0.3426 | Train Acc: 91.07%
2026-03-04 09:52:22,986 - INFO - [Valid] [56/90] | Loss: 0.5446 | Val Acc: 79.65%
2026-03-04 09:52:23,012 - INFO - [Metrics for 'abnormal'] | Precision: 0.7973 | Recall: 0.7516 | F1: 0.7738
2026-03-04 09:52:23,013 - INFO - [Metrics for 'normal'] | Precision: 0.7958 | Recall: 0.8352 | F1: 0.8150
2026-03-04 09:52:23,023 - INFO - --------------------------------------------------
2026-03-04 09:52:23,029 - INFO - [LR]    [57/90] | Learning Rate: 0.000445
2026-03-04 09:52:33,468 - INFO - [Train] [57/90] | Loss: 0.3377 | Train Acc: 91.15%
2026-03-04 09:52:36,481 - INFO - [Valid] [57/90] | Loss: 0.5498 | Val Acc: 80.53%
2026-03-04 09:52:36,502 - INFO - [Metrics for 'abnormal'] | Precision: 0.7514 | Recall: 0.8662 | F1: 0.8047
2026-03-04 09:52:36,502 - INFO - [Metrics for 'normal'] | Precision: 0.8671 | Recall: 0.7527 | F1: 0.8059
2026-03-04 09:52:36,509 - INFO - --------------------------------------------------
2026-03-04 09:52:36,513 - INFO - [LR]    [58/90] | Learning Rate: 0.000428
2026-03-04 09:52:47,682 - INFO - [Train] [58/90] | Loss: 0.3346 | Train Acc: 92.19%
2026-03-04 09:52:50,783 - INFO - [Valid] [58/90] | Loss: 0.4777 | Val Acc: 83.19%
2026-03-04 09:52:50,811 - INFO - [Metrics for 'abnormal'] | Precision: 0.8289 | Recall: 0.8025 | F1: 0.8155
2026-03-04 09:52:50,811 - INFO - [Metrics for 'normal'] | Precision: 0.8342 | Recall: 0.8571 | F1: 0.8455
2026-03-04 09:52:50,897 - INFO - [Best Model Saved] (val loss: 0.4777) -> 'log/Sewer_TAPNEW_params/baseline_mobilenet_v4_s_fpgm_20260304_093741/best_model.pth'
2026-03-04 09:52:50,897 - INFO - --------------------------------------------------
2026-03-04 09:52:50,901 - INFO - [LR]    [59/90] | Learning Rate: 0.000411
2026-03-04 09:53:02,222 - INFO - [Train] [59/90] | Loss: 0.3182 | Train Acc: 93.01%
2026-03-04 09:53:05,396 - INFO - [Valid] [59/90] | Loss: 0.5502 | Val Acc: 80.24%
2026-03-04 09:53:05,417 - INFO - [Metrics for 'abnormal'] | Precision: 0.7848 | Recall: 0.7898 | F1: 0.7873
2026-03-04 09:53:05,417 - INFO - [Metrics for 'normal'] | Precision: 0.8177 | Recall: 0.8132 | F1: 0.8154
2026-03-04 09:53:05,424 - INFO - --------------------------------------------------
2026-03-04 09:53:05,428 - INFO - [LR]    [60/90] | Learning Rate: 0.000394
2026-03-04 09:53:15,958 - INFO - [Train] [60/90] | Loss: 0.3214 | Train Acc: 93.30%
2026-03-04 09:53:19,137 - INFO - [Valid] [60/90] | Loss: 0.5560 | Val Acc: 81.42%
2026-03-04 09:53:19,156 - INFO - [Metrics for 'abnormal'] | Precision: 0.8052 | Recall: 0.7898 | F1: 0.7974
2026-03-04 09:53:19,156 - INFO - [Metrics for 'normal'] | Precision: 0.8216 | Recall: 0.8352 | F1: 0.8283
2026-03-04 09:53:19,167 - INFO - --------------------------------------------------
2026-03-04 09:53:19,171 - INFO - [LR]    [61/90] | Learning Rate: 0.000378
2026-03-04 09:53:29,877 - INFO - [Train] [61/90] | Loss: 0.3092 | Train Acc: 94.35%
2026-03-04 09:53:32,757 - INFO - [Valid] [61/90] | Loss: 0.5413 | Val Acc: 82.60%
2026-03-04 09:53:32,776 - INFO - [Metrics for 'abnormal'] | Precision: 0.8141 | Recall: 0.8089 | F1: 0.8115
2026-03-04 09:53:32,777 - INFO - [Metrics for 'normal'] | Precision: 0.8361 | Recall: 0.8407 | F1: 0.8384
2026-03-04 09:53:32,783 - INFO - --------------------------------------------------
2026-03-04 09:53:32,787 - INFO - [LR]    [62/90] | Learning Rate: 0.000362
2026-03-04 09:53:44,117 - INFO - [Train] [62/90] | Loss: 0.2968 | Train Acc: 94.57%
2026-03-04 09:53:47,170 - INFO - [Valid] [62/90] | Loss: 0.4825 | Val Acc: 82.89%
2026-03-04 09:53:47,197 - INFO - [Metrics for 'abnormal'] | Precision: 0.8075 | Recall: 0.8280 | F1: 0.8176
2026-03-04 09:53:47,198 - INFO - [Metrics for 'normal'] | Precision: 0.8483 | Recall: 0.8297 | F1: 0.8389
2026-03-04 09:53:47,204 - INFO - --------------------------------------------------
2026-03-04 09:53:47,208 - INFO - [LR]    [63/90] | Learning Rate: 0.000346
2026-03-04 09:53:58,077 - INFO - [Train] [63/90] | Loss: 0.3007 | Train Acc: 95.01%
2026-03-04 09:54:01,208 - INFO - [Valid] [63/90] | Loss: 0.5128 | Val Acc: 80.24%
2026-03-04 09:54:01,227 - INFO - [Metrics for 'abnormal'] | Precision: 0.8000 | Recall: 0.7643 | F1: 0.7818
2026-03-04 09:54:01,227 - INFO - [Metrics for 'normal'] | Precision: 0.8042 | Recall: 0.8352 | F1: 0.8194
2026-03-04 09:54:01,235 - INFO - --------------------------------------------------
2026-03-04 09:54:01,241 - INFO - [LR]    [64/90] | Learning Rate: 0.000330
2026-03-04 09:54:12,229 - INFO - [Train] [64/90] | Loss: 0.2958 | Train Acc: 95.16%
2026-03-04 09:54:15,371 - INFO - [Valid] [64/90] | Loss: 0.5041 | Val Acc: 83.48%
2026-03-04 09:54:15,393 - INFO - [Metrics for 'abnormal'] | Precision: 0.8344 | Recall: 0.8025 | F1: 0.8182
2026-03-04 09:54:15,393 - INFO - [Metrics for 'normal'] | Precision: 0.8351 | Recall: 0.8626 | F1: 0.8486
2026-03-04 09:54:15,400 - INFO - --------------------------------------------------
2026-03-04 09:54:15,403 - INFO - [LR]    [65/90] | Learning Rate: 0.000315
2026-03-04 09:54:26,092 - INFO - [Train] [65/90] | Loss: 0.3042 | Train Acc: 94.87%
2026-03-04 09:54:29,140 - INFO - [Valid] [65/90] | Loss: 0.5137 | Val Acc: 83.48%
2026-03-04 09:54:29,165 - INFO - [Metrics for 'abnormal'] | Precision: 0.8258 | Recall: 0.8153 | F1: 0.8205
2026-03-04 09:54:29,165 - INFO - [Metrics for 'normal'] | Precision: 0.8424 | Recall: 0.8516 | F1: 0.8470
2026-03-04 09:54:29,172 - INFO - --------------------------------------------------
2026-03-04 09:54:29,178 - INFO - [LR]    [66/90] | Learning Rate: 0.000300
2026-03-04 09:54:40,618 - INFO - [Train] [66/90] | Loss: 0.2979 | Train Acc: 95.39%
2026-03-04 09:54:43,594 - INFO - [Valid] [66/90] | Loss: 0.5120 | Val Acc: 82.01%
2026-03-04 09:54:43,613 - INFO - [Metrics for 'abnormal'] | Precision: 0.7927 | Recall: 0.8280 | F1: 0.8100
2026-03-04 09:54:43,613 - INFO - [Metrics for 'normal'] | Precision: 0.8457 | Recall: 0.8132 | F1: 0.8291
2026-03-04 09:54:43,620 - INFO - --------------------------------------------------
2026-03-04 09:54:43,624 - INFO - [LR]    [67/90] | Learning Rate: 0.000285
2026-03-04 09:54:54,151 - INFO - [Train] [67/90] | Loss: 0.2945 | Train Acc: 95.61%
2026-03-04 09:54:57,532 - INFO - [Valid] [67/90] | Loss: 0.5551 | Val Acc: 81.42%
2026-03-04 09:54:57,553 - INFO - [Metrics for 'abnormal'] | Precision: 0.8357 | Recall: 0.7452 | F1: 0.7879
2026-03-04 09:54:57,553 - INFO - [Metrics for 'normal'] | Precision: 0.7990 | Recall: 0.8736 | F1: 0.8346
2026-03-04 09:54:57,560 - INFO - --------------------------------------------------
2026-03-04 09:54:57,564 - INFO - [LR]    [68/90] | Learning Rate: 0.000271
2026-03-04 09:55:08,093 - INFO - [Train] [68/90] | Loss: 0.2746 | Train Acc: 96.13%
2026-03-04 09:55:11,234 - INFO - [Valid] [68/90] | Loss: 0.5223 | Val Acc: 84.66%
2026-03-04 09:55:11,260 - INFO - [Metrics for 'abnormal'] | Precision: 0.8144 | Recall: 0.8662 | F1: 0.8395
2026-03-04 09:55:11,261 - INFO - [Metrics for 'normal'] | Precision: 0.8779 | Recall: 0.8297 | F1: 0.8531
2026-03-04 09:55:11,270 - INFO - --------------------------------------------------
2026-03-04 09:55:11,276 - INFO - [LR]    [69/90] | Learning Rate: 0.000258
2026-03-04 09:55:22,039 - INFO - [Train] [69/90] | Loss: 0.2710 | Train Acc: 97.02%
2026-03-04 09:55:25,231 - INFO - [Valid] [69/90] | Loss: 0.5108 | Val Acc: 83.48%
2026-03-04 09:55:25,250 - INFO - [Metrics for 'abnormal'] | Precision: 0.8258 | Recall: 0.8153 | F1: 0.8205
2026-03-04 09:55:25,251 - INFO - [Metrics for 'normal'] | Precision: 0.8424 | Recall: 0.8516 | F1: 0.8470
2026-03-04 09:55:25,257 - INFO - --------------------------------------------------
2026-03-04 09:55:25,261 - INFO - [LR]    [70/90] | Learning Rate: 0.000245
2026-03-04 09:55:35,954 - INFO - [Train] [70/90] | Loss: 0.2792 | Train Acc: 95.83%
2026-03-04 09:55:38,721 - INFO - [Valid] [70/90] | Loss: 0.5045 | Val Acc: 82.30%
2026-03-04 09:55:38,740 - INFO - [Metrics for 'abnormal'] | Precision: 0.8129 | Recall: 0.8025 | F1: 0.8077
2026-03-04 09:55:38,740 - INFO - [Metrics for 'normal'] | Precision: 0.8315 | Recall: 0.8407 | F1: 0.8361
2026-03-04 09:55:38,747 - INFO - --------------------------------------------------
2026-03-04 09:55:38,751 - INFO - [LR]    [71/90] | Learning Rate: 0.000232
2026-03-04 09:55:49,924 - INFO - [Train] [71/90] | Loss: 0.2724 | Train Acc: 96.80%
2026-03-04 09:55:52,993 - INFO - [Valid] [71/90] | Loss: 0.5169 | Val Acc: 82.30%
2026-03-04 09:55:53,012 - INFO - [Metrics for 'abnormal'] | Precision: 0.8050 | Recall: 0.8153 | F1: 0.8101
2026-03-04 09:55:53,012 - INFO - [Metrics for 'normal'] | Precision: 0.8389 | Recall: 0.8297 | F1: 0.8343
2026-03-04 09:55:53,018 - INFO - --------------------------------------------------
2026-03-04 09:55:53,022 - INFO - [LR]    [72/90] | Learning Rate: 0.000220
2026-03-04 09:56:03,957 - INFO - [Train] [72/90] | Loss: 0.2786 | Train Acc: 96.13%
2026-03-04 09:56:07,107 - INFO - [Valid] [72/90] | Loss: 0.5655 | Val Acc: 81.12%
2026-03-04 09:56:07,125 - INFO - [Metrics for 'abnormal'] | Precision: 0.8163 | Recall: 0.7643 | F1: 0.7895
2026-03-04 09:56:07,125 - INFO - [Metrics for 'normal'] | Precision: 0.8073 | Recall: 0.8516 | F1: 0.8289
2026-03-04 09:56:07,132 - INFO - --------------------------------------------------
2026-03-04 09:56:07,136 - INFO - [LR]    [73/90] | Learning Rate: 0.000208
2026-03-04 09:56:18,080 - INFO - [Train] [73/90] | Loss: 0.2652 | Train Acc: 96.80%
2026-03-04 09:56:21,348 - INFO - [Valid] [73/90] | Loss: 0.5193 | Val Acc: 82.60%
2026-03-04 09:56:21,367 - INFO - [Metrics for 'abnormal'] | Precision: 0.7952 | Recall: 0.8408 | F1: 0.8173
2026-03-04 09:56:21,367 - INFO - [Metrics for 'normal'] | Precision: 0.8555 | Recall: 0.8132 | F1: 0.8338
2026-03-04 09:56:21,374 - INFO - --------------------------------------------------
2026-03-04 09:56:21,377 - INFO - [LR]    [74/90] | Learning Rate: 0.000197
2026-03-04 09:56:31,849 - INFO - [Train] [74/90] | Loss: 0.2647 | Train Acc: 97.17%
2026-03-04 09:56:34,850 - INFO - [Valid] [74/90] | Loss: 0.5287 | Val Acc: 82.01%
2026-03-04 09:56:34,868 - INFO - [Metrics for 'abnormal'] | Precision: 0.8000 | Recall: 0.8153 | F1: 0.8076
2026-03-04 09:56:34,869 - INFO - [Metrics for 'normal'] | Precision: 0.8380 | Recall: 0.8242 | F1: 0.8310
2026-03-04 09:56:34,875 - INFO - --------------------------------------------------
2026-03-04 09:56:34,878 - INFO - [LR]    [75/90] | Learning Rate: 0.000186
2026-03-04 09:56:45,817 - INFO - [Train] [75/90] | Loss: 0.2612 | Train Acc: 97.32%
2026-03-04 09:56:49,083 - INFO - [Valid] [75/90] | Loss: 0.5049 | Val Acc: 82.89%
2026-03-04 09:56:49,106 - INFO - [Metrics for 'abnormal'] | Precision: 0.8153 | Recall: 0.8153 | F1: 0.8153
2026-03-04 09:56:49,106 - INFO - [Metrics for 'normal'] | Precision: 0.8407 | Recall: 0.8407 | F1: 0.8407
2026-03-04 09:56:49,113 - INFO - --------------------------------------------------
2026-03-04 09:56:49,117 - INFO - [LR]    [76/90] | Learning Rate: 0.000176
2026-03-04 09:57:00,066 - INFO - [Train] [76/90] | Loss: 0.2725 | Train Acc: 96.35%
2026-03-04 09:57:03,163 - INFO - [Valid] [76/90] | Loss: 0.4928 | Val Acc: 82.01%
2026-03-04 09:57:03,181 - INFO - [Metrics for 'abnormal'] | Precision: 0.8000 | Recall: 0.8153 | F1: 0.8076
2026-03-04 09:57:03,182 - INFO - [Metrics for 'normal'] | Precision: 0.8380 | Recall: 0.8242 | F1: 0.8310
2026-03-04 09:57:03,188 - INFO - --------------------------------------------------
2026-03-04 09:57:03,192 - INFO - [LR]    [77/90] | Learning Rate: 0.000166
2026-03-04 09:57:13,538 - INFO - [Train] [77/90] | Loss: 0.2670 | Train Acc: 97.10%
2026-03-04 09:57:16,756 - INFO - [Valid] [77/90] | Loss: 0.5042 | Val Acc: 83.48%
2026-03-04 09:57:16,775 - INFO - [Metrics for 'abnormal'] | Precision: 0.8137 | Recall: 0.8344 | F1: 0.8239
2026-03-04 09:57:16,775 - INFO - [Metrics for 'normal'] | Precision: 0.8539 | Recall: 0.8352 | F1: 0.8444
2026-03-04 09:57:16,782 - INFO - --------------------------------------------------
2026-03-04 09:57:16,785 - INFO - [LR]    [78/90] | Learning Rate: 0.000157
2026-03-04 09:57:27,302 - INFO - [Train] [78/90] | Loss: 0.2491 | Train Acc: 98.29%
2026-03-04 09:57:30,401 - INFO - [Valid] [78/90] | Loss: 0.5240 | Val Acc: 82.01%
2026-03-04 09:57:30,420 - INFO - [Metrics for 'abnormal'] | Precision: 0.8158 | Recall: 0.7898 | F1: 0.8026
2026-03-04 09:57:30,420 - INFO - [Metrics for 'normal'] | Precision: 0.8235 | Recall: 0.8462 | F1: 0.8347
2026-03-04 09:57:30,427 - INFO - --------------------------------------------------
2026-03-04 09:57:30,430 - INFO - [LR]    [79/90] | Learning Rate: 0.000149
2026-03-04 09:57:41,045 - INFO - [Train] [79/90] | Loss: 0.2651 | Train Acc: 97.40%
2026-03-04 09:57:43,783 - INFO - [Valid] [79/90] | Loss: 0.5550 | Val Acc: 79.94%
2026-03-04 09:57:43,802 - INFO - [Metrics for 'abnormal'] | Precision: 0.8248 | Recall: 0.7197 | F1: 0.7687
2026-03-04 09:57:43,802 - INFO - [Metrics for 'normal'] | Precision: 0.7822 | Recall: 0.8681 | F1: 0.8229
2026-03-04 09:57:43,809 - INFO - --------------------------------------------------
2026-03-04 09:57:43,813 - INFO - [LR]    [80/90] | Learning Rate: 0.000141
2026-03-04 09:57:55,233 - INFO - [Train] [80/90] | Loss: 0.2631 | Train Acc: 96.88%
2026-03-04 09:57:58,319 - INFO - [Valid] [80/90] | Loss: 0.4979 | Val Acc: 82.89%
2026-03-04 09:57:58,341 - INFO - [Metrics for 'abnormal'] | Precision: 0.8113 | Recall: 0.8217 | F1: 0.8165
2026-03-04 09:57:58,342 - INFO - [Metrics for 'normal'] | Precision: 0.8444 | Recall: 0.8352 | F1: 0.8398
2026-03-04 09:57:58,349 - INFO - --------------------------------------------------
2026-03-04 09:57:58,353 - INFO - [LR]    [81/90] | Learning Rate: 0.000134
2026-03-04 09:58:08,851 - INFO - [Train] [81/90] | Loss: 0.2671 | Train Acc: 96.95%
2026-03-04 09:58:12,024 - INFO - [Valid] [81/90] | Loss: 0.5079 | Val Acc: 82.01%
2026-03-04 09:58:12,051 - INFO - [Metrics for 'abnormal'] | Precision: 0.8288 | Recall: 0.7707 | F1: 0.7987
2026-03-04 09:58:12,051 - INFO - [Metrics for 'normal'] | Precision: 0.8135 | Recall: 0.8626 | F1: 0.8373
2026-03-04 09:58:12,061 - INFO - --------------------------------------------------
2026-03-04 09:58:12,067 - INFO - [LR]    [82/90] | Learning Rate: 0.000128
2026-03-04 09:58:22,895 - INFO - [Train] [82/90] | Loss: 0.2507 | Train Acc: 97.92%
2026-03-04 09:58:25,930 - INFO - [Valid] [82/90] | Loss: 0.5135 | Val Acc: 82.30%
2026-03-04 09:58:25,951 - INFO - [Metrics for 'abnormal'] | Precision: 0.8170 | Recall: 0.7962 | F1: 0.8065
2026-03-04 09:58:25,951 - INFO - [Metrics for 'normal'] | Precision: 0.8280 | Recall: 0.8462 | F1: 0.8370
2026-03-04 09:58:25,957 - INFO - --------------------------------------------------
2026-03-04 09:58:25,961 - INFO - [LR]    [83/90] | Learning Rate: 0.000122
2026-03-04 09:58:36,388 - INFO - [Train] [83/90] | Loss: 0.2547 | Train Acc: 97.54%
2026-03-04 09:58:39,349 - INFO - [Valid] [83/90] | Loss: 0.5217 | Val Acc: 83.48%
2026-03-04 09:58:39,368 - INFO - [Metrics for 'abnormal'] | Precision: 0.8176 | Recall: 0.8280 | F1: 0.8228
2026-03-04 09:58:39,368 - INFO - [Metrics for 'normal'] | Precision: 0.8500 | Recall: 0.8407 | F1: 0.8453
2026-03-04 09:58:39,375 - INFO - --------------------------------------------------
2026-03-04 09:58:39,378 - INFO - [LR]    [84/90] | Learning Rate: 0.000117
2026-03-04 09:58:50,730 - INFO - [Train] [84/90] | Loss: 0.2447 | Train Acc: 98.44%
2026-03-04 09:58:53,713 - INFO - [Valid] [84/90] | Loss: 0.5204 | Val Acc: 83.19%
2026-03-04 09:58:53,731 - INFO - [Metrics for 'abnormal'] | Precision: 0.7976 | Recall: 0.8535 | F1: 0.8246
2026-03-04 09:58:53,732 - INFO - [Metrics for 'normal'] | Precision: 0.8655 | Recall: 0.8132 | F1: 0.8385
2026-03-04 09:58:53,738 - INFO - --------------------------------------------------
2026-03-04 09:58:53,741 - INFO - [LR]    [85/90] | Learning Rate: 0.000112
2026-03-04 09:59:05,361 - INFO - [Train] [85/90] | Loss: 0.2576 | Train Acc: 97.10%
2026-03-04 09:59:08,409 - INFO - [Valid] [85/90] | Loss: 0.5535 | Val Acc: 81.42%
2026-03-04 09:59:08,428 - INFO - [Metrics for 'abnormal'] | Precision: 0.8219 | Recall: 0.7643 | F1: 0.7921
2026-03-04 09:59:08,428 - INFO - [Metrics for 'normal'] | Precision: 0.8083 | Recall: 0.8571 | F1: 0.8320
2026-03-04 09:59:08,435 - INFO - --------------------------------------------------
2026-03-04 09:59:08,438 - INFO - [LR]    [86/90] | Learning Rate: 0.000109
2026-03-04 09:59:19,085 - INFO - [Train] [86/90] | Loss: 0.2432 | Train Acc: 98.29%
2026-03-04 09:59:22,163 - INFO - [Valid] [86/90] | Loss: 0.5443 | Val Acc: 82.60%
2026-03-04 09:59:22,181 - INFO - [Metrics for 'abnormal'] | Precision: 0.8025 | Recall: 0.8280 | F1: 0.8150
2026-03-04 09:59:22,182 - INFO - [Metrics for 'normal'] | Precision: 0.8475 | Recall: 0.8242 | F1: 0.8357
2026-03-04 09:59:22,188 - INFO - --------------------------------------------------
2026-03-04 09:59:22,192 - INFO - [LR]    [87/90] | Learning Rate: 0.000106
2026-03-04 09:59:32,942 - INFO - [Train] [87/90] | Loss: 0.2485 | Train Acc: 98.07%
2026-03-04 09:59:35,889 - INFO - [Valid] [87/90] | Loss: 0.5499 | Val Acc: 81.71%
2026-03-04 09:59:35,907 - INFO - [Metrics for 'abnormal'] | Precision: 0.7879 | Recall: 0.8280 | F1: 0.8075
2026-03-04 09:59:35,908 - INFO - [Metrics for 'normal'] | Precision: 0.8448 | Recall: 0.8077 | F1: 0.8258
2026-03-04 09:59:35,914 - INFO - --------------------------------------------------
2026-03-04 09:59:35,917 - INFO - [LR]    [88/90] | Learning Rate: 0.000103
2026-03-04 09:59:47,016 - INFO - [Train] [88/90] | Loss: 0.2529 | Train Acc: 97.47%
2026-03-04 09:59:50,164 - INFO - [Valid] [88/90] | Loss: 0.5480 | Val Acc: 82.60%
2026-03-04 09:59:50,192 - INFO - [Metrics for 'abnormal'] | Precision: 0.7988 | Recall: 0.8344 | F1: 0.8162
2026-03-04 09:59:50,192 - INFO - [Metrics for 'normal'] | Precision: 0.8514 | Recall: 0.8187 | F1: 0.8347
2026-03-04 09:59:50,202 - INFO - --------------------------------------------------
2026-03-04 09:59:50,208 - INFO - [LR]    [89/90] | Learning Rate: 0.000101
2026-03-04 10:00:00,942 - INFO - [Train] [89/90] | Loss: 0.2419 | Train Acc: 98.74%
2026-03-04 10:00:03,794 - INFO - [Valid] [89/90] | Loss: 0.5425 | Val Acc: 82.30%
2026-03-04 10:00:03,813 - INFO - [Metrics for 'abnormal'] | Precision: 0.8212 | Recall: 0.7898 | F1: 0.8052
2026-03-04 10:00:03,813 - INFO - [Metrics for 'normal'] | Precision: 0.8245 | Recall: 0.8516 | F1: 0.8378
2026-03-04 10:00:03,820 - INFO - --------------------------------------------------
2026-03-04 10:00:03,823 - INFO - [LR]    [90/90] | Learning Rate: 0.000100
2026-03-04 10:00:13,359 - INFO - [Train] [90/90] | Loss: 0.2458 | Train Acc: 98.07%
2026-03-04 10:00:16,251 - INFO - [Valid] [90/90] | Loss: 0.5454 | Val Acc: 82.60%
2026-03-04 10:00:16,277 - INFO - [Metrics for 'abnormal'] | Precision: 0.8267 | Recall: 0.7898 | F1: 0.8078
2026-03-04 10:00:16,277 - INFO - [Metrics for 'normal'] | Precision: 0.8254 | Recall: 0.8571 | F1: 0.8410
2026-03-04 10:00:16,289 - INFO - ==================================================
2026-03-04 10:00:16,289 - INFO - 훈련 완료. 최고 성능 모델을 불러와 테스트 세트로 최종 평가합니다.
2026-03-04 10:00:16,290 - INFO - 최종 평가를 위해 새로운 모델 객체를 생성합니다.
2026-03-04 10:00:16,290 - INFO - Baseline 모델 'mobilenet_v4_s'을(를) 생성합니다 (사전 훈련 가중치: 미사용).
2026-03-04 10:00:16,528 - INFO - 최종 평가 모델에 Pruning 구조를 재적용합니다.
2026-03-04 10:00:17,161 - INFO - FPGM Pruning을 시작합니다.
2026-03-04 10:00:17,162 - INFO - 분류 레이어 'Linear'을(를) Pruning 대상에서 제외합니다.
2026-03-04 10:00:17,318 - INFO - 저장된 pruning_history를 사용해 Pruning 구조를 재현했습니다.
2026-03-04 10:00:17,319 - INFO - torch-pruning 완료. 모델 구조가 희소도(0.8362792968749999)에 맞춰 변경되었습니다.
2026-03-04 10:00:17,319 - INFO - ==================================================
2026-03-04 10:00:17,451 - INFO - 최고 성능 모델 가중치를 새로 생성된 모델 객체에 로드 완료: 'log/Sewer_TAPNEW_params/baseline_mobilenet_v4_s_fpgm_20260304_093741/best_model.pth'
2026-03-04 10:00:17,452 - INFO - ==================================================
2026-03-04 10:00:17,452 - INFO - Test 모드를 시작합니다.
2026-03-04 10:00:17,455 - INFO - FLOPs 및 MACs 측정을 시작합니다...
2026-03-04 10:00:17,622 - INFO - Model FLOPs: 0.0164 GFLOPs
2026-03-04 10:00:17,622 - INFO - Model MACs: 0.0082 GMACs
2026-03-04 10:00:18,547 - INFO - 테스트 데이터셋에 대한 추론을 시작합니다.
2026-03-04 10:00:22,979 - INFO - [Test] Loss: 0.3953 | Test Acc: 83.19%
2026-03-04 10:00:23,003 - INFO - [Metrics for 'abnormal'] | Precision: 0.8289 | Recall: 0.8025 | F1: 0.8155
2026-03-04 10:00:23,003 - INFO - [Metrics for 'normal'] | Precision: 0.8342 | Recall: 0.8571 | F1: 0.8455
2026-03-04 10:00:24,049 - INFO - ==================================================
2026-03-04 10:00:24,050 - INFO - 혼동 행렬 저장 완료. 'log/Sewer_TAPNEW_params/baseline_mobilenet_v4_s_fpgm_20260304_093741/confusion_matrix_20260304_093741.png' and 'log/Sewer_TAPNEW_params/baseline_mobilenet_v4_s_fpgm_20260304_093741/confusion_matrix_20260304_093741.pdf'
2026-03-04 10:00:24,871 - INFO - Val Acc 그래프 저장 완료: 'log/Sewer_TAPNEW_params/baseline_mobilenet_v4_s_fpgm_20260304_093741/graph_20260304_093741/val_acc.png' and 'log/Sewer_TAPNEW_params/baseline_mobilenet_v4_s_fpgm_20260304_093741/graph_20260304_093741/val_acc.pdf'
2026-03-04 10:00:25,824 - INFO - Train/Val Acc 그래프 저장 완료: 'log/Sewer_TAPNEW_params/baseline_mobilenet_v4_s_fpgm_20260304_093741/graph_20260304_093741/train_val_acc.png' and 'log/Sewer_TAPNEW_params/baseline_mobilenet_v4_s_fpgm_20260304_093741/graph_20260304_093741/train_val_acc.pdf'
2026-03-04 10:00:26,602 - INFO - F1 (normal) 그래프 저장 완료: 'log/Sewer_TAPNEW_params/baseline_mobilenet_v4_s_fpgm_20260304_093741/graph_20260304_093741/F1_normal.png' and 'log/Sewer_TAPNEW_params/baseline_mobilenet_v4_s_fpgm_20260304_093741/graph_20260304_093741/F1_normal.pdf'
2026-03-04 10:00:27,379 - INFO - Validation Loss 그래프 저장 완료: 'log/Sewer_TAPNEW_params/baseline_mobilenet_v4_s_fpgm_20260304_093741/graph_20260304_093741/val_loss.png' and 'log/Sewer_TAPNEW_params/baseline_mobilenet_v4_s_fpgm_20260304_093741/graph_20260304_093741/val_loss.pdf'
2026-03-04 10:00:28,133 - INFO - Learning Rate 그래프 저장 완료: 'log/Sewer_TAPNEW_params/baseline_mobilenet_v4_s_fpgm_20260304_093741/graph_20260304_093741/learning_rate.png' and 'log/Sewer_TAPNEW_params/baseline_mobilenet_v4_s_fpgm_20260304_093741/graph_20260304_093741/learning_rate.pdf'
2026-03-04 10:00:36,367 - INFO - 종합 그래프 저장 완료: 'log/Sewer_TAPNEW_params/baseline_mobilenet_v4_s_fpgm_20260304_093741/graph_20260304_093741/compile.png' and 'log/Sewer_TAPNEW_params/baseline_mobilenet_v4_s_fpgm_20260304_093741/graph_20260304_093741/compile.pdf'
