2026-02-10 13:54:08,509 - INFO - 로그 파일이 'log/Sewer-TAPNEW_params/baseline_deit_tiny_wanda_20260210_135408/log_20260210_135408.log'에 저장됩니다.
2026-02-10 13:54:08,511 - INFO - ==================================================
2026-02-10 13:54:08,511 - INFO - config.yaml:
2026-02-10 13:54:08,511 - INFO - 
run:
  global_seed: 42
  cuda: true
  mode: inference
  pth_inference_dir: /home/user/workspace/CHOI/sewer_binary_cls_v9/log/Sewer-TAPNEW/iso_params/fp32/wanda/baseline_deit_tiny_wanda_20260210_103635
  pth_best_name: best_model.pth
  evaluate_onnx: true
  only_inference: false
  use_fp16_inference: true
  show_log: true
  dataset:
    name: Sewer-TAPNEW_params
    type: image_folder
    train_split_ratio: 0.8
    paths:
      train_img_dir: /home/user/workspace/disk/nvme1/data/Sewer/Sewer-ML/train
      valid_img_dir: /home/user/workspace/disk/nvme1/data/Sewer/Sewer-ML/valid
      test_img_dir: /home/user/workspace/disk/nvme1/data/Sewer/Sewer-ML/valid
      train_csv: /home/user/workspace/disk/nvme1/data/Sewer/Sewer-ML/SewerML_Train.csv
      valid_csv: /home/user/workspace/disk/nvme1/data/Sewer/Sewer-ML/SewerML_Val.csv
      test_csv: /home/user/workspace/disk/nvme1/data/Sewer/Sewer-ML/SewerML_Val.csv
      img_folder: /home/user/workspace/disk/nvme1/data/Sewer/Sewer-TAPNEW
  random_sampling_ratio:
    train: 1.0
    valid: 1.0
    test: 1.0
  num_workers: 16
training_main:
  epochs: 90
  batch_size: 16
  pre_trained: false
  optimizer: adamw
  lr: 0.001
  weight_decay: 0.0001
  loss_function: CrossEntropyLoss
  label_smoothing: 0.1
  scheduler: cosineannealinglr
  scheduler_params:
    T_max: 90
    eta_min: 0.0001
  best_model_criterion: val_loss
training_baseline:
  epochs: 10
  batch_size: 16
  pre_trained: false
  optimizer: adamw
  lr: 0.001
  weight_decay: 0.0001
  loss_function: CrossEntropyLoss
  label_smoothing: 0.1
  scheduler: cosineannealinglr
  scheduler_params:
    T_max: 10
    eta_min: 0.0001
  best_model_criterion: val_loss
finetuning_pruned:
  epochs: 80
  batch_size: 16
  optimizer: adamw
  lr: 0.001
  weight_decay: 0.0001
  loss_function: CrossEntropyLoss
  label_smoothing: 0.1
  scheduler: cosineannealinglr
  scheduler_params:
    T_max: 80
    eta_min: 0.0001
  best_model_criterion: val_loss
model:
  img_size: 224
  num_patches_per_side: 7
  num_decoder_patches: 1
  num_decoder_layers: 6
  num_heads: 2
  cnn_feature_extractor:
    name: custom24
  encoder_dim: 24
  emb_dim: 24
  adaptive_initial_query: true
  decoder_ff_ratio: 2
  dropout: 0.1
  positional_encoding: true
  res_attention: false
  drop_path_ratio: 0.2
  save_attention: false
  num_plot_attention: 600
baseline:
  model_name: deit_tiny
  use_wanda_pruning: true
  num_wanda_calib_samples: 1353
  pruning_sparsity: 0.9784

2026-02-10 13:54:08,511 - INFO - ==================================================
2026-02-10 13:54:08,649 - INFO - CUDA 사용 가능. GPU 사용을 시작합니다. (Device: NVIDIA GeForce RTX 5090)
2026-02-10 13:54:08,649 - INFO - 'Sewer-TAPNEW_params' 데이터 로드를 시작합니다 (Type: image_folder).
2026-02-10 13:54:08,649 - INFO - '/home/user/workspace/disk/nvme1/data/Sewer/Sewer-TAPNEW' 경로의 데이터를 훈련/테스트셋으로 분할합니다.
2026-02-10 13:54:08,652 - INFO - 총 1692개 데이터를 훈련용 1353개, 테스트용 339개로 분할합니다 (split_seed=42).
2026-02-10 13:54:08,652 - INFO - 데이터셋 클래스: ['abnormal', 'normal'] (총 2개)
2026-02-10 13:54:08,652 - INFO - 훈련 데이터: 1353개, 검증 데이터: 339개, 테스트 데이터: 339개
2026-02-10 13:54:08,652 - INFO - Baseline 모델 'deit_tiny'을(를) 생성합니다 (사전 훈련 가중치: 미사용).
2026-02-10 13:54:08,763 - INFO - timm 모델(deit_tiny)의 Attention.forward를 Pruning 호환성을 위해 Monkey-patching 합니다.
2026-02-10 13:54:08,764 - INFO - ==================================================
2026-02-10 13:54:08,764 - INFO - 모델 파라미터 수:
2026-02-10 13:54:08,764 - INFO -   - 총 파라미터: 5,524,802 개
2026-02-10 13:54:08,764 - INFO -   - 학습 가능한 파라미터: 5,524,802 개
2026-02-10 13:54:08,764 - INFO - '/home/user/workspace/CHOI/sewer_binary_cls_v9/log/Sewer-TAPNEW/iso_params/fp32/wanda/baseline_deit_tiny_wanda_20260210_103635/pruning_info.yaml'에서 Pruning 희소도(0.9784)를 불러왔습니다.
2026-02-10 13:54:08,764 - INFO - 추론 모드: 훈련된 모델의 Pruning 구조를 재현합니다.
2026-02-10 13:54:08,765 - INFO - Wanda Pruning을 시작합니다.
2026-02-10 13:54:08,765 - INFO - Wanda 중요도 계산을 위해 Calibration을 수행합니다.
2026-02-10 13:54:08,765 - INFO -   - Calibration Samples: 1353 (approx 85 batches)
2026-02-10 13:54:10,414 - INFO - 분류 레이어 'Linear'을(를) Pruning 대상에서 제외합니다.
2026-02-10 13:54:10,414 - INFO - ViT 계열 모델의 모든 qkv 레이어를 Pruning 대상에서 제외합니다.
2026-02-10 13:54:10,556 - INFO - torch-pruning 완료. 모델 구조가 희소도(0.9783984374999999)에 맞춰 변경되었습니다.
2026-02-10 13:54:10,556 - INFO - ==================================================
2026-02-10 13:54:10,557 - INFO - ==================================================
2026-02-10 13:54:10,557 - INFO - 모델 파라미터 수:
2026-02-10 13:54:10,557 - INFO -   - 총 파라미터: 49,678 개
2026-02-10 13:54:10,557 - INFO -   - 학습 가능한 파라미터: 49,678 개
2026-02-10 13:54:10,557 - INFO - ==================================================
2026-02-10 13:54:10,557 - INFO - Inference 모드를 시작합니다.
2026-02-10 13:54:10,691 - INFO - [Model Load] PyTorch 모델 가중치 로드 중 피크 메모리 - 모델 로드 전 청소 직후 메모리: 0.38 MB
2026-02-10 13:54:10,691 - INFO - '/home/user/workspace/CHOI/sewer_binary_cls_v9/log/Sewer-TAPNEW/iso_params/fp32/wanda/baseline_deit_tiny_wanda_20260210_103635/best_model.pth' 가중치 로드 완료.
2026-02-10 13:54:10,719 - INFO - 연산량 (MACs): 0.0082 GMACs per sample
2026-02-10 13:54:10,719 - INFO - 연산량 (FLOPs): 0.0163 GFLOPs per sample
2026-02-10 13:54:10,719 - INFO - ==================================================
2026-02-10 13:54:10,719 - INFO - FP16 Inference (ONNX via onnxconverter-common)을 적용합니다.
2026-02-10 13:54:10,719 - INFO - DEBUG: onnxruntime status: Loaded
2026-02-10 13:54:10,719 - INFO - DEBUG: onnx status: Loaded
2026-02-10 13:54:10,719 - INFO - DEBUG: float16 (onnxconverter-common) status: Loaded
2026-02-10 13:54:10,838 - INFO - onnxconverter-common을 사용하여 float16 변환을 수행합니다...
2026-02-10 13:54:10,871 - INFO - ONNX FP16 모델 저장 완료: log/Sewer-TAPNEW_params/baseline_deit_tiny_wanda_20260210_135408/best_model_fp16.onnx
2026-02-10 13:54:11,032 - INFO - [Model Load] ONNX 모델(FP16) 로드 중 피크 메모리 - 모델 로드 전 청소 직후 메모리: 12.00 MB
2026-02-10 13:54:11,033 - INFO - ONNX 런타임의 샘플 당 Forward Pass 시간 측정을 시작합니다...
2026-02-10 13:54:12,117 - INFO - 샘플 당 평균 Forward Pass 시간 (ONNX, CPU): 8.82ms (std: 0.54ms)
2026-02-10 13:54:12,117 - INFO - 샘플 당 평균 FPS (ONNX, CPU): 113.62 FPS (std: 5.05) (1개 샘플 x 100회 반복)
2026-02-10 13:54:12,117 - INFO - [Inference] 추론 중 피크 메모리 - 모델 로드 후 메모리 정리 직후 메모리: 4.50 MB
2026-02-10 13:54:12,117 - INFO - [Total] (FP16) 추론 중 피크 메모리 - 모델 로드 전 청소 직후 메모리: 16.50 MB
2026-02-10 13:54:15,391 - INFO - [Inference (ONNX FP16)] | Test Acc (ONNX): 80.53%
2026-02-10 13:54:15,402 - INFO - [Metrics for 'abnormal' (ONNX)] | Precision: 0.7974 | Recall: 0.7771 | F1: 0.7871
2026-02-10 13:54:15,402 - INFO - [Metrics for 'normal' (ONNX)] | Precision: 0.8118 | Recall: 0.8297 | F1: 0.8207
2026-02-10 13:54:15,526 - INFO - ==================================================
2026-02-10 13:54:15,526 - INFO - 혼동 행렬 저장 완료. 'log/Sewer-TAPNEW_params/baseline_deit_tiny_wanda_20260210_135408/confusion_matrix_20260210_135408.png' and 'log/Sewer-TAPNEW_params/baseline_deit_tiny_wanda_20260210_135408/confusion_matrix_20260210_135408.pdf'
