2026-01-12 00:16:26,533 - INFO - 로그 파일이 'log/Sewer-ML/baseline_deit_tiny_20260112_001626/log_20260112_001626.log'에 저장됩니다.
2026-01-12 00:16:26,534 - INFO - ==================================================
2026-01-12 00:16:26,534 - INFO - config.yaml:
2026-01-12 00:16:26,534 - INFO - 
run:
  global_seed: 42
  cuda: true
  mode: train
  pth_best_name: best_model.pth
  evaluate_onnx: true
  only_inference: false
  show_log: true
  dataset:
    name: Sewer-ML
    type: csv
    train_split_ratio: 0.8
    paths:
      train_img_dir: /home/user/workspace/disk/nvme1/data/Sewer/Sewer-ML/train
      valid_img_dir: /home/user/workspace/disk/nvme1/data/Sewer/Sewer-ML/valid
      test_img_dir: /home/user/workspace/disk/nvme1/data/Sewer/Sewer-ML/valid
      train_csv: /home/user/workspace/disk/nvme1/data/Sewer/Sewer-ML/SewerML_Train.csv
      valid_csv: /home/user/workspace/disk/nvme1/data/Sewer/Sewer-ML/SewerML_Val.csv
      test_csv: /home/user/workspace/disk/nvme1/data/Sewer/Sewer-ML/SewerML_Val.csv
  random_sampling_ratio:
    train: 1.0
    valid: 1.0
    test: 1.0
  num_workers: 16
training_run:
  epochs: 90
  batch_size: 16
  pre_trained: false
  optimizer: adamw
  lr: 0.001
  weight_decay: 0.0001
  loss_function: CrossEntropyLoss
  label_smoothing: 0.1
  warmup:
    enabled: false
    epochs: 5
    start_lr: 1.0e-05
  scheduler: cosineannealinglr
  scheduler_params:
    T_max: 90
    eta_min: 0.0001
  best_model_criterion: val_loss
training_baseline:
  epochs: 90
  batch_size: 256
  pre_trained: false
  optimizer: adamw
  lr: 0.001
  weight_decay: 0.0001
  loss_function: CrossEntropyLoss
  label_smoothing: 0.1
  warmup:
    enabled: false
    epochs: 5
    start_lr: 1.0e-05
  scheduler: cosineannealinglr
  scheduler_params:
    T_max: 10
    eta_min: 0.0001
  best_model_criterion: val_loss
finetuning_pruned:
  epochs: 80
  batch_size: 16
  optimizer: adamw
  lr: 0.001
  weight_decay: 0.0001
  loss_function: CrossEntropyLoss
  label_smoothing: 0.1
  warmup:
    enabled: false
    epochs: 5
    start_lr: 1.0e-06
  scheduler: cosineannealinglr
  scheduler_params:
    T_max: 80
    eta_min: 0.0001
  best_model_criterion: val_loss
model:
  img_size: 224
  patch_size: 56
  stride: 56
  cnn_feature_extractor:
    name: efficientnet_b0_feat2
  featured_patch_dim: 24
  emb_dim: 24
  num_heads: 2
  num_decoder_layers: 2
  num_decoder_patches: 1
  adaptive_initial_query: true
  decoder_ff_ratio: 2
  dropout: 0.1
  positional_encoding: true
  res_attention: true
  save_attention: true
  num_plot_attention: 0
baseline:
  model_name: deit_tiny

2026-01-12 00:16:26,534 - INFO - ==================================================
2026-01-12 00:16:26,712 - INFO - CUDA 사용 가능. GPU 사용을 시작합니다. (Device: NVIDIA GeForce RTX 5090)
2026-01-12 00:16:26,712 - INFO - 'Sewer-ML' 데이터 로드를 시작합니다 (Type: csv).
2026-01-12 00:16:27,303 - INFO - 데이터셋 클래스: ['Normal', 'Defect'] (총 2개)
2026-01-12 00:16:27,303 - INFO - 훈련 데이터: 1040129개, 검증 데이터: 130046개, 테스트 데이터: 130046개
2026-01-12 00:16:27,303 - INFO - Baseline 모델 'deit_tiny'을(를) 생성합니다 (사전 훈련 가중치: 미사용).
2026-01-12 00:16:27,414 - INFO - timm 모델(deit_tiny)의 Attention.forward를 Pruning 호환성을 위해 Monkey-patching 합니다.
2026-01-12 00:16:27,414 - INFO - ==================================================
2026-01-12 00:16:27,414 - INFO - 모델 파라미터 수:
2026-01-12 00:16:27,414 - INFO -   - 총 파라미터: 5,524,802 개
2026-01-12 00:16:27,414 - INFO -   - 학습 가능한 파라미터: 5,524,802 개
2026-01-12 00:16:27,414 - INFO - ================================================================================
2026-01-12 00:16:27,414 - INFO - 단계 1/2: 사전 훈련(Pre-training)을 시작합니다.
2026-01-12 00:16:27,414 - INFO - ================================================================================
2026-01-12 00:16:27,414 - INFO - 옵티마이저: AdamW (lr=0.001, weight_decay=0.0001)
2026-01-12 00:16:27,415 - INFO - 스케줄러: CosineAnnealingLR (T_max=10, eta_min=0.0001)
2026-01-12 00:16:27,415 - INFO - ==================================================
2026-01-12 00:16:27,415 - INFO - train 모드를 시작합니다.
2026-01-12 00:16:27,415 - INFO - 손실 함수: CrossEntropyLoss (label_smoothing: 0.1)
2026-01-12 00:16:27,415 - INFO - Best metric을 초기값(inf)으로 설정합니다.
2026-01-12 00:16:27,415 - INFO - --------------------------------------------------
2026-01-12 00:16:27,415 - INFO - [LR]    [1/90] | Learning Rate: 0.001000
2026-01-12 00:24:25,504 - INFO - [Train] [1/90] | Loss: 0.5556 | Train Acc: 74.46%
2026-01-12 00:25:05,833 - INFO - [Valid] [1/90] | Loss: 0.5100 | Val Acc: 78.82%
2026-01-12 00:25:05,991 - INFO - [Metrics for 'Normal'] | Precision: 0.7716 | Recall: 0.8509 | F1: 0.8093
2026-01-12 00:25:05,991 - INFO - [Metrics for 'Defect'] | Precision: 0.8114 | Recall: 0.7181 | F1: 0.7619
2026-01-12 00:25:06,060 - INFO - [Best Model Saved] (val loss: 0.5100) -> 'log/Sewer-ML/baseline_deit_tiny_20260112_001626/best_model.pth'
2026-01-12 00:25:06,060 - INFO - --------------------------------------------------
2026-01-12 00:25:06,061 - INFO - [LR]    [2/90] | Learning Rate: 0.000978
2026-01-12 00:33:03,570 - INFO - [Train] [2/90] | Loss: 0.4958 | Train Acc: 79.97%
2026-01-12 00:33:43,164 - INFO - [Valid] [2/90] | Loss: 0.4731 | Val Acc: 81.81%
2026-01-12 00:33:43,293 - INFO - [Metrics for 'Normal'] | Precision: 0.8551 | Recall: 0.7894 | F1: 0.8209
2026-01-12 00:33:43,293 - INFO - [Metrics for 'Defect'] | Precision: 0.7830 | Recall: 0.8503 | F1: 0.8152
2026-01-12 00:33:43,353 - INFO - [Best Model Saved] (val loss: 0.4731) -> 'log/Sewer-ML/baseline_deit_tiny_20260112_001626/best_model.pth'
2026-01-12 00:33:43,353 - INFO - --------------------------------------------------
2026-01-12 00:33:43,354 - INFO - [LR]    [3/90] | Learning Rate: 0.000914
2026-01-12 00:41:41,252 - INFO - [Train] [3/90] | Loss: 0.4701 | Train Acc: 82.09%
2026-01-12 00:42:20,803 - INFO - [Valid] [3/90] | Loss: 0.4605 | Val Acc: 82.75%
2026-01-12 00:42:20,933 - INFO - [Metrics for 'Normal'] | Precision: 0.8094 | Recall: 0.8808 | F1: 0.8436
2026-01-12 00:42:20,933 - INFO - [Metrics for 'Defect'] | Precision: 0.8520 | Recall: 0.7679 | F1: 0.8078
2026-01-12 00:42:20,994 - INFO - [Best Model Saved] (val loss: 0.4605) -> 'log/Sewer-ML/baseline_deit_tiny_20260112_001626/best_model.pth'
2026-01-12 00:42:20,995 - INFO - --------------------------------------------------
2026-01-12 00:42:20,995 - INFO - [LR]    [4/90] | Learning Rate: 0.000815
2026-01-12 00:50:18,993 - INFO - [Train] [4/90] | Loss: 0.4519 | Train Acc: 83.42%
2026-01-12 00:50:58,762 - INFO - [Valid] [4/90] | Loss: 0.4426 | Val Acc: 84.24%
2026-01-12 00:50:58,890 - INFO - [Metrics for 'Normal'] | Precision: 0.8341 | Recall: 0.8758 | F1: 0.8545
2026-01-12 00:50:58,890 - INFO - [Metrics for 'Defect'] | Precision: 0.8528 | Recall: 0.8050 | F1: 0.8282
2026-01-12 00:50:58,952 - INFO - [Best Model Saved] (val loss: 0.4426) -> 'log/Sewer-ML/baseline_deit_tiny_20260112_001626/best_model.pth'
2026-01-12 00:50:58,952 - INFO - --------------------------------------------------
2026-01-12 00:50:58,953 - INFO - [LR]    [5/90] | Learning Rate: 0.000689
2026-01-12 00:58:56,815 - INFO - [Train] [5/90] | Loss: 0.4378 | Train Acc: 84.49%
2026-01-12 00:59:36,564 - INFO - [Valid] [5/90] | Loss: 0.4274 | Val Acc: 85.18%
2026-01-12 00:59:36,694 - INFO - [Metrics for 'Normal'] | Precision: 0.8601 | Recall: 0.8591 | F1: 0.8596
2026-01-12 00:59:36,694 - INFO - [Metrics for 'Defect'] | Precision: 0.8425 | Recall: 0.8436 | F1: 0.8430
2026-01-12 00:59:36,755 - INFO - [Best Model Saved] (val loss: 0.4274) -> 'log/Sewer-ML/baseline_deit_tiny_20260112_001626/best_model.pth'
2026-01-12 00:59:36,756 - INFO - --------------------------------------------------
2026-01-12 00:59:36,756 - INFO - [LR]    [6/90] | Learning Rate: 0.000550
2026-01-12 01:07:34,884 - INFO - [Train] [6/90] | Loss: 0.4254 | Train Acc: 85.41%
2026-01-12 01:08:14,853 - INFO - [Valid] [6/90] | Loss: 0.4293 | Val Acc: 85.15%
2026-01-12 01:08:14,974 - INFO - [Metrics for 'Normal'] | Precision: 0.8379 | Recall: 0.8912 | F1: 0.8637
2026-01-12 01:08:14,974 - INFO - [Metrics for 'Defect'] | Precision: 0.8689 | Recall: 0.8071 | F1: 0.8369
2026-01-12 01:08:15,015 - INFO - --------------------------------------------------
2026-01-12 01:08:15,015 - INFO - [LR]    [7/90] | Learning Rate: 0.000411
2026-01-12 01:16:12,839 - INFO - [Train] [7/90] | Loss: 0.4148 | Train Acc: 86.15%
2026-01-12 01:16:52,862 - INFO - [Valid] [7/90] | Loss: 0.4085 | Val Acc: 86.64%
2026-01-12 01:16:52,991 - INFO - [Metrics for 'Normal'] | Precision: 0.8711 | Recall: 0.8768 | F1: 0.8739
2026-01-12 01:16:52,991 - INFO - [Metrics for 'Defect'] | Precision: 0.8611 | Recall: 0.8547 | F1: 0.8579
2026-01-12 01:16:53,052 - INFO - [Best Model Saved] (val loss: 0.4085) -> 'log/Sewer-ML/baseline_deit_tiny_20260112_001626/best_model.pth'
2026-01-12 01:16:53,052 - INFO - --------------------------------------------------
2026-01-12 01:16:53,052 - INFO - [LR]    [8/90] | Learning Rate: 0.000285
2026-01-12 01:24:51,123 - INFO - [Train] [8/90] | Loss: 0.4060 | Train Acc: 86.76%
2026-01-12 01:25:31,074 - INFO - [Valid] [8/90] | Loss: 0.4026 | Val Acc: 87.03%
2026-01-12 01:25:31,205 - INFO - [Metrics for 'Normal'] | Precision: 0.8895 | Recall: 0.8615 | F1: 0.8753
2026-01-12 01:25:31,205 - INFO - [Metrics for 'Defect'] | Precision: 0.8503 | Recall: 0.8802 | F1: 0.8650
2026-01-12 01:25:31,266 - INFO - [Best Model Saved] (val loss: 0.4026) -> 'log/Sewer-ML/baseline_deit_tiny_20260112_001626/best_model.pth'
2026-01-12 01:25:31,266 - INFO - --------------------------------------------------
2026-01-12 01:25:31,267 - INFO - [LR]    [9/90] | Learning Rate: 0.000186
2026-01-12 01:33:29,464 - INFO - [Train] [9/90] | Loss: 0.3983 | Train Acc: 87.34%
2026-01-12 01:34:09,819 - INFO - [Valid] [9/90] | Loss: 0.4024 | Val Acc: 87.07%
2026-01-12 01:34:09,949 - INFO - [Metrics for 'Normal'] | Precision: 0.8992 | Recall: 0.8506 | F1: 0.8742
2026-01-12 01:34:09,949 - INFO - [Metrics for 'Defect'] | Precision: 0.8423 | Recall: 0.8933 | F1: 0.8670
2026-01-12 01:34:10,010 - INFO - [Best Model Saved] (val loss: 0.4024) -> 'log/Sewer-ML/baseline_deit_tiny_20260112_001626/best_model.pth'
2026-01-12 01:34:10,011 - INFO - --------------------------------------------------
2026-01-12 01:34:10,011 - INFO - [LR]    [10/90] | Learning Rate: 0.000122
2026-01-12 01:42:08,237 - INFO - [Train] [10/90] | Loss: 0.3925 | Train Acc: 87.73%
2026-01-12 01:42:48,210 - INFO - [Valid] [10/90] | Loss: 0.3962 | Val Acc: 87.48%
2026-01-12 01:42:48,341 - INFO - [Metrics for 'Normal'] | Precision: 0.8829 | Recall: 0.8795 | F1: 0.8812
2026-01-12 01:42:48,341 - INFO - [Metrics for 'Defect'] | Precision: 0.8658 | Recall: 0.8694 | F1: 0.8676
2026-01-12 01:42:48,403 - INFO - [Best Model Saved] (val loss: 0.3962) -> 'log/Sewer-ML/baseline_deit_tiny_20260112_001626/best_model.pth'
2026-01-12 01:42:48,403 - INFO - --------------------------------------------------
2026-01-12 01:42:48,403 - INFO - [LR]    [11/90] | Learning Rate: 0.000100
2026-01-12 01:50:46,541 - INFO - [Train] [11/90] | Loss: 0.3888 | Train Acc: 88.00%
2026-01-12 01:51:26,519 - INFO - [Valid] [11/90] | Loss: 0.3954 | Val Acc: 87.53%
2026-01-12 01:51:26,640 - INFO - [Metrics for 'Normal'] | Precision: 0.8948 | Recall: 0.8655 | F1: 0.8799
2026-01-12 01:51:26,640 - INFO - [Metrics for 'Defect'] | Precision: 0.8548 | Recall: 0.8861 | F1: 0.8702
2026-01-12 01:51:26,700 - INFO - [Best Model Saved] (val loss: 0.3954) -> 'log/Sewer-ML/baseline_deit_tiny_20260112_001626/best_model.pth'
2026-01-12 01:51:26,701 - INFO - --------------------------------------------------
2026-01-12 01:51:26,701 - INFO - [LR]    [12/90] | Learning Rate: 0.000122
2026-01-12 01:59:24,871 - INFO - [Train] [12/90] | Loss: 0.3875 | Train Acc: 88.08%
2026-01-12 02:00:04,635 - INFO - [Valid] [12/90] | Loss: 0.3930 | Val Acc: 87.72%
2026-01-12 02:00:04,766 - INFO - [Metrics for 'Normal'] | Precision: 0.8927 | Recall: 0.8724 | F1: 0.8824
2026-01-12 02:00:04,766 - INFO - [Metrics for 'Defect'] | Precision: 0.8607 | Recall: 0.8826 | F1: 0.8715
2026-01-12 02:00:04,827 - INFO - [Best Model Saved] (val loss: 0.3930) -> 'log/Sewer-ML/baseline_deit_tiny_20260112_001626/best_model.pth'
2026-01-12 02:00:04,828 - INFO - --------------------------------------------------
2026-01-12 02:00:04,828 - INFO - [LR]    [13/90] | Learning Rate: 0.000186
2026-01-12 02:08:03,205 - INFO - [Train] [13/90] | Loss: 0.3880 | Train Acc: 88.03%
2026-01-12 02:08:43,174 - INFO - [Valid] [13/90] | Loss: 0.3956 | Val Acc: 87.59%
2026-01-12 02:08:43,305 - INFO - [Metrics for 'Normal'] | Precision: 0.9011 | Recall: 0.8593 | F1: 0.8797
2026-01-12 02:08:43,305 - INFO - [Metrics for 'Defect'] | Precision: 0.8503 | Recall: 0.8945 | F1: 0.8719
2026-01-12 02:08:43,347 - INFO - --------------------------------------------------
2026-01-12 02:08:43,347 - INFO - [LR]    [14/90] | Learning Rate: 0.000285
2026-01-12 02:16:41,683 - INFO - [Train] [14/90] | Loss: 0.3898 | Train Acc: 87.91%
2026-01-12 02:17:21,762 - INFO - [Valid] [14/90] | Loss: 0.3939 | Val Acc: 87.71%
2026-01-12 02:17:21,893 - INFO - [Metrics for 'Normal'] | Precision: 0.8938 | Recall: 0.8707 | F1: 0.8821
2026-01-12 02:17:21,894 - INFO - [Metrics for 'Defect'] | Precision: 0.8594 | Recall: 0.8842 | F1: 0.8716
2026-01-12 02:17:21,935 - INFO - --------------------------------------------------
2026-01-12 02:17:21,936 - INFO - [LR]    [15/90] | Learning Rate: 0.000411
2026-01-12 02:25:20,042 - INFO - [Train] [15/90] | Loss: 0.3919 | Train Acc: 87.76%
2026-01-12 02:26:00,193 - INFO - [Valid] [15/90] | Loss: 0.3992 | Val Acc: 87.36%
2026-01-12 02:26:00,324 - INFO - [Metrics for 'Normal'] | Precision: 0.8904 | Recall: 0.8675 | F1: 0.8788
2026-01-12 02:26:00,324 - INFO - [Metrics for 'Defect'] | Precision: 0.8559 | Recall: 0.8805 | F1: 0.8680
2026-01-12 02:26:00,365 - INFO - --------------------------------------------------
2026-01-12 02:26:00,365 - INFO - [LR]    [16/90] | Learning Rate: 0.000550
2026-01-12 02:33:58,256 - INFO - [Train] [16/90] | Loss: 0.3940 | Train Acc: 87.63%
2026-01-12 02:34:38,214 - INFO - [Valid] [16/90] | Loss: 0.3978 | Val Acc: 87.41%
2026-01-12 02:34:38,335 - INFO - [Metrics for 'Normal'] | Precision: 0.8891 | Recall: 0.8701 | F1: 0.8795
2026-01-12 02:34:38,335 - INFO - [Metrics for 'Defect'] | Precision: 0.8580 | Recall: 0.8785 | F1: 0.8682
2026-01-12 02:34:38,376 - INFO - --------------------------------------------------
2026-01-12 02:34:38,376 - INFO - [LR]    [17/90] | Learning Rate: 0.000689
2026-01-12 02:42:36,449 - INFO - [Train] [17/90] | Loss: 0.3955 | Train Acc: 87.54%
2026-01-12 02:43:16,194 - INFO - [Valid] [17/90] | Loss: 0.3990 | Val Acc: 87.27%
2026-01-12 02:43:16,324 - INFO - [Metrics for 'Normal'] | Precision: 0.8656 | Recall: 0.8984 | F1: 0.8817
2026-01-12 02:43:16,324 - INFO - [Metrics for 'Defect'] | Precision: 0.8813 | Recall: 0.8439 | F1: 0.8622
2026-01-12 02:43:16,365 - INFO - --------------------------------------------------
2026-01-12 02:43:16,365 - INFO - [LR]    [18/90] | Learning Rate: 0.000815
2026-01-12 02:51:14,538 - INFO - [Train] [18/90] | Loss: 0.3952 | Train Acc: 87.54%
2026-01-12 02:51:54,170 - INFO - [Valid] [18/90] | Loss: 0.3969 | Val Acc: 87.47%
2026-01-12 02:51:54,340 - INFO - [Metrics for 'Normal'] | Precision: 0.8958 | Recall: 0.8631 | F1: 0.8792
2026-01-12 02:51:54,340 - INFO - [Metrics for 'Defect'] | Precision: 0.8528 | Recall: 0.8877 | F1: 0.8699
2026-01-12 02:51:54,392 - INFO - --------------------------------------------------
2026-01-12 02:51:54,393 - INFO - [LR]    [19/90] | Learning Rate: 0.000914
2026-01-12 02:59:52,586 - INFO - [Train] [19/90] | Loss: 0.3937 | Train Acc: 87.60%
2026-01-12 03:00:32,451 - INFO - [Valid] [19/90] | Loss: 0.3991 | Val Acc: 87.33%
2026-01-12 03:00:32,583 - INFO - [Metrics for 'Normal'] | Precision: 0.8874 | Recall: 0.8705 | F1: 0.8789
2026-01-12 03:00:32,583 - INFO - [Metrics for 'Defect'] | Precision: 0.8581 | Recall: 0.8764 | F1: 0.8672
2026-01-12 03:00:32,624 - INFO - --------------------------------------------------
2026-01-12 03:00:32,625 - INFO - [LR]    [20/90] | Learning Rate: 0.000978
2026-01-12 03:08:30,834 - INFO - [Train] [20/90] | Loss: 0.3904 | Train Acc: 87.86%
2026-01-12 03:09:10,889 - INFO - [Valid] [20/90] | Loss: 0.3904 | Val Acc: 87.97%
2026-01-12 03:09:11,013 - INFO - [Metrics for 'Normal'] | Precision: 0.8978 | Recall: 0.8715 | F1: 0.8845
2026-01-12 03:09:11,013 - INFO - [Metrics for 'Defect'] | Precision: 0.8608 | Recall: 0.8889 | F1: 0.8746
2026-01-12 03:09:11,075 - INFO - [Best Model Saved] (val loss: 0.3904) -> 'log/Sewer-ML/baseline_deit_tiny_20260112_001626/best_model.pth'
2026-01-12 03:09:11,075 - INFO - --------------------------------------------------
2026-01-12 03:09:11,075 - INFO - [LR]    [21/90] | Learning Rate: 0.001000
2026-01-12 03:17:09,379 - INFO - [Train] [21/90] | Loss: 0.3865 | Train Acc: 88.15%
2026-01-12 03:17:49,387 - INFO - [Valid] [21/90] | Loss: 0.3992 | Val Acc: 87.30%
2026-01-12 03:17:49,555 - INFO - [Metrics for 'Normal'] | Precision: 0.9191 | Recall: 0.8328 | F1: 0.8739
2026-01-12 03:17:49,555 - INFO - [Metrics for 'Defect'] | Precision: 0.8307 | Recall: 0.9180 | F1: 0.8722
2026-01-12 03:17:49,609 - INFO - --------------------------------------------------
2026-01-12 03:17:49,610 - INFO - [LR]    [22/90] | Learning Rate: 0.000978
2026-01-12 03:25:47,955 - INFO - [Train] [22/90] | Loss: 0.3816 | Train Acc: 88.49%
2026-01-12 03:26:27,742 - INFO - [Valid] [22/90] | Loss: 0.3832 | Val Acc: 88.40%
2026-01-12 03:26:27,900 - INFO - [Metrics for 'Normal'] | Precision: 0.8986 | Recall: 0.8796 | F1: 0.8890
2026-01-12 03:26:27,900 - INFO - [Metrics for 'Defect'] | Precision: 0.8684 | Recall: 0.8890 | F1: 0.8786
2026-01-12 03:26:27,980 - INFO - [Best Model Saved] (val loss: 0.3832) -> 'log/Sewer-ML/baseline_deit_tiny_20260112_001626/best_model.pth'
2026-01-12 03:26:27,980 - INFO - --------------------------------------------------
2026-01-12 03:26:27,981 - INFO - [LR]    [23/90] | Learning Rate: 0.000914
2026-01-12 03:34:26,420 - INFO - [Train] [23/90] | Loss: 0.3761 | Train Acc: 88.87%
2026-01-12 03:35:06,180 - INFO - [Valid] [23/90] | Loss: 0.3816 | Val Acc: 88.56%
2026-01-12 03:35:06,313 - INFO - [Metrics for 'Normal'] | Precision: 0.8873 | Recall: 0.8974 | F1: 0.8923
2026-01-12 03:35:06,313 - INFO - [Metrics for 'Defect'] | Precision: 0.8836 | Recall: 0.8725 | F1: 0.8780
2026-01-12 03:35:06,376 - INFO - [Best Model Saved] (val loss: 0.3816) -> 'log/Sewer-ML/baseline_deit_tiny_20260112_001626/best_model.pth'
2026-01-12 03:35:06,376 - INFO - --------------------------------------------------
2026-01-12 03:35:06,377 - INFO - [LR]    [24/90] | Learning Rate: 0.000815
2026-01-12 03:43:04,696 - INFO - [Train] [24/90] | Loss: 0.3692 | Train Acc: 89.32%
2026-01-12 03:43:44,446 - INFO - [Valid] [24/90] | Loss: 0.3794 | Val Acc: 88.73%
2026-01-12 03:43:44,569 - INFO - [Metrics for 'Normal'] | Precision: 0.9054 | Recall: 0.8783 | F1: 0.8916
2026-01-12 03:43:44,569 - INFO - [Metrics for 'Defect'] | Precision: 0.8682 | Recall: 0.8973 | F1: 0.8825
2026-01-12 03:43:44,631 - INFO - [Best Model Saved] (val loss: 0.3794) -> 'log/Sewer-ML/baseline_deit_tiny_20260112_001626/best_model.pth'
2026-01-12 03:43:44,631 - INFO - --------------------------------------------------
2026-01-12 03:43:44,631 - INFO - [LR]    [25/90] | Learning Rate: 0.000689
2026-01-12 03:51:42,828 - INFO - [Train] [25/90] | Loss: 0.3623 | Train Acc: 89.80%
2026-01-12 03:52:22,924 - INFO - [Valid] [25/90] | Loss: 0.3789 | Val Acc: 88.75%
2026-01-12 03:52:23,057 - INFO - [Metrics for 'Normal'] | Precision: 0.8841 | Recall: 0.9057 | F1: 0.8948
2026-01-12 03:52:23,058 - INFO - [Metrics for 'Defect'] | Precision: 0.8915 | Recall: 0.8671 | F1: 0.8791
2026-01-12 03:52:23,120 - INFO - [Best Model Saved] (val loss: 0.3789) -> 'log/Sewer-ML/baseline_deit_tiny_20260112_001626/best_model.pth'
2026-01-12 03:52:23,120 - INFO - --------------------------------------------------
2026-01-12 03:52:23,121 - INFO - [LR]    [26/90] | Learning Rate: 0.000550
2026-01-12 04:00:21,336 - INFO - [Train] [26/90] | Loss: 0.3546 | Train Acc: 90.34%
2026-01-12 04:01:01,273 - INFO - [Valid] [26/90] | Loss: 0.3766 | Val Acc: 88.94%
2026-01-12 04:01:01,407 - INFO - [Metrics for 'Normal'] | Precision: 0.9212 | Recall: 0.8645 | F1: 0.8919
2026-01-12 04:01:01,407 - INFO - [Metrics for 'Defect'] | Precision: 0.8581 | Recall: 0.9172 | F1: 0.8867
2026-01-12 04:01:01,469 - INFO - [Best Model Saved] (val loss: 0.3766) -> 'log/Sewer-ML/baseline_deit_tiny_20260112_001626/best_model.pth'
2026-01-12 04:01:01,469 - INFO - --------------------------------------------------
2026-01-12 04:01:01,470 - INFO - [LR]    [27/90] | Learning Rate: 0.000411
2026-01-12 04:08:59,595 - INFO - [Train] [27/90] | Loss: 0.3465 | Train Acc: 90.93%
2026-01-12 04:09:39,269 - INFO - [Valid] [27/90] | Loss: 0.3711 | Val Acc: 89.34%
2026-01-12 04:09:39,401 - INFO - [Metrics for 'Normal'] | Precision: 0.9039 | Recall: 0.8931 | F1: 0.8984
2026-01-12 04:09:39,401 - INFO - [Metrics for 'Defect'] | Precision: 0.8819 | Recall: 0.8937 | F1: 0.8878
2026-01-12 04:09:39,465 - INFO - [Best Model Saved] (val loss: 0.3711) -> 'log/Sewer-ML/baseline_deit_tiny_20260112_001626/best_model.pth'
2026-01-12 04:09:39,466 - INFO - --------------------------------------------------
2026-01-12 04:09:39,466 - INFO - [LR]    [28/90] | Learning Rate: 0.000285
2026-01-12 04:17:37,688 - INFO - [Train] [28/90] | Loss: 0.3383 | Train Acc: 91.45%
2026-01-12 04:18:17,900 - INFO - [Valid] [28/90] | Loss: 0.3731 | Val Acc: 89.23%
2026-01-12 04:18:18,033 - INFO - [Metrics for 'Normal'] | Precision: 0.8974 | Recall: 0.8990 | F1: 0.8982
2026-01-12 04:18:18,033 - INFO - [Metrics for 'Defect'] | Precision: 0.8867 | Recall: 0.8849 | F1: 0.8858
2026-01-12 04:18:18,075 - INFO - --------------------------------------------------
2026-01-12 04:18:18,075 - INFO - [LR]    [29/90] | Learning Rate: 0.000186
2026-01-12 04:26:16,462 - INFO - [Train] [29/90] | Loss: 0.3304 | Train Acc: 92.01%
2026-01-12 04:26:56,384 - INFO - [Valid] [29/90] | Loss: 0.3731 | Val Acc: 89.31%
2026-01-12 04:26:56,507 - INFO - [Metrics for 'Normal'] | Precision: 0.9148 | Recall: 0.8795 | F1: 0.8968
2026-01-12 04:26:56,507 - INFO - [Metrics for 'Defect'] | Precision: 0.8707 | Recall: 0.9084 | F1: 0.8891
2026-01-12 04:26:56,550 - INFO - --------------------------------------------------
2026-01-12 04:26:56,551 - INFO - [LR]    [30/90] | Learning Rate: 0.000122
2026-01-12 04:34:54,838 - INFO - [Train] [30/90] | Loss: 0.3247 | Train Acc: 92.41%
2026-01-12 04:35:34,943 - INFO - [Valid] [30/90] | Loss: 0.3737 | Val Acc: 89.40%
2026-01-12 04:35:35,066 - INFO - [Metrics for 'Normal'] | Precision: 0.9105 | Recall: 0.8865 | F1: 0.8983
2026-01-12 04:35:35,066 - INFO - [Metrics for 'Defect'] | Precision: 0.8766 | Recall: 0.9024 | F1: 0.8893
2026-01-12 04:35:35,109 - INFO - --------------------------------------------------
2026-01-12 04:35:35,109 - INFO - [LR]    [31/90] | Learning Rate: 0.000100
2026-01-12 04:43:33,143 - INFO - [Train] [31/90] | Loss: 0.3209 | Train Acc: 92.66%
2026-01-12 04:44:13,055 - INFO - [Valid] [31/90] | Loss: 0.3762 | Val Acc: 89.32%
2026-01-12 04:44:13,188 - INFO - [Metrics for 'Normal'] | Precision: 0.9075 | Recall: 0.8884 | F1: 0.8978
2026-01-12 04:44:13,188 - INFO - [Metrics for 'Defect'] | Precision: 0.8780 | Recall: 0.8986 | F1: 0.8882
2026-01-12 04:44:13,230 - INFO - --------------------------------------------------
2026-01-12 04:44:13,230 - INFO - [LR]    [32/90] | Learning Rate: 0.000122
2026-01-12 04:52:11,456 - INFO - [Train] [32/90] | Loss: 0.3201 | Train Acc: 92.74%
2026-01-12 04:52:51,628 - INFO - [Valid] [32/90] | Loss: 0.3746 | Val Acc: 89.41%
2026-01-12 04:52:51,761 - INFO - [Metrics for 'Normal'] | Precision: 0.9053 | Recall: 0.8928 | F1: 0.8990
2026-01-12 04:52:51,762 - INFO - [Metrics for 'Defect'] | Precision: 0.8819 | Recall: 0.8955 | F1: 0.8886
2026-01-12 04:52:51,804 - INFO - --------------------------------------------------
2026-01-12 04:52:51,805 - INFO - [LR]    [33/90] | Learning Rate: 0.000186
2026-01-12 05:00:50,079 - INFO - [Train] [33/90] | Loss: 0.3209 | Train Acc: 92.68%
2026-01-12 05:01:30,103 - INFO - [Valid] [33/90] | Loss: 0.3765 | Val Acc: 89.20%
2026-01-12 05:01:30,236 - INFO - [Metrics for 'Normal'] | Precision: 0.9081 | Recall: 0.8851 | F1: 0.8965
2026-01-12 05:01:30,236 - INFO - [Metrics for 'Defect'] | Precision: 0.8750 | Recall: 0.8997 | F1: 0.8872
2026-01-12 05:01:30,279 - INFO - --------------------------------------------------
2026-01-12 05:01:30,280 - INFO - [LR]    [34/90] | Learning Rate: 0.000285
2026-01-12 05:09:28,710 - INFO - [Train] [34/90] | Loss: 0.3237 | Train Acc: 92.49%
2026-01-12 05:10:08,718 - INFO - [Valid] [34/90] | Loss: 0.3763 | Val Acc: 89.21%
2026-01-12 05:10:08,842 - INFO - [Metrics for 'Normal'] | Precision: 0.9043 | Recall: 0.8900 | F1: 0.8971
2026-01-12 05:10:08,842 - INFO - [Metrics for 'Defect'] | Precision: 0.8790 | Recall: 0.8946 | F1: 0.8867
2026-01-12 05:10:08,885 - INFO - --------------------------------------------------
2026-01-12 05:10:08,885 - INFO - [LR]    [35/90] | Learning Rate: 0.000411
2026-01-12 05:18:06,951 - INFO - [Train] [35/90] | Loss: 0.3277 | Train Acc: 92.18%
2026-01-12 05:18:46,792 - INFO - [Valid] [35/90] | Loss: 0.3759 | Val Acc: 89.11%
2026-01-12 05:18:46,926 - INFO - [Metrics for 'Normal'] | Precision: 0.8964 | Recall: 0.8976 | F1: 0.8970
2026-01-12 05:18:46,926 - INFO - [Metrics for 'Defect'] | Precision: 0.8852 | Recall: 0.8840 | F1: 0.8846
2026-01-12 05:18:46,968 - INFO - --------------------------------------------------
2026-01-12 05:18:46,969 - INFO - [LR]    [36/90] | Learning Rate: 0.000550
2026-01-12 05:26:45,188 - INFO - [Train] [36/90] | Loss: 0.3323 | Train Acc: 91.87%
2026-01-12 05:27:25,111 - INFO - [Valid] [36/90] | Loss: 0.3764 | Val Acc: 89.01%
2026-01-12 05:27:25,244 - INFO - [Metrics for 'Normal'] | Precision: 0.9037 | Recall: 0.8864 | F1: 0.8950
2026-01-12 05:27:25,244 - INFO - [Metrics for 'Defect'] | Precision: 0.8755 | Recall: 0.8943 | F1: 0.8848
2026-01-12 05:27:25,287 - INFO - --------------------------------------------------
2026-01-12 05:27:25,288 - INFO - [LR]    [37/90] | Learning Rate: 0.000689
2026-01-12 05:35:23,460 - INFO - [Train] [37/90] | Loss: 0.3371 | Train Acc: 91.54%
2026-01-12 05:36:03,368 - INFO - [Valid] [37/90] | Loss: 0.3791 | Val Acc: 88.91%
2026-01-12 05:36:03,502 - INFO - [Metrics for 'Normal'] | Precision: 0.9115 | Recall: 0.8750 | F1: 0.8929
2026-01-12 05:36:03,502 - INFO - [Metrics for 'Defect'] | Precision: 0.8661 | Recall: 0.9049 | F1: 0.8851
2026-01-12 05:36:03,545 - INFO - --------------------------------------------------
2026-01-12 05:36:03,545 - INFO - [LR]    [38/90] | Learning Rate: 0.000815
2026-01-12 05:44:01,979 - INFO - [Train] [38/90] | Loss: 0.3411 | Train Acc: 91.26%
2026-01-12 05:44:41,681 - INFO - [Valid] [38/90] | Loss: 0.3754 | Val Acc: 89.02%
2026-01-12 05:44:41,816 - INFO - [Metrics for 'Normal'] | Precision: 0.9093 | Recall: 0.8800 | F1: 0.8944
2026-01-12 05:44:41,816 - INFO - [Metrics for 'Defect'] | Precision: 0.8703 | Recall: 0.9018 | F1: 0.8858
2026-01-12 05:44:41,859 - INFO - --------------------------------------------------
2026-01-12 05:44:41,859 - INFO - [LR]    [39/90] | Learning Rate: 0.000914
2026-01-12 05:52:40,052 - INFO - [Train] [39/90] | Loss: 0.3430 | Train Acc: 91.13%
2026-01-12 05:53:19,777 - INFO - [Valid] [39/90] | Loss: 0.3796 | Val Acc: 88.67%
2026-01-12 05:53:19,911 - INFO - [Metrics for 'Normal'] | Precision: 0.8952 | Recall: 0.8898 | F1: 0.8925
2026-01-12 05:53:19,911 - INFO - [Metrics for 'Defect'] | Precision: 0.8774 | Recall: 0.8834 | F1: 0.8804
2026-01-12 05:53:19,953 - INFO - --------------------------------------------------
2026-01-12 05:53:19,954 - INFO - [LR]    [40/90] | Learning Rate: 0.000978
2026-01-12 06:01:17,969 - INFO - [Train] [40/90] | Loss: 0.3438 | Train Acc: 91.08%
2026-01-12 06:01:57,817 - INFO - [Valid] [40/90] | Loss: 0.3790 | Val Acc: 88.80%
2026-01-12 06:01:57,941 - INFO - [Metrics for 'Normal'] | Precision: 0.8839 | Recall: 0.9070 | F1: 0.8953
2026-01-12 06:01:57,941 - INFO - [Metrics for 'Defect'] | Precision: 0.8927 | Recall: 0.8667 | F1: 0.8795
2026-01-12 06:01:57,984 - INFO - --------------------------------------------------
2026-01-12 06:01:57,984 - INFO - [LR]    [41/90] | Learning Rate: 0.001000
2026-01-12 06:09:56,185 - INFO - [Train] [41/90] | Loss: 0.3428 | Train Acc: 91.11%
2026-01-12 06:10:36,261 - INFO - [Valid] [41/90] | Loss: 0.3824 | Val Acc: 88.62%
2026-01-12 06:10:36,394 - INFO - [Metrics for 'Normal'] | Precision: 0.9180 | Recall: 0.8614 | F1: 0.8888
2026-01-12 06:10:36,394 - INFO - [Metrics for 'Defect'] | Precision: 0.8549 | Recall: 0.9138 | F1: 0.8834
2026-01-12 06:10:36,437 - INFO - --------------------------------------------------
2026-01-12 06:10:36,437 - INFO - [LR]    [42/90] | Learning Rate: 0.000978
2026-01-12 06:18:34,672 - INFO - [Train] [42/90] | Loss: 0.3393 | Train Acc: 91.37%
2026-01-12 06:19:14,573 - INFO - [Valid] [42/90] | Loss: 0.3811 | Val Acc: 88.73%
2026-01-12 06:19:14,707 - INFO - [Metrics for 'Normal'] | Precision: 0.9122 | Recall: 0.8705 | F1: 0.8908
2026-01-12 06:19:14,707 - INFO - [Metrics for 'Defect'] | Precision: 0.8621 | Recall: 0.9062 | F1: 0.8836
2026-01-12 06:19:14,749 - INFO - --------------------------------------------------
2026-01-12 06:19:14,750 - INFO - [LR]    [43/90] | Learning Rate: 0.000914
2026-01-12 06:27:13,103 - INFO - [Train] [43/90] | Loss: 0.3338 | Train Acc: 91.71%
2026-01-12 06:27:53,096 - INFO - [Valid] [43/90] | Loss: 0.3757 | Val Acc: 88.99%
2026-01-12 06:27:53,232 - INFO - [Metrics for 'Normal'] | Precision: 0.9140 | Recall: 0.8738 | F1: 0.8934
2026-01-12 06:27:53,232 - INFO - [Metrics for 'Defect'] | Precision: 0.8654 | Recall: 0.9079 | F1: 0.8861
2026-01-12 06:27:53,274 - INFO - --------------------------------------------------
2026-01-12 06:27:53,275 - INFO - [LR]    [44/90] | Learning Rate: 0.000815
2026-01-12 06:35:51,464 - INFO - [Train] [44/90] | Loss: 0.3271 | Train Acc: 92.19%
2026-01-12 06:36:31,073 - INFO - [Valid] [44/90] | Loss: 0.3816 | Val Acc: 88.69%
2026-01-12 06:36:31,200 - INFO - [Metrics for 'Normal'] | Precision: 0.9107 | Recall: 0.8713 | F1: 0.8905
2026-01-12 06:36:31,200 - INFO - [Metrics for 'Defect'] | Precision: 0.8626 | Recall: 0.9043 | F1: 0.8830
2026-01-12 06:36:31,243 - INFO - --------------------------------------------------
2026-01-12 06:36:31,243 - INFO - [LR]    [45/90] | Learning Rate: 0.000689
2026-01-12 06:44:29,305 - INFO - [Train] [45/90] | Loss: 0.3184 | Train Acc: 92.78%
2026-01-12 06:45:09,191 - INFO - [Valid] [45/90] | Loss: 0.3830 | Val Acc: 88.93%
2026-01-12 06:45:09,325 - INFO - [Metrics for 'Normal'] | Precision: 0.9136 | Recall: 0.8729 | F1: 0.8928
2026-01-12 06:45:09,325 - INFO - [Metrics for 'Defect'] | Precision: 0.8645 | Recall: 0.9076 | F1: 0.8855
2026-01-12 06:45:09,368 - INFO - --------------------------------------------------
2026-01-12 06:45:09,368 - INFO - [LR]    [46/90] | Learning Rate: 0.000550
2026-01-12 06:53:07,670 - INFO - [Train] [46/90] | Loss: 0.3079 | Train Acc: 93.47%
2026-01-12 06:53:47,477 - INFO - [Valid] [46/90] | Loss: 0.3874 | Val Acc: 88.65%
2026-01-12 06:53:47,613 - INFO - [Metrics for 'Normal'] | Precision: 0.9128 | Recall: 0.8679 | F1: 0.8898
2026-01-12 06:53:47,613 - INFO - [Metrics for 'Defect'] | Precision: 0.8599 | Recall: 0.9072 | F1: 0.8829
2026-01-12 06:53:47,657 - INFO - --------------------------------------------------
2026-01-12 06:53:47,657 - INFO - [LR]    [47/90] | Learning Rate: 0.000411
2026-01-12 07:01:45,952 - INFO - [Train] [47/90] | Loss: 0.2972 | Train Acc: 94.20%
2026-01-12 07:02:25,618 - INFO - [Valid] [47/90] | Loss: 0.3899 | Val Acc: 88.90%
2026-01-12 07:02:25,753 - INFO - [Metrics for 'Normal'] | Precision: 0.9096 | Recall: 0.8769 | F1: 0.8930
2026-01-12 07:02:25,753 - INFO - [Metrics for 'Defect'] | Precision: 0.8675 | Recall: 0.9025 | F1: 0.8847
2026-01-12 07:02:25,796 - INFO - --------------------------------------------------
2026-01-12 07:02:25,796 - INFO - [LR]    [48/90] | Learning Rate: 0.000285
2026-01-12 07:10:24,112 - INFO - [Train] [48/90] | Loss: 0.2864 | Train Acc: 94.92%
2026-01-12 07:11:03,977 - INFO - [Valid] [48/90] | Loss: 0.3924 | Val Acc: 88.89%
2026-01-12 07:11:04,111 - INFO - [Metrics for 'Normal'] | Precision: 0.8998 | Recall: 0.8886 | F1: 0.8942
2026-01-12 07:11:04,111 - INFO - [Metrics for 'Defect'] | Precision: 0.8770 | Recall: 0.8893 | F1: 0.8831
2026-01-12 07:11:04,154 - INFO - --------------------------------------------------
2026-01-12 07:11:04,154 - INFO - [LR]    [49/90] | Learning Rate: 0.000186
2026-01-12 07:19:02,423 - INFO - [Train] [49/90] | Loss: 0.2771 | Train Acc: 95.54%
2026-01-12 07:19:42,291 - INFO - [Valid] [49/90] | Loss: 0.3955 | Val Acc: 88.98%
2026-01-12 07:19:42,426 - INFO - [Metrics for 'Normal'] | Precision: 0.9043 | Recall: 0.8849 | F1: 0.8945
2026-01-12 07:19:42,426 - INFO - [Metrics for 'Defect'] | Precision: 0.8742 | Recall: 0.8952 | F1: 0.8846
2026-01-12 07:19:42,470 - INFO - --------------------------------------------------
2026-01-12 07:19:42,470 - INFO - [LR]    [50/90] | Learning Rate: 0.000122
2026-01-12 07:27:40,895 - INFO - [Train] [50/90] | Loss: 0.2703 | Train Acc: 95.97%
2026-01-12 07:28:20,628 - INFO - [Valid] [50/90] | Loss: 0.4038 | Val Acc: 88.78%
2026-01-12 07:28:20,753 - INFO - [Metrics for 'Normal'] | Precision: 0.9021 | Recall: 0.8834 | F1: 0.8927
2026-01-12 07:28:20,753 - INFO - [Metrics for 'Defect'] | Precision: 0.8725 | Recall: 0.8927 | F1: 0.8825
2026-01-12 07:28:20,797 - INFO - --------------------------------------------------
2026-01-12 07:28:20,797 - INFO - [LR]    [51/90] | Learning Rate: 0.000100
2026-01-12 07:36:19,184 - INFO - [Train] [51/90] | Loss: 0.2664 | Train Acc: 96.23%
2026-01-12 07:36:59,083 - INFO - [Valid] [51/90] | Loss: 0.4055 | Val Acc: 88.93%
2026-01-12 07:36:59,208 - INFO - [Metrics for 'Normal'] | Precision: 0.9012 | Recall: 0.8876 | F1: 0.8944
2026-01-12 07:36:59,209 - INFO - [Metrics for 'Defect'] | Precision: 0.8763 | Recall: 0.8911 | F1: 0.8837
2026-01-12 07:36:59,252 - INFO - --------------------------------------------------
2026-01-12 07:36:59,252 - INFO - [LR]    [52/90] | Learning Rate: 0.000122
2026-01-12 07:44:57,530 - INFO - [Train] [52/90] | Loss: 0.2655 | Train Acc: 96.28%
2026-01-12 07:45:37,397 - INFO - [Valid] [52/90] | Loss: 0.4081 | Val Acc: 88.71%
2026-01-12 07:45:37,524 - INFO - [Metrics for 'Normal'] | Precision: 0.8980 | Recall: 0.8870 | F1: 0.8925
2026-01-12 07:45:37,524 - INFO - [Metrics for 'Defect'] | Precision: 0.8753 | Recall: 0.8872 | F1: 0.8812
2026-01-12 07:45:37,568 - INFO - --------------------------------------------------
2026-01-12 07:45:37,568 - INFO - [LR]    [53/90] | Learning Rate: 0.000186
2026-01-12 07:53:35,727 - INFO - [Train] [53/90] | Loss: 0.2671 | Train Acc: 96.18%
2026-01-12 07:54:15,459 - INFO - [Valid] [53/90] | Loss: 0.4058 | Val Acc: 88.77%
2026-01-12 07:54:15,585 - INFO - [Metrics for 'Normal'] | Precision: 0.8952 | Recall: 0.8917 | F1: 0.8935
2026-01-12 07:54:15,585 - INFO - [Metrics for 'Defect'] | Precision: 0.8793 | Recall: 0.8832 | F1: 0.8813
2026-01-12 07:54:15,630 - INFO - --------------------------------------------------
2026-01-12 07:54:15,630 - INFO - [LR]    [54/90] | Learning Rate: 0.000285
2026-01-12 08:02:13,852 - INFO - [Train] [54/90] | Loss: 0.2715 | Train Acc: 95.88%
2026-01-12 08:02:53,912 - INFO - [Valid] [54/90] | Loss: 0.4076 | Val Acc: 88.53%
2026-01-12 08:02:54,047 - INFO - [Metrics for 'Normal'] | Precision: 0.9143 | Recall: 0.8637 | F1: 0.8883
2026-01-12 08:02:54,047 - INFO - [Metrics for 'Defect'] | Precision: 0.8564 | Recall: 0.9094 | F1: 0.8821
2026-01-12 08:02:54,090 - INFO - --------------------------------------------------
2026-01-12 08:02:54,091 - INFO - [LR]    [55/90] | Learning Rate: 0.000411
2026-01-12 08:10:52,284 - INFO - [Train] [55/90] | Loss: 0.2776 | Train Acc: 95.46%
2026-01-12 08:11:32,307 - INFO - [Valid] [55/90] | Loss: 0.4025 | Val Acc: 88.72%
2026-01-12 08:11:32,443 - INFO - [Metrics for 'Normal'] | Precision: 0.8936 | Recall: 0.8928 | F1: 0.8932
2026-01-12 08:11:32,443 - INFO - [Metrics for 'Defect'] | Precision: 0.8801 | Recall: 0.8811 | F1: 0.8806
2026-01-12 08:11:32,487 - INFO - --------------------------------------------------
2026-01-12 08:11:32,487 - INFO - [LR]    [56/90] | Learning Rate: 0.000550
2026-01-12 08:19:30,801 - INFO - [Train] [56/90] | Loss: 0.2850 | Train Acc: 94.94%
2026-01-12 08:20:10,763 - INFO - [Valid] [56/90] | Loss: 0.4038 | Val Acc: 88.52%
2026-01-12 08:20:10,900 - INFO - [Metrics for 'Normal'] | Precision: 0.8978 | Recall: 0.8831 | F1: 0.8904
2026-01-12 08:20:10,900 - INFO - [Metrics for 'Defect'] | Precision: 0.8716 | Recall: 0.8875 | F1: 0.8795
2026-01-12 08:20:10,944 - INFO - --------------------------------------------------
2026-01-12 08:20:10,945 - INFO - [LR]    [57/90] | Learning Rate: 0.000689
2026-01-12 08:28:09,304 - INFO - [Train] [57/90] | Loss: 0.2922 | Train Acc: 94.47%
2026-01-12 08:28:49,497 - INFO - [Valid] [57/90] | Loss: 0.3962 | Val Acc: 88.58%
2026-01-12 08:28:49,633 - INFO - [Metrics for 'Normal'] | Precision: 0.8802 | Recall: 0.9071 | F1: 0.8935
2026-01-12 08:28:49,633 - INFO - [Metrics for 'Defect'] | Precision: 0.8923 | Recall: 0.8619 | F1: 0.8768
2026-01-12 08:28:49,677 - INFO - --------------------------------------------------
2026-01-12 08:28:49,677 - INFO - [LR]    [58/90] | Learning Rate: 0.000815
2026-01-12 08:36:47,905 - INFO - [Train] [58/90] | Loss: 0.2989 | Train Acc: 94.02%
2026-01-12 08:37:27,783 - INFO - [Valid] [58/90] | Loss: 0.3936 | Val Acc: 88.60%
2026-01-12 08:37:27,910 - INFO - [Metrics for 'Normal'] | Precision: 0.8889 | Recall: 0.8960 | F1: 0.8925
2026-01-12 08:37:27,910 - INFO - [Metrics for 'Defect'] | Precision: 0.8826 | Recall: 0.8747 | F1: 0.8786
2026-01-12 08:37:27,954 - INFO - --------------------------------------------------
2026-01-12 08:37:27,955 - INFO - [LR]    [59/90] | Learning Rate: 0.000914
2026-01-12 08:45:26,302 - INFO - [Train] [59/90] | Loss: 0.3033 | Train Acc: 93.72%
2026-01-12 08:46:06,525 - INFO - [Valid] [59/90] | Loss: 0.3905 | Val Acc: 88.78%
2026-01-12 08:46:06,694 - INFO - [Metrics for 'Normal'] | Precision: 0.9049 | Recall: 0.8801 | F1: 0.8923
2026-01-12 08:46:06,694 - INFO - [Metrics for 'Defect'] | Precision: 0.8698 | Recall: 0.8965 | F1: 0.8829
2026-01-12 08:46:06,750 - INFO - --------------------------------------------------
2026-01-12 08:46:06,751 - INFO - [LR]    [60/90] | Learning Rate: 0.000978
2026-01-12 08:54:05,142 - INFO - [Train] [60/90] | Loss: 0.3056 | Train Acc: 93.55%
2026-01-12 08:54:45,080 - INFO - [Valid] [60/90] | Loss: 0.3898 | Val Acc: 88.58%
2026-01-12 08:54:45,215 - INFO - [Metrics for 'Normal'] | Precision: 0.8918 | Recall: 0.8920 | F1: 0.8919
2026-01-12 08:54:45,215 - INFO - [Metrics for 'Defect'] | Precision: 0.8791 | Recall: 0.8789 | F1: 0.8790
2026-01-12 08:54:45,258 - INFO - --------------------------------------------------
2026-01-12 08:54:45,259 - INFO - [LR]    [61/90] | Learning Rate: 0.001000
2026-01-12 09:02:43,472 - INFO - [Train] [61/90] | Loss: 0.3057 | Train Acc: 93.56%
2026-01-12 09:03:23,103 - INFO - [Valid] [61/90] | Loss: 0.3894 | Val Acc: 88.67%
2026-01-12 09:03:23,239 - INFO - [Metrics for 'Normal'] | Precision: 0.8910 | Recall: 0.8949 | F1: 0.8929
2026-01-12 09:03:23,239 - INFO - [Metrics for 'Defect'] | Precision: 0.8818 | Recall: 0.8774 | F1: 0.8796
2026-01-12 09:03:23,282 - INFO - --------------------------------------------------
2026-01-12 09:03:23,282 - INFO - [LR]    [62/90] | Learning Rate: 0.000978
2026-01-12 09:11:21,537 - INFO - [Train] [62/90] | Loss: 0.3026 | Train Acc: 93.76%
2026-01-12 09:12:01,537 - INFO - [Valid] [62/90] | Loss: 0.3969 | Val Acc: 88.31%
2026-01-12 09:12:01,673 - INFO - [Metrics for 'Normal'] | Precision: 0.9106 | Recall: 0.8635 | F1: 0.8864
2026-01-12 09:12:01,673 - INFO - [Metrics for 'Defect'] | Precision: 0.8556 | Recall: 0.9052 | F1: 0.8797
2026-01-12 09:12:01,717 - INFO - --------------------------------------------------
2026-01-12 09:12:01,717 - INFO - [LR]    [63/90] | Learning Rate: 0.000914
2026-01-12 09:19:59,819 - INFO - [Train] [63/90] | Loss: 0.2969 | Train Acc: 94.12%
2026-01-12 09:20:39,661 - INFO - [Valid] [63/90] | Loss: 0.3901 | Val Acc: 88.63%
2026-01-12 09:20:39,797 - INFO - [Metrics for 'Normal'] | Precision: 0.8938 | Recall: 0.8907 | F1: 0.8922
2026-01-12 09:20:39,797 - INFO - [Metrics for 'Defect'] | Precision: 0.8781 | Recall: 0.8815 | F1: 0.8798
2026-01-12 09:20:39,840 - INFO - --------------------------------------------------
2026-01-12 09:20:39,841 - INFO - [LR]    [64/90] | Learning Rate: 0.000815
2026-01-12 09:28:37,989 - INFO - [Train] [64/90] | Loss: 0.2890 | Train Acc: 94.66%
2026-01-12 09:29:17,680 - INFO - [Valid] [64/90] | Loss: 0.3968 | Val Acc: 88.66%
2026-01-12 09:29:17,815 - INFO - [Metrics for 'Normal'] | Precision: 0.9074 | Recall: 0.8746 | F1: 0.8907
2026-01-12 09:29:17,815 - INFO - [Metrics for 'Defect'] | Precision: 0.8651 | Recall: 0.9001 | F1: 0.8822
2026-01-12 09:29:17,858 - INFO - --------------------------------------------------
2026-01-12 09:29:17,859 - INFO - [LR]    [65/90] | Learning Rate: 0.000689
2026-01-12 09:37:16,022 - INFO - [Train] [65/90] | Loss: 0.2793 | Train Acc: 95.29%
2026-01-12 09:37:56,054 - INFO - [Valid] [65/90] | Loss: 0.4028 | Val Acc: 88.52%
2026-01-12 09:37:56,191 - INFO - [Metrics for 'Normal'] | Precision: 0.9048 | Recall: 0.8748 | F1: 0.8895
2026-01-12 09:37:56,191 - INFO - [Metrics for 'Defect'] | Precision: 0.8649 | Recall: 0.8969 | F1: 0.8806
2026-01-12 09:37:56,235 - INFO - --------------------------------------------------
2026-01-12 09:37:56,236 - INFO - [LR]    [66/90] | Learning Rate: 0.000550
2026-01-12 09:45:54,377 - INFO - [Train] [66/90] | Loss: 0.2687 | Train Acc: 95.98%
2026-01-12 09:46:34,345 - INFO - [Valid] [66/90] | Loss: 0.4116 | Val Acc: 88.48%
2026-01-12 09:46:34,481 - INFO - [Metrics for 'Normal'] | Precision: 0.8970 | Recall: 0.8834 | F1: 0.8901
2026-01-12 09:46:34,481 - INFO - [Metrics for 'Defect'] | Precision: 0.8717 | Recall: 0.8864 | F1: 0.8790
2026-01-12 09:46:34,525 - INFO - --------------------------------------------------
2026-01-12 09:46:34,526 - INFO - [LR]    [67/90] | Learning Rate: 0.000411
2026-01-12 09:54:32,852 - INFO - [Train] [67/90] | Loss: 0.2582 | Train Acc: 96.65%
2026-01-12 09:55:12,478 - INFO - [Valid] [67/90] | Loss: 0.4158 | Val Acc: 88.50%
2026-01-12 09:55:12,614 - INFO - [Metrics for 'Normal'] | Precision: 0.8977 | Recall: 0.8828 | F1: 0.8902
2026-01-12 09:55:12,614 - INFO - [Metrics for 'Defect'] | Precision: 0.8712 | Recall: 0.8874 | F1: 0.8792
2026-01-12 09:55:12,658 - INFO - --------------------------------------------------
2026-01-12 09:55:12,658 - INFO - [LR]    [68/90] | Learning Rate: 0.000285
2026-01-12 10:03:11,091 - INFO - [Train] [68/90] | Loss: 0.2487 | Train Acc: 97.25%
2026-01-12 10:03:50,758 - INFO - [Valid] [68/90] | Loss: 0.4235 | Val Acc: 88.31%
2026-01-12 10:03:50,896 - INFO - [Metrics for 'Normal'] | Precision: 0.8970 | Recall: 0.8796 | F1: 0.8882
2026-01-12 10:03:50,896 - INFO - [Metrics for 'Defect'] | Precision: 0.8681 | Recall: 0.8869 | F1: 0.8774
2026-01-12 10:03:50,940 - INFO - --------------------------------------------------
2026-01-12 10:03:50,940 - INFO - [LR]    [69/90] | Learning Rate: 0.000186
2026-01-12 10:11:49,124 - INFO - [Train] [69/90] | Loss: 0.2412 | Train Acc: 97.72%
2026-01-12 10:12:28,981 - INFO - [Valid] [69/90] | Loss: 0.4268 | Val Acc: 88.48%
2026-01-12 10:12:29,116 - INFO - [Metrics for 'Normal'] | Precision: 0.8979 | Recall: 0.8822 | F1: 0.8900
2026-01-12 10:12:29,116 - INFO - [Metrics for 'Defect'] | Precision: 0.8707 | Recall: 0.8878 | F1: 0.8791
2026-01-12 10:12:29,159 - INFO - --------------------------------------------------
2026-01-12 10:12:29,160 - INFO - [LR]    [70/90] | Learning Rate: 0.000122
2026-01-12 10:20:27,463 - INFO - [Train] [70/90] | Loss: 0.2359 | Train Acc: 98.05%
2026-01-12 10:21:07,311 - INFO - [Valid] [70/90] | Loss: 0.4309 | Val Acc: 88.57%
2026-01-12 10:21:07,447 - INFO - [Metrics for 'Normal'] | Precision: 0.8958 | Recall: 0.8867 | F1: 0.8912
2026-01-12 10:21:07,447 - INFO - [Metrics for 'Defect'] | Precision: 0.8746 | Recall: 0.8846 | F1: 0.8796
2026-01-12 10:21:07,491 - INFO - --------------------------------------------------
2026-01-12 10:21:07,491 - INFO - [LR]    [71/90] | Learning Rate: 0.000100
2026-01-12 10:29:05,923 - INFO - [Train] [71/90] | Loss: 0.2330 | Train Acc: 98.20%
2026-01-12 10:29:45,764 - INFO - [Valid] [71/90] | Loss: 0.4377 | Val Acc: 88.49%
2026-01-12 10:29:45,900 - INFO - [Metrics for 'Normal'] | Precision: 0.9019 | Recall: 0.8774 | F1: 0.8895
2026-01-12 10:29:45,900 - INFO - [Metrics for 'Defect'] | Precision: 0.8669 | Recall: 0.8932 | F1: 0.8798
2026-01-12 10:29:45,944 - INFO - --------------------------------------------------
2026-01-12 10:29:45,944 - INFO - [LR]    [72/90] | Learning Rate: 0.000122
2026-01-12 10:37:44,314 - INFO - [Train] [72/90] | Loss: 0.2325 | Train Acc: 98.22%
2026-01-12 10:38:24,132 - INFO - [Valid] [72/90] | Loss: 0.4376 | Val Acc: 88.43%
2026-01-12 10:38:24,262 - INFO - [Metrics for 'Normal'] | Precision: 0.9030 | Recall: 0.8749 | F1: 0.8887
2026-01-12 10:38:24,262 - INFO - [Metrics for 'Defect'] | Precision: 0.8647 | Recall: 0.8949 | F1: 0.8795
2026-01-12 10:38:24,307 - INFO - --------------------------------------------------
2026-01-12 10:38:24,307 - INFO - [LR]    [73/90] | Learning Rate: 0.000186
2026-01-12 10:46:22,609 - INFO - [Train] [73/90] | Loss: 0.2347 | Train Acc: 98.10%
2026-01-12 10:47:02,759 - INFO - [Valid] [73/90] | Loss: 0.4385 | Val Acc: 88.41%
2026-01-12 10:47:02,895 - INFO - [Metrics for 'Normal'] | Precision: 0.9044 | Recall: 0.8729 | F1: 0.8884
2026-01-12 10:47:02,895 - INFO - [Metrics for 'Defect'] | Precision: 0.8631 | Recall: 0.8967 | F1: 0.8796
2026-01-12 10:47:02,938 - INFO - --------------------------------------------------
2026-01-12 10:47:02,939 - INFO - [LR]    [74/90] | Learning Rate: 0.000285
2026-01-12 10:55:01,273 - INFO - [Train] [74/90] | Loss: 0.2391 | Train Acc: 97.82%
2026-01-12 10:55:41,302 - INFO - [Valid] [74/90] | Loss: 0.4356 | Val Acc: 88.30%
2026-01-12 10:55:41,438 - INFO - [Metrics for 'Normal'] | Precision: 0.9033 | Recall: 0.8718 | F1: 0.8873
2026-01-12 10:55:41,438 - INFO - [Metrics for 'Defect'] | Precision: 0.8619 | Recall: 0.8956 | F1: 0.8784
2026-01-12 10:55:41,481 - INFO - --------------------------------------------------
2026-01-12 10:55:41,481 - INFO - [LR]    [75/90] | Learning Rate: 0.000411
2026-01-12 11:03:39,718 - INFO - [Train] [75/90] | Loss: 0.2456 | Train Acc: 97.40%
2026-01-12 11:04:19,703 - INFO - [Valid] [75/90] | Loss: 0.4325 | Val Acc: 88.22%
2026-01-12 11:04:19,831 - INFO - [Metrics for 'Normal'] | Precision: 0.9015 | Recall: 0.8723 | F1: 0.8867
2026-01-12 11:04:19,831 - INFO - [Metrics for 'Defect'] | Precision: 0.8621 | Recall: 0.8934 | F1: 0.8774
2026-01-12 11:04:19,876 - INFO - --------------------------------------------------
2026-01-12 11:04:19,877 - INFO - [LR]    [76/90] | Learning Rate: 0.000550
2026-01-12 11:12:18,005 - INFO - [Train] [76/90] | Loss: 0.2528 | Train Acc: 96.93%
2026-01-12 11:12:58,153 - INFO - [Valid] [76/90] | Loss: 0.4256 | Val Acc: 88.12%
2026-01-12 11:12:58,288 - INFO - [Metrics for 'Normal'] | Precision: 0.9067 | Recall: 0.8639 | F1: 0.8848
2026-01-12 11:12:58,288 - INFO - [Metrics for 'Defect'] | Precision: 0.8553 | Recall: 0.9006 | F1: 0.8773
2026-01-12 11:12:58,332 - INFO - --------------------------------------------------
2026-01-12 11:12:58,333 - INFO - [LR]    [77/90] | Learning Rate: 0.000689
2026-01-12 11:20:56,625 - INFO - [Train] [77/90] | Loss: 0.2606 | Train Acc: 96.43%
2026-01-12 11:21:36,481 - INFO - [Valid] [77/90] | Loss: 0.4187 | Val Acc: 88.09%
2026-01-12 11:21:36,619 - INFO - [Metrics for 'Normal'] | Precision: 0.8878 | Recall: 0.8866 | F1: 0.8872
2026-01-12 11:21:36,619 - INFO - [Metrics for 'Defect'] | Precision: 0.8732 | Recall: 0.8745 | F1: 0.8739
2026-01-12 11:21:36,663 - INFO - --------------------------------------------------
2026-01-12 11:21:36,663 - INFO - [LR]    [78/90] | Learning Rate: 0.000815
2026-01-12 11:29:35,118 - INFO - [Train] [78/90] | Loss: 0.2677 | Train Acc: 95.98%
2026-01-12 11:30:15,184 - INFO - [Valid] [78/90] | Loss: 0.4167 | Val Acc: 88.30%
2026-01-12 11:30:15,321 - INFO - [Metrics for 'Normal'] | Precision: 0.8971 | Recall: 0.8793 | F1: 0.8881
2026-01-12 11:30:15,321 - INFO - [Metrics for 'Defect'] | Precision: 0.8679 | Recall: 0.8871 | F1: 0.8774
2026-01-12 11:30:15,365 - INFO - --------------------------------------------------
2026-01-12 11:30:15,365 - INFO - [LR]    [79/90] | Learning Rate: 0.000914
2026-01-12 11:38:13,635 - INFO - [Train] [79/90] | Loss: 0.2731 | Train Acc: 95.63%
2026-01-12 11:38:53,669 - INFO - [Valid] [79/90] | Loss: 0.4122 | Val Acc: 88.00%
2026-01-12 11:38:53,807 - INFO - [Metrics for 'Normal'] | Precision: 0.8739 | Recall: 0.9031 | F1: 0.8883
2026-01-12 11:38:53,807 - INFO - [Metrics for 'Defect'] | Precision: 0.8873 | Recall: 0.8542 | F1: 0.8705
2026-01-12 11:38:53,851 - INFO - --------------------------------------------------
2026-01-12 11:38:53,852 - INFO - [LR]    [80/90] | Learning Rate: 0.000978
2026-01-12 11:46:52,400 - INFO - [Train] [80/90] | Loss: 0.2765 | Train Acc: 95.41%
2026-01-12 11:47:32,401 - INFO - [Valid] [80/90] | Loss: 0.4083 | Val Acc: 88.36%
2026-01-12 11:47:32,538 - INFO - [Metrics for 'Normal'] | Precision: 0.8844 | Recall: 0.8969 | F1: 0.8906
2026-01-12 11:47:32,538 - INFO - [Metrics for 'Defect'] | Precision: 0.8827 | Recall: 0.8688 | F1: 0.8757
2026-01-12 11:47:32,582 - INFO - --------------------------------------------------
2026-01-12 11:47:32,583 - INFO - [LR]    [81/90] | Learning Rate: 0.001000
2026-01-12 11:55:30,982 - INFO - [Train] [81/90] | Loss: 0.2770 | Train Acc: 95.37%
2026-01-12 11:56:11,042 - INFO - [Valid] [81/90] | Loss: 0.4113 | Val Acc: 88.06%
2026-01-12 11:56:11,179 - INFO - [Metrics for 'Normal'] | Precision: 0.9014 | Recall: 0.8689 | F1: 0.8849
2026-01-12 11:56:11,179 - INFO - [Metrics for 'Defect'] | Precision: 0.8590 | Recall: 0.8937 | F1: 0.8760
2026-01-12 11:56:11,223 - INFO - --------------------------------------------------
2026-01-12 11:56:11,223 - INFO - [LR]    [82/90] | Learning Rate: 0.000978
2026-01-12 12:04:09,476 - INFO - [Train] [82/90] | Loss: 0.2746 | Train Acc: 95.52%
2026-01-12 12:04:49,519 - INFO - [Valid] [82/90] | Loss: 0.4124 | Val Acc: 88.01%
2026-01-12 12:04:49,655 - INFO - [Metrics for 'Normal'] | Precision: 0.9027 | Recall: 0.8664 | F1: 0.8842
2026-01-12 12:04:49,655 - INFO - [Metrics for 'Defect'] | Precision: 0.8569 | Recall: 0.8955 | F1: 0.8758
2026-01-12 12:04:49,699 - INFO - --------------------------------------------------
2026-01-12 12:04:49,699 - INFO - [LR]    [83/90] | Learning Rate: 0.000914
2026-01-12 12:12:48,004 - INFO - [Train] [83/90] | Loss: 0.2695 | Train Acc: 95.85%
2026-01-12 12:13:28,012 - INFO - [Valid] [83/90] | Loss: 0.4142 | Val Acc: 87.90%
2026-01-12 12:13:28,140 - INFO - [Metrics for 'Normal'] | Precision: 0.8797 | Recall: 0.8930 | F1: 0.8863
2026-01-12 12:13:28,140 - INFO - [Metrics for 'Defect'] | Precision: 0.8782 | Recall: 0.8633 | F1: 0.8707
2026-01-12 12:13:28,184 - INFO - --------------------------------------------------
2026-01-12 12:13:28,184 - INFO - [LR]    [84/90] | Learning Rate: 0.000815
2026-01-12 12:21:26,454 - INFO - [Train] [84/90] | Loss: 0.2621 | Train Acc: 96.33%
2026-01-12 12:22:06,210 - INFO - [Valid] [84/90] | Loss: 0.4145 | Val Acc: 88.24%
2026-01-12 12:22:06,349 - INFO - [Metrics for 'Normal'] | Precision: 0.8920 | Recall: 0.8845 | F1: 0.8882
2026-01-12 12:22:06,349 - INFO - [Metrics for 'Defect'] | Precision: 0.8719 | Recall: 0.8801 | F1: 0.8760
2026-01-12 12:22:06,393 - INFO - --------------------------------------------------
2026-01-12 12:22:06,393 - INFO - [LR]    [85/90] | Learning Rate: 0.000689
2026-01-12 12:30:04,738 - INFO - [Train] [85/90] | Loss: 0.2539 | Train Acc: 96.85%
2026-01-12 12:30:44,752 - INFO - [Valid] [85/90] | Loss: 0.4240 | Val Acc: 88.08%
2026-01-12 12:30:44,889 - INFO - [Metrics for 'Normal'] | Precision: 0.8869 | Recall: 0.8874 | F1: 0.8872
2026-01-12 12:30:44,889 - INFO - [Metrics for 'Defect'] | Precision: 0.8739 | Recall: 0.8733 | F1: 0.8736
2026-01-12 12:30:44,933 - INFO - --------------------------------------------------
2026-01-12 12:30:44,933 - INFO - [LR]    [86/90] | Learning Rate: 0.000550
2026-01-12 12:38:43,319 - INFO - [Train] [86/90] | Loss: 0.2447 | Train Acc: 97.41%
2026-01-12 12:39:23,371 - INFO - [Valid] [86/90] | Loss: 0.4335 | Val Acc: 88.15%
2026-01-12 12:39:23,509 - INFO - [Metrics for 'Normal'] | Precision: 0.8805 | Recall: 0.8975 | F1: 0.8889
2026-01-12 12:39:23,509 - INFO - [Metrics for 'Defect'] | Precision: 0.8827 | Recall: 0.8637 | F1: 0.8731
2026-01-12 12:39:23,553 - INFO - --------------------------------------------------
2026-01-12 12:39:23,553 - INFO - [LR]    [87/90] | Learning Rate: 0.000411
2026-01-12 12:47:21,951 - INFO - [Train] [87/90] | Loss: 0.2364 | Train Acc: 97.94%
2026-01-12 12:48:02,133 - INFO - [Valid] [87/90] | Loss: 0.4362 | Val Acc: 88.09%
2026-01-12 12:48:02,261 - INFO - [Metrics for 'Normal'] | Precision: 0.8963 | Recall: 0.8758 | F1: 0.8859
2026-01-12 12:48:02,261 - INFO - [Metrics for 'Defect'] | Precision: 0.8645 | Recall: 0.8866 | F1: 0.8754
2026-01-12 12:48:02,305 - INFO - --------------------------------------------------
2026-01-12 12:48:02,306 - INFO - [LR]    [88/90] | Learning Rate: 0.000285
2026-01-12 12:56:00,557 - INFO - [Train] [88/90] | Loss: 0.2296 | Train Acc: 98.35%
2026-01-12 12:56:40,534 - INFO - [Valid] [88/90] | Loss: 0.4417 | Val Acc: 88.33%
2026-01-12 12:56:40,671 - INFO - [Metrics for 'Normal'] | Precision: 0.8967 | Recall: 0.8806 | F1: 0.8886
2026-01-12 12:56:40,671 - INFO - [Metrics for 'Defect'] | Precision: 0.8690 | Recall: 0.8864 | F1: 0.8776
2026-01-12 12:56:40,716 - INFO - --------------------------------------------------
2026-01-12 12:56:40,716 - INFO - [LR]    [89/90] | Learning Rate: 0.000186
2026-01-12 13:04:39,122 - INFO - [Train] [89/90] | Loss: 0.2243 | Train Acc: 98.67%
2026-01-12 13:05:18,963 - INFO - [Valid] [89/90] | Loss: 0.4467 | Val Acc: 88.28%
2026-01-12 13:05:19,091 - INFO - [Metrics for 'Normal'] | Precision: 0.8970 | Recall: 0.8791 | F1: 0.8879
2026-01-12 13:05:19,091 - INFO - [Metrics for 'Defect'] | Precision: 0.8676 | Recall: 0.8870 | F1: 0.8772
2026-01-12 13:05:19,135 - INFO - --------------------------------------------------
2026-01-12 13:05:19,136 - INFO - [LR]    [90/90] | Learning Rate: 0.000122
2026-01-12 13:13:17,738 - INFO - [Train] [90/90] | Loss: 0.2211 | Train Acc: 98.87%
2026-01-12 13:13:57,656 - INFO - [Valid] [90/90] | Loss: 0.4453 | Val Acc: 88.38%
2026-01-12 13:13:57,793 - INFO - [Metrics for 'Normal'] | Precision: 0.8963 | Recall: 0.8820 | F1: 0.8891
2026-01-12 13:13:57,793 - INFO - [Metrics for 'Defect'] | Precision: 0.8703 | Recall: 0.8858 | F1: 0.8780
2026-01-12 13:13:57,838 - INFO - ==================================================
2026-01-12 13:13:57,838 - INFO - 훈련 완료. 최고 성능 모델을 불러와 테스트 세트로 최종 평가합니다.
2026-01-12 13:13:57,838 - INFO - 최종 평가를 위해 새로운 모델 객체를 생성합니다.
2026-01-12 13:13:57,838 - INFO - Baseline 모델 'deit_tiny'을(를) 생성합니다 (사전 훈련 가중치: 미사용).
2026-01-12 13:13:57,874 - INFO - timm 모델(deit_tiny)의 Attention.forward를 Pruning 호환성을 위해 Monkey-patching 합니다.
2026-01-12 13:13:57,898 - INFO - 최고 성능 모델 가중치를 새로 생성된 모델 객체에 로드 완료: 'log/Sewer-ML/baseline_deit_tiny_20260112_001626/best_model.pth'
2026-01-12 13:13:57,898 - INFO - ==================================================
2026-01-12 13:13:57,898 - INFO - Test 모드를 시작합니다.
2026-01-12 13:13:57,926 - INFO - 연산량 (MACs): 1.0747 GMACs per sample
2026-01-12 13:13:57,926 - INFO - 연산량 (FLOPs): 2.1493 GFLOPs per sample
2026-01-12 13:13:57,926 - INFO - ==================================================
2026-01-12 13:13:57,926 - INFO - GPU 캐시를 비우고 측정을 시작합니다.
2026-01-12 13:13:58,107 - INFO - 샘플 당 평균 Forward Pass 시간: 1.43ms (std: 0.01ms), FPS: 697.47 (std: 2.91) (1개 샘플 x 100회 반복)
2026-01-12 13:13:58,107 - INFO - 샘플 당 Forward Pass 시 최대 GPU 메모리 사용량: 125.06 MB
2026-01-12 13:13:58,107 - INFO - 테스트 데이터셋에 대한 추론을 시작합니다.
2026-01-12 13:14:39,085 - INFO - [Test] Loss: 0.2774 | Test Acc: 89.34%
2026-01-12 13:14:39,222 - INFO - [Metrics for 'Normal'] | Precision: 0.9039 | Recall: 0.8931 | F1: 0.8984
2026-01-12 13:14:39,222 - INFO - [Metrics for 'Defect'] | Precision: 0.8819 | Recall: 0.8937 | F1: 0.8878
2026-01-12 13:14:39,487 - INFO - ==================================================
2026-01-12 13:14:39,487 - INFO - 혼동 행렬 저장 완료. 'log/Sewer-ML/baseline_deit_tiny_20260112_001626/confusion_matrix_20260112_001626.png' and 'log/Sewer-ML/baseline_deit_tiny_20260112_001626/confusion_matrix_20260112_001626.pdf'
2026-01-12 13:14:39,487 - INFO - ==================================================
2026-01-12 13:14:39,487 - INFO - ONNX 변환 및 평가를 시작합니다.
2026-01-12 13:14:39,701 - INFO - 모델이 ONNX 형식으로 변환되어 'log/Sewer-ML/baseline_deit_tiny_20260112_001626/model_fp32_20260112_001626.onnx'에 저장되었습니다. (크기: 21.21 MB)
2026-01-12 13:14:39,735 - INFO - ONNX 런타임의 샘플 당 Forward Pass 시간 측정을 시작합니다...
2026-01-12 13:14:40,260 - INFO - 샘플 당 평균 Forward Pass 시간 (ONNX, CPU): 4.74ms (std: 0.09ms)
2026-01-12 13:14:40,260 - INFO - 샘플 당 평균 FPS (ONNX, CPU): 211.26 FPS (std: 4.08) (1개 샘플 x 100회 반복)
2026-01-12 13:14:40,260 - INFO - ONNX 런타임의 CPU 메모리 사용량 측정은 지원되지 않습니다.
2026-01-12 13:29:11,823 - INFO - [Test (ONNX)] | Test Acc (ONNX): 89.34%
2026-01-12 13:29:11,950 - INFO - [Metrics for 'Normal' (ONNX)] | Precision: 0.9039 | Recall: 0.8931 | F1: 0.8984
2026-01-12 13:29:11,950 - INFO - [Metrics for 'Defect' (ONNX)] | Precision: 0.8819 | Recall: 0.8937 | F1: 0.8878
2026-01-12 13:29:12,110 - INFO - Val Acc 그래프 저장 완료: 'log/Sewer-ML/baseline_deit_tiny_20260112_001626/graph_20260112_001626/val_acc.png' and 'log/Sewer-ML/baseline_deit_tiny_20260112_001626/graph_20260112_001626/val_acc.pdf'
2026-01-12 13:29:12,344 - INFO - Train/Val Acc 그래프 저장 완료: 'log/Sewer-ML/baseline_deit_tiny_20260112_001626/graph_20260112_001626/train_val_acc.png' and 'log/Sewer-ML/baseline_deit_tiny_20260112_001626/graph_20260112_001626/train_val_acc.pdf'
2026-01-12 13:29:12,413 - INFO - F1 (Normal) 그래프 저장 완료: 'log/Sewer-ML/baseline_deit_tiny_20260112_001626/graph_20260112_001626/F1_normal.png' and 'log/Sewer-ML/baseline_deit_tiny_20260112_001626/graph_20260112_001626/F1_normal.pdf'
2026-01-12 13:29:12,490 - INFO - Validation Loss 그래프 저장 완료: 'log/Sewer-ML/baseline_deit_tiny_20260112_001626/graph_20260112_001626/val_loss.png' and 'log/Sewer-ML/baseline_deit_tiny_20260112_001626/graph_20260112_001626/val_loss.pdf'
2026-01-12 13:29:12,564 - INFO - Learning Rate 그래프 저장 완료: 'log/Sewer-ML/baseline_deit_tiny_20260112_001626/graph_20260112_001626/learning_rate.png' and 'log/Sewer-ML/baseline_deit_tiny_20260112_001626/graph_20260112_001626/learning_rate.pdf'
2026-01-12 13:29:13,324 - INFO - 종합 그래프 저장 완료: 'log/Sewer-ML/baseline_deit_tiny_20260112_001626/graph_20260112_001626/compile.png' and 'log/Sewer-ML/baseline_deit_tiny_20260112_001626/graph_20260112_001626/compile.pdf'
