2026-03-04 13:19:24,921 - INFO - 로그 파일이 'log/Sewer_ML/baseline_xie2019_20260304_131924/log_20260304_131924.log'에 저장됩니다.
2026-03-04 13:19:24,922 - INFO - ==================================================
2026-03-04 13:19:24,922 - INFO - config.yaml:
2026-03-04 13:19:24,922 - INFO - 
run:
  global_seed: 42
  cuda: true
  mode: train
  pth_best_name: best_model.pth
  only_inference: false
  show_log: true
  dataset:
    name: Sewer_ML
    type: csv
    train_split_ratio: 0.8
    paths:
      train_img_dir: /home/tai/workspace/ssd1/data/Sewer/Sewer-ML/train
      valid_img_dir: /home/tai/workspace/ssd1/data/Sewer/Sewer-ML/valid
      test_img_dir: /home/tai/workspace/ssd1/data/Sewer/Sewer-ML/valid
      train_csv: /home/tai/workspace/ssd1/data/Sewer/Sewer-ML/SewerML_Train.csv
      valid_csv: /home/tai/workspace/ssd1/data/Sewer/Sewer-ML/SewerML_Val.csv
      test_csv: /home/tai/workspace/ssd1/data/Sewer/Sewer-ML/SewerML_Val.csv
      img_folder: /home/tai/workspace/ssd1/data/Sewer/Sewer-TAPNEW
  random_sampling_ratio:
    train: 1.0
    valid: 1.0
    test: 1.0
  num_workers: 16
model:
  img_size: 224
  num_patches_per_side: 7
  num_decoder_patches: 1
  num_decoder_layers: 6
  num_heads: 4
  cnn_feature_extractor:
    name: custom32
  encoder_dim: 32
  emb_dim: 32
  adaptive_initial_query: true
  decoder_ff_ratio: 2
  dropout: 0.1
  positional_encoding: true
  drop_path_ratio: 0.2
  visualize_attention: true
  num_plot_attention: 1500
training_main:
  epochs: 10
  batch_size: 256
  pre_trained: false
  optimizer: adamw
  lr: 0.001
  weight_decay: 0.0001
  loss_function: CrossEntropyLoss
  label_smoothing: 0.1
  scheduler: cosineannealinglr
  scheduler_params:
    T_max: 10
    eta_min: 0.0001
  best_model_criterion: val_loss
training_baseline:
  model_name: xie2019
  epochs: 90
  batch_size: 256
  pre_trained: false
  optimizer: adamw
  lr: 0.001
  weight_decay: 0.0001
  loss_function: CrossEntropyLoss
  label_smoothing: 0.1
  scheduler: cosineannealinglr
  scheduler_params:
    T_max: 90
    eta_min: 0.0001
  best_model_criterion: val_loss
finetuning_pruned:
  epochs: 80
  batch_size: 256
  optimizer: adamw
  lr: 0.001
  weight_decay: 0.0001
  loss_function: CrossEntropyLoss
  label_smoothing: 0.1
  scheduler: cosineannealinglr
  scheduler_params:
    T_max: 80
    eta_min: 0.0001
  best_model_criterion: val_loss
  exclude_attention_qkv_pruning: true
  exclude_embedding_bridge_pruning: true
  exclude_learnable_queries_pruning: true

2026-03-04 13:19:24,922 - INFO - ==================================================
2026-03-04 13:19:25,069 - INFO - CUDA 사용 가능. GPU 사용을 시작합니다. (Device: NVIDIA GeForce RTX 5090)
2026-03-04 13:19:25,069 - INFO - 'Sewer_ML' 데이터 로드를 시작합니다 (Type: csv).
2026-03-04 13:19:25,619 - INFO - 데이터셋 클래스: ['Normal', 'Defect'] (총 2개)
2026-03-04 13:19:25,620 - INFO - 훈련 데이터: 1040129개, 검증 데이터: 130046개, 테스트 데이터: 130046개
2026-03-04 13:19:25,620 - INFO - Baseline 모델 'xie2019'을(를) 생성합니다 (사전 훈련 가중치: 미사용).
2026-03-04 13:19:25,698 - INFO - ==================================================
2026-03-04 13:19:25,698 - INFO - 모델 파라미터 수:
2026-03-04 13:19:25,698 - INFO -   - 총 파라미터: 9,160,194 개
2026-03-04 13:19:25,698 - INFO -   - 학습 가능한 파라미터: 9,160,194 개
2026-03-04 13:19:25,698 - INFO - ================================================================================
2026-03-04 13:19:25,698 - INFO - 단계 1/2: 사전 훈련(Pre-training)을 시작합니다.
2026-03-04 13:19:25,698 - INFO - ================================================================================
2026-03-04 13:19:25,698 - INFO - 옵티마이저: AdamW (lr=0.001, weight_decay=0.0001)
2026-03-04 13:19:25,698 - INFO - 스케줄러: CosineAnnealingLR (T_max=90, eta_min=0.0001)
2026-03-04 13:19:25,698 - INFO - ==================================================
2026-03-04 13:19:25,698 - INFO - train 모드를 시작합니다.
2026-03-04 13:19:25,698 - INFO - 손실 함수: CrossEntropyLoss (label_smoothing: 0.1)
2026-03-04 13:19:25,698 - INFO - Best metric을 초기값(inf)으로 설정합니다.
2026-03-04 13:19:25,698 - INFO - --------------------------------------------------
2026-03-04 13:19:25,698 - INFO - [LR]    [1/90] | Learning Rate: 0.001000
2026-03-04 13:26:50,801 - INFO - [Train] [1/90] | Loss: 0.4747 | Train Acc: 82.07%
2026-03-04 13:27:31,137 - INFO - [Valid] [1/90] | Loss: 0.4466 | Val Acc: 84.27%
2026-03-04 13:27:31,281 - INFO - [Metrics for 'Normal'] | Precision: 0.8429 | Recall: 0.8631 | F1: 0.8528
2026-03-04 13:27:31,281 - INFO - [Metrics for 'Defect'] | Precision: 0.8425 | Recall: 0.8199 | F1: 0.8311
2026-03-04 13:27:31,343 - INFO - [Best Model Saved] (val loss: 0.4466) -> 'log/Sewer_ML/baseline_xie2019_20260304_131924/best_model.pth'
2026-03-04 13:27:31,343 - INFO - --------------------------------------------------
2026-03-04 13:27:31,344 - INFO - [LR]    [2/90] | Learning Rate: 0.001000
2026-03-04 13:35:01,697 - INFO - [Train] [2/90] | Loss: 0.4476 | Train Acc: 84.27%
2026-03-04 13:35:42,065 - INFO - [Valid] [2/90] | Loss: 0.4257 | Val Acc: 85.80%
2026-03-04 13:35:42,209 - INFO - [Metrics for 'Normal'] | Precision: 0.8773 | Recall: 0.8499 | F1: 0.8634
2026-03-04 13:35:42,209 - INFO - [Metrics for 'Defect'] | Precision: 0.8377 | Recall: 0.8670 | F1: 0.8521
2026-03-04 13:35:42,280 - INFO - [Best Model Saved] (val loss: 0.4257) -> 'log/Sewer_ML/baseline_xie2019_20260304_131924/best_model.pth'
2026-03-04 13:35:42,280 - INFO - --------------------------------------------------
2026-03-04 13:35:42,280 - INFO - [LR]    [3/90] | Learning Rate: 0.000999
2026-03-04 13:43:15,577 - INFO - [Train] [3/90] | Loss: 0.4403 | Train Acc: 84.90%
2026-03-04 13:43:56,189 - INFO - [Valid] [3/90] | Loss: 0.4225 | Val Acc: 86.13%
2026-03-04 13:43:56,361 - INFO - [Metrics for 'Normal'] | Precision: 0.8783 | Recall: 0.8561 | F1: 0.8671
2026-03-04 13:43:56,361 - INFO - [Metrics for 'Defect'] | Precision: 0.8434 | Recall: 0.8672 | F1: 0.8551
2026-03-04 13:43:56,446 - INFO - [Best Model Saved] (val loss: 0.4225) -> 'log/Sewer_ML/baseline_xie2019_20260304_131924/best_model.pth'
2026-03-04 13:43:56,446 - INFO - --------------------------------------------------
2026-03-04 13:43:56,446 - INFO - [LR]    [4/90] | Learning Rate: 0.000998
2026-03-04 13:51:30,461 - INFO - [Train] [4/90] | Loss: 0.4358 | Train Acc: 85.28%
2026-03-04 13:52:10,877 - INFO - [Valid] [4/90] | Loss: 0.4238 | Val Acc: 86.37%
2026-03-04 13:52:11,048 - INFO - [Metrics for 'Normal'] | Precision: 0.8722 | Recall: 0.8692 | F1: 0.8707
2026-03-04 13:52:11,048 - INFO - [Metrics for 'Defect'] | Precision: 0.8542 | Recall: 0.8574 | F1: 0.8558
2026-03-04 13:52:11,105 - INFO - --------------------------------------------------
2026-03-04 13:52:11,105 - INFO - [LR]    [5/90] | Learning Rate: 0.000996
2026-03-04 13:59:46,318 - INFO - [Train] [5/90] | Loss: 0.4323 | Train Acc: 85.56%
2026-03-04 14:00:26,230 - INFO - [Valid] [5/90] | Loss: 0.4249 | Val Acc: 85.61%
2026-03-04 14:00:26,367 - INFO - [Metrics for 'Normal'] | Precision: 0.8290 | Recall: 0.9166 | F1: 0.8706
2026-03-04 14:00:26,367 - INFO - [Metrics for 'Defect'] | Precision: 0.8942 | Recall: 0.7884 | F1: 0.8379
2026-03-04 14:00:26,413 - INFO - --------------------------------------------------
2026-03-04 14:00:26,414 - INFO - [LR]    [6/90] | Learning Rate: 0.000993
2026-03-04 14:08:02,277 - INFO - [Train] [6/90] | Loss: 0.4293 | Train Acc: 85.79%
2026-03-04 14:08:42,640 - INFO - [Valid] [6/90] | Loss: 0.4231 | Val Acc: 86.37%
2026-03-04 14:08:42,775 - INFO - [Metrics for 'Normal'] | Precision: 0.8469 | Recall: 0.9056 | F1: 0.8753
2026-03-04 14:08:42,776 - INFO - [Metrics for 'Defect'] | Precision: 0.8855 | Recall: 0.8167 | F1: 0.8497
2026-03-04 14:08:42,821 - INFO - --------------------------------------------------
2026-03-04 14:08:42,821 - INFO - [LR]    [7/90] | Learning Rate: 0.000990
2026-03-04 14:16:18,333 - INFO - [Train] [7/90] | Loss: 0.4266 | Train Acc: 86.02%
2026-03-04 14:16:58,415 - INFO - [Valid] [7/90] | Loss: 0.4207 | Val Acc: 86.93%
2026-03-04 14:16:58,551 - INFO - [Metrics for 'Normal'] | Precision: 0.8650 | Recall: 0.8917 | F1: 0.8781
2026-03-04 14:16:58,551 - INFO - [Metrics for 'Defect'] | Precision: 0.8745 | Recall: 0.8442 | F1: 0.8591
2026-03-04 14:16:58,666 - INFO - [Best Model Saved] (val loss: 0.4207) -> 'log/Sewer_ML/baseline_xie2019_20260304_131924/best_model.pth'
2026-03-04 14:16:58,666 - INFO - --------------------------------------------------
2026-03-04 14:16:58,666 - INFO - [LR]    [8/90] | Learning Rate: 0.000987
2026-03-04 14:24:35,035 - INFO - [Train] [8/90] | Loss: 0.4247 | Train Acc: 86.13%
2026-03-04 14:25:15,640 - INFO - [Valid] [8/90] | Loss: 0.4195 | Val Acc: 86.92%
2026-03-04 14:25:15,805 - INFO - [Metrics for 'Normal'] | Precision: 0.8574 | Recall: 0.9025 | F1: 0.8794
2026-03-04 14:25:15,806 - INFO - [Metrics for 'Defect'] | Precision: 0.8840 | Recall: 0.8320 | F1: 0.8572
2026-03-04 14:25:15,918 - INFO - [Best Model Saved] (val loss: 0.4195) -> 'log/Sewer_ML/baseline_xie2019_20260304_131924/best_model.pth'
2026-03-04 14:25:15,918 - INFO - --------------------------------------------------
2026-03-04 14:25:15,918 - INFO - [LR]    [9/90] | Learning Rate: 0.000983
2026-03-04 14:32:53,657 - INFO - [Train] [9/90] | Loss: 0.4224 | Train Acc: 86.28%
2026-03-04 14:33:34,349 - INFO - [Valid] [9/90] | Loss: 0.4187 | Val Acc: 87.22%
2026-03-04 14:33:34,524 - INFO - [Metrics for 'Normal'] | Precision: 0.8865 | Recall: 0.8692 | F1: 0.8778
2026-03-04 14:33:34,525 - INFO - [Metrics for 'Defect'] | Precision: 0.8568 | Recall: 0.8755 | F1: 0.8660
2026-03-04 14:33:34,644 - INFO - [Best Model Saved] (val loss: 0.4187) -> 'log/Sewer_ML/baseline_xie2019_20260304_131924/best_model.pth'
2026-03-04 14:33:34,644 - INFO - --------------------------------------------------
2026-03-04 14:33:34,644 - INFO - [LR]    [10/90] | Learning Rate: 0.000978
2026-03-04 14:41:12,183 - INFO - [Train] [10/90] | Loss: 0.4222 | Train Acc: 86.39%
2026-03-04 14:41:52,834 - INFO - [Valid] [10/90] | Loss: 0.4222 | Val Acc: 86.91%
2026-03-04 14:41:52,989 - INFO - [Metrics for 'Normal'] | Precision: 0.8644 | Recall: 0.8920 | F1: 0.8780
2026-03-04 14:41:52,989 - INFO - [Metrics for 'Defect'] | Precision: 0.8746 | Recall: 0.8434 | F1: 0.8587
2026-03-04 14:41:53,045 - INFO - --------------------------------------------------
2026-03-04 14:41:53,045 - INFO - [LR]    [11/90] | Learning Rate: 0.000973
2026-03-04 14:49:30,904 - INFO - [Train] [11/90] | Loss: 0.4196 | Train Acc: 86.55%
2026-03-04 14:50:12,078 - INFO - [Valid] [11/90] | Loss: 0.4156 | Val Acc: 87.12%
2026-03-04 14:50:12,225 - INFO - [Metrics for 'Normal'] | Precision: 0.8629 | Recall: 0.8989 | F1: 0.8806
2026-03-04 14:50:12,225 - INFO - [Metrics for 'Defect'] | Precision: 0.8813 | Recall: 0.8402 | F1: 0.8603
2026-03-04 14:50:12,345 - INFO - [Best Model Saved] (val loss: 0.4156) -> 'log/Sewer_ML/baseline_xie2019_20260304_131924/best_model.pth'
2026-03-04 14:50:12,345 - INFO - --------------------------------------------------
2026-03-04 14:50:12,345 - INFO - [LR]    [12/90] | Learning Rate: 0.000967
2026-03-04 14:57:50,067 - INFO - [Train] [12/90] | Loss: 0.4187 | Train Acc: 86.61%
2026-03-04 14:58:30,647 - INFO - [Valid] [12/90] | Loss: 0.4133 | Val Acc: 87.13%
2026-03-04 14:58:30,786 - INFO - [Metrics for 'Normal'] | Precision: 0.8724 | Recall: 0.8860 | F1: 0.8791
2026-03-04 14:58:30,786 - INFO - [Metrics for 'Defect'] | Precision: 0.8701 | Recall: 0.8549 | F1: 0.8625
2026-03-04 14:58:30,895 - INFO - [Best Model Saved] (val loss: 0.4133) -> 'log/Sewer_ML/baseline_xie2019_20260304_131924/best_model.pth'
2026-03-04 14:58:30,896 - INFO - --------------------------------------------------
2026-03-04 14:58:30,896 - INFO - [LR]    [13/90] | Learning Rate: 0.000961
2026-03-04 15:06:07,789 - INFO - [Train] [13/90] | Loss: 0.4173 | Train Acc: 86.71%
2026-03-04 15:06:48,394 - INFO - [Valid] [13/90] | Loss: 0.4035 | Val Acc: 87.38%
2026-03-04 15:06:48,541 - INFO - [Metrics for 'Normal'] | Precision: 0.8726 | Recall: 0.8911 | F1: 0.8817
2026-03-04 15:06:48,541 - INFO - [Metrics for 'Defect'] | Precision: 0.8751 | Recall: 0.8544 | F1: 0.8646
2026-03-04 15:06:48,642 - INFO - [Best Model Saved] (val loss: 0.4035) -> 'log/Sewer_ML/baseline_xie2019_20260304_131924/best_model.pth'
2026-03-04 15:06:48,642 - INFO - --------------------------------------------------
2026-03-04 15:06:48,642 - INFO - [LR]    [14/90] | Learning Rate: 0.000954
2026-03-04 15:14:26,565 - INFO - [Train] [14/90] | Loss: 0.4160 | Train Acc: 86.78%
2026-03-04 15:15:07,110 - INFO - [Valid] [14/90] | Loss: 0.4073 | Val Acc: 87.52%
2026-03-04 15:15:07,278 - INFO - [Metrics for 'Normal'] | Precision: 0.8898 | Recall: 0.8717 | F1: 0.8807
2026-03-04 15:15:07,278 - INFO - [Metrics for 'Defect'] | Precision: 0.8596 | Recall: 0.8792 | F1: 0.8693
2026-03-04 15:15:07,338 - INFO - --------------------------------------------------
2026-03-04 15:15:07,338 - INFO - [LR]    [15/90] | Learning Rate: 0.000947
2026-03-04 15:22:45,075 - INFO - [Train] [15/90] | Loss: 0.4150 | Train Acc: 86.87%
2026-03-04 15:23:25,571 - INFO - [Valid] [15/90] | Loss: 0.4074 | Val Acc: 87.53%
2026-03-04 15:23:25,741 - INFO - [Metrics for 'Normal'] | Precision: 0.8941 | Recall: 0.8664 | F1: 0.8800
2026-03-04 15:23:25,741 - INFO - [Metrics for 'Defect'] | Precision: 0.8555 | Recall: 0.8852 | F1: 0.8701
2026-03-04 15:23:25,801 - INFO - --------------------------------------------------
2026-03-04 15:23:25,801 - INFO - [LR]    [16/90] | Learning Rate: 0.000940
2026-03-04 15:31:04,820 - INFO - [Train] [16/90] | Loss: 0.4145 | Train Acc: 86.95%
2026-03-04 15:31:45,451 - INFO - [Valid] [16/90] | Loss: 0.4120 | Val Acc: 87.51%
2026-03-04 15:31:45,597 - INFO - [Metrics for 'Normal'] | Precision: 0.8723 | Recall: 0.8946 | F1: 0.8833
2026-03-04 15:31:45,597 - INFO - [Metrics for 'Defect'] | Precision: 0.8785 | Recall: 0.8534 | F1: 0.8658
2026-03-04 15:31:45,643 - INFO - --------------------------------------------------
2026-03-04 15:31:45,643 - INFO - [LR]    [17/90] | Learning Rate: 0.000932
2026-03-04 15:39:23,661 - INFO - [Train] [17/90] | Loss: 0.4122 | Train Acc: 87.08%
2026-03-04 15:40:04,185 - INFO - [Valid] [17/90] | Loss: 0.4104 | Val Acc: 87.76%
2026-03-04 15:40:04,351 - INFO - [Metrics for 'Normal'] | Precision: 0.8914 | Recall: 0.8749 | F1: 0.8831
2026-03-04 15:40:04,351 - INFO - [Metrics for 'Defect'] | Precision: 0.8628 | Recall: 0.8807 | F1: 0.8717
2026-03-04 15:40:04,408 - INFO - --------------------------------------------------
2026-03-04 15:40:04,408 - INFO - [LR]    [18/90] | Learning Rate: 0.000923
2026-03-04 15:47:42,695 - INFO - [Train] [18/90] | Loss: 0.4122 | Train Acc: 87.10%
2026-03-04 15:48:23,598 - INFO - [Valid] [18/90] | Loss: 0.4041 | Val Acc: 87.89%
2026-03-04 15:48:23,745 - INFO - [Metrics for 'Normal'] | Precision: 0.8853 | Recall: 0.8853 | F1: 0.8853
2026-03-04 15:48:23,745 - INFO - [Metrics for 'Defect'] | Precision: 0.8716 | Recall: 0.8716 | F1: 0.8716
2026-03-04 15:48:23,791 - INFO - --------------------------------------------------
2026-03-04 15:48:23,791 - INFO - [LR]    [19/90] | Learning Rate: 0.000914
2026-03-04 15:56:00,088 - INFO - [Train] [19/90] | Loss: 0.4102 | Train Acc: 87.24%
2026-03-04 15:56:40,831 - INFO - [Valid] [19/90] | Loss: 0.3997 | Val Acc: 87.88%
2026-03-04 15:56:40,980 - INFO - [Metrics for 'Normal'] | Precision: 0.8757 | Recall: 0.8979 | F1: 0.8867
2026-03-04 15:56:40,980 - INFO - [Metrics for 'Defect'] | Precision: 0.8824 | Recall: 0.8573 | F1: 0.8697
2026-03-04 15:56:41,055 - INFO - [Best Model Saved] (val loss: 0.3997) -> 'log/Sewer_ML/baseline_xie2019_20260304_131924/best_model.pth'
2026-03-04 15:56:41,055 - INFO - --------------------------------------------------
2026-03-04 15:56:41,055 - INFO - [LR]    [20/90] | Learning Rate: 0.000905
2026-03-04 16:04:19,392 - INFO - [Train] [20/90] | Loss: 0.4092 | Train Acc: 87.31%
2026-03-04 16:05:00,198 - INFO - [Valid] [20/90] | Loss: 0.4004 | Val Acc: 88.06%
2026-03-04 16:05:00,346 - INFO - [Metrics for 'Normal'] | Precision: 0.8814 | Recall: 0.8943 | F1: 0.8878
2026-03-04 16:05:00,346 - INFO - [Metrics for 'Defect'] | Precision: 0.8797 | Recall: 0.8654 | F1: 0.8725
2026-03-04 16:05:00,392 - INFO - --------------------------------------------------
2026-03-04 16:05:00,392 - INFO - [LR]    [21/90] | Learning Rate: 0.000895
2026-03-04 16:12:39,094 - INFO - [Train] [21/90] | Loss: 0.4081 | Train Acc: 87.36%
2026-03-04 16:13:19,473 - INFO - [Valid] [21/90] | Loss: 0.4003 | Val Acc: 88.04%
2026-03-04 16:13:19,643 - INFO - [Metrics for 'Normal'] | Precision: 0.8806 | Recall: 0.8948 | F1: 0.8876
2026-03-04 16:13:19,643 - INFO - [Metrics for 'Defect'] | Precision: 0.8801 | Recall: 0.8642 | F1: 0.8721
2026-03-04 16:13:19,700 - INFO - --------------------------------------------------
2026-03-04 16:13:19,700 - INFO - [LR]    [22/90] | Learning Rate: 0.000884
2026-03-04 16:20:56,839 - INFO - [Train] [22/90] | Loss: 0.4075 | Train Acc: 87.41%
2026-03-04 16:21:37,350 - INFO - [Valid] [22/90] | Loss: 0.4033 | Val Acc: 88.20%
2026-03-04 16:21:37,497 - INFO - [Metrics for 'Normal'] | Precision: 0.8875 | Recall: 0.8894 | F1: 0.8884
2026-03-04 16:21:37,498 - INFO - [Metrics for 'Defect'] | Precision: 0.8759 | Recall: 0.8738 | F1: 0.8749
2026-03-04 16:21:37,544 - INFO - --------------------------------------------------
2026-03-04 16:21:37,544 - INFO - [LR]    [23/90] | Learning Rate: 0.000874
2026-03-04 16:29:15,591 - INFO - [Train] [23/90] | Loss: 0.4073 | Train Acc: 87.44%
2026-03-04 16:29:56,573 - INFO - [Valid] [23/90] | Loss: 0.4001 | Val Acc: 87.93%
2026-03-04 16:29:56,710 - INFO - [Metrics for 'Normal'] | Precision: 0.8695 | Recall: 0.9077 | F1: 0.8882
2026-03-04 16:29:56,710 - INFO - [Metrics for 'Defect'] | Precision: 0.8914 | Recall: 0.8476 | F1: 0.8689
2026-03-04 16:29:56,757 - INFO - --------------------------------------------------
2026-03-04 16:29:56,757 - INFO - [LR]    [24/90] | Learning Rate: 0.000863
2026-03-04 16:37:34,822 - INFO - [Train] [24/90] | Loss: 0.4050 | Train Acc: 87.59%
2026-03-04 16:38:15,564 - INFO - [Valid] [24/90] | Loss: 0.3985 | Val Acc: 88.38%
2026-03-04 16:38:15,701 - INFO - [Metrics for 'Normal'] | Precision: 0.8931 | Recall: 0.8861 | F1: 0.8896
2026-03-04 16:38:15,701 - INFO - [Metrics for 'Defect'] | Precision: 0.8737 | Recall: 0.8812 | F1: 0.8774
2026-03-04 16:38:15,824 - INFO - [Best Model Saved] (val loss: 0.3985) -> 'log/Sewer_ML/baseline_xie2019_20260304_131924/best_model.pth'
2026-03-04 16:38:15,824 - INFO - --------------------------------------------------
2026-03-04 16:38:15,824 - INFO - [LR]    [25/90] | Learning Rate: 0.000851
2026-03-04 16:45:54,720 - INFO - [Train] [25/90] | Loss: 0.4039 | Train Acc: 87.66%
2026-03-04 16:46:35,363 - INFO - [Valid] [25/90] | Loss: 0.3980 | Val Acc: 88.15%
2026-03-04 16:46:35,522 - INFO - [Metrics for 'Normal'] | Precision: 0.8844 | Recall: 0.8922 | F1: 0.8883
2026-03-04 16:46:35,523 - INFO - [Metrics for 'Defect'] | Precision: 0.8781 | Recall: 0.8695 | F1: 0.8738
2026-03-04 16:46:35,630 - INFO - [Best Model Saved] (val loss: 0.3980) -> 'log/Sewer_ML/baseline_xie2019_20260304_131924/best_model.pth'
2026-03-04 16:46:35,630 - INFO - --------------------------------------------------
2026-03-04 16:46:35,630 - INFO - [LR]    [26/90] | Learning Rate: 0.000839
2026-03-04 16:54:13,123 - INFO - [Train] [26/90] | Loss: 0.4030 | Train Acc: 87.72%
2026-03-04 16:54:53,791 - INFO - [Valid] [26/90] | Loss: 0.4007 | Val Acc: 88.18%
2026-03-04 16:54:53,939 - INFO - [Metrics for 'Normal'] | Precision: 0.8746 | Recall: 0.9061 | F1: 0.8901
2026-03-04 16:54:53,939 - INFO - [Metrics for 'Defect'] | Precision: 0.8905 | Recall: 0.8546 | F1: 0.8722
2026-03-04 16:54:53,986 - INFO - --------------------------------------------------
2026-03-04 16:54:53,986 - INFO - [LR]    [27/90] | Learning Rate: 0.000827
2026-03-04 17:02:31,963 - INFO - [Train] [27/90] | Loss: 0.4024 | Train Acc: 87.77%
2026-03-04 17:03:12,607 - INFO - [Valid] [27/90] | Loss: 0.4000 | Val Acc: 88.37%
2026-03-04 17:03:12,744 - INFO - [Metrics for 'Normal'] | Precision: 0.8899 | Recall: 0.8899 | F1: 0.8899
2026-03-04 17:03:12,744 - INFO - [Metrics for 'Defect'] | Precision: 0.8767 | Recall: 0.8767 | F1: 0.8767
2026-03-04 17:03:12,790 - INFO - --------------------------------------------------
2026-03-04 17:03:12,790 - INFO - [LR]    [28/90] | Learning Rate: 0.000815
2026-03-04 17:10:50,979 - INFO - [Train] [28/90] | Loss: 0.4007 | Train Acc: 87.87%
2026-03-04 17:11:31,927 - INFO - [Valid] [28/90] | Loss: 0.3955 | Val Acc: 88.44%
2026-03-04 17:11:32,065 - INFO - [Metrics for 'Normal'] | Precision: 0.8951 | Recall: 0.8848 | F1: 0.8899
2026-03-04 17:11:32,065 - INFO - [Metrics for 'Defect'] | Precision: 0.8727 | Recall: 0.8840 | F1: 0.8783
2026-03-04 17:11:32,175 - INFO - [Best Model Saved] (val loss: 0.3955) -> 'log/Sewer_ML/baseline_xie2019_20260304_131924/best_model.pth'
2026-03-04 17:11:32,175 - INFO - --------------------------------------------------
2026-03-04 17:11:32,175 - INFO - [LR]    [29/90] | Learning Rate: 0.000802
2026-03-04 17:19:09,990 - INFO - [Train] [29/90] | Loss: 0.3996 | Train Acc: 87.94%
2026-03-04 17:19:50,683 - INFO - [Valid] [29/90] | Loss: 0.3974 | Val Acc: 88.44%
2026-03-04 17:19:50,821 - INFO - [Metrics for 'Normal'] | Precision: 0.8935 | Recall: 0.8868 | F1: 0.8901
2026-03-04 17:19:50,821 - INFO - [Metrics for 'Defect'] | Precision: 0.8743 | Recall: 0.8817 | F1: 0.8780
2026-03-04 17:19:50,869 - INFO - --------------------------------------------------
2026-03-04 17:19:50,869 - INFO - [LR]    [30/90] | Learning Rate: 0.000788
2026-03-04 17:27:27,613 - INFO - [Train] [30/90] | Loss: 0.3987 | Train Acc: 88.01%
2026-03-04 17:28:07,902 - INFO - [Valid] [30/90] | Loss: 0.3993 | Val Acc: 88.37%
2026-03-04 17:28:08,051 - INFO - [Metrics for 'Normal'] | Precision: 0.8798 | Recall: 0.9033 | F1: 0.8914
2026-03-04 17:28:08,051 - INFO - [Metrics for 'Defect'] | Precision: 0.8884 | Recall: 0.8619 | F1: 0.8749
2026-03-04 17:28:08,098 - INFO - --------------------------------------------------
2026-03-04 17:28:08,098 - INFO - [LR]    [31/90] | Learning Rate: 0.000775
2026-03-04 17:35:45,459 - INFO - [Train] [31/90] | Loss: 0.3984 | Train Acc: 88.02%
2026-03-04 17:36:25,514 - INFO - [Valid] [31/90] | Loss: 0.3947 | Val Acc: 88.43%
2026-03-04 17:36:25,663 - INFO - [Metrics for 'Normal'] | Precision: 0.8863 | Recall: 0.8960 | F1: 0.8911
2026-03-04 17:36:25,663 - INFO - [Metrics for 'Defect'] | Precision: 0.8821 | Recall: 0.8713 | F1: 0.8767
2026-03-04 17:36:25,738 - INFO - [Best Model Saved] (val loss: 0.3947) -> 'log/Sewer_ML/baseline_xie2019_20260304_131924/best_model.pth'
2026-03-04 17:36:25,738 - INFO - --------------------------------------------------
2026-03-04 17:36:25,738 - INFO - [LR]    [32/90] | Learning Rate: 0.000761
2026-03-04 17:44:03,608 - INFO - [Train] [32/90] | Loss: 0.3971 | Train Acc: 88.11%
2026-03-04 17:44:44,135 - INFO - [Valid] [32/90] | Loss: 0.3907 | Val Acc: 88.45%
2026-03-04 17:44:44,282 - INFO - [Metrics for 'Normal'] | Precision: 0.8776 | Recall: 0.9078 | F1: 0.8925
2026-03-04 17:44:44,282 - INFO - [Metrics for 'Defect'] | Precision: 0.8927 | Recall: 0.8584 | F1: 0.8752
2026-03-04 17:44:44,399 - INFO - [Best Model Saved] (val loss: 0.3907) -> 'log/Sewer_ML/baseline_xie2019_20260304_131924/best_model.pth'
2026-03-04 17:44:44,400 - INFO - --------------------------------------------------
2026-03-04 17:44:44,400 - INFO - [LR]    [33/90] | Learning Rate: 0.000747
2026-03-04 17:52:20,705 - INFO - [Train] [33/90] | Loss: 0.3956 | Train Acc: 88.22%
2026-03-04 17:53:00,890 - INFO - [Valid] [33/90] | Loss: 0.3860 | Val Acc: 88.83%
2026-03-04 17:53:01,031 - INFO - [Metrics for 'Normal'] | Precision: 0.8952 | Recall: 0.8929 | F1: 0.8941
2026-03-04 17:53:01,031 - INFO - [Metrics for 'Defect'] | Precision: 0.8805 | Recall: 0.8830 | F1: 0.8818
2026-03-04 17:53:01,148 - INFO - [Best Model Saved] (val loss: 0.3860) -> 'log/Sewer_ML/baseline_xie2019_20260304_131924/best_model.pth'
2026-03-04 17:53:01,148 - INFO - --------------------------------------------------
2026-03-04 17:53:01,148 - INFO - [LR]    [34/90] | Learning Rate: 0.000733
2026-03-04 18:00:38,399 - INFO - [Train] [34/90] | Loss: 0.3948 | Train Acc: 88.26%
2026-03-04 18:01:19,445 - INFO - [Valid] [34/90] | Loss: 0.3883 | Val Acc: 88.67%
2026-03-04 18:01:19,594 - INFO - [Metrics for 'Normal'] | Precision: 0.8871 | Recall: 0.9000 | F1: 0.8935
2026-03-04 18:01:19,594 - INFO - [Metrics for 'Defect'] | Precision: 0.8863 | Recall: 0.8718 | F1: 0.8790
2026-03-04 18:01:19,641 - INFO - --------------------------------------------------
2026-03-04 18:01:19,641 - INFO - [LR]    [35/90] | Learning Rate: 0.000719
2026-03-04 18:08:57,444 - INFO - [Train] [35/90] | Loss: 0.3937 | Train Acc: 88.34%
2026-03-04 18:09:37,980 - INFO - [Valid] [35/90] | Loss: 0.3920 | Val Acc: 88.50%
2026-03-04 18:09:38,129 - INFO - [Metrics for 'Normal'] | Precision: 0.8818 | Recall: 0.9034 | F1: 0.8925
2026-03-04 18:09:38,129 - INFO - [Metrics for 'Defect'] | Precision: 0.8888 | Recall: 0.8645 | F1: 0.8765
2026-03-04 18:09:38,176 - INFO - --------------------------------------------------
2026-03-04 18:09:38,176 - INFO - [LR]    [36/90] | Learning Rate: 0.000704
2026-03-04 18:17:14,903 - INFO - [Train] [36/90] | Loss: 0.3923 | Train Acc: 88.40%
2026-03-04 18:17:55,806 - INFO - [Valid] [36/90] | Loss: 0.3895 | Val Acc: 88.94%
2026-03-04 18:17:55,954 - INFO - [Metrics for 'Normal'] | Precision: 0.9004 | Recall: 0.8888 | F1: 0.8946
2026-03-04 18:17:55,954 - INFO - [Metrics for 'Defect'] | Precision: 0.8773 | Recall: 0.8900 | F1: 0.8836
2026-03-04 18:17:56,001 - INFO - --------------------------------------------------
2026-03-04 18:17:56,001 - INFO - [LR]    [37/90] | Learning Rate: 0.000689
2026-03-04 18:25:33,055 - INFO - [Train] [37/90] | Loss: 0.3921 | Train Acc: 88.43%
2026-03-04 18:26:13,923 - INFO - [Valid] [37/90] | Loss: 0.3924 | Val Acc: 88.49%
2026-03-04 18:26:14,071 - INFO - [Metrics for 'Normal'] | Precision: 0.8855 | Recall: 0.8983 | F1: 0.8919
2026-03-04 18:26:14,071 - INFO - [Metrics for 'Defect'] | Precision: 0.8843 | Recall: 0.8700 | F1: 0.8771
2026-03-04 18:26:14,118 - INFO - --------------------------------------------------
2026-03-04 18:26:14,118 - INFO - [LR]    [38/90] | Learning Rate: 0.000674
2026-03-04 18:33:52,589 - INFO - [Train] [38/90] | Loss: 0.3908 | Train Acc: 88.49%
2026-03-04 18:34:33,542 - INFO - [Valid] [38/90] | Loss: 0.3881 | Val Acc: 88.76%
2026-03-04 18:34:33,692 - INFO - [Metrics for 'Normal'] | Precision: 0.8822 | Recall: 0.9084 | F1: 0.8951
2026-03-04 18:34:33,692 - INFO - [Metrics for 'Defect'] | Precision: 0.8940 | Recall: 0.8643 | F1: 0.8789
2026-03-04 18:34:33,740 - INFO - --------------------------------------------------
2026-03-04 18:34:33,740 - INFO - [LR]    [39/90] | Learning Rate: 0.000659
2026-03-04 18:42:11,244 - INFO - [Train] [39/90] | Loss: 0.3897 | Train Acc: 88.60%
2026-03-04 18:42:51,898 - INFO - [Valid] [39/90] | Loss: 0.3860 | Val Acc: 88.88%
2026-03-04 18:42:52,084 - INFO - [Metrics for 'Normal'] | Precision: 0.8840 | Recall: 0.9086 | F1: 0.8961
2026-03-04 18:42:52,084 - INFO - [Metrics for 'Defect'] | Precision: 0.8944 | Recall: 0.8666 | F1: 0.8803
2026-03-04 18:42:52,173 - INFO - [Best Model Saved] (val loss: 0.3860) -> 'log/Sewer_ML/baseline_xie2019_20260304_131924/best_model.pth'
2026-03-04 18:42:52,174 - INFO - --------------------------------------------------
2026-03-04 18:42:52,174 - INFO - [LR]    [40/90] | Learning Rate: 0.000644
2026-03-04 18:50:29,424 - INFO - [Train] [40/90] | Loss: 0.3885 | Train Acc: 88.62%
2026-03-04 18:51:09,843 - INFO - [Valid] [40/90] | Loss: 0.3809 | Val Acc: 89.07%
2026-03-04 18:51:09,986 - INFO - [Metrics for 'Normal'] | Precision: 0.8944 | Recall: 0.8991 | F1: 0.8968
2026-03-04 18:51:09,986 - INFO - [Metrics for 'Defect'] | Precision: 0.8864 | Recall: 0.8812 | F1: 0.8838
2026-03-04 18:51:10,065 - INFO - [Best Model Saved] (val loss: 0.3809) -> 'log/Sewer_ML/baseline_xie2019_20260304_131924/best_model.pth'
2026-03-04 18:51:10,065 - INFO - --------------------------------------------------
2026-03-04 18:51:10,065 - INFO - [LR]    [41/90] | Learning Rate: 0.000628
2026-03-04 18:58:47,244 - INFO - [Train] [41/90] | Loss: 0.3876 | Train Acc: 88.70%
2026-03-04 18:59:27,705 - INFO - [Valid] [41/90] | Loss: 0.3913 | Val Acc: 88.79%
2026-03-04 18:59:27,844 - INFO - [Metrics for 'Normal'] | Precision: 0.8896 | Recall: 0.8994 | F1: 0.8945
2026-03-04 18:59:27,844 - INFO - [Metrics for 'Defect'] | Precision: 0.8860 | Recall: 0.8751 | F1: 0.8805
2026-03-04 18:59:27,891 - INFO - --------------------------------------------------
2026-03-04 18:59:27,892 - INFO - [LR]    [42/90] | Learning Rate: 0.000613
2026-03-04 19:07:04,776 - INFO - [Train] [42/90] | Loss: 0.3860 | Train Acc: 88.83%
2026-03-04 19:07:45,607 - INFO - [Valid] [42/90] | Loss: 0.3855 | Val Acc: 89.05%
2026-03-04 19:07:45,747 - INFO - [Metrics for 'Normal'] | Precision: 0.8933 | Recall: 0.9001 | F1: 0.8967
2026-03-04 19:07:45,747 - INFO - [Metrics for 'Defect'] | Precision: 0.8873 | Recall: 0.8797 | F1: 0.8835
2026-03-04 19:07:45,795 - INFO - --------------------------------------------------
2026-03-04 19:07:45,795 - INFO - [LR]    [43/90] | Learning Rate: 0.000597
2026-03-04 19:15:23,888 - INFO - [Train] [43/90] | Loss: 0.3854 | Train Acc: 88.83%
2026-03-04 19:16:04,165 - INFO - [Valid] [43/90] | Loss: 0.3870 | Val Acc: 88.90%
2026-03-04 19:16:04,355 - INFO - [Metrics for 'Normal'] | Precision: 0.8850 | Recall: 0.9078 | F1: 0.8962
2026-03-04 19:16:04,355 - INFO - [Metrics for 'Defect'] | Precision: 0.8937 | Recall: 0.8679 | F1: 0.8806
2026-03-04 19:16:04,416 - INFO - --------------------------------------------------
2026-03-04 19:16:04,417 - INFO - [LR]    [44/90] | Learning Rate: 0.000581
2026-03-04 19:23:42,520 - INFO - [Train] [44/90] | Loss: 0.3840 | Train Acc: 88.94%
2026-03-04 19:24:23,043 - INFO - [Valid] [44/90] | Loss: 0.3811 | Val Acc: 88.93%
2026-03-04 19:24:23,183 - INFO - [Metrics for 'Normal'] | Precision: 0.8916 | Recall: 0.8998 | F1: 0.8957
2026-03-04 19:24:23,183 - INFO - [Metrics for 'Defect'] | Precision: 0.8867 | Recall: 0.8775 | F1: 0.8821
2026-03-04 19:24:23,231 - INFO - --------------------------------------------------
2026-03-04 19:24:23,231 - INFO - [LR]    [45/90] | Learning Rate: 0.000566
2026-03-04 19:31:59,742 - INFO - [Train] [45/90] | Loss: 0.3829 | Train Acc: 89.01%
2026-03-04 19:32:40,389 - INFO - [Valid] [45/90] | Loss: 0.3828 | Val Acc: 89.04%
2026-03-04 19:32:40,572 - INFO - [Metrics for 'Normal'] | Precision: 0.9091 | Recall: 0.8804 | F1: 0.8945
2026-03-04 19:32:40,572 - INFO - [Metrics for 'Defect'] | Precision: 0.8707 | Recall: 0.9015 | F1: 0.8858
2026-03-04 19:32:40,632 - INFO - --------------------------------------------------
2026-03-04 19:32:40,632 - INFO - [LR]    [46/90] | Learning Rate: 0.000550
2026-03-04 19:40:17,540 - INFO - [Train] [46/90] | Loss: 0.3820 | Train Acc: 89.06%
2026-03-04 19:40:57,841 - INFO - [Valid] [46/90] | Loss: 0.3851 | Val Acc: 89.16%
2026-03-04 19:40:57,983 - INFO - [Metrics for 'Normal'] | Precision: 0.8964 | Recall: 0.8986 | F1: 0.8975
2026-03-04 19:40:57,983 - INFO - [Metrics for 'Defect'] | Precision: 0.8862 | Recall: 0.8838 | F1: 0.8850
2026-03-04 19:40:58,031 - INFO - --------------------------------------------------
2026-03-04 19:40:58,031 - INFO - [LR]    [47/90] | Learning Rate: 0.000534
2026-03-04 19:48:35,988 - INFO - [Train] [47/90] | Loss: 0.3808 | Train Acc: 89.15%
2026-03-04 19:49:16,082 - INFO - [Valid] [47/90] | Loss: 0.3835 | Val Acc: 89.20%
2026-03-04 19:49:16,262 - INFO - [Metrics for 'Normal'] | Precision: 0.8919 | Recall: 0.9053 | F1: 0.8986
2026-03-04 19:49:16,262 - INFO - [Metrics for 'Defect'] | Precision: 0.8922 | Recall: 0.8772 | F1: 0.8846
2026-03-04 19:49:16,323 - INFO - --------------------------------------------------
2026-03-04 19:49:16,323 - INFO - [LR]    [48/90] | Learning Rate: 0.000519
2026-03-04 19:56:53,353 - INFO - [Train] [48/90] | Loss: 0.3800 | Train Acc: 89.15%
2026-03-04 19:57:34,335 - INFO - [Valid] [48/90] | Loss: 0.3823 | Val Acc: 89.32%
2026-03-04 19:57:34,475 - INFO - [Metrics for 'Normal'] | Precision: 0.9095 | Recall: 0.8860 | F1: 0.8976
2026-03-04 19:57:34,475 - INFO - [Metrics for 'Defect'] | Precision: 0.8760 | Recall: 0.9013 | F1: 0.8885
2026-03-04 19:57:34,522 - INFO - --------------------------------------------------
2026-03-04 19:57:34,522 - INFO - [LR]    [49/90] | Learning Rate: 0.000503
2026-03-04 20:05:11,478 - INFO - [Train] [49/90] | Loss: 0.3788 | Train Acc: 89.26%
2026-03-04 20:05:52,019 - INFO - [Valid] [49/90] | Loss: 0.3759 | Val Acc: 89.33%
2026-03-04 20:05:52,169 - INFO - [Metrics for 'Normal'] | Precision: 0.9034 | Recall: 0.8936 | F1: 0.8984
2026-03-04 20:05:52,169 - INFO - [Metrics for 'Defect'] | Precision: 0.8823 | Recall: 0.8930 | F1: 0.8876
2026-03-04 20:05:52,293 - INFO - [Best Model Saved] (val loss: 0.3759) -> 'log/Sewer_ML/baseline_xie2019_20260304_131924/best_model.pth'
2026-03-04 20:05:52,293 - INFO - --------------------------------------------------
2026-03-04 20:05:52,293 - INFO - [LR]    [50/90] | Learning Rate: 0.000487
2026-03-04 20:13:29,224 - INFO - [Train] [50/90] | Loss: 0.3777 | Train Acc: 89.33%
2026-03-04 20:14:10,425 - INFO - [Valid] [50/90] | Loss: 0.3788 | Val Acc: 89.22%
2026-03-04 20:14:10,567 - INFO - [Metrics for 'Normal'] | Precision: 0.8916 | Recall: 0.9060 | F1: 0.8988
2026-03-04 20:14:10,567 - INFO - [Metrics for 'Defect'] | Precision: 0.8929 | Recall: 0.8767 | F1: 0.8847
2026-03-04 20:14:10,616 - INFO - --------------------------------------------------
2026-03-04 20:14:10,616 - INFO - [LR]    [51/90] | Learning Rate: 0.000472
2026-03-04 20:21:50,596 - INFO - [Train] [51/90] | Loss: 0.3769 | Train Acc: 89.38%
2026-03-04 20:22:31,752 - INFO - [Valid] [51/90] | Loss: 0.3779 | Val Acc: 89.28%
2026-03-04 20:22:31,903 - INFO - [Metrics for 'Normal'] | Precision: 0.9010 | Recall: 0.8955 | F1: 0.8982
2026-03-04 20:22:31,903 - INFO - [Metrics for 'Defect'] | Precision: 0.8839 | Recall: 0.8898 | F1: 0.8868
2026-03-04 20:22:31,951 - INFO - --------------------------------------------------
2026-03-04 20:22:31,951 - INFO - [LR]    [52/90] | Learning Rate: 0.000456
2026-03-04 20:30:12,616 - INFO - [Train] [52/90] | Loss: 0.3757 | Train Acc: 89.45%
2026-03-04 20:30:53,548 - INFO - [Valid] [52/90] | Loss: 0.3810 | Val Acc: 89.13%
2026-03-04 20:30:53,739 - INFO - [Metrics for 'Normal'] | Precision: 0.8840 | Recall: 0.9141 | F1: 0.8988
2026-03-04 20:30:53,739 - INFO - [Metrics for 'Defect'] | Precision: 0.9001 | Recall: 0.8657 | F1: 0.8826
2026-03-04 20:30:53,805 - INFO - --------------------------------------------------
2026-03-04 20:30:53,805 - INFO - [LR]    [53/90] | Learning Rate: 0.000441
2026-03-04 20:38:32,017 - INFO - [Train] [53/90] | Loss: 0.3744 | Train Acc: 89.55%
2026-03-04 20:39:12,411 - INFO - [Valid] [53/90] | Loss: 0.3764 | Val Acc: 89.30%
2026-03-04 20:39:12,578 - INFO - [Metrics for 'Normal'] | Precision: 0.8915 | Recall: 0.9078 | F1: 0.8996
2026-03-04 20:39:12,578 - INFO - [Metrics for 'Defect'] | Precision: 0.8947 | Recall: 0.8763 | F1: 0.8854
2026-03-04 20:39:12,627 - INFO - --------------------------------------------------
2026-03-04 20:39:12,627 - INFO - [LR]    [54/90] | Learning Rate: 0.000426
2026-03-04 20:46:50,681 - INFO - [Train] [54/90] | Loss: 0.3733 | Train Acc: 89.61%
2026-03-04 20:47:31,864 - INFO - [Valid] [54/90] | Loss: 0.3790 | Val Acc: 89.43%
2026-03-04 20:47:32,014 - INFO - [Metrics for 'Normal'] | Precision: 0.9132 | Recall: 0.8838 | F1: 0.8983
2026-03-04 20:47:32,014 - INFO - [Metrics for 'Defect'] | Precision: 0.8745 | Recall: 0.9060 | F1: 0.8900
2026-03-04 20:47:32,062 - INFO - --------------------------------------------------
2026-03-04 20:47:32,062 - INFO - [LR]    [55/90] | Learning Rate: 0.000411
2026-03-04 20:55:09,623 - INFO - [Train] [55/90] | Loss: 0.3725 | Train Acc: 89.65%
2026-03-04 20:55:50,723 - INFO - [Valid] [55/90] | Loss: 0.3753 | Val Acc: 89.48%
2026-03-04 20:55:50,905 - INFO - [Metrics for 'Normal'] | Precision: 0.9005 | Recall: 0.9003 | F1: 0.9004
2026-03-04 20:55:50,905 - INFO - [Metrics for 'Defect'] | Precision: 0.8885 | Recall: 0.8887 | F1: 0.8886
2026-03-04 20:55:51,028 - INFO - [Best Model Saved] (val loss: 0.3753) -> 'log/Sewer_ML/baseline_xie2019_20260304_131924/best_model.pth'
2026-03-04 20:55:51,028 - INFO - --------------------------------------------------
2026-03-04 20:55:51,029 - INFO - [LR]    [56/90] | Learning Rate: 0.000396
2026-03-04 21:03:28,891 - INFO - [Train] [56/90] | Loss: 0.3717 | Train Acc: 89.73%
2026-03-04 21:04:09,829 - INFO - [Valid] [56/90] | Loss: 0.3776 | Val Acc: 89.48%
2026-03-04 21:04:10,019 - INFO - [Metrics for 'Normal'] | Precision: 0.8986 | Recall: 0.9027 | F1: 0.9006
2026-03-04 21:04:10,020 - INFO - [Metrics for 'Defect'] | Precision: 0.8905 | Recall: 0.8861 | F1: 0.8883
2026-03-04 21:04:10,083 - INFO - --------------------------------------------------
2026-03-04 21:04:10,083 - INFO - [LR]    [57/90] | Learning Rate: 0.000381
2026-03-04 21:11:48,277 - INFO - [Train] [57/90] | Loss: 0.3703 | Train Acc: 89.81%
2026-03-04 21:12:28,820 - INFO - [Valid] [57/90] | Loss: 0.3740 | Val Acc: 89.58%
2026-03-04 21:12:28,982 - INFO - [Metrics for 'Normal'] | Precision: 0.9068 | Recall: 0.8946 | F1: 0.9007
2026-03-04 21:12:28,982 - INFO - [Metrics for 'Defect'] | Precision: 0.8838 | Recall: 0.8971 | F1: 0.8904
2026-03-04 21:12:29,115 - INFO - [Best Model Saved] (val loss: 0.3740) -> 'log/Sewer_ML/baseline_xie2019_20260304_131924/best_model.pth'
2026-03-04 21:12:29,115 - INFO - --------------------------------------------------
2026-03-04 21:12:29,115 - INFO - [LR]    [58/90] | Learning Rate: 0.000367
2026-03-04 21:20:08,870 - INFO - [Train] [58/90] | Loss: 0.3695 | Train Acc: 89.85%
2026-03-04 21:20:50,235 - INFO - [Valid] [58/90] | Loss: 0.3759 | Val Acc: 89.53%
2026-03-04 21:20:50,386 - INFO - [Metrics for 'Normal'] | Precision: 0.8958 | Recall: 0.9074 | F1: 0.9015
2026-03-04 21:20:50,386 - INFO - [Metrics for 'Defect'] | Precision: 0.8948 | Recall: 0.8819 | F1: 0.8883
2026-03-04 21:20:50,435 - INFO - --------------------------------------------------
2026-03-04 21:20:50,435 - INFO - [LR]    [59/90] | Learning Rate: 0.000353
2026-03-04 21:28:28,893 - INFO - [Train] [59/90] | Loss: 0.3684 | Train Acc: 89.89%
2026-03-04 21:29:09,501 - INFO - [Valid] [59/90] | Loss: 0.3764 | Val Acc: 89.41%
2026-03-04 21:29:09,646 - INFO - [Metrics for 'Normal'] | Precision: 0.8894 | Recall: 0.9130 | F1: 0.9010
2026-03-04 21:29:09,646 - INFO - [Metrics for 'Defect'] | Precision: 0.8996 | Recall: 0.8730 | F1: 0.8861
2026-03-04 21:29:09,706 - INFO - --------------------------------------------------
2026-03-04 21:29:09,706 - INFO - [LR]    [60/90] | Learning Rate: 0.000339
2026-03-04 21:36:48,723 - INFO - [Train] [60/90] | Loss: 0.3677 | Train Acc: 89.94%
2026-03-04 21:37:29,998 - INFO - [Valid] [60/90] | Loss: 0.3736 | Val Acc: 89.61%
2026-03-04 21:37:30,139 - INFO - [Metrics for 'Normal'] | Precision: 0.9028 | Recall: 0.9001 | F1: 0.9015
2026-03-04 21:37:30,139 - INFO - [Metrics for 'Defect'] | Precision: 0.8886 | Recall: 0.8916 | F1: 0.8901
2026-03-04 21:37:30,249 - INFO - [Best Model Saved] (val loss: 0.3736) -> 'log/Sewer_ML/baseline_xie2019_20260304_131924/best_model.pth'
2026-03-04 21:37:30,249 - INFO - --------------------------------------------------
2026-03-04 21:37:30,249 - INFO - [LR]    [61/90] | Learning Rate: 0.000325
2026-03-04 21:45:08,935 - INFO - [Train] [61/90] | Loss: 0.3664 | Train Acc: 90.04%
2026-03-04 21:45:49,714 - INFO - [Valid] [61/90] | Loss: 0.3781 | Val Acc: 89.54%
2026-03-04 21:45:49,867 - INFO - [Metrics for 'Normal'] | Precision: 0.9146 | Recall: 0.8845 | F1: 0.8993
2026-03-04 21:45:49,867 - INFO - [Metrics for 'Defect'] | Precision: 0.8753 | Recall: 0.9075 | F1: 0.8911
2026-03-04 21:45:49,916 - INFO - --------------------------------------------------
2026-03-04 21:45:49,916 - INFO - [LR]    [62/90] | Learning Rate: 0.000312
2026-03-04 21:53:29,295 - INFO - [Train] [62/90] | Loss: 0.3658 | Train Acc: 90.06%
2026-03-04 21:54:10,353 - INFO - [Valid] [62/90] | Loss: 0.3723 | Val Acc: 89.58%
2026-03-04 21:54:10,506 - INFO - [Metrics for 'Normal'] | Precision: 0.9087 | Recall: 0.8923 | F1: 0.9005
2026-03-04 21:54:10,506 - INFO - [Metrics for 'Defect'] | Precision: 0.8819 | Recall: 0.8997 | F1: 0.8907
2026-03-04 21:54:10,632 - INFO - [Best Model Saved] (val loss: 0.3723) -> 'log/Sewer_ML/baseline_xie2019_20260304_131924/best_model.pth'
2026-03-04 21:54:10,632 - INFO - --------------------------------------------------
2026-03-04 21:54:10,632 - INFO - [LR]    [63/90] | Learning Rate: 0.000298
2026-03-04 22:01:50,044 - INFO - [Train] [63/90] | Loss: 0.3646 | Train Acc: 90.15%
2026-03-04 22:02:30,665 - INFO - [Valid] [63/90] | Loss: 0.3754 | Val Acc: 89.61%
2026-03-04 22:02:30,861 - INFO - [Metrics for 'Normal'] | Precision: 0.8994 | Recall: 0.9044 | F1: 0.9019
2026-03-04 22:02:30,861 - INFO - [Metrics for 'Defect'] | Precision: 0.8924 | Recall: 0.8867 | F1: 0.8895
2026-03-04 22:02:30,925 - INFO - --------------------------------------------------
2026-03-04 22:02:30,925 - INFO - [LR]    [64/90] | Learning Rate: 0.000285
2026-03-04 22:10:08,166 - INFO - [Train] [64/90] | Loss: 0.3640 | Train Acc: 90.17%
2026-03-04 22:10:49,135 - INFO - [Valid] [64/90] | Loss: 0.3740 | Val Acc: 89.62%
2026-03-04 22:10:49,321 - INFO - [Metrics for 'Normal'] | Precision: 0.9046 | Recall: 0.8981 | F1: 0.9013
2026-03-04 22:10:49,321 - INFO - [Metrics for 'Defect'] | Precision: 0.8869 | Recall: 0.8940 | F1: 0.8904
2026-03-04 22:10:49,382 - INFO - --------------------------------------------------
2026-03-04 22:10:49,382 - INFO - [LR]    [65/90] | Learning Rate: 0.000273
2026-03-04 22:18:25,846 - INFO - [Train] [65/90] | Loss: 0.3630 | Train Acc: 90.23%
2026-03-04 22:19:06,489 - INFO - [Valid] [65/90] | Loss: 0.3699 | Val Acc: 89.65%
2026-03-04 22:19:06,631 - INFO - [Metrics for 'Normal'] | Precision: 0.8982 | Recall: 0.9068 | F1: 0.9025
2026-03-04 22:19:06,631 - INFO - [Metrics for 'Defect'] | Precision: 0.8946 | Recall: 0.8850 | F1: 0.8897
2026-03-04 22:19:06,747 - INFO - [Best Model Saved] (val loss: 0.3699) -> 'log/Sewer_ML/baseline_xie2019_20260304_131924/best_model.pth'
2026-03-04 22:19:06,747 - INFO - --------------------------------------------------
2026-03-04 22:19:06,747 - INFO - [LR]    [66/90] | Learning Rate: 0.000261
2026-03-04 22:26:43,659 - INFO - [Train] [66/90] | Loss: 0.3621 | Train Acc: 90.27%
2026-03-04 22:27:24,746 - INFO - [Valid] [66/90] | Loss: 0.3727 | Val Acc: 89.77%
2026-03-04 22:27:24,909 - INFO - [Metrics for 'Normal'] | Precision: 0.9069 | Recall: 0.8986 | F1: 0.9027
2026-03-04 22:27:24,910 - INFO - [Metrics for 'Defect'] | Precision: 0.8876 | Recall: 0.8967 | F1: 0.8921
2026-03-04 22:27:24,958 - INFO - --------------------------------------------------
2026-03-04 22:27:24,958 - INFO - [LR]    [67/90] | Learning Rate: 0.000249
2026-03-04 22:35:01,410 - INFO - [Train] [67/90] | Loss: 0.3611 | Train Acc: 90.34%
2026-03-04 22:35:42,205 - INFO - [Valid] [67/90] | Loss: 0.3705 | Val Acc: 89.77%
2026-03-04 22:35:42,357 - INFO - [Metrics for 'Normal'] | Precision: 0.8988 | Recall: 0.9087 | F1: 0.9037
2026-03-04 22:35:42,357 - INFO - [Metrics for 'Defect'] | Precision: 0.8965 | Recall: 0.8855 | F1: 0.8910
2026-03-04 22:35:42,405 - INFO - --------------------------------------------------
2026-03-04 22:35:42,405 - INFO - [LR]    [68/90] | Learning Rate: 0.000237
2026-03-04 22:43:20,017 - INFO - [Train] [68/90] | Loss: 0.3602 | Train Acc: 90.40%
2026-03-04 22:44:02,678 - INFO - [Valid] [68/90] | Loss: 0.3752 | Val Acc: 89.65%
2026-03-04 22:44:02,822 - INFO - [Metrics for 'Normal'] | Precision: 0.8994 | Recall: 0.9054 | F1: 0.9024
2026-03-04 22:44:02,822 - INFO - [Metrics for 'Defect'] | Precision: 0.8933 | Recall: 0.8866 | F1: 0.8900
2026-03-04 22:44:02,871 - INFO - --------------------------------------------------
2026-03-04 22:44:02,871 - INFO - [LR]    [69/90] | Learning Rate: 0.000226
2026-03-04 22:51:42,111 - INFO - [Train] [69/90] | Loss: 0.3593 | Train Acc: 90.46%
2026-03-04 22:52:22,615 - INFO - [Valid] [69/90] | Loss: 0.3729 | Val Acc: 89.64%
2026-03-04 22:52:22,758 - INFO - [Metrics for 'Normal'] | Precision: 0.9162 | Recall: 0.8848 | F1: 0.9002
2026-03-04 22:52:22,758 - INFO - [Metrics for 'Defect'] | Precision: 0.8758 | Recall: 0.9095 | F1: 0.8923
2026-03-04 22:52:22,807 - INFO - --------------------------------------------------
2026-03-04 22:52:22,807 - INFO - [LR]    [70/90] | Learning Rate: 0.000216
2026-03-04 22:59:59,825 - INFO - [Train] [70/90] | Loss: 0.3589 | Train Acc: 90.48%
2026-03-04 23:00:40,673 - INFO - [Valid] [70/90] | Loss: 0.3705 | Val Acc: 89.79%
2026-03-04 23:00:40,815 - INFO - [Metrics for 'Normal'] | Precision: 0.9064 | Recall: 0.8997 | F1: 0.9030
2026-03-04 23:00:40,815 - INFO - [Metrics for 'Defect'] | Precision: 0.8887 | Recall: 0.8960 | F1: 0.8923
2026-03-04 23:00:40,863 - INFO - --------------------------------------------------
2026-03-04 23:00:40,863 - INFO - [LR]    [71/90] | Learning Rate: 0.000205
2026-03-04 23:08:17,853 - INFO - [Train] [71/90] | Loss: 0.3580 | Train Acc: 90.52%
2026-03-04 23:08:58,213 - INFO - [Valid] [71/90] | Loss: 0.3724 | Val Acc: 89.75%
2026-03-04 23:08:58,389 - INFO - [Metrics for 'Normal'] | Precision: 0.9100 | Recall: 0.8944 | F1: 0.9022
2026-03-04 23:08:58,389 - INFO - [Metrics for 'Defect'] | Precision: 0.8841 | Recall: 0.9010 | F1: 0.8925
2026-03-04 23:08:58,450 - INFO - --------------------------------------------------
2026-03-04 23:08:58,450 - INFO - [LR]    [72/90] | Learning Rate: 0.000195
2026-03-04 23:16:36,257 - INFO - [Train] [72/90] | Loss: 0.3572 | Train Acc: 90.59%
2026-03-04 23:17:17,066 - INFO - [Valid] [72/90] | Loss: 0.3720 | Val Acc: 89.80%
2026-03-04 23:17:17,245 - INFO - [Metrics for 'Normal'] | Precision: 0.9092 | Recall: 0.8964 | F1: 0.9028
2026-03-04 23:17:17,245 - INFO - [Metrics for 'Defect'] | Precision: 0.8858 | Recall: 0.8999 | F1: 0.8928
2026-03-04 23:17:17,307 - INFO - --------------------------------------------------
2026-03-04 23:17:17,307 - INFO - [LR]    [73/90] | Learning Rate: 0.000186
