2026-01-09 14:54:49,429 - INFO - 로그 파일이 'log/Sewer-ML/baseline_efficientnet_b0_20260109_145449/log_20260109_145449.log'에 저장됩니다.
2026-01-09 14:54:49,431 - INFO - ==================================================
2026-01-09 14:54:49,431 - INFO - config.yaml:
2026-01-09 14:54:49,431 - INFO - 
run:
  global_seed: 42
  cuda: true
  mode: train
  pth_best_name: best_model.pth
  evaluate_onnx: true
  only_inference: false
  show_log: true
  dataset:
    name: Sewer-ML
    type: csv
    train_split_ratio: 0.8
    paths:
      train_img_dir: /home/user/workspace/disk/nvme1/data/Sewer/Sewer-ML/train
      valid_img_dir: /home/user/workspace/disk/nvme1/data/Sewer/Sewer-ML/valid
      test_img_dir: /home/user/workspace/disk/nvme1/data/Sewer/Sewer-ML/valid
      train_csv: /home/user/workspace/disk/nvme1/data/Sewer/Sewer-ML/SewerML_Train.csv
      valid_csv: /home/user/workspace/disk/nvme1/data/Sewer/Sewer-ML/SewerML_Val.csv
      test_csv: /home/user/workspace/disk/nvme1/data/Sewer/Sewer-ML/SewerML_Val.csv
  random_sampling_ratio:
    train: 1.0
    valid: 1.0
    test: 1.0
  num_workers: 16
training_run:
  epochs: 90
  batch_size: 16
  pre_trained: false
  optimizer: adamw
  lr: 0.001
  weight_decay: 0.0001
  loss_function: CrossEntropyLoss
  label_smoothing: 0.1
  warmup:
    enabled: false
    epochs: 5
    start_lr: 1.0e-05
  scheduler: cosineannealinglr
  scheduler_params:
    T_max: 90
    eta_min: 0.0001
  best_model_criterion: val_loss
training_baseline:
  epochs: 90
  batch_size: 256
  pre_trained: false
  optimizer: adamw
  lr: 0.001
  weight_decay: 0.0001
  loss_function: CrossEntropyLoss
  label_smoothing: 0.1
  warmup:
    enabled: false
    epochs: 5
    start_lr: 1.0e-05
  scheduler: cosineannealinglr
  scheduler_params:
    T_max: 10
    eta_min: 0.0001
  best_model_criterion: val_loss
finetuning_pruned:
  epochs: 80
  batch_size: 16
  optimizer: adamw
  lr: 0.001
  weight_decay: 0.0001
  loss_function: CrossEntropyLoss
  label_smoothing: 0.1
  warmup:
    enabled: false
    epochs: 5
    start_lr: 1.0e-06
  scheduler: cosineannealinglr
  scheduler_params:
    T_max: 80
    eta_min: 0.0001
  best_model_criterion: val_loss
model:
  img_size: 224
  patch_size: 56
  stride: 56
  cnn_feature_extractor:
    name: efficientnet_b0_feat2
  featured_patch_dim: 24
  emb_dim: 24
  num_heads: 2
  num_decoder_layers: 2
  num_decoder_patches: 1
  adaptive_initial_query: true
  decoder_ff_ratio: 2
  dropout: 0.1
  positional_encoding: true
  res_attention: true
  save_attention: true
  num_plot_attention: 0
baseline:
  model_name: efficientnet_b0

2026-01-09 14:54:49,431 - INFO - ==================================================
2026-01-09 14:54:49,605 - INFO - CUDA 사용 가능. GPU 사용을 시작합니다. (Device: NVIDIA GeForce RTX 5090)
2026-01-09 14:54:49,605 - INFO - 'Sewer-ML' 데이터 로드를 시작합니다 (Type: csv).
2026-01-09 14:54:50,139 - INFO - 데이터셋 클래스: ['Normal', 'Defect'] (총 2개)
2026-01-09 14:54:50,139 - INFO - 훈련 데이터: 1040129개, 검증 데이터: 130046개, 테스트 데이터: 130046개
2026-01-09 14:54:50,139 - INFO - Baseline 모델 'efficientnet_b0'을(를) 생성합니다 (사전 훈련 가중치: 미사용).
2026-01-09 14:54:50,248 - INFO - ==================================================
2026-01-09 14:54:50,248 - INFO - 모델 파라미터 수:
2026-01-09 14:54:50,248 - INFO -   - 총 파라미터: 4,010,110 개
2026-01-09 14:54:50,248 - INFO -   - 학습 가능한 파라미터: 4,010,110 개
2026-01-09 14:54:50,248 - INFO - ================================================================================
2026-01-09 14:54:50,248 - INFO - 단계 1/2: 사전 훈련(Pre-training)을 시작합니다.
2026-01-09 14:54:50,248 - INFO - ================================================================================
2026-01-09 14:54:50,248 - INFO - 옵티마이저: AdamW (lr=0.001, weight_decay=0.0001)
2026-01-09 14:54:50,249 - INFO - 스케줄러: CosineAnnealingLR (T_max=10, eta_min=0.0001)
2026-01-09 14:54:50,249 - INFO - ==================================================
2026-01-09 14:54:50,249 - INFO - train 모드를 시작합니다.
2026-01-09 14:54:50,249 - INFO - 손실 함수: CrossEntropyLoss (label_smoothing: 0.1)
2026-01-09 14:54:50,249 - INFO - Best metric을 초기값(inf)으로 설정합니다.
2026-01-09 14:54:50,249 - INFO - --------------------------------------------------
2026-01-09 14:54:50,249 - INFO - [LR]    [1/90] | Learning Rate: 0.001000
2026-01-09 15:05:08,704 - INFO - [Train] [1/90] | Loss: 0.4254 | Train Acc: 85.51%
2026-01-09 15:05:48,498 - INFO - [Valid] [1/90] | Loss: 0.3811 | Val Acc: 88.61%
2026-01-09 15:05:48,628 - INFO - [Metrics for 'Normal'] | Precision: 0.8843 | Recall: 0.9025 | F1: 0.8933
2026-01-09 15:05:48,628 - INFO - [Metrics for 'Defect'] | Precision: 0.8883 | Recall: 0.8678 | F1: 0.8779
2026-01-09 15:05:48,686 - INFO - [Best Model Saved] (val loss: 0.3811) -> 'log/Sewer-ML/baseline_efficientnet_b0_20260109_145449/best_model.pth'
2026-01-09 15:05:48,687 - INFO - --------------------------------------------------
2026-01-09 15:05:48,687 - INFO - [LR]    [2/90] | Learning Rate: 0.000978
2026-01-09 15:16:06,593 - INFO - [Train] [2/90] | Loss: 0.3801 | Train Acc: 88.72%
2026-01-09 15:16:45,982 - INFO - [Valid] [2/90] | Loss: 0.3660 | Val Acc: 89.76%
2026-01-09 15:16:46,111 - INFO - [Metrics for 'Normal'] | Precision: 0.8968 | Recall: 0.9110 | F1: 0.9038
2026-01-09 15:16:46,111 - INFO - [Metrics for 'Defect'] | Precision: 0.8985 | Recall: 0.8826 | F1: 0.8905
2026-01-09 15:16:46,173 - INFO - [Best Model Saved] (val loss: 0.3660) -> 'log/Sewer-ML/baseline_efficientnet_b0_20260109_145449/best_model.pth'
2026-01-09 15:16:46,173 - INFO - --------------------------------------------------
2026-01-09 15:16:46,173 - INFO - [LR]    [3/90] | Learning Rate: 0.000914
2026-01-09 15:27:03,680 - INFO - [Train] [3/90] | Loss: 0.3637 | Train Acc: 89.78%
2026-01-09 15:27:42,987 - INFO - [Valid] [3/90] | Loss: 0.3538 | Val Acc: 90.51%
2026-01-09 15:27:43,117 - INFO - [Metrics for 'Normal'] | Precision: 0.9195 | Recall: 0.8991 | F1: 0.9092
2026-01-09 15:27:43,117 - INFO - [Metrics for 'Defect'] | Precision: 0.8898 | Recall: 0.9119 | F1: 0.9007
2026-01-09 15:27:43,181 - INFO - [Best Model Saved] (val loss: 0.3538) -> 'log/Sewer-ML/baseline_efficientnet_b0_20260109_145449/best_model.pth'
2026-01-09 15:27:43,181 - INFO - --------------------------------------------------
2026-01-09 15:27:43,182 - INFO - [LR]    [4/90] | Learning Rate: 0.000815
2026-01-09 15:38:00,899 - INFO - [Train] [4/90] | Loss: 0.3525 | Train Acc: 90.51%
2026-01-09 15:38:40,290 - INFO - [Valid] [4/90] | Loss: 0.3492 | Val Acc: 90.77%
2026-01-09 15:38:40,420 - INFO - [Metrics for 'Normal'] | Precision: 0.9326 | Recall: 0.8895 | F1: 0.9106
2026-01-09 15:38:40,420 - INFO - [Metrics for 'Defect'] | Precision: 0.8824 | Recall: 0.9280 | F1: 0.9047
2026-01-09 15:38:40,482 - INFO - [Best Model Saved] (val loss: 0.3492) -> 'log/Sewer-ML/baseline_efficientnet_b0_20260109_145449/best_model.pth'
2026-01-09 15:38:40,483 - INFO - --------------------------------------------------
2026-01-09 15:38:40,483 - INFO - [LR]    [5/90] | Learning Rate: 0.000689
2026-01-09 15:48:58,262 - INFO - [Train] [5/90] | Loss: 0.3436 | Train Acc: 91.12%
2026-01-09 15:49:37,520 - INFO - [Valid] [5/90] | Loss: 0.3405 | Val Acc: 91.27%
2026-01-09 15:49:37,651 - INFO - [Metrics for 'Normal'] | Precision: 0.9233 | Recall: 0.9105 | F1: 0.9168
2026-01-09 15:49:37,651 - INFO - [Metrics for 'Defect'] | Precision: 0.9013 | Recall: 0.9153 | F1: 0.9082
2026-01-09 15:49:37,714 - INFO - [Best Model Saved] (val loss: 0.3405) -> 'log/Sewer-ML/baseline_efficientnet_b0_20260109_145449/best_model.pth'
2026-01-09 15:49:37,714 - INFO - --------------------------------------------------
2026-01-09 15:49:37,714 - INFO - [LR]    [6/90] | Learning Rate: 0.000550
2026-01-09 15:59:55,277 - INFO - [Train] [6/90] | Loss: 0.3355 | Train Acc: 91.62%
2026-01-09 16:00:35,154 - INFO - [Valid] [6/90] | Loss: 0.3374 | Val Acc: 91.55%
2026-01-09 16:00:35,313 - INFO - [Metrics for 'Normal'] | Precision: 0.9382 | Recall: 0.8992 | F1: 0.9183
2026-01-09 16:00:35,314 - INFO - [Metrics for 'Defect'] | Precision: 0.8922 | Recall: 0.9337 | F1: 0.9125
2026-01-09 16:00:35,391 - INFO - [Best Model Saved] (val loss: 0.3374) -> 'log/Sewer-ML/baseline_efficientnet_b0_20260109_145449/best_model.pth'
2026-01-09 16:00:35,391 - INFO - --------------------------------------------------
2026-01-09 16:00:35,392 - INFO - [LR]    [7/90] | Learning Rate: 0.000411
2026-01-09 16:10:53,472 - INFO - [Train] [7/90] | Loss: 0.3280 | Train Acc: 92.11%
2026-01-09 16:11:32,903 - INFO - [Valid] [7/90] | Loss: 0.3327 | Val Acc: 91.77%
2026-01-09 16:11:33,035 - INFO - [Metrics for 'Normal'] | Precision: 0.9297 | Recall: 0.9132 | F1: 0.9214
2026-01-09 16:11:33,035 - INFO - [Metrics for 'Defect'] | Precision: 0.9047 | Recall: 0.9228 | F1: 0.9137
2026-01-09 16:11:33,099 - INFO - [Best Model Saved] (val loss: 0.3327) -> 'log/Sewer-ML/baseline_efficientnet_b0_20260109_145449/best_model.pth'
2026-01-09 16:11:33,100 - INFO - --------------------------------------------------
2026-01-09 16:11:33,100 - INFO - [LR]    [8/90] | Learning Rate: 0.000285
2026-01-09 16:21:50,756 - INFO - [Train] [8/90] | Loss: 0.3211 | Train Acc: 92.55%
2026-01-09 16:22:30,108 - INFO - [Valid] [8/90] | Loss: 0.3318 | Val Acc: 91.88%
2026-01-09 16:22:30,239 - INFO - [Metrics for 'Normal'] | Precision: 0.9375 | Recall: 0.9068 | F1: 0.9219
2026-01-09 16:22:30,239 - INFO - [Metrics for 'Defect'] | Precision: 0.8994 | Recall: 0.9324 | F1: 0.9156
2026-01-09 16:22:30,302 - INFO - [Best Model Saved] (val loss: 0.3318) -> 'log/Sewer-ML/baseline_efficientnet_b0_20260109_145449/best_model.pth'
2026-01-09 16:22:30,302 - INFO - --------------------------------------------------
2026-01-09 16:22:30,303 - INFO - [LR]    [9/90] | Learning Rate: 0.000186
2026-01-09 16:32:48,237 - INFO - [Train] [9/90] | Loss: 0.3152 | Train Acc: 92.97%
2026-01-09 16:33:27,510 - INFO - [Valid] [9/90] | Loss: 0.3316 | Val Acc: 91.95%
2026-01-09 16:33:27,642 - INFO - [Metrics for 'Normal'] | Precision: 0.9414 | Recall: 0.9039 | F1: 0.9223
2026-01-09 16:33:27,642 - INFO - [Metrics for 'Defect'] | Precision: 0.8970 | Recall: 0.9371 | F1: 0.9166
2026-01-09 16:33:27,706 - INFO - [Best Model Saved] (val loss: 0.3316) -> 'log/Sewer-ML/baseline_efficientnet_b0_20260109_145449/best_model.pth'
2026-01-09 16:33:27,706 - INFO - --------------------------------------------------
2026-01-09 16:33:27,707 - INFO - [LR]    [10/90] | Learning Rate: 0.000122
2026-01-09 16:43:45,608 - INFO - [Train] [10/90] | Loss: 0.3109 | Train Acc: 93.26%
2026-01-09 16:44:25,240 - INFO - [Valid] [10/90] | Loss: 0.3302 | Val Acc: 92.06%
2026-01-09 16:44:25,361 - INFO - [Metrics for 'Normal'] | Precision: 0.9347 | Recall: 0.9134 | F1: 0.9239
2026-01-09 16:44:25,361 - INFO - [Metrics for 'Defect'] | Precision: 0.9055 | Recall: 0.9286 | F1: 0.9169
2026-01-09 16:44:25,425 - INFO - [Best Model Saved] (val loss: 0.3302) -> 'log/Sewer-ML/baseline_efficientnet_b0_20260109_145449/best_model.pth'
2026-01-09 16:44:25,425 - INFO - --------------------------------------------------
2026-01-09 16:44:25,425 - INFO - [LR]    [11/90] | Learning Rate: 0.000100
2026-01-09 16:54:43,015 - INFO - [Train] [11/90] | Loss: 0.3079 | Train Acc: 93.44%
2026-01-09 16:55:22,583 - INFO - [Valid] [11/90] | Loss: 0.3314 | Val Acc: 92.01%
2026-01-09 16:55:22,715 - INFO - [Metrics for 'Normal'] | Precision: 0.9388 | Recall: 0.9078 | F1: 0.9231
2026-01-09 16:55:22,715 - INFO - [Metrics for 'Defect'] | Precision: 0.9005 | Recall: 0.9338 | F1: 0.9168
2026-01-09 16:55:22,756 - INFO - --------------------------------------------------
2026-01-09 16:55:22,757 - INFO - [LR]    [12/90] | Learning Rate: 0.000122
2026-01-09 17:05:40,764 - INFO - [Train] [12/90] | Loss: 0.3068 | Train Acc: 93.53%
2026-01-09 17:06:20,170 - INFO - [Valid] [12/90] | Loss: 0.3306 | Val Acc: 91.99%
2026-01-09 17:06:20,302 - INFO - [Metrics for 'Normal'] | Precision: 0.9315 | Recall: 0.9157 | F1: 0.9235
2026-01-09 17:06:20,302 - INFO - [Metrics for 'Defect'] | Precision: 0.9074 | Recall: 0.9246 | F1: 0.9159
2026-01-09 17:06:20,344 - INFO - --------------------------------------------------
2026-01-09 17:06:20,344 - INFO - [LR]    [13/90] | Learning Rate: 0.000186
2026-01-09 17:16:38,378 - INFO - [Train] [13/90] | Loss: 0.3075 | Train Acc: 93.49%
2026-01-09 17:17:18,162 - INFO - [Valid] [13/90] | Loss: 0.3316 | Val Acc: 91.96%
2026-01-09 17:17:18,294 - INFO - [Metrics for 'Normal'] | Precision: 0.9337 | Recall: 0.9126 | F1: 0.9230
2026-01-09 17:17:18,294 - INFO - [Metrics for 'Defect'] | Precision: 0.9046 | Recall: 0.9274 | F1: 0.9159
2026-01-09 17:17:18,337 - INFO - --------------------------------------------------
2026-01-09 17:17:18,337 - INFO - [LR]    [14/90] | Learning Rate: 0.000285
2026-01-09 17:27:36,336 - INFO - [Train] [14/90] | Loss: 0.3091 | Train Acc: 93.38%
2026-01-09 17:28:15,739 - INFO - [Valid] [14/90] | Loss: 0.3326 | Val Acc: 91.92%
2026-01-09 17:28:15,871 - INFO - [Metrics for 'Normal'] | Precision: 0.9351 | Recall: 0.9101 | F1: 0.9224
2026-01-09 17:28:15,871 - INFO - [Metrics for 'Defect'] | Precision: 0.9023 | Recall: 0.9293 | F1: 0.9156
2026-01-09 17:28:15,912 - INFO - --------------------------------------------------
2026-01-09 17:28:15,913 - INFO - [LR]    [15/90] | Learning Rate: 0.000411
2026-01-09 17:38:33,891 - INFO - [Train] [15/90] | Loss: 0.3121 | Train Acc: 93.17%
2026-01-09 17:39:13,651 - INFO - [Valid] [15/90] | Loss: 0.3334 | Val Acc: 91.89%
2026-01-09 17:39:13,784 - INFO - [Metrics for 'Normal'] | Precision: 0.9357 | Recall: 0.9088 | F1: 0.9221
2026-01-09 17:39:13,785 - INFO - [Metrics for 'Defect'] | Precision: 0.9011 | Recall: 0.9302 | F1: 0.9154
2026-01-09 17:39:13,827 - INFO - --------------------------------------------------
2026-01-09 17:39:13,827 - INFO - [LR]    [16/90] | Learning Rate: 0.000550
2026-01-09 17:49:31,772 - INFO - [Train] [16/90] | Loss: 0.3151 | Train Acc: 92.99%
2026-01-09 17:50:11,417 - INFO - [Valid] [16/90] | Loss: 0.3345 | Val Acc: 91.84%
2026-01-09 17:50:11,549 - INFO - [Metrics for 'Normal'] | Precision: 0.9339 | Recall: 0.9098 | F1: 0.9217
2026-01-09 17:50:11,549 - INFO - [Metrics for 'Defect'] | Precision: 0.9019 | Recall: 0.9279 | F1: 0.9147
2026-01-09 17:50:11,591 - INFO - --------------------------------------------------
2026-01-09 17:50:11,592 - INFO - [LR]    [17/90] | Learning Rate: 0.000689
2026-01-09 18:00:29,744 - INFO - [Train] [17/90] | Loss: 0.3180 | Train Acc: 92.79%
2026-01-09 18:01:09,202 - INFO - [Valid] [17/90] | Loss: 0.3379 | Val Acc: 91.60%
2026-01-09 18:01:09,335 - INFO - [Metrics for 'Normal'] | Precision: 0.9317 | Recall: 0.9074 | F1: 0.9194
2026-01-09 18:01:09,335 - INFO - [Metrics for 'Defect'] | Precision: 0.8993 | Recall: 0.9255 | F1: 0.9122
2026-01-09 18:01:09,378 - INFO - --------------------------------------------------
2026-01-09 18:01:09,378 - INFO - [LR]    [18/90] | Learning Rate: 0.000815
2026-01-09 18:11:27,418 - INFO - [Train] [18/90] | Loss: 0.3201 | Train Acc: 92.62%
2026-01-09 18:12:07,093 - INFO - [Valid] [18/90] | Loss: 0.3362 | Val Acc: 91.70%
2026-01-09 18:12:07,217 - INFO - [Metrics for 'Normal'] | Precision: 0.9367 | Recall: 0.9039 | F1: 0.9200
2026-01-09 18:12:07,217 - INFO - [Metrics for 'Defect'] | Precision: 0.8965 | Recall: 0.9316 | F1: 0.9137
2026-01-09 18:12:07,259 - INFO - --------------------------------------------------
2026-01-09 18:12:07,260 - INFO - [LR]    [19/90] | Learning Rate: 0.000914
2026-01-09 18:22:25,523 - INFO - [Train] [19/90] | Loss: 0.3208 | Train Acc: 92.59%
2026-01-09 18:23:04,936 - INFO - [Valid] [19/90] | Loss: 0.3362 | Val Acc: 91.59%
2026-01-09 18:23:05,060 - INFO - [Metrics for 'Normal'] | Precision: 0.9414 | Recall: 0.8965 | F1: 0.9184
2026-01-09 18:23:05,060 - INFO - [Metrics for 'Defect'] | Precision: 0.8900 | Recall: 0.9376 | F1: 0.9132
2026-01-09 18:23:05,103 - INFO - --------------------------------------------------
2026-01-09 18:23:05,103 - INFO - [LR]    [20/90] | Learning Rate: 0.000978
2026-01-09 18:33:23,316 - INFO - [Train] [20/90] | Loss: 0.3203 | Train Acc: 92.62%
2026-01-09 18:34:02,795 - INFO - [Valid] [20/90] | Loss: 0.3371 | Val Acc: 91.60%
2026-01-09 18:34:02,959 - INFO - [Metrics for 'Normal'] | Precision: 0.9366 | Recall: 0.9019 | F1: 0.9190
2026-01-09 18:34:02,959 - INFO - [Metrics for 'Defect'] | Precision: 0.8946 | Recall: 0.9317 | F1: 0.9128
2026-01-09 18:34:03,015 - INFO - --------------------------------------------------
2026-01-09 18:34:03,016 - INFO - [LR]    [21/90] | Learning Rate: 0.001000
2026-01-09 18:44:21,029 - INFO - [Train] [21/90] | Loss: 0.3188 | Train Acc: 92.71%
2026-01-09 18:45:00,346 - INFO - [Valid] [21/90] | Loss: 0.3344 | Val Acc: 91.72%
2026-01-09 18:45:00,468 - INFO - [Metrics for 'Normal'] | Precision: 0.9269 | Recall: 0.9155 | F1: 0.9212
2026-01-09 18:45:00,468 - INFO - [Metrics for 'Defect'] | Precision: 0.9067 | Recall: 0.9192 | F1: 0.9129
2026-01-09 18:45:00,511 - INFO - --------------------------------------------------
2026-01-09 18:45:00,511 - INFO - [LR]    [22/90] | Learning Rate: 0.000978
2026-01-09 18:55:18,837 - INFO - [Train] [22/90] | Loss: 0.3157 | Train Acc: 92.93%
2026-01-09 18:55:58,650 - INFO - [Valid] [22/90] | Loss: 0.3399 | Val Acc: 91.55%
2026-01-09 18:55:58,785 - INFO - [Metrics for 'Normal'] | Precision: 0.9404 | Recall: 0.8969 | F1: 0.9181
2026-01-09 18:55:58,785 - INFO - [Metrics for 'Defect'] | Precision: 0.8903 | Recall: 0.9364 | F1: 0.9127
2026-01-09 18:55:58,829 - INFO - --------------------------------------------------
2026-01-09 18:55:58,829 - INFO - [LR]    [23/90] | Learning Rate: 0.000914
2026-01-09 19:06:16,908 - INFO - [Train] [23/90] | Loss: 0.3118 | Train Acc: 93.20%
2026-01-09 19:06:56,632 - INFO - [Valid] [23/90] | Loss: 0.3322 | Val Acc: 91.98%
2026-01-09 19:06:56,755 - INFO - [Metrics for 'Normal'] | Precision: 0.9297 | Recall: 0.9174 | F1: 0.9235
2026-01-09 19:06:56,755 - INFO - [Metrics for 'Defect'] | Precision: 0.9089 | Recall: 0.9224 | F1: 0.9156
2026-01-09 19:06:56,797 - INFO - --------------------------------------------------
2026-01-09 19:06:56,797 - INFO - [LR]    [24/90] | Learning Rate: 0.000815
2026-01-09 19:17:14,714 - INFO - [Train] [24/90] | Loss: 0.3071 | Train Acc: 93.47%
2026-01-09 19:17:54,572 - INFO - [Valid] [24/90] | Loss: 0.3319 | Val Acc: 92.00%
2026-01-09 19:17:54,695 - INFO - [Metrics for 'Normal'] | Precision: 0.9349 | Recall: 0.9120 | F1: 0.9233
2026-01-09 19:17:54,695 - INFO - [Metrics for 'Defect'] | Precision: 0.9042 | Recall: 0.9289 | F1: 0.9164
2026-01-09 19:17:54,738 - INFO - --------------------------------------------------
2026-01-09 19:17:54,739 - INFO - [LR]    [25/90] | Learning Rate: 0.000689
2026-01-09 19:28:12,919 - INFO - [Train] [25/90] | Loss: 0.3015 | Train Acc: 93.86%
2026-01-09 19:28:52,282 - INFO - [Valid] [25/90] | Loss: 0.3306 | Val Acc: 92.07%
2026-01-09 19:28:52,407 - INFO - [Metrics for 'Normal'] | Precision: 0.9301 | Recall: 0.9189 | F1: 0.9245
2026-01-09 19:28:52,407 - INFO - [Metrics for 'Defect'] | Precision: 0.9105 | Recall: 0.9227 | F1: 0.9165
2026-01-09 19:28:52,450 - INFO - --------------------------------------------------
2026-01-09 19:28:52,450 - INFO - [LR]    [26/90] | Learning Rate: 0.000550
2026-01-09 19:39:10,376 - INFO - [Train] [26/90] | Loss: 0.2949 | Train Acc: 94.29%
2026-01-09 19:39:50,259 - INFO - [Valid] [26/90] | Loss: 0.3349 | Val Acc: 91.92%
2026-01-09 19:39:50,421 - INFO - [Metrics for 'Normal'] | Precision: 0.9439 | Recall: 0.9006 | F1: 0.9217
2026-01-09 19:39:50,421 - INFO - [Metrics for 'Defect'] | Precision: 0.8941 | Recall: 0.9401 | F1: 0.9165
2026-01-09 19:39:50,477 - INFO - --------------------------------------------------
2026-01-09 19:39:50,478 - INFO - [LR]    [27/90] | Learning Rate: 0.000411
2026-01-09 19:50:08,847 - INFO - [Train] [27/90] | Loss: 0.2885 | Train Acc: 94.71%
2026-01-09 19:50:47,906 - INFO - [Valid] [27/90] | Loss: 0.3337 | Val Acc: 92.10%
2026-01-09 19:50:48,030 - INFO - [Metrics for 'Normal'] | Precision: 0.9316 | Recall: 0.9178 | F1: 0.9247
2026-01-09 19:50:48,030 - INFO - [Metrics for 'Defect'] | Precision: 0.9095 | Recall: 0.9246 | F1: 0.9170
2026-01-09 19:50:48,073 - INFO - --------------------------------------------------
2026-01-09 19:50:48,074 - INFO - [LR]    [28/90] | Learning Rate: 0.000285
2026-01-09 20:01:06,131 - INFO - [Train] [28/90] | Loss: 0.2818 | Train Acc: 95.15%
2026-01-09 20:01:45,893 - INFO - [Valid] [28/90] | Loss: 0.3348 | Val Acc: 92.04%
2026-01-09 20:01:46,017 - INFO - [Metrics for 'Normal'] | Precision: 0.9366 | Recall: 0.9109 | F1: 0.9236
2026-01-09 20:01:46,017 - INFO - [Metrics for 'Defect'] | Precision: 0.9033 | Recall: 0.9310 | F1: 0.9169
2026-01-09 20:01:46,060 - INFO - --------------------------------------------------
2026-01-09 20:01:46,061 - INFO - [LR]    [29/90] | Learning Rate: 0.000186
2026-01-09 20:12:04,225 - INFO - [Train] [29/90] | Loss: 0.2762 | Train Acc: 95.53%
2026-01-09 20:12:43,437 - INFO - [Valid] [29/90] | Loss: 0.3366 | Val Acc: 92.11%
2026-01-09 20:12:43,562 - INFO - [Metrics for 'Normal'] | Precision: 0.9390 | Recall: 0.9096 | F1: 0.9241
2026-01-09 20:12:43,562 - INFO - [Metrics for 'Defect'] | Precision: 0.9023 | Recall: 0.9339 | F1: 0.9178
2026-01-09 20:12:43,605 - INFO - --------------------------------------------------
2026-01-09 20:12:43,606 - INFO - [LR]    [30/90] | Learning Rate: 0.000122
2026-01-09 20:23:01,848 - INFO - [Train] [30/90] | Loss: 0.2718 | Train Acc: 95.81%
2026-01-09 20:23:41,432 - INFO - [Valid] [30/90] | Loss: 0.3389 | Val Acc: 92.07%
2026-01-09 20:23:41,557 - INFO - [Metrics for 'Normal'] | Precision: 0.9323 | Recall: 0.9163 | F1: 0.9242
2026-01-09 20:23:41,557 - INFO - [Metrics for 'Defect'] | Precision: 0.9081 | Recall: 0.9256 | F1: 0.9167
2026-01-09 20:23:41,600 - INFO - --------------------------------------------------
2026-01-09 20:23:41,601 - INFO - [LR]    [31/90] | Learning Rate: 0.000100
2026-01-09 20:33:59,649 - INFO - [Train] [31/90] | Loss: 0.2694 | Train Acc: 95.99%
2026-01-09 20:34:39,654 - INFO - [Valid] [31/90] | Loss: 0.3400 | Val Acc: 92.01%
2026-01-09 20:34:39,779 - INFO - [Metrics for 'Normal'] | Precision: 0.9306 | Recall: 0.9170 | F1: 0.9238
2026-01-09 20:34:39,779 - INFO - [Metrics for 'Defect'] | Precision: 0.9086 | Recall: 0.9235 | F1: 0.9160
2026-01-09 20:34:39,822 - INFO - --------------------------------------------------
2026-01-09 20:34:39,822 - INFO - [LR]    [32/90] | Learning Rate: 0.000122
2026-01-09 20:44:57,942 - INFO - [Train] [32/90] | Loss: 0.2684 | Train Acc: 96.05%
2026-01-09 20:45:37,234 - INFO - [Valid] [32/90] | Loss: 0.3418 | Val Acc: 92.01%
2026-01-09 20:45:37,368 - INFO - [Metrics for 'Normal'] | Precision: 0.9345 | Recall: 0.9127 | F1: 0.9234
2026-01-09 20:45:37,368 - INFO - [Metrics for 'Defect'] | Precision: 0.9047 | Recall: 0.9284 | F1: 0.9164
2026-01-09 20:45:37,411 - INFO - --------------------------------------------------
2026-01-09 20:45:37,411 - INFO - [LR]    [33/90] | Learning Rate: 0.000186
2026-01-09 20:55:55,541 - INFO - [Train] [33/90] | Loss: 0.2695 | Train Acc: 95.97%
2026-01-09 20:56:34,697 - INFO - [Valid] [33/90] | Loss: 0.3426 | Val Acc: 91.92%
2026-01-09 20:56:34,822 - INFO - [Metrics for 'Normal'] | Precision: 0.9344 | Recall: 0.9110 | F1: 0.9226
2026-01-09 20:56:34,822 - INFO - [Metrics for 'Defect'] | Precision: 0.9031 | Recall: 0.9285 | F1: 0.9156
2026-01-09 20:56:34,864 - INFO - --------------------------------------------------
2026-01-09 20:56:34,865 - INFO - [LR]    [34/90] | Learning Rate: 0.000285
2026-01-09 21:06:52,905 - INFO - [Train] [34/90] | Loss: 0.2718 | Train Acc: 95.81%
2026-01-09 21:07:31,960 - INFO - [Valid] [34/90] | Loss: 0.3409 | Val Acc: 91.91%
2026-01-09 21:07:32,094 - INFO - [Metrics for 'Normal'] | Precision: 0.9313 | Recall: 0.9143 | F1: 0.9227
2026-01-09 21:07:32,094 - INFO - [Metrics for 'Defect'] | Precision: 0.9060 | Recall: 0.9245 | F1: 0.9152
2026-01-09 21:07:32,136 - INFO - --------------------------------------------------
2026-01-09 21:07:32,137 - INFO - [LR]    [35/90] | Learning Rate: 0.000411
2026-01-09 21:17:50,357 - INFO - [Train] [35/90] | Loss: 0.2757 | Train Acc: 95.55%
2026-01-09 21:18:29,773 - INFO - [Valid] [35/90] | Loss: 0.3369 | Val Acc: 92.01%
2026-01-09 21:18:29,907 - INFO - [Metrics for 'Normal'] | Precision: 0.9389 | Recall: 0.9077 | F1: 0.9230
2026-01-09 21:18:29,907 - INFO - [Metrics for 'Defect'] | Precision: 0.9004 | Recall: 0.9339 | F1: 0.9168
2026-01-09 21:18:29,949 - INFO - --------------------------------------------------
2026-01-09 21:18:29,950 - INFO - [LR]    [36/90] | Learning Rate: 0.000550
2026-01-09 21:28:47,902 - INFO - [Train] [36/90] | Loss: 0.2800 | Train Acc: 95.25%
2026-01-09 21:29:27,597 - INFO - [Valid] [36/90] | Loss: 0.3375 | Val Acc: 91.98%
2026-01-09 21:29:27,732 - INFO - [Metrics for 'Normal'] | Precision: 0.9318 | Recall: 0.9150 | F1: 0.9233
2026-01-09 21:29:27,732 - INFO - [Metrics for 'Defect'] | Precision: 0.9068 | Recall: 0.9251 | F1: 0.9158
2026-01-09 21:29:27,775 - INFO - --------------------------------------------------
2026-01-09 21:29:27,775 - INFO - [LR]    [37/90] | Learning Rate: 0.000689
2026-01-09 21:39:45,739 - INFO - [Train] [37/90] | Loss: 0.2848 | Train Acc: 94.94%
2026-01-09 21:40:25,183 - INFO - [Valid] [37/90] | Loss: 0.3399 | Val Acc: 91.82%
2026-01-09 21:40:25,318 - INFO - [Metrics for 'Normal'] | Precision: 0.9360 | Recall: 0.9073 | F1: 0.9214
2026-01-09 21:40:25,318 - INFO - [Metrics for 'Defect'] | Precision: 0.8997 | Recall: 0.9305 | F1: 0.9148
2026-01-09 21:40:25,361 - INFO - --------------------------------------------------
2026-01-09 21:40:25,362 - INFO - [LR]    [38/90] | Learning Rate: 0.000815
2026-01-09 21:50:43,401 - INFO - [Train] [38/90] | Loss: 0.2888 | Train Acc: 94.68%
2026-01-09 21:51:23,061 - INFO - [Valid] [38/90] | Loss: 0.3346 | Val Acc: 91.94%
2026-01-09 21:51:23,196 - INFO - [Metrics for 'Normal'] | Precision: 0.9285 | Recall: 0.9180 | F1: 0.9232
2026-01-09 21:51:23,196 - INFO - [Metrics for 'Defect'] | Precision: 0.9094 | Recall: 0.9209 | F1: 0.9151
2026-01-09 21:51:23,238 - INFO - --------------------------------------------------
2026-01-09 21:51:23,238 - INFO - [LR]    [39/90] | Learning Rate: 0.000914
2026-01-09 22:01:41,069 - INFO - [Train] [39/90] | Loss: 0.2919 | Train Acc: 94.45%
2026-01-09 22:02:20,496 - INFO - [Valid] [39/90] | Loss: 0.3365 | Val Acc: 91.85%
2026-01-09 22:02:20,631 - INFO - [Metrics for 'Normal'] | Precision: 0.9326 | Recall: 0.9115 | F1: 0.9219
2026-01-09 22:02:20,631 - INFO - [Metrics for 'Defect'] | Precision: 0.9034 | Recall: 0.9263 | F1: 0.9147
2026-01-09 22:02:20,674 - INFO - --------------------------------------------------
2026-01-09 22:02:20,674 - INFO - [LR]    [40/90] | Learning Rate: 0.000978
2026-01-09 22:12:38,867 - INFO - [Train] [40/90] | Loss: 0.2935 | Train Acc: 94.34%
2026-01-09 22:13:18,451 - INFO - [Valid] [40/90] | Loss: 0.3366 | Val Acc: 91.82%
2026-01-09 22:13:18,585 - INFO - [Metrics for 'Normal'] | Precision: 0.9336 | Recall: 0.9098 | F1: 0.9216
2026-01-09 22:13:18,585 - INFO - [Metrics for 'Defect'] | Precision: 0.9019 | Recall: 0.9276 | F1: 0.9146
2026-01-09 22:13:18,628 - INFO - --------------------------------------------------
2026-01-09 22:13:18,628 - INFO - [LR]    [41/90] | Learning Rate: 0.001000
2026-01-09 22:23:36,875 - INFO - [Train] [41/90] | Loss: 0.2931 | Train Acc: 94.38%
2026-01-09 22:24:16,170 - INFO - [Valid] [41/90] | Loss: 0.3328 | Val Acc: 91.98%
2026-01-09 22:24:16,305 - INFO - [Metrics for 'Normal'] | Precision: 0.9306 | Recall: 0.9165 | F1: 0.9235
2026-01-09 22:24:16,305 - INFO - [Metrics for 'Defect'] | Precision: 0.9081 | Recall: 0.9235 | F1: 0.9158
2026-01-09 22:24:16,348 - INFO - --------------------------------------------------
2026-01-09 22:24:16,348 - INFO - [LR]    [42/90] | Learning Rate: 0.000978
2026-01-09 22:34:34,441 - INFO - [Train] [42/90] | Loss: 0.2918 | Train Acc: 94.47%
2026-01-09 22:35:13,866 - INFO - [Valid] [42/90] | Loss: 0.3365 | Val Acc: 91.83%
2026-01-09 22:35:14,000 - INFO - [Metrics for 'Normal'] | Precision: 0.9346 | Recall: 0.9090 | F1: 0.9216
2026-01-09 22:35:14,000 - INFO - [Metrics for 'Defect'] | Precision: 0.9011 | Recall: 0.9288 | F1: 0.9148
2026-01-09 22:35:14,042 - INFO - --------------------------------------------------
2026-01-09 22:35:14,043 - INFO - [LR]    [43/90] | Learning Rate: 0.000914
2026-01-09 22:45:32,167 - INFO - [Train] [43/90] | Loss: 0.2886 | Train Acc: 94.67%
2026-01-09 22:46:11,781 - INFO - [Valid] [43/90] | Loss: 0.3366 | Val Acc: 91.92%
2026-01-09 22:46:11,916 - INFO - [Metrics for 'Normal'] | Precision: 0.9325 | Recall: 0.9130 | F1: 0.9227
2026-01-09 22:46:11,916 - INFO - [Metrics for 'Defect'] | Precision: 0.9049 | Recall: 0.9261 | F1: 0.9154
2026-01-09 22:46:11,960 - INFO - --------------------------------------------------
2026-01-09 22:46:11,960 - INFO - [LR]    [44/90] | Learning Rate: 0.000815
2026-01-09 22:56:29,973 - INFO - [Train] [44/90] | Loss: 0.2843 | Train Acc: 94.95%
2026-01-09 22:57:09,506 - INFO - [Valid] [44/90] | Loss: 0.3414 | Val Acc: 91.71%
2026-01-09 22:57:09,630 - INFO - [Metrics for 'Normal'] | Precision: 0.9363 | Recall: 0.9046 | F1: 0.9202
2026-01-09 22:57:09,630 - INFO - [Metrics for 'Defect'] | Precision: 0.8971 | Recall: 0.9311 | F1: 0.9138
2026-01-09 22:57:09,673 - INFO - --------------------------------------------------
2026-01-09 22:57:09,674 - INFO - [LR]    [45/90] | Learning Rate: 0.000689
2026-01-09 23:07:27,825 - INFO - [Train] [45/90] | Loss: 0.2780 | Train Acc: 95.36%
2026-01-09 23:08:07,090 - INFO - [Valid] [45/90] | Loss: 0.3403 | Val Acc: 91.73%
2026-01-09 23:08:07,226 - INFO - [Metrics for 'Normal'] | Precision: 0.9318 | Recall: 0.9101 | F1: 0.9208
2026-01-09 23:08:07,226 - INFO - [Metrics for 'Defect'] | Precision: 0.9019 | Recall: 0.9254 | F1: 0.9135
2026-01-09 23:08:07,269 - INFO - --------------------------------------------------
2026-01-09 23:08:07,269 - INFO - [LR]    [46/90] | Learning Rate: 0.000550
2026-01-09 23:18:25,517 - INFO - [Train] [46/90] | Loss: 0.2718 | Train Acc: 95.78%
2026-01-09 23:19:04,690 - INFO - [Valid] [46/90] | Loss: 0.3415 | Val Acc: 91.93%
2026-01-09 23:19:04,825 - INFO - [Metrics for 'Normal'] | Precision: 0.9315 | Recall: 0.9145 | F1: 0.9229
2026-01-09 23:19:04,825 - INFO - [Metrics for 'Defect'] | Precision: 0.9062 | Recall: 0.9248 | F1: 0.9154
2026-01-09 23:19:04,868 - INFO - --------------------------------------------------
2026-01-09 23:19:04,869 - INFO - [LR]    [47/90] | Learning Rate: 0.000411
2026-01-09 23:29:23,081 - INFO - [Train] [47/90] | Loss: 0.2654 | Train Acc: 96.18%
2026-01-09 23:30:02,247 - INFO - [Valid] [47/90] | Loss: 0.3433 | Val Acc: 91.88%
2026-01-09 23:30:02,372 - INFO - [Metrics for 'Normal'] | Precision: 0.9267 | Recall: 0.9190 | F1: 0.9228
2026-01-09 23:30:02,372 - INFO - [Metrics for 'Defect'] | Precision: 0.9102 | Recall: 0.9186 | F1: 0.9144
2026-01-09 23:30:02,415 - INFO - --------------------------------------------------
2026-01-09 23:30:02,416 - INFO - [LR]    [48/90] | Learning Rate: 0.000285
2026-01-09 23:40:20,273 - INFO - [Train] [48/90] | Loss: 0.2589 | Train Acc: 96.61%
2026-01-09 23:40:59,866 - INFO - [Valid] [48/90] | Loss: 0.3495 | Val Acc: 91.82%
2026-01-09 23:41:00,003 - INFO - [Metrics for 'Normal'] | Precision: 0.9321 | Recall: 0.9116 | F1: 0.9217
2026-01-09 23:41:00,003 - INFO - [Metrics for 'Defect'] | Precision: 0.9034 | Recall: 0.9257 | F1: 0.9144
2026-01-09 23:41:00,047 - INFO - --------------------------------------------------
2026-01-09 23:41:00,047 - INFO - [LR]    [49/90] | Learning Rate: 0.000186
2026-01-09 23:51:17,968 - INFO - [Train] [49/90] | Loss: 0.2540 | Train Acc: 96.92%
2026-01-09 23:51:57,224 - INFO - [Valid] [49/90] | Loss: 0.3492 | Val Acc: 91.82%
2026-01-09 23:51:57,361 - INFO - [Metrics for 'Normal'] | Precision: 0.9330 | Recall: 0.9105 | F1: 0.9216
2026-01-09 23:51:57,361 - INFO - [Metrics for 'Defect'] | Precision: 0.9024 | Recall: 0.9269 | F1: 0.9145
2026-01-09 23:51:57,404 - INFO - --------------------------------------------------
2026-01-09 23:51:57,405 - INFO - [LR]    [50/90] | Learning Rate: 0.000122
2026-01-10 00:02:15,941 - INFO - [Train] [50/90] | Loss: 0.2502 | Train Acc: 97.17%
2026-01-10 00:02:55,258 - INFO - [Valid] [50/90] | Loss: 0.3532 | Val Acc: 91.82%
2026-01-10 00:02:55,394 - INFO - [Metrics for 'Normal'] | Precision: 0.9348 | Recall: 0.9084 | F1: 0.9214
2026-01-10 00:02:55,394 - INFO - [Metrics for 'Defect'] | Precision: 0.9006 | Recall: 0.9291 | F1: 0.9146
2026-01-10 00:02:55,437 - INFO - --------------------------------------------------
2026-01-10 00:02:55,438 - INFO - [LR]    [51/90] | Learning Rate: 0.000100
2026-01-10 00:13:13,767 - INFO - [Train] [51/90] | Loss: 0.2478 | Train Acc: 97.32%
2026-01-10 00:13:53,402 - INFO - [Valid] [51/90] | Loss: 0.3547 | Val Acc: 91.88%
2026-01-10 00:13:53,528 - INFO - [Metrics for 'Normal'] | Precision: 0.9317 | Recall: 0.9132 | F1: 0.9223
2026-01-10 00:13:53,528 - INFO - [Metrics for 'Defect'] | Precision: 0.9050 | Recall: 0.9250 | F1: 0.9149
2026-01-10 00:13:53,571 - INFO - --------------------------------------------------
2026-01-10 00:13:53,572 - INFO - [LR]    [52/90] | Learning Rate: 0.000122
2026-01-10 00:24:11,656 - INFO - [Train] [52/90] | Loss: 0.2475 | Train Acc: 97.34%
2026-01-10 00:24:51,024 - INFO - [Valid] [52/90] | Loss: 0.3566 | Val Acc: 91.80%
2026-01-10 00:24:51,150 - INFO - [Metrics for 'Normal'] | Precision: 0.9311 | Recall: 0.9123 | F1: 0.9216
2026-01-10 00:24:51,150 - INFO - [Metrics for 'Defect'] | Precision: 0.9040 | Recall: 0.9245 | F1: 0.9141
2026-01-10 00:24:51,193 - INFO - --------------------------------------------------
2026-01-10 00:24:51,194 - INFO - [LR]    [53/90] | Learning Rate: 0.000186
2026-01-10 00:35:09,302 - INFO - [Train] [53/90] | Loss: 0.2483 | Train Acc: 97.28%
2026-01-10 00:35:48,693 - INFO - [Valid] [53/90] | Loss: 0.3554 | Val Acc: 91.73%
2026-01-10 00:35:48,868 - INFO - [Metrics for 'Normal'] | Precision: 0.9275 | Recall: 0.9149 | F1: 0.9211
2026-01-10 00:35:48,869 - INFO - [Metrics for 'Defect'] | Precision: 0.9061 | Recall: 0.9200 | F1: 0.9130
2026-01-10 00:35:48,926 - INFO - --------------------------------------------------
2026-01-10 00:35:48,927 - INFO - [LR]    [54/90] | Learning Rate: 0.000285
2026-01-10 00:46:07,017 - INFO - [Train] [54/90] | Loss: 0.2507 | Train Acc: 97.11%
2026-01-10 00:46:46,290 - INFO - [Valid] [54/90] | Loss: 0.3557 | Val Acc: 91.76%
2026-01-10 00:46:46,462 - INFO - [Metrics for 'Normal'] | Precision: 0.9342 | Recall: 0.9080 | F1: 0.9209
2026-01-10 00:46:46,462 - INFO - [Metrics for 'Defect'] | Precision: 0.9001 | Recall: 0.9284 | F1: 0.9141
2026-01-10 00:46:46,518 - INFO - --------------------------------------------------
2026-01-10 00:46:46,519 - INFO - [LR]    [55/90] | Learning Rate: 0.000411
2026-01-10 00:57:04,443 - INFO - [Train] [55/90] | Loss: 0.2547 | Train Acc: 96.85%
2026-01-10 00:57:43,884 - INFO - [Valid] [55/90] | Loss: 0.3529 | Val Acc: 91.67%
2026-01-10 00:57:44,054 - INFO - [Metrics for 'Normal'] | Precision: 0.9313 | Recall: 0.9094 | F1: 0.9202
2026-01-10 00:57:44,054 - INFO - [Metrics for 'Defect'] | Precision: 0.9012 | Recall: 0.9249 | F1: 0.9129
2026-01-10 00:57:44,109 - INFO - --------------------------------------------------
2026-01-10 00:57:44,110 - INFO - [LR]    [56/90] | Learning Rate: 0.000550
2026-01-10 01:08:02,244 - INFO - [Train] [56/90] | Loss: 0.2597 | Train Acc: 96.50%
2026-01-10 01:08:41,613 - INFO - [Valid] [56/90] | Loss: 0.3492 | Val Acc: 91.67%
2026-01-10 01:08:41,750 - INFO - [Metrics for 'Normal'] | Precision: 0.9298 | Recall: 0.9110 | F1: 0.9203
2026-01-10 01:08:41,750 - INFO - [Metrics for 'Defect'] | Precision: 0.9026 | Recall: 0.9231 | F1: 0.9127
2026-01-10 01:08:41,794 - INFO - --------------------------------------------------
2026-01-10 01:08:41,794 - INFO - [LR]    [57/90] | Learning Rate: 0.000689
2026-01-10 01:19:00,036 - INFO - [Train] [57/90] | Loss: 0.2651 | Train Acc: 96.16%
2026-01-10 01:19:39,574 - INFO - [Valid] [57/90] | Loss: 0.3474 | Val Acc: 91.75%
2026-01-10 01:19:39,752 - INFO - [Metrics for 'Normal'] | Precision: 0.9298 | Recall: 0.9127 | F1: 0.9212
2026-01-10 01:19:39,752 - INFO - [Metrics for 'Defect'] | Precision: 0.9043 | Recall: 0.9228 | F1: 0.9135
2026-01-10 01:19:39,810 - INFO - --------------------------------------------------
2026-01-10 01:19:39,810 - INFO - [LR]    [58/90] | Learning Rate: 0.000815
2026-01-10 01:29:58,163 - INFO - [Train] [58/90] | Loss: 0.2700 | Train Acc: 95.84%
2026-01-10 01:30:37,785 - INFO - [Valid] [58/90] | Loss: 0.3427 | Val Acc: 91.72%
2026-01-10 01:30:37,922 - INFO - [Metrics for 'Normal'] | Precision: 0.9241 | Recall: 0.9188 | F1: 0.9214
2026-01-10 01:30:37,922 - INFO - [Metrics for 'Defect'] | Precision: 0.9097 | Recall: 0.9155 | F1: 0.9126
2026-01-10 01:30:37,966 - INFO - --------------------------------------------------
2026-01-10 01:30:37,967 - INFO - [LR]    [59/90] | Learning Rate: 0.000914
2026-01-10 01:40:56,300 - INFO - [Train] [59/90] | Loss: 0.2736 | Train Acc: 95.60%
2026-01-10 01:41:36,012 - INFO - [Valid] [59/90] | Loss: 0.3422 | Val Acc: 91.65%
2026-01-10 01:41:36,149 - INFO - [Metrics for 'Normal'] | Precision: 0.9361 | Recall: 0.9037 | F1: 0.9196
2026-01-10 01:41:36,149 - INFO - [Metrics for 'Defect'] | Precision: 0.8962 | Recall: 0.9309 | F1: 0.9132
2026-01-10 01:41:36,193 - INFO - --------------------------------------------------
2026-01-10 01:41:36,193 - INFO - [LR]    [60/90] | Learning Rate: 0.000978
2026-01-10 01:51:54,505 - INFO - [Train] [60/90] | Loss: 0.2760 | Train Acc: 95.44%
2026-01-10 01:52:33,819 - INFO - [Valid] [60/90] | Loss: 0.3437 | Val Acc: 91.63%
2026-01-10 01:52:33,986 - INFO - [Metrics for 'Normal'] | Precision: 0.9329 | Recall: 0.9067 | F1: 0.9196
2026-01-10 01:52:33,987 - INFO - [Metrics for 'Defect'] | Precision: 0.8988 | Recall: 0.9270 | F1: 0.9127
2026-01-10 01:52:34,044 - INFO - --------------------------------------------------
2026-01-10 01:52:34,045 - INFO - [LR]    [61/90] | Learning Rate: 0.001000
2026-01-10 02:02:52,397 - INFO - [Train] [61/90] | Loss: 0.2765 | Train Acc: 95.42%
2026-01-10 02:03:31,960 - INFO - [Valid] [61/90] | Loss: 0.3453 | Val Acc: 91.84%
2026-01-10 02:03:32,096 - INFO - [Metrics for 'Normal'] | Precision: 0.9354 | Recall: 0.9081 | F1: 0.9216
2026-01-10 02:03:32,096 - INFO - [Metrics for 'Defect'] | Precision: 0.9004 | Recall: 0.9298 | F1: 0.9149
2026-01-10 02:03:32,140 - INFO - --------------------------------------------------
2026-01-10 02:03:32,141 - INFO - [LR]    [62/90] | Learning Rate: 0.000978
2026-01-10 02:13:50,415 - INFO - [Train] [62/90] | Loss: 0.2758 | Train Acc: 95.48%
2026-01-10 02:14:29,723 - INFO - [Valid] [62/90] | Loss: 0.3425 | Val Acc: 91.80%
2026-01-10 02:14:29,897 - INFO - [Metrics for 'Normal'] | Precision: 0.9289 | Recall: 0.9147 | F1: 0.9217
2026-01-10 02:14:29,897 - INFO - [Metrics for 'Defect'] | Precision: 0.9062 | Recall: 0.9216 | F1: 0.9138
2026-01-10 02:14:29,954 - INFO - --------------------------------------------------
2026-01-10 02:14:29,955 - INFO - [LR]    [63/90] | Learning Rate: 0.000914
2026-01-10 02:24:47,952 - INFO - [Train] [63/90] | Loss: 0.2727 | Train Acc: 95.66%
2026-01-10 02:25:27,679 - INFO - [Valid] [63/90] | Loss: 0.3448 | Val Acc: 91.74%
2026-01-10 02:25:27,816 - INFO - [Metrics for 'Normal'] | Precision: 0.9299 | Recall: 0.9124 | F1: 0.9211
2026-01-10 02:25:27,816 - INFO - [Metrics for 'Defect'] | Precision: 0.9040 | Recall: 0.9231 | F1: 0.9134
2026-01-10 02:25:27,860 - INFO - --------------------------------------------------
2026-01-10 02:25:27,860 - INFO - [LR]    [64/90] | Learning Rate: 0.000815
2026-01-10 02:35:46,205 - INFO - [Train] [64/90] | Loss: 0.2686 | Train Acc: 95.93%
2026-01-10 02:36:25,279 - INFO - [Valid] [64/90] | Loss: 0.3442 | Val Acc: 91.74%
2026-01-10 02:36:25,416 - INFO - [Metrics for 'Normal'] | Precision: 0.9280 | Recall: 0.9145 | F1: 0.9212
2026-01-10 02:36:25,416 - INFO - [Metrics for 'Defect'] | Precision: 0.9058 | Recall: 0.9206 | F1: 0.9132
2026-01-10 02:36:25,460 - INFO - --------------------------------------------------
2026-01-10 02:36:25,460 - INFO - [LR]    [65/90] | Learning Rate: 0.000689
2026-01-10 02:46:43,381 - INFO - [Train] [65/90] | Loss: 0.2634 | Train Acc: 96.29%
2026-01-10 02:47:22,582 - INFO - [Valid] [65/90] | Loss: 0.3496 | Val Acc: 91.69%
2026-01-10 02:47:22,719 - INFO - [Metrics for 'Normal'] | Precision: 0.9326 | Recall: 0.9083 | F1: 0.9203
2026-01-10 02:47:22,719 - INFO - [Metrics for 'Defect'] | Precision: 0.9003 | Recall: 0.9265 | F1: 0.9132
2026-01-10 02:47:22,762 - INFO - --------------------------------------------------
2026-01-10 02:47:22,763 - INFO - [LR]    [66/90] | Learning Rate: 0.000550
2026-01-10 02:57:40,873 - INFO - [Train] [66/90] | Loss: 0.2570 | Train Acc: 96.67%
2026-01-10 02:58:20,092 - INFO - [Valid] [66/90] | Loss: 0.3539 | Val Acc: 91.61%
2026-01-10 02:58:20,229 - INFO - [Metrics for 'Normal'] | Precision: 0.9296 | Recall: 0.9100 | F1: 0.9197
2026-01-10 02:58:20,230 - INFO - [Metrics for 'Defect'] | Precision: 0.9016 | Recall: 0.9229 | F1: 0.9121
2026-01-10 02:58:20,274 - INFO - --------------------------------------------------
2026-01-10 02:58:20,274 - INFO - [LR]    [67/90] | Learning Rate: 0.000411
2026-01-10 03:08:38,543 - INFO - [Train] [67/90] | Loss: 0.2509 | Train Acc: 97.06%
2026-01-10 03:09:17,531 - INFO - [Valid] [67/90] | Loss: 0.3549 | Val Acc: 91.75%
2026-01-10 03:09:17,667 - INFO - [Metrics for 'Normal'] | Precision: 0.9313 | Recall: 0.9110 | F1: 0.9210
2026-01-10 03:09:17,667 - INFO - [Metrics for 'Defect'] | Precision: 0.9027 | Recall: 0.9248 | F1: 0.9136
2026-01-10 03:09:17,710 - INFO - --------------------------------------------------
2026-01-10 03:09:17,711 - INFO - [LR]    [68/90] | Learning Rate: 0.000285
2026-01-10 03:19:35,596 - INFO - [Train] [68/90] | Loss: 0.2457 | Train Acc: 97.39%
2026-01-10 03:20:14,664 - INFO - [Valid] [68/90] | Loss: 0.3584 | Val Acc: 91.67%
2026-01-10 03:20:14,801 - INFO - [Metrics for 'Normal'] | Precision: 0.9308 | Recall: 0.9100 | F1: 0.9203
2026-01-10 03:20:14,801 - INFO - [Metrics for 'Defect'] | Precision: 0.9017 | Recall: 0.9243 | F1: 0.9129
2026-01-10 03:20:14,844 - INFO - --------------------------------------------------
2026-01-10 03:20:14,845 - INFO - [LR]    [69/90] | Learning Rate: 0.000186
2026-01-10 03:30:32,856 - INFO - [Train] [69/90] | Loss: 0.2413 | Train Acc: 97.67%
2026-01-10 03:31:11,943 - INFO - [Valid] [69/90] | Loss: 0.3583 | Val Acc: 91.81%
2026-01-10 03:31:12,079 - INFO - [Metrics for 'Normal'] | Precision: 0.9313 | Recall: 0.9121 | F1: 0.9216
2026-01-10 03:31:12,079 - INFO - [Metrics for 'Defect'] | Precision: 0.9039 | Recall: 0.9247 | F1: 0.9142
2026-01-10 03:31:12,122 - INFO - --------------------------------------------------
2026-01-10 03:31:12,123 - INFO - [LR]    [70/90] | Learning Rate: 0.000122
2026-01-10 03:41:30,238 - INFO - [Train] [70/90] | Loss: 0.2381 | Train Acc: 97.87%
2026-01-10 03:42:09,175 - INFO - [Valid] [70/90] | Loss: 0.3591 | Val Acc: 91.76%
2026-01-10 03:42:09,311 - INFO - [Metrics for 'Normal'] | Precision: 0.9312 | Recall: 0.9113 | F1: 0.9211
2026-01-10 03:42:09,311 - INFO - [Metrics for 'Defect'] | Precision: 0.9030 | Recall: 0.9246 | F1: 0.9137
2026-01-10 03:42:09,355 - INFO - --------------------------------------------------
2026-01-10 03:42:09,355 - INFO - [LR]    [71/90] | Learning Rate: 0.000100
2026-01-10 03:52:27,342 - INFO - [Train] [71/90] | Loss: 0.2364 | Train Acc: 97.98%
2026-01-10 03:53:06,637 - INFO - [Valid] [71/90] | Loss: 0.3635 | Val Acc: 91.75%
2026-01-10 03:53:06,765 - INFO - [Metrics for 'Normal'] | Precision: 0.9294 | Recall: 0.9131 | F1: 0.9212
2026-01-10 03:53:06,765 - INFO - [Metrics for 'Defect'] | Precision: 0.9046 | Recall: 0.9224 | F1: 0.9134
2026-01-10 03:53:06,809 - INFO - --------------------------------------------------
2026-01-10 03:53:06,809 - INFO - [LR]    [72/90] | Learning Rate: 0.000122
2026-01-10 04:03:24,897 - INFO - [Train] [72/90] | Loss: 0.2357 | Train Acc: 98.02%
2026-01-10 04:04:04,003 - INFO - [Valid] [72/90] | Loss: 0.3632 | Val Acc: 91.78%
2026-01-10 04:04:04,139 - INFO - [Metrics for 'Normal'] | Precision: 0.9297 | Recall: 0.9134 | F1: 0.9215
2026-01-10 04:04:04,139 - INFO - [Metrics for 'Defect'] | Precision: 0.9049 | Recall: 0.9227 | F1: 0.9137
2026-01-10 04:04:04,182 - INFO - --------------------------------------------------
2026-01-10 04:04:04,183 - INFO - [LR]    [73/90] | Learning Rate: 0.000186
2026-01-10 04:14:22,277 - INFO - [Train] [73/90] | Loss: 0.2370 | Train Acc: 97.93%
2026-01-10 04:15:01,499 - INFO - [Valid] [73/90] | Loss: 0.3631 | Val Acc: 91.70%
2026-01-10 04:15:01,629 - INFO - [Metrics for 'Normal'] | Precision: 0.9276 | Recall: 0.9142 | F1: 0.9208
2026-01-10 04:15:01,629 - INFO - [Metrics for 'Defect'] | Precision: 0.9055 | Recall: 0.9201 | F1: 0.9127
2026-01-10 04:15:01,672 - INFO - --------------------------------------------------
2026-01-10 04:15:01,673 - INFO - [LR]    [74/90] | Learning Rate: 0.000285
2026-01-10 04:25:19,959 - INFO - [Train] [74/90] | Loss: 0.2390 | Train Acc: 97.79%
2026-01-10 04:25:59,044 - INFO - [Valid] [74/90] | Loss: 0.3607 | Val Acc: 91.69%
2026-01-10 04:25:59,181 - INFO - [Metrics for 'Normal'] | Precision: 0.9279 | Recall: 0.9135 | F1: 0.9207
2026-01-10 04:25:59,181 - INFO - [Metrics for 'Defect'] | Precision: 0.9048 | Recall: 0.9206 | F1: 0.9127
2026-01-10 04:25:59,225 - INFO - --------------------------------------------------
2026-01-10 04:25:59,225 - INFO - [LR]    [75/90] | Learning Rate: 0.000411
2026-01-10 04:36:17,192 - INFO - [Train] [75/90] | Loss: 0.2425 | Train Acc: 97.57%
2026-01-10 04:36:56,312 - INFO - [Valid] [75/90] | Loss: 0.3631 | Val Acc: 91.56%
2026-01-10 04:36:56,448 - INFO - [Metrics for 'Normal'] | Precision: 0.9302 | Recall: 0.9084 | F1: 0.9192
2026-01-10 04:36:56,448 - INFO - [Metrics for 'Defect'] | Precision: 0.9001 | Recall: 0.9237 | F1: 0.9118
2026-01-10 04:36:56,492 - INFO - --------------------------------------------------
2026-01-10 04:36:56,493 - INFO - [LR]    [76/90] | Learning Rate: 0.000550
2026-01-10 04:47:14,365 - INFO - [Train] [76/90] | Loss: 0.2475 | Train Acc: 97.24%
2026-01-10 04:47:53,473 - INFO - [Valid] [76/90] | Loss: 0.3580 | Val Acc: 91.64%
2026-01-10 04:47:53,610 - INFO - [Metrics for 'Normal'] | Precision: 0.9244 | Recall: 0.9167 | F1: 0.9205
2026-01-10 04:47:53,610 - INFO - [Metrics for 'Defect'] | Precision: 0.9076 | Recall: 0.9161 | F1: 0.9119
2026-01-10 04:47:53,654 - INFO - --------------------------------------------------
2026-01-10 04:47:53,654 - INFO - [LR]    [77/90] | Learning Rate: 0.000689
2026-01-10 04:58:11,727 - INFO - [Train] [77/90] | Loss: 0.2525 | Train Acc: 96.92%
2026-01-10 04:58:50,919 - INFO - [Valid] [77/90] | Loss: 0.3562 | Val Acc: 91.55%
2026-01-10 04:58:51,057 - INFO - [Metrics for 'Normal'] | Precision: 0.9285 | Recall: 0.9100 | F1: 0.9192
2026-01-10 04:58:51,057 - INFO - [Metrics for 'Defect'] | Precision: 0.9015 | Recall: 0.9216 | F1: 0.9114
2026-01-10 04:58:51,101 - INFO - --------------------------------------------------
2026-01-10 04:58:51,102 - INFO - [LR]    [78/90] | Learning Rate: 0.000815
2026-01-10 05:09:09,356 - INFO - [Train] [78/90] | Loss: 0.2570 | Train Acc: 96.62%
2026-01-10 05:09:48,300 - INFO - [Valid] [78/90] | Loss: 0.3522 | Val Acc: 91.51%
2026-01-10 05:09:48,437 - INFO - [Metrics for 'Normal'] | Precision: 0.9203 | Recall: 0.9189 | F1: 0.9196
2026-01-10 05:09:48,437 - INFO - [Metrics for 'Defect'] | Precision: 0.9093 | Recall: 0.9110 | F1: 0.9102
2026-01-10 05:09:48,481 - INFO - --------------------------------------------------
2026-01-10 05:09:48,481 - INFO - [LR]    [79/90] | Learning Rate: 0.000914
2026-01-10 05:20:06,638 - INFO - [Train] [79/90] | Loss: 0.2615 | Train Acc: 96.35%
2026-01-10 05:20:45,543 - INFO - [Valid] [79/90] | Loss: 0.3507 | Val Acc: 91.48%
2026-01-10 05:20:45,679 - INFO - [Metrics for 'Normal'] | Precision: 0.9225 | Recall: 0.9157 | F1: 0.9191
2026-01-10 05:20:45,679 - INFO - [Metrics for 'Defect'] | Precision: 0.9064 | Recall: 0.9139 | F1: 0.9101
2026-01-10 05:20:45,723 - INFO - --------------------------------------------------
2026-01-10 05:20:45,723 - INFO - [LR]    [80/90] | Learning Rate: 0.000978
2026-01-10 05:31:03,911 - INFO - [Train] [80/90] | Loss: 0.2641 | Train Acc: 96.19%
2026-01-10 05:31:42,912 - INFO - [Valid] [80/90] | Loss: 0.3493 | Val Acc: 91.55%
2026-01-10 05:31:43,041 - INFO - [Metrics for 'Normal'] | Precision: 0.9285 | Recall: 0.9101 | F1: 0.9192
2026-01-10 05:31:43,041 - INFO - [Metrics for 'Defect'] | Precision: 0.9016 | Recall: 0.9216 | F1: 0.9115
2026-01-10 05:31:43,085 - INFO - --------------------------------------------------
2026-01-10 05:31:43,085 - INFO - [LR]    [81/90] | Learning Rate: 0.001000
2026-01-10 05:42:01,104 - INFO - [Train] [81/90] | Loss: 0.2649 | Train Acc: 96.14%
2026-01-10 05:42:40,210 - INFO - [Valid] [81/90] | Loss: 0.3490 | Val Acc: 91.58%
2026-01-10 05:42:40,347 - INFO - [Metrics for 'Normal'] | Precision: 0.9318 | Recall: 0.9070 | F1: 0.9192
2026-01-10 05:42:40,347 - INFO - [Metrics for 'Defect'] | Precision: 0.8989 | Recall: 0.9257 | F1: 0.9121
2026-01-10 05:42:40,390 - INFO - --------------------------------------------------
2026-01-10 05:42:40,391 - INFO - [LR]    [82/90] | Learning Rate: 0.000978
2026-01-10 05:52:58,380 - INFO - [Train] [82/90] | Loss: 0.2642 | Train Acc: 96.15%
2026-01-10 05:53:37,571 - INFO - [Valid] [82/90] | Loss: 0.3488 | Val Acc: 91.66%
2026-01-10 05:53:37,708 - INFO - [Metrics for 'Normal'] | Precision: 0.9254 | Recall: 0.9159 | F1: 0.9206
2026-01-10 05:53:37,708 - INFO - [Metrics for 'Defect'] | Precision: 0.9069 | Recall: 0.9173 | F1: 0.9121
2026-01-10 05:53:37,752 - INFO - --------------------------------------------------
2026-01-10 05:53:37,752 - INFO - [LR]    [83/90] | Learning Rate: 0.000914
2026-01-10 06:03:55,736 - INFO - [Train] [83/90] | Loss: 0.2619 | Train Acc: 96.31%
2026-01-10 06:04:34,876 - INFO - [Valid] [83/90] | Loss: 0.3584 | Val Acc: 91.40%
2026-01-10 06:04:35,012 - INFO - [Metrics for 'Normal'] | Precision: 0.9311 | Recall: 0.9040 | F1: 0.9173
2026-01-10 06:04:35,012 - INFO - [Metrics for 'Defect'] | Precision: 0.8959 | Recall: 0.9251 | F1: 0.9103
2026-01-10 06:04:35,055 - INFO - --------------------------------------------------
2026-01-10 06:04:35,056 - INFO - [LR]    [84/90] | Learning Rate: 0.000815
2026-01-10 06:14:52,914 - INFO - [Train] [84/90] | Loss: 0.2581 | Train Acc: 96.55%
2026-01-10 06:15:31,785 - INFO - [Valid] [84/90] | Loss: 0.3538 | Val Acc: 91.48%
2026-01-10 06:15:31,923 - INFO - [Metrics for 'Normal'] | Precision: 0.9332 | Recall: 0.9034 | F1: 0.9180
2026-01-10 06:15:31,923 - INFO - [Metrics for 'Defect'] | Precision: 0.8956 | Recall: 0.9276 | F1: 0.9113
2026-01-10 06:15:31,967 - INFO - --------------------------------------------------
2026-01-10 06:15:31,967 - INFO - [LR]    [85/90] | Learning Rate: 0.000689
2026-01-10 06:25:50,193 - INFO - [Train] [85/90] | Loss: 0.2533 | Train Acc: 96.87%
2026-01-10 06:26:29,385 - INFO - [Valid] [85/90] | Loss: 0.3575 | Val Acc: 91.37%
2026-01-10 06:26:29,523 - INFO - [Metrics for 'Normal'] | Precision: 0.9301 | Recall: 0.9046 | F1: 0.9172
2026-01-10 06:26:29,523 - INFO - [Metrics for 'Defect'] | Precision: 0.8964 | Recall: 0.9240 | F1: 0.9100
2026-01-10 06:26:29,568 - INFO - --------------------------------------------------
2026-01-10 06:26:29,569 - INFO - [LR]    [86/90] | Learning Rate: 0.000550
2026-01-10 06:36:47,693 - INFO - [Train] [86/90] | Loss: 0.2476 | Train Acc: 97.24%
2026-01-10 06:37:27,035 - INFO - [Valid] [86/90] | Loss: 0.3576 | Val Acc: 91.61%
2026-01-10 06:37:27,172 - INFO - [Metrics for 'Normal'] | Precision: 0.9275 | Recall: 0.9124 | F1: 0.9199
2026-01-10 06:37:27,173 - INFO - [Metrics for 'Defect'] | Precision: 0.9037 | Recall: 0.9201 | F1: 0.9119
2026-01-10 06:37:27,216 - INFO - --------------------------------------------------
2026-01-10 06:37:27,217 - INFO - [LR]    [87/90] | Learning Rate: 0.000411
2026-01-10 06:47:45,484 - INFO - [Train] [87/90] | Loss: 0.2421 | Train Acc: 97.57%
2026-01-10 06:48:24,567 - INFO - [Valid] [87/90] | Loss: 0.3636 | Val Acc: 91.56%
2026-01-10 06:48:24,705 - INFO - [Metrics for 'Normal'] | Precision: 0.9311 | Recall: 0.9073 | F1: 0.9190
2026-01-10 06:48:24,705 - INFO - [Metrics for 'Defect'] | Precision: 0.8992 | Recall: 0.9248 | F1: 0.9118
2026-01-10 06:48:24,749 - INFO - --------------------------------------------------
2026-01-10 06:48:24,749 - INFO - [LR]    [88/90] | Learning Rate: 0.000285
2026-01-10 06:58:43,052 - INFO - [Train] [88/90] | Loss: 0.2373 | Train Acc: 97.87%
2026-01-10 06:59:22,430 - INFO - [Valid] [88/90] | Loss: 0.3647 | Val Acc: 91.54%
2026-01-10 06:59:22,568 - INFO - [Metrics for 'Normal'] | Precision: 0.9297 | Recall: 0.9084 | F1: 0.9189
2026-01-10 06:59:22,568 - INFO - [Metrics for 'Defect'] | Precision: 0.9000 | Recall: 0.9232 | F1: 0.9115
2026-01-10 06:59:22,612 - INFO - --------------------------------------------------
2026-01-10 06:59:22,613 - INFO - [LR]    [89/90] | Learning Rate: 0.000186
2026-01-10 07:09:40,738 - INFO - [Train] [89/90] | Loss: 0.2335 | Train Acc: 98.11%
2026-01-10 07:10:20,113 - INFO - [Valid] [89/90] | Loss: 0.3659 | Val Acc: 91.61%
2026-01-10 07:10:20,251 - INFO - [Metrics for 'Normal'] | Precision: 0.9301 | Recall: 0.9096 | F1: 0.9197
2026-01-10 07:10:20,251 - INFO - [Metrics for 'Defect'] | Precision: 0.9012 | Recall: 0.9235 | F1: 0.9122
2026-01-10 07:10:20,294 - INFO - --------------------------------------------------
2026-01-10 07:10:20,295 - INFO - [LR]    [90/90] | Learning Rate: 0.000122
2026-01-10 07:20:38,391 - INFO - [Train] [90/90] | Loss: 0.2306 | Train Acc: 98.29%
2026-01-10 07:21:17,471 - INFO - [Valid] [90/90] | Loss: 0.3694 | Val Acc: 91.61%
2026-01-10 07:21:17,610 - INFO - [Metrics for 'Normal'] | Precision: 0.9300 | Recall: 0.9097 | F1: 0.9197
2026-01-10 07:21:17,610 - INFO - [Metrics for 'Defect'] | Precision: 0.9013 | Recall: 0.9233 | F1: 0.9122
2026-01-10 07:21:17,658 - INFO - ==================================================
2026-01-10 07:21:17,658 - INFO - 훈련 완료. 최고 성능 모델을 불러와 테스트 세트로 최종 평가합니다.
2026-01-10 07:21:17,658 - INFO - 최종 평가를 위해 새로운 모델 객체를 생성합니다.
2026-01-10 07:21:17,658 - INFO - Baseline 모델 'efficientnet_b0'을(를) 생성합니다 (사전 훈련 가중치: 미사용).
2026-01-10 07:21:17,733 - INFO - 최고 성능 모델 가중치를 새로 생성된 모델 객체에 로드 완료: 'log/Sewer-ML/baseline_efficientnet_b0_20260109_145449/best_model.pth'
2026-01-10 07:21:17,733 - INFO - ==================================================
2026-01-10 07:21:17,733 - INFO - Test 모드를 시작합니다.
2026-01-10 07:21:17,817 - INFO - 연산량 (MACs): 0.4139 GMACs per sample
2026-01-10 07:21:17,817 - INFO - 연산량 (FLOPs): 0.8277 GFLOPs per sample
2026-01-10 07:21:17,817 - INFO - ==================================================
2026-01-10 07:21:17,817 - INFO - GPU 캐시를 비우고 측정을 시작합니다.
2026-01-10 07:21:18,058 - INFO - 샘플 당 평균 Forward Pass 시간: 1.63ms (std: 0.01ms), FPS: 613.38 (std: 3.73) (1개 샘플 x 100회 반복)
2026-01-10 07:21:18,058 - INFO - 샘플 당 Forward Pass 시 최대 GPU 메모리 사용량: 104.52 MB
2026-01-10 07:21:18,058 - INFO - 테스트 데이터셋에 대한 추론을 시작합니다.
2026-01-10 07:21:57,891 - INFO - [Test] Loss: 0.2230 | Test Acc: 92.06%
2026-01-10 07:21:58,027 - INFO - [Metrics for 'Normal'] | Precision: 0.9347 | Recall: 0.9134 | F1: 0.9239
2026-01-10 07:21:58,027 - INFO - [Metrics for 'Defect'] | Precision: 0.9055 | Recall: 0.9286 | F1: 0.9169
2026-01-10 07:21:58,450 - INFO - ==================================================
2026-01-10 07:21:58,450 - INFO - 혼동 행렬 저장 완료. 'log/Sewer-ML/baseline_efficientnet_b0_20260109_145449/confusion_matrix_20260109_145449.png' and 'log/Sewer-ML/baseline_efficientnet_b0_20260109_145449/confusion_matrix_20260109_145449.pdf'
2026-01-10 07:21:58,450 - INFO - ==================================================
2026-01-10 07:21:58,450 - INFO - ONNX 변환 및 평가를 시작합니다.
2026-01-10 07:21:58,900 - INFO - 모델이 ONNX 형식으로 변환되어 'log/Sewer-ML/baseline_efficientnet_b0_20260109_145449/model_fp32_20260109_145449.onnx'에 저장되었습니다. (크기: 15.29 MB)
2026-01-10 07:21:58,942 - INFO - ONNX 런타임의 샘플 당 Forward Pass 시간 측정을 시작합니다...
2026-01-10 07:21:59,505 - INFO - 샘플 당 평균 Forward Pass 시간 (ONNX, CPU): 5.09ms (std: 0.21ms)
2026-01-10 07:21:59,506 - INFO - 샘플 당 평균 FPS (ONNX, CPU): 196.53 FPS (std: 5.85) (1개 샘플 x 100회 반복)
2026-01-10 07:21:59,506 - INFO - ONNX 런타임의 CPU 메모리 사용량 측정은 지원되지 않습니다.
2026-01-10 07:37:34,574 - INFO - [Test (ONNX)] | Test Acc (ONNX): 92.06%
2026-01-10 07:37:34,699 - INFO - [Metrics for 'Normal' (ONNX)] | Precision: 0.9347 | Recall: 0.9134 | F1: 0.9239
2026-01-10 07:37:34,699 - INFO - [Metrics for 'Defect' (ONNX)] | Precision: 0.9055 | Recall: 0.9286 | F1: 0.9169
2026-01-10 07:37:35,185 - INFO - Val Acc 그래프 저장 완료: 'log/Sewer-ML/baseline_efficientnet_b0_20260109_145449/graph_20260109_145449/val_acc.png' and 'log/Sewer-ML/baseline_efficientnet_b0_20260109_145449/graph_20260109_145449/val_acc.pdf'
2026-01-10 07:37:35,289 - INFO - Train/Val Acc 그래프 저장 완료: 'log/Sewer-ML/baseline_efficientnet_b0_20260109_145449/graph_20260109_145449/train_val_acc.png' and 'log/Sewer-ML/baseline_efficientnet_b0_20260109_145449/graph_20260109_145449/train_val_acc.pdf'
2026-01-10 07:37:35,375 - INFO - F1 (Normal) 그래프 저장 완료: 'log/Sewer-ML/baseline_efficientnet_b0_20260109_145449/graph_20260109_145449/F1_normal.png' and 'log/Sewer-ML/baseline_efficientnet_b0_20260109_145449/graph_20260109_145449/F1_normal.pdf'
2026-01-10 07:37:35,470 - INFO - Validation Loss 그래프 저장 완료: 'log/Sewer-ML/baseline_efficientnet_b0_20260109_145449/graph_20260109_145449/val_loss.png' and 'log/Sewer-ML/baseline_efficientnet_b0_20260109_145449/graph_20260109_145449/val_loss.pdf'
2026-01-10 07:37:35,563 - INFO - Learning Rate 그래프 저장 완료: 'log/Sewer-ML/baseline_efficientnet_b0_20260109_145449/graph_20260109_145449/learning_rate.png' and 'log/Sewer-ML/baseline_efficientnet_b0_20260109_145449/graph_20260109_145449/learning_rate.pdf'
2026-01-10 07:37:36,410 - INFO - 종합 그래프 저장 완료: 'log/Sewer-ML/baseline_efficientnet_b0_20260109_145449/graph_20260109_145449/compile.png' and 'log/Sewer-ML/baseline_efficientnet_b0_20260109_145449/graph_20260109_145449/compile.pdf'
