2026-02-10 13:56:23,998 - INFO - 로그 파일이 'log/Sewer-TAPNEW_params/baseline_mobile_vit_xxs_fpgm_20260210_135623/log_20260210_135623.log'에 저장됩니다.
2026-02-10 13:56:24,000 - INFO - ==================================================
2026-02-10 13:56:24,000 - INFO - config.yaml:
2026-02-10 13:56:24,000 - INFO - 
run:
  global_seed: 42
  cuda: true
  mode: inference
  pth_inference_dir: /home/user/workspace/CHOI/sewer_binary_cls_v9/log/Sewer-TAPNEW/iso_params/fp32/fpgm/baseline_mobile_vit_xxs_fpgm_20260210_085407
  pth_best_name: best_model.pth
  evaluate_onnx: true
  only_inference: false
  use_fp16_inference: true
  show_log: true
  dataset:
    name: Sewer-TAPNEW_params
    type: image_folder
    train_split_ratio: 0.8
    paths:
      train_img_dir: /home/user/workspace/disk/nvme1/data/Sewer/Sewer-ML/train
      valid_img_dir: /home/user/workspace/disk/nvme1/data/Sewer/Sewer-ML/valid
      test_img_dir: /home/user/workspace/disk/nvme1/data/Sewer/Sewer-ML/valid
      train_csv: /home/user/workspace/disk/nvme1/data/Sewer/Sewer-ML/SewerML_Train.csv
      valid_csv: /home/user/workspace/disk/nvme1/data/Sewer/Sewer-ML/SewerML_Val.csv
      test_csv: /home/user/workspace/disk/nvme1/data/Sewer/Sewer-ML/SewerML_Val.csv
      img_folder: /home/user/workspace/disk/nvme1/data/Sewer/Sewer-TAPNEW
  random_sampling_ratio:
    train: 1.0
    valid: 1.0
    test: 1.0
  num_workers: 16
training_main:
  epochs: 90
  batch_size: 16
  pre_trained: false
  optimizer: adamw
  lr: 0.001
  weight_decay: 0.0001
  loss_function: CrossEntropyLoss
  label_smoothing: 0.1
  scheduler: cosineannealinglr
  scheduler_params:
    T_max: 90
    eta_min: 0.0001
  best_model_criterion: val_loss
training_baseline:
  epochs: 10
  batch_size: 16
  pre_trained: false
  optimizer: adamw
  lr: 0.001
  weight_decay: 0.0001
  loss_function: CrossEntropyLoss
  label_smoothing: 0.1
  scheduler: cosineannealinglr
  scheduler_params:
    T_max: 10
    eta_min: 0.0001
  best_model_criterion: val_loss
finetuning_pruned:
  epochs: 80
  batch_size: 16
  optimizer: adamw
  lr: 0.001
  weight_decay: 0.0001
  loss_function: CrossEntropyLoss
  label_smoothing: 0.1
  scheduler: cosineannealinglr
  scheduler_params:
    T_max: 80
    eta_min: 0.0001
  best_model_criterion: val_loss
model:
  img_size: 224
  num_patches_per_side: 7
  num_decoder_patches: 1
  num_decoder_layers: 6
  num_heads: 2
  cnn_feature_extractor:
    name: custom24
  encoder_dim: 24
  emb_dim: 24
  adaptive_initial_query: true
  decoder_ff_ratio: 2
  dropout: 0.1
  positional_encoding: true
  res_attention: false
  drop_path_ratio: 0.2
  save_attention: false
  num_plot_attention: 600
baseline:
  model_name: mobile_vit_xxs
  use_fpgm_pruning: true
  pruning_sparsity: 0.8643

2026-02-10 13:56:24,000 - INFO - ==================================================
2026-02-10 13:56:24,159 - INFO - CUDA 사용 가능. GPU 사용을 시작합니다. (Device: NVIDIA GeForce RTX 5090)
2026-02-10 13:56:24,159 - INFO - 'Sewer-TAPNEW_params' 데이터 로드를 시작합니다 (Type: image_folder).
2026-02-10 13:56:24,159 - INFO - '/home/user/workspace/disk/nvme1/data/Sewer/Sewer-TAPNEW' 경로의 데이터를 훈련/테스트셋으로 분할합니다.
2026-02-10 13:56:24,162 - INFO - 총 1692개 데이터를 훈련용 1353개, 테스트용 339개로 분할합니다 (split_seed=42).
2026-02-10 13:56:24,162 - INFO - 데이터셋 클래스: ['abnormal', 'normal'] (총 2개)
2026-02-10 13:56:24,163 - INFO - 훈련 데이터: 1353개, 검증 데이터: 339개, 테스트 데이터: 339개
2026-02-10 13:56:24,163 - INFO - Baseline 모델 'mobile_vit_xxs'을(를) 생성합니다 (사전 훈련 가중치: 미사용).
2026-02-10 13:56:24,252 - INFO - timm 모델(mobile_vit_xxs)의 Attention.forward를 Pruning 호환성을 위해 Monkey-patching 합니다.
2026-02-10 13:56:24,258 - INFO - ==================================================
2026-02-10 13:56:24,258 - INFO - 모델 파라미터 수:
2026-02-10 13:56:24,258 - INFO -   - 총 파라미터: 951,666 개
2026-02-10 13:56:24,258 - INFO -   - 학습 가능한 파라미터: 951,666 개
2026-02-10 13:56:24,258 - INFO - '/home/user/workspace/CHOI/sewer_binary_cls_v9/log/Sewer-TAPNEW/iso_params/fp32/fpgm/baseline_mobile_vit_xxs_fpgm_20260210_085407/pruning_info.yaml'에서 Pruning 희소도(0.8643)를 불러왔습니다.
2026-02-10 13:56:24,258 - INFO - 추론 모드: 훈련된 모델의 Pruning 구조를 재현합니다.
2026-02-10 13:56:24,259 - INFO - FPGM Pruning을 시작합니다.
2026-02-10 13:56:24,259 - INFO - 분류 레이어 'ClassifierHead'을(를) Pruning 대상에서 제외합니다.
2026-02-10 13:56:24,259 - INFO - ViT 계열 모델의 모든 qkv 레이어를 Pruning 대상에서 제외합니다.
2026-02-10 13:56:24,636 - INFO - torch-pruning 완료. 모델 구조가 희소도(0.86431640625)에 맞춰 변경되었습니다.
2026-02-10 13:56:24,636 - INFO - ==================================================
2026-02-10 13:56:24,636 - INFO - ==================================================
2026-02-10 13:56:24,636 - INFO - 모델 파라미터 수:
2026-02-10 13:56:24,636 - INFO -   - 총 파라미터: 47,330 개
2026-02-10 13:56:24,636 - INFO -   - 학습 가능한 파라미터: 47,330 개
2026-02-10 13:56:24,636 - INFO - ==================================================
2026-02-10 13:56:24,637 - INFO - Inference 모드를 시작합니다.
2026-02-10 13:56:24,774 - INFO - [Model Load] PyTorch 모델 가중치 로드 중 피크 메모리 - 모델 로드 전 청소 직후 메모리: 0.56 MB
2026-02-10 13:56:24,774 - INFO - '/home/user/workspace/CHOI/sewer_binary_cls_v9/log/Sewer-TAPNEW/iso_params/fp32/fpgm/baseline_mobile_vit_xxs_fpgm_20260210_085407/best_model.pth' 가중치 로드 완료.
2026-02-10 13:56:24,816 - INFO - 연산량 (MACs): 0.0131 GMACs per sample
2026-02-10 13:56:24,816 - INFO - 연산량 (FLOPs): 0.0262 GFLOPs per sample
2026-02-10 13:56:24,816 - INFO - ==================================================
2026-02-10 13:56:24,816 - INFO - FP16 Inference (ONNX via onnxconverter-common)을 적용합니다.
2026-02-10 13:56:24,816 - INFO - DEBUG: onnxruntime status: Loaded
2026-02-10 13:56:24,816 - INFO - DEBUG: onnx status: Loaded
2026-02-10 13:56:24,816 - INFO - DEBUG: float16 (onnxconverter-common) status: Loaded
2026-02-10 13:56:24,989 - INFO - onnxconverter-common을 사용하여 float16 변환을 수행합니다...
2026-02-10 13:56:25,029 - INFO - ONNX FP16 모델 저장 완료: log/Sewer-TAPNEW_params/baseline_mobile_vit_xxs_fpgm_20260210_135623/best_model_fp16.onnx
2026-02-10 13:56:25,194 - INFO - [Model Load] ONNX 모델(FP16) 로드 중 피크 메모리 - 모델 로드 전 청소 직후 메모리: 12.00 MB
2026-02-10 13:56:25,194 - INFO - ONNX 런타임의 샘플 당 Forward Pass 시간 측정을 시작합니다...
2026-02-10 13:56:26,583 - INFO - 샘플 당 평균 Forward Pass 시간 (ONNX, CPU): 11.59ms (std: 0.88ms)
2026-02-10 13:56:26,583 - INFO - 샘플 당 평균 FPS (ONNX, CPU): 86.70 FPS (std: 5.12) (1개 샘플 x 100회 반복)
2026-02-10 13:56:26,583 - INFO - [Inference] 추론 중 피크 메모리 - 모델 로드 후 메모리 정리 직후 메모리: 10.88 MB
2026-02-10 13:56:26,583 - INFO - [Total] (FP16) 추론 중 피크 메모리 - 모델 로드 전 청소 직후 메모리: 22.57 MB
2026-02-10 13:56:30,894 - INFO - [Inference (ONNX FP16)] | Test Acc (ONNX): 80.53%
2026-02-10 13:56:30,901 - INFO - [Metrics for 'abnormal' (ONNX)] | Precision: 0.7898 | Recall: 0.7898 | F1: 0.7898
2026-02-10 13:56:30,901 - INFO - [Metrics for 'normal' (ONNX)] | Precision: 0.8187 | Recall: 0.8187 | F1: 0.8187
2026-02-10 13:56:31,029 - INFO - ==================================================
2026-02-10 13:56:31,029 - INFO - 혼동 행렬 저장 완료. 'log/Sewer-TAPNEW_params/baseline_mobile_vit_xxs_fpgm_20260210_135623/confusion_matrix_20260210_135623.png' and 'log/Sewer-TAPNEW_params/baseline_mobile_vit_xxs_fpgm_20260210_135623/confusion_matrix_20260210_135623.pdf'
