2026-02-26 14:49:36,840 - INFO - 로그 파일이 'log/Sewer_TAPNEW/main_20260226_144936_grid7_patch7_layer6_head4/log_20260226_144936.log'에 저장됩니다.
2026-02-26 14:49:36,840 - INFO - 전역 랜덤 시드를 42로 고정합니다.
2026-02-26 14:49:36,843 - INFO - ==================================================
2026-02-26 14:49:36,843 - INFO - config.yaml:
2026-02-26 14:49:36,843 - INFO - 
run:
  global_seed: 42
  cuda: true
  mode: train
  pth_best_name: best_model.pth
  only_inference: false
  show_log: true
  dataset:
    name: Sewer_TAPNEW
    type: image_folder
    train_split_ratio: 0.8
    paths:
      train_img_dir: /home/tai/workspace/ssd1/data/Sewer/Sewer-ML/train
      valid_img_dir: /home/tai/workspace/ssd1/data/Sewer/Sewer-ML/valid
      test_img_dir: /home/tai/workspace/ssd1/data/Sewer/Sewer-ML/valid
      train_csv: /home/tai/workspace/ssd1/data/Sewer/Sewer-ML/SewerML_Train.csv
      valid_csv: /home/tai/workspace/ssd1/data/Sewer/Sewer-ML/SewerML_Val.csv
      test_csv: /home/tai/workspace/ssd1/data/Sewer/Sewer-ML/SewerML_Val.csv
      img_folder: /home/tai/workspace/ssd1/data/Sewer/Sewer-TAPNEW
  random_sampling_ratio:
    train: 1.0
    valid: 1.0
    test: 1.0
  num_workers: 16
model:
  img_size: 224
  num_patches_per_side: 7
  num_decoder_patches: 7
  num_decoder_layers: 6
  num_heads: 4
  cnn_feature_extractor:
    name: custom32
  encoder_dim: 32
  emb_dim: 32
  adaptive_initial_query: true
  decoder_ff_ratio: 2
  dropout: 0.1
  positional_encoding: true
  drop_path_ratio: 0.2
  visualize_attention: true
  num_plot_attention: 1500
training_main:
  epochs: 90
  batch_size: 16
  pre_trained: false
  optimizer: adamw
  lr: 0.001
  weight_decay: 0.0001
  loss_function: CrossEntropyLoss
  label_smoothing: 0.1
  scheduler: cosineannealinglr
  scheduler_params:
    T_max: 90
    eta_min: 0.0001
  best_model_criterion: val_loss
training_baseline:
  model_name: mobilenet_v4_s
  epochs: 10
  batch_size: 16
  pre_trained: false
  optimizer: adamw
  lr: 0.001
  weight_decay: 0.0001
  loss_function: CrossEntropyLoss
  label_smoothing: 0.1
  scheduler: cosineannealinglr
  scheduler_params:
    T_max: 10
    eta_min: 0.0001
  best_model_criterion: val_loss
finetuning_pruned:
  epochs: 80
  batch_size: 16
  optimizer: adamw
  lr: 0.001
  weight_decay: 0.0001
  loss_function: CrossEntropyLoss
  label_smoothing: 0.1
  scheduler: cosineannealinglr
  scheduler_params:
    T_max: 80
    eta_min: 0.0001
  best_model_criterion: val_loss
  exclude_attention_qkv_pruning: true
  exclude_embedding_bridge_pruning: true
  exclude_learnable_queries_pruning: true

2026-02-26 14:49:36,844 - INFO - ==================================================
2026-02-26 14:49:36,875 - INFO - CUDA 사용 가능. GPU 사용을 시작합니다. (Device: NVIDIA GeForce RTX 5090)
2026-02-26 14:49:36,877 - INFO - 'Sewer_TAPNEW' 데이터 로드를 시작합니다 (Type: image_folder).
2026-02-26 14:49:36,877 - INFO - '/home/tai/workspace/ssd1/data/Sewer/Sewer-TAPNEW' 경로의 데이터를 훈련/테스트셋으로 분할합니다.
2026-02-26 14:49:36,888 - INFO - 총 1692개 데이터를 훈련용 1353개, 테스트용 339개로 분할합니다 (split_seed=42).
2026-02-26 14:49:36,892 - INFO - 데이터셋 클래스: ['abnormal', 'normal'] (총 2개)
2026-02-26 14:49:36,893 - INFO - 훈련 데이터: 1353개, 검증 데이터: 339개, 테스트 데이터: 339개
2026-02-26 14:49:36,893 - INFO - 이미지 크기: 224, 그리드 크기: 7x7 -> 인코더 패치 수: 49개
2026-02-26 14:49:37,078 - INFO - ==================================================
2026-02-26 14:49:37,078 - INFO - 모델 파라미터 수: 91,138 개
2026-02-26 14:49:37,078 - INFO -   - Encoder (Encoder):         22,656 개
2026-02-26 14:49:37,078 - INFO -     - conv_front (CNN Backbone):        22,592 개
2026-02-26 14:49:37,078 - INFO -     - 1x1_conv (Channel Proj):          0 개
2026-02-26 14:49:37,078 - INFO -     - norm (LayerNorm):                 64 개
2026-02-26 14:49:37,078 - INFO -   - Decoder (Cross-Attention-based):    53,504 개
2026-02-26 14:49:37,078 - INFO -     - Embedding Layer (feat_to_emb):   1,056 개
2026-02-26 14:49:37,078 - INFO -     - Init Key Proj (W_K_init):         1,056 개
2026-02-26 14:49:37,078 - INFO -     - Init Value Proj (W_V_init):       1,056 개
2026-02-26 14:49:37,078 - INFO -     - Learnable Queries:                224 개
2026-02-26 14:49:37,078 - INFO -     - Decoder Layers:                   50,112 개
2026-02-26 14:49:37,078 - INFO -   - Classifier (Projection MLP):        14,978 개
2026-02-26 14:49:37,078 - INFO - ================================================================================
2026-02-26 14:49:37,078 - INFO - 단계 1/2: training_main 기반 사전 훈련(Pre-training)을 시작합니다.
2026-02-26 14:49:37,078 - INFO - ================================================================================
2026-02-26 14:49:37,078 - INFO - 옵티마이저: AdamW (lr=0.001, weight_decay=0.0001)
2026-02-26 14:49:37,079 - INFO - 스케줄러: CosineAnnealingLR (T_max=90, eta_min=0.0001)
2026-02-26 14:49:37,079 - INFO - ==================================================
2026-02-26 14:49:37,079 - INFO - train 모드를 시작합니다.
2026-02-26 14:49:37,079 - INFO - 손실 함수: CrossEntropyLoss (label_smoothing: 0.1)
2026-02-26 14:49:37,079 - INFO - --------------------------------------------------
2026-02-26 14:49:37,079 - INFO - [LR]    [1/90] | Learning Rate: 0.001000
2026-02-26 14:49:41,508 - INFO - [Train] [1/90] | Loss: 0.5456 | Train Acc: 76.41%
2026-02-26 14:49:43,201 - INFO - [Valid] [1/90] | Loss: 0.5203 | Val Acc: 79.94%
2026-02-26 14:49:43,204 - INFO - [Metrics for 'abnormal'] | Precision: 0.7572 | Recall: 0.8344 | F1: 0.7939
2026-02-26 14:49:43,204 - INFO - [Metrics for 'normal'] | Precision: 0.8434 | Recall: 0.7692 | F1: 0.8046
2026-02-26 14:49:43,211 - INFO - [Best Model Saved] (val loss: 0.5203) -> 'log/Sewer_TAPNEW/main_20260226_144936_grid7_patch7_layer6_head4/best_model.pth'
2026-02-26 14:49:43,211 - INFO - --------------------------------------------------
2026-02-26 14:49:43,211 - INFO - [LR]    [2/90] | Learning Rate: 0.001000
2026-02-26 14:49:46,561 - INFO - [Train] [2/90] | Loss: 0.5003 | Train Acc: 80.28%
2026-02-26 14:49:47,533 - INFO - [Valid] [2/90] | Loss: 0.5086 | Val Acc: 77.88%
2026-02-26 14:49:47,537 - INFO - [Metrics for 'abnormal'] | Precision: 0.7662 | Recall: 0.7516 | F1: 0.7588
2026-02-26 14:49:47,537 - INFO - [Metrics for 'normal'] | Precision: 0.7892 | Recall: 0.8022 | F1: 0.7956
2026-02-26 14:49:47,544 - INFO - [Best Model Saved] (val loss: 0.5086) -> 'log/Sewer_TAPNEW/main_20260226_144936_grid7_patch7_layer6_head4/best_model.pth'
2026-02-26 14:49:47,544 - INFO - --------------------------------------------------
2026-02-26 14:49:47,544 - INFO - [LR]    [3/90] | Learning Rate: 0.000999
2026-02-26 14:49:52,257 - INFO - [Train] [3/90] | Loss: 0.4985 | Train Acc: 80.13%
2026-02-26 14:49:53,415 - INFO - [Valid] [3/90] | Loss: 0.4948 | Val Acc: 82.89%
2026-02-26 14:49:53,419 - INFO - [Metrics for 'abnormal'] | Precision: 0.8113 | Recall: 0.8217 | F1: 0.8165
2026-02-26 14:49:53,419 - INFO - [Metrics for 'normal'] | Precision: 0.8444 | Recall: 0.8352 | F1: 0.8398
2026-02-26 14:49:53,427 - INFO - [Best Model Saved] (val loss: 0.4948) -> 'log/Sewer_TAPNEW/main_20260226_144936_grid7_patch7_layer6_head4/best_model.pth'
2026-02-26 14:49:53,428 - INFO - --------------------------------------------------
2026-02-26 14:49:53,428 - INFO - [LR]    [4/90] | Learning Rate: 0.000998
2026-02-26 14:49:57,791 - INFO - [Train] [4/90] | Loss: 0.4803 | Train Acc: 81.70%
2026-02-26 14:49:59,041 - INFO - [Valid] [4/90] | Loss: 0.5220 | Val Acc: 76.70%
2026-02-26 14:49:59,047 - INFO - [Metrics for 'abnormal'] | Precision: 0.7349 | Recall: 0.7771 | F1: 0.7554
2026-02-26 14:49:59,047 - INFO - [Metrics for 'normal'] | Precision: 0.7977 | Recall: 0.7582 | F1: 0.7775
2026-02-26 14:49:59,048 - INFO - --------------------------------------------------
2026-02-26 14:49:59,048 - INFO - [LR]    [5/90] | Learning Rate: 0.000996
2026-02-26 14:50:04,189 - INFO - [Train] [5/90] | Loss: 0.4696 | Train Acc: 82.89%
2026-02-26 14:50:05,776 - INFO - [Valid] [5/90] | Loss: 0.5062 | Val Acc: 81.42%
2026-02-26 14:50:05,781 - INFO - [Metrics for 'abnormal'] | Precision: 0.7765 | Recall: 0.8408 | F1: 0.8073
2026-02-26 14:50:05,781 - INFO - [Metrics for 'normal'] | Precision: 0.8521 | Recall: 0.7912 | F1: 0.8205
2026-02-26 14:50:05,781 - INFO - --------------------------------------------------
2026-02-26 14:50:05,781 - INFO - [LR]    [6/90] | Learning Rate: 0.000993
2026-02-26 14:50:11,695 - INFO - [Train] [6/90] | Loss: 0.4642 | Train Acc: 83.18%
2026-02-26 14:50:13,607 - INFO - [Valid] [6/90] | Loss: 0.4941 | Val Acc: 79.65%
2026-02-26 14:50:13,628 - INFO - [Metrics for 'abnormal'] | Precision: 0.8667 | Recall: 0.6624 | F1: 0.7509
2026-02-26 14:50:13,628 - INFO - [Metrics for 'normal'] | Precision: 0.7580 | Recall: 0.9121 | F1: 0.8279
2026-02-26 14:50:13,654 - INFO - [Best Model Saved] (val loss: 0.4941) -> 'log/Sewer_TAPNEW/main_20260226_144936_grid7_patch7_layer6_head4/best_model.pth'
2026-02-26 14:50:13,657 - INFO - --------------------------------------------------
2026-02-26 14:50:13,657 - INFO - [LR]    [7/90] | Learning Rate: 0.000990
2026-02-26 14:50:18,740 - INFO - [Train] [7/90] | Loss: 0.4791 | Train Acc: 81.92%
2026-02-26 14:50:20,407 - INFO - [Valid] [7/90] | Loss: 0.4744 | Val Acc: 82.01%
2026-02-26 14:50:20,411 - INFO - [Metrics for 'abnormal'] | Precision: 0.8429 | Recall: 0.7516 | F1: 0.7946
2026-02-26 14:50:20,419 - INFO - [Metrics for 'normal'] | Precision: 0.8040 | Recall: 0.8791 | F1: 0.8399
2026-02-26 14:50:20,436 - INFO - [Best Model Saved] (val loss: 0.4744) -> 'log/Sewer_TAPNEW/main_20260226_144936_grid7_patch7_layer6_head4/best_model.pth'
2026-02-26 14:50:20,437 - INFO - --------------------------------------------------
2026-02-26 14:50:20,437 - INFO - [LR]    [8/90] | Learning Rate: 0.000987
2026-02-26 14:50:26,158 - INFO - [Train] [8/90] | Loss: 0.4614 | Train Acc: 83.56%
2026-02-26 14:50:27,939 - INFO - [Valid] [8/90] | Loss: 0.4927 | Val Acc: 82.60%
2026-02-26 14:50:27,964 - INFO - [Metrics for 'abnormal'] | Precision: 0.8141 | Recall: 0.8089 | F1: 0.8115
2026-02-26 14:50:27,965 - INFO - [Metrics for 'normal'] | Precision: 0.8361 | Recall: 0.8407 | F1: 0.8384
2026-02-26 14:50:27,965 - INFO - --------------------------------------------------
2026-02-26 14:50:27,965 - INFO - [LR]    [9/90] | Learning Rate: 0.000983
2026-02-26 14:50:33,666 - INFO - [Train] [9/90] | Loss: 0.4468 | Train Acc: 85.04%
2026-02-26 14:50:35,325 - INFO - [Valid] [9/90] | Loss: 0.4562 | Val Acc: 82.89%
2026-02-26 14:50:35,329 - INFO - [Metrics for 'abnormal'] | Precision: 0.7895 | Recall: 0.8599 | F1: 0.8232
2026-02-26 14:50:35,330 - INFO - [Metrics for 'normal'] | Precision: 0.8690 | Recall: 0.8022 | F1: 0.8343
2026-02-26 14:50:35,339 - INFO - [Best Model Saved] (val loss: 0.4562) -> 'log/Sewer_TAPNEW/main_20260226_144936_grid7_patch7_layer6_head4/best_model.pth'
2026-02-26 14:50:35,339 - INFO - --------------------------------------------------
2026-02-26 14:50:35,339 - INFO - [LR]    [10/90] | Learning Rate: 0.000978
2026-02-26 14:50:41,333 - INFO - [Train] [10/90] | Loss: 0.4471 | Train Acc: 82.96%
2026-02-26 14:50:43,307 - INFO - [Valid] [10/90] | Loss: 0.4747 | Val Acc: 81.42%
2026-02-26 14:50:43,318 - INFO - [Metrics for 'abnormal'] | Precision: 0.7831 | Recall: 0.8280 | F1: 0.8050
2026-02-26 14:50:43,318 - INFO - [Metrics for 'normal'] | Precision: 0.8439 | Recall: 0.8022 | F1: 0.8225
2026-02-26 14:50:43,318 - INFO - --------------------------------------------------
2026-02-26 14:50:43,318 - INFO - [LR]    [11/90] | Learning Rate: 0.000973
2026-02-26 14:50:49,080 - INFO - [Train] [11/90] | Loss: 0.4523 | Train Acc: 83.63%
2026-02-26 14:50:51,027 - INFO - [Valid] [11/90] | Loss: 0.4682 | Val Acc: 81.42%
2026-02-26 14:50:51,058 - INFO - [Metrics for 'abnormal'] | Precision: 0.8013 | Recall: 0.7962 | F1: 0.7987
2026-02-26 14:50:51,058 - INFO - [Metrics for 'normal'] | Precision: 0.8251 | Recall: 0.8297 | F1: 0.8274
2026-02-26 14:50:51,058 - INFO - --------------------------------------------------
2026-02-26 14:50:51,058 - INFO - [LR]    [12/90] | Learning Rate: 0.000967
2026-02-26 14:50:55,589 - INFO - [Train] [12/90] | Loss: 0.4364 | Train Acc: 84.38%
2026-02-26 14:50:57,375 - INFO - [Valid] [12/90] | Loss: 0.4738 | Val Acc: 80.83%
2026-02-26 14:50:57,386 - INFO - [Metrics for 'abnormal'] | Precision: 0.7949 | Recall: 0.7898 | F1: 0.7923
2026-02-26 14:50:57,386 - INFO - [Metrics for 'normal'] | Precision: 0.8197 | Recall: 0.8242 | F1: 0.8219
2026-02-26 14:50:57,387 - INFO - --------------------------------------------------
2026-02-26 14:50:57,387 - INFO - [LR]    [13/90] | Learning Rate: 0.000961
2026-02-26 14:51:02,529 - INFO - [Train] [13/90] | Loss: 0.4365 | Train Acc: 85.19%
2026-02-26 14:51:04,498 - INFO - [Valid] [13/90] | Loss: 0.4720 | Val Acc: 82.01%
2026-02-26 14:51:04,507 - INFO - [Metrics for 'abnormal'] | Precision: 0.7857 | Recall: 0.8408 | F1: 0.8123
2026-02-26 14:51:04,510 - INFO - [Metrics for 'normal'] | Precision: 0.8538 | Recall: 0.8022 | F1: 0.8272
2026-02-26 14:51:04,510 - INFO - --------------------------------------------------
2026-02-26 14:51:04,510 - INFO - [LR]    [14/90] | Learning Rate: 0.000954
2026-02-26 14:51:10,171 - INFO - [Train] [14/90] | Loss: 0.4366 | Train Acc: 84.82%
2026-02-26 14:51:11,645 - INFO - [Valid] [14/90] | Loss: 0.4729 | Val Acc: 82.60%
2026-02-26 14:51:11,649 - INFO - [Metrics for 'abnormal'] | Precision: 0.7988 | Recall: 0.8344 | F1: 0.8162
2026-02-26 14:51:11,650 - INFO - [Metrics for 'normal'] | Precision: 0.8514 | Recall: 0.8187 | F1: 0.8347
2026-02-26 14:51:11,650 - INFO - --------------------------------------------------
2026-02-26 14:51:11,650 - INFO - [LR]    [15/90] | Learning Rate: 0.000947
2026-02-26 14:51:16,941 - INFO - [Train] [15/90] | Loss: 0.4214 | Train Acc: 86.46%
2026-02-26 14:51:18,762 - INFO - [Valid] [15/90] | Loss: 0.4662 | Val Acc: 83.19%
2026-02-26 14:51:18,771 - INFO - [Metrics for 'abnormal'] | Precision: 0.8012 | Recall: 0.8471 | F1: 0.8235
2026-02-26 14:51:18,774 - INFO - [Metrics for 'normal'] | Precision: 0.8613 | Recall: 0.8187 | F1: 0.8394
2026-02-26 14:51:18,775 - INFO - --------------------------------------------------
2026-02-26 14:51:18,775 - INFO - [LR]    [16/90] | Learning Rate: 0.000940
2026-02-26 14:51:24,074 - INFO - [Train] [16/90] | Loss: 0.4137 | Train Acc: 86.38%
2026-02-26 14:51:25,641 - INFO - [Valid] [16/90] | Loss: 0.4570 | Val Acc: 83.48%
2026-02-26 14:51:25,651 - INFO - [Metrics for 'abnormal'] | Precision: 0.8301 | Recall: 0.8089 | F1: 0.8194
2026-02-26 14:51:25,655 - INFO - [Metrics for 'normal'] | Precision: 0.8387 | Recall: 0.8571 | F1: 0.8478
2026-02-26 14:51:25,655 - INFO - --------------------------------------------------
2026-02-26 14:51:25,655 - INFO - [LR]    [17/90] | Learning Rate: 0.000932
2026-02-26 14:51:31,304 - INFO - [Train] [17/90] | Loss: 0.4251 | Train Acc: 86.01%
2026-02-26 14:51:32,850 - INFO - [Valid] [17/90] | Loss: 0.4597 | Val Acc: 82.01%
2026-02-26 14:51:32,858 - INFO - [Metrics for 'abnormal'] | Precision: 0.8000 | Recall: 0.8153 | F1: 0.8076
2026-02-26 14:51:32,860 - INFO - [Metrics for 'normal'] | Precision: 0.8380 | Recall: 0.8242 | F1: 0.8310
2026-02-26 14:51:32,861 - INFO - --------------------------------------------------
2026-02-26 14:51:32,863 - INFO - [LR]    [18/90] | Learning Rate: 0.000923
2026-02-26 14:51:38,467 - INFO - [Train] [18/90] | Loss: 0.4078 | Train Acc: 86.90%
2026-02-26 14:51:39,920 - INFO - [Valid] [18/90] | Loss: 0.4801 | Val Acc: 81.71%
2026-02-26 14:51:39,932 - INFO - [Metrics for 'abnormal'] | Precision: 0.8105 | Recall: 0.7898 | F1: 0.8000
2026-02-26 14:51:39,933 - INFO - [Metrics for 'normal'] | Precision: 0.8226 | Recall: 0.8407 | F1: 0.8315
2026-02-26 14:51:39,934 - INFO - --------------------------------------------------
2026-02-26 14:51:39,934 - INFO - [LR]    [19/90] | Learning Rate: 0.000914
2026-02-26 14:51:45,948 - INFO - [Train] [19/90] | Loss: 0.4154 | Train Acc: 85.42%
2026-02-26 14:51:47,478 - INFO - [Valid] [19/90] | Loss: 0.4574 | Val Acc: 82.60%
2026-02-26 14:51:47,497 - INFO - [Metrics for 'abnormal'] | Precision: 0.7988 | Recall: 0.8344 | F1: 0.8162
2026-02-26 14:51:47,501 - INFO - [Metrics for 'normal'] | Precision: 0.8514 | Recall: 0.8187 | F1: 0.8347
2026-02-26 14:51:47,502 - INFO - --------------------------------------------------
2026-02-26 14:51:47,505 - INFO - [LR]    [20/90] | Learning Rate: 0.000905
2026-02-26 14:51:53,597 - INFO - [Train] [20/90] | Loss: 0.4065 | Train Acc: 86.38%
2026-02-26 14:51:55,392 - INFO - [Valid] [20/90] | Loss: 0.5018 | Val Acc: 79.94%
2026-02-26 14:51:55,400 - INFO - [Metrics for 'abnormal'] | Precision: 0.7282 | Recall: 0.9045 | F1: 0.8068
2026-02-26 14:51:55,404 - INFO - [Metrics for 'normal'] | Precision: 0.8958 | Recall: 0.7088 | F1: 0.7914
2026-02-26 14:51:55,404 - INFO - --------------------------------------------------
2026-02-26 14:51:55,404 - INFO - [LR]    [21/90] | Learning Rate: 0.000895
2026-02-26 14:52:01,630 - INFO - [Train] [21/90] | Loss: 0.4065 | Train Acc: 86.53%
2026-02-26 14:52:03,500 - INFO - [Valid] [21/90] | Loss: 0.4568 | Val Acc: 82.89%
2026-02-26 14:52:03,512 - INFO - [Metrics for 'abnormal'] | Precision: 0.7829 | Recall: 0.8726 | F1: 0.8253
2026-02-26 14:52:03,512 - INFO - [Metrics for 'normal'] | Precision: 0.8780 | Recall: 0.7912 | F1: 0.8324
2026-02-26 14:52:03,512 - INFO - --------------------------------------------------
2026-02-26 14:52:03,512 - INFO - [LR]    [22/90] | Learning Rate: 0.000884
2026-02-26 14:52:08,566 - INFO - [Train] [22/90] | Loss: 0.4165 | Train Acc: 85.79%
2026-02-26 14:52:10,167 - INFO - [Valid] [22/90] | Loss: 0.4905 | Val Acc: 80.53%
2026-02-26 14:52:10,184 - INFO - [Metrics for 'abnormal'] | Precision: 0.7571 | Recall: 0.8535 | F1: 0.8024
2026-02-26 14:52:10,188 - INFO - [Metrics for 'normal'] | Precision: 0.8580 | Recall: 0.7637 | F1: 0.8081
2026-02-26 14:52:10,188 - INFO - --------------------------------------------------
2026-02-26 14:52:10,192 - INFO - [LR]    [23/90] | Learning Rate: 0.000874
2026-02-26 14:52:16,167 - INFO - [Train] [23/90] | Loss: 0.4011 | Train Acc: 86.46%
2026-02-26 14:52:17,751 - INFO - [Valid] [23/90] | Loss: 0.5501 | Val Acc: 77.88%
2026-02-26 14:52:17,761 - INFO - [Metrics for 'abnormal'] | Precision: 0.7356 | Recall: 0.8153 | F1: 0.7734
2026-02-26 14:52:17,761 - INFO - [Metrics for 'normal'] | Precision: 0.8242 | Recall: 0.7473 | F1: 0.7839
2026-02-26 14:52:17,761 - INFO - --------------------------------------------------
2026-02-26 14:52:17,761 - INFO - [LR]    [24/90] | Learning Rate: 0.000863
2026-02-26 14:52:23,807 - INFO - [Train] [24/90] | Loss: 0.3861 | Train Acc: 87.20%
2026-02-26 14:52:25,542 - INFO - [Valid] [24/90] | Loss: 0.4631 | Val Acc: 81.42%
2026-02-26 14:52:25,547 - INFO - [Metrics for 'abnormal'] | Precision: 0.7866 | Recall: 0.8217 | F1: 0.8037
2026-02-26 14:52:25,547 - INFO - [Metrics for 'normal'] | Precision: 0.8400 | Recall: 0.8077 | F1: 0.8235
2026-02-26 14:52:25,547 - INFO - --------------------------------------------------
2026-02-26 14:52:25,547 - INFO - [LR]    [25/90] | Learning Rate: 0.000851
2026-02-26 14:52:31,834 - INFO - [Train] [25/90] | Loss: 0.3857 | Train Acc: 87.87%
2026-02-26 14:52:33,801 - INFO - [Valid] [25/90] | Loss: 0.4671 | Val Acc: 79.06%
2026-02-26 14:52:33,812 - INFO - [Metrics for 'abnormal'] | Precision: 0.7792 | Recall: 0.7643 | F1: 0.7717
2026-02-26 14:52:33,812 - INFO - [Metrics for 'normal'] | Precision: 0.8000 | Recall: 0.8132 | F1: 0.8065
2026-02-26 14:52:33,813 - INFO - --------------------------------------------------
2026-02-26 14:52:33,813 - INFO - [LR]    [26/90] | Learning Rate: 0.000839
2026-02-26 14:52:38,915 - INFO - [Train] [26/90] | Loss: 0.4104 | Train Acc: 85.94%
2026-02-26 14:52:40,748 - INFO - [Valid] [26/90] | Loss: 0.4518 | Val Acc: 82.89%
2026-02-26 14:52:40,759 - INFO - [Metrics for 'abnormal'] | Precision: 0.8075 | Recall: 0.8280 | F1: 0.8176
2026-02-26 14:52:40,760 - INFO - [Metrics for 'normal'] | Precision: 0.8483 | Recall: 0.8297 | F1: 0.8389
2026-02-26 14:52:40,796 - INFO - [Best Model Saved] (val loss: 0.4518) -> 'log/Sewer_TAPNEW/main_20260226_144936_grid7_patch7_layer6_head4/best_model.pth'
2026-02-26 14:52:40,797 - INFO - --------------------------------------------------
2026-02-26 14:52:40,797 - INFO - [LR]    [27/90] | Learning Rate: 0.000827
2026-02-26 14:52:46,170 - INFO - [Train] [27/90] | Loss: 0.3995 | Train Acc: 86.16%
2026-02-26 14:52:47,961 - INFO - [Valid] [27/90] | Loss: 0.4651 | Val Acc: 84.37%
2026-02-26 14:52:47,974 - INFO - [Metrics for 'abnormal'] | Precision: 0.8377 | Recall: 0.8217 | F1: 0.8296
2026-02-26 14:52:47,974 - INFO - [Metrics for 'normal'] | Precision: 0.8486 | Recall: 0.8626 | F1: 0.8556
2026-02-26 14:52:47,974 - INFO - --------------------------------------------------
2026-02-26 14:52:47,974 - INFO - [LR]    [28/90] | Learning Rate: 0.000815
2026-02-26 14:52:53,459 - INFO - [Train] [28/90] | Loss: 0.4115 | Train Acc: 87.20%
2026-02-26 14:52:55,514 - INFO - [Valid] [28/90] | Loss: 0.4371 | Val Acc: 82.01%
2026-02-26 14:52:55,534 - INFO - [Metrics for 'abnormal'] | Precision: 0.8000 | Recall: 0.8153 | F1: 0.8076
2026-02-26 14:52:55,534 - INFO - [Metrics for 'normal'] | Precision: 0.8380 | Recall: 0.8242 | F1: 0.8310
2026-02-26 14:52:55,561 - INFO - [Best Model Saved] (val loss: 0.4371) -> 'log/Sewer_TAPNEW/main_20260226_144936_grid7_patch7_layer6_head4/best_model.pth'
2026-02-26 14:52:55,565 - INFO - --------------------------------------------------
2026-02-26 14:52:55,569 - INFO - [LR]    [29/90] | Learning Rate: 0.000802
2026-02-26 14:53:00,662 - INFO - [Train] [29/90] | Loss: 0.3773 | Train Acc: 88.62%
2026-02-26 14:53:02,717 - INFO - [Valid] [29/90] | Loss: 0.4441 | Val Acc: 82.89%
2026-02-26 14:53:02,734 - INFO - [Metrics for 'abnormal'] | Precision: 0.8322 | Recall: 0.7898 | F1: 0.8105
2026-02-26 14:53:02,734 - INFO - [Metrics for 'normal'] | Precision: 0.8263 | Recall: 0.8626 | F1: 0.8441
2026-02-26 14:53:02,735 - INFO - --------------------------------------------------
2026-02-26 14:53:02,735 - INFO - [LR]    [30/90] | Learning Rate: 0.000788
2026-02-26 14:53:08,237 - INFO - [Train] [30/90] | Loss: 0.3721 | Train Acc: 88.39%
2026-02-26 14:53:09,824 - INFO - [Valid] [30/90] | Loss: 0.4598 | Val Acc: 82.89%
2026-02-26 14:53:09,842 - INFO - [Metrics for 'abnormal'] | Precision: 0.8075 | Recall: 0.8280 | F1: 0.8176
2026-02-26 14:53:09,843 - INFO - [Metrics for 'normal'] | Precision: 0.8483 | Recall: 0.8297 | F1: 0.8389
2026-02-26 14:53:09,843 - INFO - --------------------------------------------------
2026-02-26 14:53:09,844 - INFO - [LR]    [31/90] | Learning Rate: 0.000775
2026-02-26 14:53:15,285 - INFO - [Train] [31/90] | Loss: 0.3748 | Train Acc: 88.24%
2026-02-26 14:53:17,233 - INFO - [Valid] [31/90] | Loss: 0.4710 | Val Acc: 82.89%
2026-02-26 14:53:17,248 - INFO - [Metrics for 'abnormal'] | Precision: 0.8367 | Recall: 0.7834 | F1: 0.8092
2026-02-26 14:53:17,251 - INFO - [Metrics for 'normal'] | Precision: 0.8229 | Recall: 0.8681 | F1: 0.8449
2026-02-26 14:53:17,251 - INFO - --------------------------------------------------
2026-02-26 14:53:17,251 - INFO - [LR]    [32/90] | Learning Rate: 0.000761
2026-02-26 14:53:22,330 - INFO - [Train] [32/90] | Loss: 0.3750 | Train Acc: 88.54%
2026-02-26 14:53:23,829 - INFO - [Valid] [32/90] | Loss: 0.4798 | Val Acc: 81.71%
2026-02-26 14:53:23,849 - INFO - [Metrics for 'abnormal'] | Precision: 0.8231 | Recall: 0.7707 | F1: 0.7961
2026-02-26 14:53:23,852 - INFO - [Metrics for 'normal'] | Precision: 0.8125 | Recall: 0.8571 | F1: 0.8342
2026-02-26 14:53:23,852 - INFO - --------------------------------------------------
2026-02-26 14:53:23,852 - INFO - [LR]    [33/90] | Learning Rate: 0.000747
2026-02-26 14:53:29,974 - INFO - [Train] [33/90] | Loss: 0.3932 | Train Acc: 87.05%
2026-02-26 14:53:31,658 - INFO - [Valid] [33/90] | Loss: 0.4558 | Val Acc: 82.60%
2026-02-26 14:53:31,683 - INFO - [Metrics for 'abnormal'] | Precision: 0.7917 | Recall: 0.8471 | F1: 0.8185
2026-02-26 14:53:31,684 - INFO - [Metrics for 'normal'] | Precision: 0.8596 | Recall: 0.8077 | F1: 0.8329
2026-02-26 14:53:31,687 - INFO - --------------------------------------------------
2026-02-26 14:53:31,691 - INFO - [LR]    [34/90] | Learning Rate: 0.000733
2026-02-26 14:53:37,631 - INFO - [Train] [34/90] | Loss: 0.3803 | Train Acc: 88.10%
2026-02-26 14:53:39,628 - INFO - [Valid] [34/90] | Loss: 0.4665 | Val Acc: 84.07%
2026-02-26 14:53:39,640 - INFO - [Metrics for 'abnormal'] | Precision: 0.7977 | Recall: 0.8790 | F1: 0.8364
2026-02-26 14:53:39,640 - INFO - [Metrics for 'normal'] | Precision: 0.8855 | Recall: 0.8077 | F1: 0.8448
2026-02-26 14:53:39,640 - INFO - --------------------------------------------------
2026-02-26 14:53:39,640 - INFO - [LR]    [35/90] | Learning Rate: 0.000719
2026-02-26 14:53:45,067 - INFO - [Train] [35/90] | Loss: 0.3717 | Train Acc: 88.76%
2026-02-26 14:53:46,874 - INFO - [Valid] [35/90] | Loss: 0.4426 | Val Acc: 84.07%
2026-02-26 14:53:46,882 - INFO - [Metrics for 'abnormal'] | Precision: 0.7977 | Recall: 0.8790 | F1: 0.8364
2026-02-26 14:53:46,884 - INFO - [Metrics for 'normal'] | Precision: 0.8855 | Recall: 0.8077 | F1: 0.8448
2026-02-26 14:53:46,884 - INFO - --------------------------------------------------
2026-02-26 14:53:46,884 - INFO - [LR]    [36/90] | Learning Rate: 0.000704
2026-02-26 14:53:52,554 - INFO - [Train] [36/90] | Loss: 0.3655 | Train Acc: 89.14%
2026-02-26 14:53:54,093 - INFO - [Valid] [36/90] | Loss: 0.4317 | Val Acc: 85.55%
2026-02-26 14:53:54,109 - INFO - [Metrics for 'abnormal'] | Precision: 0.8333 | Recall: 0.8599 | F1: 0.8464
2026-02-26 14:53:54,109 - INFO - [Metrics for 'normal'] | Precision: 0.8757 | Recall: 0.8516 | F1: 0.8635
2026-02-26 14:53:54,136 - INFO - [Best Model Saved] (val loss: 0.4317) -> 'log/Sewer_TAPNEW/main_20260226_144936_grid7_patch7_layer6_head4/best_model.pth'
2026-02-26 14:53:54,136 - INFO - --------------------------------------------------
2026-02-26 14:53:54,136 - INFO - [LR]    [37/90] | Learning Rate: 0.000689
2026-02-26 14:53:59,932 - INFO - [Train] [37/90] | Loss: 0.3621 | Train Acc: 89.51%
2026-02-26 14:54:01,183 - INFO - [Valid] [37/90] | Loss: 0.4399 | Val Acc: 82.30%
2026-02-26 14:54:01,194 - INFO - [Metrics for 'abnormal'] | Precision: 0.8129 | Recall: 0.8025 | F1: 0.8077
2026-02-26 14:54:01,194 - INFO - [Metrics for 'normal'] | Precision: 0.8315 | Recall: 0.8407 | F1: 0.8361
2026-02-26 14:54:01,198 - INFO - --------------------------------------------------
2026-02-26 14:54:01,198 - INFO - [LR]    [38/90] | Learning Rate: 0.000674
2026-02-26 14:54:07,078 - INFO - [Train] [38/90] | Loss: 0.3495 | Train Acc: 89.81%
2026-02-26 14:54:08,872 - INFO - [Valid] [38/90] | Loss: 0.4445 | Val Acc: 82.60%
2026-02-26 14:54:08,884 - INFO - [Metrics for 'abnormal'] | Precision: 0.7816 | Recall: 0.8662 | F1: 0.8218
2026-02-26 14:54:08,887 - INFO - [Metrics for 'normal'] | Precision: 0.8727 | Recall: 0.7912 | F1: 0.8300
2026-02-26 14:54:08,887 - INFO - --------------------------------------------------
2026-02-26 14:54:08,887 - INFO - [LR]    [39/90] | Learning Rate: 0.000659
2026-02-26 14:54:14,866 - INFO - [Train] [39/90] | Loss: 0.3643 | Train Acc: 89.36%
2026-02-26 14:54:16,611 - INFO - [Valid] [39/90] | Loss: 0.4276 | Val Acc: 84.96%
2026-02-26 14:54:16,619 - INFO - [Metrics for 'abnormal'] | Precision: 0.8081 | Recall: 0.8854 | F1: 0.8450
2026-02-26 14:54:16,619 - INFO - [Metrics for 'normal'] | Precision: 0.8922 | Recall: 0.8187 | F1: 0.8539
2026-02-26 14:54:16,638 - INFO - [Best Model Saved] (val loss: 0.4276) -> 'log/Sewer_TAPNEW/main_20260226_144936_grid7_patch7_layer6_head4/best_model.pth'
2026-02-26 14:54:16,641 - INFO - --------------------------------------------------
2026-02-26 14:54:16,641 - INFO - [LR]    [40/90] | Learning Rate: 0.000644
2026-02-26 14:54:22,581 - INFO - [Train] [40/90] | Loss: 0.3563 | Train Acc: 90.18%
2026-02-26 14:54:24,519 - INFO - [Valid] [40/90] | Loss: 0.4545 | Val Acc: 83.19%
2026-02-26 14:54:24,539 - INFO - [Metrics for 'abnormal'] | Precision: 0.7809 | Recall: 0.8854 | F1: 0.8299
2026-02-26 14:54:24,539 - INFO - [Metrics for 'normal'] | Precision: 0.8882 | Recall: 0.7857 | F1: 0.8338
2026-02-26 14:54:24,539 - INFO - --------------------------------------------------
2026-02-26 14:54:24,539 - INFO - [LR]    [41/90] | Learning Rate: 0.000628
2026-02-26 14:54:30,260 - INFO - [Train] [41/90] | Loss: 0.3499 | Train Acc: 90.77%
2026-02-26 14:54:32,030 - INFO - [Valid] [41/90] | Loss: 0.4840 | Val Acc: 82.60%
2026-02-26 14:54:32,045 - INFO - [Metrics for 'abnormal'] | Precision: 0.7500 | Recall: 0.9363 | F1: 0.8329
2026-02-26 14:54:32,052 - INFO - [Metrics for 'normal'] | Precision: 0.9301 | Recall: 0.7308 | F1: 0.8185
2026-02-26 14:54:32,052 - INFO - --------------------------------------------------
2026-02-26 14:54:32,052 - INFO - [LR]    [42/90] | Learning Rate: 0.000613
2026-02-26 14:54:37,584 - INFO - [Train] [42/90] | Loss: 0.3611 | Train Acc: 88.84%
2026-02-26 14:54:39,436 - INFO - [Valid] [42/90] | Loss: 0.4606 | Val Acc: 84.66%
2026-02-26 14:54:39,440 - INFO - [Metrics for 'abnormal'] | Precision: 0.7869 | Recall: 0.9172 | F1: 0.8471
2026-02-26 14:54:39,440 - INFO - [Metrics for 'normal'] | Precision: 0.9167 | Recall: 0.7857 | F1: 0.8462
2026-02-26 14:54:39,440 - INFO - --------------------------------------------------
2026-02-26 14:54:39,440 - INFO - [LR]    [43/90] | Learning Rate: 0.000597
2026-02-26 14:54:45,223 - INFO - [Train] [43/90] | Loss: 0.3586 | Train Acc: 90.18%
2026-02-26 14:54:47,190 - INFO - [Valid] [43/90] | Loss: 0.4456 | Val Acc: 84.37%
2026-02-26 14:54:47,210 - INFO - [Metrics for 'abnormal'] | Precision: 0.7955 | Recall: 0.8917 | F1: 0.8408
2026-02-26 14:54:47,210 - INFO - [Metrics for 'normal'] | Precision: 0.8957 | Recall: 0.8022 | F1: 0.8464
2026-02-26 14:54:47,211 - INFO - --------------------------------------------------
2026-02-26 14:54:47,211 - INFO - [LR]    [44/90] | Learning Rate: 0.000581
2026-02-26 14:54:53,082 - INFO - [Train] [44/90] | Loss: 0.3434 | Train Acc: 90.70%
2026-02-26 14:54:54,472 - INFO - [Valid] [44/90] | Loss: 0.4386 | Val Acc: 84.66%
2026-02-26 14:54:54,478 - INFO - [Metrics for 'abnormal'] | Precision: 0.7869 | Recall: 0.9172 | F1: 0.8471
2026-02-26 14:54:54,478 - INFO - [Metrics for 'normal'] | Precision: 0.9167 | Recall: 0.7857 | F1: 0.8462
2026-02-26 14:54:54,479 - INFO - --------------------------------------------------
2026-02-26 14:54:54,479 - INFO - [LR]    [45/90] | Learning Rate: 0.000566
2026-02-26 14:54:59,911 - INFO - [Train] [45/90] | Loss: 0.3340 | Train Acc: 91.15%
2026-02-26 14:55:01,584 - INFO - [Valid] [45/90] | Loss: 0.4489 | Val Acc: 82.60%
2026-02-26 14:55:01,591 - INFO - [Metrics for 'abnormal'] | Precision: 0.8712 | Recall: 0.7325 | F1: 0.7958
2026-02-26 14:55:01,595 - INFO - [Metrics for 'normal'] | Precision: 0.7971 | Recall: 0.9066 | F1: 0.8483
2026-02-26 14:55:01,595 - INFO - --------------------------------------------------
2026-02-26 14:55:01,595 - INFO - [LR]    [46/90] | Learning Rate: 0.000550
2026-02-26 14:55:07,360 - INFO - [Train] [46/90] | Loss: 0.3414 | Train Acc: 90.70%
2026-02-26 14:55:08,950 - INFO - [Valid] [46/90] | Loss: 0.4758 | Val Acc: 83.78%
2026-02-26 14:55:08,958 - INFO - [Metrics for 'abnormal'] | Precision: 0.7629 | Recall: 0.9427 | F1: 0.8433
2026-02-26 14:55:08,958 - INFO - [Metrics for 'normal'] | Precision: 0.9379 | Recall: 0.7473 | F1: 0.8318
2026-02-26 14:55:08,958 - INFO - --------------------------------------------------
2026-02-26 14:55:08,958 - INFO - [LR]    [47/90] | Learning Rate: 0.000534
2026-02-26 14:55:14,847 - INFO - [Train] [47/90] | Loss: 0.3279 | Train Acc: 91.89%
2026-02-26 14:55:16,670 - INFO - [Valid] [47/90] | Loss: 0.4500 | Val Acc: 83.19%
2026-02-26 14:55:16,688 - INFO - [Metrics for 'abnormal'] | Precision: 0.8205 | Recall: 0.8153 | F1: 0.8179
2026-02-26 14:55:16,692 - INFO - [Metrics for 'normal'] | Precision: 0.8415 | Recall: 0.8462 | F1: 0.8438
2026-02-26 14:55:16,692 - INFO - --------------------------------------------------
2026-02-26 14:55:16,693 - INFO - [LR]    [48/90] | Learning Rate: 0.000519
2026-02-26 14:55:21,750 - INFO - [Train] [48/90] | Loss: 0.3330 | Train Acc: 91.67%
2026-02-26 14:55:23,574 - INFO - [Valid] [48/90] | Loss: 0.4329 | Val Acc: 84.66%
2026-02-26 14:55:23,579 - INFO - [Metrics for 'abnormal'] | Precision: 0.8523 | Recall: 0.8089 | F1: 0.8301
2026-02-26 14:55:23,579 - INFO - [Metrics for 'normal'] | Precision: 0.8421 | Recall: 0.8791 | F1: 0.8602
2026-02-26 14:55:23,579 - INFO - --------------------------------------------------
2026-02-26 14:55:23,579 - INFO - [LR]    [49/90] | Learning Rate: 0.000503
2026-02-26 14:55:29,177 - INFO - [Train] [49/90] | Loss: 0.3324 | Train Acc: 91.00%
2026-02-26 14:55:31,292 - INFO - [Valid] [49/90] | Loss: 0.4361 | Val Acc: 84.66%
2026-02-26 14:55:31,296 - INFO - [Metrics for 'abnormal'] | Precision: 0.7807 | Recall: 0.9299 | F1: 0.8488
2026-02-26 14:55:31,297 - INFO - [Metrics for 'normal'] | Precision: 0.9276 | Recall: 0.7747 | F1: 0.8443
2026-02-26 14:55:31,298 - INFO - --------------------------------------------------
2026-02-26 14:55:31,298 - INFO - [LR]    [50/90] | Learning Rate: 0.000487
2026-02-26 14:55:37,147 - INFO - [Train] [50/90] | Loss: 0.3362 | Train Acc: 90.77%
2026-02-26 14:55:39,178 - INFO - [Valid] [50/90] | Loss: 0.4220 | Val Acc: 84.66%
2026-02-26 14:55:39,186 - INFO - [Metrics for 'abnormal'] | Precision: 0.8387 | Recall: 0.8280 | F1: 0.8333
2026-02-26 14:55:39,187 - INFO - [Metrics for 'normal'] | Precision: 0.8533 | Recall: 0.8626 | F1: 0.8579
2026-02-26 14:55:39,221 - INFO - [Best Model Saved] (val loss: 0.4220) -> 'log/Sewer_TAPNEW/main_20260226_144936_grid7_patch7_layer6_head4/best_model.pth'
2026-02-26 14:55:39,221 - INFO - --------------------------------------------------
2026-02-26 14:55:39,221 - INFO - [LR]    [51/90] | Learning Rate: 0.000472
2026-02-26 14:55:44,339 - INFO - [Train] [51/90] | Loss: 0.3261 | Train Acc: 91.89%
2026-02-26 14:55:46,442 - INFO - [Valid] [51/90] | Loss: 0.4637 | Val Acc: 83.19%
2026-02-26 14:55:46,451 - INFO - [Metrics for 'abnormal'] | Precision: 0.8521 | Recall: 0.7707 | F1: 0.8094
2026-02-26 14:55:46,456 - INFO - [Metrics for 'normal'] | Precision: 0.8173 | Recall: 0.8846 | F1: 0.8496
2026-02-26 14:55:46,456 - INFO - --------------------------------------------------
2026-02-26 14:55:46,456 - INFO - [LR]    [52/90] | Learning Rate: 0.000456
2026-02-26 14:55:51,908 - INFO - [Train] [52/90] | Loss: 0.3182 | Train Acc: 92.11%
2026-02-26 14:55:53,912 - INFO - [Valid] [52/90] | Loss: 0.4274 | Val Acc: 85.55%
2026-02-26 14:55:53,944 - INFO - [Metrics for 'abnormal'] | Precision: 0.8000 | Recall: 0.9172 | F1: 0.8546
2026-02-26 14:55:53,944 - INFO - [Metrics for 'normal'] | Precision: 0.9182 | Recall: 0.8022 | F1: 0.8563
2026-02-26 14:55:53,944 - INFO - --------------------------------------------------
2026-02-26 14:55:53,945 - INFO - [LR]    [53/90] | Learning Rate: 0.000441
2026-02-26 14:55:58,517 - INFO - [Train] [53/90] | Loss: 0.3185 | Train Acc: 93.08%
2026-02-26 14:56:00,283 - INFO - [Valid] [53/90] | Loss: 0.4379 | Val Acc: 84.37%
2026-02-26 14:56:00,301 - INFO - [Metrics for 'abnormal'] | Precision: 0.8562 | Recall: 0.7962 | F1: 0.8251
2026-02-26 14:56:00,302 - INFO - [Metrics for 'normal'] | Precision: 0.8342 | Recall: 0.8846 | F1: 0.8587
2026-02-26 14:56:00,302 - INFO - --------------------------------------------------
2026-02-26 14:56:00,302 - INFO - [LR]    [54/90] | Learning Rate: 0.000426
2026-02-26 14:56:06,188 - INFO - [Train] [54/90] | Loss: 0.3046 | Train Acc: 92.93%
2026-02-26 14:56:08,133 - INFO - [Valid] [54/90] | Loss: 0.4636 | Val Acc: 83.78%
2026-02-26 14:56:08,137 - INFO - [Metrics for 'abnormal'] | Precision: 0.7833 | Recall: 0.8981 | F1: 0.8368
2026-02-26 14:56:08,138 - INFO - [Metrics for 'normal'] | Precision: 0.8994 | Recall: 0.7857 | F1: 0.8387
2026-02-26 14:56:08,138 - INFO - --------------------------------------------------
2026-02-26 14:56:08,138 - INFO - [LR]    [55/90] | Learning Rate: 0.000411
2026-02-26 14:56:13,743 - INFO - [Train] [55/90] | Loss: 0.3127 | Train Acc: 92.26%
2026-02-26 14:56:15,823 - INFO - [Valid] [55/90] | Loss: 0.4349 | Val Acc: 84.37%
2026-02-26 14:56:15,840 - INFO - [Metrics for 'abnormal'] | Precision: 0.7921 | Recall: 0.8981 | F1: 0.8418
2026-02-26 14:56:15,842 - INFO - [Metrics for 'normal'] | Precision: 0.9006 | Recall: 0.7967 | F1: 0.8455
2026-02-26 14:56:15,843 - INFO - --------------------------------------------------
2026-02-26 14:56:15,844 - INFO - [LR]    [56/90] | Learning Rate: 0.000396
2026-02-26 14:56:21,294 - INFO - [Train] [56/90] | Loss: 0.3228 | Train Acc: 91.89%
2026-02-26 14:56:23,283 - INFO - [Valid] [56/90] | Loss: 0.5088 | Val Acc: 82.01%
2026-02-26 14:56:23,301 - INFO - [Metrics for 'abnormal'] | Precision: 0.7376 | Recall: 0.9490 | F1: 0.8301
2026-02-26 14:56:23,306 - INFO - [Metrics for 'normal'] | Precision: 0.9416 | Recall: 0.7088 | F1: 0.8088
2026-02-26 14:56:23,306 - INFO - --------------------------------------------------
2026-02-26 14:56:23,306 - INFO - [LR]    [57/90] | Learning Rate: 0.000381
2026-02-26 14:56:28,732 - INFO - [Train] [57/90] | Loss: 0.3015 | Train Acc: 93.90%
2026-02-26 14:56:30,468 - INFO - [Valid] [57/90] | Loss: 0.4311 | Val Acc: 86.14%
2026-02-26 14:56:30,485 - INFO - [Metrics for 'abnormal'] | Precision: 0.8526 | Recall: 0.8471 | F1: 0.8498
2026-02-26 14:56:30,488 - INFO - [Metrics for 'normal'] | Precision: 0.8689 | Recall: 0.8736 | F1: 0.8712
2026-02-26 14:56:30,488 - INFO - --------------------------------------------------
2026-02-26 14:56:30,488 - INFO - [LR]    [58/90] | Learning Rate: 0.000367
2026-02-26 14:56:36,296 - INFO - [Train] [58/90] | Loss: 0.3084 | Train Acc: 92.63%
2026-02-26 14:56:38,515 - INFO - [Valid] [58/90] | Loss: 0.4426 | Val Acc: 84.07%
2026-02-26 14:56:38,537 - INFO - [Metrics for 'abnormal'] | Precision: 0.8872 | Recall: 0.7516 | F1: 0.8138
2026-02-26 14:56:38,538 - INFO - [Metrics for 'normal'] | Precision: 0.8107 | Recall: 0.9176 | F1: 0.8608
2026-02-26 14:56:38,538 - INFO - --------------------------------------------------
2026-02-26 14:56:38,538 - INFO - [LR]    [59/90] | Learning Rate: 0.000353
2026-02-26 14:56:44,207 - INFO - [Train] [59/90] | Loss: 0.2960 | Train Acc: 93.53%
2026-02-26 14:56:46,014 - INFO - [Valid] [59/90] | Loss: 0.4310 | Val Acc: 86.73%
2026-02-26 14:56:46,024 - INFO - [Metrics for 'abnormal'] | Precision: 0.9000 | Recall: 0.8025 | F1: 0.8485
2026-02-26 14:56:46,025 - INFO - [Metrics for 'normal'] | Precision: 0.8442 | Recall: 0.9231 | F1: 0.8819
2026-02-26 14:56:46,025 - INFO - --------------------------------------------------
2026-02-26 14:56:46,025 - INFO - [LR]    [60/90] | Learning Rate: 0.000339
2026-02-26 14:56:51,519 - INFO - [Train] [60/90] | Loss: 0.2914 | Train Acc: 93.90%
2026-02-26 14:56:53,387 - INFO - [Valid] [60/90] | Loss: 0.4369 | Val Acc: 86.14%
2026-02-26 14:56:53,405 - INFO - [Metrics for 'abnormal'] | Precision: 0.8526 | Recall: 0.8471 | F1: 0.8498
2026-02-26 14:56:53,412 - INFO - [Metrics for 'normal'] | Precision: 0.8689 | Recall: 0.8736 | F1: 0.8712
2026-02-26 14:56:53,412 - INFO - --------------------------------------------------
2026-02-26 14:56:53,412 - INFO - [LR]    [61/90] | Learning Rate: 0.000325
2026-02-26 14:56:58,579 - INFO - [Train] [61/90] | Loss: 0.3095 | Train Acc: 93.08%
2026-02-26 14:57:00,481 - INFO - [Valid] [61/90] | Loss: 0.4269 | Val Acc: 85.55%
2026-02-26 14:57:00,494 - INFO - [Metrics for 'abnormal'] | Precision: 0.8293 | Recall: 0.8662 | F1: 0.8474
2026-02-26 14:57:00,501 - INFO - [Metrics for 'normal'] | Precision: 0.8800 | Recall: 0.8462 | F1: 0.8627
2026-02-26 14:57:00,501 - INFO - --------------------------------------------------
2026-02-26 14:57:00,501 - INFO - [LR]    [62/90] | Learning Rate: 0.000312
2026-02-26 14:57:06,156 - INFO - [Train] [62/90] | Loss: 0.3010 | Train Acc: 93.68%
2026-02-26 14:57:08,146 - INFO - [Valid] [62/90] | Loss: 0.4304 | Val Acc: 84.96%
2026-02-26 14:57:08,150 - INFO - [Metrics for 'abnormal'] | Precision: 0.8081 | Recall: 0.8854 | F1: 0.8450
2026-02-26 14:57:08,150 - INFO - [Metrics for 'normal'] | Precision: 0.8922 | Recall: 0.8187 | F1: 0.8539
2026-02-26 14:57:08,151 - INFO - --------------------------------------------------
2026-02-26 14:57:08,151 - INFO - [LR]    [63/90] | Learning Rate: 0.000298
2026-02-26 14:57:12,944 - INFO - [Train] [63/90] | Loss: 0.2930 | Train Acc: 93.82%
2026-02-26 14:57:14,830 - INFO - [Valid] [63/90] | Loss: 0.4217 | Val Acc: 87.02%
2026-02-26 14:57:14,836 - INFO - [Metrics for 'abnormal'] | Precision: 0.8304 | Recall: 0.9045 | F1: 0.8659
2026-02-26 14:57:14,836 - INFO - [Metrics for 'normal'] | Precision: 0.9107 | Recall: 0.8407 | F1: 0.8743
2026-02-26 14:57:14,848 - INFO - [Best Model Saved] (val loss: 0.4217) -> 'log/Sewer_TAPNEW/main_20260226_144936_grid7_patch7_layer6_head4/best_model.pth'
2026-02-26 14:57:14,848 - INFO - --------------------------------------------------
2026-02-26 14:57:14,848 - INFO - [LR]    [64/90] | Learning Rate: 0.000285
2026-02-26 14:57:20,372 - INFO - [Train] [64/90] | Loss: 0.2913 | Train Acc: 94.27%
2026-02-26 14:57:22,146 - INFO - [Valid] [64/90] | Loss: 0.4448 | Val Acc: 84.66%
2026-02-26 14:57:22,149 - INFO - [Metrics for 'abnormal'] | Precision: 0.8144 | Recall: 0.8662 | F1: 0.8395
2026-02-26 14:57:22,149 - INFO - [Metrics for 'normal'] | Precision: 0.8779 | Recall: 0.8297 | F1: 0.8531
2026-02-26 14:57:22,150 - INFO - --------------------------------------------------
2026-02-26 14:57:22,150 - INFO - [LR]    [65/90] | Learning Rate: 0.000273
2026-02-26 14:57:27,623 - INFO - [Train] [65/90] | Loss: 0.2891 | Train Acc: 94.87%
2026-02-26 14:57:29,332 - INFO - [Valid] [65/90] | Loss: 0.4844 | Val Acc: 85.55%
2026-02-26 14:57:29,343 - INFO - [Metrics for 'abnormal'] | Precision: 0.7842 | Recall: 0.9490 | F1: 0.8588
2026-02-26 14:57:29,343 - INFO - [Metrics for 'normal'] | Precision: 0.9463 | Recall: 0.7747 | F1: 0.8520
2026-02-26 14:57:29,347 - INFO - --------------------------------------------------
2026-02-26 14:57:29,347 - INFO - [LR]    [66/90] | Learning Rate: 0.000261
2026-02-26 14:57:35,090 - INFO - [Train] [66/90] | Loss: 0.2866 | Train Acc: 94.79%
2026-02-26 14:57:36,842 - INFO - [Valid] [66/90] | Loss: 0.4614 | Val Acc: 83.78%
2026-02-26 14:57:36,853 - INFO - [Metrics for 'abnormal'] | Precision: 0.8984 | Recall: 0.7325 | F1: 0.8070
2026-02-26 14:57:36,853 - INFO - [Metrics for 'normal'] | Precision: 0.8009 | Recall: 0.9286 | F1: 0.8601
2026-02-26 14:57:36,853 - INFO - --------------------------------------------------
2026-02-26 14:57:36,853 - INFO - [LR]    [67/90] | Learning Rate: 0.000249
2026-02-26 14:57:42,599 - INFO - [Train] [67/90] | Loss: 0.2857 | Train Acc: 95.16%
2026-02-26 14:57:44,704 - INFO - [Valid] [67/90] | Loss: 0.4137 | Val Acc: 86.73%
2026-02-26 14:57:44,719 - INFO - [Metrics for 'abnormal'] | Precision: 0.8544 | Recall: 0.8599 | F1: 0.8571
2026-02-26 14:57:44,720 - INFO - [Metrics for 'normal'] | Precision: 0.8785 | Recall: 0.8736 | F1: 0.8760
2026-02-26 14:57:44,733 - INFO - [Best Model Saved] (val loss: 0.4137) -> 'log/Sewer_TAPNEW/main_20260226_144936_grid7_patch7_layer6_head4/best_model.pth'
2026-02-26 14:57:44,734 - INFO - --------------------------------------------------
2026-02-26 14:57:44,738 - INFO - [LR]    [68/90] | Learning Rate: 0.000237
2026-02-26 14:57:50,012 - INFO - [Train] [68/90] | Loss: 0.2848 | Train Acc: 94.57%
2026-02-26 14:57:51,756 - INFO - [Valid] [68/90] | Loss: 0.4531 | Val Acc: 84.96%
2026-02-26 14:57:51,760 - INFO - [Metrics for 'abnormal'] | Precision: 0.7849 | Recall: 0.9299 | F1: 0.8513
2026-02-26 14:57:51,761 - INFO - [Metrics for 'normal'] | Precision: 0.9281 | Recall: 0.7802 | F1: 0.8478
2026-02-26 14:57:51,761 - INFO - --------------------------------------------------
2026-02-26 14:57:51,761 - INFO - [LR]    [69/90] | Learning Rate: 0.000226
2026-02-26 14:57:57,533 - INFO - [Train] [69/90] | Loss: 0.2794 | Train Acc: 95.09%
2026-02-26 14:57:59,394 - INFO - [Valid] [69/90] | Loss: 0.4616 | Val Acc: 84.37%
2026-02-26 14:57:59,398 - INFO - [Metrics for 'abnormal'] | Precision: 0.8171 | Recall: 0.8535 | F1: 0.8349
2026-02-26 14:57:59,398 - INFO - [Metrics for 'normal'] | Precision: 0.8686 | Recall: 0.8352 | F1: 0.8515
2026-02-26 14:57:59,398 - INFO - --------------------------------------------------
2026-02-26 14:57:59,399 - INFO - [LR]    [70/90] | Learning Rate: 0.000216
2026-02-26 14:58:04,499 - INFO - [Train] [70/90] | Loss: 0.2761 | Train Acc: 95.01%
2026-02-26 14:58:06,252 - INFO - [Valid] [70/90] | Loss: 0.4605 | Val Acc: 84.07%
2026-02-26 14:58:06,262 - INFO - [Metrics for 'abnormal'] | Precision: 0.7784 | Recall: 0.9172 | F1: 0.8421
2026-02-26 14:58:06,266 - INFO - [Metrics for 'normal'] | Precision: 0.9156 | Recall: 0.7747 | F1: 0.8393
2026-02-26 14:58:06,266 - INFO - --------------------------------------------------
2026-02-26 14:58:06,266 - INFO - [LR]    [71/90] | Learning Rate: 0.000205
2026-02-26 14:58:11,944 - INFO - [Train] [71/90] | Loss: 0.2766 | Train Acc: 95.54%
2026-02-26 14:58:13,765 - INFO - [Valid] [71/90] | Loss: 0.4487 | Val Acc: 85.55%
2026-02-26 14:58:13,783 - INFO - [Metrics for 'abnormal'] | Precision: 0.8214 | Recall: 0.8790 | F1: 0.8492
2026-02-26 14:58:13,787 - INFO - [Metrics for 'normal'] | Precision: 0.8889 | Recall: 0.8352 | F1: 0.8612
2026-02-26 14:58:13,787 - INFO - --------------------------------------------------
2026-02-26 14:58:13,787 - INFO - [LR]    [72/90] | Learning Rate: 0.000195
2026-02-26 14:58:19,506 - INFO - [Train] [72/90] | Loss: 0.2723 | Train Acc: 95.68%
2026-02-26 14:58:21,014 - INFO - [Valid] [72/90] | Loss: 0.4405 | Val Acc: 86.43%
2026-02-26 14:58:21,018 - INFO - [Metrics for 'abnormal'] | Precision: 0.8675 | Recall: 0.8344 | F1: 0.8506
2026-02-26 14:58:21,019 - INFO - [Metrics for 'normal'] | Precision: 0.8617 | Recall: 0.8901 | F1: 0.8757
2026-02-26 14:58:21,019 - INFO - --------------------------------------------------
2026-02-26 14:58:21,019 - INFO - [LR]    [73/90] | Learning Rate: 0.000186
2026-02-26 14:58:26,780 - INFO - [Train] [73/90] | Loss: 0.2675 | Train Acc: 95.76%
2026-02-26 14:58:28,439 - INFO - [Valid] [73/90] | Loss: 0.4609 | Val Acc: 84.07%
2026-02-26 14:58:28,450 - INFO - [Metrics for 'abnormal'] | Precision: 0.7814 | Recall: 0.9108 | F1: 0.8412
2026-02-26 14:58:28,450 - INFO - [Metrics for 'normal'] | Precision: 0.9103 | Recall: 0.7802 | F1: 0.8402
2026-02-26 14:58:28,450 - INFO - --------------------------------------------------
2026-02-26 14:58:28,450 - INFO - [LR]    [74/90] | Learning Rate: 0.000177
2026-02-26 14:58:33,959 - INFO - [Train] [74/90] | Loss: 0.2696 | Train Acc: 95.46%
2026-02-26 14:58:35,252 - INFO - [Valid] [74/90] | Loss: 0.4474 | Val Acc: 84.96%
2026-02-26 14:58:35,256 - INFO - [Metrics for 'abnormal'] | Precision: 0.8118 | Recall: 0.8790 | F1: 0.8440
2026-02-26 14:58:35,256 - INFO - [Metrics for 'normal'] | Precision: 0.8876 | Recall: 0.8242 | F1: 0.8547
2026-02-26 14:58:35,257 - INFO - --------------------------------------------------
2026-02-26 14:58:35,257 - INFO - [LR]    [75/90] | Learning Rate: 0.000168
2026-02-26 14:58:41,094 - INFO - [Train] [75/90] | Loss: 0.2766 | Train Acc: 95.01%
2026-02-26 14:58:42,950 - INFO - [Valid] [75/90] | Loss: 0.4168 | Val Acc: 85.55%
2026-02-26 14:58:42,968 - INFO - [Metrics for 'abnormal'] | Precision: 0.8214 | Recall: 0.8790 | F1: 0.8492
2026-02-26 14:58:42,970 - INFO - [Metrics for 'normal'] | Precision: 0.8889 | Recall: 0.8352 | F1: 0.8612
2026-02-26 14:58:42,970 - INFO - --------------------------------------------------
2026-02-26 14:58:42,970 - INFO - [LR]    [76/90] | Learning Rate: 0.000160
2026-02-26 14:58:48,556 - INFO - [Train] [76/90] | Loss: 0.2619 | Train Acc: 96.21%
2026-02-26 14:58:50,138 - INFO - [Valid] [76/90] | Loss: 0.4667 | Val Acc: 86.43%
2026-02-26 14:58:50,149 - INFO - [Metrics for 'abnormal'] | Precision: 0.8101 | Recall: 0.9236 | F1: 0.8631
2026-02-26 14:58:50,149 - INFO - [Metrics for 'normal'] | Precision: 0.9250 | Recall: 0.8132 | F1: 0.8655
2026-02-26 14:58:50,149 - INFO - --------------------------------------------------
2026-02-26 14:58:50,149 - INFO - [LR]    [77/90] | Learning Rate: 0.000153
2026-02-26 14:58:55,912 - INFO - [Train] [77/90] | Loss: 0.2629 | Train Acc: 96.58%
2026-02-26 14:58:57,638 - INFO - [Valid] [77/90] | Loss: 0.4339 | Val Acc: 85.84%
2026-02-26 14:58:57,642 - INFO - [Metrics for 'abnormal'] | Precision: 0.8428 | Recall: 0.8535 | F1: 0.8481
2026-02-26 14:58:57,642 - INFO - [Metrics for 'normal'] | Precision: 0.8722 | Recall: 0.8626 | F1: 0.8674
2026-02-26 14:58:57,642 - INFO - --------------------------------------------------
2026-02-26 14:58:57,642 - INFO - [LR]    [78/90] | Learning Rate: 0.000146
2026-02-26 14:59:03,400 - INFO - [Train] [78/90] | Loss: 0.2599 | Train Acc: 96.21%
2026-02-26 14:59:05,143 - INFO - [Valid] [78/90] | Loss: 0.4578 | Val Acc: 85.84%
2026-02-26 14:59:05,147 - INFO - [Metrics for 'abnormal'] | Precision: 0.8344 | Recall: 0.8662 | F1: 0.8500
2026-02-26 14:59:05,147 - INFO - [Metrics for 'normal'] | Precision: 0.8807 | Recall: 0.8516 | F1: 0.8659
2026-02-26 14:59:05,147 - INFO - --------------------------------------------------
2026-02-26 14:59:05,147 - INFO - [LR]    [79/90] | Learning Rate: 0.000139
2026-02-26 14:59:10,359 - INFO - [Train] [79/90] | Loss: 0.2671 | Train Acc: 95.91%
2026-02-26 14:59:11,880 - INFO - [Valid] [79/90] | Loss: 0.4395 | Val Acc: 86.14%
2026-02-26 14:59:11,890 - INFO - [Metrics for 'abnormal'] | Precision: 0.8438 | Recall: 0.8599 | F1: 0.8517
2026-02-26 14:59:11,890 - INFO - [Metrics for 'normal'] | Precision: 0.8771 | Recall: 0.8626 | F1: 0.8698
2026-02-26 14:59:11,894 - INFO - --------------------------------------------------
2026-02-26 14:59:11,894 - INFO - [LR]    [80/90] | Learning Rate: 0.000133
2026-02-26 14:59:16,581 - INFO - [Train] [80/90] | Loss: 0.2667 | Train Acc: 95.83%
2026-02-26 14:59:18,415 - INFO - [Valid] [80/90] | Loss: 0.4319 | Val Acc: 86.43%
2026-02-26 14:59:18,420 - INFO - [Metrics for 'abnormal'] | Precision: 0.8364 | Recall: 0.8790 | F1: 0.8571
2026-02-26 14:59:18,420 - INFO - [Metrics for 'normal'] | Precision: 0.8908 | Recall: 0.8516 | F1: 0.8708
2026-02-26 14:59:18,421 - INFO - --------------------------------------------------
2026-02-26 14:59:18,421 - INFO - [LR]    [81/90] | Learning Rate: 0.000127
2026-02-26 14:59:23,265 - INFO - [Train] [81/90] | Loss: 0.2553 | Train Acc: 96.43%
2026-02-26 14:59:24,840 - INFO - [Valid] [81/90] | Loss: 0.4391 | Val Acc: 86.73%
2026-02-26 14:59:24,843 - INFO - [Metrics for 'abnormal'] | Precision: 0.8415 | Recall: 0.8790 | F1: 0.8598
2026-02-26 14:59:24,844 - INFO - [Metrics for 'normal'] | Precision: 0.8914 | Recall: 0.8571 | F1: 0.8739
2026-02-26 14:59:24,844 - INFO - --------------------------------------------------
2026-02-26 14:59:24,844 - INFO - [LR]    [82/90] | Learning Rate: 0.000122
2026-02-26 14:59:30,261 - INFO - [Train] [82/90] | Loss: 0.2559 | Train Acc: 96.80%
2026-02-26 14:59:31,193 - INFO - [Valid] [82/90] | Loss: 0.4441 | Val Acc: 86.43%
2026-02-26 14:59:31,195 - INFO - [Metrics for 'abnormal'] | Precision: 0.8936 | Recall: 0.8025 | F1: 0.8456
2026-02-26 14:59:31,195 - INFO - [Metrics for 'normal'] | Precision: 0.8434 | Recall: 0.9176 | F1: 0.8789
2026-02-26 14:59:31,195 - INFO - --------------------------------------------------
2026-02-26 14:59:31,195 - INFO - [LR]    [83/90] | Learning Rate: 0.000117
2026-02-26 14:59:35,594 - INFO - [Train] [83/90] | Loss: 0.2511 | Train Acc: 97.32%
2026-02-26 14:59:37,055 - INFO - [Valid] [83/90] | Loss: 0.4576 | Val Acc: 85.55%
2026-02-26 14:59:37,058 - INFO - [Metrics for 'abnormal'] | Precision: 0.8553 | Recall: 0.8280 | F1: 0.8414
2026-02-26 14:59:37,059 - INFO - [Metrics for 'normal'] | Precision: 0.8556 | Recall: 0.8791 | F1: 0.8672
2026-02-26 14:59:37,059 - INFO - --------------------------------------------------
2026-02-26 14:59:37,059 - INFO - [LR]    [84/90] | Learning Rate: 0.000113
2026-02-26 14:59:41,012 - INFO - [Train] [84/90] | Loss: 0.2508 | Train Acc: 96.95%
2026-02-26 14:59:42,686 - INFO - [Valid] [84/90] | Loss: 0.4471 | Val Acc: 85.84%
2026-02-26 14:59:42,690 - INFO - [Metrics for 'abnormal'] | Precision: 0.8385 | Recall: 0.8599 | F1: 0.8491
2026-02-26 14:59:42,690 - INFO - [Metrics for 'normal'] | Precision: 0.8764 | Recall: 0.8571 | F1: 0.8667
2026-02-26 14:59:42,690 - INFO - --------------------------------------------------
2026-02-26 14:59:42,690 - INFO - [LR]    [85/90] | Learning Rate: 0.000110
2026-02-26 14:59:46,413 - INFO - [Train] [85/90] | Loss: 0.2471 | Train Acc: 97.10%
2026-02-26 14:59:48,102 - INFO - [Valid] [85/90] | Loss: 0.4508 | Val Acc: 86.14%
2026-02-26 14:59:48,106 - INFO - [Metrics for 'abnormal'] | Precision: 0.8395 | Recall: 0.8662 | F1: 0.8527
2026-02-26 14:59:48,107 - INFO - [Metrics for 'normal'] | Precision: 0.8814 | Recall: 0.8571 | F1: 0.8691
2026-02-26 14:59:48,107 - INFO - --------------------------------------------------
2026-02-26 14:59:48,107 - INFO - [LR]    [86/90] | Learning Rate: 0.000107
2026-02-26 14:59:51,712 - INFO - [Train] [86/90] | Loss: 0.2486 | Train Acc: 97.02%
2026-02-26 14:59:53,503 - INFO - [Valid] [86/90] | Loss: 0.4696 | Val Acc: 85.25%
2026-02-26 14:59:53,507 - INFO - [Metrics for 'abnormal'] | Precision: 0.8092 | Recall: 0.8917 | F1: 0.8485
2026-02-26 14:59:53,507 - INFO - [Metrics for 'normal'] | Precision: 0.8976 | Recall: 0.8187 | F1: 0.8563
2026-02-26 14:59:53,507 - INFO - --------------------------------------------------
2026-02-26 14:59:53,507 - INFO - [LR]    [87/90] | Learning Rate: 0.000104
2026-02-26 14:59:58,109 - INFO - [Train] [87/90] | Loss: 0.2576 | Train Acc: 96.50%
2026-02-26 14:59:59,474 - INFO - [Valid] [87/90] | Loss: 0.4584 | Val Acc: 86.73%
2026-02-26 14:59:59,478 - INFO - [Metrics for 'abnormal'] | Precision: 0.8182 | Recall: 0.9172 | F1: 0.8649
2026-02-26 14:59:59,478 - INFO - [Metrics for 'normal'] | Precision: 0.9202 | Recall: 0.8242 | F1: 0.8696
2026-02-26 14:59:59,478 - INFO - --------------------------------------------------
2026-02-26 14:59:59,478 - INFO - [LR]    [88/90] | Learning Rate: 0.000102
2026-02-26 15:00:03,140 - INFO - [Train] [88/90] | Loss: 0.2548 | Train Acc: 96.58%
2026-02-26 15:00:04,579 - INFO - [Valid] [88/90] | Loss: 0.4502 | Val Acc: 86.73%
2026-02-26 15:00:04,591 - INFO - [Metrics for 'abnormal'] | Precision: 0.8294 | Recall: 0.8981 | F1: 0.8624
2026-02-26 15:00:04,591 - INFO - [Metrics for 'normal'] | Precision: 0.9053 | Recall: 0.8407 | F1: 0.8718
2026-02-26 15:00:04,592 - INFO - --------------------------------------------------
2026-02-26 15:00:04,592 - INFO - [LR]    [89/90] | Learning Rate: 0.000101
2026-02-26 15:00:08,059 - INFO - [Train] [89/90] | Loss: 0.2615 | Train Acc: 96.50%
2026-02-26 15:00:09,305 - INFO - [Valid] [89/90] | Loss: 0.4742 | Val Acc: 85.25%
2026-02-26 15:00:09,308 - INFO - [Metrics for 'abnormal'] | Precision: 0.8365 | Recall: 0.8471 | F1: 0.8418
2026-02-26 15:00:09,309 - INFO - [Metrics for 'normal'] | Precision: 0.8667 | Recall: 0.8571 | F1: 0.8619
2026-02-26 15:00:09,309 - INFO - --------------------------------------------------
2026-02-26 15:00:09,309 - INFO - [LR]    [90/90] | Learning Rate: 0.000100
2026-02-26 15:00:12,913 - INFO - [Train] [90/90] | Loss: 0.2444 | Train Acc: 97.17%
2026-02-26 15:00:14,008 - INFO - [Valid] [90/90] | Loss: 0.4787 | Val Acc: 86.14%
2026-02-26 15:00:14,012 - INFO - [Metrics for 'abnormal'] | Precision: 0.8022 | Recall: 0.9299 | F1: 0.8614
2026-02-26 15:00:14,012 - INFO - [Metrics for 'normal'] | Precision: 0.9299 | Recall: 0.8022 | F1: 0.8614
2026-02-26 15:00:14,013 - INFO - 훈련 완료. 최고 성능 모델 'log/Sewer_TAPNEW/main_20260226_144936_grid7_patch7_layer6_head4/best_model.pth'을(를) 불러와 테스트 세트로 최종 평가합니다.
2026-02-26 15:00:14,142 - INFO - ==================================================
2026-02-26 15:00:14,146 - INFO - Test 모드를 시작합니다.
2026-02-26 15:00:14,198 - INFO - 'log/Sewer_TAPNEW/main_20260226_144936_grid7_patch7_layer6_head4/best_model.pth' 가중치 로드 완료.
2026-02-26 15:00:14,199 - INFO - FLOPs 및 MACs 측정을 시작합니다...
2026-02-26 15:00:14,253 - INFO - Model FLOPs: 0.2271 GFLOPs
2026-02-26 15:00:14,254 - INFO - Model MACs: 0.1135 GMACs
2026-02-26 15:00:16,113 - INFO - [Test] Loss: 0.3117 | Test Acc: 86.73%
2026-02-26 15:00:16,123 - INFO - [Metrics for 'abnormal'] | Precision: 0.8544 | Recall: 0.8599 | F1: 0.8571
2026-02-26 15:00:16,123 - INFO - [Metrics for 'normal'] | Precision: 0.8785 | Recall: 0.8736 | F1: 0.8760
2026-02-26 15:00:16,739 - INFO - ==================================================
2026-02-26 15:00:16,739 - INFO - 혼동 행렬 저장 완료. 'log/Sewer_TAPNEW/main_20260226_144936_grid7_patch7_layer6_head4/confusion_matrix_20260226_144936.png' and 'log/Sewer_TAPNEW/main_20260226_144936_grid7_patch7_layer6_head4/confusion_matrix_20260226_144936.pdf'
2026-02-26 15:00:16,742 - INFO - 어텐션 맵 시각화를 시작합니다 (339개 샘플, 저장 위치: 'log/Sewer_TAPNEW/main_20260226_144936_grid7_patch7_layer6_head4/attention_map_20260226_144936').
2026-02-26 15:25:53,508 - ERROR - 어텐션 맵 시각화 중 오류 발생: [Errno 2] No such file or directory: 'log/Sewer_TAPNEW/main_20260226_144936_grid7_patch7_layer6_head4/attention_map_20260226_144936/HN17-1147.mp4_231024101427/HN17-1147.mp4_231024101427_head2.png'
