2026-01-18 10:46:28,901 - INFO - 로그 파일이 'log/Sewer-TAPNEW/baseline_mobilenet_v4_s_20260118_104628/log_20260118_104628.log'에 저장됩니다.
2026-01-18 10:46:28,913 - INFO - ==================================================
2026-01-18 10:46:28,914 - INFO - config.yaml:
2026-01-18 10:46:28,914 - INFO - 
run:
  global_seed: 42
  cuda: true
  mode: train
  pth_inference_dir: /home/cau/workspace/CHOI/sewer_binary_cls_v9/log/Sewer-TAPNEW/main_20260116_162736_ps56_st56_q1
  pth_best_name: best_model.pth
  evaluate_onnx: true
  only_inference: false
  show_log: true
  dataset:
    name: Sewer-TAPNEW
    type: image_folder
    train_split_ratio: 0.8
    paths:
      train_img_dir: /home/cau/workspace/data/Sewer/Sewer-ML/train
      valid_img_dir: /home/cau/workspace/data/Sewer/Sewer-ML/valid
      test_img_dir: /home/cau/workspace/data/Sewer/Sewer-ML/valid
      train_csv: /home/cau/workspace/data/Sewer/Sewer-ML/SewerML_Train.csv
      valid_csv: /home/cau/workspace/data/Sewer/Sewer-ML/SewerML_Val.csv
      test_csv: /home/cau/workspace/data/Sewer/Sewer-ML/SewerML_Val.csv
      img_folder: /home/cau/workspace/data/Sewer/Sewer-TAPNEW
  random_sampling_ratio:
    train: 1.0
    valid: 1.0
    test: 1.0
  num_workers: 16
training_main:
  epochs: 1
  batch_size: 16
  pre_trained: false
  optimizer: adamw
  lr: 0.001
  weight_decay: 0.0001
  loss_function: CrossEntropyLoss
  label_smoothing: 0.1
  scheduler: cosineannealinglr
  scheduler_params:
    T_max: 90
    eta_min: 0.0001
  best_model_criterion: val_loss
training_baseline:
  epochs: 90
  batch_size: 16
  pre_trained: false
  optimizer: adamw
  lr: 0.001
  weight_decay: 0.0001
  loss_function: CrossEntropyLoss
  label_smoothing: 0.1
  scheduler: cosineannealinglr
  scheduler_params:
    T_max: 90
    eta_min: 0.0001
  best_model_criterion: val_loss
finetuning_pruned:
  epochs: 80
  batch_size: 16
  optimizer: adamw
  lr: 0.001
  weight_decay: 0.0001
  loss_function: CrossEntropyLoss
  label_smoothing: 0.1
  scheduler: cosineannealinglr
  scheduler_params:
    T_max: 80
    eta_min: 0.0001
  best_model_criterion: val_loss
model:
  img_size: 224
  grid_size: 7
  num_decoder_patches: 6
  num_decoder_layers: 7
  num_heads: 6
  cnn_feature_extractor:
    name: custom
  featured_patch_dim: 24
  emb_dim: 24
  adaptive_initial_query: true
  decoder_ff_ratio: 2
  dropout: 0.1
  positional_encoding: true
  res_attention: false
  save_attention: false
  num_plot_attention: 1
baseline:
  model_name: mobilenet_v4_s

2026-01-18 10:46:28,914 - INFO - ==================================================
2026-01-18 10:46:29,010 - INFO - CUDA 사용 가능. GPU 사용을 시작합니다. (Device: NVIDIA RTX PRO 6000 Blackwell Server Edition)
2026-01-18 10:46:29,011 - INFO - 'Sewer-TAPNEW' 데이터 로드를 시작합니다 (Type: image_folder).
2026-01-18 10:46:29,011 - INFO - '/home/cau/workspace/data/Sewer/Sewer-TAPNEW' 경로의 데이터를 훈련/테스트셋으로 분할합니다.
2026-01-18 10:46:29,030 - INFO - 총 1692개 데이터를 훈련용 1353개, 테스트용 339개로 분할합니다 (split_seed=42).
2026-01-18 10:46:29,031 - INFO - 데이터셋 클래스: ['abnormal', 'normal'] (총 2개)
2026-01-18 10:46:29,032 - INFO - 훈련 데이터: 1353개, 검증 데이터: 339개, 테스트 데이터: 339개
2026-01-18 10:46:29,032 - INFO - Baseline 모델 'mobilenet_v4_s'을(를) 생성합니다 (사전 훈련 가중치: 미사용).
2026-01-18 10:46:29,477 - INFO - ==================================================
2026-01-18 10:46:29,477 - INFO - 모델 파라미터 수:
2026-01-18 10:46:29,477 - INFO -   - 총 파라미터: 2,495,586 개
2026-01-18 10:46:29,477 - INFO -   - 학습 가능한 파라미터: 2,495,586 개
2026-01-18 10:46:29,477 - INFO - ================================================================================
2026-01-18 10:46:29,478 - INFO - 단계 1/2: 사전 훈련(Pre-training)을 시작합니다.
2026-01-18 10:46:29,478 - INFO - ================================================================================
2026-01-18 10:46:29,478 - INFO - 옵티마이저: AdamW (lr=0.001, weight_decay=0.0001)
2026-01-18 10:46:29,480 - INFO - 스케줄러: CosineAnnealingLR (T_max=90, eta_min=0.0001)
2026-01-18 10:46:29,480 - INFO - ==================================================
2026-01-18 10:46:29,480 - INFO - train 모드를 시작합니다.
2026-01-18 10:46:29,480 - INFO - 손실 함수: CrossEntropyLoss (label_smoothing: 0.1)
2026-01-18 10:46:29,480 - INFO - Best metric을 초기값(inf)으로 설정합니다.
2026-01-18 10:46:29,481 - INFO - --------------------------------------------------
2026-01-18 10:46:29,484 - INFO - [LR]    [1/90] | Learning Rate: 0.001000
2026-01-18 10:46:40,921 - INFO - [Train] [1/90] | Loss: 2.6513 | Train Acc: 66.00%
2026-01-18 10:46:45,341 - INFO - [Valid] [1/90] | Loss: 0.7823 | Val Acc: 71.39%
2026-01-18 10:46:45,371 - INFO - [Metrics for 'abnormal'] | Precision: 0.7206 | Recall: 0.6242 | F1: 0.6689
2026-01-18 10:46:45,371 - INFO - [Metrics for 'normal'] | Precision: 0.7094 | Recall: 0.7912 | F1: 0.7481
2026-01-18 10:46:45,459 - INFO - [Best Model Saved] (val loss: 0.7823) -> 'log/Sewer-TAPNEW/baseline_mobilenet_v4_s_20260118_104628/best_model.pth'
2026-01-18 10:46:45,459 - INFO - --------------------------------------------------
2026-01-18 10:46:45,463 - INFO - [LR]    [2/90] | Learning Rate: 0.001000
2026-01-18 10:46:55,542 - INFO - [Train] [2/90] | Loss: 0.6957 | Train Acc: 70.46%
2026-01-18 10:46:58,710 - INFO - [Valid] [2/90] | Loss: 0.8855 | Val Acc: 64.90%
2026-01-18 10:46:58,729 - INFO - [Metrics for 'abnormal'] | Precision: 0.8800 | Recall: 0.2803 | F1: 0.4251
2026-01-18 10:46:58,730 - INFO - [Metrics for 'normal'] | Precision: 0.6090 | Recall: 0.9670 | F1: 0.7473
2026-01-18 10:46:58,736 - INFO - --------------------------------------------------
2026-01-18 10:46:58,740 - INFO - [LR]    [3/90] | Learning Rate: 0.000999
2026-01-18 10:47:09,343 - INFO - [Train] [3/90] | Loss: 0.6705 | Train Acc: 71.80%
2026-01-18 10:47:12,516 - INFO - [Valid] [3/90] | Loss: 0.5616 | Val Acc: 76.40%
2026-01-18 10:47:12,535 - INFO - [Metrics for 'abnormal'] | Precision: 0.7452 | Recall: 0.7452 | F1: 0.7452
2026-01-18 10:47:12,535 - INFO - [Metrics for 'normal'] | Precision: 0.7802 | Recall: 0.7802 | F1: 0.7802
2026-01-18 10:47:12,614 - INFO - [Best Model Saved] (val loss: 0.5616) -> 'log/Sewer-TAPNEW/baseline_mobilenet_v4_s_20260118_104628/best_model.pth'
2026-01-18 10:47:12,615 - INFO - --------------------------------------------------
2026-01-18 10:47:12,618 - INFO - [LR]    [4/90] | Learning Rate: 0.000998
2026-01-18 10:47:24,468 - INFO - [Train] [4/90] | Loss: 0.6244 | Train Acc: 74.55%
2026-01-18 10:47:28,154 - INFO - [Valid] [4/90] | Loss: 1.0462 | Val Acc: 65.19%
2026-01-18 10:47:28,173 - INFO - [Metrics for 'abnormal'] | Precision: 0.8679 | Recall: 0.2930 | F1: 0.4381
2026-01-18 10:47:28,174 - INFO - [Metrics for 'normal'] | Precision: 0.6119 | Recall: 0.9615 | F1: 0.7479
2026-01-18 10:47:28,180 - INFO - --------------------------------------------------
2026-01-18 10:47:28,183 - INFO - [LR]    [5/90] | Learning Rate: 0.000996
2026-01-18 10:47:41,062 - INFO - [Train] [5/90] | Loss: 0.6516 | Train Acc: 75.60%
2026-01-18 10:47:45,087 - INFO - [Valid] [5/90] | Loss: 0.6154 | Val Acc: 70.21%
2026-01-18 10:47:45,117 - INFO - [Metrics for 'abnormal'] | Precision: 0.6867 | Recall: 0.6561 | F1: 0.6710
2026-01-18 10:47:45,117 - INFO - [Metrics for 'normal'] | Precision: 0.7143 | Recall: 0.7418 | F1: 0.7278
2026-01-18 10:47:45,127 - INFO - --------------------------------------------------
2026-01-18 10:47:45,133 - INFO - [LR]    [6/90] | Learning Rate: 0.000993
2026-01-18 10:47:58,433 - INFO - [Train] [6/90] | Loss: 0.5929 | Train Acc: 77.23%
2026-01-18 10:48:02,727 - INFO - [Valid] [6/90] | Loss: 1.2987 | Val Acc: 56.05%
2026-01-18 10:48:02,756 - INFO - [Metrics for 'abnormal'] | Precision: 0.5134 | Recall: 0.9745 | F1: 0.6725
2026-01-18 10:48:02,756 - INFO - [Metrics for 'normal'] | Precision: 0.9024 | Recall: 0.2033 | F1: 0.3318
2026-01-18 10:48:02,765 - INFO - --------------------------------------------------
2026-01-18 10:48:02,771 - INFO - [LR]    [7/90] | Learning Rate: 0.000990
2026-01-18 10:48:16,837 - INFO - [Train] [7/90] | Loss: 0.5737 | Train Acc: 76.49%
2026-01-18 10:48:20,671 - INFO - [Valid] [7/90] | Loss: 0.9283 | Val Acc: 57.52%
2026-01-18 10:48:20,696 - INFO - [Metrics for 'abnormal'] | Precision: 0.5235 | Recall: 0.9236 | F1: 0.6682
2026-01-18 10:48:20,697 - INFO - [Metrics for 'normal'] | Precision: 0.8065 | Recall: 0.2747 | F1: 0.4098
2026-01-18 10:48:20,709 - INFO - --------------------------------------------------
2026-01-18 10:48:20,715 - INFO - [LR]    [8/90] | Learning Rate: 0.000987
2026-01-18 10:48:33,676 - INFO - [Train] [8/90] | Loss: 0.5789 | Train Acc: 78.20%
2026-01-18 10:48:38,012 - INFO - [Valid] [8/90] | Loss: 0.8471 | Val Acc: 64.90%
2026-01-18 10:48:38,038 - INFO - [Metrics for 'abnormal'] | Precision: 0.8654 | Recall: 0.2866 | F1: 0.4306
2026-01-18 10:48:38,038 - INFO - [Metrics for 'normal'] | Precision: 0.6098 | Recall: 0.9615 | F1: 0.7463
2026-01-18 10:48:38,049 - INFO - --------------------------------------------------
2026-01-18 10:48:38,054 - INFO - [LR]    [9/90] | Learning Rate: 0.000983
2026-01-18 10:48:51,673 - INFO - [Train] [9/90] | Loss: 0.5240 | Train Acc: 80.43%
2026-01-18 10:48:55,882 - INFO - [Valid] [9/90] | Loss: 0.6043 | Val Acc: 72.27%
2026-01-18 10:48:55,914 - INFO - [Metrics for 'abnormal'] | Precision: 0.6800 | Recall: 0.7580 | F1: 0.7169
2026-01-18 10:48:55,916 - INFO - [Metrics for 'normal'] | Precision: 0.7683 | Recall: 0.6923 | F1: 0.7283
2026-01-18 10:48:55,930 - INFO - --------------------------------------------------
2026-01-18 10:48:55,936 - INFO - [LR]    [10/90] | Learning Rate: 0.000978
2026-01-18 10:49:08,814 - INFO - [Train] [10/90] | Loss: 0.5030 | Train Acc: 80.88%
2026-01-18 10:49:13,862 - INFO - [Valid] [10/90] | Loss: 0.6389 | Val Acc: 74.34%
2026-01-18 10:49:13,891 - INFO - [Metrics for 'abnormal'] | Precision: 0.7059 | Recall: 0.7643 | F1: 0.7339
2026-01-18 10:49:13,891 - INFO - [Metrics for 'normal'] | Precision: 0.7811 | Recall: 0.7253 | F1: 0.7521
2026-01-18 10:49:13,902 - INFO - --------------------------------------------------
2026-01-18 10:49:13,908 - INFO - [LR]    [11/90] | Learning Rate: 0.000973
2026-01-18 10:49:27,974 - INFO - [Train] [11/90] | Loss: 0.5424 | Train Acc: 80.06%
2026-01-18 10:49:32,871 - INFO - [Valid] [11/90] | Loss: 0.9907 | Val Acc: 56.64%
2026-01-18 10:49:32,892 - INFO - [Metrics for 'abnormal'] | Precision: 0.5170 | Recall: 0.9682 | F1: 0.6741
2026-01-18 10:49:32,892 - INFO - [Metrics for 'normal'] | Precision: 0.8889 | Recall: 0.2198 | F1: 0.3524
2026-01-18 10:49:32,899 - INFO - --------------------------------------------------
2026-01-18 10:49:32,902 - INFO - [LR]    [12/90] | Learning Rate: 0.000967
2026-01-18 10:49:46,128 - INFO - [Train] [12/90] | Loss: 0.4958 | Train Acc: 82.22%
2026-01-18 10:49:50,885 - INFO - [Valid] [12/90] | Loss: 0.6103 | Val Acc: 70.80%
2026-01-18 10:49:50,913 - INFO - [Metrics for 'abnormal'] | Precision: 0.6480 | Recall: 0.8089 | F1: 0.7195
2026-01-18 10:49:50,913 - INFO - [Metrics for 'normal'] | Precision: 0.7902 | Recall: 0.6209 | F1: 0.6954
2026-01-18 10:49:50,923 - INFO - --------------------------------------------------
2026-01-18 10:49:50,928 - INFO - [LR]    [13/90] | Learning Rate: 0.000961
2026-01-18 10:50:03,782 - INFO - [Train] [13/90] | Loss: 0.5065 | Train Acc: 82.22%
2026-01-18 10:50:08,333 - INFO - [Valid] [13/90] | Loss: 0.9338 | Val Acc: 72.27%
2026-01-18 10:50:08,361 - INFO - [Metrics for 'abnormal'] | Precision: 0.7603 | Recall: 0.5860 | F1: 0.6619
2026-01-18 10:50:08,362 - INFO - [Metrics for 'normal'] | Precision: 0.7018 | Recall: 0.8407 | F1: 0.7650
2026-01-18 10:50:08,373 - INFO - --------------------------------------------------
2026-01-18 10:50:08,379 - INFO - [LR]    [14/90] | Learning Rate: 0.000954
2026-01-18 10:50:22,130 - INFO - [Train] [14/90] | Loss: 0.5164 | Train Acc: 82.89%
2026-01-18 10:50:26,696 - INFO - [Valid] [14/90] | Loss: 0.5943 | Val Acc: 78.17%
2026-01-18 10:50:26,726 - INFO - [Metrics for 'abnormal'] | Precision: 0.7515 | Recall: 0.7898 | F1: 0.7702
2026-01-18 10:50:26,727 - INFO - [Metrics for 'normal'] | Precision: 0.8103 | Recall: 0.7747 | F1: 0.7921
2026-01-18 10:50:26,738 - INFO - --------------------------------------------------
2026-01-18 10:50:26,745 - INFO - [LR]    [15/90] | Learning Rate: 0.000947
2026-01-18 10:50:39,957 - INFO - [Train] [15/90] | Loss: 0.5315 | Train Acc: 81.10%
2026-01-18 10:50:44,281 - INFO - [Valid] [15/90] | Loss: 0.5965 | Val Acc: 79.94%
2026-01-18 10:50:44,313 - INFO - [Metrics for 'abnormal'] | Precision: 0.7572 | Recall: 0.8344 | F1: 0.7939
2026-01-18 10:50:44,315 - INFO - [Metrics for 'normal'] | Precision: 0.8434 | Recall: 0.7692 | F1: 0.8046
2026-01-18 10:50:44,326 - INFO - --------------------------------------------------
2026-01-18 10:50:44,333 - INFO - [LR]    [16/90] | Learning Rate: 0.000940
2026-01-18 10:50:58,822 - INFO - [Train] [16/90] | Loss: 0.4712 | Train Acc: 83.85%
2026-01-18 10:51:03,246 - INFO - [Valid] [16/90] | Loss: 0.7720 | Val Acc: 74.63%
2026-01-18 10:51:03,270 - INFO - [Metrics for 'abnormal'] | Precision: 0.7383 | Recall: 0.7006 | F1: 0.7190
2026-01-18 10:51:03,271 - INFO - [Metrics for 'normal'] | Precision: 0.7526 | Recall: 0.7857 | F1: 0.7688
2026-01-18 10:51:03,279 - INFO - --------------------------------------------------
2026-01-18 10:51:03,285 - INFO - [LR]    [17/90] | Learning Rate: 0.000932
2026-01-18 10:51:17,134 - INFO - [Train] [17/90] | Loss: 0.4581 | Train Acc: 84.82%
2026-01-18 10:51:21,849 - INFO - [Valid] [17/90] | Loss: 0.5629 | Val Acc: 82.30%
2026-01-18 10:51:21,872 - INFO - [Metrics for 'abnormal'] | Precision: 0.8299 | Recall: 0.7771 | F1: 0.8026
2026-01-18 10:51:21,872 - INFO - [Metrics for 'normal'] | Precision: 0.8177 | Recall: 0.8626 | F1: 0.8396
2026-01-18 10:51:21,879 - INFO - --------------------------------------------------
2026-01-18 10:51:21,883 - INFO - [LR]    [18/90] | Learning Rate: 0.000923
2026-01-18 10:51:35,394 - INFO - [Train] [18/90] | Loss: 0.4487 | Train Acc: 86.16%
2026-01-18 10:51:39,861 - INFO - [Valid] [18/90] | Loss: 0.7557 | Val Acc: 73.16%
2026-01-18 10:51:39,892 - INFO - [Metrics for 'abnormal'] | Precision: 0.7895 | Recall: 0.5732 | F1: 0.6642
2026-01-18 10:51:39,893 - INFO - [Metrics for 'normal'] | Precision: 0.7022 | Recall: 0.8681 | F1: 0.7764
2026-01-18 10:51:39,904 - INFO - --------------------------------------------------
2026-01-18 10:51:39,907 - INFO - [LR]    [19/90] | Learning Rate: 0.000914
2026-01-18 10:51:53,035 - INFO - [Train] [19/90] | Loss: 0.4537 | Train Acc: 85.12%
2026-01-18 10:51:57,699 - INFO - [Valid] [19/90] | Loss: 0.5243 | Val Acc: 81.12%
2026-01-18 10:51:57,718 - INFO - [Metrics for 'abnormal'] | Precision: 0.7818 | Recall: 0.8217 | F1: 0.8012
2026-01-18 10:51:57,719 - INFO - [Metrics for 'normal'] | Precision: 0.8391 | Recall: 0.8022 | F1: 0.8202
2026-01-18 10:51:57,805 - INFO - [Best Model Saved] (val loss: 0.5243) -> 'log/Sewer-TAPNEW/baseline_mobilenet_v4_s_20260118_104628/best_model.pth'
2026-01-18 10:51:57,806 - INFO - --------------------------------------------------
2026-01-18 10:51:57,811 - INFO - [LR]    [20/90] | Learning Rate: 0.000905
2026-01-18 10:52:11,928 - INFO - [Train] [20/90] | Loss: 0.4334 | Train Acc: 86.24%
2026-01-18 10:52:16,541 - INFO - [Valid] [20/90] | Loss: 0.5835 | Val Acc: 78.47%
2026-01-18 10:52:16,570 - INFO - [Metrics for 'abnormal'] | Precision: 0.8443 | Recall: 0.6561 | F1: 0.7384
2026-01-18 10:52:16,571 - INFO - [Metrics for 'normal'] | Precision: 0.7512 | Recall: 0.8956 | F1: 0.8170
2026-01-18 10:52:16,581 - INFO - --------------------------------------------------
2026-01-18 10:52:16,587 - INFO - [LR]    [21/90] | Learning Rate: 0.000895
2026-01-18 10:52:30,374 - INFO - [Train] [21/90] | Loss: 0.4170 | Train Acc: 87.05%
2026-01-18 10:52:34,751 - INFO - [Valid] [21/90] | Loss: 0.7453 | Val Acc: 73.75%
2026-01-18 10:52:34,780 - INFO - [Metrics for 'abnormal'] | Precision: 0.7656 | Recall: 0.6242 | F1: 0.6877
2026-01-18 10:52:34,781 - INFO - [Metrics for 'normal'] | Precision: 0.7204 | Recall: 0.8352 | F1: 0.7735
2026-01-18 10:52:34,792 - INFO - --------------------------------------------------
2026-01-18 10:52:34,798 - INFO - [LR]    [22/90] | Learning Rate: 0.000884
2026-01-18 10:52:48,371 - INFO - [Train] [22/90] | Loss: 0.3965 | Train Acc: 88.54%
2026-01-18 10:52:52,824 - INFO - [Valid] [22/90] | Loss: 0.7406 | Val Acc: 76.11%
2026-01-18 10:52:52,858 - INFO - [Metrics for 'abnormal'] | Precision: 0.8455 | Recall: 0.5924 | F1: 0.6966
2026-01-18 10:52:52,858 - INFO - [Metrics for 'normal'] | Precision: 0.7205 | Recall: 0.9066 | F1: 0.8029
2026-01-18 10:52:52,868 - INFO - --------------------------------------------------
2026-01-18 10:52:52,874 - INFO - [LR]    [23/90] | Learning Rate: 0.000874
2026-01-18 10:53:06,574 - INFO - [Train] [23/90] | Loss: 0.4285 | Train Acc: 86.61%
2026-01-18 10:53:11,286 - INFO - [Valid] [23/90] | Loss: 0.7744 | Val Acc: 76.11%
2026-01-18 10:53:11,307 - INFO - [Metrics for 'abnormal'] | Precision: 0.8115 | Recall: 0.6306 | F1: 0.7097
2026-01-18 10:53:11,307 - INFO - [Metrics for 'normal'] | Precision: 0.7327 | Recall: 0.8736 | F1: 0.7970
2026-01-18 10:53:11,315 - INFO - --------------------------------------------------
2026-01-18 10:53:11,319 - INFO - [LR]    [24/90] | Learning Rate: 0.000863
2026-01-18 10:53:25,274 - INFO - [Train] [24/90] | Loss: 0.4538 | Train Acc: 85.34%
2026-01-18 10:53:29,786 - INFO - [Valid] [24/90] | Loss: 0.6882 | Val Acc: 80.24%
2026-01-18 10:53:29,814 - INFO - [Metrics for 'abnormal'] | Precision: 0.7419 | Recall: 0.8790 | F1: 0.8047
2026-01-18 10:53:29,814 - INFO - [Metrics for 'normal'] | Precision: 0.8758 | Recall: 0.7363 | F1: 0.8000
2026-01-18 10:53:29,825 - INFO - --------------------------------------------------
2026-01-18 10:53:29,832 - INFO - [LR]    [25/90] | Learning Rate: 0.000851
2026-01-18 10:53:43,057 - INFO - [Train] [25/90] | Loss: 0.4040 | Train Acc: 88.17%
2026-01-18 10:53:47,476 - INFO - [Valid] [25/90] | Loss: 0.5117 | Val Acc: 82.60%
2026-01-18 10:53:47,495 - INFO - [Metrics for 'abnormal'] | Precision: 0.8267 | Recall: 0.7898 | F1: 0.8078
2026-01-18 10:53:47,495 - INFO - [Metrics for 'normal'] | Precision: 0.8254 | Recall: 0.8571 | F1: 0.8410
2026-01-18 10:53:47,602 - INFO - [Best Model Saved] (val loss: 0.5117) -> 'log/Sewer-TAPNEW/baseline_mobilenet_v4_s_20260118_104628/best_model.pth'
2026-01-18 10:53:47,603 - INFO - --------------------------------------------------
2026-01-18 10:53:47,607 - INFO - [LR]    [26/90] | Learning Rate: 0.000839
2026-01-18 10:54:00,922 - INFO - [Train] [26/90] | Loss: 0.3940 | Train Acc: 89.21%
2026-01-18 10:54:05,262 - INFO - [Valid] [26/90] | Loss: 0.5177 | Val Acc: 83.78%
2026-01-18 10:54:05,291 - INFO - [Metrics for 'abnormal'] | Precision: 0.8269 | Recall: 0.8217 | F1: 0.8243
2026-01-18 10:54:05,292 - INFO - [Metrics for 'normal'] | Precision: 0.8470 | Recall: 0.8516 | F1: 0.8493
2026-01-18 10:54:05,301 - INFO - --------------------------------------------------
2026-01-18 10:54:05,307 - INFO - [LR]    [27/90] | Learning Rate: 0.000827
2026-01-18 10:54:19,149 - INFO - [Train] [27/90] | Loss: 0.3724 | Train Acc: 91.37%
2026-01-18 10:54:23,196 - INFO - [Valid] [27/90] | Loss: 0.5763 | Val Acc: 79.94%
2026-01-18 10:54:23,224 - INFO - [Metrics for 'abnormal'] | Precision: 0.8296 | Recall: 0.7134 | F1: 0.7671
2026-01-18 10:54:23,225 - INFO - [Metrics for 'normal'] | Precision: 0.7794 | Recall: 0.8736 | F1: 0.8238
2026-01-18 10:54:23,235 - INFO - --------------------------------------------------
2026-01-18 10:54:23,241 - INFO - [LR]    [28/90] | Learning Rate: 0.000815
2026-01-18 10:54:36,931 - INFO - [Train] [28/90] | Loss: 0.3825 | Train Acc: 89.73%
2026-01-18 10:54:41,188 - INFO - [Valid] [28/90] | Loss: 0.6003 | Val Acc: 78.76%
2026-01-18 10:54:41,221 - INFO - [Metrics for 'abnormal'] | Precision: 0.7273 | Recall: 0.8662 | F1: 0.7907
2026-01-18 10:54:41,221 - INFO - [Metrics for 'normal'] | Precision: 0.8618 | Recall: 0.7198 | F1: 0.7844
2026-01-18 10:54:41,233 - INFO - --------------------------------------------------
2026-01-18 10:54:41,239 - INFO - [LR]    [29/90] | Learning Rate: 0.000802
2026-01-18 10:54:55,091 - INFO - [Train] [29/90] | Loss: 0.3748 | Train Acc: 89.43%
2026-01-18 10:54:59,356 - INFO - [Valid] [29/90] | Loss: 0.5932 | Val Acc: 82.30%
2026-01-18 10:54:59,398 - INFO - [Metrics for 'abnormal'] | Precision: 0.7487 | Recall: 0.9299 | F1: 0.8295
2026-01-18 10:54:59,399 - INFO - [Metrics for 'normal'] | Precision: 0.9236 | Recall: 0.7308 | F1: 0.8160
2026-01-18 10:54:59,412 - INFO - --------------------------------------------------
2026-01-18 10:54:59,419 - INFO - [LR]    [30/90] | Learning Rate: 0.000788
2026-01-18 10:55:13,050 - INFO - [Train] [30/90] | Loss: 0.3696 | Train Acc: 89.66%
2026-01-18 10:55:17,338 - INFO - [Valid] [30/90] | Loss: 0.6145 | Val Acc: 78.76%
2026-01-18 10:55:17,369 - INFO - [Metrics for 'abnormal'] | Precision: 0.8512 | Recall: 0.6561 | F1: 0.7410
2026-01-18 10:55:17,369 - INFO - [Metrics for 'normal'] | Precision: 0.7523 | Recall: 0.9011 | F1: 0.8200
2026-01-18 10:55:17,379 - INFO - --------------------------------------------------
2026-01-18 10:55:17,385 - INFO - [LR]    [31/90] | Learning Rate: 0.000775
2026-01-18 10:55:30,983 - INFO - [Train] [31/90] | Loss: 0.3753 | Train Acc: 89.21%
2026-01-18 10:55:35,125 - INFO - [Valid] [31/90] | Loss: 0.6221 | Val Acc: 79.35%
2026-01-18 10:55:35,153 - INFO - [Metrics for 'abnormal'] | Precision: 0.7081 | Recall: 0.9427 | F1: 0.8087
2026-01-18 10:55:35,155 - INFO - [Metrics for 'normal'] | Precision: 0.9308 | Recall: 0.6648 | F1: 0.7756
2026-01-18 10:55:35,166 - INFO - --------------------------------------------------
2026-01-18 10:55:35,172 - INFO - [LR]    [32/90] | Learning Rate: 0.000761
2026-01-18 10:55:49,117 - INFO - [Train] [32/90] | Loss: 0.3638 | Train Acc: 90.48%
2026-01-18 10:55:52,803 - INFO - [Valid] [32/90] | Loss: 0.5593 | Val Acc: 82.89%
2026-01-18 10:55:52,831 - INFO - [Metrics for 'abnormal'] | Precision: 0.8613 | Recall: 0.7516 | F1: 0.8027
2026-01-18 10:55:52,832 - INFO - [Metrics for 'normal'] | Precision: 0.8069 | Recall: 0.8956 | F1: 0.8490
2026-01-18 10:55:52,842 - INFO - --------------------------------------------------
2026-01-18 10:55:52,847 - INFO - [LR]    [33/90] | Learning Rate: 0.000747
2026-01-18 10:56:06,743 - INFO - [Train] [33/90] | Loss: 0.3610 | Train Acc: 91.82%
2026-01-18 10:56:10,558 - INFO - [Valid] [33/90] | Loss: 0.7994 | Val Acc: 74.34%
2026-01-18 10:56:10,587 - INFO - [Metrics for 'abnormal'] | Precision: 0.6786 | Recall: 0.8471 | F1: 0.7535
2026-01-18 10:56:10,588 - INFO - [Metrics for 'normal'] | Precision: 0.8322 | Recall: 0.6538 | F1: 0.7323
2026-01-18 10:56:10,598 - INFO - --------------------------------------------------
2026-01-18 10:56:10,604 - INFO - [LR]    [34/90] | Learning Rate: 0.000733
2026-01-18 10:56:24,664 - INFO - [Train] [34/90] | Loss: 0.3655 | Train Acc: 91.96%
2026-01-18 10:56:28,495 - INFO - [Valid] [34/90] | Loss: 0.7300 | Val Acc: 74.34%
2026-01-18 10:56:28,530 - INFO - [Metrics for 'abnormal'] | Precision: 0.8571 | Recall: 0.5350 | F1: 0.6588
2026-01-18 10:56:28,532 - INFO - [Metrics for 'normal'] | Precision: 0.6971 | Recall: 0.9231 | F1: 0.7943
2026-01-18 10:56:28,545 - INFO - --------------------------------------------------
2026-01-18 10:56:28,554 - INFO - [LR]    [35/90] | Learning Rate: 0.000719
2026-01-18 10:56:43,590 - INFO - [Train] [35/90] | Loss: 0.3607 | Train Acc: 91.59%
2026-01-18 10:56:47,552 - INFO - [Valid] [35/90] | Loss: 0.7229 | Val Acc: 77.58%
2026-01-18 10:56:47,586 - INFO - [Metrics for 'abnormal'] | Precision: 0.7189 | Recall: 0.8471 | F1: 0.7778
2026-01-18 10:56:47,587 - INFO - [Metrics for 'normal'] | Precision: 0.8442 | Recall: 0.7143 | F1: 0.7738
2026-01-18 10:56:47,602 - INFO - --------------------------------------------------
2026-01-18 10:56:47,610 - INFO - [LR]    [36/90] | Learning Rate: 0.000704
2026-01-18 10:57:02,111 - INFO - [Train] [36/90] | Loss: 0.3988 | Train Acc: 91.96%
2026-01-18 10:57:06,524 - INFO - [Valid] [36/90] | Loss: 0.7113 | Val Acc: 75.22%
2026-01-18 10:57:06,558 - INFO - [Metrics for 'abnormal'] | Precision: 0.8763 | Recall: 0.5414 | F1: 0.6693
2026-01-18 10:57:06,559 - INFO - [Metrics for 'normal'] | Precision: 0.7025 | Recall: 0.9341 | F1: 0.8019
2026-01-18 10:57:06,570 - INFO - --------------------------------------------------
2026-01-18 10:57:06,577 - INFO - [LR]    [37/90] | Learning Rate: 0.000689
2026-01-18 10:57:20,465 - INFO - [Train] [37/90] | Loss: 0.3522 | Train Acc: 91.29%
2026-01-18 10:57:25,183 - INFO - [Valid] [37/90] | Loss: 0.5561 | Val Acc: 79.06%
2026-01-18 10:57:25,213 - INFO - [Metrics for 'abnormal'] | Precision: 0.7471 | Recall: 0.8280 | F1: 0.7855
2026-01-18 10:57:25,214 - INFO - [Metrics for 'normal'] | Precision: 0.8364 | Recall: 0.7582 | F1: 0.7954
2026-01-18 10:57:25,226 - INFO - --------------------------------------------------
2026-01-18 10:57:25,233 - INFO - [LR]    [38/90] | Learning Rate: 0.000674
2026-01-18 10:57:39,034 - INFO - [Train] [38/90] | Loss: 0.3365 | Train Acc: 93.60%
2026-01-18 10:57:43,446 - INFO - [Valid] [38/90] | Loss: 0.6552 | Val Acc: 79.94%
2026-01-18 10:57:43,479 - INFO - [Metrics for 'abnormal'] | Precision: 0.8112 | Recall: 0.7389 | F1: 0.7733
2026-01-18 10:57:43,479 - INFO - [Metrics for 'normal'] | Precision: 0.7908 | Recall: 0.8516 | F1: 0.8201
2026-01-18 10:57:43,490 - INFO - --------------------------------------------------
2026-01-18 10:57:43,496 - INFO - [LR]    [39/90] | Learning Rate: 0.000659
2026-01-18 10:57:56,419 - INFO - [Train] [39/90] | Loss: 0.3215 | Train Acc: 93.82%
2026-01-18 10:58:00,398 - INFO - [Valid] [39/90] | Loss: 0.5495 | Val Acc: 81.71%
2026-01-18 10:58:00,418 - INFO - [Metrics for 'abnormal'] | Precision: 0.8369 | Recall: 0.7516 | F1: 0.7919
2026-01-18 10:58:00,418 - INFO - [Metrics for 'normal'] | Precision: 0.8030 | Recall: 0.8736 | F1: 0.8368
2026-01-18 10:58:00,427 - INFO - --------------------------------------------------
2026-01-18 10:58:00,433 - INFO - [LR]    [40/90] | Learning Rate: 0.000644
2026-01-18 10:58:14,434 - INFO - [Train] [40/90] | Loss: 0.2904 | Train Acc: 96.13%
2026-01-18 10:58:18,311 - INFO - [Valid] [40/90] | Loss: 0.7028 | Val Acc: 76.99%
2026-01-18 10:58:18,339 - INFO - [Metrics for 'abnormal'] | Precision: 0.8624 | Recall: 0.5987 | F1: 0.7068
2026-01-18 10:58:18,339 - INFO - [Metrics for 'normal'] | Precision: 0.7261 | Recall: 0.9176 | F1: 0.8107
2026-01-18 10:58:18,349 - INFO - --------------------------------------------------
2026-01-18 10:58:18,355 - INFO - [LR]    [41/90] | Learning Rate: 0.000628
2026-01-18 10:58:32,081 - INFO - [Train] [41/90] | Loss: 0.3285 | Train Acc: 93.08%
2026-01-18 10:58:35,913 - INFO - [Valid] [41/90] | Loss: 0.5361 | Val Acc: 81.42%
2026-01-18 10:58:35,958 - INFO - [Metrics for 'abnormal'] | Precision: 0.8406 | Recall: 0.7389 | F1: 0.7864
2026-01-18 10:58:35,958 - INFO - [Metrics for 'normal'] | Precision: 0.7960 | Recall: 0.8791 | F1: 0.8355
2026-01-18 10:58:35,969 - INFO - --------------------------------------------------
2026-01-18 10:58:35,980 - INFO - [LR]    [42/90] | Learning Rate: 0.000613
2026-01-18 10:58:49,359 - INFO - [Train] [42/90] | Loss: 0.3194 | Train Acc: 93.97%
2026-01-18 10:58:53,480 - INFO - [Valid] [42/90] | Loss: 0.6038 | Val Acc: 79.65%
2026-01-18 10:58:53,514 - INFO - [Metrics for 'abnormal'] | Precision: 0.8492 | Recall: 0.6815 | F1: 0.7562
2026-01-18 10:58:53,516 - INFO - [Metrics for 'normal'] | Precision: 0.7653 | Recall: 0.8956 | F1: 0.8253
2026-01-18 10:58:53,529 - INFO - --------------------------------------------------
2026-01-18 10:58:53,536 - INFO - [LR]    [43/90] | Learning Rate: 0.000597
2026-01-18 10:59:07,487 - INFO - [Train] [43/90] | Loss: 0.3071 | Train Acc: 95.16%
2026-01-18 10:59:11,492 - INFO - [Valid] [43/90] | Loss: 0.5513 | Val Acc: 81.12%
2026-01-18 10:59:11,534 - INFO - [Metrics for 'abnormal'] | Precision: 0.7784 | Recall: 0.8280 | F1: 0.8025
2026-01-18 10:59:11,536 - INFO - [Metrics for 'normal'] | Precision: 0.8430 | Recall: 0.7967 | F1: 0.8192
2026-01-18 10:59:11,555 - INFO - --------------------------------------------------
2026-01-18 10:59:11,567 - INFO - [LR]    [44/90] | Learning Rate: 0.000581
2026-01-18 10:59:24,947 - INFO - [Train] [44/90] | Loss: 0.3193 | Train Acc: 93.97%
2026-01-18 10:59:29,216 - INFO - [Valid] [44/90] | Loss: 0.5661 | Val Acc: 81.42%
2026-01-18 10:59:29,244 - INFO - [Metrics for 'abnormal'] | Precision: 0.7701 | Recall: 0.8535 | F1: 0.8097
2026-01-18 10:59:29,244 - INFO - [Metrics for 'normal'] | Precision: 0.8606 | Recall: 0.7802 | F1: 0.8184
2026-01-18 10:59:29,254 - INFO - --------------------------------------------------
2026-01-18 10:59:29,260 - INFO - [LR]    [45/90] | Learning Rate: 0.000566
2026-01-18 10:59:43,691 - INFO - [Train] [45/90] | Loss: 0.2907 | Train Acc: 95.98%
2026-01-18 10:59:47,610 - INFO - [Valid] [45/90] | Loss: 0.5889 | Val Acc: 83.48%
2026-01-18 10:59:47,638 - INFO - [Metrics for 'abnormal'] | Precision: 0.8741 | Recall: 0.7516 | F1: 0.8082
2026-01-18 10:59:47,639 - INFO - [Metrics for 'normal'] | Precision: 0.8088 | Recall: 0.9066 | F1: 0.8549
2026-01-18 10:59:47,648 - INFO - --------------------------------------------------
2026-01-18 10:59:47,655 - INFO - [LR]    [46/90] | Learning Rate: 0.000550
2026-01-18 11:00:01,644 - INFO - [Train] [46/90] | Loss: 0.3220 | Train Acc: 94.20%
2026-01-18 11:00:05,820 - INFO - [Valid] [46/90] | Loss: 0.6177 | Val Acc: 83.48%
2026-01-18 11:00:05,882 - INFO - [Metrics for 'abnormal'] | Precision: 0.8633 | Recall: 0.7643 | F1: 0.8108
2026-01-18 11:00:05,887 - INFO - [Metrics for 'normal'] | Precision: 0.8150 | Recall: 0.8956 | F1: 0.8534
2026-01-18 11:00:05,911 - INFO - --------------------------------------------------
2026-01-18 11:00:05,924 - INFO - [LR]    [47/90] | Learning Rate: 0.000534
2026-01-18 11:00:20,129 - INFO - [Train] [47/90] | Loss: 0.3094 | Train Acc: 94.72%
2026-01-18 11:00:24,061 - INFO - [Valid] [47/90] | Loss: 0.5382 | Val Acc: 80.83%
2026-01-18 11:00:24,122 - INFO - [Metrics for 'abnormal'] | Precision: 0.7987 | Recall: 0.7834 | F1: 0.7910
2026-01-18 11:00:24,122 - INFO - [Metrics for 'normal'] | Precision: 0.8162 | Recall: 0.8297 | F1: 0.8229
2026-01-18 11:00:24,142 - INFO - --------------------------------------------------
2026-01-18 11:00:24,156 - INFO - [LR]    [48/90] | Learning Rate: 0.000519
2026-01-18 11:00:37,606 - INFO - [Train] [48/90] | Loss: 0.2799 | Train Acc: 96.43%
2026-01-18 11:00:41,529 - INFO - [Valid] [48/90] | Loss: 0.5430 | Val Acc: 80.53%
2026-01-18 11:00:41,586 - INFO - [Metrics for 'abnormal'] | Precision: 0.8138 | Recall: 0.7516 | F1: 0.7815
2026-01-18 11:00:41,588 - INFO - [Metrics for 'normal'] | Precision: 0.7990 | Recall: 0.8516 | F1: 0.8245
2026-01-18 11:00:41,598 - INFO - --------------------------------------------------
2026-01-18 11:00:41,605 - INFO - [LR]    [49/90] | Learning Rate: 0.000503
2026-01-18 11:00:54,888 - INFO - [Train] [49/90] | Loss: 0.2835 | Train Acc: 97.02%
2026-01-18 11:00:59,190 - INFO - [Valid] [49/90] | Loss: 0.5336 | Val Acc: 79.65%
2026-01-18 11:00:59,221 - INFO - [Metrics for 'abnormal'] | Precision: 0.7683 | Recall: 0.8025 | F1: 0.7850
2026-01-18 11:00:59,221 - INFO - [Metrics for 'normal'] | Precision: 0.8229 | Recall: 0.7912 | F1: 0.8067
2026-01-18 11:00:59,229 - INFO - --------------------------------------------------
2026-01-18 11:00:59,233 - INFO - [LR]    [50/90] | Learning Rate: 0.000487
2026-01-18 11:01:13,164 - INFO - [Train] [50/90] | Loss: 0.3228 | Train Acc: 93.75%
2026-01-18 11:01:17,300 - INFO - [Valid] [50/90] | Loss: 0.5448 | Val Acc: 80.53%
2026-01-18 11:01:17,326 - INFO - [Metrics for 'abnormal'] | Precision: 0.7542 | Recall: 0.8599 | F1: 0.8036
2026-01-18 11:01:17,327 - INFO - [Metrics for 'normal'] | Precision: 0.8625 | Recall: 0.7582 | F1: 0.8070
2026-01-18 11:01:17,337 - INFO - --------------------------------------------------
2026-01-18 11:01:17,343 - INFO - [LR]    [51/90] | Learning Rate: 0.000472
2026-01-18 11:01:30,735 - INFO - [Train] [51/90] | Loss: 0.2951 | Train Acc: 95.54%
2026-01-18 11:01:35,246 - INFO - [Valid] [51/90] | Loss: 0.5632 | Val Acc: 82.30%
2026-01-18 11:01:35,274 - INFO - [Metrics for 'abnormal'] | Precision: 0.8440 | Recall: 0.7580 | F1: 0.7987
2026-01-18 11:01:35,276 - INFO - [Metrics for 'normal'] | Precision: 0.8081 | Recall: 0.8791 | F1: 0.8421
2026-01-18 11:01:35,288 - INFO - --------------------------------------------------
2026-01-18 11:01:35,295 - INFO - [LR]    [52/90] | Learning Rate: 0.000456
2026-01-18 11:01:48,925 - INFO - [Train] [52/90] | Loss: 0.2782 | Train Acc: 96.65%
2026-01-18 11:01:53,729 - INFO - [Valid] [52/90] | Loss: 0.5594 | Val Acc: 80.83%
2026-01-18 11:01:53,759 - INFO - [Metrics for 'abnormal'] | Precision: 0.8651 | Recall: 0.6943 | F1: 0.7703
2026-01-18 11:01:53,760 - INFO - [Metrics for 'normal'] | Precision: 0.7746 | Recall: 0.9066 | F1: 0.8354
2026-01-18 11:01:53,776 - INFO - --------------------------------------------------
2026-01-18 11:01:53,782 - INFO - [LR]    [53/90] | Learning Rate: 0.000441
2026-01-18 11:02:06,451 - INFO - [Train] [53/90] | Loss: 0.2775 | Train Acc: 96.80%
2026-01-18 11:02:10,851 - INFO - [Valid] [53/90] | Loss: 0.4991 | Val Acc: 82.89%
2026-01-18 11:02:10,890 - INFO - [Metrics for 'abnormal'] | Precision: 0.8367 | Recall: 0.7834 | F1: 0.8092
2026-01-18 11:02:10,891 - INFO - [Metrics for 'normal'] | Precision: 0.8229 | Recall: 0.8681 | F1: 0.8449
2026-01-18 11:02:11,034 - INFO - [Best Model Saved] (val loss: 0.4991) -> 'log/Sewer-TAPNEW/baseline_mobilenet_v4_s_20260118_104628/best_model.pth'
2026-01-18 11:02:11,035 - INFO - --------------------------------------------------
2026-01-18 11:02:11,053 - INFO - [LR]    [54/90] | Learning Rate: 0.000426
2026-01-18 11:02:24,209 - INFO - [Train] [54/90] | Loss: 0.2706 | Train Acc: 97.32%
2026-01-18 11:02:28,102 - INFO - [Valid] [54/90] | Loss: 0.5129 | Val Acc: 80.83%
2026-01-18 11:02:28,131 - INFO - [Metrics for 'abnormal'] | Precision: 0.8382 | Recall: 0.7261 | F1: 0.7782
2026-01-18 11:02:28,132 - INFO - [Metrics for 'normal'] | Precision: 0.7882 | Recall: 0.8791 | F1: 0.8312
2026-01-18 11:02:28,144 - INFO - --------------------------------------------------
2026-01-18 11:02:28,150 - INFO - [LR]    [55/90] | Learning Rate: 0.000411
2026-01-18 11:02:41,625 - INFO - [Train] [55/90] | Loss: 0.2600 | Train Acc: 97.92%
2026-01-18 11:02:45,382 - INFO - [Valid] [55/90] | Loss: 0.5501 | Val Acc: 80.53%
2026-01-18 11:02:45,409 - INFO - [Metrics for 'abnormal'] | Precision: 0.7725 | Recall: 0.8217 | F1: 0.7963
2026-01-18 11:02:45,410 - INFO - [Metrics for 'normal'] | Precision: 0.8372 | Recall: 0.7912 | F1: 0.8136
2026-01-18 11:02:45,419 - INFO - --------------------------------------------------
2026-01-18 11:02:45,425 - INFO - [LR]    [56/90] | Learning Rate: 0.000396
2026-01-18 11:02:59,458 - INFO - [Train] [56/90] | Loss: 0.2613 | Train Acc: 97.40%
2026-01-18 11:03:03,475 - INFO - [Valid] [56/90] | Loss: 0.5185 | Val Acc: 80.53%
2026-01-18 11:03:03,503 - INFO - [Metrics for 'abnormal'] | Precision: 0.7974 | Recall: 0.7771 | F1: 0.7871
2026-01-18 11:03:03,503 - INFO - [Metrics for 'normal'] | Precision: 0.8118 | Recall: 0.8297 | F1: 0.8207
2026-01-18 11:03:03,513 - INFO - --------------------------------------------------
2026-01-18 11:03:03,518 - INFO - [LR]    [57/90] | Learning Rate: 0.000381
2026-01-18 11:03:17,618 - INFO - [Train] [57/90] | Loss: 0.2478 | Train Acc: 98.44%
2026-01-18 11:03:21,753 - INFO - [Valid] [57/90] | Loss: 0.5072 | Val Acc: 82.30%
2026-01-18 11:03:21,791 - INFO - [Metrics for 'abnormal'] | Precision: 0.8212 | Recall: 0.7898 | F1: 0.8052
2026-01-18 11:03:21,791 - INFO - [Metrics for 'normal'] | Precision: 0.8245 | Recall: 0.8516 | F1: 0.8378
2026-01-18 11:03:21,802 - INFO - --------------------------------------------------
2026-01-18 11:03:21,809 - INFO - [LR]    [58/90] | Learning Rate: 0.000367
2026-01-18 11:03:36,085 - INFO - [Train] [58/90] | Loss: 0.2588 | Train Acc: 97.54%
2026-01-18 11:03:39,761 - INFO - [Valid] [58/90] | Loss: 0.5497 | Val Acc: 81.71%
2026-01-18 11:03:39,796 - INFO - [Metrics for 'abnormal'] | Precision: 0.7487 | Recall: 0.9108 | F1: 0.8218
2026-01-18 11:03:39,797 - INFO - [Metrics for 'normal'] | Precision: 0.9054 | Recall: 0.7363 | F1: 0.8121
2026-01-18 11:03:39,809 - INFO - --------------------------------------------------
2026-01-18 11:03:39,816 - INFO - [LR]    [59/90] | Learning Rate: 0.000353
2026-01-18 11:03:53,503 - INFO - [Train] [59/90] | Loss: 0.2605 | Train Acc: 97.40%
2026-01-18 11:03:57,092 - INFO - [Valid] [59/90] | Loss: 0.5065 | Val Acc: 82.89%
2026-01-18 11:03:57,122 - INFO - [Metrics for 'abnormal'] | Precision: 0.7964 | Recall: 0.8471 | F1: 0.8210
2026-01-18 11:03:57,123 - INFO - [Metrics for 'normal'] | Precision: 0.8605 | Recall: 0.8132 | F1: 0.8362
2026-01-18 11:03:57,131 - INFO - --------------------------------------------------
2026-01-18 11:03:57,136 - INFO - [LR]    [60/90] | Learning Rate: 0.000339
2026-01-18 11:04:11,245 - INFO - [Train] [60/90] | Loss: 0.2604 | Train Acc: 97.77%
2026-01-18 11:04:15,177 - INFO - [Valid] [60/90] | Loss: 0.5249 | Val Acc: 83.48%
2026-01-18 11:04:15,204 - INFO - [Metrics for 'abnormal'] | Precision: 0.8531 | Recall: 0.7771 | F1: 0.8133
2026-01-18 11:04:15,205 - INFO - [Metrics for 'normal'] | Precision: 0.8214 | Recall: 0.8846 | F1: 0.8519
2026-01-18 11:04:15,214 - INFO - --------------------------------------------------
2026-01-18 11:04:15,220 - INFO - [LR]    [61/90] | Learning Rate: 0.000325
2026-01-18 11:04:29,130 - INFO - [Train] [61/90] | Loss: 0.2661 | Train Acc: 97.69%
2026-01-18 11:04:33,407 - INFO - [Valid] [61/90] | Loss: 0.5024 | Val Acc: 83.19%
2026-01-18 11:04:33,434 - INFO - [Metrics for 'abnormal'] | Precision: 0.8012 | Recall: 0.8471 | F1: 0.8235
2026-01-18 11:04:33,435 - INFO - [Metrics for 'normal'] | Precision: 0.8613 | Recall: 0.8187 | F1: 0.8394
2026-01-18 11:04:33,444 - INFO - --------------------------------------------------
2026-01-18 11:04:33,450 - INFO - [LR]    [62/90] | Learning Rate: 0.000312
2026-01-18 11:04:47,134 - INFO - [Train] [62/90] | Loss: 0.2513 | Train Acc: 98.74%
2026-01-18 11:04:51,461 - INFO - [Valid] [62/90] | Loss: 0.4861 | Val Acc: 81.42%
2026-01-18 11:04:51,493 - INFO - [Metrics for 'abnormal'] | Precision: 0.7831 | Recall: 0.8280 | F1: 0.8050
2026-01-18 11:04:51,494 - INFO - [Metrics for 'normal'] | Precision: 0.8439 | Recall: 0.8022 | F1: 0.8225
2026-01-18 11:04:51,614 - INFO - [Best Model Saved] (val loss: 0.4861) -> 'log/Sewer-TAPNEW/baseline_mobilenet_v4_s_20260118_104628/best_model.pth'
2026-01-18 11:04:51,615 - INFO - --------------------------------------------------
2026-01-18 11:04:51,620 - INFO - [LR]    [63/90] | Learning Rate: 0.000298
2026-01-18 11:05:05,310 - INFO - [Train] [63/90] | Loss: 0.2500 | Train Acc: 98.29%
2026-01-18 11:05:09,576 - INFO - [Valid] [63/90] | Loss: 0.5277 | Val Acc: 82.89%
2026-01-18 11:05:09,605 - INFO - [Metrics for 'abnormal'] | Precision: 0.8194 | Recall: 0.8089 | F1: 0.8141
2026-01-18 11:05:09,606 - INFO - [Metrics for 'normal'] | Precision: 0.8370 | Recall: 0.8462 | F1: 0.8415
2026-01-18 11:05:09,615 - INFO - --------------------------------------------------
2026-01-18 11:05:09,621 - INFO - [LR]    [64/90] | Learning Rate: 0.000285
2026-01-18 11:05:23,623 - INFO - [Train] [64/90] | Loss: 0.2514 | Train Acc: 98.44%
2026-01-18 11:05:27,673 - INFO - [Valid] [64/90] | Loss: 0.4791 | Val Acc: 82.89%
2026-01-18 11:05:27,701 - INFO - [Metrics for 'abnormal'] | Precision: 0.8037 | Recall: 0.8344 | F1: 0.8187
2026-01-18 11:05:27,701 - INFO - [Metrics for 'normal'] | Precision: 0.8523 | Recall: 0.8242 | F1: 0.8380
2026-01-18 11:05:27,830 - INFO - [Best Model Saved] (val loss: 0.4791) -> 'log/Sewer-TAPNEW/baseline_mobilenet_v4_s_20260118_104628/best_model.pth'
2026-01-18 11:05:27,831 - INFO - --------------------------------------------------
2026-01-18 11:05:27,838 - INFO - [LR]    [65/90] | Learning Rate: 0.000273
2026-01-18 11:05:41,835 - INFO - [Train] [65/90] | Loss: 0.2571 | Train Acc: 97.84%
2026-01-18 11:05:46,042 - INFO - [Valid] [65/90] | Loss: 0.5066 | Val Acc: 82.89%
2026-01-18 11:05:46,061 - INFO - [Metrics for 'abnormal'] | Precision: 0.7676 | Recall: 0.9045 | F1: 0.8304
2026-01-18 11:05:46,061 - INFO - [Metrics for 'normal'] | Precision: 0.9026 | Recall: 0.7637 | F1: 0.8274
2026-01-18 11:05:46,068 - INFO - --------------------------------------------------
2026-01-18 11:05:46,071 - INFO - [LR]    [66/90] | Learning Rate: 0.000261
2026-01-18 11:05:59,985 - INFO - [Train] [66/90] | Loss: 0.2449 | Train Acc: 98.66%
2026-01-18 11:06:04,016 - INFO - [Valid] [66/90] | Loss: 0.5018 | Val Acc: 82.89%
2026-01-18 11:06:04,036 - INFO - [Metrics for 'abnormal'] | Precision: 0.8113 | Recall: 0.8217 | F1: 0.8165
2026-01-18 11:06:04,036 - INFO - [Metrics for 'normal'] | Precision: 0.8444 | Recall: 0.8352 | F1: 0.8398
2026-01-18 11:06:04,043 - INFO - --------------------------------------------------
2026-01-18 11:06:04,046 - INFO - [LR]    [67/90] | Learning Rate: 0.000249
2026-01-18 11:06:18,138 - INFO - [Train] [67/90] | Loss: 0.2396 | Train Acc: 98.88%
2026-01-18 11:06:22,299 - INFO - [Valid] [67/90] | Loss: 0.4815 | Val Acc: 84.07%
2026-01-18 11:06:22,329 - INFO - [Metrics for 'abnormal'] | Precision: 0.8084 | Recall: 0.8599 | F1: 0.8333
2026-01-18 11:06:22,330 - INFO - [Metrics for 'normal'] | Precision: 0.8721 | Recall: 0.8242 | F1: 0.8475
2026-01-18 11:06:22,339 - INFO - --------------------------------------------------
2026-01-18 11:06:22,345 - INFO - [LR]    [68/90] | Learning Rate: 0.000237
2026-01-18 11:06:36,525 - INFO - [Train] [68/90] | Loss: 0.2376 | Train Acc: 98.96%
2026-01-18 11:06:40,365 - INFO - [Valid] [68/90] | Loss: 0.4889 | Val Acc: 83.19%
2026-01-18 11:06:40,391 - INFO - [Metrics for 'abnormal'] | Precision: 0.7874 | Recall: 0.8726 | F1: 0.8278
2026-01-18 11:06:40,391 - INFO - [Metrics for 'normal'] | Precision: 0.8788 | Recall: 0.7967 | F1: 0.8357
2026-01-18 11:06:40,401 - INFO - --------------------------------------------------
2026-01-18 11:06:40,407 - INFO - [LR]    [69/90] | Learning Rate: 0.000226
2026-01-18 11:06:54,869 - INFO - [Train] [69/90] | Loss: 0.2356 | Train Acc: 99.11%
2026-01-18 11:06:58,922 - INFO - [Valid] [69/90] | Loss: 0.4929 | Val Acc: 83.48%
2026-01-18 11:06:58,941 - INFO - [Metrics for 'abnormal'] | Precision: 0.7988 | Recall: 0.8599 | F1: 0.8282
2026-01-18 11:06:58,942 - INFO - [Metrics for 'normal'] | Precision: 0.8706 | Recall: 0.8132 | F1: 0.8409
2026-01-18 11:06:58,948 - INFO - --------------------------------------------------
2026-01-18 11:06:58,952 - INFO - [LR]    [70/90] | Learning Rate: 0.000216
2026-01-18 11:07:12,786 - INFO - [Train] [70/90] | Loss: 0.2356 | Train Acc: 99.48%
2026-01-18 11:07:16,741 - INFO - [Valid] [70/90] | Loss: 0.5076 | Val Acc: 83.19%
2026-01-18 11:07:16,760 - INFO - [Metrics for 'abnormal'] | Precision: 0.8289 | Recall: 0.8025 | F1: 0.8155
2026-01-18 11:07:16,761 - INFO - [Metrics for 'normal'] | Precision: 0.8342 | Recall: 0.8571 | F1: 0.8455
2026-01-18 11:07:16,767 - INFO - --------------------------------------------------
2026-01-18 11:07:16,771 - INFO - [LR]    [71/90] | Learning Rate: 0.000205
2026-01-18 11:07:30,466 - INFO - [Train] [71/90] | Loss: 0.2397 | Train Acc: 98.81%
2026-01-18 11:07:34,134 - INFO - [Valid] [71/90] | Loss: 0.4844 | Val Acc: 81.71%
2026-01-18 11:07:34,159 - INFO - [Metrics for 'abnormal'] | Precision: 0.7879 | Recall: 0.8280 | F1: 0.8075
2026-01-18 11:07:34,159 - INFO - [Metrics for 'normal'] | Precision: 0.8448 | Recall: 0.8077 | F1: 0.8258
2026-01-18 11:07:34,167 - INFO - --------------------------------------------------
2026-01-18 11:07:34,173 - INFO - [LR]    [72/90] | Learning Rate: 0.000195
2026-01-18 11:07:47,460 - INFO - [Train] [72/90] | Loss: 0.2444 | Train Acc: 98.74%
2026-01-18 11:07:51,545 - INFO - [Valid] [72/90] | Loss: 0.4954 | Val Acc: 82.30%
2026-01-18 11:07:51,575 - INFO - [Metrics for 'abnormal'] | Precision: 0.8212 | Recall: 0.7898 | F1: 0.8052
2026-01-18 11:07:51,575 - INFO - [Metrics for 'normal'] | Precision: 0.8245 | Recall: 0.8516 | F1: 0.8378
2026-01-18 11:07:51,585 - INFO - --------------------------------------------------
2026-01-18 11:07:51,591 - INFO - [LR]    [73/90] | Learning Rate: 0.000186
2026-01-18 11:08:05,133 - INFO - [Train] [73/90] | Loss: 0.2374 | Train Acc: 98.88%
2026-01-18 11:08:09,250 - INFO - [Valid] [73/90] | Loss: 0.4885 | Val Acc: 84.07%
2026-01-18 11:08:09,279 - INFO - [Metrics for 'abnormal'] | Precision: 0.8199 | Recall: 0.8408 | F1: 0.8302
2026-01-18 11:08:09,280 - INFO - [Metrics for 'normal'] | Precision: 0.8596 | Recall: 0.8407 | F1: 0.8500
2026-01-18 11:08:09,289 - INFO - --------------------------------------------------
2026-01-18 11:08:09,295 - INFO - [LR]    [74/90] | Learning Rate: 0.000177
2026-01-18 11:08:24,082 - INFO - [Train] [74/90] | Loss: 0.2459 | Train Acc: 98.59%
2026-01-18 11:08:27,877 - INFO - [Valid] [74/90] | Loss: 0.4893 | Val Acc: 83.78%
2026-01-18 11:08:27,916 - INFO - [Metrics for 'abnormal'] | Precision: 0.8493 | Recall: 0.7898 | F1: 0.8185
2026-01-18 11:08:27,917 - INFO - [Metrics for 'normal'] | Precision: 0.8290 | Recall: 0.8791 | F1: 0.8533
2026-01-18 11:08:27,927 - INFO - --------------------------------------------------
2026-01-18 11:08:27,934 - INFO - [LR]    [75/90] | Learning Rate: 0.000168
2026-01-18 11:08:41,989 - INFO - [Train] [75/90] | Loss: 0.2336 | Train Acc: 99.18%
2026-01-18 11:08:45,381 - INFO - [Valid] [75/90] | Loss: 0.4713 | Val Acc: 84.66%
2026-01-18 11:08:45,403 - INFO - [Metrics for 'abnormal'] | Precision: 0.8144 | Recall: 0.8662 | F1: 0.8395
2026-01-18 11:08:45,404 - INFO - [Metrics for 'normal'] | Precision: 0.8779 | Recall: 0.8297 | F1: 0.8531
2026-01-18 11:08:45,519 - INFO - [Best Model Saved] (val loss: 0.4713) -> 'log/Sewer-TAPNEW/baseline_mobilenet_v4_s_20260118_104628/best_model.pth'
2026-01-18 11:08:45,519 - INFO - --------------------------------------------------
2026-01-18 11:08:45,525 - INFO - [LR]    [76/90] | Learning Rate: 0.000160
2026-01-18 11:09:00,432 - INFO - [Train] [76/90] | Loss: 0.2285 | Train Acc: 99.18%
2026-01-18 11:09:04,079 - INFO - [Valid] [76/90] | Loss: 0.5282 | Val Acc: 83.78%
2026-01-18 11:09:04,113 - INFO - [Metrics for 'abnormal'] | Precision: 0.8592 | Recall: 0.7771 | F1: 0.8161
2026-01-18 11:09:04,113 - INFO - [Metrics for 'normal'] | Precision: 0.8223 | Recall: 0.8901 | F1: 0.8549
2026-01-18 11:09:04,124 - INFO - --------------------------------------------------
2026-01-18 11:09:04,131 - INFO - [LR]    [77/90] | Learning Rate: 0.000153
2026-01-18 11:09:18,468 - INFO - [Train] [77/90] | Loss: 0.2290 | Train Acc: 99.26%
2026-01-18 11:09:22,137 - INFO - [Valid] [77/90] | Loss: 0.4834 | Val Acc: 83.78%
2026-01-18 11:09:22,167 - INFO - [Metrics for 'abnormal'] | Precision: 0.8312 | Recall: 0.8153 | F1: 0.8232
2026-01-18 11:09:22,168 - INFO - [Metrics for 'normal'] | Precision: 0.8432 | Recall: 0.8571 | F1: 0.8501
2026-01-18 11:09:22,179 - INFO - --------------------------------------------------
2026-01-18 11:09:22,185 - INFO - [LR]    [78/90] | Learning Rate: 0.000146
2026-01-18 11:09:36,958 - INFO - [Train] [78/90] | Loss: 0.2351 | Train Acc: 99.11%
2026-01-18 11:09:40,545 - INFO - [Valid] [78/90] | Loss: 0.4993 | Val Acc: 82.30%
2026-01-18 11:09:40,564 - INFO - [Metrics for 'abnormal'] | Precision: 0.7836 | Recall: 0.8535 | F1: 0.8171
2026-01-18 11:09:40,565 - INFO - [Metrics for 'normal'] | Precision: 0.8631 | Recall: 0.7967 | F1: 0.8286
2026-01-18 11:09:40,571 - INFO - --------------------------------------------------
2026-01-18 11:09:40,575 - INFO - [LR]    [79/90] | Learning Rate: 0.000139
2026-01-18 11:09:55,422 - INFO - [Train] [79/90] | Loss: 0.2310 | Train Acc: 99.11%
2026-01-18 11:09:58,998 - INFO - [Valid] [79/90] | Loss: 0.6011 | Val Acc: 82.30%
2026-01-18 11:09:59,016 - INFO - [Metrics for 'abnormal'] | Precision: 0.8089 | Recall: 0.8089 | F1: 0.8089
2026-01-18 11:09:59,017 - INFO - [Metrics for 'normal'] | Precision: 0.8352 | Recall: 0.8352 | F1: 0.8352
2026-01-18 11:09:59,023 - INFO - --------------------------------------------------
2026-01-18 11:09:59,027 - INFO - [LR]    [80/90] | Learning Rate: 0.000133
2026-01-18 11:10:13,640 - INFO - [Train] [80/90] | Loss: 0.2294 | Train Acc: 99.18%
2026-01-18 11:10:17,180 - INFO - [Valid] [80/90] | Loss: 0.4839 | Val Acc: 83.78%
2026-01-18 11:10:17,208 - INFO - [Metrics for 'abnormal'] | Precision: 0.8110 | Recall: 0.8471 | F1: 0.8287
2026-01-18 11:10:17,208 - INFO - [Metrics for 'normal'] | Precision: 0.8629 | Recall: 0.8297 | F1: 0.8459
2026-01-18 11:10:17,218 - INFO - --------------------------------------------------
2026-01-18 11:10:17,223 - INFO - [LR]    [81/90] | Learning Rate: 0.000127
2026-01-18 11:10:31,576 - INFO - [Train] [81/90] | Loss: 0.2385 | Train Acc: 98.44%
2026-01-18 11:10:35,211 - INFO - [Valid] [81/90] | Loss: 0.5011 | Val Acc: 82.60%
2026-01-18 11:10:35,239 - INFO - [Metrics for 'abnormal'] | Precision: 0.8101 | Recall: 0.8153 | F1: 0.8127
2026-01-18 11:10:35,239 - INFO - [Metrics for 'normal'] | Precision: 0.8398 | Recall: 0.8352 | F1: 0.8375
2026-01-18 11:10:35,249 - INFO - --------------------------------------------------
2026-01-18 11:10:35,254 - INFO - [LR]    [82/90] | Learning Rate: 0.000122
2026-01-18 11:10:50,916 - INFO - [Train] [82/90] | Loss: 0.2281 | Train Acc: 99.18%
2026-01-18 11:10:54,580 - INFO - [Valid] [82/90] | Loss: 0.5072 | Val Acc: 82.30%
2026-01-18 11:10:54,608 - INFO - [Metrics for 'abnormal'] | Precision: 0.7771 | Recall: 0.8662 | F1: 0.8193
2026-01-18 11:10:54,608 - INFO - [Metrics for 'normal'] | Precision: 0.8720 | Recall: 0.7857 | F1: 0.8266
2026-01-18 11:10:54,618 - INFO - --------------------------------------------------
2026-01-18 11:10:54,623 - INFO - [LR]    [83/90] | Learning Rate: 0.000117
2026-01-18 11:11:09,472 - INFO - [Train] [83/90] | Loss: 0.2338 | Train Acc: 98.96%
2026-01-18 11:11:12,921 - INFO - [Valid] [83/90] | Loss: 0.4924 | Val Acc: 82.60%
2026-01-18 11:11:12,946 - INFO - [Metrics for 'abnormal'] | Precision: 0.8141 | Recall: 0.8089 | F1: 0.8115
2026-01-18 11:11:12,947 - INFO - [Metrics for 'normal'] | Precision: 0.8361 | Recall: 0.8407 | F1: 0.8384
2026-01-18 11:11:12,954 - INFO - --------------------------------------------------
2026-01-18 11:11:12,958 - INFO - [LR]    [84/90] | Learning Rate: 0.000113
2026-01-18 11:11:26,971 - INFO - [Train] [84/90] | Loss: 0.2283 | Train Acc: 99.18%
2026-01-18 11:11:30,477 - INFO - [Valid] [84/90] | Loss: 0.4983 | Val Acc: 83.19%
2026-01-18 11:11:30,505 - INFO - [Metrics for 'abnormal'] | Precision: 0.8086 | Recall: 0.8344 | F1: 0.8213
2026-01-18 11:11:30,507 - INFO - [Metrics for 'normal'] | Precision: 0.8531 | Recall: 0.8297 | F1: 0.8412
2026-01-18 11:11:30,517 - INFO - --------------------------------------------------
2026-01-18 11:11:30,523 - INFO - [LR]    [85/90] | Learning Rate: 0.000110
2026-01-18 11:11:44,825 - INFO - [Train] [85/90] | Loss: 0.2307 | Train Acc: 99.18%
2026-01-18 11:11:48,684 - INFO - [Valid] [85/90] | Loss: 0.5377 | Val Acc: 84.37%
2026-01-18 11:11:48,715 - INFO - [Metrics for 'abnormal'] | Precision: 0.8210 | Recall: 0.8471 | F1: 0.8339
2026-01-18 11:11:48,716 - INFO - [Metrics for 'normal'] | Precision: 0.8644 | Recall: 0.8407 | F1: 0.8524
2026-01-18 11:11:48,726 - INFO - --------------------------------------------------
2026-01-18 11:11:48,733 - INFO - [LR]    [86/90] | Learning Rate: 0.000107
2026-01-18 11:12:03,771 - INFO - [Train] [86/90] | Loss: 0.2151 | Train Acc: 99.70%
2026-01-18 11:12:07,375 - INFO - [Valid] [86/90] | Loss: 0.5275 | Val Acc: 83.19%
2026-01-18 11:12:07,403 - INFO - [Metrics for 'abnormal'] | Precision: 0.8205 | Recall: 0.8153 | F1: 0.8179
2026-01-18 11:12:07,403 - INFO - [Metrics for 'normal'] | Precision: 0.8415 | Recall: 0.8462 | F1: 0.8438
2026-01-18 11:12:07,413 - INFO - --------------------------------------------------
2026-01-18 11:12:07,418 - INFO - [LR]    [87/90] | Learning Rate: 0.000104
2026-01-18 11:12:21,830 - INFO - [Train] [87/90] | Loss: 0.2119 | Train Acc: 99.85%
2026-01-18 11:12:25,515 - INFO - [Valid] [87/90] | Loss: 0.5742 | Val Acc: 84.66%
2026-01-18 11:12:25,543 - INFO - [Metrics for 'abnormal'] | Precision: 0.8947 | Recall: 0.7580 | F1: 0.8207
2026-01-18 11:12:25,544 - INFO - [Metrics for 'normal'] | Precision: 0.8155 | Recall: 0.9231 | F1: 0.8660
2026-01-18 11:12:25,555 - INFO - --------------------------------------------------
2026-01-18 11:12:25,562 - INFO - [LR]    [88/90] | Learning Rate: 0.000102
2026-01-18 11:12:39,831 - INFO - [Train] [88/90] | Loss: 0.2280 | Train Acc: 99.11%
2026-01-18 11:12:43,348 - INFO - [Valid] [88/90] | Loss: 0.5178 | Val Acc: 83.19%
2026-01-18 11:12:43,376 - INFO - [Metrics for 'abnormal'] | Precision: 0.8205 | Recall: 0.8153 | F1: 0.8179
2026-01-18 11:12:43,378 - INFO - [Metrics for 'normal'] | Precision: 0.8415 | Recall: 0.8462 | F1: 0.8438
2026-01-18 11:12:43,389 - INFO - --------------------------------------------------
2026-01-18 11:12:43,396 - INFO - [LR]    [89/90] | Learning Rate: 0.000101
2026-01-18 11:12:56,216 - INFO - [Train] [89/90] | Loss: 0.2227 | Train Acc: 99.26%
2026-01-18 11:12:59,822 - INFO - [Valid] [89/90] | Loss: 0.5073 | Val Acc: 83.19%
2026-01-18 11:12:59,857 - INFO - [Metrics for 'abnormal'] | Precision: 0.8012 | Recall: 0.8471 | F1: 0.8235
2026-01-18 11:12:59,858 - INFO - [Metrics for 'normal'] | Precision: 0.8613 | Recall: 0.8187 | F1: 0.8394
2026-01-18 11:12:59,869 - INFO - --------------------------------------------------
2026-01-18 11:12:59,876 - INFO - [LR]    [90/90] | Learning Rate: 0.000100
2026-01-18 11:13:15,356 - INFO - [Train] [90/90] | Loss: 0.2426 | Train Acc: 98.36%
2026-01-18 11:13:19,927 - INFO - [Valid] [90/90] | Loss: 0.6209 | Val Acc: 79.94%
2026-01-18 11:13:19,983 - INFO - [Metrics for 'abnormal'] | Precision: 0.8560 | Recall: 0.6815 | F1: 0.7589
2026-01-18 11:13:19,988 - INFO - [Metrics for 'normal'] | Precision: 0.7664 | Recall: 0.9011 | F1: 0.8283
2026-01-18 11:13:20,014 - INFO - ==================================================
2026-01-18 11:13:20,015 - INFO - 훈련 완료. 최고 성능 모델을 불러와 테스트 세트로 최종 평가합니다.
2026-01-18 11:13:20,018 - INFO - 최종 평가를 위해 새로운 모델 객체를 생성합니다.
2026-01-18 11:13:20,022 - INFO - Baseline 모델 'mobilenet_v4_s'을(를) 생성합니다 (사전 훈련 가중치: 미사용).
2026-01-18 11:13:20,666 - INFO - 최고 성능 모델 가중치를 새로 생성된 모델 객체에 로드 완료: 'log/Sewer-TAPNEW/baseline_mobilenet_v4_s_20260118_104628/best_model.pth'
2026-01-18 11:13:20,666 - INFO - ==================================================
2026-01-18 11:13:20,667 - INFO - Test 모드를 시작합니다.
2026-01-18 11:13:20,974 - INFO - 연산량 (MACs): 0.1926 GMACs per sample
2026-01-18 11:13:20,975 - INFO - 연산량 (FLOPs): 0.3853 GFLOPs per sample
2026-01-18 11:13:20,975 - INFO - ==================================================
2026-01-18 11:13:20,975 - INFO - GPU 캐시를 비우고 측정을 시작합니다.
2026-01-18 11:13:23,030 - INFO - 샘플 당 평균 Forward Pass 시간: 9.37ms (std: 0.87ms), FPS: 107.51 (std: 8.45) (1개 샘플 x 100회 반복)
2026-01-18 11:13:23,030 - INFO - 샘플 당 Forward Pass 시 최대 GPU 메모리 사용량: 70.42 MB
2026-01-18 11:13:23,030 - INFO - 테스트 데이터셋에 대한 추론을 시작합니다.
2026-01-18 11:13:28,172 - INFO - [Test] Loss: 0.3844 | Test Acc: 84.66%
2026-01-18 11:13:28,206 - INFO - [Metrics for 'abnormal'] | Precision: 0.8144 | Recall: 0.8662 | F1: 0.8395
2026-01-18 11:13:28,206 - INFO - [Metrics for 'normal'] | Precision: 0.8779 | Recall: 0.8297 | F1: 0.8531
2026-01-18 11:13:29,771 - INFO - ==================================================
2026-01-18 11:13:29,773 - INFO - 혼동 행렬 저장 완료. 'log/Sewer-TAPNEW/baseline_mobilenet_v4_s_20260118_104628/confusion_matrix_20260118_104628.png' and 'log/Sewer-TAPNEW/baseline_mobilenet_v4_s_20260118_104628/confusion_matrix_20260118_104628.pdf'
2026-01-18 11:13:29,773 - INFO - ==================================================
2026-01-18 11:13:29,773 - INFO - ONNX 변환 및 평가를 시작합니다.
2026-01-18 11:13:33,872 - INFO - 모델이 ONNX 형식으로 변환되어 'log/Sewer-TAPNEW/baseline_mobilenet_v4_s_20260118_104628/model_fp32_20260118_104628.onnx'에 저장되었습니다. (크기: 9.49 MB)
2026-01-18 11:13:34,683 - INFO - [Model Load] ONNX 모델(FP32) 로드 중 피크 메모리 - 모델 로드 전 청소 직후 메모리: 45.46 MB
2026-01-18 11:13:34,683 - INFO - ONNX 런타임의 샘플 당 Forward Pass 시간 측정을 시작합니다...
2026-01-18 11:13:36,041 - INFO - 샘플 당 평균 Forward Pass 시간 (ONNX, CPU): 6.88ms (std: 2.14ms)
2026-01-18 11:13:36,042 - INFO - 샘플 당 평균 FPS (ONNX, CPU): 156.66 FPS (std: 37.02) (1개 샘플 x 100회 반복)
2026-01-18 11:13:36,042 - INFO - [Inference] 추론 중 피크 메모리 - 모델 로드 후 메모리 정리 직후 메모리: 0.00 MB
2026-01-18 11:13:36,042 - INFO - [Total] (FP32) 추론 중 피크 메모리 - 모델 로드 전 청소 직후 메모리: 28.29 MB
2026-01-18 11:13:39,632 - INFO - [Test (ONNX)] | Test Acc (ONNX): 84.66%
2026-01-18 11:13:39,659 - INFO - [Metrics for 'abnormal' (ONNX)] | Precision: 0.8144 | Recall: 0.8662 | F1: 0.8395
2026-01-18 11:13:39,659 - INFO - [Metrics for 'normal' (ONNX)] | Precision: 0.8779 | Recall: 0.8297 | F1: 0.8531
2026-01-18 11:13:40,926 - INFO - Val Acc 그래프 저장 완료: 'log/Sewer-TAPNEW/baseline_mobilenet_v4_s_20260118_104628/graph_20260118_104628/val_acc.png' and 'log/Sewer-TAPNEW/baseline_mobilenet_v4_s_20260118_104628/graph_20260118_104628/val_acc.pdf'
2026-01-18 11:13:41,874 - INFO - Train/Val Acc 그래프 저장 완료: 'log/Sewer-TAPNEW/baseline_mobilenet_v4_s_20260118_104628/graph_20260118_104628/train_val_acc.png' and 'log/Sewer-TAPNEW/baseline_mobilenet_v4_s_20260118_104628/graph_20260118_104628/train_val_acc.pdf'
2026-01-18 11:13:42,660 - INFO - F1 (normal) 그래프 저장 완료: 'log/Sewer-TAPNEW/baseline_mobilenet_v4_s_20260118_104628/graph_20260118_104628/F1_normal.png' and 'log/Sewer-TAPNEW/baseline_mobilenet_v4_s_20260118_104628/graph_20260118_104628/F1_normal.pdf'
2026-01-18 11:13:43,406 - INFO - Validation Loss 그래프 저장 완료: 'log/Sewer-TAPNEW/baseline_mobilenet_v4_s_20260118_104628/graph_20260118_104628/val_loss.png' and 'log/Sewer-TAPNEW/baseline_mobilenet_v4_s_20260118_104628/graph_20260118_104628/val_loss.pdf'
2026-01-18 11:13:44,546 - INFO - Learning Rate 그래프 저장 완료: 'log/Sewer-TAPNEW/baseline_mobilenet_v4_s_20260118_104628/graph_20260118_104628/learning_rate.png' and 'log/Sewer-TAPNEW/baseline_mobilenet_v4_s_20260118_104628/graph_20260118_104628/learning_rate.pdf'
2026-01-18 11:13:53,988 - INFO - 종합 그래프 저장 완료: 'log/Sewer-TAPNEW/baseline_mobilenet_v4_s_20260118_104628/graph_20260118_104628/compile.png' and 'log/Sewer-TAPNEW/baseline_mobilenet_v4_s_20260118_104628/graph_20260118_104628/compile.pdf'
