2026-01-11 11:40:44,170 - INFO - 로그 파일이 'log/Sewer-ML/baseline_xie2019_20260111_114044/log_20260111_114044.log'에 저장됩니다.
2026-01-11 11:40:44,172 - INFO - ==================================================
2026-01-11 11:40:44,172 - INFO - config.yaml:
2026-01-11 11:40:44,172 - INFO - 
run:
  global_seed: 42
  cuda: true
  mode: train
  pth_best_name: best_model.pth
  evaluate_onnx: true
  only_inference: false
  show_log: true
  dataset:
    name: Sewer-ML
    type: csv
    train_split_ratio: 0.8
    paths:
      train_img_dir: /home/user/workspace/disk/nvme1/data/Sewer/Sewer-ML/train
      valid_img_dir: /home/user/workspace/disk/nvme1/data/Sewer/Sewer-ML/valid
      test_img_dir: /home/user/workspace/disk/nvme1/data/Sewer/Sewer-ML/valid
      train_csv: /home/user/workspace/disk/nvme1/data/Sewer/Sewer-ML/SewerML_Train.csv
      valid_csv: /home/user/workspace/disk/nvme1/data/Sewer/Sewer-ML/SewerML_Val.csv
      test_csv: /home/user/workspace/disk/nvme1/data/Sewer/Sewer-ML/SewerML_Val.csv
  random_sampling_ratio:
    train: 1.0
    valid: 1.0
    test: 1.0
  num_workers: 16
training_run:
  epochs: 90
  batch_size: 16
  pre_trained: false
  optimizer: adamw
  lr: 0.001
  weight_decay: 0.0001
  loss_function: CrossEntropyLoss
  label_smoothing: 0.1
  warmup:
    enabled: false
    epochs: 5
    start_lr: 1.0e-05
  scheduler: cosineannealinglr
  scheduler_params:
    T_max: 90
    eta_min: 0.0001
  best_model_criterion: val_loss
training_baseline:
  epochs: 90
  batch_size: 256
  pre_trained: false
  optimizer: adamw
  lr: 0.001
  weight_decay: 0.0001
  loss_function: CrossEntropyLoss
  label_smoothing: 0.1
  warmup:
    enabled: false
    epochs: 5
    start_lr: 1.0e-05
  scheduler: cosineannealinglr
  scheduler_params:
    T_max: 10
    eta_min: 0.0001
  best_model_criterion: val_loss
finetuning_pruned:
  epochs: 80
  batch_size: 16
  optimizer: adamw
  lr: 0.001
  weight_decay: 0.0001
  loss_function: CrossEntropyLoss
  label_smoothing: 0.1
  warmup:
    enabled: false
    epochs: 5
    start_lr: 1.0e-06
  scheduler: cosineannealinglr
  scheduler_params:
    T_max: 80
    eta_min: 0.0001
  best_model_criterion: val_loss
model:
  img_size: 224
  patch_size: 56
  stride: 56
  cnn_feature_extractor:
    name: efficientnet_b0_feat2
  featured_patch_dim: 24
  emb_dim: 24
  num_heads: 2
  num_decoder_layers: 2
  num_decoder_patches: 1
  adaptive_initial_query: true
  decoder_ff_ratio: 2
  dropout: 0.1
  positional_encoding: true
  res_attention: true
  save_attention: true
  num_plot_attention: 0
baseline:
  model_name: xie2019

2026-01-11 11:40:44,172 - INFO - ==================================================
2026-01-11 11:40:44,348 - INFO - CUDA 사용 가능. GPU 사용을 시작합니다. (Device: NVIDIA GeForce RTX 5090)
2026-01-11 11:40:44,348 - INFO - 'Sewer-ML' 데이터 로드를 시작합니다 (Type: csv).
2026-01-11 11:40:44,919 - INFO - 데이터셋 클래스: ['Normal', 'Defect'] (총 2개)
2026-01-11 11:40:44,920 - INFO - 훈련 데이터: 1040129개, 검증 데이터: 130046개, 테스트 데이터: 130046개
2026-01-11 11:40:44,920 - INFO - Baseline 모델 'xie2019'을(를) 생성합니다 (사전 훈련 가중치: 미사용).
2026-01-11 11:40:45,021 - INFO - ==================================================
2026-01-11 11:40:45,021 - INFO - 모델 파라미터 수:
2026-01-11 11:40:45,021 - INFO -   - 총 파라미터: 9,160,194 개
2026-01-11 11:40:45,021 - INFO -   - 학습 가능한 파라미터: 9,160,194 개
2026-01-11 11:40:45,021 - INFO - ================================================================================
2026-01-11 11:40:45,021 - INFO - 단계 1/2: 사전 훈련(Pre-training)을 시작합니다.
2026-01-11 11:40:45,021 - INFO - ================================================================================
2026-01-11 11:40:45,021 - INFO - 옵티마이저: AdamW (lr=0.001, weight_decay=0.0001)
2026-01-11 11:40:45,021 - INFO - 스케줄러: CosineAnnealingLR (T_max=10, eta_min=0.0001)
2026-01-11 11:40:45,021 - INFO - ==================================================
2026-01-11 11:40:45,021 - INFO - train 모드를 시작합니다.
2026-01-11 11:40:45,022 - INFO - 손실 함수: CrossEntropyLoss (label_smoothing: 0.1)
2026-01-11 11:40:45,022 - INFO - Best metric을 초기값(inf)으로 설정합니다.
2026-01-11 11:40:45,022 - INFO - --------------------------------------------------
2026-01-11 11:40:45,022 - INFO - [LR]    [1/90] | Learning Rate: 0.001000
2026-01-11 11:48:11,717 - INFO - [Train] [1/90] | Loss: 0.4775 | Train Acc: 81.84%
2026-01-11 11:48:50,259 - INFO - [Valid] [1/90] | Loss: 0.4429 | Val Acc: 84.30%
2026-01-11 11:48:50,412 - INFO - [Metrics for 'Normal'] | Precision: 0.8442 | Recall: 0.8618 | F1: 0.8529
2026-01-11 11:48:50,412 - INFO - [Metrics for 'Defect'] | Precision: 0.8417 | Recall: 0.8220 | F1: 0.8317
2026-01-11 11:48:50,496 - INFO - [Best Model Saved] (val loss: 0.4429) -> 'log/Sewer-ML/baseline_xie2019_20260111_114044/best_model.pth'
2026-01-11 11:48:50,496 - INFO - --------------------------------------------------
2026-01-11 11:48:50,496 - INFO - [LR]    [2/90] | Learning Rate: 0.000978
2026-01-11 11:56:19,262 - INFO - [Train] [2/90] | Loss: 0.4498 | Train Acc: 84.11%
2026-01-11 11:56:57,591 - INFO - [Valid] [2/90] | Loss: 0.4333 | Val Acc: 85.35%
2026-01-11 11:56:57,710 - INFO - [Metrics for 'Normal'] | Precision: 0.8744 | Recall: 0.8438 | F1: 0.8588
2026-01-11 11:56:57,710 - INFO - [Metrics for 'Defect'] | Precision: 0.8318 | Recall: 0.8644 | F1: 0.8478
2026-01-11 11:56:57,783 - INFO - [Best Model Saved] (val loss: 0.4333) -> 'log/Sewer-ML/baseline_xie2019_20260111_114044/best_model.pth'
2026-01-11 11:56:57,783 - INFO - --------------------------------------------------
2026-01-11 11:56:57,783 - INFO - [LR]    [3/90] | Learning Rate: 0.000914
2026-01-11 12:04:27,877 - INFO - [Train] [3/90] | Loss: 0.4408 | Train Acc: 84.83%
2026-01-11 12:05:06,154 - INFO - [Valid] [3/90] | Loss: 0.4228 | Val Acc: 86.39%
2026-01-11 12:05:06,284 - INFO - [Metrics for 'Normal'] | Precision: 0.8758 | Recall: 0.8649 | F1: 0.8703
2026-01-11 12:05:06,284 - INFO - [Metrics for 'Defect'] | Precision: 0.8509 | Recall: 0.8627 | F1: 0.8568
2026-01-11 12:05:06,357 - INFO - [Best Model Saved] (val loss: 0.4228) -> 'log/Sewer-ML/baseline_xie2019_20260111_114044/best_model.pth'
2026-01-11 12:05:06,357 - INFO - --------------------------------------------------
2026-01-11 12:05:06,357 - INFO - [LR]    [4/90] | Learning Rate: 0.000815
2026-01-11 12:12:38,106 - INFO - [Train] [4/90] | Loss: 0.4326 | Train Acc: 85.41%
2026-01-11 12:13:16,686 - INFO - [Valid] [4/90] | Loss: 0.4182 | Val Acc: 86.54%
2026-01-11 12:13:16,815 - INFO - [Metrics for 'Normal'] | Precision: 0.8819 | Recall: 0.8604 | F1: 0.8710
2026-01-11 12:13:16,815 - INFO - [Metrics for 'Defect'] | Precision: 0.8479 | Recall: 0.8710 | F1: 0.8593
2026-01-11 12:13:16,889 - INFO - [Best Model Saved] (val loss: 0.4182) -> 'log/Sewer-ML/baseline_xie2019_20260111_114044/best_model.pth'
2026-01-11 12:13:16,889 - INFO - --------------------------------------------------
2026-01-11 12:13:16,889 - INFO - [LR]    [5/90] | Learning Rate: 0.000689
2026-01-11 12:20:49,790 - INFO - [Train] [5/90] | Loss: 0.4249 | Train Acc: 85.94%
2026-01-11 12:21:28,102 - INFO - [Valid] [5/90] | Loss: 0.4174 | Val Acc: 86.70%
2026-01-11 12:21:28,232 - INFO - [Metrics for 'Normal'] | Precision: 0.8514 | Recall: 0.9063 | F1: 0.8780
2026-01-11 12:21:28,232 - INFO - [Metrics for 'Defect'] | Precision: 0.8870 | Recall: 0.8229 | F1: 0.8537
2026-01-11 12:21:28,304 - INFO - [Best Model Saved] (val loss: 0.4174) -> 'log/Sewer-ML/baseline_xie2019_20260111_114044/best_model.pth'
2026-01-11 12:21:28,304 - INFO - --------------------------------------------------
2026-01-11 12:21:28,304 - INFO - [LR]    [6/90] | Learning Rate: 0.000550
2026-01-11 12:29:01,146 - INFO - [Train] [6/90] | Loss: 0.4167 | Train Acc: 86.49%
2026-01-11 12:29:39,884 - INFO - [Valid] [6/90] | Loss: 0.4069 | Val Acc: 87.31%
2026-01-11 12:29:40,005 - INFO - [Metrics for 'Normal'] | Precision: 0.8692 | Recall: 0.8944 | F1: 0.8816
2026-01-11 12:29:40,005 - INFO - [Metrics for 'Defect'] | Precision: 0.8778 | Recall: 0.8494 | F1: 0.8634
2026-01-11 12:29:40,079 - INFO - [Best Model Saved] (val loss: 0.4069) -> 'log/Sewer-ML/baseline_xie2019_20260111_114044/best_model.pth'
2026-01-11 12:29:40,080 - INFO - --------------------------------------------------
2026-01-11 12:29:40,080 - INFO - [LR]    [7/90] | Learning Rate: 0.000411
2026-01-11 12:37:12,068 - INFO - [Train] [7/90] | Loss: 0.4097 | Train Acc: 86.93%
2026-01-11 12:37:50,705 - INFO - [Valid] [7/90] | Loss: 0.4087 | Val Acc: 87.70%
2026-01-11 12:37:50,836 - INFO - [Metrics for 'Normal'] | Precision: 0.8918 | Recall: 0.8731 | F1: 0.8823
2026-01-11 12:37:50,836 - INFO - [Metrics for 'Defect'] | Precision: 0.8612 | Recall: 0.8814 | F1: 0.8712
2026-01-11 12:37:50,877 - INFO - --------------------------------------------------
2026-01-11 12:37:50,877 - INFO - [LR]    [8/90] | Learning Rate: 0.000285
2026-01-11 12:45:23,038 - INFO - [Train] [8/90] | Loss: 0.4031 | Train Acc: 87.39%
2026-01-11 12:46:01,478 - INFO - [Valid] [8/90] | Loss: 0.4023 | Val Acc: 87.83%
2026-01-11 12:46:01,608 - INFO - [Metrics for 'Normal'] | Precision: 0.8862 | Recall: 0.8831 | F1: 0.8846
2026-01-11 12:46:01,608 - INFO - [Metrics for 'Defect'] | Precision: 0.8696 | Recall: 0.8731 | F1: 0.8713
2026-01-11 12:46:01,683 - INFO - [Best Model Saved] (val loss: 0.4023) -> 'log/Sewer-ML/baseline_xie2019_20260111_114044/best_model.pth'
2026-01-11 12:46:01,683 - INFO - --------------------------------------------------
2026-01-11 12:46:01,683 - INFO - [LR]    [9/90] | Learning Rate: 0.000186
2026-01-11 12:53:33,603 - INFO - [Train] [9/90] | Loss: 0.3976 | Train Acc: 87.72%
2026-01-11 12:54:11,964 - INFO - [Valid] [9/90] | Loss: 0.3972 | Val Acc: 88.15%
2026-01-11 12:54:12,095 - INFO - [Metrics for 'Normal'] | Precision: 0.8893 | Recall: 0.8858 | F1: 0.8876
2026-01-11 12:54:12,095 - INFO - [Metrics for 'Defect'] | Precision: 0.8728 | Recall: 0.8766 | F1: 0.8747
2026-01-11 12:54:12,170 - INFO - [Best Model Saved] (val loss: 0.3972) -> 'log/Sewer-ML/baseline_xie2019_20260111_114044/best_model.pth'
2026-01-11 12:54:12,171 - INFO - --------------------------------------------------
2026-01-11 12:54:12,171 - INFO - [LR]    [10/90] | Learning Rate: 0.000122
2026-01-11 13:01:43,524 - INFO - [Train] [10/90] | Loss: 0.3935 | Train Acc: 88.00%
2026-01-11 13:02:21,712 - INFO - [Valid] [10/90] | Loss: 0.3941 | Val Acc: 88.30%
2026-01-11 13:02:21,832 - INFO - [Metrics for 'Normal'] | Precision: 0.8955 | Recall: 0.8814 | F1: 0.8884
2026-01-11 13:02:21,832 - INFO - [Metrics for 'Defect'] | Precision: 0.8695 | Recall: 0.8849 | F1: 0.8771
2026-01-11 13:02:21,905 - INFO - [Best Model Saved] (val loss: 0.3941) -> 'log/Sewer-ML/baseline_xie2019_20260111_114044/best_model.pth'
2026-01-11 13:02:21,905 - INFO - --------------------------------------------------
2026-01-11 13:02:21,905 - INFO - [LR]    [11/90] | Learning Rate: 0.000100
2026-01-11 13:09:53,941 - INFO - [Train] [11/90] | Loss: 0.3908 | Train Acc: 88.17%
2026-01-11 13:10:32,481 - INFO - [Valid] [11/90] | Loss: 0.3937 | Val Acc: 88.36%
2026-01-11 13:10:32,612 - INFO - [Metrics for 'Normal'] | Precision: 0.8918 | Recall: 0.8872 | F1: 0.8895
2026-01-11 13:10:32,612 - INFO - [Metrics for 'Defect'] | Precision: 0.8745 | Recall: 0.8795 | F1: 0.8770
2026-01-11 13:10:32,686 - INFO - [Best Model Saved] (val loss: 0.3937) -> 'log/Sewer-ML/baseline_xie2019_20260111_114044/best_model.pth'
2026-01-11 13:10:32,686 - INFO - --------------------------------------------------
2026-01-11 13:10:32,686 - INFO - [LR]    [12/90] | Learning Rate: 0.000122
2026-01-11 13:18:06,557 - INFO - [Train] [12/90] | Loss: 0.3902 | Train Acc: 88.21%
2026-01-11 13:18:45,097 - INFO - [Valid] [12/90] | Loss: 0.3908 | Val Acc: 88.39%
2026-01-11 13:18:45,263 - INFO - [Metrics for 'Normal'] | Precision: 0.8918 | Recall: 0.8878 | F1: 0.8898
2026-01-11 13:18:45,263 - INFO - [Metrics for 'Defect'] | Precision: 0.8751 | Recall: 0.8795 | F1: 0.8773
2026-01-11 13:18:45,356 - INFO - [Best Model Saved] (val loss: 0.3908) -> 'log/Sewer-ML/baseline_xie2019_20260111_114044/best_model.pth'
2026-01-11 13:18:45,356 - INFO - --------------------------------------------------
2026-01-11 13:18:45,356 - INFO - [LR]    [13/90] | Learning Rate: 0.000186
2026-01-11 13:26:19,247 - INFO - [Train] [13/90] | Loss: 0.3910 | Train Acc: 88.18%
2026-01-11 13:26:57,294 - INFO - [Valid] [13/90] | Loss: 0.3912 | Val Acc: 88.38%
2026-01-11 13:26:57,460 - INFO - [Metrics for 'Normal'] | Precision: 0.8926 | Recall: 0.8865 | F1: 0.8896
2026-01-11 13:26:57,460 - INFO - [Metrics for 'Defect'] | Precision: 0.8740 | Recall: 0.8806 | F1: 0.8773
2026-01-11 13:26:57,514 - INFO - --------------------------------------------------
2026-01-11 13:26:57,515 - INFO - [LR]    [14/90] | Learning Rate: 0.000285
2026-01-11 13:34:30,465 - INFO - [Train] [14/90] | Loss: 0.3928 | Train Acc: 88.07%
2026-01-11 13:35:08,689 - INFO - [Valid] [14/90] | Loss: 0.3951 | Val Acc: 88.21%
2026-01-11 13:35:08,821 - INFO - [Metrics for 'Normal'] | Precision: 0.8803 | Recall: 0.8989 | F1: 0.8895
2026-01-11 13:35:08,821 - INFO - [Metrics for 'Defect'] | Precision: 0.8841 | Recall: 0.8632 | F1: 0.8735
2026-01-11 13:35:08,862 - INFO - --------------------------------------------------
2026-01-11 13:35:08,862 - INFO - [LR]    [15/90] | Learning Rate: 0.000411
2026-01-11 13:42:42,118 - INFO - [Train] [15/90] | Loss: 0.3962 | Train Acc: 87.88%
2026-01-11 13:43:20,700 - INFO - [Valid] [15/90] | Loss: 0.3957 | Val Acc: 88.20%
2026-01-11 13:43:20,832 - INFO - [Metrics for 'Normal'] | Precision: 0.8903 | Recall: 0.8856 | F1: 0.8880
2026-01-11 13:43:20,832 - INFO - [Metrics for 'Defect'] | Precision: 0.8727 | Recall: 0.8779 | F1: 0.8753
2026-01-11 13:43:20,873 - INFO - --------------------------------------------------
2026-01-11 13:43:20,873 - INFO - [LR]    [16/90] | Learning Rate: 0.000550
2026-01-11 13:50:53,909 - INFO - [Train] [16/90] | Loss: 0.4001 | Train Acc: 87.66%
2026-01-11 13:51:32,512 - INFO - [Valid] [16/90] | Loss: 0.3996 | Val Acc: 87.94%
2026-01-11 13:51:32,642 - INFO - [Metrics for 'Normal'] | Precision: 0.8788 | Recall: 0.8952 | F1: 0.8869
2026-01-11 13:51:32,642 - INFO - [Metrics for 'Defect'] | Precision: 0.8802 | Recall: 0.8618 | F1: 0.8709
2026-01-11 13:51:32,684 - INFO - --------------------------------------------------
2026-01-11 13:51:32,684 - INFO - [LR]    [17/90] | Learning Rate: 0.000689
2026-01-11 13:59:05,373 - INFO - [Train] [17/90] | Loss: 0.4043 | Train Acc: 87.44%
2026-01-11 13:59:43,751 - INFO - [Valid] [17/90] | Loss: 0.4052 | Val Acc: 87.82%
2026-01-11 13:59:43,919 - INFO - [Metrics for 'Normal'] | Precision: 0.9063 | Recall: 0.8581 | F1: 0.8815
2026-01-11 13:59:43,919 - INFO - [Metrics for 'Defect'] | Precision: 0.8501 | Recall: 0.9007 | F1: 0.8747
2026-01-11 13:59:43,972 - INFO - --------------------------------------------------
2026-01-11 13:59:43,972 - INFO - [LR]    [18/90] | Learning Rate: 0.000815
2026-01-11 14:07:17,275 - INFO - [Train] [18/90] | Loss: 0.4078 | Train Acc: 87.25%
2026-01-11 14:07:55,638 - INFO - [Valid] [18/90] | Loss: 0.4078 | Val Acc: 87.76%
2026-01-11 14:07:55,770 - INFO - [Metrics for 'Normal'] | Precision: 0.8946 | Recall: 0.8708 | F1: 0.8826
2026-01-11 14:07:55,770 - INFO - [Metrics for 'Defect'] | Precision: 0.8596 | Recall: 0.8851 | F1: 0.8722
2026-01-11 14:07:55,811 - INFO - --------------------------------------------------
2026-01-11 14:07:55,812 - INFO - [LR]    [19/90] | Learning Rate: 0.000914
2026-01-11 14:15:28,150 - INFO - [Train] [19/90] | Loss: 0.4115 | Train Acc: 87.04%
2026-01-11 14:16:06,570 - INFO - [Valid] [19/90] | Loss: 0.4122 | Val Acc: 87.61%
2026-01-11 14:16:06,703 - INFO - [Metrics for 'Normal'] | Precision: 0.8743 | Recall: 0.8939 | F1: 0.8840
2026-01-11 14:16:06,703 - INFO - [Metrics for 'Defect'] | Precision: 0.8782 | Recall: 0.8562 | F1: 0.8671
2026-01-11 14:16:06,745 - INFO - --------------------------------------------------
2026-01-11 14:16:06,745 - INFO - [LR]    [20/90] | Learning Rate: 0.000978
2026-01-11 14:23:38,819 - INFO - [Train] [20/90] | Loss: 0.4137 | Train Acc: 86.96%
2026-01-11 14:24:17,045 - INFO - [Valid] [20/90] | Loss: 0.4149 | Val Acc: 87.71%
2026-01-11 14:24:17,177 - INFO - [Metrics for 'Normal'] | Precision: 0.8973 | Recall: 0.8664 | F1: 0.8816
2026-01-11 14:24:17,177 - INFO - [Metrics for 'Defect'] | Precision: 0.8560 | Recall: 0.8890 | F1: 0.8722
2026-01-11 14:24:17,219 - INFO - --------------------------------------------------
2026-01-11 14:24:17,219 - INFO - [LR]    [21/90] | Learning Rate: 0.001000
2026-01-11 14:31:50,646 - INFO - [Train] [21/90] | Loss: 0.4136 | Train Acc: 87.00%
2026-01-11 14:32:28,704 - INFO - [Valid] [21/90] | Loss: 0.4123 | Val Acc: 87.82%
2026-01-11 14:32:28,836 - INFO - [Metrics for 'Normal'] | Precision: 0.8817 | Recall: 0.8885 | F1: 0.8851
2026-01-11 14:32:28,836 - INFO - [Metrics for 'Defect'] | Precision: 0.8741 | Recall: 0.8666 | F1: 0.8703
2026-01-11 14:32:28,879 - INFO - --------------------------------------------------
2026-01-11 14:32:28,879 - INFO - [LR]    [22/90] | Learning Rate: 0.000978
2026-01-11 14:40:01,407 - INFO - [Train] [22/90] | Loss: 0.4129 | Train Acc: 87.04%
2026-01-11 14:40:39,707 - INFO - [Valid] [22/90] | Loss: 0.4163 | Val Acc: 87.31%
2026-01-11 14:40:39,839 - INFO - [Metrics for 'Normal'] | Precision: 0.8616 | Recall: 0.9052 | F1: 0.8829
2026-01-11 14:40:39,839 - INFO - [Metrics for 'Defect'] | Precision: 0.8876 | Recall: 0.8372 | F1: 0.8616
2026-01-11 14:40:39,881 - INFO - --------------------------------------------------
2026-01-11 14:40:39,881 - INFO - [LR]    [23/90] | Learning Rate: 0.000914
2026-01-11 14:48:11,881 - INFO - [Train] [23/90] | Loss: 0.4100 | Train Acc: 87.22%
2026-01-11 14:48:50,099 - INFO - [Valid] [23/90] | Loss: 0.4035 | Val Acc: 88.05%
2026-01-11 14:48:50,221 - INFO - [Metrics for 'Normal'] | Precision: 0.8900 | Recall: 0.8828 | F1: 0.8864
2026-01-11 14:48:50,221 - INFO - [Metrics for 'Defect'] | Precision: 0.8700 | Recall: 0.8779 | F1: 0.8739
2026-01-11 14:48:50,263 - INFO - --------------------------------------------------
2026-01-11 14:48:50,263 - INFO - [LR]    [24/90] | Learning Rate: 0.000815
2026-01-11 14:56:22,365 - INFO - [Train] [24/90] | Loss: 0.4056 | Train Acc: 87.52%
2026-01-11 14:57:00,351 - INFO - [Valid] [24/90] | Loss: 0.4050 | Val Acc: 87.95%
2026-01-11 14:57:00,518 - INFO - [Metrics for 'Normal'] | Precision: 0.8802 | Recall: 0.8935 | F1: 0.8868
2026-01-11 14:57:00,519 - INFO - [Metrics for 'Defect'] | Precision: 0.8787 | Recall: 0.8639 | F1: 0.8712
2026-01-11 14:57:00,573 - INFO - --------------------------------------------------
2026-01-11 14:57:00,573 - INFO - [LR]    [25/90] | Learning Rate: 0.000689
2026-01-11 15:04:33,403 - INFO - [Train] [25/90] | Loss: 0.4003 | Train Acc: 87.81%
2026-01-11 15:05:11,511 - INFO - [Valid] [25/90] | Loss: 0.4001 | Val Acc: 88.23%
2026-01-11 15:05:11,645 - INFO - [Metrics for 'Normal'] | Precision: 0.8825 | Recall: 0.8965 | F1: 0.8894
2026-01-11 15:05:11,645 - INFO - [Metrics for 'Defect'] | Precision: 0.8821 | Recall: 0.8664 | F1: 0.8742
2026-01-11 15:05:11,687 - INFO - --------------------------------------------------
2026-01-11 15:05:11,687 - INFO - [LR]    [26/90] | Learning Rate: 0.000550
2026-01-11 15:12:44,088 - INFO - [Train] [26/90] | Loss: 0.3946 | Train Acc: 88.19%
2026-01-11 15:13:22,546 - INFO - [Valid] [26/90] | Loss: 0.4006 | Val Acc: 88.53%
2026-01-11 15:13:22,678 - INFO - [Metrics for 'Normal'] | Precision: 0.8963 | Recall: 0.8853 | F1: 0.8907
2026-01-11 15:13:22,678 - INFO - [Metrics for 'Defect'] | Precision: 0.8733 | Recall: 0.8853 | F1: 0.8793
2026-01-11 15:13:22,720 - INFO - --------------------------------------------------
2026-01-11 15:13:22,720 - INFO - [LR]    [27/90] | Learning Rate: 0.000411
2026-01-11 15:20:54,958 - INFO - [Train] [27/90] | Loss: 0.3883 | Train Acc: 88.55%
2026-01-11 15:21:33,083 - INFO - [Valid] [27/90] | Loss: 0.3976 | Val Acc: 88.56%
2026-01-11 15:21:33,206 - INFO - [Metrics for 'Normal'] | Precision: 0.8897 | Recall: 0.8942 | F1: 0.8920
2026-01-11 15:21:33,206 - INFO - [Metrics for 'Defect'] | Precision: 0.8809 | Recall: 0.8759 | F1: 0.8784
2026-01-11 15:21:33,247 - INFO - --------------------------------------------------
2026-01-11 15:21:33,247 - INFO - [LR]    [28/90] | Learning Rate: 0.000285
2026-01-11 15:29:05,063 - INFO - [Train] [28/90] | Loss: 0.3826 | Train Acc: 88.92%
2026-01-11 15:29:43,307 - INFO - [Valid] [28/90] | Loss: 0.3916 | Val Acc: 88.86%
2026-01-11 15:29:43,440 - INFO - [Metrics for 'Normal'] | Precision: 0.8911 | Recall: 0.8988 | F1: 0.8950
2026-01-11 15:29:43,440 - INFO - [Metrics for 'Defect'] | Precision: 0.8857 | Recall: 0.8771 | F1: 0.8814
2026-01-11 15:29:43,482 - INFO - --------------------------------------------------
2026-01-11 15:29:43,483 - INFO - [LR]    [29/90] | Learning Rate: 0.000186
2026-01-11 15:37:16,323 - INFO - [Train] [29/90] | Loss: 0.3779 | Train Acc: 89.17%
2026-01-11 15:37:54,458 - INFO - [Valid] [29/90] | Loss: 0.3880 | Val Acc: 89.17%
2026-01-11 15:37:54,591 - INFO - [Metrics for 'Normal'] | Precision: 0.9035 | Recall: 0.8900 | F1: 0.8967
2026-01-11 15:37:54,591 - INFO - [Metrics for 'Defect'] | Precision: 0.8789 | Recall: 0.8936 | F1: 0.8862
2026-01-11 15:37:54,667 - INFO - [Best Model Saved] (val loss: 0.3880) -> 'log/Sewer-ML/baseline_xie2019_20260111_114044/best_model.pth'
2026-01-11 15:37:54,667 - INFO - --------------------------------------------------
2026-01-11 15:37:54,667 - INFO - [LR]    [30/90] | Learning Rate: 0.000122
2026-01-11 15:45:29,741 - INFO - [Train] [30/90] | Loss: 0.3743 | Train Acc: 89.43%
2026-01-11 15:46:07,955 - INFO - [Valid] [30/90] | Loss: 0.3836 | Val Acc: 89.18%
2026-01-11 15:46:08,089 - INFO - [Metrics for 'Normal'] | Precision: 0.8948 | Recall: 0.9010 | F1: 0.8979
2026-01-11 15:46:08,089 - INFO - [Metrics for 'Defect'] | Precision: 0.8884 | Recall: 0.8814 | F1: 0.8849
2026-01-11 15:46:08,164 - INFO - [Best Model Saved] (val loss: 0.3836) -> 'log/Sewer-ML/baseline_xie2019_20260111_114044/best_model.pth'
2026-01-11 15:46:08,164 - INFO - --------------------------------------------------
2026-01-11 15:46:08,164 - INFO - [LR]    [31/90] | Learning Rate: 0.000100
2026-01-11 15:53:40,651 - INFO - [Train] [31/90] | Loss: 0.3725 | Train Acc: 89.55%
2026-01-11 15:54:18,709 - INFO - [Valid] [31/90] | Loss: 0.3826 | Val Acc: 89.18%
2026-01-11 15:54:18,871 - INFO - [Metrics for 'Normal'] | Precision: 0.8941 | Recall: 0.9020 | F1: 0.8980
2026-01-11 15:54:18,871 - INFO - [Metrics for 'Defect'] | Precision: 0.8892 | Recall: 0.8804 | F1: 0.8848
2026-01-11 15:54:18,968 - INFO - [Best Model Saved] (val loss: 0.3826) -> 'log/Sewer-ML/baseline_xie2019_20260111_114044/best_model.pth'
2026-01-11 15:54:18,968 - INFO - --------------------------------------------------
2026-01-11 15:54:18,968 - INFO - [LR]    [32/90] | Learning Rate: 0.000122
2026-01-11 16:01:52,503 - INFO - [Train] [32/90] | Loss: 0.3718 | Train Acc: 89.55%
2026-01-11 16:02:30,695 - INFO - [Valid] [32/90] | Loss: 0.3838 | Val Acc: 89.26%
2026-01-11 16:02:30,862 - INFO - [Metrics for 'Normal'] | Precision: 0.8994 | Recall: 0.8970 | F1: 0.8982
2026-01-11 16:02:30,862 - INFO - [Metrics for 'Defect'] | Precision: 0.8851 | Recall: 0.8877 | F1: 0.8864
2026-01-11 16:02:30,917 - INFO - --------------------------------------------------
2026-01-11 16:02:30,917 - INFO - [LR]    [33/90] | Learning Rate: 0.000186
2026-01-11 16:10:03,114 - INFO - [Train] [33/90] | Loss: 0.3729 | Train Acc: 89.51%
2026-01-11 16:10:41,183 - INFO - [Valid] [33/90] | Loss: 0.3827 | Val Acc: 89.26%
2026-01-11 16:10:41,353 - INFO - [Metrics for 'Normal'] | Precision: 0.8971 | Recall: 0.8998 | F1: 0.8984
2026-01-11 16:10:41,353 - INFO - [Metrics for 'Defect'] | Precision: 0.8874 | Recall: 0.8845 | F1: 0.8860
2026-01-11 16:10:41,408 - INFO - --------------------------------------------------
2026-01-11 16:10:41,408 - INFO - [LR]    [34/90] | Learning Rate: 0.000285
2026-01-11 16:18:14,563 - INFO - [Train] [34/90] | Loss: 0.3754 | Train Acc: 89.38%
2026-01-11 16:18:53,177 - INFO - [Valid] [34/90] | Loss: 0.3862 | Val Acc: 89.16%
2026-01-11 16:18:53,311 - INFO - [Metrics for 'Normal'] | Precision: 0.8897 | Recall: 0.9073 | F1: 0.8984
2026-01-11 16:18:53,311 - INFO - [Metrics for 'Defect'] | Precision: 0.8939 | Recall: 0.8741 | F1: 0.8839
2026-01-11 16:18:53,353 - INFO - --------------------------------------------------
2026-01-11 16:18:53,353 - INFO - [LR]    [35/90] | Learning Rate: 0.000411
2026-01-11 16:26:26,815 - INFO - [Train] [35/90] | Loss: 0.3787 | Train Acc: 89.18%
2026-01-11 16:27:05,510 - INFO - [Valid] [35/90] | Loss: 0.3898 | Val Acc: 88.94%
2026-01-11 16:27:05,642 - INFO - [Metrics for 'Normal'] | Precision: 0.8881 | Recall: 0.9046 | F1: 0.8962
2026-01-11 16:27:05,643 - INFO - [Metrics for 'Defect'] | Precision: 0.8909 | Recall: 0.8724 | F1: 0.8816
2026-01-11 16:27:05,685 - INFO - --------------------------------------------------
2026-01-11 16:27:05,685 - INFO - [LR]    [36/90] | Learning Rate: 0.000550
2026-01-11 16:34:38,308 - INFO - [Train] [36/90] | Loss: 0.3835 | Train Acc: 88.89%
2026-01-11 16:35:16,720 - INFO - [Valid] [36/90] | Loss: 0.3896 | Val Acc: 88.91%
2026-01-11 16:35:16,854 - INFO - [Metrics for 'Normal'] | Precision: 0.8925 | Recall: 0.8982 | F1: 0.8953
2026-01-11 16:35:16,854 - INFO - [Metrics for 'Defect'] | Precision: 0.8852 | Recall: 0.8789 | F1: 0.8820
2026-01-11 16:35:16,897 - INFO - --------------------------------------------------
2026-01-11 16:35:16,897 - INFO - [LR]    [37/90] | Learning Rate: 0.000689
2026-01-11 16:42:49,132 - INFO - [Train] [37/90] | Loss: 0.3882 | Train Acc: 88.64%
2026-01-11 16:43:27,348 - INFO - [Valid] [37/90] | Loss: 0.3871 | Val Acc: 88.71%
2026-01-11 16:43:27,474 - INFO - [Metrics for 'Normal'] | Precision: 0.8834 | Recall: 0.9057 | F1: 0.8944
2026-01-11 16:43:27,474 - INFO - [Metrics for 'Defect'] | Precision: 0.8914 | Recall: 0.8662 | F1: 0.8786
2026-01-11 16:43:27,517 - INFO - --------------------------------------------------
2026-01-11 16:43:27,517 - INFO - [LR]    [38/90] | Learning Rate: 0.000815
2026-01-11 16:51:00,020 - INFO - [Train] [38/90] | Loss: 0.3929 | Train Acc: 88.38%
2026-01-11 16:51:38,366 - INFO - [Valid] [38/90] | Loss: 0.3934 | Val Acc: 88.56%
2026-01-11 16:51:38,500 - INFO - [Metrics for 'Normal'] | Precision: 0.8848 | Recall: 0.9007 | F1: 0.8927
2026-01-11 16:51:38,500 - INFO - [Metrics for 'Defect'] | Precision: 0.8866 | Recall: 0.8688 | F1: 0.8776
2026-01-11 16:51:38,542 - INFO - --------------------------------------------------
2026-01-11 16:51:38,542 - INFO - [LR]    [39/90] | Learning Rate: 0.000914
2026-01-11 16:59:10,640 - INFO - [Train] [39/90] | Loss: 0.3972 | Train Acc: 88.18%
2026-01-11 16:59:49,012 - INFO - [Valid] [39/90] | Loss: 0.3964 | Val Acc: 88.49%
2026-01-11 16:59:49,147 - INFO - [Metrics for 'Normal'] | Precision: 0.8851 | Recall: 0.8987 | F1: 0.8919
2026-01-11 16:59:49,147 - INFO - [Metrics for 'Defect'] | Precision: 0.8847 | Recall: 0.8695 | F1: 0.8770
2026-01-11 16:59:49,189 - INFO - --------------------------------------------------
2026-01-11 16:59:49,189 - INFO - [LR]    [40/90] | Learning Rate: 0.000978
2026-01-11 17:07:21,371 - INFO - [Train] [40/90] | Loss: 0.4000 | Train Acc: 87.98%
2026-01-11 17:07:59,642 - INFO - [Valid] [40/90] | Loss: 0.3972 | Val Acc: 88.16%
2026-01-11 17:07:59,767 - INFO - [Metrics for 'Normal'] | Precision: 0.8760 | Recall: 0.9038 | F1: 0.8897
2026-01-11 17:07:59,767 - INFO - [Metrics for 'Defect'] | Precision: 0.8884 | Recall: 0.8568 | F1: 0.8723
2026-01-11 17:07:59,817 - INFO - --------------------------------------------------
2026-01-11 17:07:59,817 - INFO - [LR]    [41/90] | Learning Rate: 0.001000
2026-01-11 17:15:32,243 - INFO - [Train] [41/90] | Loss: 0.4022 | Train Acc: 87.89%
2026-01-11 17:16:10,473 - INFO - [Valid] [41/90] | Loss: 0.4034 | Val Acc: 88.19%
2026-01-11 17:16:10,606 - INFO - [Metrics for 'Normal'] | Precision: 0.8806 | Recall: 0.8981 | F1: 0.8893
2026-01-11 17:16:10,607 - INFO - [Metrics for 'Defect'] | Precision: 0.8834 | Recall: 0.8637 | F1: 0.8734
2026-01-11 17:16:10,649 - INFO - --------------------------------------------------
2026-01-11 17:16:10,649 - INFO - [LR]    [42/90] | Learning Rate: 0.000978
2026-01-11 17:23:43,068 - INFO - [Train] [42/90] | Loss: 0.4012 | Train Acc: 87.95%
2026-01-11 17:24:21,485 - INFO - [Valid] [42/90] | Loss: 0.4082 | Val Acc: 88.29%
2026-01-11 17:24:21,610 - INFO - [Metrics for 'Normal'] | Precision: 0.8871 | Recall: 0.8917 | F1: 0.8894
2026-01-11 17:24:21,610 - INFO - [Metrics for 'Defect'] | Precision: 0.8781 | Recall: 0.8730 | F1: 0.8755
2026-01-11 17:24:21,653 - INFO - --------------------------------------------------
2026-01-11 17:24:21,653 - INFO - [LR]    [43/90] | Learning Rate: 0.000914
2026-01-11 17:31:53,829 - INFO - [Train] [43/90] | Loss: 0.3986 | Train Acc: 88.09%
2026-01-11 17:32:32,216 - INFO - [Valid] [43/90] | Loss: 0.4003 | Val Acc: 88.21%
2026-01-11 17:32:32,350 - INFO - [Metrics for 'Normal'] | Precision: 0.8831 | Recall: 0.8953 | F1: 0.8892
2026-01-11 17:32:32,350 - INFO - [Metrics for 'Defect'] | Precision: 0.8810 | Recall: 0.8673 | F1: 0.8741
2026-01-11 17:32:32,391 - INFO - --------------------------------------------------
2026-01-11 17:32:32,392 - INFO - [LR]    [44/90] | Learning Rate: 0.000815
2026-01-11 17:40:04,161 - INFO - [Train] [44/90] | Loss: 0.3953 | Train Acc: 88.29%
2026-01-11 17:40:42,420 - INFO - [Valid] [44/90] | Loss: 0.3887 | Val Acc: 88.56%
2026-01-11 17:40:42,547 - INFO - [Metrics for 'Normal'] | Precision: 0.8869 | Recall: 0.8979 | F1: 0.8924
2026-01-11 17:40:42,547 - INFO - [Metrics for 'Defect'] | Precision: 0.8841 | Recall: 0.8718 | F1: 0.8779
2026-01-11 17:40:42,590 - INFO - --------------------------------------------------
2026-01-11 17:40:42,590 - INFO - [LR]    [45/90] | Learning Rate: 0.000689
2026-01-11 17:48:14,405 - INFO - [Train] [45/90] | Loss: 0.3896 | Train Acc: 88.64%
2026-01-11 17:48:52,775 - INFO - [Valid] [45/90] | Loss: 0.3934 | Val Acc: 88.60%
2026-01-11 17:48:52,909 - INFO - [Metrics for 'Normal'] | Precision: 0.9123 | Recall: 0.8676 | F1: 0.8894
2026-01-11 17:48:52,909 - INFO - [Metrics for 'Defect'] | Precision: 0.8595 | Recall: 0.9067 | F1: 0.8825
2026-01-11 17:48:52,952 - INFO - --------------------------------------------------
2026-01-11 17:48:52,952 - INFO - [LR]    [46/90] | Learning Rate: 0.000550
2026-01-11 17:56:25,617 - INFO - [Train] [46/90] | Loss: 0.3844 | Train Acc: 88.94%
2026-01-11 17:57:04,053 - INFO - [Valid] [46/90] | Loss: 0.3906 | Val Acc: 89.08%
2026-01-11 17:57:04,187 - INFO - [Metrics for 'Normal'] | Precision: 0.9048 | Recall: 0.8865 | F1: 0.8955
2026-01-11 17:57:04,187 - INFO - [Metrics for 'Defect'] | Precision: 0.8757 | Recall: 0.8956 | F1: 0.8855
2026-01-11 17:57:04,230 - INFO - --------------------------------------------------
2026-01-11 17:57:04,230 - INFO - [LR]    [47/90] | Learning Rate: 0.000411
2026-01-11 18:04:36,994 - INFO - [Train] [47/90] | Loss: 0.3783 | Train Acc: 89.32%
2026-01-11 18:05:15,257 - INFO - [Valid] [47/90] | Loss: 0.3844 | Val Acc: 89.26%
2026-01-11 18:05:15,384 - INFO - [Metrics for 'Normal'] | Precision: 0.8942 | Recall: 0.9036 | F1: 0.8989
2026-01-11 18:05:15,384 - INFO - [Metrics for 'Defect'] | Precision: 0.8908 | Recall: 0.8804 | F1: 0.8856
2026-01-11 18:05:15,428 - INFO - --------------------------------------------------
2026-01-11 18:05:15,428 - INFO - [LR]    [48/90] | Learning Rate: 0.000285
2026-01-11 18:12:47,747 - INFO - [Train] [48/90] | Loss: 0.3732 | Train Acc: 89.63%
2026-01-11 18:13:25,988 - INFO - [Valid] [48/90] | Loss: 0.3845 | Val Acc: 89.22%
2026-01-11 18:13:26,150 - INFO - [Metrics for 'Normal'] | Precision: 0.9000 | Recall: 0.8954 | F1: 0.8977
2026-01-11 18:13:26,150 - INFO - [Metrics for 'Defect'] | Precision: 0.8835 | Recall: 0.8886 | F1: 0.8861
2026-01-11 18:13:26,206 - INFO - --------------------------------------------------
2026-01-11 18:13:26,207 - INFO - [LR]    [49/90] | Learning Rate: 0.000186
2026-01-11 18:20:59,625 - INFO - [Train] [49/90] | Loss: 0.3684 | Train Acc: 89.90%
2026-01-11 18:21:37,856 - INFO - [Valid] [49/90] | Loss: 0.3767 | Val Acc: 89.43%
2026-01-11 18:21:37,980 - INFO - [Metrics for 'Normal'] | Precision: 0.9075 | Recall: 0.8907 | F1: 0.8990
2026-01-11 18:21:37,980 - INFO - [Metrics for 'Defect'] | Precision: 0.8802 | Recall: 0.8983 | F1: 0.8892
2026-01-11 18:21:38,054 - INFO - [Best Model Saved] (val loss: 0.3767) -> 'log/Sewer-ML/baseline_xie2019_20260111_114044/best_model.pth'
2026-01-11 18:21:38,054 - INFO - --------------------------------------------------
2026-01-11 18:21:38,054 - INFO - [LR]    [50/90] | Learning Rate: 0.000122
2026-01-11 18:29:09,785 - INFO - [Train] [50/90] | Loss: 0.3653 | Train Acc: 90.08%
2026-01-11 18:29:47,993 - INFO - [Valid] [50/90] | Loss: 0.3787 | Val Acc: 89.52%
2026-01-11 18:29:48,127 - INFO - [Metrics for 'Normal'] | Precision: 0.9009 | Recall: 0.9005 | F1: 0.9007
2026-01-11 18:29:48,127 - INFO - [Metrics for 'Defect'] | Precision: 0.8887 | Recall: 0.8892 | F1: 0.8889
2026-01-11 18:29:48,170 - INFO - --------------------------------------------------
2026-01-11 18:29:48,170 - INFO - [LR]    [51/90] | Learning Rate: 0.000100
2026-01-11 18:37:20,098 - INFO - [Train] [51/90] | Loss: 0.3636 | Train Acc: 90.18%
2026-01-11 18:37:58,473 - INFO - [Valid] [51/90] | Loss: 0.3779 | Val Acc: 89.54%
2026-01-11 18:37:58,610 - INFO - [Metrics for 'Normal'] | Precision: 0.8967 | Recall: 0.9064 | F1: 0.9015
2026-01-11 18:37:58,610 - INFO - [Metrics for 'Defect'] | Precision: 0.8940 | Recall: 0.8831 | F1: 0.8885
2026-01-11 18:37:58,653 - INFO - --------------------------------------------------
2026-01-11 18:37:58,653 - INFO - [LR]    [52/90] | Learning Rate: 0.000122
2026-01-11 18:45:30,517 - INFO - [Train] [52/90] | Loss: 0.3633 | Train Acc: 90.17%
2026-01-11 18:46:08,682 - INFO - [Valid] [52/90] | Loss: 0.3796 | Val Acc: 89.57%
2026-01-11 18:46:08,845 - INFO - [Metrics for 'Normal'] | Precision: 0.9003 | Recall: 0.9025 | F1: 0.9014
2026-01-11 18:46:08,845 - INFO - [Metrics for 'Defect'] | Precision: 0.8906 | Recall: 0.8882 | F1: 0.8894
2026-01-11 18:46:08,900 - INFO - --------------------------------------------------
2026-01-11 18:46:08,900 - INFO - [LR]    [53/90] | Learning Rate: 0.000186
2026-01-11 18:53:40,516 - INFO - [Train] [53/90] | Loss: 0.3642 | Train Acc: 90.16%
2026-01-11 18:54:18,781 - INFO - [Valid] [53/90] | Loss: 0.3780 | Val Acc: 89.58%
2026-01-11 18:54:18,906 - INFO - [Metrics for 'Normal'] | Precision: 0.9048 | Recall: 0.8971 | F1: 0.9009
2026-01-11 18:54:18,906 - INFO - [Metrics for 'Defect'] | Precision: 0.8859 | Recall: 0.8943 | F1: 0.8901
2026-01-11 18:54:18,949 - INFO - --------------------------------------------------
2026-01-11 18:54:18,949 - INFO - [LR]    [54/90] | Learning Rate: 0.000285
2026-01-11 19:01:52,439 - INFO - [Train] [54/90] | Loss: 0.3666 | Train Acc: 90.03%
2026-01-11 19:02:30,675 - INFO - [Valid] [54/90] | Loss: 0.3810 | Val Acc: 89.48%
2026-01-11 19:02:30,810 - INFO - [Metrics for 'Normal'] | Precision: 0.9083 | Recall: 0.8908 | F1: 0.8994
2026-01-11 19:02:30,810 - INFO - [Metrics for 'Defect'] | Precision: 0.8803 | Recall: 0.8993 | F1: 0.8897
2026-01-11 19:02:30,853 - INFO - --------------------------------------------------
2026-01-11 19:02:30,853 - INFO - [LR]    [55/90] | Learning Rate: 0.000411
2026-01-11 19:10:03,396 - INFO - [Train] [55/90] | Loss: 0.3700 | Train Acc: 89.82%
2026-01-11 19:10:41,575 - INFO - [Valid] [55/90] | Loss: 0.3821 | Val Acc: 89.45%
2026-01-11 19:10:41,701 - INFO - [Metrics for 'Normal'] | Precision: 0.9056 | Recall: 0.8934 | F1: 0.8994
2026-01-11 19:10:41,701 - INFO - [Metrics for 'Defect'] | Precision: 0.8824 | Recall: 0.8957 | F1: 0.8890
2026-01-11 19:10:41,744 - INFO - --------------------------------------------------
2026-01-11 19:10:41,744 - INFO - [LR]    [56/90] | Learning Rate: 0.000550
2026-01-11 19:18:13,915 - INFO - [Train] [56/90] | Loss: 0.3748 | Train Acc: 89.56%
2026-01-11 19:18:52,072 - INFO - [Valid] [56/90] | Loss: 0.3830 | Val Acc: 89.21%
2026-01-11 19:18:52,207 - INFO - [Metrics for 'Normal'] | Precision: 0.8950 | Recall: 0.9014 | F1: 0.8982
2026-01-11 19:18:52,207 - INFO - [Metrics for 'Defect'] | Precision: 0.8887 | Recall: 0.8817 | F1: 0.8852
2026-01-11 19:18:52,250 - INFO - --------------------------------------------------
2026-01-11 19:18:52,250 - INFO - [LR]    [57/90] | Learning Rate: 0.000689
2026-01-11 19:26:23,869 - INFO - [Train] [57/90] | Loss: 0.3793 | Train Acc: 89.31%
2026-01-11 19:27:01,856 - INFO - [Valid] [57/90] | Loss: 0.3899 | Val Acc: 89.04%
2026-01-11 19:27:01,981 - INFO - [Metrics for 'Normal'] | Precision: 0.8965 | Recall: 0.8960 | F1: 0.8962
2026-01-11 19:27:01,981 - INFO - [Metrics for 'Defect'] | Precision: 0.8836 | Recall: 0.8842 | F1: 0.8839
2026-01-11 19:27:02,024 - INFO - --------------------------------------------------
2026-01-11 19:27:02,024 - INFO - [LR]    [58/90] | Learning Rate: 0.000815
2026-01-11 19:34:34,100 - INFO - [Train] [58/90] | Loss: 0.3846 | Train Acc: 88.99%
2026-01-11 19:35:12,110 - INFO - [Valid] [58/90] | Loss: 0.3864 | Val Acc: 88.86%
2026-01-11 19:35:12,247 - INFO - [Metrics for 'Normal'] | Precision: 0.8831 | Recall: 0.9095 | F1: 0.8961
2026-01-11 19:35:12,247 - INFO - [Metrics for 'Defect'] | Precision: 0.8952 | Recall: 0.8653 | F1: 0.8800
2026-01-11 19:35:12,290 - INFO - --------------------------------------------------
2026-01-11 19:35:12,290 - INFO - [LR]    [59/90] | Learning Rate: 0.000914
2026-01-11 19:42:44,891 - INFO - [Train] [59/90] | Loss: 0.3890 | Train Acc: 88.78%
2026-01-11 19:43:23,036 - INFO - [Valid] [59/90] | Loss: 0.3917 | Val Acc: 88.80%
2026-01-11 19:43:23,172 - INFO - [Metrics for 'Normal'] | Precision: 0.8922 | Recall: 0.8962 | F1: 0.8942
2026-01-11 19:43:23,172 - INFO - [Metrics for 'Defect'] | Precision: 0.8832 | Recall: 0.8788 | F1: 0.8810
2026-01-11 19:43:23,215 - INFO - --------------------------------------------------
2026-01-11 19:43:23,215 - INFO - [LR]    [60/90] | Learning Rate: 0.000978
2026-01-11 19:50:55,318 - INFO - [Train] [60/90] | Loss: 0.3926 | Train Acc: 88.58%
2026-01-11 19:51:33,428 - INFO - [Valid] [60/90] | Loss: 0.3909 | Val Acc: 88.65%
2026-01-11 19:51:33,565 - INFO - [Metrics for 'Normal'] | Precision: 0.9022 | Recall: 0.8806 | F1: 0.8913
2026-01-11 19:51:33,565 - INFO - [Metrics for 'Defect'] | Precision: 0.8699 | Recall: 0.8932 | F1: 0.8814
2026-01-11 19:51:33,609 - INFO - --------------------------------------------------
2026-01-11 19:51:33,609 - INFO - [LR]    [61/90] | Learning Rate: 0.001000
2026-01-11 19:59:05,127 - INFO - [Train] [61/90] | Loss: 0.3944 | Train Acc: 88.46%
2026-01-11 19:59:43,287 - INFO - [Valid] [61/90] | Loss: 0.3926 | Val Acc: 88.72%
2026-01-11 19:59:43,423 - INFO - [Metrics for 'Normal'] | Precision: 0.8973 | Recall: 0.8880 | F1: 0.8926
2026-01-11 19:59:43,423 - INFO - [Metrics for 'Defect'] | Precision: 0.8760 | Recall: 0.8863 | F1: 0.8811
2026-01-11 19:59:43,466 - INFO - --------------------------------------------------
2026-01-11 19:59:43,466 - INFO - [LR]    [62/90] | Learning Rate: 0.000978
2026-01-11 20:07:15,710 - INFO - [Train] [62/90] | Loss: 0.3947 | Train Acc: 88.44%
2026-01-11 20:07:53,987 - INFO - [Valid] [62/90] | Loss: 0.3896 | Val Acc: 88.69%
2026-01-11 20:07:54,123 - INFO - [Metrics for 'Normal'] | Precision: 0.8920 | Recall: 0.8941 | F1: 0.8930
2026-01-11 20:07:54,123 - INFO - [Metrics for 'Defect'] | Precision: 0.8811 | Recall: 0.8788 | F1: 0.8800
2026-01-11 20:07:54,166 - INFO - --------------------------------------------------
2026-01-11 20:07:54,167 - INFO - [LR]    [63/90] | Learning Rate: 0.000914
2026-01-11 20:15:26,155 - INFO - [Train] [63/90] | Loss: 0.3920 | Train Acc: 88.61%
2026-01-11 20:16:04,244 - INFO - [Valid] [63/90] | Loss: 0.3950 | Val Acc: 88.75%
2026-01-11 20:16:04,379 - INFO - [Metrics for 'Normal'] | Precision: 0.8924 | Recall: 0.8950 | F1: 0.8937
2026-01-11 20:16:04,379 - INFO - [Metrics for 'Defect'] | Precision: 0.8821 | Recall: 0.8792 | F1: 0.8806
2026-01-11 20:16:04,422 - INFO - --------------------------------------------------
2026-01-11 20:16:04,422 - INFO - [LR]    [64/90] | Learning Rate: 0.000815
2026-01-11 20:23:36,968 - INFO - [Train] [64/90] | Loss: 0.3883 | Train Acc: 88.83%
2026-01-11 20:24:15,087 - INFO - [Valid] [64/90] | Loss: 0.3936 | Val Acc: 88.41%
2026-01-11 20:24:15,212 - INFO - [Metrics for 'Normal'] | Precision: 0.8753 | Recall: 0.9103 | F1: 0.8925
2026-01-11 20:24:15,212 - INFO - [Metrics for 'Defect'] | Precision: 0.8949 | Recall: 0.8549 | F1: 0.8744
2026-01-11 20:24:15,255 - INFO - --------------------------------------------------
2026-01-11 20:24:15,255 - INFO - [LR]    [65/90] | Learning Rate: 0.000689
2026-01-11 20:31:47,128 - INFO - [Train] [65/90] | Loss: 0.3834 | Train Acc: 89.10%
2026-01-11 20:32:25,389 - INFO - [Valid] [65/90] | Loss: 0.3868 | Val Acc: 88.85%
2026-01-11 20:32:25,525 - INFO - [Metrics for 'Normal'] | Precision: 0.8876 | Recall: 0.9034 | F1: 0.8954
2026-01-11 20:32:25,525 - INFO - [Metrics for 'Defect'] | Precision: 0.8897 | Recall: 0.8719 | F1: 0.8807
2026-01-11 20:32:25,568 - INFO - --------------------------------------------------
2026-01-11 20:32:25,568 - INFO - [LR]    [66/90] | Learning Rate: 0.000550
2026-01-11 20:39:58,612 - INFO - [Train] [66/90] | Loss: 0.3774 | Train Acc: 89.48%
2026-01-11 20:40:36,895 - INFO - [Valid] [66/90] | Loss: 0.3826 | Val Acc: 89.26%
2026-01-11 20:40:37,032 - INFO - [Metrics for 'Normal'] | Precision: 0.8943 | Recall: 0.9035 | F1: 0.8989
2026-01-11 20:40:37,032 - INFO - [Metrics for 'Defect'] | Precision: 0.8907 | Recall: 0.8805 | F1: 0.8856
2026-01-11 20:40:37,075 - INFO - --------------------------------------------------
2026-01-11 20:40:37,075 - INFO - [LR]    [67/90] | Learning Rate: 0.000411
2026-01-11 20:48:09,659 - INFO - [Train] [67/90] | Loss: 0.3719 | Train Acc: 89.80%
2026-01-11 20:48:48,039 - INFO - [Valid] [67/90] | Loss: 0.3786 | Val Acc: 89.43%
2026-01-11 20:48:48,174 - INFO - [Metrics for 'Normal'] | Precision: 0.9008 | Recall: 0.8990 | F1: 0.8999
2026-01-11 20:48:48,174 - INFO - [Metrics for 'Defect'] | Precision: 0.8872 | Recall: 0.8892 | F1: 0.8882
2026-01-11 20:48:48,217 - INFO - --------------------------------------------------
2026-01-11 20:48:48,218 - INFO - [LR]    [68/90] | Learning Rate: 0.000285
2026-01-11 20:56:21,478 - INFO - [Train] [68/90] | Loss: 0.3666 | Train Acc: 90.08%
2026-01-11 20:56:59,623 - INFO - [Valid] [68/90] | Loss: 0.3787 | Val Acc: 89.42%
2026-01-11 20:56:59,759 - INFO - [Metrics for 'Normal'] | Precision: 0.8941 | Recall: 0.9070 | F1: 0.9005
2026-01-11 20:56:59,759 - INFO - [Metrics for 'Defect'] | Precision: 0.8943 | Recall: 0.8797 | F1: 0.8869
2026-01-11 20:56:59,802 - INFO - --------------------------------------------------
2026-01-11 20:56:59,802 - INFO - [LR]    [69/90] | Learning Rate: 0.000186
2026-01-11 21:04:31,390 - INFO - [Train] [69/90] | Loss: 0.3619 | Train Acc: 90.34%
2026-01-11 21:05:09,505 - INFO - [Valid] [69/90] | Loss: 0.3762 | Val Acc: 89.58%
2026-01-11 21:05:09,641 - INFO - [Metrics for 'Normal'] | Precision: 0.9085 | Recall: 0.8927 | F1: 0.9005
2026-01-11 21:05:09,641 - INFO - [Metrics for 'Defect'] | Precision: 0.8822 | Recall: 0.8993 | F1: 0.8907
2026-01-11 21:05:09,718 - INFO - [Best Model Saved] (val loss: 0.3762) -> 'log/Sewer-ML/baseline_xie2019_20260111_114044/best_model.pth'
2026-01-11 21:05:09,718 - INFO - --------------------------------------------------
2026-01-11 21:05:09,718 - INFO - [LR]    [70/90] | Learning Rate: 0.000122
2026-01-11 21:12:42,389 - INFO - [Train] [70/90] | Loss: 0.3592 | Train Acc: 90.50%
2026-01-11 21:13:20,279 - INFO - [Valid] [70/90] | Loss: 0.3744 | Val Acc: 89.61%
2026-01-11 21:13:20,415 - INFO - [Metrics for 'Normal'] | Precision: 0.8988 | Recall: 0.9051 | F1: 0.9020
2026-01-11 21:13:20,415 - INFO - [Metrics for 'Defect'] | Precision: 0.8930 | Recall: 0.8860 | F1: 0.8895
2026-01-11 21:13:20,492 - INFO - [Best Model Saved] (val loss: 0.3744) -> 'log/Sewer-ML/baseline_xie2019_20260111_114044/best_model.pth'
2026-01-11 21:13:20,492 - INFO - --------------------------------------------------
2026-01-11 21:13:20,492 - INFO - [LR]    [71/90] | Learning Rate: 0.000100
2026-01-11 21:20:52,431 - INFO - [Train] [71/90] | Loss: 0.3574 | Train Acc: 90.64%
2026-01-11 21:21:30,668 - INFO - [Valid] [71/90] | Loss: 0.3739 | Val Acc: 89.66%
2026-01-11 21:21:30,804 - INFO - [Metrics for 'Normal'] | Precision: 0.9053 | Recall: 0.8982 | F1: 0.9017
2026-01-11 21:21:30,804 - INFO - [Metrics for 'Defect'] | Precision: 0.8871 | Recall: 0.8948 | F1: 0.8909
2026-01-11 21:21:30,881 - INFO - [Best Model Saved] (val loss: 0.3739) -> 'log/Sewer-ML/baseline_xie2019_20260111_114044/best_model.pth'
2026-01-11 21:21:30,881 - INFO - --------------------------------------------------
2026-01-11 21:21:30,881 - INFO - [LR]    [72/90] | Learning Rate: 0.000122
2026-01-11 21:29:02,507 - INFO - [Train] [72/90] | Loss: 0.3570 | Train Acc: 90.65%
2026-01-11 21:29:40,505 - INFO - [Valid] [72/90] | Loss: 0.3753 | Val Acc: 89.66%
2026-01-11 21:29:40,676 - INFO - [Metrics for 'Normal'] | Precision: 0.9025 | Recall: 0.9015 | F1: 0.9020
2026-01-11 21:29:40,676 - INFO - [Metrics for 'Defect'] | Precision: 0.8899 | Recall: 0.8910 | F1: 0.8905
2026-01-11 21:29:40,732 - INFO - --------------------------------------------------
2026-01-11 21:29:40,732 - INFO - [LR]    [73/90] | Learning Rate: 0.000186
2026-01-11 21:37:11,420 - INFO - [Train] [73/90] | Loss: 0.3579 | Train Acc: 90.59%
2026-01-11 21:37:49,247 - INFO - [Valid] [73/90] | Loss: 0.3772 | Val Acc: 89.62%
2026-01-11 21:37:49,383 - INFO - [Metrics for 'Normal'] | Precision: 0.9117 | Recall: 0.8897 | F1: 0.9006
2026-01-11 21:37:49,383 - INFO - [Metrics for 'Defect'] | Precision: 0.8798 | Recall: 0.9036 | F1: 0.8915
2026-01-11 21:37:49,426 - INFO - --------------------------------------------------
2026-01-11 21:37:49,426 - INFO - [LR]    [74/90] | Learning Rate: 0.000285
2026-01-11 21:45:21,515 - INFO - [Train] [74/90] | Loss: 0.3602 | Train Acc: 90.47%
2026-01-11 21:45:59,794 - INFO - [Valid] [74/90] | Loss: 0.3766 | Val Acc: 89.57%
2026-01-11 21:45:59,930 - INFO - [Metrics for 'Normal'] | Precision: 0.9015 | Recall: 0.9009 | F1: 0.9012
2026-01-11 21:45:59,931 - INFO - [Metrics for 'Defect'] | Precision: 0.8892 | Recall: 0.8899 | F1: 0.8895
2026-01-11 21:45:59,974 - INFO - --------------------------------------------------
2026-01-11 21:45:59,975 - INFO - [LR]    [75/90] | Learning Rate: 0.000411
2026-01-11 21:53:32,255 - INFO - [Train] [75/90] | Loss: 0.3640 | Train Acc: 90.27%
2026-01-11 21:54:10,484 - INFO - [Valid] [75/90] | Loss: 0.3806 | Val Acc: 89.36%
2026-01-11 21:54:10,620 - INFO - [Metrics for 'Normal'] | Precision: 0.9031 | Recall: 0.8944 | F1: 0.8987
2026-01-11 21:54:10,620 - INFO - [Metrics for 'Defect'] | Precision: 0.8831 | Recall: 0.8926 | F1: 0.8878
2026-01-11 21:54:10,664 - INFO - --------------------------------------------------
2026-01-11 21:54:10,664 - INFO - [LR]    [76/90] | Learning Rate: 0.000550
2026-01-11 22:01:42,465 - INFO - [Train] [76/90] | Loss: 0.3682 | Train Acc: 90.04%
2026-01-11 22:02:20,612 - INFO - [Valid] [76/90] | Loss: 0.3759 | Val Acc: 89.46%
2026-01-11 22:02:20,741 - INFO - [Metrics for 'Normal'] | Precision: 0.8958 | Recall: 0.9057 | F1: 0.9007
2026-01-11 22:02:20,741 - INFO - [Metrics for 'Defect'] | Precision: 0.8931 | Recall: 0.8821 | F1: 0.8876
2026-01-11 22:02:20,785 - INFO - --------------------------------------------------
2026-01-11 22:02:20,785 - INFO - [LR]    [77/90] | Learning Rate: 0.000689
2026-01-11 22:09:51,855 - INFO - [Train] [77/90] | Loss: 0.3738 | Train Acc: 89.69%
2026-01-11 22:10:29,813 - INFO - [Valid] [77/90] | Loss: 0.3853 | Val Acc: 89.23%
2026-01-11 22:10:29,948 - INFO - [Metrics for 'Normal'] | Precision: 0.8926 | Recall: 0.9049 | F1: 0.8987
2026-01-11 22:10:29,948 - INFO - [Metrics for 'Defect'] | Precision: 0.8919 | Recall: 0.8781 | F1: 0.8850
2026-01-11 22:10:29,991 - INFO - --------------------------------------------------
2026-01-11 22:10:29,991 - INFO - [LR]    [78/90] | Learning Rate: 0.000815
2026-01-11 22:18:00,854 - INFO - [Train] [78/90] | Loss: 0.3792 | Train Acc: 89.43%
2026-01-11 22:18:38,996 - INFO - [Valid] [78/90] | Loss: 0.3815 | Val Acc: 88.96%
2026-01-11 22:18:39,133 - INFO - [Metrics for 'Normal'] | Precision: 0.8831 | Recall: 0.9117 | F1: 0.8972
2026-01-11 22:18:39,133 - INFO - [Metrics for 'Defect'] | Precision: 0.8975 | Recall: 0.8649 | F1: 0.8809
2026-01-11 22:18:39,176 - INFO - --------------------------------------------------
2026-01-11 22:18:39,176 - INFO - [LR]    [79/90] | Learning Rate: 0.000914
2026-01-11 22:26:11,324 - INFO - [Train] [79/90] | Loss: 0.3835 | Train Acc: 89.16%
2026-01-11 22:26:49,501 - INFO - [Valid] [79/90] | Loss: 0.3848 | Val Acc: 89.04%
2026-01-11 22:26:49,636 - INFO - [Metrics for 'Normal'] | Precision: 0.9060 | Recall: 0.8843 | F1: 0.8950
2026-01-11 22:26:49,636 - INFO - [Metrics for 'Defect'] | Precision: 0.8739 | Recall: 0.8973 | F1: 0.8854
2026-01-11 22:26:49,680 - INFO - --------------------------------------------------
2026-01-11 22:26:49,680 - INFO - [LR]    [80/90] | Learning Rate: 0.000978
2026-01-11 22:34:21,015 - INFO - [Train] [80/90] | Loss: 0.3875 | Train Acc: 88.94%
2026-01-11 22:34:59,070 - INFO - [Valid] [80/90] | Loss: 0.3895 | Val Acc: 88.68%
2026-01-11 22:34:59,206 - INFO - [Metrics for 'Normal'] | Precision: 0.8849 | Recall: 0.9031 | F1: 0.8939
2026-01-11 22:34:59,206 - INFO - [Metrics for 'Defect'] | Precision: 0.8890 | Recall: 0.8686 | F1: 0.8787
2026-01-11 22:34:59,250 - INFO - --------------------------------------------------
2026-01-11 22:34:59,250 - INFO - [LR]    [81/90] | Learning Rate: 0.001000
2026-01-11 22:42:31,090 - INFO - [Train] [81/90] | Loss: 0.3887 | Train Acc: 88.90%
2026-01-11 22:43:09,345 - INFO - [Valid] [81/90] | Loss: 0.3901 | Val Acc: 88.87%
2026-01-11 22:43:09,483 - INFO - [Metrics for 'Normal'] | Precision: 0.9078 | Recall: 0.8785 | F1: 0.8929
2026-01-11 22:43:09,483 - INFO - [Metrics for 'Defect'] | Precision: 0.8688 | Recall: 0.9002 | F1: 0.8842
2026-01-11 22:43:09,527 - INFO - --------------------------------------------------
2026-01-11 22:43:09,527 - INFO - [LR]    [82/90] | Learning Rate: 0.000978
2026-01-11 22:50:40,956 - INFO - [Train] [82/90] | Loss: 0.3892 | Train Acc: 88.88%
2026-01-11 22:51:19,003 - INFO - [Valid] [82/90] | Loss: 0.3862 | Val Acc: 88.86%
2026-01-11 22:51:19,139 - INFO - [Metrics for 'Normal'] | Precision: 0.9029 | Recall: 0.8841 | F1: 0.8934
2026-01-11 22:51:19,139 - INFO - [Metrics for 'Defect'] | Precision: 0.8732 | Recall: 0.8936 | F1: 0.8833
2026-01-11 22:51:19,182 - INFO - --------------------------------------------------
2026-01-11 22:51:19,182 - INFO - [LR]    [83/90] | Learning Rate: 0.000914
2026-01-11 22:58:51,184 - INFO - [Train] [83/90] | Loss: 0.3868 | Train Acc: 88.98%
2026-01-11 22:59:29,349 - INFO - [Valid] [83/90] | Loss: 0.3935 | Val Acc: 88.80%
2026-01-11 22:59:29,485 - INFO - [Metrics for 'Normal'] | Precision: 0.8910 | Recall: 0.8977 | F1: 0.8944
2026-01-11 22:59:29,485 - INFO - [Metrics for 'Defect'] | Precision: 0.8846 | Recall: 0.8771 | F1: 0.8808
2026-01-11 22:59:29,529 - INFO - --------------------------------------------------
2026-01-11 22:59:29,529 - INFO - [LR]    [84/90] | Learning Rate: 0.000815
2026-01-11 23:07:01,258 - INFO - [Train] [84/90] | Loss: 0.3836 | Train Acc: 89.16%
2026-01-11 23:07:39,272 - INFO - [Valid] [84/90] | Loss: 0.3860 | Val Acc: 89.09%
2026-01-11 23:07:39,409 - INFO - [Metrics for 'Normal'] | Precision: 0.8986 | Recall: 0.8944 | F1: 0.8965
2026-01-11 23:07:39,409 - INFO - [Metrics for 'Defect'] | Precision: 0.8824 | Recall: 0.8871 | F1: 0.8847
2026-01-11 23:07:39,453 - INFO - --------------------------------------------------
2026-01-11 23:07:39,453 - INFO - [LR]    [85/90] | Learning Rate: 0.000689
2026-01-11 23:15:11,276 - INFO - [Train] [85/90] | Loss: 0.3783 | Train Acc: 89.49%
2026-01-11 23:15:49,495 - INFO - [Valid] [85/90] | Loss: 0.3891 | Val Acc: 88.85%
2026-01-11 23:15:49,623 - INFO - [Metrics for 'Normal'] | Precision: 0.8816 | Recall: 0.9112 | F1: 0.8962
2026-01-11 23:15:49,624 - INFO - [Metrics for 'Defect'] | Precision: 0.8968 | Recall: 0.8630 | F1: 0.8795
2026-01-11 23:15:49,668 - INFO - --------------------------------------------------
2026-01-11 23:15:49,668 - INFO - [LR]    [86/90] | Learning Rate: 0.000550
2026-01-11 23:23:21,758 - INFO - [Train] [86/90] | Loss: 0.3726 | Train Acc: 89.85%
2026-01-11 23:23:59,984 - INFO - [Valid] [86/90] | Loss: 0.3816 | Val Acc: 89.16%
2026-01-11 23:24:00,123 - INFO - [Metrics for 'Normal'] | Precision: 0.8985 | Recall: 0.8959 | F1: 0.8972
2026-01-11 23:24:00,123 - INFO - [Metrics for 'Defect'] | Precision: 0.8839 | Recall: 0.8867 | F1: 0.8853
2026-01-11 23:24:00,167 - INFO - --------------------------------------------------
2026-01-11 23:24:00,167 - INFO - [LR]    [87/90] | Learning Rate: 0.000411
2026-01-11 23:31:31,685 - INFO - [Train] [87/90] | Loss: 0.3667 | Train Acc: 90.17%
2026-01-11 23:32:09,680 - INFO - [Valid] [87/90] | Loss: 0.3794 | Val Acc: 89.51%
2026-01-11 23:32:09,807 - INFO - [Metrics for 'Normal'] | Precision: 0.9078 | Recall: 0.8919 | F1: 0.8998
2026-01-11 23:32:09,807 - INFO - [Metrics for 'Defect'] | Precision: 0.8814 | Recall: 0.8986 | F1: 0.8899
2026-01-11 23:32:09,850 - INFO - --------------------------------------------------
2026-01-11 23:32:09,851 - INFO - [LR]    [88/90] | Learning Rate: 0.000285
2026-01-11 23:39:41,859 - INFO - [Train] [88/90] | Loss: 0.3615 | Train Acc: 90.47%
2026-01-11 23:40:19,905 - INFO - [Valid] [88/90] | Loss: 0.3774 | Val Acc: 89.56%
2026-01-11 23:40:20,034 - INFO - [Metrics for 'Normal'] | Precision: 0.9008 | Recall: 0.9015 | F1: 0.9012
2026-01-11 23:40:20,034 - INFO - [Metrics for 'Defect'] | Precision: 0.8897 | Recall: 0.8889 | F1: 0.8893
2026-01-11 23:40:20,078 - INFO - --------------------------------------------------
2026-01-11 23:40:20,078 - INFO - [LR]    [89/90] | Learning Rate: 0.000186
2026-01-11 23:47:52,504 - INFO - [Train] [89/90] | Loss: 0.3571 | Train Acc: 90.71%
2026-01-11 23:48:30,726 - INFO - [Valid] [89/90] | Loss: 0.3727 | Val Acc: 89.58%
2026-01-11 23:48:30,864 - INFO - [Metrics for 'Normal'] | Precision: 0.9019 | Recall: 0.9007 | F1: 0.9013
2026-01-11 23:48:30,864 - INFO - [Metrics for 'Defect'] | Precision: 0.8890 | Recall: 0.8904 | F1: 0.8897
2026-01-11 23:48:30,940 - INFO - [Best Model Saved] (val loss: 0.3727) -> 'log/Sewer-ML/baseline_xie2019_20260111_114044/best_model.pth'
2026-01-11 23:48:30,941 - INFO - --------------------------------------------------
2026-01-11 23:48:30,941 - INFO - [LR]    [90/90] | Learning Rate: 0.000122
2026-01-11 23:56:02,235 - INFO - [Train] [90/90] | Loss: 0.3540 | Train Acc: 90.87%
2026-01-11 23:56:40,312 - INFO - [Valid] [90/90] | Loss: 0.3735 | Val Acc: 89.67%
2026-01-11 23:56:40,439 - INFO - [Metrics for 'Normal'] | Precision: 0.9018 | Recall: 0.9026 | F1: 0.9022
2026-01-11 23:56:40,439 - INFO - [Metrics for 'Defect'] | Precision: 0.8909 | Recall: 0.8901 | F1: 0.8905
2026-01-11 23:56:40,485 - INFO - ==================================================
2026-01-11 23:56:40,485 - INFO - 훈련 완료. 최고 성능 모델을 불러와 테스트 세트로 최종 평가합니다.
2026-01-11 23:56:40,485 - INFO - 최종 평가를 위해 새로운 모델 객체를 생성합니다.
2026-01-11 23:56:40,485 - INFO - Baseline 모델 'xie2019'을(를) 생성합니다 (사전 훈련 가중치: 미사용).
2026-01-11 23:56:40,532 - INFO - 최고 성능 모델 가중치를 새로 생성된 모델 객체에 로드 완료: 'log/Sewer-ML/baseline_xie2019_20260111_114044/best_model.pth'
2026-01-11 23:56:40,533 - INFO - ==================================================
2026-01-11 23:56:40,533 - INFO - Test 모드를 시작합니다.
2026-01-11 23:56:40,547 - INFO - 연산량 (MACs): 1.4348 GMACs per sample
2026-01-11 23:56:40,547 - INFO - 연산량 (FLOPs): 2.8696 GFLOPs per sample
2026-01-11 23:56:40,548 - INFO - ==================================================
2026-01-11 23:56:40,548 - INFO - GPU 캐시를 비우고 측정을 시작합니다.
2026-01-11 23:56:40,595 - INFO - 샘플 당 평균 Forward Pass 시간: 0.22ms (std: 0.01ms), FPS: 4491.60 (std: 148.48) (1개 샘플 x 100회 반복)
2026-01-11 23:56:40,595 - INFO - 샘플 당 Forward Pass 시 최대 GPU 메모리 사용량: 212.98 MB
2026-01-11 23:56:40,595 - INFO - 테스트 데이터셋에 대한 추론을 시작합니다.
2026-01-11 23:57:20,122 - INFO - [Test] Loss: 0.2973 | Test Acc: 89.58%
2026-01-11 23:57:20,257 - INFO - [Metrics for 'Normal'] | Precision: 0.9019 | Recall: 0.9007 | F1: 0.9013
2026-01-11 23:57:20,257 - INFO - [Metrics for 'Defect'] | Precision: 0.8890 | Recall: 0.8904 | F1: 0.8897
2026-01-11 23:57:20,495 - INFO - ==================================================
2026-01-11 23:57:20,495 - INFO - 혼동 행렬 저장 완료. 'log/Sewer-ML/baseline_xie2019_20260111_114044/confusion_matrix_20260111_114044.png' and 'log/Sewer-ML/baseline_xie2019_20260111_114044/confusion_matrix_20260111_114044.pdf'
2026-01-11 23:57:20,495 - INFO - ==================================================
2026-01-11 23:57:20,495 - INFO - ONNX 변환 및 평가를 시작합니다.
2026-01-11 23:57:20,648 - INFO - 모델이 ONNX 형식으로 변환되어 'log/Sewer-ML/baseline_xie2019_20260111_114044/model_fp32_20260111_114044.onnx'에 저장되었습니다. (크기: 34.95 MB)
2026-01-11 23:57:20,692 - INFO - ONNX 런타임의 샘플 당 Forward Pass 시간 측정을 시작합니다...
2026-01-11 23:57:20,846 - INFO - 샘플 당 평균 Forward Pass 시간 (ONNX, CPU): 1.33ms (std: 0.04ms)
2026-01-11 23:57:20,847 - INFO - 샘플 당 평균 FPS (ONNX, CPU): 754.01 FPS (std: 17.27) (1개 샘플 x 100회 반복)
2026-01-11 23:57:20,847 - INFO - ONNX 런타임의 CPU 메모리 사용량 측정은 지원되지 않습니다.
2026-01-12 00:01:15,334 - INFO - [Test (ONNX)] | Test Acc (ONNX): 89.59%
2026-01-12 00:01:15,461 - INFO - [Metrics for 'Normal' (ONNX)] | Precision: 0.9020 | Recall: 0.9007 | F1: 0.9013
2026-01-12 00:01:15,461 - INFO - [Metrics for 'Defect' (ONNX)] | Precision: 0.8890 | Recall: 0.8905 | F1: 0.8898
2026-01-12 00:01:15,765 - INFO - Val Acc 그래프 저장 완료: 'log/Sewer-ML/baseline_xie2019_20260111_114044/graph_20260111_114044/val_acc.png' and 'log/Sewer-ML/baseline_xie2019_20260111_114044/graph_20260111_114044/val_acc.pdf'
2026-01-12 00:01:15,847 - INFO - Train/Val Acc 그래프 저장 완료: 'log/Sewer-ML/baseline_xie2019_20260111_114044/graph_20260111_114044/train_val_acc.png' and 'log/Sewer-ML/baseline_xie2019_20260111_114044/graph_20260111_114044/train_val_acc.pdf'
2026-01-12 00:01:15,914 - INFO - F1 (Normal) 그래프 저장 완료: 'log/Sewer-ML/baseline_xie2019_20260111_114044/graph_20260111_114044/F1_normal.png' and 'log/Sewer-ML/baseline_xie2019_20260111_114044/graph_20260111_114044/F1_normal.pdf'
2026-01-12 00:01:15,994 - INFO - Validation Loss 그래프 저장 완료: 'log/Sewer-ML/baseline_xie2019_20260111_114044/graph_20260111_114044/val_loss.png' and 'log/Sewer-ML/baseline_xie2019_20260111_114044/graph_20260111_114044/val_loss.pdf'
2026-01-12 00:01:16,068 - INFO - Learning Rate 그래프 저장 완료: 'log/Sewer-ML/baseline_xie2019_20260111_114044/graph_20260111_114044/learning_rate.png' and 'log/Sewer-ML/baseline_xie2019_20260111_114044/graph_20260111_114044/learning_rate.pdf'
2026-01-12 00:01:17,070 - INFO - 종합 그래프 저장 완료: 'log/Sewer-ML/baseline_xie2019_20260111_114044/graph_20260111_114044/compile.png' and 'log/Sewer-ML/baseline_xie2019_20260111_114044/graph_20260111_114044/compile.pdf'
