2026-02-10 13:09:17,155 - INFO - 로그 파일이 'log/Sewer-TAPNEW_flops/baseline_mobilenet_v4_s_fpgm_20260210_130917/log_20260210_130917.log'에 저장됩니다.
2026-02-10 13:09:17,156 - INFO - ==================================================
2026-02-10 13:09:17,157 - INFO - config.yaml:
2026-02-10 13:09:17,157 - INFO - 
run:
  global_seed: 42
  cuda: true
  mode: inference
  pth_inference_dir: /home/user/workspace/CHOI/sewer_binary_cls_v9/log/Sewer-TAPNEW/iso_flops/fp32/fpgm/baseline_mobilenet_v4_s_fpgm_20260210_012456
  pth_best_name: best_model.pth
  evaluate_onnx: true
  only_inference: false
  use_fp16_inference: true
  show_log: true
  dataset:
    name: Sewer-TAPNEW_flops
    type: image_folder
    train_split_ratio: 0.8
    paths:
      train_img_dir: /home/user/workspace/disk/nvme1/data/Sewer/Sewer-ML/train
      valid_img_dir: /home/user/workspace/disk/nvme1/data/Sewer/Sewer-ML/valid
      test_img_dir: /home/user/workspace/disk/nvme1/data/Sewer/Sewer-ML/valid
      train_csv: /home/user/workspace/disk/nvme1/data/Sewer/Sewer-ML/SewerML_Train.csv
      valid_csv: /home/user/workspace/disk/nvme1/data/Sewer/Sewer-ML/SewerML_Val.csv
      test_csv: /home/user/workspace/disk/nvme1/data/Sewer/Sewer-ML/SewerML_Val.csv
      img_folder: /home/user/workspace/disk/nvme1/data/Sewer/Sewer-TAPNEW
  random_sampling_ratio:
    train: 1.0
    valid: 1.0
    test: 1.0
  num_workers: 16
training_main:
  epochs: 90
  batch_size: 16
  pre_trained: false
  optimizer: adamw
  lr: 0.001
  weight_decay: 0.0001
  loss_function: CrossEntropyLoss
  label_smoothing: 0.1
  scheduler: cosineannealinglr
  scheduler_params:
    T_max: 90
    eta_min: 0.0001
  best_model_criterion: val_loss
training_baseline:
  epochs: 10
  batch_size: 16
  pre_trained: false
  optimizer: adamw
  lr: 0.001
  weight_decay: 0.0001
  loss_function: CrossEntropyLoss
  label_smoothing: 0.1
  scheduler: cosineannealinglr
  scheduler_params:
    T_max: 10
    eta_min: 0.0001
  best_model_criterion: val_loss
finetuning_pruned:
  epochs: 80
  batch_size: 16
  optimizer: adamw
  lr: 0.001
  weight_decay: 0.0001
  loss_function: CrossEntropyLoss
  label_smoothing: 0.1
  scheduler: cosineannealinglr
  scheduler_params:
    T_max: 80
    eta_min: 0.0001
  best_model_criterion: val_loss
model:
  img_size: 224
  num_patches_per_side: 7
  num_decoder_patches: 1
  num_decoder_layers: 6
  num_heads: 2
  cnn_feature_extractor:
    name: custom24
  encoder_dim: 24
  emb_dim: 24
  adaptive_initial_query: true
  decoder_ff_ratio: 2
  dropout: 0.1
  positional_encoding: true
  res_attention: false
  drop_path_ratio: 0.2
  save_attention: false
  num_plot_attention: 600
baseline:
  model_name: mobilenet_v4_s
  use_fpgm_pruning: true
  pruning_sparsity: 0.3277

2026-02-10 13:09:17,157 - INFO - ==================================================
2026-02-10 13:09:17,306 - INFO - CUDA 사용 가능. GPU 사용을 시작합니다. (Device: NVIDIA GeForce RTX 5090)
2026-02-10 13:09:17,306 - INFO - 'Sewer-TAPNEW_flops' 데이터 로드를 시작합니다 (Type: image_folder).
2026-02-10 13:09:17,306 - INFO - '/home/user/workspace/disk/nvme1/data/Sewer/Sewer-TAPNEW' 경로의 데이터를 훈련/테스트셋으로 분할합니다.
2026-02-10 13:09:17,309 - INFO - 총 1692개 데이터를 훈련용 1353개, 테스트용 339개로 분할합니다 (split_seed=42).
2026-02-10 13:09:17,309 - INFO - 데이터셋 클래스: ['abnormal', 'normal'] (총 2개)
2026-02-10 13:09:17,309 - INFO - 훈련 데이터: 1353개, 검증 데이터: 339개, 테스트 데이터: 339개
2026-02-10 13:09:17,309 - INFO - Baseline 모델 'mobilenet_v4_s'을(를) 생성합니다 (사전 훈련 가중치: 미사용).
2026-02-10 13:09:17,413 - INFO - ==================================================
2026-02-10 13:09:17,413 - INFO - 모델 파라미터 수:
2026-02-10 13:09:17,413 - INFO -   - 총 파라미터: 2,495,586 개
2026-02-10 13:09:17,413 - INFO -   - 학습 가능한 파라미터: 2,495,586 개
2026-02-10 13:09:17,414 - INFO - '/home/user/workspace/CHOI/sewer_binary_cls_v9/log/Sewer-TAPNEW/iso_flops/fp32/fpgm/baseline_mobilenet_v4_s_fpgm_20260210_012456/pruning_info.yaml'에서 Pruning 희소도(0.3277)를 불러왔습니다.
2026-02-10 13:09:17,414 - INFO - 추론 모드: 훈련된 모델의 Pruning 구조를 재현합니다.
2026-02-10 13:09:17,414 - INFO - FPGM Pruning을 시작합니다.
2026-02-10 13:09:17,414 - INFO - 분류 레이어 'Linear'을(를) Pruning 대상에서 제외합니다.
2026-02-10 13:09:17,651 - INFO - torch-pruning 완료. 모델 구조가 희소도(0.327744140625)에 맞춰 변경되었습니다.
2026-02-10 13:09:17,651 - INFO - ==================================================
2026-02-10 13:09:17,651 - INFO - ==================================================
2026-02-10 13:09:17,651 - INFO - 모델 파라미터 수:
2026-02-10 13:09:17,651 - INFO -   - 총 파라미터: 1,146,105 개
2026-02-10 13:09:17,651 - INFO -   - 학습 가능한 파라미터: 1,146,105 개
2026-02-10 13:09:17,651 - INFO - ==================================================
2026-02-10 13:09:17,651 - INFO - Inference 모드를 시작합니다.
2026-02-10 13:09:17,789 - INFO - [Model Load] PyTorch 모델 가중치 로드 중 피크 메모리 - 모델 로드 전 청소 직후 메모리: 3.56 MB
2026-02-10 13:09:17,789 - INFO - '/home/user/workspace/CHOI/sewer_binary_cls_v9/log/Sewer-TAPNEW/iso_flops/fp32/fpgm/baseline_mobilenet_v4_s_fpgm_20260210_012456/best_model.pth' 가중치 로드 완료.
2026-02-10 13:09:17,820 - INFO - 연산량 (MACs): 0.0911 GMACs per sample
2026-02-10 13:09:17,820 - INFO - 연산량 (FLOPs): 0.1822 GFLOPs per sample
2026-02-10 13:09:17,820 - INFO - ==================================================
2026-02-10 13:09:17,820 - INFO - FP16 Inference (ONNX via onnxconverter-common)을 적용합니다.
2026-02-10 13:09:17,820 - INFO - DEBUG: onnxruntime status: Loaded
2026-02-10 13:09:17,820 - INFO - DEBUG: onnx status: Loaded
2026-02-10 13:09:17,820 - INFO - DEBUG: float16 (onnxconverter-common) status: Loaded
2026-02-10 13:09:17,932 - INFO - onnxconverter-common을 사용하여 float16 변환을 수행합니다...
2026-02-10 13:09:17,959 - INFO - ONNX FP16 모델 저장 완료: log/Sewer-TAPNEW_flops/baseline_mobilenet_v4_s_fpgm_20260210_130917/best_model_fp16.onnx
2026-02-10 13:09:18,086 - INFO - [Model Load] ONNX 모델(FP16) 로드 중 피크 메모리 - 모델 로드 전 청소 직후 메모리: 12.94 MB
2026-02-10 13:09:18,086 - INFO - ONNX 런타임의 샘플 당 Forward Pass 시간 측정을 시작합니다...
2026-02-10 13:09:18,319 - INFO - 샘플 당 평균 Forward Pass 시간 (ONNX, CPU): 1.07ms (std: 0.03ms)
2026-02-10 13:09:18,319 - INFO - 샘플 당 평균 FPS (ONNX, CPU): 935.24 FPS (std: 25.27) (1개 샘플 x 100회 반복)
2026-02-10 13:09:18,319 - INFO - [Inference] 추론 중 피크 메모리 - 모델 로드 후 메모리 정리 직후 메모리: 14.25 MB
2026-02-10 13:09:18,319 - INFO - [Total] (FP16) 추론 중 피크 메모리 - 모델 로드 전 청소 직후 메모리: 24.64 MB
2026-02-10 13:09:19,187 - INFO - [Inference (ONNX FP16)] | Test Acc (ONNX): 84.07%
2026-02-10 13:09:19,194 - INFO - [Metrics for 'abnormal' (ONNX)] | Precision: 0.8456 | Recall: 0.8025 | F1: 0.8235
2026-02-10 13:09:19,194 - INFO - [Metrics for 'normal' (ONNX)] | Precision: 0.8368 | Recall: 0.8736 | F1: 0.8548
2026-02-10 13:09:19,319 - INFO - ==================================================
2026-02-10 13:09:19,320 - INFO - 혼동 행렬 저장 완료. 'log/Sewer-TAPNEW_flops/baseline_mobilenet_v4_s_fpgm_20260210_130917/confusion_matrix_20260210_130917.png' and 'log/Sewer-TAPNEW_flops/baseline_mobilenet_v4_s_fpgm_20260210_130917/confusion_matrix_20260210_130917.pdf'
