2026-01-14 15:55:14,826 - INFO - 로그 파일이 'log/Sewer-TAPNEW/baseline_deit_tiny_20260114_155514/log_20260114_155514.log'에 저장됩니다.
2026-01-14 15:55:14,831 - INFO - ==================================================
2026-01-14 15:55:14,831 - INFO - config.yaml:
2026-01-14 15:55:14,831 - INFO - 
run:
  global_seed: 42
  cuda: true
  mode: inference
  pth_inference_dir: /home/cau/workspace/CHOI/sewer_binary_cls_v9/pretrained/baselines/sewer_tap_new/original/deit_tiny
  pth_best_name: best_model.pth
  evaluate_onnx: true
  only_inference: false
  use_fp16_inference: true
  show_log: true
  dataset:
    name: Sewer-TAPNEW
    type: image_folder
    train_split_ratio: 0.8
    paths:
      train_img_dir: /home/cau/workspace/data/Sewer/Sewer-ML/train
      valid_img_dir: /home/cau/workspace/data/Sewer/Sewer-ML/valid
      test_img_dir: /home/cau/workspace/data/Sewer/Sewer-ML/valid
      train_csv: /home/cau/workspace/data/Sewer/Sewer-ML/SewerML_Train.csv
      valid_csv: /home/cau/workspace/data/Sewer/Sewer-ML/SewerML_Val.csv
      test_csv: /home/cau/workspace/data/Sewer/Sewer-ML/SewerML_Val.csv
      img_folder: /home/cau/workspace/data/Sewer/Sewer-TAPNEW
  random_sampling_ratio:
    train: 1.0
    valid: 1.0
    test: 1.0
  num_workers: 16
training_main:
  epochs: 90
  batch_size: 16
  pre_trained: false
  optimizer: adamw
  lr: 0.001
  weight_decay: 0.0001
  loss_function: CrossEntropyLoss
  label_smoothing: 0.1
  scheduler: cosineannealinglr
  scheduler_params:
    T_max: 90
    eta_min: 0.0001
  best_model_criterion: val_loss
training_baseline:
  epochs: 10
  batch_size: 16
  pre_trained: false
  optimizer: adamw
  lr: 0.001
  weight_decay: 0.0001
  loss_function: CrossEntropyLoss
  label_smoothing: 0.1
  scheduler: cosineannealinglr
  scheduler_params:
    T_max: 10
    eta_min: 0.0001
  best_model_criterion: val_loss
finetuning_pruned:
  epochs: 80
  batch_size: 16
  optimizer: adamw
  lr: 0.001
  weight_decay: 0.0001
  loss_function: CrossEntropyLoss
  label_smoothing: 0.1
  scheduler: cosineannealinglr
  scheduler_params:
    T_max: 80
    eta_min: 0.0001
  best_model_criterion: val_loss
model:
  img_size: 224
  patch_size: 56
  stride: 56
  cnn_feature_extractor:
    name: efficientnet_b0_feat2
  featured_patch_dim: 24
  emb_dim: 24
  num_heads: 2
  num_decoder_layers: 2
  num_decoder_patches: 1
  adaptive_initial_query: true
  decoder_ff_ratio: 2
  dropout: 0.1
  positional_encoding: true
  res_attention: true
  save_attention: true
  num_plot_attention: 5
baseline:
  model_name: deit_tiny

2026-01-14 15:55:14,831 - INFO - ==================================================
2026-01-14 15:55:15,021 - INFO - CUDA 사용 가능. GPU 사용을 시작합니다. (Device: NVIDIA RTX PRO 6000 Blackwell Server Edition)
2026-01-14 15:55:15,022 - INFO - 'Sewer-TAPNEW' 데이터 로드를 시작합니다 (Type: image_folder).
2026-01-14 15:55:15,022 - INFO - '/home/cau/workspace/data/Sewer/Sewer-TAPNEW' 경로의 데이터를 훈련/테스트셋으로 분할합니다.
2026-01-14 15:55:15,030 - INFO - 총 1692개 데이터를 훈련용 1353개, 테스트용 339개로 분할합니다 (split_seed=42).
2026-01-14 15:55:15,030 - INFO - 데이터셋 클래스: ['abnormal', 'normal'] (총 2개)
2026-01-14 15:55:15,030 - INFO - 훈련 데이터: 1353개, 검증 데이터: 339개, 테스트 데이터: 339개
2026-01-14 15:55:15,030 - INFO - Baseline 모델 'deit_tiny'을(를) 생성합니다 (사전 훈련 가중치: 미사용).
2026-01-14 15:55:15,288 - INFO - timm 모델(deit_tiny)의 Attention.forward를 Pruning 호환성을 위해 Monkey-patching 합니다.
2026-01-14 15:55:15,290 - INFO - ==================================================
2026-01-14 15:55:15,290 - INFO - 모델 파라미터 수:
2026-01-14 15:55:15,290 - INFO -   - 총 파라미터: 5,524,802 개
2026-01-14 15:55:15,290 - INFO -   - 학습 가능한 파라미터: 5,524,802 개
2026-01-14 15:55:15,290 - INFO - ==================================================
2026-01-14 15:55:15,290 - INFO - Inference 모드를 시작합니다.
2026-01-14 15:55:15,512 - INFO - [Model Load] PyTorch 모델 가중치 로드 메모리: 968.56 MB (증가량: 0.50 MB)
2026-01-14 15:55:15,512 - INFO - '/home/cau/workspace/CHOI/sewer_binary_cls_v9/pretrained/baselines/sewer_tap_new/original/deit_tiny/best_model.pth' 가중치 로드 완료.
2026-01-14 15:55:15,910 - INFO - 연산량 (MACs): 1.0747 GMACs per sample
2026-01-14 15:55:15,910 - INFO - 연산량 (FLOPs): 2.1493 GFLOPs per sample
2026-01-14 15:55:15,910 - INFO - ==================================================
2026-01-14 15:55:15,910 - INFO - FP16 Inference (ONNX via onnxconverter-common)을 적용합니다.
2026-01-14 15:55:15,910 - INFO - DEBUG: onnxruntime status: Loaded
2026-01-14 15:55:15,910 - INFO - DEBUG: onnx status: Loaded
2026-01-14 15:55:15,910 - INFO - DEBUG: float16 (onnxconverter-common) status: Loaded
2026-01-14 15:55:16,479 - INFO - onnxconverter-common을 사용하여 float16 변환을 수행합니다...
2026-01-14 15:55:16,984 - INFO - ONNX FP16 모델 저장 완료: log/Sewer-TAPNEW/baseline_deit_tiny_20260114_155514/best_model_fp16.onnx
2026-01-14 15:55:17,246 - INFO - [Model Load] ONNX 모델(FP16) 로드 메모리: 1420.79 MB (증가량: 2.66 MB)
2026-01-14 15:55:17,247 - INFO - ONNX 런타임의 샘플 당 Forward Pass 시간 측정을 시작합니다...
2026-01-14 15:55:20,255 - INFO - 샘플 당 평균 Forward Pass 시간 (ONNX, CPU): 25.53ms (std: 1.26ms)
2026-01-14 15:55:20,255 - INFO - 샘플 당 평균 FPS (ONNX, CPU): 39.25 FPS (std: 1.74) (1개 샘플 x 100회 반복)
2026-01-14 15:55:20,255 - INFO - [Inference Only] ONNX 런타임 추론 중 최대 CPU 메모리: 1442.70 MB (순수 증가량: 16.56 MB)
2026-01-14 15:55:20,255 - INFO - [Total Process] ONNX 모델(FP16) 전체 메모리 사용량: 1442.70 MB (전체 증가량: 24.56 MB)
2026-01-14 15:55:25,551 - INFO - [Inference (ONNX FP16)] | Test Acc (ONNX): 80.53%
2026-01-14 15:55:25,571 - INFO - [Metrics for 'abnormal' (ONNX)] | Precision: 0.7725 | Recall: 0.8217 | F1: 0.7963
2026-01-14 15:55:25,572 - INFO - [Metrics for 'normal' (ONNX)] | Precision: 0.8372 | Recall: 0.7912 | F1: 0.8136
2026-01-14 15:55:26,085 - INFO - ==================================================
2026-01-14 15:55:26,085 - INFO - 혼동 행렬 저장 완료. 'log/Sewer-TAPNEW/baseline_deit_tiny_20260114_155514/confusion_matrix_20260114_155514.png' and 'log/Sewer-TAPNEW/baseline_deit_tiny_20260114_155514/confusion_matrix_20260114_155514.pdf'
