2026-01-10 15:31:54,207 - INFO - 로그 파일이 'log/Sewer-ML/baseline_mobilenet_v4_s_20260110_153154/log_20260110_153154.log'에 저장됩니다.
2026-01-10 15:31:54,209 - INFO - ==================================================
2026-01-10 15:31:54,209 - INFO - config.yaml:
2026-01-10 15:31:54,209 - INFO - 
run:
  global_seed: 42
  cuda: true
  mode: train
  pth_best_name: best_model.pth
  evaluate_onnx: true
  only_inference: false
  show_log: true
  dataset:
    name: Sewer-ML
    type: csv
    train_split_ratio: 0.8
    paths:
      train_img_dir: /home/user/workspace/disk/nvme1/data/Sewer/Sewer-ML/train
      valid_img_dir: /home/user/workspace/disk/nvme1/data/Sewer/Sewer-ML/valid
      test_img_dir: /home/user/workspace/disk/nvme1/data/Sewer/Sewer-ML/valid
      train_csv: /home/user/workspace/disk/nvme1/data/Sewer/Sewer-ML/SewerML_Train.csv
      valid_csv: /home/user/workspace/disk/nvme1/data/Sewer/Sewer-ML/SewerML_Val.csv
      test_csv: /home/user/workspace/disk/nvme1/data/Sewer/Sewer-ML/SewerML_Val.csv
  random_sampling_ratio:
    train: 1.0
    valid: 1.0
    test: 1.0
  num_workers: 16
training_run:
  epochs: 90
  batch_size: 16
  pre_trained: false
  optimizer: adamw
  lr: 0.001
  weight_decay: 0.0001
  loss_function: CrossEntropyLoss
  label_smoothing: 0.1
  warmup:
    enabled: false
    epochs: 5
    start_lr: 1.0e-05
  scheduler: cosineannealinglr
  scheduler_params:
    T_max: 90
    eta_min: 0.0001
  best_model_criterion: val_loss
training_baseline:
  epochs: 90
  batch_size: 256
  pre_trained: false
  optimizer: adamw
  lr: 0.001
  weight_decay: 0.0001
  loss_function: CrossEntropyLoss
  label_smoothing: 0.1
  warmup:
    enabled: false
    epochs: 5
    start_lr: 1.0e-05
  scheduler: cosineannealinglr
  scheduler_params:
    T_max: 10
    eta_min: 0.0001
  best_model_criterion: val_loss
finetuning_pruned:
  epochs: 80
  batch_size: 16
  optimizer: adamw
  lr: 0.001
  weight_decay: 0.0001
  loss_function: CrossEntropyLoss
  label_smoothing: 0.1
  warmup:
    enabled: false
    epochs: 5
    start_lr: 1.0e-06
  scheduler: cosineannealinglr
  scheduler_params:
    T_max: 80
    eta_min: 0.0001
  best_model_criterion: val_loss
model:
  img_size: 224
  patch_size: 56
  stride: 56
  cnn_feature_extractor:
    name: efficientnet_b0_feat2
  featured_patch_dim: 24
  emb_dim: 24
  num_heads: 2
  num_decoder_layers: 2
  num_decoder_patches: 1
  adaptive_initial_query: true
  decoder_ff_ratio: 2
  dropout: 0.1
  positional_encoding: true
  res_attention: true
  save_attention: true
  num_plot_attention: 0
baseline:
  model_name: mobilenet_v4_s

2026-01-10 15:31:54,209 - INFO - ==================================================
2026-01-10 15:31:54,380 - INFO - CUDA 사용 가능. GPU 사용을 시작합니다. (Device: NVIDIA GeForce RTX 5090)
2026-01-10 15:31:54,381 - INFO - 'Sewer-ML' 데이터 로드를 시작합니다 (Type: csv).
2026-01-10 15:31:54,943 - INFO - 데이터셋 클래스: ['Normal', 'Defect'] (총 2개)
2026-01-10 15:31:54,944 - INFO - 훈련 데이터: 1040129개, 검증 데이터: 130046개, 테스트 데이터: 130046개
2026-01-10 15:31:54,944 - INFO - Baseline 모델 'mobilenet_v4_s'을(를) 생성합니다 (사전 훈련 가중치: 미사용).
2026-01-10 15:31:55,043 - INFO - ==================================================
2026-01-10 15:31:55,043 - INFO - 모델 파라미터 수:
2026-01-10 15:31:55,043 - INFO -   - 총 파라미터: 2,495,586 개
2026-01-10 15:31:55,043 - INFO -   - 학습 가능한 파라미터: 2,495,586 개
2026-01-10 15:31:55,043 - INFO - ================================================================================
2026-01-10 15:31:55,043 - INFO - 단계 1/2: 사전 훈련(Pre-training)을 시작합니다.
2026-01-10 15:31:55,043 - INFO - ================================================================================
2026-01-10 15:31:55,043 - INFO - 옵티마이저: AdamW (lr=0.001, weight_decay=0.0001)
2026-01-10 15:31:55,043 - INFO - 스케줄러: CosineAnnealingLR (T_max=10, eta_min=0.0001)
2026-01-10 15:31:55,043 - INFO - ==================================================
2026-01-10 15:31:55,043 - INFO - train 모드를 시작합니다.
2026-01-10 15:31:55,043 - INFO - 손실 함수: CrossEntropyLoss (label_smoothing: 0.1)
2026-01-10 15:31:55,043 - INFO - Best metric을 초기값(inf)으로 설정합니다.
2026-01-10 15:31:55,043 - INFO - --------------------------------------------------
2026-01-10 15:31:55,044 - INFO - [LR]    [1/90] | Learning Rate: 0.001000
2026-01-10 15:39:13,700 - INFO - [Train] [1/90] | Loss: 0.5115 | Train Acc: 80.86%
2026-01-10 15:39:52,743 - INFO - [Valid] [1/90] | Loss: 0.4462 | Val Acc: 84.25%
2026-01-10 15:39:52,898 - INFO - [Metrics for 'Normal'] | Precision: 0.8170 | Recall: 0.9042 | F1: 0.8584
2026-01-10 15:39:52,898 - INFO - [Metrics for 'Defect'] | Precision: 0.8783 | Recall: 0.7734 | F1: 0.8225
2026-01-10 15:39:52,965 - INFO - [Best Model Saved] (val loss: 0.4462) -> 'log/Sewer-ML/baseline_mobilenet_v4_s_20260110_153154/best_model.pth'
2026-01-10 15:39:52,965 - INFO - --------------------------------------------------
2026-01-10 15:39:52,965 - INFO - [LR]    [2/90] | Learning Rate: 0.000978
2026-01-10 15:47:11,674 - INFO - [Train] [2/90] | Loss: 0.4355 | Train Acc: 85.15%
2026-01-10 15:47:49,797 - INFO - [Valid] [2/90] | Loss: 0.4328 | Val Acc: 85.25%
2026-01-10 15:47:49,922 - INFO - [Metrics for 'Normal'] | Precision: 0.8781 | Recall: 0.8370 | F1: 0.8570
2026-01-10 15:47:49,922 - INFO - [Metrics for 'Defect'] | Precision: 0.8266 | Recall: 0.8699 | F1: 0.8477
2026-01-10 15:47:49,977 - INFO - [Best Model Saved] (val loss: 0.4328) -> 'log/Sewer-ML/baseline_mobilenet_v4_s_20260110_153154/best_model.pth'
2026-01-10 15:47:49,977 - INFO - --------------------------------------------------
2026-01-10 15:47:49,978 - INFO - [LR]    [3/90] | Learning Rate: 0.000914
2026-01-10 15:55:10,407 - INFO - [Train] [3/90] | Loss: 0.4150 | Train Acc: 86.38%
2026-01-10 15:55:48,463 - INFO - [Valid] [3/90] | Loss: 0.4042 | Val Acc: 87.50%
2026-01-10 15:55:48,588 - INFO - [Metrics for 'Normal'] | Precision: 0.9001 | Recall: 0.8586 | F1: 0.8789
2026-01-10 15:55:48,588 - INFO - [Metrics for 'Defect'] | Precision: 0.8495 | Recall: 0.8934 | F1: 0.8709
2026-01-10 15:55:48,643 - INFO - [Best Model Saved] (val loss: 0.4042) -> 'log/Sewer-ML/baseline_mobilenet_v4_s_20260110_153154/best_model.pth'
2026-01-10 15:55:48,643 - INFO - --------------------------------------------------
2026-01-10 15:55:48,643 - INFO - [LR]    [4/90] | Learning Rate: 0.000815
2026-01-10 16:03:10,310 - INFO - [Train] [4/90] | Loss: 0.4041 | Train Acc: 87.20%
2026-01-10 16:03:48,405 - INFO - [Valid] [4/90] | Loss: 0.4053 | Val Acc: 87.21%
2026-01-10 16:03:48,532 - INFO - [Metrics for 'Normal'] | Precision: 0.8857 | Recall: 0.8701 | F1: 0.8779
2026-01-10 16:03:48,532 - INFO - [Metrics for 'Defect'] | Precision: 0.8575 | Recall: 0.8744 | F1: 0.8658
2026-01-10 16:03:48,572 - INFO - --------------------------------------------------
2026-01-10 16:03:48,572 - INFO - [LR]    [5/90] | Learning Rate: 0.000689
2026-01-10 16:11:10,296 - INFO - [Train] [5/90] | Loss: 0.3871 | Train Acc: 88.28%
2026-01-10 16:11:48,724 - INFO - [Valid] [5/90] | Loss: 0.3851 | Val Acc: 88.86%
2026-01-10 16:11:48,850 - INFO - [Metrics for 'Normal'] | Precision: 0.9070 | Recall: 0.8793 | F1: 0.8929
2026-01-10 16:11:48,850 - INFO - [Metrics for 'Defect'] | Precision: 0.8694 | Recall: 0.8991 | F1: 0.8840
2026-01-10 16:11:48,905 - INFO - [Best Model Saved] (val loss: 0.3851) -> 'log/Sewer-ML/baseline_mobilenet_v4_s_20260110_153154/best_model.pth'
2026-01-10 16:11:48,905 - INFO - --------------------------------------------------
2026-01-10 16:11:48,906 - INFO - [LR]    [6/90] | Learning Rate: 0.000550
2026-01-10 16:19:10,507 - INFO - [Train] [6/90] | Loss: 0.3745 | Train Acc: 89.09%
2026-01-10 16:19:48,460 - INFO - [Valid] [6/90] | Loss: 0.3746 | Val Acc: 89.20%
2026-01-10 16:19:48,586 - INFO - [Metrics for 'Normal'] | Precision: 0.9138 | Recall: 0.8784 | F1: 0.8958
2026-01-10 16:19:48,586 - INFO - [Metrics for 'Defect'] | Precision: 0.8696 | Recall: 0.9072 | F1: 0.8880
2026-01-10 16:19:48,641 - INFO - [Best Model Saved] (val loss: 0.3746) -> 'log/Sewer-ML/baseline_mobilenet_v4_s_20260110_153154/best_model.pth'
2026-01-10 16:19:48,641 - INFO - --------------------------------------------------
2026-01-10 16:19:48,642 - INFO - [LR]    [7/90] | Learning Rate: 0.000411
2026-01-10 16:27:08,961 - INFO - [Train] [7/90] | Loss: 0.3621 | Train Acc: 89.87%
2026-01-10 16:27:47,280 - INFO - [Valid] [7/90] | Loss: 0.5397 | Val Acc: 88.89%
2026-01-10 16:27:47,397 - INFO - [Metrics for 'Normal'] | Precision: 0.9075 | Recall: 0.8793 | F1: 0.8932
2026-01-10 16:27:47,397 - INFO - [Metrics for 'Defect'] | Precision: 0.8695 | Recall: 0.8997 | F1: 0.8843
2026-01-10 16:27:47,437 - INFO - --------------------------------------------------
2026-01-10 16:27:47,437 - INFO - [LR]    [8/90] | Learning Rate: 0.000285
2026-01-10 16:35:09,022 - INFO - [Train] [8/90] | Loss: 0.3514 | Train Acc: 90.59%
2026-01-10 16:35:46,998 - INFO - [Valid] [8/90] | Loss: 0.3676 | Val Acc: 89.72%
2026-01-10 16:35:47,125 - INFO - [Metrics for 'Normal'] | Precision: 0.9084 | Recall: 0.8955 | F1: 0.9019
2026-01-10 16:35:47,125 - INFO - [Metrics for 'Defect'] | Precision: 0.8849 | Recall: 0.8990 | F1: 0.8919
2026-01-10 16:35:47,180 - INFO - [Best Model Saved] (val loss: 0.3676) -> 'log/Sewer-ML/baseline_mobilenet_v4_s_20260110_153154/best_model.pth'
2026-01-10 16:35:47,180 - INFO - --------------------------------------------------
2026-01-10 16:35:47,181 - INFO - [LR]    [9/90] | Learning Rate: 0.000186
2026-01-10 16:43:09,752 - INFO - [Train] [9/90] | Loss: 0.3441 | Train Acc: 91.08%
2026-01-10 16:43:47,941 - INFO - [Valid] [9/90] | Loss: 0.3988 | Val Acc: 89.76%
2026-01-10 16:43:48,067 - INFO - [Metrics for 'Normal'] | Precision: 0.9077 | Recall: 0.8973 | F1: 0.9025
2026-01-10 16:43:48,067 - INFO - [Metrics for 'Defect'] | Precision: 0.8865 | Recall: 0.8979 | F1: 0.8921
2026-01-10 16:43:48,107 - INFO - --------------------------------------------------
2026-01-10 16:43:48,107 - INFO - [LR]    [10/90] | Learning Rate: 0.000122
2026-01-10 16:51:08,900 - INFO - [Train] [10/90] | Loss: 0.3369 | Train Acc: 91.56%
2026-01-10 16:51:46,849 - INFO - [Valid] [10/90] | Loss: 0.4485 | Val Acc: 89.76%
2026-01-10 16:51:46,976 - INFO - [Metrics for 'Normal'] | Precision: 0.9107 | Recall: 0.8937 | F1: 0.9022
2026-01-10 16:51:46,976 - INFO - [Metrics for 'Defect'] | Precision: 0.8835 | Recall: 0.9020 | F1: 0.8926
2026-01-10 16:51:47,015 - INFO - --------------------------------------------------
2026-01-10 16:51:47,016 - INFO - [LR]    [11/90] | Learning Rate: 0.000100
2026-01-10 16:59:09,303 - INFO - [Train] [11/90] | Loss: 0.3322 | Train Acc: 91.88%
2026-01-10 16:59:47,399 - INFO - [Valid] [11/90] | Loss: 0.4405 | Val Acc: 89.77%
2026-01-10 16:59:47,526 - INFO - [Metrics for 'Normal'] | Precision: 0.9134 | Recall: 0.8908 | F1: 0.9019
2026-01-10 16:59:47,526 - INFO - [Metrics for 'Defect'] | Precision: 0.8810 | Recall: 0.9055 | F1: 0.8931
2026-01-10 16:59:47,566 - INFO - --------------------------------------------------
2026-01-10 16:59:47,567 - INFO - [LR]    [12/90] | Learning Rate: 0.000122
2026-01-10 17:07:09,429 - INFO - [Train] [12/90] | Loss: 0.3298 | Train Acc: 92.06%
2026-01-10 17:07:47,395 - INFO - [Valid] [12/90] | Loss: 0.4161 | Val Acc: 89.59%
2026-01-10 17:07:47,522 - INFO - [Metrics for 'Normal'] | Precision: 0.9127 | Recall: 0.8878 | F1: 0.9001
2026-01-10 17:07:47,522 - INFO - [Metrics for 'Defect'] | Precision: 0.8781 | Recall: 0.9050 | F1: 0.8913
2026-01-10 17:07:47,562 - INFO - --------------------------------------------------
2026-01-10 17:07:47,563 - INFO - [LR]    [13/90] | Learning Rate: 0.000186
2026-01-10 17:15:10,995 - INFO - [Train] [13/90] | Loss: 0.3297 | Train Acc: 92.07%
2026-01-10 17:15:48,981 - INFO - [Valid] [13/90] | Loss: 0.4382 | Val Acc: 89.63%
2026-01-10 17:15:49,109 - INFO - [Metrics for 'Normal'] | Precision: 0.9116 | Recall: 0.8901 | F1: 0.9007
2026-01-10 17:15:49,109 - INFO - [Metrics for 'Defect'] | Precision: 0.8801 | Recall: 0.9034 | F1: 0.8916
2026-01-10 17:15:49,149 - INFO - --------------------------------------------------
2026-01-10 17:15:49,150 - INFO - [LR]    [14/90] | Learning Rate: 0.000285
2026-01-10 17:23:13,406 - INFO - [Train] [14/90] | Loss: 0.3320 | Train Acc: 91.92%
2026-01-10 17:23:51,401 - INFO - [Valid] [14/90] | Loss: 0.3672 | Val Acc: 89.66%
2026-01-10 17:23:51,528 - INFO - [Metrics for 'Normal'] | Precision: 0.9132 | Recall: 0.8888 | F1: 0.9008
2026-01-10 17:23:51,528 - INFO - [Metrics for 'Defect'] | Precision: 0.8791 | Recall: 0.9054 | F1: 0.8921
2026-01-10 17:23:51,584 - INFO - [Best Model Saved] (val loss: 0.3672) -> 'log/Sewer-ML/baseline_mobilenet_v4_s_20260110_153154/best_model.pth'
2026-01-10 17:23:51,584 - INFO - --------------------------------------------------
2026-01-10 17:23:51,585 - INFO - [LR]    [15/90] | Learning Rate: 0.000411
2026-01-10 17:31:12,933 - INFO - [Train] [15/90] | Loss: 0.3413 | Train Acc: 91.33%
2026-01-10 17:31:50,854 - INFO - [Valid] [15/90] | Loss: 0.3656 | Val Acc: 89.62%
2026-01-10 17:31:50,982 - INFO - [Metrics for 'Normal'] | Precision: 0.9052 | Recall: 0.8975 | F1: 0.9014
2026-01-10 17:31:50,982 - INFO - [Metrics for 'Defect'] | Precision: 0.8864 | Recall: 0.8948 | F1: 0.8906
2026-01-10 17:31:51,037 - INFO - [Best Model Saved] (val loss: 0.3656) -> 'log/Sewer-ML/baseline_mobilenet_v4_s_20260110_153154/best_model.pth'
2026-01-10 17:31:51,037 - INFO - --------------------------------------------------
2026-01-10 17:31:51,038 - INFO - [LR]    [16/90] | Learning Rate: 0.000550
2026-01-10 17:39:12,691 - INFO - [Train] [16/90] | Loss: 0.3388 | Train Acc: 91.50%
2026-01-10 17:39:50,835 - INFO - [Valid] [16/90] | Loss: 0.3662 | Val Acc: 89.72%
2026-01-10 17:39:50,953 - INFO - [Metrics for 'Normal'] | Precision: 0.9052 | Recall: 0.8996 | F1: 0.9024
2026-01-10 17:39:50,953 - INFO - [Metrics for 'Defect'] | Precision: 0.8884 | Recall: 0.8946 | F1: 0.8915
2026-01-10 17:39:50,993 - INFO - --------------------------------------------------
2026-01-10 17:39:50,994 - INFO - [LR]    [17/90] | Learning Rate: 0.000689
2026-01-10 17:47:14,260 - INFO - [Train] [17/90] | Loss: 0.3547 | Train Acc: 90.45%
2026-01-10 17:47:52,344 - INFO - [Valid] [17/90] | Loss: 0.4883 | Val Acc: 89.46%
2026-01-10 17:47:52,473 - INFO - [Metrics for 'Normal'] | Precision: 0.9124 | Recall: 0.8854 | F1: 0.8987
2026-01-10 17:47:52,473 - INFO - [Metrics for 'Defect'] | Precision: 0.8759 | Recall: 0.9049 | F1: 0.8901
2026-01-10 17:47:52,513 - INFO - --------------------------------------------------
2026-01-10 17:47:52,514 - INFO - [LR]    [18/90] | Learning Rate: 0.000815
2026-01-10 17:55:16,247 - INFO - [Train] [18/90] | Loss: 0.3515 | Train Acc: 90.62%
2026-01-10 17:55:54,133 - INFO - [Valid] [18/90] | Loss: 1.2530 | Val Acc: 89.68%
2026-01-10 17:55:54,252 - INFO - [Metrics for 'Normal'] | Precision: 0.9094 | Recall: 0.8935 | F1: 0.9014
2026-01-10 17:55:54,252 - INFO - [Metrics for 'Defect'] | Precision: 0.8831 | Recall: 0.9004 | F1: 0.8917
2026-01-10 17:55:54,292 - INFO - --------------------------------------------------
2026-01-10 17:55:54,293 - INFO - [LR]    [19/90] | Learning Rate: 0.000914
2026-01-10 18:03:17,604 - INFO - [Train] [19/90] | Loss: 0.3969 | Train Acc: 87.91%
2026-01-10 18:03:55,743 - INFO - [Valid] [19/90] | Loss: 0.3733 | Val Acc: 89.20%
2026-01-10 18:03:55,871 - INFO - [Metrics for 'Normal'] | Precision: 0.9102 | Recall: 0.8826 | F1: 0.8962
2026-01-10 18:03:55,871 - INFO - [Metrics for 'Defect'] | Precision: 0.8729 | Recall: 0.9025 | F1: 0.8875
2026-01-10 18:03:55,912 - INFO - --------------------------------------------------
2026-01-10 18:03:55,913 - INFO - [LR]    [20/90] | Learning Rate: 0.000978
2026-01-10 18:11:18,042 - INFO - [Train] [20/90] | Loss: 0.3664 | Train Acc: 89.77%
2026-01-10 18:11:56,067 - INFO - [Valid] [20/90] | Loss: 0.3615 | Val Acc: 89.92%
2026-01-10 18:11:56,195 - INFO - [Metrics for 'Normal'] | Precision: 0.9117 | Recall: 0.8959 | F1: 0.9037
2026-01-10 18:11:56,195 - INFO - [Metrics for 'Defect'] | Precision: 0.8857 | Recall: 0.9029 | F1: 0.8942
2026-01-10 18:11:56,252 - INFO - [Best Model Saved] (val loss: 0.3615) -> 'log/Sewer-ML/baseline_mobilenet_v4_s_20260110_153154/best_model.pth'
2026-01-10 18:11:56,252 - INFO - --------------------------------------------------
2026-01-10 18:11:56,253 - INFO - [LR]    [21/90] | Learning Rate: 0.001000
2026-01-10 18:19:18,277 - INFO - [Train] [21/90] | Loss: 0.3679 | Train Acc: 89.72%
2026-01-10 18:19:56,501 - INFO - [Valid] [21/90] | Loss: 0.3647 | Val Acc: 89.85%
2026-01-10 18:19:56,629 - INFO - [Metrics for 'Normal'] | Precision: 0.9098 | Recall: 0.8968 | F1: 0.9032
2026-01-10 18:19:56,629 - INFO - [Metrics for 'Defect'] | Precision: 0.8863 | Recall: 0.9004 | F1: 0.8933
2026-01-10 18:19:56,669 - INFO - --------------------------------------------------
2026-01-10 18:19:56,670 - INFO - [LR]    [22/90] | Learning Rate: 0.000978
2026-01-10 18:27:18,376 - INFO - [Train] [22/90] | Loss: 0.3567 | Train Acc: 90.35%
2026-01-10 18:27:56,166 - INFO - [Valid] [22/90] | Loss: 0.3598 | Val Acc: 89.96%
2026-01-10 18:27:56,294 - INFO - [Metrics for 'Normal'] | Precision: 0.9120 | Recall: 0.8963 | F1: 0.9041
2026-01-10 18:27:56,294 - INFO - [Metrics for 'Defect'] | Precision: 0.8862 | Recall: 0.9032 | F1: 0.8946
2026-01-10 18:27:56,350 - INFO - [Best Model Saved] (val loss: 0.3598) -> 'log/Sewer-ML/baseline_mobilenet_v4_s_20260110_153154/best_model.pth'
2026-01-10 18:27:56,351 - INFO - --------------------------------------------------
2026-01-10 18:27:56,351 - INFO - [LR]    [23/90] | Learning Rate: 0.000914
2026-01-10 18:35:20,231 - INFO - [Train] [23/90] | Loss: 0.3521 | Train Acc: 90.63%
2026-01-10 18:35:58,227 - INFO - [Valid] [23/90] | Loss: 0.4003 | Val Acc: 89.79%
2026-01-10 18:35:58,355 - INFO - [Metrics for 'Normal'] | Precision: 0.9044 | Recall: 0.9020 | F1: 0.9032
2026-01-10 18:35:58,355 - INFO - [Metrics for 'Defect'] | Precision: 0.8906 | Recall: 0.8933 | F1: 0.8920
2026-01-10 18:35:58,395 - INFO - --------------------------------------------------
2026-01-10 18:35:58,396 - INFO - [LR]    [24/90] | Learning Rate: 0.000815
2026-01-10 18:43:19,435 - INFO - [Train] [24/90] | Loss: 0.3439 | Train Acc: 91.13%
2026-01-10 18:43:57,315 - INFO - [Valid] [24/90] | Loss: 0.3564 | Val Acc: 90.35%
2026-01-10 18:43:57,445 - INFO - [Metrics for 'Normal'] | Precision: 0.9203 | Recall: 0.8948 | F1: 0.9073
2026-01-10 18:43:57,445 - INFO - [Metrics for 'Defect'] | Precision: 0.8858 | Recall: 0.9132 | F1: 0.8993
2026-01-10 18:43:57,501 - INFO - [Best Model Saved] (val loss: 0.3564) -> 'log/Sewer-ML/baseline_mobilenet_v4_s_20260110_153154/best_model.pth'
2026-01-10 18:43:57,501 - INFO - --------------------------------------------------
2026-01-10 18:43:57,502 - INFO - [LR]    [25/90] | Learning Rate: 0.000689
2026-01-10 18:51:19,230 - INFO - [Train] [25/90] | Loss: 0.3364 | Train Acc: 91.60%
2026-01-10 18:51:57,171 - INFO - [Valid] [25/90] | Loss: 0.3529 | Val Acc: 90.48%
2026-01-10 18:51:57,300 - INFO - [Metrics for 'Normal'] | Precision: 0.9146 | Recall: 0.9041 | F1: 0.9093
2026-01-10 18:51:57,300 - INFO - [Metrics for 'Defect'] | Precision: 0.8940 | Recall: 0.9056 | F1: 0.8997
2026-01-10 18:51:57,356 - INFO - [Best Model Saved] (val loss: 0.3529) -> 'log/Sewer-ML/baseline_mobilenet_v4_s_20260110_153154/best_model.pth'
2026-01-10 18:51:57,357 - INFO - --------------------------------------------------
2026-01-10 18:51:57,357 - INFO - [LR]    [26/90] | Learning Rate: 0.000550
2026-01-10 18:59:18,819 - INFO - [Train] [26/90] | Loss: 0.3293 | Train Acc: 92.10%
2026-01-10 18:59:56,726 - INFO - [Valid] [26/90] | Loss: 0.4872 | Val Acc: 90.13%
2026-01-10 18:59:56,854 - INFO - [Metrics for 'Normal'] | Precision: 0.9184 | Recall: 0.8925 | F1: 0.9052
2026-01-10 18:59:56,854 - INFO - [Metrics for 'Defect'] | Precision: 0.8833 | Recall: 0.9112 | F1: 0.8971
2026-01-10 18:59:56,895 - INFO - --------------------------------------------------
2026-01-10 18:59:56,896 - INFO - [LR]    [27/90] | Learning Rate: 0.000411
2026-01-10 19:07:18,636 - INFO - [Train] [27/90] | Loss: 0.3199 | Train Acc: 92.71%
2026-01-10 19:07:56,605 - INFO - [Valid] [27/90] | Loss: 0.3566 | Val Acc: 90.39%
2026-01-10 19:07:56,734 - INFO - [Metrics for 'Normal'] | Precision: 0.9120 | Recall: 0.9053 | F1: 0.9087
2026-01-10 19:07:56,734 - INFO - [Metrics for 'Defect'] | Precision: 0.8949 | Recall: 0.9023 | F1: 0.8986
2026-01-10 19:07:56,775 - INFO - --------------------------------------------------
2026-01-10 19:07:56,775 - INFO - [LR]    [28/90] | Learning Rate: 0.000285
2026-01-10 19:15:18,982 - INFO - [Train] [28/90] | Loss: 0.3116 | Train Acc: 93.29%
2026-01-10 19:15:56,855 - INFO - [Valid] [28/90] | Loss: 0.4176 | Val Acc: 90.48%
2026-01-10 19:15:56,984 - INFO - [Metrics for 'Normal'] | Precision: 0.9155 | Recall: 0.9030 | F1: 0.9092
2026-01-10 19:15:56,984 - INFO - [Metrics for 'Defect'] | Precision: 0.8931 | Recall: 0.9067 | F1: 0.8999
2026-01-10 19:15:57,025 - INFO - --------------------------------------------------
2026-01-10 19:15:57,026 - INFO - [LR]    [29/90] | Learning Rate: 0.000186
2026-01-10 19:23:19,487 - INFO - [Train] [29/90] | Loss: 0.3036 | Train Acc: 93.84%
2026-01-10 19:23:57,646 - INFO - [Valid] [29/90] | Loss: 0.3699 | Val Acc: 90.42%
2026-01-10 19:23:57,776 - INFO - [Metrics for 'Normal'] | Precision: 0.9153 | Recall: 0.9022 | F1: 0.9087
2026-01-10 19:23:57,776 - INFO - [Metrics for 'Defect'] | Precision: 0.8922 | Recall: 0.9065 | F1: 0.8993
2026-01-10 19:23:57,816 - INFO - --------------------------------------------------
2026-01-10 19:23:57,817 - INFO - [LR]    [30/90] | Learning Rate: 0.000122
2026-01-10 19:31:19,641 - INFO - [Train] [30/90] | Loss: 0.2971 | Train Acc: 94.29%
2026-01-10 19:31:57,622 - INFO - [Valid] [30/90] | Loss: 0.3646 | Val Acc: 90.36%
2026-01-10 19:31:57,751 - INFO - [Metrics for 'Normal'] | Precision: 0.9158 | Recall: 0.9003 | F1: 0.9080
2026-01-10 19:31:57,751 - INFO - [Metrics for 'Defect'] | Precision: 0.8905 | Recall: 0.9074 | F1: 0.8989
2026-01-10 19:31:57,792 - INFO - --------------------------------------------------
2026-01-10 19:31:57,792 - INFO - [LR]    [31/90] | Learning Rate: 0.000100
2026-01-10 19:39:19,296 - INFO - [Train] [31/90] | Loss: 0.2930 | Train Acc: 94.58%
2026-01-10 19:39:57,548 - INFO - [Valid] [31/90] | Loss: 0.3803 | Val Acc: 90.33%
2026-01-10 19:39:57,677 - INFO - [Metrics for 'Normal'] | Precision: 0.9184 | Recall: 0.8966 | F1: 0.9074
2026-01-10 19:39:57,677 - INFO - [Metrics for 'Defect'] | Precision: 0.8873 | Recall: 0.9108 | F1: 0.8989
2026-01-10 19:39:57,718 - INFO - --------------------------------------------------
2026-01-10 19:39:57,718 - INFO - [LR]    [32/90] | Learning Rate: 0.000122
2026-01-10 19:47:19,893 - INFO - [Train] [32/90] | Loss: 0.2913 | Train Acc: 94.70%
2026-01-10 19:47:57,755 - INFO - [Valid] [32/90] | Loss: 0.4115 | Val Acc: 90.19%
2026-01-10 19:47:57,884 - INFO - [Metrics for 'Normal'] | Precision: 0.9167 | Recall: 0.8956 | F1: 0.9060
2026-01-10 19:47:57,885 - INFO - [Metrics for 'Defect'] | Precision: 0.8861 | Recall: 0.9089 | F1: 0.8973
2026-01-10 19:47:57,926 - INFO - --------------------------------------------------
2026-01-10 19:47:57,927 - INFO - [LR]    [33/90] | Learning Rate: 0.000186
2026-01-10 19:55:20,590 - INFO - [Train] [33/90] | Loss: 0.2903 | Train Acc: 94.75%
2026-01-10 19:55:58,746 - INFO - [Valid] [33/90] | Loss: 0.3705 | Val Acc: 90.12%
2026-01-10 19:55:58,876 - INFO - [Metrics for 'Normal'] | Precision: 0.9167 | Recall: 0.8943 | F1: 0.9053
2026-01-10 19:55:58,876 - INFO - [Metrics for 'Defect'] | Precision: 0.8848 | Recall: 0.9090 | F1: 0.8968
2026-01-10 19:55:58,917 - INFO - --------------------------------------------------
2026-01-10 19:55:58,918 - INFO - [LR]    [34/90] | Learning Rate: 0.000285
2026-01-10 20:03:22,478 - INFO - [Train] [34/90] | Loss: 0.2943 | Train Acc: 94.48%
2026-01-10 20:04:00,551 - INFO - [Valid] [34/90] | Loss: 0.3673 | Val Acc: 90.08%
2026-01-10 20:04:00,681 - INFO - [Metrics for 'Normal'] | Precision: 0.9156 | Recall: 0.8945 | F1: 0.9049
2026-01-10 20:04:00,681 - INFO - [Metrics for 'Defect'] | Precision: 0.8849 | Recall: 0.9077 | F1: 0.8962
2026-01-10 20:04:00,722 - INFO - --------------------------------------------------
2026-01-10 20:04:00,722 - INFO - [LR]    [35/90] | Learning Rate: 0.000411
2026-01-10 20:11:22,318 - INFO - [Train] [35/90] | Loss: 0.3008 | Train Acc: 94.05%
2026-01-10 20:12:00,270 - INFO - [Valid] [35/90] | Loss: 0.5218 | Val Acc: 89.82%
2026-01-10 20:12:00,400 - INFO - [Metrics for 'Normal'] | Precision: 0.9080 | Recall: 0.8983 | F1: 0.9031
2026-01-10 20:12:00,400 - INFO - [Metrics for 'Defect'] | Precision: 0.8875 | Recall: 0.8982 | F1: 0.8928
2026-01-10 20:12:00,441 - INFO - --------------------------------------------------
2026-01-10 20:12:00,442 - INFO - [LR]    [36/90] | Learning Rate: 0.000550
2026-01-10 20:19:23,057 - INFO - [Train] [36/90] | Loss: 0.3054 | Train Acc: 93.71%
2026-01-10 20:20:00,989 - INFO - [Valid] [36/90] | Loss: 0.3940 | Val Acc: 89.84%
2026-01-10 20:20:01,118 - INFO - [Metrics for 'Normal'] | Precision: 0.9188 | Recall: 0.8859 | F1: 0.9021
2026-01-10 20:20:01,118 - INFO - [Metrics for 'Defect'] | Precision: 0.8773 | Recall: 0.9124 | F1: 0.8945
2026-01-10 20:20:01,160 - INFO - --------------------------------------------------
2026-01-10 20:20:01,160 - INFO - [LR]    [37/90] | Learning Rate: 0.000689
2026-01-10 20:27:23,404 - INFO - [Train] [37/90] | Loss: 0.3151 | Train Acc: 93.10%
2026-01-10 20:28:01,583 - INFO - [Valid] [37/90] | Loss: 0.3603 | Val Acc: 90.34%
2026-01-10 20:28:01,702 - INFO - [Metrics for 'Normal'] | Precision: 0.9076 | Recall: 0.9096 | F1: 0.9086
2026-01-10 20:28:01,702 - INFO - [Metrics for 'Defect'] | Precision: 0.8986 | Recall: 0.8964 | F1: 0.8975
2026-01-10 20:28:01,742 - INFO - --------------------------------------------------
2026-01-10 20:28:01,743 - INFO - [LR]    [38/90] | Learning Rate: 0.000815
2026-01-10 20:35:23,787 - INFO - [Train] [38/90] | Loss: 0.3191 | Train Acc: 92.79%
2026-01-10 20:36:01,846 - INFO - [Valid] [38/90] | Loss: 0.3580 | Val Acc: 90.27%
2026-01-10 20:36:01,977 - INFO - [Metrics for 'Normal'] | Precision: 0.9210 | Recall: 0.8923 | F1: 0.9064
2026-01-10 20:36:01,977 - INFO - [Metrics for 'Defect'] | Precision: 0.8836 | Recall: 0.9143 | F1: 0.8987
2026-01-10 20:36:02,018 - INFO - --------------------------------------------------
2026-01-10 20:36:02,018 - INFO - [LR]    [39/90] | Learning Rate: 0.000914
2026-01-10 20:43:23,517 - INFO - [Train] [39/90] | Loss: 0.3238 | Train Acc: 92.51%
2026-01-10 20:44:01,464 - INFO - [Valid] [39/90] | Loss: 0.3695 | Val Acc: 90.32%
2026-01-10 20:44:01,594 - INFO - [Metrics for 'Normal'] | Precision: 0.9191 | Recall: 0.8955 | F1: 0.9072
2026-01-10 20:44:01,594 - INFO - [Metrics for 'Defect'] | Precision: 0.8864 | Recall: 0.9118 | F1: 0.8989
2026-01-10 20:44:01,635 - INFO - --------------------------------------------------
2026-01-10 20:44:01,636 - INFO - [LR]    [40/90] | Learning Rate: 0.000978
2026-01-10 20:51:22,906 - INFO - [Train] [40/90] | Loss: 0.3329 | Train Acc: 91.94%
2026-01-10 20:52:01,005 - INFO - [Valid] [40/90] | Loss: 0.3559 | Val Acc: 90.42%
2026-01-10 20:52:01,135 - INFO - [Metrics for 'Normal'] | Precision: 0.9070 | Recall: 0.9122 | F1: 0.9096
2026-01-10 20:52:01,135 - INFO - [Metrics for 'Defect'] | Precision: 0.9011 | Recall: 0.8952 | F1: 0.8982
2026-01-10 20:52:01,177 - INFO - --------------------------------------------------
2026-01-10 20:52:01,177 - INFO - [LR]    [41/90] | Learning Rate: 0.001000
2026-01-10 20:59:22,460 - INFO - [Train] [41/90] | Loss: 0.3279 | Train Acc: 92.24%
2026-01-10 21:00:00,632 - INFO - [Valid] [41/90] | Loss: 0.3560 | Val Acc: 90.39%
2026-01-10 21:00:00,752 - INFO - [Metrics for 'Normal'] | Precision: 0.9266 | Recall: 0.8885 | F1: 0.9072
2026-01-10 21:00:00,752 - INFO - [Metrics for 'Defect'] | Precision: 0.8807 | Recall: 0.9212 | F1: 0.9005
2026-01-10 21:00:00,794 - INFO - --------------------------------------------------
2026-01-10 21:00:00,794 - INFO - [LR]    [42/90] | Learning Rate: 0.000978
2026-01-10 21:07:22,068 - INFO - [Train] [42/90] | Loss: 0.3290 | Train Acc: 92.19%
2026-01-10 21:08:00,216 - INFO - [Valid] [42/90] | Loss: 0.3571 | Val Acc: 90.23%
2026-01-10 21:08:00,347 - INFO - [Metrics for 'Normal'] | Precision: 0.9178 | Recall: 0.8953 | F1: 0.9064
2026-01-10 21:08:00,347 - INFO - [Metrics for 'Defect'] | Precision: 0.8859 | Recall: 0.9102 | F1: 0.8979
2026-01-10 21:08:00,388 - INFO - --------------------------------------------------
2026-01-10 21:08:00,388 - INFO - [LR]    [43/90] | Learning Rate: 0.000914
2026-01-10 21:15:22,231 - INFO - [Train] [43/90] | Loss: 0.3278 | Train Acc: 92.39%
2026-01-10 21:16:00,480 - INFO - [Valid] [43/90] | Loss: 0.3768 | Val Acc: 90.30%
2026-01-10 21:16:00,610 - INFO - [Metrics for 'Normal'] | Precision: 0.9290 | Recall: 0.8838 | F1: 0.9058
2026-01-10 21:16:00,610 - INFO - [Metrics for 'Defect'] | Precision: 0.8767 | Recall: 0.9244 | F1: 0.8999
2026-01-10 21:16:00,651 - INFO - --------------------------------------------------
2026-01-10 21:16:00,651 - INFO - [LR]    [44/90] | Learning Rate: 0.000815
2026-01-10 21:23:22,733 - INFO - [Train] [44/90] | Loss: 0.3176 | Train Acc: 92.89%
2026-01-10 21:24:00,671 - INFO - [Valid] [44/90] | Loss: 0.3607 | Val Acc: 90.27%
2026-01-10 21:24:00,801 - INFO - [Metrics for 'Normal'] | Precision: 0.9256 | Recall: 0.8870 | F1: 0.9059
2026-01-10 21:24:00,801 - INFO - [Metrics for 'Defect'] | Precision: 0.8792 | Recall: 0.9202 | F1: 0.8992
2026-01-10 21:24:00,842 - INFO - --------------------------------------------------
2026-01-10 21:24:00,843 - INFO - [LR]    [45/90] | Learning Rate: 0.000689
2026-01-10 21:31:22,267 - INFO - [Train] [45/90] | Loss: 0.3106 | Train Acc: 93.34%
2026-01-10 21:32:00,226 - INFO - [Valid] [45/90] | Loss: 0.3567 | Val Acc: 90.48%
2026-01-10 21:32:00,356 - INFO - [Metrics for 'Normal'] | Precision: 0.9168 | Recall: 0.9016 | F1: 0.9091
2026-01-10 21:32:00,356 - INFO - [Metrics for 'Defect'] | Precision: 0.8918 | Recall: 0.9084 | F1: 0.9001
2026-01-10 21:32:00,397 - INFO - --------------------------------------------------
2026-01-10 21:32:00,398 - INFO - [LR]    [46/90] | Learning Rate: 0.000550
2026-01-10 21:39:23,136 - INFO - [Train] [46/90] | Loss: 0.3051 | Train Acc: 93.79%
2026-01-10 21:40:01,291 - INFO - [Valid] [46/90] | Loss: 0.4871 | Val Acc: 90.44%
2026-01-10 21:40:01,422 - INFO - [Metrics for 'Normal'] | Precision: 0.9186 | Recall: 0.8987 | F1: 0.9085
2026-01-10 21:40:01,422 - INFO - [Metrics for 'Defect'] | Precision: 0.8893 | Recall: 0.9109 | F1: 0.9000
2026-01-10 21:40:01,463 - INFO - --------------------------------------------------
2026-01-10 21:40:01,464 - INFO - [LR]    [47/90] | Learning Rate: 0.000411
2026-01-10 21:47:22,999 - INFO - [Train] [47/90] | Loss: 0.2939 | Train Acc: 94.47%
2026-01-10 21:48:01,144 - INFO - [Valid] [47/90] | Loss: 0.3649 | Val Acc: 90.43%
2026-01-10 21:48:01,265 - INFO - [Metrics for 'Normal'] | Precision: 0.9178 | Recall: 0.8993 | F1: 0.9085
2026-01-10 21:48:01,265 - INFO - [Metrics for 'Defect'] | Precision: 0.8897 | Recall: 0.9099 | F1: 0.8997
2026-01-10 21:48:01,307 - INFO - --------------------------------------------------
2026-01-10 21:48:01,308 - INFO - [LR]    [48/90] | Learning Rate: 0.000285
2026-01-10 21:55:23,040 - INFO - [Train] [48/90] | Loss: 0.2854 | Train Acc: 95.04%
2026-01-10 21:56:01,120 - INFO - [Valid] [48/90] | Loss: 0.3666 | Val Acc: 90.30%
2026-01-10 21:56:01,250 - INFO - [Metrics for 'Normal'] | Precision: 0.9141 | Recall: 0.9010 | F1: 0.9075
2026-01-10 21:56:01,251 - INFO - [Metrics for 'Defect'] | Precision: 0.8910 | Recall: 0.9052 | F1: 0.8980
2026-01-10 21:56:01,292 - INFO - --------------------------------------------------
2026-01-10 21:56:01,292 - INFO - [LR]    [49/90] | Learning Rate: 0.000186
2026-01-10 22:03:23,942 - INFO - [Train] [49/90] | Loss: 0.2777 | Train Acc: 95.56%
2026-01-10 22:04:02,271 - INFO - [Valid] [49/90] | Loss: 0.3713 | Val Acc: 90.27%
2026-01-10 22:04:02,401 - INFO - [Metrics for 'Normal'] | Precision: 0.9199 | Recall: 0.8935 | F1: 0.9065
2026-01-10 22:04:02,401 - INFO - [Metrics for 'Defect'] | Precision: 0.8845 | Recall: 0.9129 | F1: 0.8985
2026-01-10 22:04:02,442 - INFO - --------------------------------------------------
2026-01-10 22:04:02,443 - INFO - [LR]    [50/90] | Learning Rate: 0.000122
2026-01-10 22:11:24,046 - INFO - [Train] [50/90] | Loss: 0.2713 | Train Acc: 95.99%
2026-01-10 22:12:01,975 - INFO - [Valid] [50/90] | Loss: 0.3768 | Val Acc: 90.19%
2026-01-10 22:12:02,105 - INFO - [Metrics for 'Normal'] | Precision: 0.9169 | Recall: 0.8955 | F1: 0.9061
2026-01-10 22:12:02,105 - INFO - [Metrics for 'Defect'] | Precision: 0.8860 | Recall: 0.9091 | F1: 0.8974
2026-01-10 22:12:02,146 - INFO - --------------------------------------------------
2026-01-10 22:12:02,146 - INFO - [LR]    [51/90] | Learning Rate: 0.000100
2026-01-10 22:19:24,962 - INFO - [Train] [51/90] | Loss: 0.2675 | Train Acc: 96.25%
2026-01-10 22:20:02,949 - INFO - [Valid] [51/90] | Loss: 0.3794 | Val Acc: 90.17%
2026-01-10 22:20:03,080 - INFO - [Metrics for 'Normal'] | Precision: 0.9140 | Recall: 0.8985 | F1: 0.9062
2026-01-10 22:20:03,080 - INFO - [Metrics for 'Defect'] | Precision: 0.8885 | Recall: 0.9053 | F1: 0.8968
2026-01-10 22:20:03,122 - INFO - --------------------------------------------------
2026-01-10 22:20:03,122 - INFO - [LR]    [52/90] | Learning Rate: 0.000122
2026-01-10 22:27:25,758 - INFO - [Train] [52/90] | Loss: 0.2654 | Train Acc: 96.38%
2026-01-10 22:28:03,801 - INFO - [Valid] [52/90] | Loss: 0.3826 | Val Acc: 90.03%
2026-01-10 22:28:03,922 - INFO - [Metrics for 'Normal'] | Precision: 0.9103 | Recall: 0.8999 | F1: 0.9051
2026-01-10 22:28:03,922 - INFO - [Metrics for 'Defect'] | Precision: 0.8894 | Recall: 0.9007 | F1: 0.8950
2026-01-10 22:28:03,963 - INFO - --------------------------------------------------
2026-01-10 22:28:03,964 - INFO - [LR]    [53/90] | Learning Rate: 0.000186
2026-01-10 22:35:26,401 - INFO - [Train] [53/90] | Loss: 0.2663 | Train Acc: 96.32%
2026-01-10 22:36:04,702 - INFO - [Valid] [53/90] | Loss: 0.3851 | Val Acc: 90.15%
2026-01-10 22:36:04,833 - INFO - [Metrics for 'Normal'] | Precision: 0.9157 | Recall: 0.8960 | F1: 0.9058
2026-01-10 22:36:04,833 - INFO - [Metrics for 'Defect'] | Precision: 0.8863 | Recall: 0.9077 | F1: 0.8969
2026-01-10 22:36:04,874 - INFO - --------------------------------------------------
2026-01-10 22:36:04,875 - INFO - [LR]    [54/90] | Learning Rate: 0.000285
2026-01-10 22:43:26,267 - INFO - [Train] [54/90] | Loss: 0.2695 | Train Acc: 96.10%
2026-01-10 22:44:04,738 - INFO - [Valid] [54/90] | Loss: 0.3791 | Val Acc: 90.15%
2026-01-10 22:44:04,869 - INFO - [Metrics for 'Normal'] | Precision: 0.9114 | Recall: 0.9011 | F1: 0.9062
2026-01-10 22:44:04,869 - INFO - [Metrics for 'Defect'] | Precision: 0.8907 | Recall: 0.9019 | F1: 0.8963
2026-01-10 22:44:04,910 - INFO - --------------------------------------------------
2026-01-10 22:44:04,911 - INFO - [LR]    [55/90] | Learning Rate: 0.000411
2026-01-10 22:51:26,809 - INFO - [Train] [55/90] | Loss: 0.2751 | Train Acc: 95.71%
2026-01-10 22:52:05,142 - INFO - [Valid] [55/90] | Loss: 0.3752 | Val Acc: 90.08%
2026-01-10 22:52:05,273 - INFO - [Metrics for 'Normal'] | Precision: 0.9138 | Recall: 0.8967 | F1: 0.9052
2026-01-10 22:52:05,273 - INFO - [Metrics for 'Defect'] | Precision: 0.8868 | Recall: 0.9053 | F1: 0.8960
2026-01-10 22:52:05,314 - INFO - --------------------------------------------------
2026-01-10 22:52:05,315 - INFO - [LR]    [56/90] | Learning Rate: 0.000550
2026-01-10 22:59:27,290 - INFO - [Train] [56/90] | Loss: 0.2831 | Train Acc: 95.18%
2026-01-10 23:00:05,364 - INFO - [Valid] [56/90] | Loss: 0.3720 | Val Acc: 90.13%
2026-01-10 23:00:05,495 - INFO - [Metrics for 'Normal'] | Precision: 0.9146 | Recall: 0.8969 | F1: 0.9057
2026-01-10 23:00:05,495 - INFO - [Metrics for 'Defect'] | Precision: 0.8871 | Recall: 0.9063 | F1: 0.8966
2026-01-10 23:00:05,537 - INFO - --------------------------------------------------
2026-01-10 23:00:05,537 - INFO - [LR]    [57/90] | Learning Rate: 0.000689
2026-01-10 23:07:27,032 - INFO - [Train] [57/90] | Loss: 0.2940 | Train Acc: 94.51%
2026-01-10 23:08:05,143 - INFO - [Valid] [57/90] | Loss: 0.3826 | Val Acc: 90.08%
2026-01-10 23:08:05,274 - INFO - [Metrics for 'Normal'] | Precision: 0.9180 | Recall: 0.8918 | F1: 0.9047
2026-01-10 23:08:05,274 - INFO - [Metrics for 'Defect'] | Precision: 0.8826 | Recall: 0.9108 | F1: 0.8965
2026-01-10 23:08:05,316 - INFO - --------------------------------------------------
2026-01-10 23:08:05,316 - INFO - [LR]    [58/90] | Learning Rate: 0.000815
2026-01-10 23:15:27,430 - INFO - [Train] [58/90] | Loss: 0.2974 | Train Acc: 94.25%
2026-01-10 23:16:05,427 - INFO - [Valid] [58/90] | Loss: 0.3664 | Val Acc: 90.21%
2026-01-10 23:16:05,559 - INFO - [Metrics for 'Normal'] | Precision: 0.9136 | Recall: 0.8997 | F1: 0.9066
2026-01-10 23:16:05,559 - INFO - [Metrics for 'Defect'] | Precision: 0.8896 | Recall: 0.9048 | F1: 0.8971
2026-01-10 23:16:05,601 - INFO - --------------------------------------------------
2026-01-10 23:16:05,602 - INFO - [LR]    [59/90] | Learning Rate: 0.000914
2026-01-10 23:23:26,957 - INFO - [Train] [59/90] | Loss: 0.3023 | Train Acc: 93.88%
2026-01-10 23:24:05,066 - INFO - [Valid] [59/90] | Loss: 0.3661 | Val Acc: 90.01%
2026-01-10 23:24:05,197 - INFO - [Metrics for 'Normal'] | Precision: 0.9165 | Recall: 0.8922 | F1: 0.9042
2026-01-10 23:24:05,197 - INFO - [Metrics for 'Defect'] | Precision: 0.8828 | Recall: 0.9090 | F1: 0.8957
2026-01-10 23:24:05,239 - INFO - --------------------------------------------------
2026-01-10 23:24:05,240 - INFO - [LR]    [60/90] | Learning Rate: 0.000978
2026-01-10 23:31:27,706 - INFO - [Train] [60/90] | Loss: 0.3067 | Train Acc: 93.59%
2026-01-10 23:32:05,933 - INFO - [Valid] [60/90] | Loss: 0.4270 | Val Acc: 90.30%
2026-01-10 23:32:06,055 - INFO - [Metrics for 'Normal'] | Precision: 0.9145 | Recall: 0.9006 | F1: 0.9075
2026-01-10 23:32:06,055 - INFO - [Metrics for 'Defect'] | Precision: 0.8906 | Recall: 0.9058 | F1: 0.8981
2026-01-10 23:32:06,097 - INFO - --------------------------------------------------
2026-01-10 23:32:06,098 - INFO - [LR]    [61/90] | Learning Rate: 0.001000
2026-01-10 23:39:27,876 - INFO - [Train] [61/90] | Loss: 0.3090 | Train Acc: 93.50%
2026-01-10 23:40:05,959 - INFO - [Valid] [61/90] | Loss: 2.3857 | Val Acc: 90.03%
2026-01-10 23:40:06,090 - INFO - [Metrics for 'Normal'] | Precision: 0.9097 | Recall: 0.9006 | F1: 0.9051
2026-01-10 23:40:06,090 - INFO - [Metrics for 'Defect'] | Precision: 0.8900 | Recall: 0.9000 | F1: 0.8949
2026-01-10 23:40:06,132 - INFO - --------------------------------------------------
2026-01-10 23:40:06,132 - INFO - [LR]    [62/90] | Learning Rate: 0.000978
2026-01-10 23:47:28,765 - INFO - [Train] [62/90] | Loss: 0.3102 | Train Acc: 93.39%
2026-01-10 23:48:06,949 - INFO - [Valid] [62/90] | Loss: 0.4627 | Val Acc: 90.20%
2026-01-10 23:48:07,071 - INFO - [Metrics for 'Normal'] | Precision: 0.9180 | Recall: 0.8943 | F1: 0.9060
2026-01-10 23:48:07,071 - INFO - [Metrics for 'Defect'] | Precision: 0.8850 | Recall: 0.9106 | F1: 0.8976
2026-01-10 23:48:07,113 - INFO - --------------------------------------------------
2026-01-10 23:48:07,113 - INFO - [LR]    [63/90] | Learning Rate: 0.000914
2026-01-10 23:55:30,467 - INFO - [Train] [63/90] | Loss: 0.3038 | Train Acc: 93.77%
2026-01-10 23:56:08,785 - INFO - [Valid] [63/90] | Loss: 0.5174 | Val Acc: 90.41%
2026-01-10 23:56:08,915 - INFO - [Metrics for 'Normal'] | Precision: 0.9190 | Recall: 0.8976 | F1: 0.9082
2026-01-10 23:56:08,916 - INFO - [Metrics for 'Defect'] | Precision: 0.8883 | Recall: 0.9115 | F1: 0.8997
2026-01-10 23:56:08,957 - INFO - --------------------------------------------------
2026-01-10 23:56:08,957 - INFO - [LR]    [64/90] | Learning Rate: 0.000815
2026-01-11 00:03:30,496 - INFO - [Train] [64/90] | Loss: 0.2984 | Train Acc: 94.14%
2026-01-11 00:04:08,578 - INFO - [Valid] [64/90] | Loss: 0.3829 | Val Acc: 90.26%
2026-01-11 00:04:08,710 - INFO - [Metrics for 'Normal'] | Precision: 0.9141 | Recall: 0.9002 | F1: 0.9071
2026-01-11 00:04:08,710 - INFO - [Metrics for 'Defect'] | Precision: 0.8902 | Recall: 0.9053 | F1: 0.8977
2026-01-11 00:04:08,752 - INFO - --------------------------------------------------
2026-01-11 00:04:08,752 - INFO - [LR]    [65/90] | Learning Rate: 0.000689
2026-01-11 00:11:30,570 - INFO - [Train] [65/90] | Loss: 0.2928 | Train Acc: 94.52%
2026-01-11 00:12:08,841 - INFO - [Valid] [65/90] | Loss: 0.3977 | Val Acc: 89.95%
2026-01-11 00:12:08,974 - INFO - [Metrics for 'Normal'] | Precision: 0.9211 | Recall: 0.8856 | F1: 0.9030
2026-01-11 00:12:08,974 - INFO - [Metrics for 'Defect'] | Precision: 0.8772 | Recall: 0.9151 | F1: 0.8958
2026-01-11 00:12:09,015 - INFO - --------------------------------------------------
2026-01-11 00:12:09,015 - INFO - [LR]    [66/90] | Learning Rate: 0.000550
2026-01-11 00:19:30,462 - INFO - [Train] [66/90] | Loss: 0.2829 | Train Acc: 95.17%
2026-01-11 00:20:08,748 - INFO - [Valid] [66/90] | Loss: 0.5964 | Val Acc: 90.20%
2026-01-11 00:20:08,879 - INFO - [Metrics for 'Normal'] | Precision: 0.9088 | Recall: 0.9053 | F1: 0.9071
2026-01-11 00:20:08,879 - INFO - [Metrics for 'Defect'] | Precision: 0.8945 | Recall: 0.8983 | F1: 0.8964
2026-01-11 00:20:08,920 - INFO - --------------------------------------------------
2026-01-11 00:20:08,921 - INFO - [LR]    [67/90] | Learning Rate: 0.000411
2026-01-11 00:27:30,467 - INFO - [Train] [67/90] | Loss: 0.2739 | Train Acc: 95.74%
2026-01-11 00:28:08,887 - INFO - [Valid] [67/90] | Loss: 0.5304 | Val Acc: 90.01%
2026-01-11 00:28:09,020 - INFO - [Metrics for 'Normal'] | Precision: 0.9196 | Recall: 0.8885 | F1: 0.9038
2026-01-11 00:28:09,020 - INFO - [Metrics for 'Defect'] | Precision: 0.8798 | Recall: 0.9131 | F1: 0.8961
2026-01-11 00:28:09,061 - INFO - --------------------------------------------------
2026-01-11 00:28:09,062 - INFO - [LR]    [68/90] | Learning Rate: 0.000285
2026-01-11 00:35:30,983 - INFO - [Train] [68/90] | Loss: 0.2650 | Train Acc: 96.32%
2026-01-11 00:36:09,275 - INFO - [Valid] [68/90] | Loss: 0.4967 | Val Acc: 90.15%
2026-01-11 00:36:09,407 - INFO - [Metrics for 'Normal'] | Precision: 0.9162 | Recall: 0.8955 | F1: 0.9057
2026-01-11 00:36:09,407 - INFO - [Metrics for 'Defect'] | Precision: 0.8859 | Recall: 0.9083 | F1: 0.8969
2026-01-11 00:36:09,448 - INFO - --------------------------------------------------
2026-01-11 00:36:09,449 - INFO - [LR]    [69/90] | Learning Rate: 0.000186
2026-01-11 00:43:31,927 - INFO - [Train] [69/90] | Loss: 0.2577 | Train Acc: 96.80%
2026-01-11 00:44:10,041 - INFO - [Valid] [69/90] | Loss: 0.3915 | Val Acc: 89.95%
2026-01-11 00:44:10,173 - INFO - [Metrics for 'Normal'] | Precision: 0.9158 | Recall: 0.8917 | F1: 0.9036
2026-01-11 00:44:10,173 - INFO - [Metrics for 'Defect'] | Precision: 0.8823 | Recall: 0.9083 | F1: 0.8951
2026-01-11 00:44:10,215 - INFO - --------------------------------------------------
2026-01-11 00:44:10,216 - INFO - [LR]    [70/90] | Learning Rate: 0.000122
2026-01-11 00:51:32,362 - INFO - [Train] [70/90] | Loss: 0.2521 | Train Acc: 97.16%
2026-01-11 00:52:10,604 - INFO - [Valid] [70/90] | Loss: 0.4191 | Val Acc: 89.99%
2026-01-11 00:52:10,735 - INFO - [Metrics for 'Normal'] | Precision: 0.9144 | Recall: 0.8942 | F1: 0.9042
2026-01-11 00:52:10,735 - INFO - [Metrics for 'Defect'] | Precision: 0.8844 | Recall: 0.9063 | F1: 0.8952
2026-01-11 00:52:10,778 - INFO - --------------------------------------------------
2026-01-11 00:52:10,778 - INFO - [LR]    [71/90] | Learning Rate: 0.000100
2026-01-11 00:59:32,465 - INFO - [Train] [71/90] | Loss: 0.2491 | Train Acc: 97.35%
2026-01-11 01:00:10,818 - INFO - [Valid] [71/90] | Loss: 0.4162 | Val Acc: 90.02%
2026-01-11 01:00:10,950 - INFO - [Metrics for 'Normal'] | Precision: 0.9131 | Recall: 0.8964 | F1: 0.9047
2026-01-11 01:00:10,950 - INFO - [Metrics for 'Defect'] | Precision: 0.8864 | Recall: 0.9045 | F1: 0.8954
2026-01-11 01:00:10,992 - INFO - --------------------------------------------------
2026-01-11 01:00:10,993 - INFO - [LR]    [72/90] | Learning Rate: 0.000122
2026-01-11 01:07:32,650 - INFO - [Train] [72/90] | Loss: 0.2475 | Train Acc: 97.45%
2026-01-11 01:08:10,773 - INFO - [Valid] [72/90] | Loss: 0.4137 | Val Acc: 89.84%
2026-01-11 01:08:10,906 - INFO - [Metrics for 'Normal'] | Precision: 0.9093 | Recall: 0.8971 | F1: 0.9032
2026-01-11 01:08:10,906 - INFO - [Metrics for 'Defect'] | Precision: 0.8866 | Recall: 0.8998 | F1: 0.8931
2026-01-11 01:08:10,948 - INFO - --------------------------------------------------
2026-01-11 01:08:10,949 - INFO - [LR]    [73/90] | Learning Rate: 0.000186
2026-01-11 01:15:31,829 - INFO - [Train] [73/90] | Loss: 0.2484 | Train Acc: 97.39%
2026-01-11 01:16:10,445 - INFO - [Valid] [73/90] | Loss: 0.4169 | Val Acc: 89.87%
2026-01-11 01:16:10,577 - INFO - [Metrics for 'Normal'] | Precision: 0.9155 | Recall: 0.8903 | F1: 0.9027
2026-01-11 01:16:10,577 - INFO - [Metrics for 'Defect'] | Precision: 0.8809 | Recall: 0.9081 | F1: 0.8943
2026-01-11 01:16:10,618 - INFO - --------------------------------------------------
2026-01-11 01:16:10,619 - INFO - [LR]    [74/90] | Learning Rate: 0.000285
2026-01-11 01:23:32,197 - INFO - [Train] [74/90] | Loss: 0.2514 | Train Acc: 97.18%
2026-01-11 01:24:10,537 - INFO - [Valid] [74/90] | Loss: 0.4061 | Val Acc: 89.93%
2026-01-11 01:24:10,669 - INFO - [Metrics for 'Normal'] | Precision: 0.9113 | Recall: 0.8967 | F1: 0.9039
2026-01-11 01:24:10,669 - INFO - [Metrics for 'Defect'] | Precision: 0.8864 | Recall: 0.9023 | F1: 0.8943
2026-01-11 01:24:10,712 - INFO - --------------------------------------------------
2026-01-11 01:24:10,712 - INFO - [LR]    [75/90] | Learning Rate: 0.000411
2026-01-11 01:31:33,050 - INFO - [Train] [75/90] | Loss: 0.2572 | Train Acc: 96.78%
2026-01-11 01:32:11,420 - INFO - [Valid] [75/90] | Loss: 0.3997 | Val Acc: 89.81%
2026-01-11 01:32:11,553 - INFO - [Metrics for 'Normal'] | Precision: 0.9122 | Recall: 0.8930 | F1: 0.9025
2026-01-11 01:32:11,553 - INFO - [Metrics for 'Defect'] | Precision: 0.8830 | Recall: 0.9038 | F1: 0.8933
2026-01-11 01:32:11,595 - INFO - --------------------------------------------------
2026-01-11 01:32:11,596 - INFO - [LR]    [76/90] | Learning Rate: 0.000550
2026-01-11 01:39:33,332 - INFO - [Train] [76/90] | Loss: 0.2638 | Train Acc: 96.37%
2026-01-11 01:40:11,533 - INFO - [Valid] [76/90] | Loss: 0.4048 | Val Acc: 90.05%
2026-01-11 01:40:11,665 - INFO - [Metrics for 'Normal'] | Precision: 0.9131 | Recall: 0.8969 | F1: 0.9049
2026-01-11 01:40:11,665 - INFO - [Metrics for 'Defect'] | Precision: 0.8868 | Recall: 0.9045 | F1: 0.8956
2026-01-11 01:40:11,707 - INFO - --------------------------------------------------
2026-01-11 01:40:11,707 - INFO - [LR]    [77/90] | Learning Rate: 0.000689
2026-01-11 01:47:34,410 - INFO - [Train] [77/90] | Loss: 0.2717 | Train Acc: 95.84%
2026-01-11 01:48:12,871 - INFO - [Valid] [77/90] | Loss: 0.4820 | Val Acc: 89.83%
2026-01-11 01:48:13,002 - INFO - [Metrics for 'Normal'] | Precision: 0.9149 | Recall: 0.8902 | F1: 0.9024
2026-01-11 01:48:13,002 - INFO - [Metrics for 'Defect'] | Precision: 0.8807 | Recall: 0.9073 | F1: 0.8938
2026-01-11 01:48:13,044 - INFO - --------------------------------------------------
2026-01-11 01:48:13,045 - INFO - [LR]    [78/90] | Learning Rate: 0.000815
2026-01-11 01:55:35,511 - INFO - [Train] [78/90] | Loss: 0.2797 | Train Acc: 95.32%
2026-01-11 01:56:13,826 - INFO - [Valid] [78/90] | Loss: 0.4936 | Val Acc: 89.96%
2026-01-11 01:56:13,959 - INFO - [Metrics for 'Normal'] | Precision: 0.9129 | Recall: 0.8952 | F1: 0.9040
2026-01-11 01:56:13,959 - INFO - [Metrics for 'Defect'] | Precision: 0.8852 | Recall: 0.9045 | F1: 0.8947
2026-01-11 01:56:14,001 - INFO - --------------------------------------------------
2026-01-11 01:56:14,001 - INFO - [LR]    [79/90] | Learning Rate: 0.000914
2026-01-11 02:03:37,298 - INFO - [Train] [79/90] | Loss: 0.2850 | Train Acc: 94.96%
2026-01-11 02:04:15,605 - INFO - [Valid] [79/90] | Loss: 0.3906 | Val Acc: 90.06%
2026-01-11 02:04:15,736 - INFO - [Metrics for 'Normal'] | Precision: 0.9090 | Recall: 0.9020 | F1: 0.9055
2026-01-11 02:04:15,736 - INFO - [Metrics for 'Defect'] | Precision: 0.8913 | Recall: 0.8989 | F1: 0.8951
2026-01-11 02:04:15,779 - INFO - --------------------------------------------------
2026-01-11 02:04:15,780 - INFO - [LR]    [80/90] | Learning Rate: 0.000978
2026-01-11 02:11:36,553 - INFO - [Train] [80/90] | Loss: 0.2887 | Train Acc: 94.76%
2026-01-11 02:12:14,710 - INFO - [Valid] [80/90] | Loss: 0.3698 | Val Acc: 90.06%
2026-01-11 02:12:14,842 - INFO - [Metrics for 'Normal'] | Precision: 0.9155 | Recall: 0.8944 | F1: 0.9048
2026-01-11 02:12:14,842 - INFO - [Metrics for 'Defect'] | Precision: 0.8848 | Recall: 0.9077 | F1: 0.8961
2026-01-11 02:12:14,883 - INFO - --------------------------------------------------
2026-01-11 02:12:14,884 - INFO - [LR]    [81/90] | Learning Rate: 0.001000
2026-01-11 02:19:36,463 - INFO - [Train] [81/90] | Loss: 0.3094 | Train Acc: 93.49%
2026-01-11 02:20:15,017 - INFO - [Valid] [81/90] | Loss: 0.3657 | Val Acc: 90.10%
2026-01-11 02:20:15,150 - INFO - [Metrics for 'Normal'] | Precision: 0.9186 | Recall: 0.8916 | F1: 0.9049
2026-01-11 02:20:15,150 - INFO - [Metrics for 'Defect'] | Precision: 0.8826 | Recall: 0.9116 | F1: 0.8968
2026-01-11 02:20:15,192 - INFO - --------------------------------------------------
2026-01-11 02:20:15,193 - INFO - [LR]    [82/90] | Learning Rate: 0.000978
2026-01-11 02:27:36,563 - INFO - [Train] [82/90] | Loss: 0.2909 | Train Acc: 94.62%
2026-01-11 02:28:14,544 - INFO - [Valid] [82/90] | Loss: 0.3783 | Val Acc: 90.19%
2026-01-11 02:28:14,676 - INFO - [Metrics for 'Normal'] | Precision: 0.9218 | Recall: 0.8896 | F1: 0.9055
2026-01-11 02:28:14,676 - INFO - [Metrics for 'Defect'] | Precision: 0.8811 | Recall: 0.9156 | F1: 0.8980
2026-01-11 02:28:14,718 - INFO - --------------------------------------------------
2026-01-11 02:28:14,719 - INFO - [LR]    [83/90] | Learning Rate: 0.000914
2026-01-11 02:35:37,597 - INFO - [Train] [83/90] | Loss: 0.3027 | Train Acc: 93.97%
2026-01-11 02:36:15,906 - INFO - [Valid] [83/90] | Loss: 0.3779 | Val Acc: 89.10%
2026-01-11 02:36:16,038 - INFO - [Metrics for 'Normal'] | Precision: 0.9022 | Recall: 0.8901 | F1: 0.8961
2026-01-11 02:36:16,038 - INFO - [Metrics for 'Defect'] | Precision: 0.8788 | Recall: 0.8920 | F1: 0.8853
2026-01-11 02:36:16,079 - INFO - --------------------------------------------------
2026-01-11 02:36:16,079 - INFO - [LR]    [84/90] | Learning Rate: 0.000815
2026-01-11 02:43:36,673 - INFO - [Train] [84/90] | Loss: 0.3073 | Train Acc: 93.54%
2026-01-11 02:44:14,882 - INFO - [Valid] [84/90] | Loss: 0.3691 | Val Acc: 90.19%
2026-01-11 02:44:15,014 - INFO - [Metrics for 'Normal'] | Precision: 0.9142 | Recall: 0.8985 | F1: 0.9063
2026-01-11 02:44:15,014 - INFO - [Metrics for 'Defect'] | Precision: 0.8886 | Recall: 0.9056 | F1: 0.8970
2026-01-11 02:44:15,056 - INFO - --------------------------------------------------
2026-01-11 02:44:15,056 - INFO - [LR]    [85/90] | Learning Rate: 0.000689
2026-01-11 02:51:36,617 - INFO - [Train] [85/90] | Loss: 0.2818 | Train Acc: 95.22%
2026-01-11 02:52:14,837 - INFO - [Valid] [85/90] | Loss: 0.3738 | Val Acc: 90.05%
2026-01-11 02:52:14,969 - INFO - [Metrics for 'Normal'] | Precision: 0.9184 | Recall: 0.8907 | F1: 0.9044
2026-01-11 02:52:14,969 - INFO - [Metrics for 'Defect'] | Precision: 0.8817 | Recall: 0.9115 | F1: 0.8963
2026-01-11 02:52:15,011 - INFO - --------------------------------------------------
2026-01-11 02:52:15,012 - INFO - [LR]    [86/90] | Learning Rate: 0.000550
2026-01-11 02:59:37,284 - INFO - [Train] [86/90] | Loss: 0.2739 | Train Acc: 95.70%
2026-01-11 03:00:15,450 - INFO - [Valid] [86/90] | Loss: 0.3735 | Val Acc: 90.16%
2026-01-11 03:00:15,582 - INFO - [Metrics for 'Normal'] | Precision: 0.9143 | Recall: 0.8978 | F1: 0.9060
2026-01-11 03:00:15,582 - INFO - [Metrics for 'Defect'] | Precision: 0.8879 | Recall: 0.9058 | F1: 0.8968
2026-01-11 03:00:15,624 - INFO - --------------------------------------------------
2026-01-11 03:00:15,624 - INFO - [LR]    [87/90] | Learning Rate: 0.000411
2026-01-11 03:07:37,591 - INFO - [Train] [87/90] | Loss: 0.2646 | Train Acc: 96.29%
2026-01-11 03:08:15,719 - INFO - [Valid] [87/90] | Loss: 0.3824 | Val Acc: 89.88%
2026-01-11 03:08:15,842 - INFO - [Metrics for 'Normal'] | Precision: 0.9153 | Recall: 0.8909 | F1: 0.9029
2026-01-11 03:08:15,842 - INFO - [Metrics for 'Defect'] | Precision: 0.8814 | Recall: 0.9077 | F1: 0.8944
2026-01-11 03:08:15,885 - INFO - --------------------------------------------------
2026-01-11 03:08:15,885 - INFO - [LR]    [88/90] | Learning Rate: 0.000285
2026-01-11 03:15:37,311 - INFO - [Train] [88/90] | Loss: 0.2559 | Train Acc: 96.85%
2026-01-11 03:16:15,519 - INFO - [Valid] [88/90] | Loss: 0.3877 | Val Acc: 90.00%
2026-01-11 03:16:15,652 - INFO - [Metrics for 'Normal'] | Precision: 0.9144 | Recall: 0.8943 | F1: 0.9042
2026-01-11 03:16:15,652 - INFO - [Metrics for 'Defect'] | Precision: 0.8845 | Recall: 0.9063 | F1: 0.8953
2026-01-11 03:16:15,694 - INFO - --------------------------------------------------
2026-01-11 03:16:15,695 - INFO - [LR]    [89/90] | Learning Rate: 0.000186
2026-01-11 03:23:38,218 - INFO - [Train] [89/90] | Loss: 0.2484 | Train Acc: 97.33%
2026-01-11 03:24:16,334 - INFO - [Valid] [89/90] | Loss: 0.3932 | Val Acc: 89.91%
2026-01-11 03:24:16,466 - INFO - [Metrics for 'Normal'] | Precision: 0.9095 | Recall: 0.8982 | F1: 0.9039
2026-01-11 03:24:16,466 - INFO - [Metrics for 'Defect'] | Precision: 0.8877 | Recall: 0.9000 | F1: 0.8938
2026-01-11 03:24:16,507 - INFO - --------------------------------------------------
2026-01-11 03:24:16,508 - INFO - [LR]    [90/90] | Learning Rate: 0.000122
2026-01-11 03:31:39,855 - INFO - [Train] [90/90] | Loss: 0.2435 | Train Acc: 97.63%
2026-01-11 03:32:18,086 - INFO - [Valid] [90/90] | Loss: 0.3954 | Val Acc: 89.94%
2026-01-11 03:32:18,219 - INFO - [Metrics for 'Normal'] | Precision: 0.9121 | Recall: 0.8959 | F1: 0.9039
2026-01-11 03:32:18,219 - INFO - [Metrics for 'Defect'] | Precision: 0.8858 | Recall: 0.9034 | F1: 0.8945
2026-01-11 03:32:18,263 - INFO - ==================================================
2026-01-11 03:32:18,263 - INFO - 훈련 완료. 최고 성능 모델을 불러와 테스트 세트로 최종 평가합니다.
2026-01-11 03:32:18,263 - INFO - 최종 평가를 위해 새로운 모델 객체를 생성합니다.
2026-01-11 03:32:18,263 - INFO - Baseline 모델 'mobilenet_v4_s'을(를) 생성합니다 (사전 훈련 가중치: 미사용).
2026-01-11 03:32:18,311 - INFO - 최고 성능 모델 가중치를 새로 생성된 모델 객체에 로드 완료: 'log/Sewer-ML/baseline_mobilenet_v4_s_20260110_153154/best_model.pth'
2026-01-11 03:32:18,311 - INFO - ==================================================
2026-01-11 03:32:18,311 - INFO - Test 모드를 시작합니다.
2026-01-11 03:32:18,342 - INFO - 연산량 (MACs): 0.1926 GMACs per sample
2026-01-11 03:32:18,342 - INFO - 연산량 (FLOPs): 0.3853 GFLOPs per sample
2026-01-11 03:32:18,342 - INFO - ==================================================
2026-01-11 03:32:18,342 - INFO - GPU 캐시를 비우고 측정을 시작합니다.
2026-01-11 03:32:18,477 - INFO - 샘플 당 평균 Forward Pass 시간: 1.07ms (std: 0.01ms), FPS: 931.49 (std: 4.34) (1개 샘플 x 100회 반복)
2026-01-11 03:32:18,477 - INFO - 샘플 당 Forward Pass 시 최대 GPU 메모리 사용량: 69.86 MB
2026-01-11 03:32:18,477 - INFO - 테스트 데이터셋에 대한 추론을 시작합니다.
2026-01-11 03:32:57,264 - INFO - [Test] Loss: 0.2537 | Test Acc: 90.48%
2026-01-11 03:32:57,411 - INFO - [Metrics for 'Normal'] | Precision: 0.9146 | Recall: 0.9041 | F1: 0.9093
2026-01-11 03:32:57,411 - INFO - [Metrics for 'Defect'] | Precision: 0.8940 | Recall: 0.9056 | F1: 0.8997
2026-01-11 03:32:57,704 - INFO - ==================================================
2026-01-11 03:32:57,704 - INFO - 혼동 행렬 저장 완료. 'log/Sewer-ML/baseline_mobilenet_v4_s_20260110_153154/confusion_matrix_20260110_153154.png' and 'log/Sewer-ML/baseline_mobilenet_v4_s_20260110_153154/confusion_matrix_20260110_153154.pdf'
2026-01-11 03:32:57,704 - INFO - ==================================================
2026-01-11 03:32:57,704 - INFO - ONNX 변환 및 평가를 시작합니다.
2026-01-11 03:32:57,876 - INFO - 모델이 ONNX 형식으로 변환되어 'log/Sewer-ML/baseline_mobilenet_v4_s_20260110_153154/model_fp32_20260110_153154.onnx'에 저장되었습니다. (크기: 9.49 MB)
2026-01-11 03:32:57,900 - INFO - ONNX 런타임의 샘플 당 Forward Pass 시간 측정을 시작합니다...
2026-01-11 03:32:58,067 - INFO - 샘플 당 평균 Forward Pass 시간 (ONNX, CPU): 1.53ms (std: 1.62ms)
2026-01-11 03:32:58,067 - INFO - 샘플 당 평균 FPS (ONNX, CPU): 1112.64 FPS (std: 440.89) (1개 샘플 x 100회 반복)
2026-01-11 03:32:58,067 - INFO - ONNX 런타임의 CPU 메모리 사용량 측정은 지원되지 않습니다.
2026-01-11 03:35:15,798 - INFO - [Test (ONNX)] | Test Acc (ONNX): 90.48%
2026-01-11 03:35:15,926 - INFO - [Metrics for 'Normal' (ONNX)] | Precision: 0.9147 | Recall: 0.9040 | F1: 0.9093
2026-01-11 03:35:15,926 - INFO - [Metrics for 'Defect' (ONNX)] | Precision: 0.8940 | Recall: 0.9056 | F1: 0.8997
2026-01-11 03:35:16,089 - INFO - Val Acc 그래프 저장 완료: 'log/Sewer-ML/baseline_mobilenet_v4_s_20260110_153154/graph_20260110_153154/val_acc.png' and 'log/Sewer-ML/baseline_mobilenet_v4_s_20260110_153154/graph_20260110_153154/val_acc.pdf'
2026-01-11 03:35:16,173 - INFO - Train/Val Acc 그래프 저장 완료: 'log/Sewer-ML/baseline_mobilenet_v4_s_20260110_153154/graph_20260110_153154/train_val_acc.png' and 'log/Sewer-ML/baseline_mobilenet_v4_s_20260110_153154/graph_20260110_153154/train_val_acc.pdf'
2026-01-11 03:35:16,242 - INFO - F1 (Normal) 그래프 저장 완료: 'log/Sewer-ML/baseline_mobilenet_v4_s_20260110_153154/graph_20260110_153154/F1_normal.png' and 'log/Sewer-ML/baseline_mobilenet_v4_s_20260110_153154/graph_20260110_153154/F1_normal.pdf'
2026-01-11 03:35:16,326 - INFO - Validation Loss 그래프 저장 완료: 'log/Sewer-ML/baseline_mobilenet_v4_s_20260110_153154/graph_20260110_153154/val_loss.png' and 'log/Sewer-ML/baseline_mobilenet_v4_s_20260110_153154/graph_20260110_153154/val_loss.pdf'
2026-01-11 03:35:16,591 - INFO - Learning Rate 그래프 저장 완료: 'log/Sewer-ML/baseline_mobilenet_v4_s_20260110_153154/graph_20260110_153154/learning_rate.png' and 'log/Sewer-ML/baseline_mobilenet_v4_s_20260110_153154/graph_20260110_153154/learning_rate.pdf'
2026-01-11 03:35:18,648 - INFO - 종합 그래프 저장 완료: 'log/Sewer-ML/baseline_mobilenet_v4_s_20260110_153154/graph_20260110_153154/compile.png' and 'log/Sewer-ML/baseline_mobilenet_v4_s_20260110_153154/graph_20260110_153154/compile.pdf'
