2026-03-04 04:41:22,966 - INFO - 로그 파일이 'log/Sewer_TAPNEW/main_20260304_044122_grid7_patch1_layer6_head4/log_20260304_044122.log'에 저장됩니다.
2026-03-04 04:41:22,967 - INFO - 전역 랜덤 시드를 42로 고정합니다.
2026-03-04 04:41:22,979 - INFO - ==================================================
2026-03-04 04:41:22,979 - INFO - config.yaml:
2026-03-04 04:41:22,979 - INFO - 
run:
  global_seed: 42
  cuda: true
  mode: train
  pth_best_name: best_model.pth
  only_inference: false
  show_log: true
  dataset:
    name: Sewer_TAPNEW
    type: image_folder
    train_split_ratio: 0.8
    paths:
      train_img_dir: /home/tai/workspace/ssd1/data/Sewer/Sewer-ML/train
      valid_img_dir: /home/tai/workspace/ssd1/data/Sewer/Sewer-ML/valid
      test_img_dir: /home/tai/workspace/ssd1/data/Sewer/Sewer-ML/valid
      train_csv: /home/tai/workspace/ssd1/data/Sewer/Sewer-ML/SewerML_Train.csv
      valid_csv: /home/tai/workspace/ssd1/data/Sewer/Sewer-ML/SewerML_Val.csv
      test_csv: /home/tai/workspace/ssd1/data/Sewer/Sewer-ML/SewerML_Val.csv
      img_folder: /home/cau/workspace/data/Sewer/Sewer-TAPNEW
  random_sampling_ratio:
    train: 1.0
    valid: 1.0
    test: 1.0
  num_workers: 16
model:
  img_size: 224
  num_patches_per_side: 7
  num_decoder_patches: 1
  num_decoder_layers: 6
  num_heads: 4
  cnn_feature_extractor:
    name: custom32
  encoder_dim: 32
  emb_dim: 32
  adaptive_initial_query: true
  decoder_ff_ratio: 2
  dropout: 0.1
  positional_encoding: true
  drop_path_ratio: 0.2
  visualize_attention: false
  num_plot_attention: 1500
training_main:
  epochs: 10
  batch_size: 16
  pre_trained: false
  optimizer: adamw
  lr: 0.001
  weight_decay: 0.0001
  loss_function: CrossEntropyLoss
  label_smoothing: 0.1
  scheduler: cosineannealinglr
  scheduler_params:
    T_max: 10
    eta_min: 0.0001
  best_model_criterion: val_loss
training_baseline:
  model_name: mobilenet_v4_s
  epochs: 90
  batch_size: 16
  pre_trained: false
  optimizer: adamw
  lr: 0.001
  weight_decay: 0.0001
  loss_function: CrossEntropyLoss
  label_smoothing: 0.1
  scheduler: cosineannealinglr
  scheduler_params:
    T_max: 90
    eta_min: 0.0001
  best_model_criterion: val_loss
finetuning_pruned:
  epochs: 80
  batch_size: 16
  optimizer: adamw
  lr: 0.001
  weight_decay: 0.0001
  loss_function: CrossEntropyLoss
  label_smoothing: 0.1
  scheduler: cosineannealinglr
  scheduler_params:
    T_max: 80
    eta_min: 0.0001
  best_model_criterion: val_loss
  use_wanda_pruning: true
  num_wanda_calib_samples: 1353
  pruning_sparsity: 0.7
  exclude_attention_qkv_pruning: true
  exclude_embedding_bridge_pruning: true
  exclude_learnable_queries_pruning: true

2026-03-04 04:41:22,980 - INFO - ==================================================
2026-03-04 04:41:23,076 - INFO - CUDA 사용 가능. GPU 사용을 시작합니다. (Device: NVIDIA RTX PRO 6000 Blackwell Server Edition)
2026-03-04 04:41:23,077 - INFO - 'Sewer_TAPNEW' 데이터 로드를 시작합니다 (Type: image_folder).
2026-03-04 04:41:23,077 - INFO - '/home/cau/workspace/data/Sewer/Sewer-TAPNEW' 경로의 데이터를 훈련/테스트셋으로 분할합니다.
2026-03-04 04:41:23,097 - INFO - 총 1692개 데이터를 훈련용 1353개, 테스트용 339개로 분할합니다 (split_seed=42).
2026-03-04 04:41:23,098 - INFO - 데이터셋 클래스: ['abnormal', 'normal'] (총 2개)
2026-03-04 04:41:23,099 - INFO - 훈련 데이터: 1353개, 검증 데이터: 339개, 테스트 데이터: 339개
2026-03-04 04:41:23,099 - INFO - 이미지 크기: 224, 그리드 크기: 7x7 -> 인코더 패치 수: 49개
2026-03-04 04:41:23,378 - INFO - ==================================================
2026-03-04 04:41:23,378 - INFO - 모델 파라미터 수: 78,274 개
2026-03-04 04:41:23,379 - INFO -   - Encoder (Encoder):         22,656 개
2026-03-04 04:41:23,379 - INFO -     - conv_front (CNN Backbone):        22,592 개
2026-03-04 04:41:23,379 - INFO -     - 1x1_conv (Channel Proj):          0 개
2026-03-04 04:41:23,379 - INFO -     - norm (LayerNorm):                 64 개
2026-03-04 04:41:23,379 - INFO -   - Decoder (Cross-Attention-based):    53,312 개
2026-03-04 04:41:23,379 - INFO -     - Embedding Layer (feat_to_emb):   1,056 개
2026-03-04 04:41:23,379 - INFO -     - Init Key Proj (W_K_init):         1,056 개
2026-03-04 04:41:23,379 - INFO -     - Init Value Proj (W_V_init):       1,056 개
2026-03-04 04:41:23,379 - INFO -     - Learnable Queries:                32 개
2026-03-04 04:41:23,379 - INFO -     - Decoder Layers:                   50,112 개
2026-03-04 04:41:23,380 - INFO -   - Classifier (Projection MLP):        2,306 개
2026-03-04 04:41:23,380 - INFO - ================================================================================
2026-03-04 04:41:23,380 - INFO - 단계 1/2: training_main 기반 사전 훈련(Pre-training)을 시작합니다.
2026-03-04 04:41:23,380 - INFO - ================================================================================
2026-03-04 04:41:23,380 - INFO - 옵티마이저: AdamW (lr=0.001, weight_decay=0.0001)
2026-03-04 04:41:23,381 - INFO - 스케줄러: CosineAnnealingLR (T_max=10, eta_min=0.0001)
2026-03-04 04:41:23,382 - INFO - ==================================================
2026-03-04 04:41:23,382 - INFO - train 모드를 시작합니다.
2026-03-04 04:41:23,382 - INFO - 손실 함수: CrossEntropyLoss (label_smoothing: 0.1)
2026-03-04 04:41:23,382 - INFO - --------------------------------------------------
2026-03-04 04:41:23,382 - INFO - [LR]    [1/10] | Learning Rate: 0.001000
2026-03-04 04:41:33,992 - INFO - [Train] [1/10] | Loss: 0.5819 | Train Acc: 71.50%
2026-03-04 04:41:37,965 - INFO - [Valid] [1/10] | Loss: 0.5400 | Val Acc: 76.99%
2026-03-04 04:41:37,983 - INFO - [Metrics for 'abnormal'] | Precision: 0.7762 | Recall: 0.7070 | F1: 0.7400
2026-03-04 04:41:37,984 - INFO - [Metrics for 'normal'] | Precision: 0.7653 | Recall: 0.8242 | F1: 0.7937
2026-03-04 04:41:38,016 - INFO - [Best Model Saved] (val loss: 0.5400) -> 'log/Sewer_TAPNEW/main_20260304_044122_grid7_patch1_layer6_head4/best_model.pth'
2026-03-04 04:41:38,017 - INFO - --------------------------------------------------
2026-03-04 04:41:38,017 - INFO - [LR]    [2/10] | Learning Rate: 0.000978
2026-03-04 04:41:47,078 - INFO - [Train] [2/10] | Loss: 0.5050 | Train Acc: 80.36%
2026-03-04 04:41:49,790 - INFO - [Valid] [2/10] | Loss: 0.5518 | Val Acc: 76.11%
2026-03-04 04:41:49,808 - INFO - [Metrics for 'abnormal'] | Precision: 0.7159 | Recall: 0.8025 | F1: 0.7568
2026-03-04 04:41:49,808 - INFO - [Metrics for 'normal'] | Precision: 0.8098 | Recall: 0.7253 | F1: 0.7652
2026-03-04 04:41:49,808 - INFO - --------------------------------------------------
2026-03-04 04:41:49,808 - INFO - [LR]    [3/10] | Learning Rate: 0.000914
2026-03-04 04:41:58,839 - INFO - [Train] [3/10] | Loss: 0.4903 | Train Acc: 81.25%
2026-03-04 04:42:01,572 - INFO - [Valid] [3/10] | Loss: 0.5325 | Val Acc: 77.88%
2026-03-04 04:42:01,589 - INFO - [Metrics for 'abnormal'] | Precision: 0.7412 | Recall: 0.8025 | F1: 0.7706
2026-03-04 04:42:01,590 - INFO - [Metrics for 'normal'] | Precision: 0.8166 | Recall: 0.7582 | F1: 0.7863
2026-03-04 04:42:01,615 - INFO - [Best Model Saved] (val loss: 0.5325) -> 'log/Sewer_TAPNEW/main_20260304_044122_grid7_patch1_layer6_head4/best_model.pth'
2026-03-04 04:42:01,616 - INFO - --------------------------------------------------
2026-03-04 04:42:01,616 - INFO - [LR]    [4/10] | Learning Rate: 0.000815
2026-03-04 04:42:10,492 - INFO - [Train] [4/10] | Loss: 0.4765 | Train Acc: 82.89%
2026-03-04 04:42:13,200 - INFO - [Valid] [4/10] | Loss: 0.5340 | Val Acc: 79.65%
2026-03-04 04:42:13,217 - INFO - [Metrics for 'abnormal'] | Precision: 0.7529 | Recall: 0.8344 | F1: 0.7915
2026-03-04 04:42:13,218 - INFO - [Metrics for 'normal'] | Precision: 0.8424 | Recall: 0.7637 | F1: 0.8012
2026-03-04 04:42:13,218 - INFO - --------------------------------------------------
2026-03-04 04:42:13,218 - INFO - [LR]    [5/10] | Learning Rate: 0.000689
2026-03-04 04:42:22,186 - INFO - [Train] [5/10] | Loss: 0.4639 | Train Acc: 82.22%
2026-03-04 04:42:24,882 - INFO - [Valid] [5/10] | Loss: 0.5052 | Val Acc: 80.24%
2026-03-04 04:42:24,900 - INFO - [Metrics for 'abnormal'] | Precision: 0.7711 | Recall: 0.8153 | F1: 0.7926
2026-03-04 04:42:24,900 - INFO - [Metrics for 'normal'] | Precision: 0.8324 | Recall: 0.7912 | F1: 0.8113
2026-03-04 04:42:24,925 - INFO - [Best Model Saved] (val loss: 0.5052) -> 'log/Sewer_TAPNEW/main_20260304_044122_grid7_patch1_layer6_head4/best_model.pth'
2026-03-04 04:42:24,926 - INFO - --------------------------------------------------
2026-03-04 04:42:24,926 - INFO - [LR]    [6/10] | Learning Rate: 0.000550
2026-03-04 04:42:33,821 - INFO - [Train] [6/10] | Loss: 0.4614 | Train Acc: 83.85%
2026-03-04 04:42:36,528 - INFO - [Valid] [6/10] | Loss: 0.4721 | Val Acc: 82.01%
2026-03-04 04:42:36,545 - INFO - [Metrics for 'abnormal'] | Precision: 0.8038 | Recall: 0.8089 | F1: 0.8063
2026-03-04 04:42:36,546 - INFO - [Metrics for 'normal'] | Precision: 0.8343 | Recall: 0.8297 | F1: 0.8320
2026-03-04 04:42:36,575 - INFO - [Best Model Saved] (val loss: 0.4721) -> 'log/Sewer_TAPNEW/main_20260304_044122_grid7_patch1_layer6_head4/best_model.pth'
2026-03-04 04:42:36,575 - INFO - --------------------------------------------------
2026-03-04 04:42:36,575 - INFO - [LR]    [7/10] | Learning Rate: 0.000411
2026-03-04 04:42:45,572 - INFO - [Train] [7/10] | Loss: 0.4587 | Train Acc: 83.71%
2026-03-04 04:42:48,307 - INFO - [Valid] [7/10] | Loss: 0.4914 | Val Acc: 81.12%
2026-03-04 04:42:48,325 - INFO - [Metrics for 'abnormal'] | Precision: 0.7751 | Recall: 0.8344 | F1: 0.8037
2026-03-04 04:42:48,325 - INFO - [Metrics for 'normal'] | Precision: 0.8471 | Recall: 0.7912 | F1: 0.8182
2026-03-04 04:42:48,325 - INFO - --------------------------------------------------
2026-03-04 04:42:48,325 - INFO - [LR]    [8/10] | Learning Rate: 0.000285
2026-03-04 04:42:57,411 - INFO - [Train] [8/10] | Loss: 0.4544 | Train Acc: 83.56%
2026-03-04 04:43:00,093 - INFO - [Valid] [8/10] | Loss: 0.4715 | Val Acc: 82.30%
2026-03-04 04:43:00,111 - INFO - [Metrics for 'abnormal'] | Precision: 0.8129 | Recall: 0.8025 | F1: 0.8077
2026-03-04 04:43:00,111 - INFO - [Metrics for 'normal'] | Precision: 0.8315 | Recall: 0.8407 | F1: 0.8361
2026-03-04 04:43:00,137 - INFO - [Best Model Saved] (val loss: 0.4715) -> 'log/Sewer_TAPNEW/main_20260304_044122_grid7_patch1_layer6_head4/best_model.pth'
2026-03-04 04:43:00,138 - INFO - --------------------------------------------------
2026-03-04 04:43:00,138 - INFO - [LR]    [9/10] | Learning Rate: 0.000186
2026-03-04 04:43:09,077 - INFO - [Train] [9/10] | Loss: 0.4356 | Train Acc: 85.04%
2026-03-04 04:43:11,773 - INFO - [Valid] [9/10] | Loss: 0.4714 | Val Acc: 81.42%
2026-03-04 04:43:11,790 - INFO - [Metrics for 'abnormal'] | Precision: 0.7701 | Recall: 0.8535 | F1: 0.8097
2026-03-04 04:43:11,791 - INFO - [Metrics for 'normal'] | Precision: 0.8606 | Recall: 0.7802 | F1: 0.8184
2026-03-04 04:43:11,816 - INFO - [Best Model Saved] (val loss: 0.4714) -> 'log/Sewer_TAPNEW/main_20260304_044122_grid7_patch1_layer6_head4/best_model.pth'
2026-03-04 04:43:11,817 - INFO - --------------------------------------------------
2026-03-04 04:43:11,817 - INFO - [LR]    [10/10] | Learning Rate: 0.000122
2026-03-04 04:43:20,827 - INFO - [Train] [10/10] | Loss: 0.4360 | Train Acc: 85.64%
2026-03-04 04:43:23,508 - INFO - [Valid] [10/10] | Loss: 0.4721 | Val Acc: 82.89%
2026-03-04 04:43:23,526 - INFO - [Metrics for 'abnormal'] | Precision: 0.8075 | Recall: 0.8280 | F1: 0.8176
2026-03-04 04:43:23,526 - INFO - [Metrics for 'normal'] | Precision: 0.8483 | Recall: 0.8297 | F1: 0.8389
2026-03-04 04:43:23,527 - INFO - ================================================================================
2026-03-04 04:43:23,528 - INFO - 단계 2/2: Pruning 및 finetuning_pruned 기반 미세 조정을 시작합니다.
2026-03-04 04:43:23,528 - INFO - ================================================================================
2026-03-04 04:43:23,606 - INFO - 사전 훈련된 모델 'log/Sewer_TAPNEW/main_20260304_044122_grid7_patch1_layer6_head4/best_model.pth'을(를) 불러왔습니다.
2026-03-04 04:43:23,608 - INFO - ICAM Pruning 정책: full_model (encoder+decoder+classifier 대상, 마지막 분류층/attention qkv/embedding bridge/learnable queries 제외). ignored_layers=23
2026-03-04 04:43:23,612 - INFO - Wanda Pruning을 시작합니다.
2026-03-04 04:43:23,612 - INFO - Wanda 중요도 계산을 위해 Calibration을 수행합니다.
2026-03-04 04:43:23,616 - INFO -   - Calibration Samples: 1353 (approx 85 batches)
2026-03-04 04:43:32,489 - INFO - 분류 레이어 'Linear'을(를) Pruning 대상에서 제외합니다.
2026-03-04 04:43:32,798 - INFO - torch-pruning 완료. 모델 구조가 희소도(0.7)에 맞춰 변경되었습니다.
2026-03-04 04:43:32,799 - INFO - ==================================================
2026-03-04 04:43:32,834 - INFO - Pruning 정보(희소도: 0.7000)를 'log/Sewer_TAPNEW/main_20260304_044122_grid7_patch1_layer6_head4/pruning_info.yaml'에 저장했습니다.
2026-03-04 04:43:32,836 - INFO - ==================================================
2026-03-04 04:43:32,836 - INFO - 모델 파라미터 수: 38,980 개
2026-03-04 04:43:32,836 - INFO -   - Encoder (Encoder):         2,953 개
2026-03-04 04:43:32,836 - INFO -     - conv_front (CNN Backbone):        2,935 개
2026-03-04 04:43:32,836 - INFO -     - 1x1_conv (Channel Proj):          0 개
2026-03-04 04:43:32,836 - INFO -     - norm (LayerNorm):                 18 개
2026-03-04 04:43:32,836 - INFO -   - Decoder (Cross-Attention-based):    35,296 개
2026-03-04 04:43:32,837 - INFO -     - Embedding Layer (feat_to_emb):   320 개
2026-03-04 04:43:32,837 - INFO -     - Init Key Proj (W_K_init):         1,056 개
2026-03-04 04:43:32,837 - INFO -     - Init Value Proj (W_V_init):       1,056 개
2026-03-04 04:43:32,837 - INFO -     - Learnable Queries:                32 개
2026-03-04 04:43:32,837 - INFO -     - Decoder Layers:                   32,832 개
2026-03-04 04:43:32,837 - INFO -   - Classifier (Projection MLP):        731 개
2026-03-04 04:43:32,837 - INFO - Pruning 이후 finetuning_pruned 설정으로 미세 조정을 수행합니다.
2026-03-04 04:43:32,837 - INFO - 옵티마이저: AdamW (lr=0.001, weight_decay=0.0001)
2026-03-04 04:43:32,839 - INFO - 스케줄러: CosineAnnealingLR (T_max=80, eta_min=0.0001)
2026-03-04 04:43:32,839 - INFO - ==================================================
2026-03-04 04:43:32,839 - INFO - train 모드를 시작합니다.
2026-03-04 04:43:32,839 - INFO - 손실 함수: CrossEntropyLoss (label_smoothing: 0.1)
2026-03-04 04:43:32,840 - INFO - --------------------------------------------------
2026-03-04 04:43:32,840 - INFO - [LR]    [1/80] | Learning Rate: 0.001000
2026-03-04 04:43:41,833 - INFO - [Train] [1/80] | Loss: 0.5541 | Train Acc: 75.52%
2026-03-04 04:43:44,522 - INFO - [Valid] [1/80] | Loss: 0.5431 | Val Acc: 75.22%
2026-03-04 04:43:44,540 - INFO - [Metrics for 'abnormal'] | Precision: 0.8017 | Recall: 0.6178 | F1: 0.6978
2026-03-04 04:43:44,540 - INFO - [Metrics for 'normal'] | Precision: 0.7248 | Recall: 0.8681 | F1: 0.7900
2026-03-04 04:43:44,566 - INFO - [Best Model Saved] (val loss: 0.5431) -> 'log/Sewer_TAPNEW/main_20260304_044122_grid7_patch1_layer6_head4/best_model.pth'
2026-03-04 04:43:44,566 - INFO - --------------------------------------------------
2026-03-04 04:43:44,566 - INFO - [LR]    [2/80] | Learning Rate: 0.001000
2026-03-04 04:43:53,680 - INFO - [Train] [2/80] | Loss: 0.4986 | Train Acc: 80.21%
2026-03-04 04:43:56,374 - INFO - [Valid] [2/80] | Loss: 0.5140 | Val Acc: 80.83%
2026-03-04 04:43:56,393 - INFO - [Metrics for 'abnormal'] | Precision: 0.7987 | Recall: 0.7834 | F1: 0.7910
2026-03-04 04:43:56,393 - INFO - [Metrics for 'normal'] | Precision: 0.8162 | Recall: 0.8297 | F1: 0.8229
2026-03-04 04:43:56,418 - INFO - [Best Model Saved] (val loss: 0.5140) -> 'log/Sewer_TAPNEW/main_20260304_044122_grid7_patch1_layer6_head4/best_model.pth'
2026-03-04 04:43:56,418 - INFO - --------------------------------------------------
2026-03-04 04:43:56,419 - INFO - [LR]    [3/80] | Learning Rate: 0.000999
2026-03-04 04:44:05,426 - INFO - [Train] [3/80] | Loss: 0.4840 | Train Acc: 82.07%
2026-03-04 04:44:08,139 - INFO - [Valid] [3/80] | Loss: 0.5191 | Val Acc: 77.88%
2026-03-04 04:44:08,158 - INFO - [Metrics for 'abnormal'] | Precision: 0.7808 | Recall: 0.7261 | F1: 0.7525
2026-03-04 04:44:08,158 - INFO - [Metrics for 'normal'] | Precision: 0.7772 | Recall: 0.8242 | F1: 0.8000
2026-03-04 04:44:08,158 - INFO - --------------------------------------------------
2026-03-04 04:44:08,158 - INFO - [LR]    [4/80] | Learning Rate: 0.000997
2026-03-04 04:44:17,315 - INFO - [Train] [4/80] | Loss: 0.4936 | Train Acc: 81.62%
2026-03-04 04:44:19,987 - INFO - [Valid] [4/80] | Loss: 0.5316 | Val Acc: 78.17%
2026-03-04 04:44:20,004 - INFO - [Metrics for 'abnormal'] | Precision: 0.7485 | Recall: 0.7962 | F1: 0.7716
2026-03-04 04:44:20,004 - INFO - [Metrics for 'normal'] | Precision: 0.8140 | Recall: 0.7692 | F1: 0.7910
2026-03-04 04:44:20,005 - INFO - --------------------------------------------------
2026-03-04 04:44:20,005 - INFO - [LR]    [5/80] | Learning Rate: 0.000994
2026-03-04 04:44:29,128 - INFO - [Train] [5/80] | Loss: 0.4790 | Train Acc: 81.99%
2026-03-04 04:44:31,818 - INFO - [Valid] [5/80] | Loss: 0.5257 | Val Acc: 78.76%
2026-03-04 04:44:31,835 - INFO - [Metrics for 'abnormal'] | Precision: 0.8014 | Recall: 0.7197 | F1: 0.7584
2026-03-04 04:44:31,836 - INFO - [Metrics for 'normal'] | Precision: 0.7778 | Recall: 0.8462 | F1: 0.8105
2026-03-04 04:44:31,836 - INFO - --------------------------------------------------
2026-03-04 04:44:31,836 - INFO - [LR]    [6/80] | Learning Rate: 0.000991
2026-03-04 04:44:40,818 - INFO - [Train] [6/80] | Loss: 0.4691 | Train Acc: 82.22%
2026-03-04 04:44:43,498 - INFO - [Valid] [6/80] | Loss: 0.5118 | Val Acc: 78.76%
2026-03-04 04:44:43,516 - INFO - [Metrics for 'abnormal'] | Precision: 0.7972 | Recall: 0.7261 | F1: 0.7600
2026-03-04 04:44:43,516 - INFO - [Metrics for 'normal'] | Precision: 0.7806 | Recall: 0.8407 | F1: 0.8095
2026-03-04 04:44:43,540 - INFO - [Best Model Saved] (val loss: 0.5118) -> 'log/Sewer_TAPNEW/main_20260304_044122_grid7_patch1_layer6_head4/best_model.pth'
2026-03-04 04:44:43,541 - INFO - --------------------------------------------------
2026-03-04 04:44:43,541 - INFO - [LR]    [7/80] | Learning Rate: 0.000988
2026-03-04 04:44:52,701 - INFO - [Train] [7/80] | Loss: 0.4678 | Train Acc: 82.89%
2026-03-04 04:44:55,379 - INFO - [Valid] [7/80] | Loss: 0.5145 | Val Acc: 81.12%
2026-03-04 04:44:55,396 - INFO - [Metrics for 'abnormal'] | Precision: 0.7925 | Recall: 0.8025 | F1: 0.7975
2026-03-04 04:44:55,397 - INFO - [Metrics for 'normal'] | Precision: 0.8278 | Recall: 0.8187 | F1: 0.8232
2026-03-04 04:44:55,397 - INFO - --------------------------------------------------
2026-03-04 04:44:55,397 - INFO - [LR]    [8/80] | Learning Rate: 0.000983
2026-03-04 04:45:04,623 - INFO - [Train] [8/80] | Loss: 0.4571 | Train Acc: 83.56%
2026-03-04 04:45:07,356 - INFO - [Valid] [8/80] | Loss: 0.4944 | Val Acc: 80.83%
2026-03-04 04:45:07,374 - INFO - [Metrics for 'abnormal'] | Precision: 0.7987 | Recall: 0.7834 | F1: 0.7910
2026-03-04 04:45:07,374 - INFO - [Metrics for 'normal'] | Precision: 0.8162 | Recall: 0.8297 | F1: 0.8229
2026-03-04 04:45:07,399 - INFO - [Best Model Saved] (val loss: 0.4944) -> 'log/Sewer_TAPNEW/main_20260304_044122_grid7_patch1_layer6_head4/best_model.pth'
2026-03-04 04:45:07,399 - INFO - --------------------------------------------------
2026-03-04 04:45:07,399 - INFO - [LR]    [9/80] | Learning Rate: 0.000978
2026-03-04 04:45:16,641 - INFO - [Train] [9/80] | Loss: 0.4488 | Train Acc: 84.00%
2026-03-04 04:45:19,394 - INFO - [Valid] [9/80] | Loss: 0.5170 | Val Acc: 78.47%
2026-03-04 04:45:19,415 - INFO - [Metrics for 'abnormal'] | Precision: 0.7763 | Recall: 0.7516 | F1: 0.7638
2026-03-04 04:45:19,415 - INFO - [Metrics for 'normal'] | Precision: 0.7914 | Recall: 0.8132 | F1: 0.8022
2026-03-04 04:45:19,415 - INFO - --------------------------------------------------
2026-03-04 04:45:19,416 - INFO - [LR]    [10/80] | Learning Rate: 0.000972
2026-03-04 04:45:28,343 - INFO - [Train] [10/80] | Loss: 0.4600 | Train Acc: 84.00%
2026-03-04 04:45:31,045 - INFO - [Valid] [10/80] | Loss: 0.4956 | Val Acc: 81.12%
2026-03-04 04:45:31,062 - INFO - [Metrics for 'abnormal'] | Precision: 0.7925 | Recall: 0.8025 | F1: 0.7975
2026-03-04 04:45:31,062 - INFO - [Metrics for 'normal'] | Precision: 0.8278 | Recall: 0.8187 | F1: 0.8232
2026-03-04 04:45:31,063 - INFO - --------------------------------------------------
2026-03-04 04:45:31,063 - INFO - [LR]    [11/80] | Learning Rate: 0.000966
2026-03-04 04:45:40,161 - INFO - [Train] [11/80] | Loss: 0.4567 | Train Acc: 83.48%
2026-03-04 04:45:42,922 - INFO - [Valid] [11/80] | Loss: 0.5003 | Val Acc: 81.12%
2026-03-04 04:45:42,940 - INFO - [Metrics for 'abnormal'] | Precision: 0.7925 | Recall: 0.8025 | F1: 0.7975
2026-03-04 04:45:42,941 - INFO - [Metrics for 'normal'] | Precision: 0.8278 | Recall: 0.8187 | F1: 0.8232
2026-03-04 04:45:42,941 - INFO - --------------------------------------------------
2026-03-04 04:45:42,941 - INFO - [LR]    [12/80] | Learning Rate: 0.000959
2026-03-04 04:45:51,990 - INFO - [Train] [12/80] | Loss: 0.4400 | Train Acc: 84.67%
2026-03-04 04:45:54,629 - INFO - [Valid] [12/80] | Loss: 0.5111 | Val Acc: 79.35%
2026-03-04 04:45:54,646 - INFO - [Metrics for 'abnormal'] | Precision: 0.7605 | Recall: 0.8089 | F1: 0.7840
2026-03-04 04:45:54,647 - INFO - [Metrics for 'normal'] | Precision: 0.8256 | Recall: 0.7802 | F1: 0.8023
2026-03-04 04:45:54,647 - INFO - --------------------------------------------------
2026-03-04 04:45:54,647 - INFO - [LR]    [13/80] | Learning Rate: 0.000951
2026-03-04 04:46:03,655 - INFO - [Train] [13/80] | Loss: 0.4523 | Train Acc: 84.00%
2026-03-04 04:46:06,341 - INFO - [Valid] [13/80] | Loss: 0.4777 | Val Acc: 81.42%
2026-03-04 04:46:06,358 - INFO - [Metrics for 'abnormal'] | Precision: 0.8052 | Recall: 0.7898 | F1: 0.7974
2026-03-04 04:46:06,358 - INFO - [Metrics for 'normal'] | Precision: 0.8216 | Recall: 0.8352 | F1: 0.8283
2026-03-04 04:46:06,383 - INFO - [Best Model Saved] (val loss: 0.4777) -> 'log/Sewer_TAPNEW/main_20260304_044122_grid7_patch1_layer6_head4/best_model.pth'
2026-03-04 04:46:06,384 - INFO - --------------------------------------------------
2026-03-04 04:46:06,384 - INFO - [LR]    [14/80] | Learning Rate: 0.000943
2026-03-04 04:46:15,331 - INFO - [Train] [14/80] | Loss: 0.4272 | Train Acc: 84.52%
2026-03-04 04:46:17,991 - INFO - [Valid] [14/80] | Loss: 0.5232 | Val Acc: 80.24%
2026-03-04 04:46:18,008 - INFO - [Metrics for 'abnormal'] | Precision: 0.7778 | Recall: 0.8025 | F1: 0.7900
2026-03-04 04:46:18,008 - INFO - [Metrics for 'normal'] | Precision: 0.8249 | Recall: 0.8022 | F1: 0.8134
2026-03-04 04:46:18,009 - INFO - --------------------------------------------------
2026-03-04 04:46:18,009 - INFO - [LR]    [15/80] | Learning Rate: 0.000934
2026-03-04 04:46:26,780 - INFO - [Train] [15/80] | Loss: 0.4397 | Train Acc: 84.97%
2026-03-04 04:46:29,473 - INFO - [Valid] [15/80] | Loss: 0.4892 | Val Acc: 80.53%
2026-03-04 04:46:29,490 - INFO - [Metrics for 'abnormal'] | Precision: 0.7974 | Recall: 0.7771 | F1: 0.7871
2026-03-04 04:46:29,490 - INFO - [Metrics for 'normal'] | Precision: 0.8118 | Recall: 0.8297 | F1: 0.8207
2026-03-04 04:46:29,491 - INFO - --------------------------------------------------
2026-03-04 04:46:29,491 - INFO - [LR]    [16/80] | Learning Rate: 0.000924
2026-03-04 04:46:38,373 - INFO - [Train] [16/80] | Loss: 0.4356 | Train Acc: 85.27%
2026-03-04 04:46:41,031 - INFO - [Valid] [16/80] | Loss: 0.4724 | Val Acc: 81.12%
2026-03-04 04:46:41,048 - INFO - [Metrics for 'abnormal'] | Precision: 0.8039 | Recall: 0.7834 | F1: 0.7935
2026-03-04 04:46:41,048 - INFO - [Metrics for 'normal'] | Precision: 0.8172 | Recall: 0.8352 | F1: 0.8261
2026-03-04 04:46:41,072 - INFO - [Best Model Saved] (val loss: 0.4724) -> 'log/Sewer_TAPNEW/main_20260304_044122_grid7_patch1_layer6_head4/best_model.pth'
2026-03-04 04:46:41,072 - INFO - --------------------------------------------------
2026-03-04 04:46:41,073 - INFO - [LR]    [17/80] | Learning Rate: 0.000914
2026-03-04 04:46:50,064 - INFO - [Train] [17/80] | Loss: 0.4328 | Train Acc: 85.27%
2026-03-04 04:46:52,705 - INFO - [Valid] [17/80] | Loss: 0.5009 | Val Acc: 80.53%
2026-03-04 04:46:52,722 - INFO - [Metrics for 'abnormal'] | Precision: 0.8227 | Recall: 0.7389 | F1: 0.7785
2026-03-04 04:46:52,723 - INFO - [Metrics for 'normal'] | Precision: 0.7929 | Recall: 0.8626 | F1: 0.8263
2026-03-04 04:46:52,723 - INFO - --------------------------------------------------
2026-03-04 04:46:52,723 - INFO - [LR]    [18/80] | Learning Rate: 0.000903
2026-03-04 04:47:01,633 - INFO - [Train] [18/80] | Loss: 0.4410 | Train Acc: 84.30%
2026-03-04 04:47:04,299 - INFO - [Valid] [18/80] | Loss: 0.4928 | Val Acc: 79.65%
2026-03-04 04:47:04,316 - INFO - [Metrics for 'abnormal'] | Precision: 0.7619 | Recall: 0.8153 | F1: 0.7877
2026-03-04 04:47:04,317 - INFO - [Metrics for 'normal'] | Precision: 0.8304 | Recall: 0.7802 | F1: 0.8045
2026-03-04 04:47:04,317 - INFO - --------------------------------------------------
2026-03-04 04:47:04,317 - INFO - [LR]    [19/80] | Learning Rate: 0.000892
2026-03-04 04:47:13,337 - INFO - [Train] [19/80] | Loss: 0.4321 | Train Acc: 85.04%
2026-03-04 04:47:16,013 - INFO - [Valid] [19/80] | Loss: 0.5069 | Val Acc: 80.83%
2026-03-04 04:47:16,031 - INFO - [Metrics for 'abnormal'] | Precision: 0.8333 | Recall: 0.7325 | F1: 0.7797
2026-03-04 04:47:16,032 - INFO - [Metrics for 'normal'] | Precision: 0.7910 | Recall: 0.8736 | F1: 0.8303
2026-03-04 04:47:16,032 - INFO - --------------------------------------------------
2026-03-04 04:47:16,032 - INFO - [LR]    [20/80] | Learning Rate: 0.000880
2026-03-04 04:47:25,324 - INFO - [Train] [20/80] | Loss: 0.4255 | Train Acc: 85.71%
2026-03-04 04:47:27,957 - INFO - [Valid] [20/80] | Loss: 0.4654 | Val Acc: 80.83%
2026-03-04 04:47:27,976 - INFO - [Metrics for 'abnormal'] | Precision: 0.8286 | Recall: 0.7389 | F1: 0.7811
2026-03-04 04:47:27,976 - INFO - [Metrics for 'normal'] | Precision: 0.7940 | Recall: 0.8681 | F1: 0.8294
2026-03-04 04:47:28,000 - INFO - [Best Model Saved] (val loss: 0.4654) -> 'log/Sewer_TAPNEW/main_20260304_044122_grid7_patch1_layer6_head4/best_model.pth'
2026-03-04 04:47:28,000 - INFO - --------------------------------------------------
2026-03-04 04:47:28,001 - INFO - [LR]    [21/80] | Learning Rate: 0.000868
2026-03-04 04:47:36,904 - INFO - [Train] [21/80] | Loss: 0.4228 | Train Acc: 85.42%
2026-03-04 04:47:39,599 - INFO - [Valid] [21/80] | Loss: 0.4753 | Val Acc: 81.71%
2026-03-04 04:47:39,616 - INFO - [Metrics for 'abnormal'] | Precision: 0.7987 | Recall: 0.8089 | F1: 0.8038
2026-03-04 04:47:39,616 - INFO - [Metrics for 'normal'] | Precision: 0.8333 | Recall: 0.8242 | F1: 0.8287
2026-03-04 04:47:39,616 - INFO - --------------------------------------------------
2026-03-04 04:47:39,616 - INFO - [LR]    [22/80] | Learning Rate: 0.000855
2026-03-04 04:47:48,638 - INFO - [Train] [22/80] | Loss: 0.4231 | Train Acc: 84.75%
2026-03-04 04:47:51,290 - INFO - [Valid] [22/80] | Loss: 0.4719 | Val Acc: 82.01%
2026-03-04 04:47:51,309 - INFO - [Metrics for 'abnormal'] | Precision: 0.7892 | Recall: 0.8344 | F1: 0.8111
2026-03-04 04:47:51,309 - INFO - [Metrics for 'normal'] | Precision: 0.8497 | Recall: 0.8077 | F1: 0.8282
2026-03-04 04:47:51,309 - INFO - --------------------------------------------------
2026-03-04 04:47:51,309 - INFO - [LR]    [23/80] | Learning Rate: 0.000842
2026-03-04 04:48:00,189 - INFO - [Train] [23/80] | Loss: 0.4352 | Train Acc: 84.75%
2026-03-04 04:48:02,840 - INFO - [Valid] [23/80] | Loss: 0.5026 | Val Acc: 80.83%
2026-03-04 04:48:02,857 - INFO - [Metrics for 'abnormal'] | Precision: 0.8108 | Recall: 0.7643 | F1: 0.7869
2026-03-04 04:48:02,857 - INFO - [Metrics for 'normal'] | Precision: 0.8063 | Recall: 0.8462 | F1: 0.8257
2026-03-04 04:48:02,858 - INFO - --------------------------------------------------
2026-03-04 04:48:02,858 - INFO - [LR]    [24/80] | Learning Rate: 0.000829
2026-03-04 04:48:11,928 - INFO - [Train] [24/80] | Loss: 0.4200 | Train Acc: 85.42%
2026-03-04 04:48:14,542 - INFO - [Valid] [24/80] | Loss: 0.4685 | Val Acc: 82.30%
2026-03-04 04:48:14,559 - INFO - [Metrics for 'abnormal'] | Precision: 0.7904 | Recall: 0.8408 | F1: 0.8148
2026-03-04 04:48:14,560 - INFO - [Metrics for 'normal'] | Precision: 0.8547 | Recall: 0.8077 | F1: 0.8305
2026-03-04 04:48:14,560 - INFO - --------------------------------------------------
2026-03-04 04:48:14,560 - INFO - [LR]    [25/80] | Learning Rate: 0.000815
2026-03-04 04:48:23,311 - INFO - [Train] [25/80] | Loss: 0.4175 | Train Acc: 85.94%
2026-03-04 04:48:25,913 - INFO - [Valid] [25/80] | Loss: 0.4879 | Val Acc: 79.35%
2026-03-04 04:48:25,930 - INFO - [Metrics for 'abnormal'] | Precision: 0.7514 | Recall: 0.8280 | F1: 0.7879
2026-03-04 04:48:25,930 - INFO - [Metrics for 'normal'] | Precision: 0.8373 | Recall: 0.7637 | F1: 0.7989
2026-03-04 04:48:25,931 - INFO - --------------------------------------------------
2026-03-04 04:48:25,931 - INFO - [LR]    [26/80] | Learning Rate: 0.000800
2026-03-04 04:48:34,927 - INFO - [Train] [26/80] | Loss: 0.4123 | Train Acc: 86.68%
2026-03-04 04:48:37,542 - INFO - [Valid] [26/80] | Loss: 0.4590 | Val Acc: 82.01%
2026-03-04 04:48:37,560 - INFO - [Metrics for 'abnormal'] | Precision: 0.7963 | Recall: 0.8217 | F1: 0.8088
2026-03-04 04:48:37,560 - INFO - [Metrics for 'normal'] | Precision: 0.8418 | Recall: 0.8187 | F1: 0.8301
2026-03-04 04:48:37,585 - INFO - [Best Model Saved] (val loss: 0.4590) -> 'log/Sewer_TAPNEW/main_20260304_044122_grid7_patch1_layer6_head4/best_model.pth'
2026-03-04 04:48:37,585 - INFO - --------------------------------------------------
2026-03-04 04:48:37,586 - INFO - [LR]    [27/80] | Learning Rate: 0.000785
2026-03-04 04:48:46,522 - INFO - [Train] [27/80] | Loss: 0.4132 | Train Acc: 85.49%
2026-03-04 04:48:49,131 - INFO - [Valid] [27/80] | Loss: 0.4785 | Val Acc: 80.83%
2026-03-04 04:48:49,148 - INFO - [Metrics for 'abnormal'] | Precision: 0.7706 | Recall: 0.8344 | F1: 0.8012
2026-03-04 04:48:49,149 - INFO - [Metrics for 'normal'] | Precision: 0.8462 | Recall: 0.7857 | F1: 0.8148
2026-03-04 04:48:49,149 - INFO - --------------------------------------------------
2026-03-04 04:48:49,149 - INFO - [LR]    [28/80] | Learning Rate: 0.000770
2026-03-04 04:48:58,120 - INFO - [Train] [28/80] | Loss: 0.4100 | Train Acc: 86.90%
2026-03-04 04:49:00,769 - INFO - [Valid] [28/80] | Loss: 0.4625 | Val Acc: 82.30%
2026-03-04 04:49:00,786 - INFO - [Metrics for 'abnormal'] | Precision: 0.7939 | Recall: 0.8344 | F1: 0.8137
2026-03-04 04:49:00,786 - INFO - [Metrics for 'normal'] | Precision: 0.8506 | Recall: 0.8132 | F1: 0.8315
2026-03-04 04:49:00,786 - INFO - --------------------------------------------------
2026-03-04 04:49:00,787 - INFO - [LR]    [29/80] | Learning Rate: 0.000754
2026-03-04 04:49:09,774 - INFO - [Train] [29/80] | Loss: 0.4108 | Train Acc: 86.16%
2026-03-04 04:49:12,410 - INFO - [Valid] [29/80] | Loss: 0.4660 | Val Acc: 82.01%
2026-03-04 04:49:12,428 - INFO - [Metrics for 'abnormal'] | Precision: 0.8077 | Recall: 0.8025 | F1: 0.8051
2026-03-04 04:49:12,428 - INFO - [Metrics for 'normal'] | Precision: 0.8306 | Recall: 0.8352 | F1: 0.8329
2026-03-04 04:49:12,428 - INFO - --------------------------------------------------
2026-03-04 04:49:12,429 - INFO - [LR]    [30/80] | Learning Rate: 0.000738
2026-03-04 04:49:21,590 - INFO - [Train] [30/80] | Loss: 0.4203 | Train Acc: 85.79%
2026-03-04 04:49:24,211 - INFO - [Valid] [30/80] | Loss: 0.4662 | Val Acc: 81.42%
2026-03-04 04:49:24,228 - INFO - [Metrics for 'abnormal'] | Precision: 0.7975 | Recall: 0.8025 | F1: 0.8000
2026-03-04 04:49:24,228 - INFO - [Metrics for 'normal'] | Precision: 0.8287 | Recall: 0.8242 | F1: 0.8264
2026-03-04 04:49:24,228 - INFO - --------------------------------------------------
2026-03-04 04:49:24,228 - INFO - [LR]    [31/80] | Learning Rate: 0.000722
2026-03-04 04:49:33,234 - INFO - [Train] [31/80] | Loss: 0.4175 | Train Acc: 85.79%
2026-03-04 04:49:35,858 - INFO - [Valid] [31/80] | Loss: 0.4467 | Val Acc: 82.01%
2026-03-04 04:49:35,875 - INFO - [Metrics for 'abnormal'] | Precision: 0.7791 | Recall: 0.8535 | F1: 0.8146
2026-03-04 04:49:35,876 - INFO - [Metrics for 'normal'] | Precision: 0.8623 | Recall: 0.7912 | F1: 0.8252
2026-03-04 04:49:35,902 - INFO - [Best Model Saved] (val loss: 0.4467) -> 'log/Sewer_TAPNEW/main_20260304_044122_grid7_patch1_layer6_head4/best_model.pth'
2026-03-04 04:49:35,902 - INFO - --------------------------------------------------
2026-03-04 04:49:35,902 - INFO - [LR]    [32/80] | Learning Rate: 0.000706
2026-03-04 04:49:44,878 - INFO - [Train] [32/80] | Loss: 0.3904 | Train Acc: 87.72%
2026-03-04 04:49:47,472 - INFO - [Valid] [32/80] | Loss: 0.4708 | Val Acc: 80.24%
2026-03-04 04:49:47,490 - INFO - [Metrics for 'abnormal'] | Precision: 0.7616 | Recall: 0.8344 | F1: 0.7964
2026-03-04 04:49:47,490 - INFO - [Metrics for 'normal'] | Precision: 0.8443 | Recall: 0.7747 | F1: 0.8080
2026-03-04 04:49:47,491 - INFO - --------------------------------------------------
2026-03-04 04:49:47,491 - INFO - [LR]    [33/80] | Learning Rate: 0.000689
2026-03-04 04:49:56,521 - INFO - [Train] [33/80] | Loss: 0.4044 | Train Acc: 87.43%
2026-03-04 04:49:59,140 - INFO - [Valid] [33/80] | Loss: 0.4425 | Val Acc: 80.83%
2026-03-04 04:49:59,158 - INFO - [Metrics for 'abnormal'] | Precision: 0.7875 | Recall: 0.8025 | F1: 0.7950
2026-03-04 04:49:59,158 - INFO - [Metrics for 'normal'] | Precision: 0.8268 | Recall: 0.8132 | F1: 0.8199
2026-03-04 04:49:59,184 - INFO - [Best Model Saved] (val loss: 0.4425) -> 'log/Sewer_TAPNEW/main_20260304_044122_grid7_patch1_layer6_head4/best_model.pth'
2026-03-04 04:49:59,184 - INFO - --------------------------------------------------
2026-03-04 04:49:59,185 - INFO - [LR]    [34/80] | Learning Rate: 0.000672
2026-03-04 04:50:08,129 - INFO - [Train] [34/80] | Loss: 0.4015 | Train Acc: 87.28%
2026-03-04 04:50:10,787 - INFO - [Valid] [34/80] | Loss: 0.4726 | Val Acc: 80.53%
2026-03-04 04:50:10,807 - INFO - [Metrics for 'abnormal'] | Precision: 0.7542 | Recall: 0.8599 | F1: 0.8036
2026-03-04 04:50:10,808 - INFO - [Metrics for 'normal'] | Precision: 0.8625 | Recall: 0.7582 | F1: 0.8070
2026-03-04 04:50:10,808 - INFO - --------------------------------------------------
2026-03-04 04:50:10,808 - INFO - [LR]    [35/80] | Learning Rate: 0.000655
2026-03-04 04:50:19,757 - INFO - [Train] [35/80] | Loss: 0.3993 | Train Acc: 86.61%
2026-03-04 04:50:22,363 - INFO - [Valid] [35/80] | Loss: 0.4480 | Val Acc: 82.01%
2026-03-04 04:50:22,382 - INFO - [Metrics for 'abnormal'] | Precision: 0.7857 | Recall: 0.8408 | F1: 0.8123
2026-03-04 04:50:22,382 - INFO - [Metrics for 'normal'] | Precision: 0.8538 | Recall: 0.8022 | F1: 0.8272
2026-03-04 04:50:22,383 - INFO - --------------------------------------------------
2026-03-04 04:50:22,383 - INFO - [LR]    [36/80] | Learning Rate: 0.000638
2026-03-04 04:50:31,569 - INFO - [Train] [36/80] | Loss: 0.4050 | Train Acc: 86.01%
2026-03-04 04:50:34,168 - INFO - [Valid] [36/80] | Loss: 0.4997 | Val Acc: 79.06%
2026-03-04 04:50:34,185 - INFO - [Metrics for 'abnormal'] | Precision: 0.7622 | Recall: 0.7962 | F1: 0.7788
2026-03-04 04:50:34,185 - INFO - [Metrics for 'normal'] | Precision: 0.8171 | Recall: 0.7857 | F1: 0.8011
2026-03-04 04:50:34,185 - INFO - --------------------------------------------------
2026-03-04 04:50:34,185 - INFO - [LR]    [37/80] | Learning Rate: 0.000620
2026-03-04 04:50:43,139 - INFO - [Train] [37/80] | Loss: 0.3935 | Train Acc: 87.65%
2026-03-04 04:50:45,766 - INFO - [Valid] [37/80] | Loss: 0.4477 | Val Acc: 81.71%
2026-03-04 04:50:45,787 - INFO - [Metrics for 'abnormal'] | Precision: 0.7811 | Recall: 0.8408 | F1: 0.8098
2026-03-04 04:50:45,788 - INFO - [Metrics for 'normal'] | Precision: 0.8529 | Recall: 0.7967 | F1: 0.8239
2026-03-04 04:50:45,788 - INFO - --------------------------------------------------
2026-03-04 04:50:45,789 - INFO - [LR]    [38/80] | Learning Rate: 0.000603
2026-03-04 04:50:54,720 - INFO - [Train] [38/80] | Loss: 0.3974 | Train Acc: 86.76%
2026-03-04 04:50:57,341 - INFO - [Valid] [38/80] | Loss: 0.4800 | Val Acc: 82.01%
2026-03-04 04:50:57,358 - INFO - [Metrics for 'abnormal'] | Precision: 0.8380 | Recall: 0.7580 | F1: 0.7960
2026-03-04 04:50:57,358 - INFO - [Metrics for 'normal'] | Precision: 0.8071 | Recall: 0.8736 | F1: 0.8391
2026-03-04 04:50:57,359 - INFO - --------------------------------------------------
2026-03-04 04:50:57,359 - INFO - [LR]    [39/80] | Learning Rate: 0.000585
2026-03-04 04:51:06,251 - INFO - [Train] [39/80] | Loss: 0.3760 | Train Acc: 88.69%
2026-03-04 04:51:08,850 - INFO - [Valid] [39/80] | Loss: 0.4709 | Val Acc: 81.42%
2026-03-04 04:51:08,867 - INFO - [Metrics for 'abnormal'] | Precision: 0.7866 | Recall: 0.8217 | F1: 0.8037
2026-03-04 04:51:08,867 - INFO - [Metrics for 'normal'] | Precision: 0.8400 | Recall: 0.8077 | F1: 0.8235
2026-03-04 04:51:08,868 - INFO - --------------------------------------------------
2026-03-04 04:51:08,868 - INFO - [LR]    [40/80] | Learning Rate: 0.000568
2026-03-04 04:51:17,798 - INFO - [Train] [40/80] | Loss: 0.3934 | Train Acc: 86.90%
2026-03-04 04:51:20,423 - INFO - [Valid] [40/80] | Loss: 0.4740 | Val Acc: 81.71%
2026-03-04 04:51:20,440 - INFO - [Metrics for 'abnormal'] | Precision: 0.7811 | Recall: 0.8408 | F1: 0.8098
2026-03-04 04:51:20,441 - INFO - [Metrics for 'normal'] | Precision: 0.8529 | Recall: 0.7967 | F1: 0.8239
2026-03-04 04:51:20,441 - INFO - --------------------------------------------------
2026-03-04 04:51:20,441 - INFO - [LR]    [41/80] | Learning Rate: 0.000550
2026-03-04 04:51:29,566 - INFO - [Train] [41/80] | Loss: 0.3860 | Train Acc: 88.32%
2026-03-04 04:51:32,195 - INFO - [Valid] [41/80] | Loss: 0.4592 | Val Acc: 82.60%
2026-03-04 04:51:32,212 - INFO - [Metrics for 'abnormal'] | Precision: 0.8063 | Recall: 0.8217 | F1: 0.8139
2026-03-04 04:51:32,212 - INFO - [Metrics for 'normal'] | Precision: 0.8436 | Recall: 0.8297 | F1: 0.8366
2026-03-04 04:51:32,212 - INFO - --------------------------------------------------
2026-03-04 04:51:32,212 - INFO - [LR]    [42/80] | Learning Rate: 0.000532
2026-03-04 04:51:41,348 - INFO - [Train] [42/80] | Loss: 0.3759 | Train Acc: 88.24%
2026-03-04 04:51:43,952 - INFO - [Valid] [42/80] | Loss: 0.4651 | Val Acc: 80.53%
2026-03-04 04:51:43,969 - INFO - [Metrics for 'abnormal'] | Precision: 0.7630 | Recall: 0.8408 | F1: 0.8000
2026-03-04 04:51:43,970 - INFO - [Metrics for 'normal'] | Precision: 0.8494 | Recall: 0.7747 | F1: 0.8103
2026-03-04 04:51:43,970 - INFO - --------------------------------------------------
2026-03-04 04:51:43,970 - INFO - [LR]    [43/80] | Learning Rate: 0.000515
2026-03-04 04:51:53,209 - INFO - [Train] [43/80] | Loss: 0.3751 | Train Acc: 88.62%
2026-03-04 04:51:55,823 - INFO - [Valid] [43/80] | Loss: 0.4569 | Val Acc: 82.89%
2026-03-04 04:51:55,840 - INFO - [Metrics for 'abnormal'] | Precision: 0.8113 | Recall: 0.8217 | F1: 0.8165
2026-03-04 04:51:55,840 - INFO - [Metrics for 'normal'] | Precision: 0.8444 | Recall: 0.8352 | F1: 0.8398
2026-03-04 04:51:55,841 - INFO - --------------------------------------------------
2026-03-04 04:51:55,841 - INFO - [LR]    [44/80] | Learning Rate: 0.000497
2026-03-04 04:52:04,839 - INFO - [Train] [44/80] | Loss: 0.3753 | Train Acc: 88.76%
2026-03-04 04:52:07,457 - INFO - [Valid] [44/80] | Loss: 0.4644 | Val Acc: 81.12%
2026-03-04 04:52:07,474 - INFO - [Metrics for 'abnormal'] | Precision: 0.7818 | Recall: 0.8217 | F1: 0.8012
2026-03-04 04:52:07,475 - INFO - [Metrics for 'normal'] | Precision: 0.8391 | Recall: 0.8022 | F1: 0.8202
2026-03-04 04:52:07,475 - INFO - --------------------------------------------------
2026-03-04 04:52:07,475 - INFO - [LR]    [45/80] | Learning Rate: 0.000480
2026-03-04 04:52:16,541 - INFO - [Train] [45/80] | Loss: 0.3801 | Train Acc: 88.24%
2026-03-04 04:52:19,160 - INFO - [Valid] [45/80] | Loss: 0.4597 | Val Acc: 83.19%
2026-03-04 04:52:19,177 - INFO - [Metrics for 'abnormal'] | Precision: 0.8247 | Recall: 0.8089 | F1: 0.8167
2026-03-04 04:52:19,177 - INFO - [Metrics for 'normal'] | Precision: 0.8378 | Recall: 0.8516 | F1: 0.8447
2026-03-04 04:52:19,177 - INFO - --------------------------------------------------
2026-03-04 04:52:19,177 - INFO - [LR]    [46/80] | Learning Rate: 0.000462
2026-03-04 04:52:28,160 - INFO - [Train] [46/80] | Loss: 0.3757 | Train Acc: 88.17%
2026-03-04 04:52:30,757 - INFO - [Valid] [46/80] | Loss: 0.4599 | Val Acc: 82.89%
2026-03-04 04:52:30,775 - INFO - [Metrics for 'abnormal'] | Precision: 0.7895 | Recall: 0.8599 | F1: 0.8232
2026-03-04 04:52:30,775 - INFO - [Metrics for 'normal'] | Precision: 0.8690 | Recall: 0.8022 | F1: 0.8343
2026-03-04 04:52:30,776 - INFO - --------------------------------------------------
2026-03-04 04:52:30,776 - INFO - [LR]    [47/80] | Learning Rate: 0.000445
2026-03-04 04:52:39,588 - INFO - [Train] [47/80] | Loss: 0.3836 | Train Acc: 87.65%
2026-03-04 04:52:42,175 - INFO - [Valid] [47/80] | Loss: 0.4831 | Val Acc: 80.83%
2026-03-04 04:52:42,195 - INFO - [Metrics for 'abnormal'] | Precision: 0.8026 | Recall: 0.7771 | F1: 0.7896
2026-03-04 04:52:42,195 - INFO - [Metrics for 'normal'] | Precision: 0.8128 | Recall: 0.8352 | F1: 0.8238
2026-03-04 04:52:42,195 - INFO - --------------------------------------------------
2026-03-04 04:52:42,196 - INFO - [LR]    [48/80] | Learning Rate: 0.000428
2026-03-04 04:52:51,187 - INFO - [Train] [48/80] | Loss: 0.3777 | Train Acc: 87.57%
2026-03-04 04:52:53,789 - INFO - [Valid] [48/80] | Loss: 0.4802 | Val Acc: 82.30%
2026-03-04 04:52:53,806 - INFO - [Metrics for 'abnormal'] | Precision: 0.8212 | Recall: 0.7898 | F1: 0.8052
2026-03-04 04:52:53,806 - INFO - [Metrics for 'normal'] | Precision: 0.8245 | Recall: 0.8516 | F1: 0.8378
2026-03-04 04:52:53,806 - INFO - --------------------------------------------------
2026-03-04 04:52:53,807 - INFO - [LR]    [49/80] | Learning Rate: 0.000411
2026-03-04 04:53:02,853 - INFO - [Train] [49/80] | Loss: 0.3693 | Train Acc: 87.28%
2026-03-04 04:53:05,450 - INFO - [Valid] [49/80] | Loss: 0.4628 | Val Acc: 83.19%
2026-03-04 04:53:05,468 - INFO - [Metrics for 'abnormal'] | Precision: 0.8049 | Recall: 0.8408 | F1: 0.8224
2026-03-04 04:53:05,468 - INFO - [Metrics for 'normal'] | Precision: 0.8571 | Recall: 0.8242 | F1: 0.8403
2026-03-04 04:53:05,468 - INFO - --------------------------------------------------
2026-03-04 04:53:05,468 - INFO - [LR]    [50/80] | Learning Rate: 0.000394
2026-03-04 04:53:14,411 - INFO - [Train] [50/80] | Loss: 0.3797 | Train Acc: 88.39%
2026-03-04 04:53:16,997 - INFO - [Valid] [50/80] | Loss: 0.4706 | Val Acc: 83.48%
2026-03-04 04:53:17,014 - INFO - [Metrics for 'abnormal'] | Precision: 0.8301 | Recall: 0.8089 | F1: 0.8194
2026-03-04 04:53:17,015 - INFO - [Metrics for 'normal'] | Precision: 0.8387 | Recall: 0.8571 | F1: 0.8478
2026-03-04 04:53:17,015 - INFO - --------------------------------------------------
2026-03-04 04:53:17,015 - INFO - [LR]    [51/80] | Learning Rate: 0.000378
2026-03-04 04:53:25,924 - INFO - [Train] [51/80] | Loss: 0.3723 | Train Acc: 88.02%
2026-03-04 04:53:28,528 - INFO - [Valid] [51/80] | Loss: 0.4663 | Val Acc: 82.30%
2026-03-04 04:53:28,545 - INFO - [Metrics for 'abnormal'] | Precision: 0.7904 | Recall: 0.8408 | F1: 0.8148
2026-03-04 04:53:28,545 - INFO - [Metrics for 'normal'] | Precision: 0.8547 | Recall: 0.8077 | F1: 0.8305
2026-03-04 04:53:28,546 - INFO - --------------------------------------------------
2026-03-04 04:53:28,546 - INFO - [LR]    [52/80] | Learning Rate: 0.000362
2026-03-04 04:53:37,654 - INFO - [Train] [52/80] | Loss: 0.3688 | Train Acc: 88.99%
2026-03-04 04:53:40,244 - INFO - [Valid] [52/80] | Loss: 0.4680 | Val Acc: 82.60%
2026-03-04 04:53:40,261 - INFO - [Metrics for 'abnormal'] | Precision: 0.8101 | Recall: 0.8153 | F1: 0.8127
2026-03-04 04:53:40,261 - INFO - [Metrics for 'normal'] | Precision: 0.8398 | Recall: 0.8352 | F1: 0.8375
2026-03-04 04:53:40,262 - INFO - --------------------------------------------------
2026-03-04 04:53:40,262 - INFO - [LR]    [53/80] | Learning Rate: 0.000346
2026-03-04 04:53:49,523 - INFO - [Train] [53/80] | Loss: 0.3691 | Train Acc: 88.39%
2026-03-04 04:53:52,120 - INFO - [Valid] [53/80] | Loss: 0.4580 | Val Acc: 82.89%
2026-03-04 04:53:52,137 - INFO - [Metrics for 'abnormal'] | Precision: 0.8037 | Recall: 0.8344 | F1: 0.8187
2026-03-04 04:53:52,137 - INFO - [Metrics for 'normal'] | Precision: 0.8523 | Recall: 0.8242 | F1: 0.8380
2026-03-04 04:53:52,137 - INFO - --------------------------------------------------
2026-03-04 04:53:52,137 - INFO - [LR]    [54/80] | Learning Rate: 0.000330
2026-03-04 04:54:01,008 - INFO - [Train] [54/80] | Loss: 0.3645 | Train Acc: 88.47%
2026-03-04 04:54:03,606 - INFO - [Valid] [54/80] | Loss: 0.4637 | Val Acc: 81.71%
2026-03-04 04:54:03,624 - INFO - [Metrics for 'abnormal'] | Precision: 0.7844 | Recall: 0.8344 | F1: 0.8086
2026-03-04 04:54:03,625 - INFO - [Metrics for 'normal'] | Precision: 0.8488 | Recall: 0.8022 | F1: 0.8249
2026-03-04 04:54:03,625 - INFO - --------------------------------------------------
2026-03-04 04:54:03,625 - INFO - [LR]    [55/80] | Learning Rate: 0.000315
2026-03-04 04:54:12,673 - INFO - [Train] [55/80] | Loss: 0.3637 | Train Acc: 89.14%
2026-03-04 04:54:15,318 - INFO - [Valid] [55/80] | Loss: 0.4810 | Val Acc: 81.42%
2026-03-04 04:54:15,335 - INFO - [Metrics for 'abnormal'] | Precision: 0.7765 | Recall: 0.8408 | F1: 0.8073
2026-03-04 04:54:15,335 - INFO - [Metrics for 'normal'] | Precision: 0.8521 | Recall: 0.7912 | F1: 0.8205
2026-03-04 04:54:15,336 - INFO - --------------------------------------------------
2026-03-04 04:54:15,336 - INFO - [LR]    [56/80] | Learning Rate: 0.000300
2026-03-04 04:54:24,336 - INFO - [Train] [56/80] | Loss: 0.3610 | Train Acc: 89.21%
2026-03-04 04:54:26,926 - INFO - [Valid] [56/80] | Loss: 0.4640 | Val Acc: 83.48%
2026-03-04 04:54:26,943 - INFO - [Metrics for 'abnormal'] | Precision: 0.8176 | Recall: 0.8280 | F1: 0.8228
2026-03-04 04:54:26,943 - INFO - [Metrics for 'normal'] | Precision: 0.8500 | Recall: 0.8407 | F1: 0.8453
2026-03-04 04:54:26,944 - INFO - --------------------------------------------------
2026-03-04 04:54:26,944 - INFO - [LR]    [57/80] | Learning Rate: 0.000285
2026-03-04 04:54:36,054 - INFO - [Train] [57/80] | Loss: 0.3566 | Train Acc: 89.43%
2026-03-04 04:54:38,666 - INFO - [Valid] [57/80] | Loss: 0.4654 | Val Acc: 81.42%
2026-03-04 04:54:38,684 - INFO - [Metrics for 'abnormal'] | Precision: 0.7765 | Recall: 0.8408 | F1: 0.8073
2026-03-04 04:54:38,684 - INFO - [Metrics for 'normal'] | Precision: 0.8521 | Recall: 0.7912 | F1: 0.8205
2026-03-04 04:54:38,684 - INFO - --------------------------------------------------
2026-03-04 04:54:38,684 - INFO - [LR]    [58/80] | Learning Rate: 0.000271
2026-03-04 04:54:47,707 - INFO - [Train] [58/80] | Loss: 0.3536 | Train Acc: 89.29%
2026-03-04 04:54:50,304 - INFO - [Valid] [58/80] | Loss: 0.4619 | Val Acc: 82.60%
2026-03-04 04:54:50,321 - INFO - [Metrics for 'abnormal'] | Precision: 0.7952 | Recall: 0.8408 | F1: 0.8173
2026-03-04 04:54:50,321 - INFO - [Metrics for 'normal'] | Precision: 0.8555 | Recall: 0.8132 | F1: 0.8338
2026-03-04 04:54:50,322 - INFO - --------------------------------------------------
2026-03-04 04:54:50,322 - INFO - [LR]    [59/80] | Learning Rate: 0.000258
2026-03-04 04:54:59,426 - INFO - [Train] [59/80] | Loss: 0.3541 | Train Acc: 89.58%
2026-03-04 04:55:02,020 - INFO - [Valid] [59/80] | Loss: 0.4659 | Val Acc: 81.12%
2026-03-04 04:55:02,037 - INFO - [Metrics for 'abnormal'] | Precision: 0.7784 | Recall: 0.8280 | F1: 0.8025
2026-03-04 04:55:02,037 - INFO - [Metrics for 'normal'] | Precision: 0.8430 | Recall: 0.7967 | F1: 0.8192
2026-03-04 04:55:02,037 - INFO - --------------------------------------------------
2026-03-04 04:55:02,038 - INFO - [LR]    [60/80] | Learning Rate: 0.000245
2026-03-04 04:55:10,970 - INFO - [Train] [60/80] | Loss: 0.3558 | Train Acc: 89.81%
2026-03-04 04:55:13,561 - INFO - [Valid] [60/80] | Loss: 0.4707 | Val Acc: 82.30%
2026-03-04 04:55:13,578 - INFO - [Metrics for 'abnormal'] | Precision: 0.7870 | Recall: 0.8471 | F1: 0.8160
2026-03-04 04:55:13,578 - INFO - [Metrics for 'normal'] | Precision: 0.8588 | Recall: 0.8022 | F1: 0.8295
2026-03-04 04:55:13,578 - INFO - --------------------------------------------------
2026-03-04 04:55:13,578 - INFO - [LR]    [61/80] | Learning Rate: 0.000232
2026-03-04 04:55:22,723 - INFO - [Train] [61/80] | Loss: 0.3550 | Train Acc: 88.69%
2026-03-04 04:55:25,335 - INFO - [Valid] [61/80] | Loss: 0.4806 | Val Acc: 81.42%
2026-03-04 04:55:25,352 - INFO - [Metrics for 'abnormal'] | Precision: 0.7866 | Recall: 0.8217 | F1: 0.8037
2026-03-04 04:55:25,352 - INFO - [Metrics for 'normal'] | Precision: 0.8400 | Recall: 0.8077 | F1: 0.8235
2026-03-04 04:55:25,352 - INFO - --------------------------------------------------
2026-03-04 04:55:25,353 - INFO - [LR]    [62/80] | Learning Rate: 0.000220
2026-03-04 04:55:34,343 - INFO - [Train] [62/80] | Loss: 0.3496 | Train Acc: 89.51%
2026-03-04 04:55:36,954 - INFO - [Valid] [62/80] | Loss: 0.4754 | Val Acc: 82.89%
2026-03-04 04:55:36,971 - INFO - [Metrics for 'abnormal'] | Precision: 0.8037 | Recall: 0.8344 | F1: 0.8187
2026-03-04 04:55:36,971 - INFO - [Metrics for 'normal'] | Precision: 0.8523 | Recall: 0.8242 | F1: 0.8380
2026-03-04 04:55:36,972 - INFO - --------------------------------------------------
2026-03-04 04:55:36,972 - INFO - [LR]    [63/80] | Learning Rate: 0.000208
2026-03-04 04:55:45,723 - INFO - [Train] [63/80] | Loss: 0.3498 | Train Acc: 89.36%
2026-03-04 04:55:48,328 - INFO - [Valid] [63/80] | Loss: 0.4656 | Val Acc: 81.42%
2026-03-04 04:55:48,346 - INFO - [Metrics for 'abnormal'] | Precision: 0.7733 | Recall: 0.8471 | F1: 0.8085
2026-03-04 04:55:48,346 - INFO - [Metrics for 'normal'] | Precision: 0.8563 | Recall: 0.7857 | F1: 0.8195
2026-03-04 04:55:48,346 - INFO - --------------------------------------------------
2026-03-04 04:55:48,346 - INFO - [LR]    [64/80] | Learning Rate: 0.000197
2026-03-04 04:55:57,380 - INFO - [Train] [64/80] | Loss: 0.3444 | Train Acc: 90.03%
2026-03-04 04:55:59,971 - INFO - [Valid] [64/80] | Loss: 0.4692 | Val Acc: 81.71%
2026-03-04 04:55:59,989 - INFO - [Metrics for 'abnormal'] | Precision: 0.7811 | Recall: 0.8408 | F1: 0.8098
2026-03-04 04:55:59,989 - INFO - [Metrics for 'normal'] | Precision: 0.8529 | Recall: 0.7967 | F1: 0.8239
2026-03-04 04:55:59,989 - INFO - --------------------------------------------------
2026-03-04 04:55:59,989 - INFO - [LR]    [65/80] | Learning Rate: 0.000186
2026-03-04 04:56:09,028 - INFO - [Train] [65/80] | Loss: 0.3572 | Train Acc: 89.36%
2026-03-04 04:56:11,639 - INFO - [Valid] [65/80] | Loss: 0.4669 | Val Acc: 82.30%
2026-03-04 04:56:11,656 - INFO - [Metrics for 'abnormal'] | Precision: 0.8012 | Recall: 0.8217 | F1: 0.8113
2026-03-04 04:56:11,657 - INFO - [Metrics for 'normal'] | Precision: 0.8427 | Recall: 0.8242 | F1: 0.8333
2026-03-04 04:56:11,657 - INFO - --------------------------------------------------
2026-03-04 04:56:11,657 - INFO - [LR]    [66/80] | Learning Rate: 0.000176
2026-03-04 04:56:20,639 - INFO - [Train] [66/80] | Loss: 0.3403 | Train Acc: 90.77%
2026-03-04 04:56:23,227 - INFO - [Valid] [66/80] | Loss: 0.4928 | Val Acc: 82.01%
2026-03-04 04:56:23,244 - INFO - [Metrics for 'abnormal'] | Precision: 0.8000 | Recall: 0.8153 | F1: 0.8076
2026-03-04 04:56:23,244 - INFO - [Metrics for 'normal'] | Precision: 0.8380 | Recall: 0.8242 | F1: 0.8310
2026-03-04 04:56:23,245 - INFO - --------------------------------------------------
2026-03-04 04:56:23,245 - INFO - [LR]    [67/80] | Learning Rate: 0.000166
2026-03-04 04:56:32,229 - INFO - [Train] [67/80] | Loss: 0.3538 | Train Acc: 88.84%
2026-03-04 04:56:34,819 - INFO - [Valid] [67/80] | Loss: 0.4708 | Val Acc: 81.42%
2026-03-04 04:56:34,837 - INFO - [Metrics for 'abnormal'] | Precision: 0.7670 | Recall: 0.8599 | F1: 0.8108
2026-03-04 04:56:34,837 - INFO - [Metrics for 'normal'] | Precision: 0.8650 | Recall: 0.7747 | F1: 0.8174
2026-03-04 04:56:34,837 - INFO - --------------------------------------------------
2026-03-04 04:56:34,838 - INFO - [LR]    [68/80] | Learning Rate: 0.000157
2026-03-04 04:56:43,862 - INFO - [Train] [68/80] | Loss: 0.3524 | Train Acc: 90.10%
2026-03-04 04:56:46,480 - INFO - [Valid] [68/80] | Loss: 0.4821 | Val Acc: 83.19%
2026-03-04 04:56:46,498 - INFO - [Metrics for 'abnormal'] | Precision: 0.8125 | Recall: 0.8280 | F1: 0.8202
2026-03-04 04:56:46,498 - INFO - [Metrics for 'normal'] | Precision: 0.8492 | Recall: 0.8352 | F1: 0.8421
2026-03-04 04:56:46,498 - INFO - --------------------------------------------------
2026-03-04 04:56:46,499 - INFO - [LR]    [69/80] | Learning Rate: 0.000149
2026-03-04 04:56:55,394 - INFO - [Train] [69/80] | Loss: 0.3467 | Train Acc: 89.73%
2026-03-04 04:56:58,013 - INFO - [Valid] [69/80] | Loss: 0.4643 | Val Acc: 83.48%
2026-03-04 04:56:58,030 - INFO - [Metrics for 'abnormal'] | Precision: 0.7988 | Recall: 0.8599 | F1: 0.8282
2026-03-04 04:56:58,031 - INFO - [Metrics for 'normal'] | Precision: 0.8706 | Recall: 0.8132 | F1: 0.8409
2026-03-04 04:56:58,031 - INFO - --------------------------------------------------
2026-03-04 04:56:58,031 - INFO - [LR]    [70/80] | Learning Rate: 0.000141
2026-03-04 04:57:07,063 - INFO - [Train] [70/80] | Loss: 0.3442 | Train Acc: 90.25%
2026-03-04 04:57:09,720 - INFO - [Valid] [70/80] | Loss: 0.4953 | Val Acc: 82.01%
2026-03-04 04:57:09,736 - INFO - [Metrics for 'abnormal'] | Precision: 0.7824 | Recall: 0.8471 | F1: 0.8135
2026-03-04 04:57:09,737 - INFO - [Metrics for 'normal'] | Precision: 0.8580 | Recall: 0.7967 | F1: 0.8262
2026-03-04 04:57:09,737 - INFO - --------------------------------------------------
2026-03-04 04:57:09,737 - INFO - [LR]    [71/80] | Learning Rate: 0.000134
2026-03-04 04:57:18,662 - INFO - [Train] [71/80] | Loss: 0.3408 | Train Acc: 90.40%
2026-03-04 04:57:21,324 - INFO - [Valid] [71/80] | Loss: 0.4791 | Val Acc: 82.60%
2026-03-04 04:57:21,341 - INFO - [Metrics for 'abnormal'] | Precision: 0.8025 | Recall: 0.8280 | F1: 0.8150
2026-03-04 04:57:21,341 - INFO - [Metrics for 'normal'] | Precision: 0.8475 | Recall: 0.8242 | F1: 0.8357
2026-03-04 04:57:21,342 - INFO - --------------------------------------------------
2026-03-04 04:57:21,342 - INFO - [LR]    [72/80] | Learning Rate: 0.000128
2026-03-04 04:57:30,328 - INFO - [Train] [72/80] | Loss: 0.3503 | Train Acc: 90.03%
2026-03-04 04:57:32,986 - INFO - [Valid] [72/80] | Loss: 0.4779 | Val Acc: 83.48%
2026-03-04 04:57:33,004 - INFO - [Metrics for 'abnormal'] | Precision: 0.8061 | Recall: 0.8471 | F1: 0.8261
2026-03-04 04:57:33,004 - INFO - [Metrics for 'normal'] | Precision: 0.8621 | Recall: 0.8242 | F1: 0.8427
2026-03-04 04:57:33,004 - INFO - --------------------------------------------------
2026-03-04 04:57:33,004 - INFO - [LR]    [73/80] | Learning Rate: 0.000122
2026-03-04 04:57:41,903 - INFO - [Train] [73/80] | Loss: 0.3370 | Train Acc: 90.62%
2026-03-04 04:57:44,496 - INFO - [Valid] [73/80] | Loss: 0.4837 | Val Acc: 81.71%
2026-03-04 04:57:44,513 - INFO - [Metrics for 'abnormal'] | Precision: 0.7950 | Recall: 0.8153 | F1: 0.8050
2026-03-04 04:57:44,514 - INFO - [Metrics for 'normal'] | Precision: 0.8371 | Recall: 0.8187 | F1: 0.8278
2026-03-04 04:57:44,514 - INFO - --------------------------------------------------
2026-03-04 04:57:44,514 - INFO - [LR]    [74/80] | Learning Rate: 0.000117
2026-03-04 04:57:53,508 - INFO - [Train] [74/80] | Loss: 0.3310 | Train Acc: 91.15%
2026-03-04 04:57:56,122 - INFO - [Valid] [74/80] | Loss: 0.4826 | Val Acc: 83.48%
2026-03-04 04:57:56,139 - INFO - [Metrics for 'abnormal'] | Precision: 0.8061 | Recall: 0.8471 | F1: 0.8261
2026-03-04 04:57:56,139 - INFO - [Metrics for 'normal'] | Precision: 0.8621 | Recall: 0.8242 | F1: 0.8427
2026-03-04 04:57:56,139 - INFO - --------------------------------------------------
2026-03-04 04:57:56,140 - INFO - [LR]    [75/80] | Learning Rate: 0.000112
2026-03-04 04:58:04,983 - INFO - [Train] [75/80] | Loss: 0.3439 | Train Acc: 89.96%
2026-03-04 04:58:07,596 - INFO - [Valid] [75/80] | Loss: 0.4700 | Val Acc: 82.30%
2026-03-04 04:58:07,613 - INFO - [Metrics for 'abnormal'] | Precision: 0.7870 | Recall: 0.8471 | F1: 0.8160
2026-03-04 04:58:07,614 - INFO - [Metrics for 'normal'] | Precision: 0.8588 | Recall: 0.8022 | F1: 0.8295
2026-03-04 04:58:07,614 - INFO - --------------------------------------------------
2026-03-04 04:58:07,614 - INFO - [LR]    [76/80] | Learning Rate: 0.000109
2026-03-04 04:58:16,486 - INFO - [Train] [76/80] | Loss: 0.3425 | Train Acc: 89.66%
2026-03-04 04:58:19,133 - INFO - [Valid] [76/80] | Loss: 0.4882 | Val Acc: 82.89%
2026-03-04 04:58:19,150 - INFO - [Metrics for 'abnormal'] | Precision: 0.7964 | Recall: 0.8471 | F1: 0.8210
2026-03-04 04:58:19,151 - INFO - [Metrics for 'normal'] | Precision: 0.8605 | Recall: 0.8132 | F1: 0.8362
2026-03-04 04:58:19,151 - INFO - --------------------------------------------------
2026-03-04 04:58:19,151 - INFO - [LR]    [77/80] | Learning Rate: 0.000106
2026-03-04 04:58:28,241 - INFO - [Train] [77/80] | Loss: 0.3345 | Train Acc: 90.62%
2026-03-04 04:58:30,887 - INFO - [Valid] [77/80] | Loss: 0.4940 | Val Acc: 82.30%
2026-03-04 04:58:30,905 - INFO - [Metrics for 'abnormal'] | Precision: 0.8050 | Recall: 0.8153 | F1: 0.8101
2026-03-04 04:58:30,905 - INFO - [Metrics for 'normal'] | Precision: 0.8389 | Recall: 0.8297 | F1: 0.8343
2026-03-04 04:58:30,905 - INFO - --------------------------------------------------
2026-03-04 04:58:30,905 - INFO - [LR]    [78/80] | Learning Rate: 0.000103
2026-03-04 04:58:39,941 - INFO - [Train] [78/80] | Loss: 0.3397 | Train Acc: 90.70%
2026-03-04 04:58:42,538 - INFO - [Valid] [78/80] | Loss: 0.4687 | Val Acc: 83.48%
2026-03-04 04:58:42,555 - INFO - [Metrics for 'abnormal'] | Precision: 0.8024 | Recall: 0.8535 | F1: 0.8272
2026-03-04 04:58:42,556 - INFO - [Metrics for 'normal'] | Precision: 0.8663 | Recall: 0.8187 | F1: 0.8418
2026-03-04 04:58:42,556 - INFO - --------------------------------------------------
2026-03-04 04:58:42,556 - INFO - [LR]    [79/80] | Learning Rate: 0.000101
2026-03-04 04:58:51,539 - INFO - [Train] [79/80] | Loss: 0.3398 | Train Acc: 89.96%
2026-03-04 04:58:54,212 - INFO - [Valid] [79/80] | Loss: 0.4886 | Val Acc: 82.89%
2026-03-04 04:58:54,229 - INFO - [Metrics for 'abnormal'] | Precision: 0.7929 | Recall: 0.8535 | F1: 0.8221
2026-03-04 04:58:54,230 - INFO - [Metrics for 'normal'] | Precision: 0.8647 | Recall: 0.8077 | F1: 0.8352
2026-03-04 04:58:54,230 - INFO - --------------------------------------------------
2026-03-04 04:58:54,230 - INFO - [LR]    [80/80] | Learning Rate: 0.000100
2026-03-04 04:59:03,291 - INFO - [Train] [80/80] | Loss: 0.3385 | Train Acc: 90.18%
2026-03-04 04:59:05,944 - INFO - [Valid] [80/80] | Loss: 0.4844 | Val Acc: 83.19%
2026-03-04 04:59:05,961 - INFO - [Metrics for 'abnormal'] | Precision: 0.8012 | Recall: 0.8471 | F1: 0.8235
2026-03-04 04:59:05,961 - INFO - [Metrics for 'normal'] | Precision: 0.8613 | Recall: 0.8187 | F1: 0.8394
2026-03-04 04:59:05,962 - INFO - 훈련 완료. 최고 성능 모델 'log/Sewer_TAPNEW/main_20260304_044122_grid7_patch1_layer6_head4/best_model.pth'을(를) 불러와 테스트 세트로 최종 평가합니다.
2026-03-04 04:59:06,076 - INFO - ICAM Pruning 정책: full_model (encoder+decoder+classifier 대상, 마지막 분류층/attention qkv/embedding bridge/learnable queries 제외). ignored_layers=23
2026-03-04 04:59:06,080 - INFO - Wanda Pruning을 시작합니다.
2026-03-04 04:59:06,081 - INFO - 저장된 pruning_history가 있어 Wanda calibration을 건너뜁니다.
2026-03-04 04:59:06,081 - INFO - 분류 레이어 'Linear'을(를) Pruning 대상에서 제외합니다.
2026-03-04 04:59:06,198 - INFO - 저장된 pruning_history를 사용해 Pruning 구조를 재현했습니다.
2026-03-04 04:59:06,199 - INFO - torch-pruning 완료. 모델 구조가 희소도(0.7)에 맞춰 변경되었습니다.
2026-03-04 04:59:06,199 - INFO - ==================================================
2026-03-04 04:59:06,271 - INFO - ==================================================
2026-03-04 04:59:06,272 - INFO - Test 모드를 시작합니다.
2026-03-04 04:59:06,342 - INFO - 'log/Sewer_TAPNEW/main_20260304_044122_grid7_patch1_layer6_head4/best_model.pth' 가중치 로드 완료.
2026-03-04 04:59:06,344 - INFO - FLOPs 및 MACs 측정을 시작합니다...
2026-03-04 04:59:06,448 - INFO - Model FLOPs: 0.0358 GFLOPs
2026-03-04 04:59:06,448 - INFO - Model MACs: 0.0179 GMACs
2026-03-04 04:59:10,989 - INFO - [Test] Loss: 0.3711 | Test Acc: 80.83%
2026-03-04 04:59:11,007 - INFO - [Metrics for 'abnormal'] | Precision: 0.7875 | Recall: 0.8025 | F1: 0.7950
2026-03-04 04:59:11,007 - INFO - [Metrics for 'normal'] | Precision: 0.8268 | Recall: 0.8132 | F1: 0.8199
2026-03-04 04:59:11,975 - INFO - ==================================================
2026-03-04 04:59:11,975 - INFO - 혼동 행렬 저장 완료. 'log/Sewer_TAPNEW/main_20260304_044122_grid7_patch1_layer6_head4/confusion_matrix_20260304_044122.png' and 'log/Sewer_TAPNEW/main_20260304_044122_grid7_patch1_layer6_head4/confusion_matrix_20260304_044122.pdf'
2026-03-04 04:59:12,750 - INFO - Val Acc 그래프 저장 완료: 'log/Sewer_TAPNEW/main_20260304_044122_grid7_patch1_layer6_head4/graph_20260304_044122/val_acc.png' and 'log/Sewer_TAPNEW/main_20260304_044122_grid7_patch1_layer6_head4/graph_20260304_044122/val_acc.pdf'
2026-03-04 04:59:13,641 - INFO - Train/Val Acc 그래프 저장 완료: 'log/Sewer_TAPNEW/main_20260304_044122_grid7_patch1_layer6_head4/graph_20260304_044122/train_val_acc.png' and 'log/Sewer_TAPNEW/main_20260304_044122_grid7_patch1_layer6_head4/graph_20260304_044122/train_val_acc.pdf'
2026-03-04 04:59:14,471 - INFO - F1 (normal) 그래프 저장 완료: 'log/Sewer_TAPNEW/main_20260304_044122_grid7_patch1_layer6_head4/graph_20260304_044122/F1_normal.png' and 'log/Sewer_TAPNEW/main_20260304_044122_grid7_patch1_layer6_head4/graph_20260304_044122/F1_normal.pdf'
2026-03-04 04:59:15,267 - INFO - Validation Loss 그래프 저장 완료: 'log/Sewer_TAPNEW/main_20260304_044122_grid7_patch1_layer6_head4/graph_20260304_044122/val_loss.png' and 'log/Sewer_TAPNEW/main_20260304_044122_grid7_patch1_layer6_head4/graph_20260304_044122/val_loss.pdf'
2026-03-04 04:59:16,014 - INFO - Learning Rate 그래프 저장 완료: 'log/Sewer_TAPNEW/main_20260304_044122_grid7_patch1_layer6_head4/graph_20260304_044122/learning_rate.png' and 'log/Sewer_TAPNEW/main_20260304_044122_grid7_patch1_layer6_head4/graph_20260304_044122/learning_rate.pdf'
2026-03-04 04:59:24,154 - INFO - 종합 그래프 저장 완료: 'log/Sewer_TAPNEW/main_20260304_044122_grid7_patch1_layer6_head4/graph_20260304_044122/compile.png' and 'log/Sewer_TAPNEW/main_20260304_044122_grid7_patch1_layer6_head4/graph_20260304_044122/compile.pdf'
