2026-01-14 15:43:56,518 - INFO - 로그 파일이 'log/Sewer-TAPNEW/baseline_efficientnet_b0_20260114_154356/log_20260114_154356.log'에 저장됩니다.
2026-01-14 15:43:56,523 - INFO - ==================================================
2026-01-14 15:43:56,523 - INFO - config.yaml:
2026-01-14 15:43:56,523 - INFO - 
run:
  global_seed: 42
  cuda: true
  mode: inference
  pth_inference_dir: /home/cau/workspace/CHOI/sewer_binary_cls_v9/pretrained/baselines/sewer_tap_new/original/efficientnet_b0
  pth_best_name: best_model.pth
  evaluate_onnx: true
  only_inference: false
  use_fp16_inference: true
  show_log: true
  dataset:
    name: Sewer-TAPNEW
    type: image_folder
    train_split_ratio: 0.8
    paths:
      train_img_dir: /home/cau/workspace/data/Sewer/Sewer-ML/train
      valid_img_dir: /home/cau/workspace/data/Sewer/Sewer-ML/valid
      test_img_dir: /home/cau/workspace/data/Sewer/Sewer-ML/valid
      train_csv: /home/cau/workspace/data/Sewer/Sewer-ML/SewerML_Train.csv
      valid_csv: /home/cau/workspace/data/Sewer/Sewer-ML/SewerML_Val.csv
      test_csv: /home/cau/workspace/data/Sewer/Sewer-ML/SewerML_Val.csv
      img_folder: /home/cau/workspace/data/Sewer/Sewer-TAPNEW
  random_sampling_ratio:
    train: 1.0
    valid: 1.0
    test: 1.0
  num_workers: 16
training_main:
  epochs: 90
  batch_size: 16
  pre_trained: false
  optimizer: adamw
  lr: 0.001
  weight_decay: 0.0001
  loss_function: CrossEntropyLoss
  label_smoothing: 0.1
  scheduler: cosineannealinglr
  scheduler_params:
    T_max: 90
    eta_min: 0.0001
  best_model_criterion: val_loss
training_baseline:
  epochs: 10
  batch_size: 16
  pre_trained: false
  optimizer: adamw
  lr: 0.001
  weight_decay: 0.0001
  loss_function: CrossEntropyLoss
  label_smoothing: 0.1
  scheduler: cosineannealinglr
  scheduler_params:
    T_max: 10
    eta_min: 0.0001
  best_model_criterion: val_loss
finetuning_pruned:
  epochs: 80
  batch_size: 16
  optimizer: adamw
  lr: 0.001
  weight_decay: 0.0001
  loss_function: CrossEntropyLoss
  label_smoothing: 0.1
  scheduler: cosineannealinglr
  scheduler_params:
    T_max: 80
    eta_min: 0.0001
  best_model_criterion: val_loss
model:
  img_size: 224
  patch_size: 56
  stride: 56
  cnn_feature_extractor:
    name: efficientnet_b0_feat2
  featured_patch_dim: 24
  emb_dim: 24
  num_heads: 2
  num_decoder_layers: 2
  num_decoder_patches: 1
  adaptive_initial_query: true
  decoder_ff_ratio: 2
  dropout: 0.1
  positional_encoding: true
  res_attention: true
  save_attention: true
  num_plot_attention: 5
baseline:
  model_name: efficientnet_b0

2026-01-14 15:43:56,523 - INFO - ==================================================
2026-01-14 15:43:56,712 - INFO - CUDA 사용 가능. GPU 사용을 시작합니다. (Device: NVIDIA RTX PRO 6000 Blackwell Server Edition)
2026-01-14 15:43:56,713 - INFO - 'Sewer-TAPNEW' 데이터 로드를 시작합니다 (Type: image_folder).
2026-01-14 15:43:56,713 - INFO - '/home/cau/workspace/data/Sewer/Sewer-TAPNEW' 경로의 데이터를 훈련/테스트셋으로 분할합니다.
2026-01-14 15:43:56,720 - INFO - 총 1692개 데이터를 훈련용 1353개, 테스트용 339개로 분할합니다 (split_seed=42).
2026-01-14 15:43:56,721 - INFO - 데이터셋 클래스: ['abnormal', 'normal'] (총 2개)
2026-01-14 15:43:56,721 - INFO - 훈련 데이터: 1353개, 검증 데이터: 339개, 테스트 데이터: 339개
2026-01-14 15:43:56,721 - INFO - Baseline 모델 'efficientnet_b0'을(를) 생성합니다 (사전 훈련 가중치: 미사용).
2026-01-14 15:43:56,961 - INFO - ==================================================
2026-01-14 15:43:56,961 - INFO - 모델 파라미터 수:
2026-01-14 15:43:56,962 - INFO -   - 총 파라미터: 4,010,110 개
2026-01-14 15:43:56,962 - INFO -   - 학습 가능한 파라미터: 4,010,110 개
2026-01-14 15:43:56,962 - INFO - ==================================================
2026-01-14 15:43:56,962 - INFO - Inference 모드를 시작합니다.
2026-01-14 15:43:57,205 - INFO - [Model Load] PyTorch 모델 가중치 로드 메모리: 965.89 MB (증가량: 2.00 MB)
2026-01-14 15:43:57,206 - INFO - '/home/cau/workspace/CHOI/sewer_binary_cls_v9/pretrained/baselines/sewer_tap_new/original/efficientnet_b0/best_model.pth' 가중치 로드 완료.
2026-01-14 15:43:57,685 - INFO - 연산량 (MACs): 0.4139 GMACs per sample
2026-01-14 15:43:57,685 - INFO - 연산량 (FLOPs): 0.8277 GFLOPs per sample
2026-01-14 15:43:57,685 - INFO - ==================================================
2026-01-14 15:43:57,685 - INFO - FP16 Inference (ONNX via onnxconverter-common)을 적용합니다.
2026-01-14 15:43:57,685 - INFO - DEBUG: onnxruntime status: Loaded
2026-01-14 15:43:57,685 - INFO - DEBUG: onnx status: Loaded
2026-01-14 15:43:57,685 - INFO - DEBUG: float16 (onnxconverter-common) status: Loaded
2026-01-14 15:43:58,486 - INFO - onnxconverter-common을 사용하여 float16 변환을 수행합니다...
2026-01-14 15:43:58,736 - INFO - ONNX FP16 모델 저장 완료: log/Sewer-TAPNEW/baseline_efficientnet_b0_20260114_154356/best_model_fp16.onnx
2026-01-14 15:43:58,944 - INFO - [Model Load] ONNX 모델(FP16) 로드 메모리: 1420.05 MB (증가량: 1.61 MB)
2026-01-14 15:43:58,944 - INFO - ONNX 런타임의 샘플 당 Forward Pass 시간 측정을 시작합니다...
2026-01-14 15:44:00,392 - INFO - 샘플 당 평균 Forward Pass 시간 (ONNX, CPU): 11.46ms (std: 0.14ms)
2026-01-14 15:44:00,393 - INFO - 샘플 당 평균 FPS (ONNX, CPU): 87.30 FPS (std: 1.06) (1개 샘플 x 100회 반복)
2026-01-14 15:44:00,393 - INFO - [Inference Only] ONNX 런타임 추론 중 최대 CPU 메모리: 1473.00 MB (순수 증가량: 48.10 MB)
2026-01-14 15:44:00,393 - INFO - [Total Process] ONNX 모델(FP16) 전체 메모리 사용량: 1473.00 MB (전체 증가량: 54.57 MB)
2026-01-14 15:44:03,207 - INFO - [Inference (ONNX FP16)] | Test Acc (ONNX): 83.19%
2026-01-14 15:44:03,225 - INFO - [Metrics for 'abnormal' (ONNX)] | Precision: 0.8521 | Recall: 0.7707 | F1: 0.8094
2026-01-14 15:44:03,225 - INFO - [Metrics for 'normal' (ONNX)] | Precision: 0.8173 | Recall: 0.8846 | F1: 0.8496
2026-01-14 15:44:03,743 - INFO - ==================================================
2026-01-14 15:44:03,743 - INFO - 혼동 행렬 저장 완료. 'log/Sewer-TAPNEW/baseline_efficientnet_b0_20260114_154356/confusion_matrix_20260114_154356.png' and 'log/Sewer-TAPNEW/baseline_efficientnet_b0_20260114_154356/confusion_matrix_20260114_154356.pdf'
