2026-01-18 10:46:50,711 - INFO - 로그 파일이 'log/Sewer-TAPNEW/baseline_xie2019_20260118_104650/log_20260118_104650.log'에 저장됩니다.
2026-01-18 10:46:50,723 - INFO - ==================================================
2026-01-18 10:46:50,723 - INFO - config.yaml:
2026-01-18 10:46:50,724 - INFO - 
run:
  global_seed: 42
  cuda: true
  mode: train
  pth_inference_dir: /home/cau/workspace/CHOI/sewer_binary_cls_v9/log/Sewer-TAPNEW/main_20260116_162736_ps56_st56_q1
  pth_best_name: best_model.pth
  evaluate_onnx: true
  only_inference: false
  show_log: true
  dataset:
    name: Sewer-TAPNEW
    type: image_folder
    train_split_ratio: 0.8
    paths:
      train_img_dir: /home/cau/workspace/data/Sewer/Sewer-ML/train
      valid_img_dir: /home/cau/workspace/data/Sewer/Sewer-ML/valid
      test_img_dir: /home/cau/workspace/data/Sewer/Sewer-ML/valid
      train_csv: /home/cau/workspace/data/Sewer/Sewer-ML/SewerML_Train.csv
      valid_csv: /home/cau/workspace/data/Sewer/Sewer-ML/SewerML_Val.csv
      test_csv: /home/cau/workspace/data/Sewer/Sewer-ML/SewerML_Val.csv
      img_folder: /home/cau/workspace/data/Sewer/Sewer-TAPNEW
  random_sampling_ratio:
    train: 1.0
    valid: 1.0
    test: 1.0
  num_workers: 16
training_main:
  epochs: 1
  batch_size: 16
  pre_trained: false
  optimizer: adamw
  lr: 0.001
  weight_decay: 0.0001
  loss_function: CrossEntropyLoss
  label_smoothing: 0.1
  scheduler: cosineannealinglr
  scheduler_params:
    T_max: 90
    eta_min: 0.0001
  best_model_criterion: val_loss
training_baseline:
  epochs: 90
  batch_size: 16
  pre_trained: false
  optimizer: adamw
  lr: 0.001
  weight_decay: 0.0001
  loss_function: CrossEntropyLoss
  label_smoothing: 0.1
  scheduler: cosineannealinglr
  scheduler_params:
    T_max: 90
    eta_min: 0.0001
  best_model_criterion: val_loss
finetuning_pruned:
  epochs: 80
  batch_size: 16
  optimizer: adamw
  lr: 0.001
  weight_decay: 0.0001
  loss_function: CrossEntropyLoss
  label_smoothing: 0.1
  scheduler: cosineannealinglr
  scheduler_params:
    T_max: 80
    eta_min: 0.0001
  best_model_criterion: val_loss
model:
  img_size: 224
  grid_size: 7
  num_decoder_patches: 6
  num_decoder_layers: 7
  num_heads: 6
  cnn_feature_extractor:
    name: custom
  featured_patch_dim: 24
  emb_dim: 24
  adaptive_initial_query: true
  decoder_ff_ratio: 2
  dropout: 0.1
  positional_encoding: true
  res_attention: false
  save_attention: false
  num_plot_attention: 1
baseline:
  model_name: xie2019

2026-01-18 10:46:50,724 - INFO - ==================================================
2026-01-18 10:46:50,828 - INFO - CUDA 사용 가능. GPU 사용을 시작합니다. (Device: NVIDIA RTX PRO 6000 Blackwell Server Edition)
2026-01-18 10:46:50,829 - INFO - 'Sewer-TAPNEW' 데이터 로드를 시작합니다 (Type: image_folder).
2026-01-18 10:46:50,830 - INFO - '/home/cau/workspace/data/Sewer/Sewer-TAPNEW' 경로의 데이터를 훈련/테스트셋으로 분할합니다.
2026-01-18 10:46:50,848 - INFO - 총 1692개 데이터를 훈련용 1353개, 테스트용 339개로 분할합니다 (split_seed=42).
2026-01-18 10:46:50,849 - INFO - 데이터셋 클래스: ['abnormal', 'normal'] (총 2개)
2026-01-18 10:46:50,850 - INFO - 훈련 데이터: 1353개, 검증 데이터: 339개, 테스트 데이터: 339개
2026-01-18 10:46:50,850 - INFO - Baseline 모델 'xie2019'을(를) 생성합니다 (사전 훈련 가중치: 미사용).
2026-01-18 10:46:51,385 - INFO - ==================================================
2026-01-18 10:46:51,385 - INFO - 모델 파라미터 수:
2026-01-18 10:46:51,386 - INFO -   - 총 파라미터: 9,160,194 개
2026-01-18 10:46:51,386 - INFO -   - 학습 가능한 파라미터: 9,160,194 개
2026-01-18 10:46:51,386 - INFO - ================================================================================
2026-01-18 10:46:51,386 - INFO - 단계 1/2: 사전 훈련(Pre-training)을 시작합니다.
2026-01-18 10:46:51,386 - INFO - ================================================================================
2026-01-18 10:46:51,386 - INFO - 옵티마이저: AdamW (lr=0.001, weight_decay=0.0001)
2026-01-18 10:46:51,387 - INFO - 스케줄러: CosineAnnealingLR (T_max=90, eta_min=0.0001)
2026-01-18 10:46:51,387 - INFO - ==================================================
2026-01-18 10:46:51,387 - INFO - train 모드를 시작합니다.
2026-01-18 10:46:51,387 - INFO - 손실 함수: CrossEntropyLoss (label_smoothing: 0.1)
2026-01-18 10:46:51,387 - INFO - Best metric을 초기값(inf)으로 설정합니다.
2026-01-18 10:46:51,388 - INFO - --------------------------------------------------
2026-01-18 10:46:51,388 - INFO - [LR]    [1/90] | Learning Rate: 0.001000
2026-01-18 10:47:03,579 - INFO - [Train] [1/90] | Loss: 0.5908 | Train Acc: 74.63%
2026-01-18 10:47:08,243 - INFO - [Valid] [1/90] | Loss: 0.5672 | Val Acc: 75.81%
2026-01-18 10:47:08,270 - INFO - [Metrics for 'abnormal'] | Precision: 0.8151 | Recall: 0.6178 | F1: 0.7029
2026-01-18 10:47:08,270 - INFO - [Metrics for 'normal'] | Precision: 0.7273 | Recall: 0.8791 | F1: 0.7960
2026-01-18 10:47:08,438 - INFO - [Best Model Saved] (val loss: 0.5672) -> 'log/Sewer-TAPNEW/baseline_xie2019_20260118_104650/best_model.pth'
2026-01-18 10:47:08,438 - INFO - --------------------------------------------------
2026-01-18 10:47:08,439 - INFO - [LR]    [2/90] | Learning Rate: 0.001000
2026-01-18 10:47:19,877 - INFO - [Train] [2/90] | Loss: 0.5404 | Train Acc: 77.90%
2026-01-18 10:47:23,493 - INFO - [Valid] [2/90] | Loss: 0.5835 | Val Acc: 74.04%
2026-01-18 10:47:23,521 - INFO - [Metrics for 'abnormal'] | Precision: 0.7018 | Recall: 0.7643 | F1: 0.7317
2026-01-18 10:47:23,522 - INFO - [Metrics for 'normal'] | Precision: 0.7798 | Recall: 0.7198 | F1: 0.7486
2026-01-18 10:47:23,532 - INFO - --------------------------------------------------
2026-01-18 10:47:23,532 - INFO - [LR]    [3/90] | Learning Rate: 0.000999
2026-01-18 10:47:35,741 - INFO - [Train] [3/90] | Loss: 0.5380 | Train Acc: 79.91%
2026-01-18 10:47:40,528 - INFO - [Valid] [3/90] | Loss: 0.5567 | Val Acc: 74.63%
2026-01-18 10:47:40,557 - INFO - [Metrics for 'abnormal'] | Precision: 0.6839 | Recall: 0.8408 | F1: 0.7543
2026-01-18 10:47:40,557 - INFO - [Metrics for 'normal'] | Precision: 0.8288 | Recall: 0.6648 | F1: 0.7378
2026-01-18 10:47:40,748 - INFO - [Best Model Saved] (val loss: 0.5567) -> 'log/Sewer-TAPNEW/baseline_xie2019_20260118_104650/best_model.pth'
2026-01-18 10:47:40,749 - INFO - --------------------------------------------------
2026-01-18 10:47:40,749 - INFO - [LR]    [4/90] | Learning Rate: 0.000998
2026-01-18 10:47:52,946 - INFO - [Train] [4/90] | Loss: 0.5182 | Train Acc: 81.25%
2026-01-18 10:47:56,900 - INFO - [Valid] [4/90] | Loss: 0.6104 | Val Acc: 74.04%
2026-01-18 10:47:56,929 - INFO - [Metrics for 'abnormal'] | Precision: 0.8224 | Recall: 0.5605 | F1: 0.6667
2026-01-18 10:47:56,930 - INFO - [Metrics for 'normal'] | Precision: 0.7026 | Recall: 0.8956 | F1: 0.7874
2026-01-18 10:47:56,941 - INFO - --------------------------------------------------
2026-01-18 10:47:56,942 - INFO - [LR]    [5/90] | Learning Rate: 0.000996
2026-01-18 10:48:09,738 - INFO - [Train] [5/90] | Loss: 0.5223 | Train Acc: 79.09%
2026-01-18 10:48:14,310 - INFO - [Valid] [5/90] | Loss: 0.5336 | Val Acc: 74.63%
2026-01-18 10:48:14,337 - INFO - [Metrics for 'abnormal'] | Precision: 0.6919 | Recall: 0.8153 | F1: 0.7485
2026-01-18 10:48:14,338 - INFO - [Metrics for 'normal'] | Precision: 0.8117 | Recall: 0.6868 | F1: 0.7440
2026-01-18 10:48:14,537 - INFO - [Best Model Saved] (val loss: 0.5336) -> 'log/Sewer-TAPNEW/baseline_xie2019_20260118_104650/best_model.pth'
2026-01-18 10:48:14,538 - INFO - --------------------------------------------------
2026-01-18 10:48:14,539 - INFO - [LR]    [6/90] | Learning Rate: 0.000993
2026-01-18 10:48:28,145 - INFO - [Train] [6/90] | Loss: 0.4958 | Train Acc: 81.70%
2026-01-18 10:48:32,224 - INFO - [Valid] [6/90] | Loss: 0.5460 | Val Acc: 74.34%
2026-01-18 10:48:32,252 - INFO - [Metrics for 'abnormal'] | Precision: 0.6902 | Recall: 0.8089 | F1: 0.7449
2026-01-18 10:48:32,252 - INFO - [Metrics for 'normal'] | Precision: 0.8065 | Recall: 0.6868 | F1: 0.7418
2026-01-18 10:48:32,263 - INFO - --------------------------------------------------
2026-01-18 10:48:32,264 - INFO - [LR]    [7/90] | Learning Rate: 0.000990
2026-01-18 10:48:45,553 - INFO - [Train] [7/90] | Loss: 0.4778 | Train Acc: 82.59%
2026-01-18 10:48:50,054 - INFO - [Valid] [7/90] | Loss: 0.5261 | Val Acc: 76.40%
2026-01-18 10:48:50,082 - INFO - [Metrics for 'abnormal'] | Precision: 0.7305 | Recall: 0.7771 | F1: 0.7531
2026-01-18 10:48:50,083 - INFO - [Metrics for 'normal'] | Precision: 0.7965 | Recall: 0.7527 | F1: 0.7740
2026-01-18 10:48:50,300 - INFO - [Best Model Saved] (val loss: 0.5261) -> 'log/Sewer-TAPNEW/baseline_xie2019_20260118_104650/best_model.pth'
2026-01-18 10:48:50,300 - INFO - --------------------------------------------------
2026-01-18 10:48:50,301 - INFO - [LR]    [8/90] | Learning Rate: 0.000987
2026-01-18 10:49:03,868 - INFO - [Train] [8/90] | Loss: 0.4776 | Train Acc: 82.89%
2026-01-18 10:49:08,195 - INFO - [Valid] [8/90] | Loss: 0.5193 | Val Acc: 78.47%
2026-01-18 10:49:08,223 - INFO - [Metrics for 'abnormal'] | Precision: 0.7308 | Recall: 0.8471 | F1: 0.7847
2026-01-18 10:49:08,223 - INFO - [Metrics for 'normal'] | Precision: 0.8471 | Recall: 0.7308 | F1: 0.7847
2026-01-18 10:49:08,415 - INFO - [Best Model Saved] (val loss: 0.5193) -> 'log/Sewer-TAPNEW/baseline_xie2019_20260118_104650/best_model.pth'
2026-01-18 10:49:08,416 - INFO - --------------------------------------------------
2026-01-18 10:49:08,417 - INFO - [LR]    [9/90] | Learning Rate: 0.000983
2026-01-18 10:49:21,717 - INFO - [Train] [9/90] | Loss: 0.4687 | Train Acc: 82.66%
2026-01-18 10:49:25,970 - INFO - [Valid] [9/90] | Loss: 0.5307 | Val Acc: 74.34%
2026-01-18 10:49:25,997 - INFO - [Metrics for 'abnormal'] | Precision: 0.6862 | Recall: 0.8217 | F1: 0.7478
2026-01-18 10:49:25,998 - INFO - [Metrics for 'normal'] | Precision: 0.8146 | Recall: 0.6758 | F1: 0.7387
2026-01-18 10:49:26,007 - INFO - --------------------------------------------------
2026-01-18 10:49:26,008 - INFO - [LR]    [10/90] | Learning Rate: 0.000978
2026-01-18 10:49:38,924 - INFO - [Train] [10/90] | Loss: 0.4656 | Train Acc: 83.18%
2026-01-18 10:49:42,675 - INFO - [Valid] [10/90] | Loss: 0.5221 | Val Acc: 79.06%
2026-01-18 10:49:42,702 - INFO - [Metrics for 'abnormal'] | Precision: 0.7529 | Recall: 0.8153 | F1: 0.7829
2026-01-18 10:49:42,704 - INFO - [Metrics for 'normal'] | Precision: 0.8284 | Recall: 0.7692 | F1: 0.7977
2026-01-18 10:49:42,714 - INFO - --------------------------------------------------
2026-01-18 10:49:42,716 - INFO - [LR]    [11/90] | Learning Rate: 0.000973
2026-01-18 10:49:56,263 - INFO - [Train] [11/90] | Loss: 0.4651 | Train Acc: 83.48%
2026-01-18 10:50:00,647 - INFO - [Valid] [11/90] | Loss: 0.5253 | Val Acc: 77.58%
2026-01-18 10:50:00,678 - INFO - [Metrics for 'abnormal'] | Precision: 0.7425 | Recall: 0.7898 | F1: 0.7654
2026-01-18 10:50:00,680 - INFO - [Metrics for 'normal'] | Precision: 0.8081 | Recall: 0.7637 | F1: 0.7853
2026-01-18 10:50:00,692 - INFO - --------------------------------------------------
2026-01-18 10:50:00,694 - INFO - [LR]    [12/90] | Learning Rate: 0.000967
2026-01-18 10:50:13,587 - INFO - [Train] [12/90] | Loss: 0.4475 | Train Acc: 84.52%
2026-01-18 10:50:17,569 - INFO - [Valid] [12/90] | Loss: 0.4972 | Val Acc: 79.65%
2026-01-18 10:50:17,604 - INFO - [Metrics for 'abnormal'] | Precision: 0.7683 | Recall: 0.8025 | F1: 0.7850
2026-01-18 10:50:17,605 - INFO - [Metrics for 'normal'] | Precision: 0.8229 | Recall: 0.7912 | F1: 0.8067
2026-01-18 10:50:17,846 - INFO - [Best Model Saved] (val loss: 0.4972) -> 'log/Sewer-TAPNEW/baseline_xie2019_20260118_104650/best_model.pth'
2026-01-18 10:50:17,846 - INFO - --------------------------------------------------
2026-01-18 10:50:17,848 - INFO - [LR]    [13/90] | Learning Rate: 0.000961
2026-01-18 10:50:31,127 - INFO - [Train] [13/90] | Loss: 0.4468 | Train Acc: 84.38%
2026-01-18 10:50:35,359 - INFO - [Valid] [13/90] | Loss: 0.5425 | Val Acc: 76.11%
2026-01-18 10:50:35,391 - INFO - [Metrics for 'abnormal'] | Precision: 0.6919 | Recall: 0.8726 | F1: 0.7718
2026-01-18 10:50:35,391 - INFO - [Metrics for 'normal'] | Precision: 0.8582 | Recall: 0.6648 | F1: 0.7492
2026-01-18 10:50:35,399 - INFO - --------------------------------------------------
2026-01-18 10:50:35,400 - INFO - [LR]    [14/90] | Learning Rate: 0.000954
2026-01-18 10:50:48,993 - INFO - [Train] [14/90] | Loss: 0.4330 | Train Acc: 85.57%
2026-01-18 10:50:52,662 - INFO - [Valid] [14/90] | Loss: 0.5499 | Val Acc: 78.17%
2026-01-18 10:50:52,696 - INFO - [Metrics for 'abnormal'] | Precision: 0.7515 | Recall: 0.7898 | F1: 0.7702
2026-01-18 10:50:52,697 - INFO - [Metrics for 'normal'] | Precision: 0.8103 | Recall: 0.7747 | F1: 0.7921
2026-01-18 10:50:52,710 - INFO - --------------------------------------------------
2026-01-18 10:50:52,711 - INFO - [LR]    [15/90] | Learning Rate: 0.000947
2026-01-18 10:51:06,176 - INFO - [Train] [15/90] | Loss: 0.4338 | Train Acc: 84.90%
2026-01-18 10:51:09,745 - INFO - [Valid] [15/90] | Loss: 0.4939 | Val Acc: 80.24%
2026-01-18 10:51:09,775 - INFO - [Metrics for 'abnormal'] | Precision: 0.7616 | Recall: 0.8344 | F1: 0.7964
2026-01-18 10:51:09,777 - INFO - [Metrics for 'normal'] | Precision: 0.8443 | Recall: 0.7747 | F1: 0.8080
2026-01-18 10:51:09,974 - INFO - [Best Model Saved] (val loss: 0.4939) -> 'log/Sewer-TAPNEW/baseline_xie2019_20260118_104650/best_model.pth'
2026-01-18 10:51:09,974 - INFO - --------------------------------------------------
2026-01-18 10:51:09,975 - INFO - [LR]    [16/90] | Learning Rate: 0.000940
2026-01-18 10:51:23,756 - INFO - [Train] [16/90] | Loss: 0.4304 | Train Acc: 85.64%
2026-01-18 10:51:27,391 - INFO - [Valid] [16/90] | Loss: 0.4779 | Val Acc: 81.42%
2026-01-18 10:51:27,418 - INFO - [Metrics for 'abnormal'] | Precision: 0.7765 | Recall: 0.8408 | F1: 0.8073
2026-01-18 10:51:27,418 - INFO - [Metrics for 'normal'] | Precision: 0.8521 | Recall: 0.7912 | F1: 0.8205
2026-01-18 10:51:27,606 - INFO - [Best Model Saved] (val loss: 0.4779) -> 'log/Sewer-TAPNEW/baseline_xie2019_20260118_104650/best_model.pth'
2026-01-18 10:51:27,607 - INFO - --------------------------------------------------
2026-01-18 10:51:27,608 - INFO - [LR]    [17/90] | Learning Rate: 0.000932
2026-01-18 10:51:40,769 - INFO - [Train] [17/90] | Loss: 0.4115 | Train Acc: 87.05%
2026-01-18 10:51:44,514 - INFO - [Valid] [17/90] | Loss: 0.5057 | Val Acc: 81.12%
2026-01-18 10:51:44,534 - INFO - [Metrics for 'abnormal'] | Precision: 0.7818 | Recall: 0.8217 | F1: 0.8012
2026-01-18 10:51:44,535 - INFO - [Metrics for 'normal'] | Precision: 0.8391 | Recall: 0.8022 | F1: 0.8202
2026-01-18 10:51:44,541 - INFO - --------------------------------------------------
2026-01-18 10:51:44,542 - INFO - [LR]    [18/90] | Learning Rate: 0.000923
2026-01-18 10:51:58,296 - INFO - [Train] [18/90] | Loss: 0.4190 | Train Acc: 86.98%
2026-01-18 10:52:02,366 - INFO - [Valid] [18/90] | Loss: 0.5176 | Val Acc: 82.01%
2026-01-18 10:52:02,393 - INFO - [Metrics for 'abnormal'] | Precision: 0.8038 | Recall: 0.8089 | F1: 0.8063
2026-01-18 10:52:02,394 - INFO - [Metrics for 'normal'] | Precision: 0.8343 | Recall: 0.8297 | F1: 0.8320
2026-01-18 10:52:02,403 - INFO - --------------------------------------------------
2026-01-18 10:52:02,404 - INFO - [LR]    [19/90] | Learning Rate: 0.000914
2026-01-18 10:52:16,529 - INFO - [Train] [19/90] | Loss: 0.3877 | Train Acc: 88.54%
2026-01-18 10:52:20,220 - INFO - [Valid] [19/90] | Loss: 0.5380 | Val Acc: 82.30%
2026-01-18 10:52:20,248 - INFO - [Metrics for 'abnormal'] | Precision: 0.7975 | Recall: 0.8280 | F1: 0.8125
2026-01-18 10:52:20,249 - INFO - [Metrics for 'normal'] | Precision: 0.8466 | Recall: 0.8187 | F1: 0.8324
2026-01-18 10:52:20,259 - INFO - --------------------------------------------------
2026-01-18 10:52:20,260 - INFO - [LR]    [20/90] | Learning Rate: 0.000905
2026-01-18 10:52:33,928 - INFO - [Train] [20/90] | Loss: 0.3944 | Train Acc: 89.58%
2026-01-18 10:52:37,505 - INFO - [Valid] [20/90] | Loss: 0.4791 | Val Acc: 83.78%
2026-01-18 10:52:37,533 - INFO - [Metrics for 'abnormal'] | Precision: 0.8312 | Recall: 0.8153 | F1: 0.8232
2026-01-18 10:52:37,534 - INFO - [Metrics for 'normal'] | Precision: 0.8432 | Recall: 0.8571 | F1: 0.8501
2026-01-18 10:52:37,543 - INFO - --------------------------------------------------
2026-01-18 10:52:37,544 - INFO - [LR]    [21/90] | Learning Rate: 0.000895
2026-01-18 10:52:51,599 - INFO - [Train] [21/90] | Loss: 0.3979 | Train Acc: 87.20%
2026-01-18 10:52:55,667 - INFO - [Valid] [21/90] | Loss: 0.4993 | Val Acc: 80.53%
2026-01-18 10:52:55,693 - INFO - [Metrics for 'abnormal'] | Precision: 0.7758 | Recall: 0.8153 | F1: 0.7950
2026-01-18 10:52:55,694 - INFO - [Metrics for 'normal'] | Precision: 0.8333 | Recall: 0.7967 | F1: 0.8146
2026-01-18 10:52:55,705 - INFO - --------------------------------------------------
2026-01-18 10:52:55,706 - INFO - [LR]    [22/90] | Learning Rate: 0.000884
2026-01-18 10:53:10,057 - INFO - [Train] [22/90] | Loss: 0.3862 | Train Acc: 88.47%
2026-01-18 10:53:14,154 - INFO - [Valid] [22/90] | Loss: 0.6263 | Val Acc: 77.58%
2026-01-18 10:53:14,182 - INFO - [Metrics for 'abnormal'] | Precision: 0.7166 | Recall: 0.8535 | F1: 0.7791
2026-01-18 10:53:14,183 - INFO - [Metrics for 'normal'] | Precision: 0.8487 | Recall: 0.7088 | F1: 0.7725
2026-01-18 10:53:14,192 - INFO - --------------------------------------------------
2026-01-18 10:53:14,193 - INFO - [LR]    [23/90] | Learning Rate: 0.000874
2026-01-18 10:53:28,222 - INFO - [Train] [23/90] | Loss: 0.3981 | Train Acc: 87.95%
2026-01-18 10:53:32,049 - INFO - [Valid] [23/90] | Loss: 0.4815 | Val Acc: 82.89%
2026-01-18 10:53:32,076 - INFO - [Metrics for 'abnormal'] | Precision: 0.8037 | Recall: 0.8344 | F1: 0.8187
2026-01-18 10:53:32,077 - INFO - [Metrics for 'normal'] | Precision: 0.8523 | Recall: 0.8242 | F1: 0.8380
2026-01-18 10:53:32,086 - INFO - --------------------------------------------------
2026-01-18 10:53:32,087 - INFO - [LR]    [24/90] | Learning Rate: 0.000863
2026-01-18 10:53:45,531 - INFO - [Train] [24/90] | Loss: 0.3859 | Train Acc: 88.54%
2026-01-18 10:53:49,246 - INFO - [Valid] [24/90] | Loss: 0.5030 | Val Acc: 81.12%
2026-01-18 10:53:49,274 - INFO - [Metrics for 'abnormal'] | Precision: 0.7627 | Recall: 0.8599 | F1: 0.8084
2026-01-18 10:53:49,275 - INFO - [Metrics for 'normal'] | Precision: 0.8642 | Recall: 0.7692 | F1: 0.8140
2026-01-18 10:53:49,287 - INFO - --------------------------------------------------
2026-01-18 10:53:49,289 - INFO - [LR]    [25/90] | Learning Rate: 0.000851
2026-01-18 10:54:02,757 - INFO - [Train] [25/90] | Loss: 0.3683 | Train Acc: 90.92%
2026-01-18 10:54:06,685 - INFO - [Valid] [25/90] | Loss: 0.5064 | Val Acc: 80.83%
2026-01-18 10:54:06,714 - INFO - [Metrics for 'abnormal'] | Precision: 0.7644 | Recall: 0.8471 | F1: 0.8036
2026-01-18 10:54:06,715 - INFO - [Metrics for 'normal'] | Precision: 0.8545 | Recall: 0.7747 | F1: 0.8127
2026-01-18 10:54:06,725 - INFO - --------------------------------------------------
2026-01-18 10:54:06,727 - INFO - [LR]    [26/90] | Learning Rate: 0.000839
2026-01-18 10:54:20,296 - INFO - [Train] [26/90] | Loss: 0.3705 | Train Acc: 89.58%
2026-01-18 10:54:24,228 - INFO - [Valid] [26/90] | Loss: 0.5191 | Val Acc: 80.83%
2026-01-18 10:54:24,263 - INFO - [Metrics for 'abnormal'] | Precision: 0.7706 | Recall: 0.8344 | F1: 0.8012
2026-01-18 10:54:24,264 - INFO - [Metrics for 'normal'] | Precision: 0.8462 | Recall: 0.7857 | F1: 0.8148
2026-01-18 10:54:24,282 - INFO - --------------------------------------------------
2026-01-18 10:54:24,284 - INFO - [LR]    [27/90] | Learning Rate: 0.000827
2026-01-18 10:54:38,218 - INFO - [Train] [27/90] | Loss: 0.3461 | Train Acc: 90.70%
2026-01-18 10:54:42,285 - INFO - [Valid] [27/90] | Loss: 0.5706 | Val Acc: 79.65%
2026-01-18 10:54:42,346 - INFO - [Metrics for 'abnormal'] | Precision: 0.7529 | Recall: 0.8344 | F1: 0.7915
2026-01-18 10:54:42,346 - INFO - [Metrics for 'normal'] | Precision: 0.8424 | Recall: 0.7637 | F1: 0.8012
2026-01-18 10:54:42,367 - INFO - --------------------------------------------------
2026-01-18 10:54:42,371 - INFO - [LR]    [28/90] | Learning Rate: 0.000815
2026-01-18 10:54:55,111 - INFO - [Train] [28/90] | Loss: 0.3464 | Train Acc: 91.29%
2026-01-18 10:54:59,180 - INFO - [Valid] [28/90] | Loss: 0.4883 | Val Acc: 82.60%
2026-01-18 10:54:59,199 - INFO - [Metrics for 'abnormal'] | Precision: 0.7952 | Recall: 0.8408 | F1: 0.8173
2026-01-18 10:54:59,199 - INFO - [Metrics for 'normal'] | Precision: 0.8555 | Recall: 0.8132 | F1: 0.8338
2026-01-18 10:54:59,206 - INFO - --------------------------------------------------
2026-01-18 10:54:59,207 - INFO - [LR]    [29/90] | Learning Rate: 0.000802
2026-01-18 10:55:12,953 - INFO - [Train] [29/90] | Loss: 0.3455 | Train Acc: 91.44%
2026-01-18 10:55:17,042 - INFO - [Valid] [29/90] | Loss: 0.4892 | Val Acc: 83.78%
2026-01-18 10:55:17,067 - INFO - [Metrics for 'abnormal'] | Precision: 0.8269 | Recall: 0.8217 | F1: 0.8243
2026-01-18 10:55:17,068 - INFO - [Metrics for 'normal'] | Precision: 0.8470 | Recall: 0.8516 | F1: 0.8493
2026-01-18 10:55:17,077 - INFO - --------------------------------------------------
2026-01-18 10:55:17,077 - INFO - [LR]    [30/90] | Learning Rate: 0.000788
2026-01-18 10:55:30,078 - INFO - [Train] [30/90] | Loss: 0.3351 | Train Acc: 93.53%
2026-01-18 10:55:33,889 - INFO - [Valid] [30/90] | Loss: 0.5281 | Val Acc: 82.89%
2026-01-18 10:55:33,915 - INFO - [Metrics for 'abnormal'] | Precision: 0.8000 | Recall: 0.8408 | F1: 0.8199
2026-01-18 10:55:33,915 - INFO - [Metrics for 'normal'] | Precision: 0.8563 | Recall: 0.8187 | F1: 0.8371
2026-01-18 10:55:33,926 - INFO - --------------------------------------------------
2026-01-18 10:55:33,927 - INFO - [LR]    [31/90] | Learning Rate: 0.000775
2026-01-18 10:55:47,548 - INFO - [Train] [31/90] | Loss: 0.3235 | Train Acc: 93.53%
2026-01-18 10:55:51,409 - INFO - [Valid] [31/90] | Loss: 0.5174 | Val Acc: 81.42%
2026-01-18 10:55:51,430 - INFO - [Metrics for 'abnormal'] | Precision: 0.7798 | Recall: 0.8344 | F1: 0.8062
2026-01-18 10:55:51,430 - INFO - [Metrics for 'normal'] | Precision: 0.8480 | Recall: 0.7967 | F1: 0.8215
2026-01-18 10:55:51,438 - INFO - --------------------------------------------------
2026-01-18 10:55:51,439 - INFO - [LR]    [32/90] | Learning Rate: 0.000761
2026-01-18 10:56:05,021 - INFO - [Train] [32/90] | Loss: 0.3294 | Train Acc: 93.15%
2026-01-18 10:56:08,947 - INFO - [Valid] [32/90] | Loss: 0.5035 | Val Acc: 82.89%
2026-01-18 10:56:08,974 - INFO - [Metrics for 'abnormal'] | Precision: 0.8194 | Recall: 0.8089 | F1: 0.8141
2026-01-18 10:56:08,975 - INFO - [Metrics for 'normal'] | Precision: 0.8370 | Recall: 0.8462 | F1: 0.8415
2026-01-18 10:56:08,985 - INFO - --------------------------------------------------
2026-01-18 10:56:08,986 - INFO - [LR]    [33/90] | Learning Rate: 0.000747
2026-01-18 10:56:22,498 - INFO - [Train] [33/90] | Loss: 0.3186 | Train Acc: 93.75%
2026-01-18 10:56:26,041 - INFO - [Valid] [33/90] | Loss: 0.5666 | Val Acc: 78.17%
2026-01-18 10:56:26,072 - INFO - [Metrics for 'abnormal'] | Precision: 0.7173 | Recall: 0.8726 | F1: 0.7874
2026-01-18 10:56:26,072 - INFO - [Metrics for 'normal'] | Precision: 0.8649 | Recall: 0.7033 | F1: 0.7758
2026-01-18 10:56:26,083 - INFO - --------------------------------------------------
2026-01-18 10:56:26,084 - INFO - [LR]    [34/90] | Learning Rate: 0.000733
2026-01-18 10:56:40,185 - INFO - [Train] [34/90] | Loss: 0.3089 | Train Acc: 94.49%
2026-01-18 10:56:43,755 - INFO - [Valid] [34/90] | Loss: 0.5082 | Val Acc: 83.48%
2026-01-18 10:56:43,782 - INFO - [Metrics for 'abnormal'] | Precision: 0.8137 | Recall: 0.8344 | F1: 0.8239
2026-01-18 10:56:43,783 - INFO - [Metrics for 'normal'] | Precision: 0.8539 | Recall: 0.8352 | F1: 0.8444
2026-01-18 10:56:43,792 - INFO - --------------------------------------------------
2026-01-18 10:56:43,793 - INFO - [LR]    [35/90] | Learning Rate: 0.000719
2026-01-18 10:56:57,372 - INFO - [Train] [35/90] | Loss: 0.3054 | Train Acc: 94.12%
2026-01-18 10:57:01,027 - INFO - [Valid] [35/90] | Loss: 0.5457 | Val Acc: 81.42%
2026-01-18 10:57:01,053 - INFO - [Metrics for 'abnormal'] | Precision: 0.7733 | Recall: 0.8471 | F1: 0.8085
2026-01-18 10:57:01,054 - INFO - [Metrics for 'normal'] | Precision: 0.8563 | Recall: 0.7857 | F1: 0.8195
2026-01-18 10:57:01,063 - INFO - --------------------------------------------------
2026-01-18 10:57:01,064 - INFO - [LR]    [36/90] | Learning Rate: 0.000704
2026-01-18 10:57:14,383 - INFO - [Train] [36/90] | Loss: 0.2997 | Train Acc: 94.94%
2026-01-18 10:57:18,182 - INFO - [Valid] [36/90] | Loss: 0.5041 | Val Acc: 83.78%
2026-01-18 10:57:18,208 - INFO - [Metrics for 'abnormal'] | Precision: 0.8148 | Recall: 0.8408 | F1: 0.8276
2026-01-18 10:57:18,208 - INFO - [Metrics for 'normal'] | Precision: 0.8588 | Recall: 0.8352 | F1: 0.8468
2026-01-18 10:57:18,220 - INFO - --------------------------------------------------
2026-01-18 10:57:18,221 - INFO - [LR]    [37/90] | Learning Rate: 0.000689
2026-01-18 10:57:31,520 - INFO - [Train] [37/90] | Loss: 0.2858 | Train Acc: 95.91%
2026-01-18 10:57:35,729 - INFO - [Valid] [37/90] | Loss: 0.5145 | Val Acc: 81.71%
2026-01-18 10:57:35,749 - INFO - [Metrics for 'abnormal'] | Precision: 0.7714 | Recall: 0.8599 | F1: 0.8133
2026-01-18 10:57:35,749 - INFO - [Metrics for 'normal'] | Precision: 0.8659 | Recall: 0.7802 | F1: 0.8208
2026-01-18 10:57:35,756 - INFO - --------------------------------------------------
2026-01-18 10:57:35,757 - INFO - [LR]    [38/90] | Learning Rate: 0.000674
2026-01-18 10:57:49,210 - INFO - [Train] [38/90] | Loss: 0.2893 | Train Acc: 95.31%
2026-01-18 10:57:53,331 - INFO - [Valid] [38/90] | Loss: 0.5116 | Val Acc: 84.07%
2026-01-18 10:57:53,365 - INFO - [Metrics for 'abnormal'] | Precision: 0.8199 | Recall: 0.8408 | F1: 0.8302
2026-01-18 10:57:53,365 - INFO - [Metrics for 'normal'] | Precision: 0.8596 | Recall: 0.8407 | F1: 0.8500
2026-01-18 10:57:53,376 - INFO - --------------------------------------------------
2026-01-18 10:57:53,377 - INFO - [LR]    [39/90] | Learning Rate: 0.000659
2026-01-18 10:58:07,571 - INFO - [Train] [39/90] | Loss: 0.2844 | Train Acc: 96.21%
2026-01-18 10:58:11,553 - INFO - [Valid] [39/90] | Loss: 0.5049 | Val Acc: 83.78%
2026-01-18 10:58:11,584 - INFO - [Metrics for 'abnormal'] | Precision: 0.8228 | Recall: 0.8280 | F1: 0.8254
2026-01-18 10:58:11,585 - INFO - [Metrics for 'normal'] | Precision: 0.8508 | Recall: 0.8462 | F1: 0.8485
2026-01-18 10:58:11,595 - INFO - --------------------------------------------------
2026-01-18 10:58:11,596 - INFO - [LR]    [40/90] | Learning Rate: 0.000644
2026-01-18 10:58:25,464 - INFO - [Train] [40/90] | Loss: 0.2724 | Train Acc: 96.80%
2026-01-18 10:58:29,311 - INFO - [Valid] [40/90] | Loss: 0.5150 | Val Acc: 83.48%
2026-01-18 10:58:29,340 - INFO - [Metrics for 'abnormal'] | Precision: 0.7988 | Recall: 0.8599 | F1: 0.8282
2026-01-18 10:58:29,340 - INFO - [Metrics for 'normal'] | Precision: 0.8706 | Recall: 0.8132 | F1: 0.8409
2026-01-18 10:58:29,349 - INFO - --------------------------------------------------
2026-01-18 10:58:29,350 - INFO - [LR]    [41/90] | Learning Rate: 0.000628
2026-01-18 10:58:42,907 - INFO - [Train] [41/90] | Loss: 0.2637 | Train Acc: 97.54%
2026-01-18 10:58:47,065 - INFO - [Valid] [41/90] | Loss: 0.5235 | Val Acc: 83.48%
2026-01-18 10:58:47,085 - INFO - [Metrics for 'abnormal'] | Precision: 0.8024 | Recall: 0.8535 | F1: 0.8272
2026-01-18 10:58:47,085 - INFO - [Metrics for 'normal'] | Precision: 0.8663 | Recall: 0.8187 | F1: 0.8418
2026-01-18 10:58:47,093 - INFO - --------------------------------------------------
2026-01-18 10:58:47,093 - INFO - [LR]    [42/90] | Learning Rate: 0.000613
2026-01-18 10:59:00,902 - INFO - [Train] [42/90] | Loss: 0.2646 | Train Acc: 97.54%
2026-01-18 10:59:05,083 - INFO - [Valid] [42/90] | Loss: 0.5133 | Val Acc: 83.19%
2026-01-18 10:59:05,111 - INFO - [Metrics for 'abnormal'] | Precision: 0.8125 | Recall: 0.8280 | F1: 0.8202
2026-01-18 10:59:05,111 - INFO - [Metrics for 'normal'] | Precision: 0.8492 | Recall: 0.8352 | F1: 0.8421
2026-01-18 10:59:05,121 - INFO - --------------------------------------------------
2026-01-18 10:59:05,121 - INFO - [LR]    [43/90] | Learning Rate: 0.000597
2026-01-18 10:59:17,738 - INFO - [Train] [43/90] | Loss: 0.2561 | Train Acc: 97.47%
2026-01-18 10:59:22,354 - INFO - [Valid] [43/90] | Loss: 0.5450 | Val Acc: 82.89%
2026-01-18 10:59:22,383 - INFO - [Metrics for 'abnormal'] | Precision: 0.7829 | Recall: 0.8726 | F1: 0.8253
2026-01-18 10:59:22,384 - INFO - [Metrics for 'normal'] | Precision: 0.8780 | Recall: 0.7912 | F1: 0.8324
2026-01-18 10:59:22,394 - INFO - --------------------------------------------------
2026-01-18 10:59:22,396 - INFO - [LR]    [44/90] | Learning Rate: 0.000581
2026-01-18 10:59:35,408 - INFO - [Train] [44/90] | Loss: 0.2636 | Train Acc: 97.40%
2026-01-18 10:59:39,919 - INFO - [Valid] [44/90] | Loss: 0.5486 | Val Acc: 81.42%
2026-01-18 10:59:39,946 - INFO - [Metrics for 'abnormal'] | Precision: 0.7901 | Recall: 0.8153 | F1: 0.8025
2026-01-18 10:59:39,947 - INFO - [Metrics for 'normal'] | Precision: 0.8362 | Recall: 0.8132 | F1: 0.8245
2026-01-18 10:59:39,956 - INFO - --------------------------------------------------
2026-01-18 10:59:39,957 - INFO - [LR]    [45/90] | Learning Rate: 0.000566
2026-01-18 10:59:53,439 - INFO - [Train] [45/90] | Loss: 0.2520 | Train Acc: 98.51%
2026-01-18 10:59:57,567 - INFO - [Valid] [45/90] | Loss: 0.5169 | Val Acc: 83.48%
2026-01-18 10:59:57,596 - INFO - [Metrics for 'abnormal'] | Precision: 0.8061 | Recall: 0.8471 | F1: 0.8261
2026-01-18 10:59:57,597 - INFO - [Metrics for 'normal'] | Precision: 0.8621 | Recall: 0.8242 | F1: 0.8427
2026-01-18 10:59:57,606 - INFO - --------------------------------------------------
2026-01-18 10:59:57,607 - INFO - [LR]    [46/90] | Learning Rate: 0.000550
2026-01-18 11:00:11,072 - INFO - [Train] [46/90] | Loss: 0.2515 | Train Acc: 97.84%
2026-01-18 11:00:15,184 - INFO - [Valid] [46/90] | Loss: 0.5295 | Val Acc: 82.60%
2026-01-18 11:00:15,209 - INFO - [Metrics for 'abnormal'] | Precision: 0.7988 | Recall: 0.8344 | F1: 0.8162
2026-01-18 11:00:15,210 - INFO - [Metrics for 'normal'] | Precision: 0.8514 | Recall: 0.8187 | F1: 0.8347
2026-01-18 11:00:15,219 - INFO - --------------------------------------------------
2026-01-18 11:00:15,220 - INFO - [LR]    [47/90] | Learning Rate: 0.000534
2026-01-18 11:00:28,953 - INFO - [Train] [47/90] | Loss: 0.2470 | Train Acc: 98.59%
2026-01-18 11:00:33,430 - INFO - [Valid] [47/90] | Loss: 0.5564 | Val Acc: 82.60%
2026-01-18 11:00:33,452 - INFO - [Metrics for 'abnormal'] | Precision: 0.7917 | Recall: 0.8471 | F1: 0.8185
2026-01-18 11:00:33,453 - INFO - [Metrics for 'normal'] | Precision: 0.8596 | Recall: 0.8077 | F1: 0.8329
2026-01-18 11:00:33,461 - INFO - --------------------------------------------------
2026-01-18 11:00:33,462 - INFO - [LR]    [48/90] | Learning Rate: 0.000519
2026-01-18 11:00:46,986 - INFO - [Train] [48/90] | Loss: 0.2479 | Train Acc: 97.99%
2026-01-18 11:00:51,577 - INFO - [Valid] [48/90] | Loss: 0.5179 | Val Acc: 82.01%
2026-01-18 11:00:51,605 - INFO - [Metrics for 'abnormal'] | Precision: 0.7824 | Recall: 0.8471 | F1: 0.8135
2026-01-18 11:00:51,605 - INFO - [Metrics for 'normal'] | Precision: 0.8580 | Recall: 0.7967 | F1: 0.8262
2026-01-18 11:00:51,615 - INFO - --------------------------------------------------
2026-01-18 11:00:51,616 - INFO - [LR]    [49/90] | Learning Rate: 0.000503
2026-01-18 11:01:05,319 - INFO - [Train] [49/90] | Loss: 0.2382 | Train Acc: 98.74%
2026-01-18 11:01:09,548 - INFO - [Valid] [49/90] | Loss: 0.5485 | Val Acc: 81.42%
2026-01-18 11:01:09,575 - INFO - [Metrics for 'abnormal'] | Precision: 0.7798 | Recall: 0.8344 | F1: 0.8062
2026-01-18 11:01:09,576 - INFO - [Metrics for 'normal'] | Precision: 0.8480 | Recall: 0.7967 | F1: 0.8215
2026-01-18 11:01:09,585 - INFO - --------------------------------------------------
2026-01-18 11:01:09,586 - INFO - [LR]    [50/90] | Learning Rate: 0.000487
2026-01-18 11:01:23,321 - INFO - [Train] [50/90] | Loss: 0.2406 | Train Acc: 98.36%
2026-01-18 11:01:27,162 - INFO - [Valid] [50/90] | Loss: 0.5513 | Val Acc: 82.01%
2026-01-18 11:01:27,189 - INFO - [Metrics for 'abnormal'] | Precision: 0.7963 | Recall: 0.8217 | F1: 0.8088
2026-01-18 11:01:27,189 - INFO - [Metrics for 'normal'] | Precision: 0.8418 | Recall: 0.8187 | F1: 0.8301
2026-01-18 11:01:27,199 - INFO - --------------------------------------------------
2026-01-18 11:01:27,199 - INFO - [LR]    [51/90] | Learning Rate: 0.000472
2026-01-18 11:01:41,732 - INFO - [Train] [51/90] | Loss: 0.2335 | Train Acc: 99.26%
2026-01-18 11:01:45,824 - INFO - [Valid] [51/90] | Loss: 0.5540 | Val Acc: 82.89%
2026-01-18 11:01:45,845 - INFO - [Metrics for 'abnormal'] | Precision: 0.7829 | Recall: 0.8726 | F1: 0.8253
2026-01-18 11:01:45,845 - INFO - [Metrics for 'normal'] | Precision: 0.8780 | Recall: 0.7912 | F1: 0.8324
2026-01-18 11:01:45,852 - INFO - --------------------------------------------------
2026-01-18 11:01:45,853 - INFO - [LR]    [52/90] | Learning Rate: 0.000456
2026-01-18 11:01:59,978 - INFO - [Train] [52/90] | Loss: 0.2308 | Train Acc: 99.26%
2026-01-18 11:02:03,800 - INFO - [Valid] [52/90] | Loss: 0.5239 | Val Acc: 83.78%
2026-01-18 11:02:03,826 - INFO - [Metrics for 'abnormal'] | Precision: 0.8312 | Recall: 0.8153 | F1: 0.8232
2026-01-18 11:02:03,827 - INFO - [Metrics for 'normal'] | Precision: 0.8432 | Recall: 0.8571 | F1: 0.8501
2026-01-18 11:02:03,836 - INFO - --------------------------------------------------
2026-01-18 11:02:03,837 - INFO - [LR]    [53/90] | Learning Rate: 0.000441
2026-01-18 11:02:17,916 - INFO - [Train] [53/90] | Loss: 0.2328 | Train Acc: 99.26%
2026-01-18 11:02:21,509 - INFO - [Valid] [53/90] | Loss: 0.5182 | Val Acc: 84.07%
2026-01-18 11:02:21,536 - INFO - [Metrics for 'abnormal'] | Precision: 0.8239 | Recall: 0.8344 | F1: 0.8291
2026-01-18 11:02:21,537 - INFO - [Metrics for 'normal'] | Precision: 0.8556 | Recall: 0.8462 | F1: 0.8508
2026-01-18 11:02:21,547 - INFO - --------------------------------------------------
2026-01-18 11:02:21,548 - INFO - [LR]    [54/90] | Learning Rate: 0.000426
2026-01-18 11:02:35,391 - INFO - [Train] [54/90] | Loss: 0.2340 | Train Acc: 99.03%
2026-01-18 11:02:39,829 - INFO - [Valid] [54/90] | Loss: 0.5434 | Val Acc: 82.30%
2026-01-18 11:02:39,856 - INFO - [Metrics for 'abnormal'] | Precision: 0.7939 | Recall: 0.8344 | F1: 0.8137
2026-01-18 11:02:39,856 - INFO - [Metrics for 'normal'] | Precision: 0.8506 | Recall: 0.8132 | F1: 0.8315
2026-01-18 11:02:39,865 - INFO - --------------------------------------------------
2026-01-18 11:02:39,866 - INFO - [LR]    [55/90] | Learning Rate: 0.000411
2026-01-18 11:02:53,638 - INFO - [Train] [55/90] | Loss: 0.2243 | Train Acc: 99.63%
2026-01-18 11:02:57,989 - INFO - [Valid] [55/90] | Loss: 0.5204 | Val Acc: 83.19%
2026-01-18 11:02:58,008 - INFO - [Metrics for 'abnormal'] | Precision: 0.7941 | Recall: 0.8599 | F1: 0.8257
2026-01-18 11:02:58,008 - INFO - [Metrics for 'normal'] | Precision: 0.8698 | Recall: 0.8077 | F1: 0.8376
2026-01-18 11:02:58,015 - INFO - --------------------------------------------------
2026-01-18 11:02:58,015 - INFO - [LR]    [56/90] | Learning Rate: 0.000396
2026-01-18 11:03:11,686 - INFO - [Train] [56/90] | Loss: 0.2255 | Train Acc: 99.26%
2026-01-18 11:03:16,191 - INFO - [Valid] [56/90] | Loss: 0.5217 | Val Acc: 84.07%
2026-01-18 11:03:16,215 - INFO - [Metrics for 'abnormal'] | Precision: 0.8239 | Recall: 0.8344 | F1: 0.8291
2026-01-18 11:03:16,215 - INFO - [Metrics for 'normal'] | Precision: 0.8556 | Recall: 0.8462 | F1: 0.8508
2026-01-18 11:03:16,226 - INFO - --------------------------------------------------
2026-01-18 11:03:16,226 - INFO - [LR]    [57/90] | Learning Rate: 0.000381
2026-01-18 11:03:29,833 - INFO - [Train] [57/90] | Loss: 0.2275 | Train Acc: 99.33%
2026-01-18 11:03:34,418 - INFO - [Valid] [57/90] | Loss: 0.5566 | Val Acc: 81.12%
2026-01-18 11:03:34,444 - INFO - [Metrics for 'abnormal'] | Precision: 0.7688 | Recall: 0.8471 | F1: 0.8061
2026-01-18 11:03:34,444 - INFO - [Metrics for 'normal'] | Precision: 0.8554 | Recall: 0.7802 | F1: 0.8161
2026-01-18 11:03:34,452 - INFO - --------------------------------------------------
2026-01-18 11:03:34,453 - INFO - [LR]    [58/90] | Learning Rate: 0.000367
2026-01-18 11:03:47,734 - INFO - [Train] [58/90] | Loss: 0.2205 | Train Acc: 99.63%
2026-01-18 11:03:52,096 - INFO - [Valid] [58/90] | Loss: 0.5380 | Val Acc: 82.89%
2026-01-18 11:03:52,134 - INFO - [Metrics for 'abnormal'] | Precision: 0.7929 | Recall: 0.8535 | F1: 0.8221
2026-01-18 11:03:52,134 - INFO - [Metrics for 'normal'] | Precision: 0.8647 | Recall: 0.8077 | F1: 0.8352
2026-01-18 11:03:52,145 - INFO - --------------------------------------------------
2026-01-18 11:03:52,146 - INFO - [LR]    [59/90] | Learning Rate: 0.000353
2026-01-18 11:04:05,047 - INFO - [Train] [59/90] | Loss: 0.2237 | Train Acc: 99.48%
2026-01-18 11:04:09,236 - INFO - [Valid] [59/90] | Loss: 0.5423 | Val Acc: 82.60%
2026-01-18 11:04:09,268 - INFO - [Metrics for 'abnormal'] | Precision: 0.8025 | Recall: 0.8280 | F1: 0.8150
2026-01-18 11:04:09,269 - INFO - [Metrics for 'normal'] | Precision: 0.8475 | Recall: 0.8242 | F1: 0.8357
2026-01-18 11:04:09,280 - INFO - --------------------------------------------------
2026-01-18 11:04:09,281 - INFO - [LR]    [60/90] | Learning Rate: 0.000339
2026-01-18 11:04:21,925 - INFO - [Train] [60/90] | Loss: 0.2207 | Train Acc: 99.63%
2026-01-18 11:04:26,079 - INFO - [Valid] [60/90] | Loss: 0.5055 | Val Acc: 83.19%
2026-01-18 11:04:26,108 - INFO - [Metrics for 'abnormal'] | Precision: 0.8049 | Recall: 0.8408 | F1: 0.8224
2026-01-18 11:04:26,109 - INFO - [Metrics for 'normal'] | Precision: 0.8571 | Recall: 0.8242 | F1: 0.8403
2026-01-18 11:04:26,119 - INFO - --------------------------------------------------
2026-01-18 11:04:26,120 - INFO - [LR]    [61/90] | Learning Rate: 0.000325
2026-01-18 11:04:39,261 - INFO - [Train] [61/90] | Loss: 0.2186 | Train Acc: 99.70%
2026-01-18 11:04:43,638 - INFO - [Valid] [61/90] | Loss: 0.5257 | Val Acc: 82.60%
2026-01-18 11:04:43,674 - INFO - [Metrics for 'abnormal'] | Precision: 0.7917 | Recall: 0.8471 | F1: 0.8185
2026-01-18 11:04:43,675 - INFO - [Metrics for 'normal'] | Precision: 0.8596 | Recall: 0.8077 | F1: 0.8329
2026-01-18 11:04:43,687 - INFO - --------------------------------------------------
2026-01-18 11:04:43,688 - INFO - [LR]    [62/90] | Learning Rate: 0.000312
2026-01-18 11:04:56,791 - INFO - [Train] [62/90] | Loss: 0.2216 | Train Acc: 99.33%
2026-01-18 11:05:01,167 - INFO - [Valid] [62/90] | Loss: 0.5242 | Val Acc: 82.01%
2026-01-18 11:05:01,195 - INFO - [Metrics for 'abnormal'] | Precision: 0.7892 | Recall: 0.8344 | F1: 0.8111
2026-01-18 11:05:01,195 - INFO - [Metrics for 'normal'] | Precision: 0.8497 | Recall: 0.8077 | F1: 0.8282
2026-01-18 11:05:01,218 - INFO - --------------------------------------------------
2026-01-18 11:05:01,222 - INFO - [LR]    [63/90] | Learning Rate: 0.000298
2026-01-18 11:05:14,232 - INFO - [Train] [63/90] | Loss: 0.2240 | Train Acc: 99.48%
2026-01-18 11:05:18,620 - INFO - [Valid] [63/90] | Loss: 0.5279 | Val Acc: 81.12%
2026-01-18 11:05:18,649 - INFO - [Metrics for 'abnormal'] | Precision: 0.7688 | Recall: 0.8471 | F1: 0.8061
2026-01-18 11:05:18,650 - INFO - [Metrics for 'normal'] | Precision: 0.8554 | Recall: 0.7802 | F1: 0.8161
2026-01-18 11:05:18,661 - INFO - --------------------------------------------------
2026-01-18 11:05:18,662 - INFO - [LR]    [64/90] | Learning Rate: 0.000285
2026-01-18 11:05:32,006 - INFO - [Train] [64/90] | Loss: 0.2206 | Train Acc: 99.63%
2026-01-18 11:05:36,403 - INFO - [Valid] [64/90] | Loss: 0.5310 | Val Acc: 82.60%
2026-01-18 11:05:36,430 - INFO - [Metrics for 'abnormal'] | Precision: 0.7952 | Recall: 0.8408 | F1: 0.8173
2026-01-18 11:05:36,430 - INFO - [Metrics for 'normal'] | Precision: 0.8555 | Recall: 0.8132 | F1: 0.8338
2026-01-18 11:05:36,440 - INFO - --------------------------------------------------
2026-01-18 11:05:36,442 - INFO - [LR]    [65/90] | Learning Rate: 0.000273
2026-01-18 11:05:49,960 - INFO - [Train] [65/90] | Loss: 0.2144 | Train Acc: 99.93%
2026-01-18 11:05:54,853 - INFO - [Valid] [65/90] | Loss: 0.5152 | Val Acc: 84.07%
2026-01-18 11:05:54,878 - INFO - [Metrics for 'abnormal'] | Precision: 0.8121 | Recall: 0.8535 | F1: 0.8323
2026-01-18 11:05:54,878 - INFO - [Metrics for 'normal'] | Precision: 0.8678 | Recall: 0.8297 | F1: 0.8483
2026-01-18 11:05:54,889 - INFO - --------------------------------------------------
2026-01-18 11:05:54,890 - INFO - [LR]    [66/90] | Learning Rate: 0.000261
2026-01-18 11:06:08,573 - INFO - [Train] [66/90] | Loss: 0.2126 | Train Acc: 99.93%
2026-01-18 11:06:12,978 - INFO - [Valid] [66/90] | Loss: 0.5123 | Val Acc: 84.07%
2026-01-18 11:06:13,010 - INFO - [Metrics for 'abnormal'] | Precision: 0.8199 | Recall: 0.8408 | F1: 0.8302
2026-01-18 11:06:13,011 - INFO - [Metrics for 'normal'] | Precision: 0.8596 | Recall: 0.8407 | F1: 0.8500
2026-01-18 11:06:13,021 - INFO - --------------------------------------------------
2026-01-18 11:06:13,022 - INFO - [LR]    [67/90] | Learning Rate: 0.000249
2026-01-18 11:06:26,199 - INFO - [Train] [67/90] | Loss: 0.2139 | Train Acc: 99.85%
2026-01-18 11:06:30,242 - INFO - [Valid] [67/90] | Loss: 0.5006 | Val Acc: 84.07%
2026-01-18 11:06:30,288 - INFO - [Metrics for 'abnormal'] | Precision: 0.8084 | Recall: 0.8599 | F1: 0.8333
2026-01-18 11:06:30,289 - INFO - [Metrics for 'normal'] | Precision: 0.8721 | Recall: 0.8242 | F1: 0.8475
2026-01-18 11:06:30,299 - INFO - --------------------------------------------------
2026-01-18 11:06:30,301 - INFO - [LR]    [68/90] | Learning Rate: 0.000237
2026-01-18 11:06:43,456 - INFO - [Train] [68/90] | Loss: 0.2144 | Train Acc: 99.78%
2026-01-18 11:06:47,349 - INFO - [Valid] [68/90] | Loss: 0.5161 | Val Acc: 83.48%
2026-01-18 11:06:47,376 - INFO - [Metrics for 'abnormal'] | Precision: 0.7988 | Recall: 0.8599 | F1: 0.8282
2026-01-18 11:06:47,378 - INFO - [Metrics for 'normal'] | Precision: 0.8706 | Recall: 0.8132 | F1: 0.8409
2026-01-18 11:06:47,389 - INFO - --------------------------------------------------
2026-01-18 11:06:47,391 - INFO - [LR]    [69/90] | Learning Rate: 0.000226
2026-01-18 11:07:00,568 - INFO - [Train] [69/90] | Loss: 0.2133 | Train Acc: 99.85%
2026-01-18 11:07:04,704 - INFO - [Valid] [69/90] | Loss: 0.5135 | Val Acc: 83.78%
2026-01-18 11:07:04,733 - INFO - [Metrics for 'abnormal'] | Precision: 0.8072 | Recall: 0.8535 | F1: 0.8297
2026-01-18 11:07:04,734 - INFO - [Metrics for 'normal'] | Precision: 0.8671 | Recall: 0.8242 | F1: 0.8451
2026-01-18 11:07:04,746 - INFO - --------------------------------------------------
2026-01-18 11:07:04,748 - INFO - [LR]    [70/90] | Learning Rate: 0.000216
2026-01-18 11:07:18,502 - INFO - [Train] [70/90] | Loss: 0.2158 | Train Acc: 99.70%
2026-01-18 11:07:22,601 - INFO - [Valid] [70/90] | Loss: 0.5124 | Val Acc: 83.48%
2026-01-18 11:07:22,631 - INFO - [Metrics for 'abnormal'] | Precision: 0.8061 | Recall: 0.8471 | F1: 0.8261
2026-01-18 11:07:22,632 - INFO - [Metrics for 'normal'] | Precision: 0.8621 | Recall: 0.8242 | F1: 0.8427
2026-01-18 11:07:22,643 - INFO - --------------------------------------------------
2026-01-18 11:07:22,645 - INFO - [LR]    [71/90] | Learning Rate: 0.000205
2026-01-18 11:07:36,227 - INFO - [Train] [71/90] | Loss: 0.2149 | Train Acc: 99.85%
2026-01-18 11:07:39,965 - INFO - [Valid] [71/90] | Loss: 0.5155 | Val Acc: 84.37%
2026-01-18 11:07:40,025 - INFO - [Metrics for 'abnormal'] | Precision: 0.8095 | Recall: 0.8662 | F1: 0.8369
2026-01-18 11:07:40,025 - INFO - [Metrics for 'normal'] | Precision: 0.8772 | Recall: 0.8242 | F1: 0.8499
2026-01-18 11:07:40,048 - INFO - --------------------------------------------------
2026-01-18 11:07:40,049 - INFO - [LR]    [72/90] | Learning Rate: 0.000195
2026-01-18 11:07:52,882 - INFO - [Train] [72/90] | Loss: 0.2134 | Train Acc: 99.78%
2026-01-18 11:07:57,174 - INFO - [Valid] [72/90] | Loss: 0.5112 | Val Acc: 83.48%
2026-01-18 11:07:57,206 - INFO - [Metrics for 'abnormal'] | Precision: 0.7988 | Recall: 0.8599 | F1: 0.8282
2026-01-18 11:07:57,207 - INFO - [Metrics for 'normal'] | Precision: 0.8706 | Recall: 0.8132 | F1: 0.8409
2026-01-18 11:07:57,218 - INFO - --------------------------------------------------
2026-01-18 11:07:57,219 - INFO - [LR]    [73/90] | Learning Rate: 0.000186
2026-01-18 11:08:10,577 - INFO - [Train] [73/90] | Loss: 0.2128 | Train Acc: 99.70%
2026-01-18 11:08:14,708 - INFO - [Valid] [73/90] | Loss: 0.5137 | Val Acc: 82.60%
2026-01-18 11:08:14,756 - INFO - [Metrics for 'abnormal'] | Precision: 0.7952 | Recall: 0.8408 | F1: 0.8173
2026-01-18 11:08:14,761 - INFO - [Metrics for 'normal'] | Precision: 0.8555 | Recall: 0.8132 | F1: 0.8338
2026-01-18 11:08:14,796 - INFO - --------------------------------------------------
2026-01-18 11:08:14,801 - INFO - [LR]    [74/90] | Learning Rate: 0.000177
2026-01-18 11:08:27,714 - INFO - [Train] [74/90] | Loss: 0.2116 | Train Acc: 99.85%
2026-01-18 11:08:32,026 - INFO - [Valid] [74/90] | Loss: 0.5120 | Val Acc: 82.89%
2026-01-18 11:08:32,053 - INFO - [Metrics for 'abnormal'] | Precision: 0.8113 | Recall: 0.8217 | F1: 0.8165
2026-01-18 11:08:32,053 - INFO - [Metrics for 'normal'] | Precision: 0.8444 | Recall: 0.8352 | F1: 0.8398
2026-01-18 11:08:32,062 - INFO - --------------------------------------------------
2026-01-18 11:08:32,063 - INFO - [LR]    [75/90] | Learning Rate: 0.000168
2026-01-18 11:08:45,402 - INFO - [Train] [75/90] | Loss: 0.2115 | Train Acc: 99.70%
2026-01-18 11:08:49,808 - INFO - [Valid] [75/90] | Loss: 0.5120 | Val Acc: 84.37%
2026-01-18 11:08:49,835 - INFO - [Metrics for 'abnormal'] | Precision: 0.8171 | Recall: 0.8535 | F1: 0.8349
2026-01-18 11:08:49,836 - INFO - [Metrics for 'normal'] | Precision: 0.8686 | Recall: 0.8352 | F1: 0.8515
2026-01-18 11:08:49,848 - INFO - --------------------------------------------------
2026-01-18 11:08:49,849 - INFO - [LR]    [76/90] | Learning Rate: 0.000160
2026-01-18 11:09:02,924 - INFO - [Train] [76/90] | Loss: 0.2115 | Train Acc: 99.85%
2026-01-18 11:09:06,683 - INFO - [Valid] [76/90] | Loss: 0.5107 | Val Acc: 84.37%
2026-01-18 11:09:06,740 - INFO - [Metrics for 'abnormal'] | Precision: 0.8291 | Recall: 0.8344 | F1: 0.8317
2026-01-18 11:09:06,740 - INFO - [Metrics for 'normal'] | Precision: 0.8564 | Recall: 0.8516 | F1: 0.8540
2026-01-18 11:09:06,759 - INFO - --------------------------------------------------
2026-01-18 11:09:06,763 - INFO - [LR]    [77/90] | Learning Rate: 0.000153
2026-01-18 11:09:20,763 - INFO - [Train] [77/90] | Loss: 0.2107 | Train Acc: 99.85%
2026-01-18 11:09:24,406 - INFO - [Valid] [77/90] | Loss: 0.5130 | Val Acc: 84.66%
2026-01-18 11:09:24,466 - INFO - [Metrics for 'abnormal'] | Precision: 0.8144 | Recall: 0.8662 | F1: 0.8395
2026-01-18 11:09:24,467 - INFO - [Metrics for 'normal'] | Precision: 0.8779 | Recall: 0.8297 | F1: 0.8531
2026-01-18 11:09:24,478 - INFO - --------------------------------------------------
2026-01-18 11:09:24,479 - INFO - [LR]    [78/90] | Learning Rate: 0.000146
2026-01-18 11:09:38,429 - INFO - [Train] [78/90] | Loss: 0.2097 | Train Acc: 99.93%
2026-01-18 11:09:42,138 - INFO - [Valid] [78/90] | Loss: 0.5155 | Val Acc: 82.89%
2026-01-18 11:09:42,194 - INFO - [Metrics for 'abnormal'] | Precision: 0.7895 | Recall: 0.8599 | F1: 0.8232
2026-01-18 11:09:42,198 - INFO - [Metrics for 'normal'] | Precision: 0.8690 | Recall: 0.8022 | F1: 0.8343
2026-01-18 11:09:42,217 - INFO - --------------------------------------------------
2026-01-18 11:09:42,218 - INFO - [LR]    [79/90] | Learning Rate: 0.000139
2026-01-18 11:09:56,807 - INFO - [Train] [79/90] | Loss: 0.2091 | Train Acc: 99.93%
2026-01-18 11:10:00,371 - INFO - [Valid] [79/90] | Loss: 0.5105 | Val Acc: 85.84%
2026-01-18 11:10:00,432 - INFO - [Metrics for 'abnormal'] | Precision: 0.8344 | Recall: 0.8662 | F1: 0.8500
2026-01-18 11:10:00,432 - INFO - [Metrics for 'normal'] | Precision: 0.8807 | Recall: 0.8516 | F1: 0.8659
2026-01-18 11:10:00,452 - INFO - --------------------------------------------------
2026-01-18 11:10:00,457 - INFO - [LR]    [80/90] | Learning Rate: 0.000133
2026-01-18 11:10:15,066 - INFO - [Train] [80/90] | Loss: 0.2101 | Train Acc: 99.93%
2026-01-18 11:10:18,291 - INFO - [Valid] [80/90] | Loss: 0.5075 | Val Acc: 84.66%
2026-01-18 11:10:18,327 - INFO - [Metrics for 'abnormal'] | Precision: 0.8144 | Recall: 0.8662 | F1: 0.8395
2026-01-18 11:10:18,328 - INFO - [Metrics for 'normal'] | Precision: 0.8779 | Recall: 0.8297 | F1: 0.8531
2026-01-18 11:10:18,337 - INFO - --------------------------------------------------
2026-01-18 11:10:18,338 - INFO - [LR]    [81/90] | Learning Rate: 0.000127
2026-01-18 11:10:33,373 - INFO - [Train] [81/90] | Loss: 0.2093 | Train Acc: 99.93%
2026-01-18 11:10:36,744 - INFO - [Valid] [81/90] | Loss: 0.5088 | Val Acc: 84.37%
2026-01-18 11:10:36,806 - INFO - [Metrics for 'abnormal'] | Precision: 0.8133 | Recall: 0.8599 | F1: 0.8359
2026-01-18 11:10:36,806 - INFO - [Metrics for 'normal'] | Precision: 0.8728 | Recall: 0.8297 | F1: 0.8507
2026-01-18 11:10:36,825 - INFO - --------------------------------------------------
2026-01-18 11:10:36,826 - INFO - [LR]    [82/90] | Learning Rate: 0.000122
2026-01-18 11:10:50,452 - INFO - [Train] [82/90] | Loss: 0.2100 | Train Acc: 99.85%
2026-01-18 11:10:53,745 - INFO - [Valid] [82/90] | Loss: 0.5015 | Val Acc: 84.96%
2026-01-18 11:10:53,771 - INFO - [Metrics for 'abnormal'] | Precision: 0.8155 | Recall: 0.8726 | F1: 0.8431
2026-01-18 11:10:53,772 - INFO - [Metrics for 'normal'] | Precision: 0.8830 | Recall: 0.8297 | F1: 0.8555
2026-01-18 11:10:53,781 - INFO - --------------------------------------------------
2026-01-18 11:10:53,782 - INFO - [LR]    [83/90] | Learning Rate: 0.000117
2026-01-18 11:11:08,631 - INFO - [Train] [83/90] | Loss: 0.2073 | Train Acc: 100.00%
2026-01-18 11:11:12,136 - INFO - [Valid] [83/90] | Loss: 0.5058 | Val Acc: 84.96%
2026-01-18 11:11:12,163 - INFO - [Metrics for 'abnormal'] | Precision: 0.8155 | Recall: 0.8726 | F1: 0.8431
2026-01-18 11:11:12,164 - INFO - [Metrics for 'normal'] | Precision: 0.8830 | Recall: 0.8297 | F1: 0.8555
2026-01-18 11:11:12,176 - INFO - --------------------------------------------------
2026-01-18 11:11:12,177 - INFO - [LR]    [84/90] | Learning Rate: 0.000113
2026-01-18 11:11:26,740 - INFO - [Train] [84/90] | Loss: 0.2088 | Train Acc: 99.93%
2026-01-18 11:11:30,211 - INFO - [Valid] [84/90] | Loss: 0.5211 | Val Acc: 84.66%
2026-01-18 11:11:30,231 - INFO - [Metrics for 'abnormal'] | Precision: 0.8182 | Recall: 0.8599 | F1: 0.8385
2026-01-18 11:11:30,231 - INFO - [Metrics for 'normal'] | Precision: 0.8736 | Recall: 0.8352 | F1: 0.8539
2026-01-18 11:11:30,239 - INFO - --------------------------------------------------
2026-01-18 11:11:30,240 - INFO - [LR]    [85/90] | Learning Rate: 0.000110
2026-01-18 11:11:44,303 - INFO - [Train] [85/90] | Loss: 0.2106 | Train Acc: 99.85%
2026-01-18 11:11:48,263 - INFO - [Valid] [85/90] | Loss: 0.5176 | Val Acc: 84.07%
2026-01-18 11:11:48,290 - INFO - [Metrics for 'abnormal'] | Precision: 0.8084 | Recall: 0.8599 | F1: 0.8333
2026-01-18 11:11:48,291 - INFO - [Metrics for 'normal'] | Precision: 0.8721 | Recall: 0.8242 | F1: 0.8475
2026-01-18 11:11:48,301 - INFO - --------------------------------------------------
2026-01-18 11:11:48,301 - INFO - [LR]    [86/90] | Learning Rate: 0.000107
2026-01-18 11:12:02,737 - INFO - [Train] [86/90] | Loss: 0.2094 | Train Acc: 99.93%
2026-01-18 11:12:06,404 - INFO - [Valid] [86/90] | Loss: 0.5104 | Val Acc: 84.07%
2026-01-18 11:12:06,430 - INFO - [Metrics for 'abnormal'] | Precision: 0.8047 | Recall: 0.8662 | F1: 0.8344
2026-01-18 11:12:06,431 - INFO - [Metrics for 'normal'] | Precision: 0.8765 | Recall: 0.8187 | F1: 0.8466
2026-01-18 11:12:06,441 - INFO - --------------------------------------------------
2026-01-18 11:12:06,442 - INFO - [LR]    [87/90] | Learning Rate: 0.000104
2026-01-18 11:12:20,531 - INFO - [Train] [87/90] | Loss: 0.2084 | Train Acc: 99.93%
2026-01-18 11:12:24,059 - INFO - [Valid] [87/90] | Loss: 0.5099 | Val Acc: 83.78%
2026-01-18 11:12:24,078 - INFO - [Metrics for 'abnormal'] | Precision: 0.8036 | Recall: 0.8599 | F1: 0.8308
2026-01-18 11:12:24,078 - INFO - [Metrics for 'normal'] | Precision: 0.8713 | Recall: 0.8187 | F1: 0.8442
2026-01-18 11:12:24,085 - INFO - --------------------------------------------------
2026-01-18 11:12:24,085 - INFO - [LR]    [88/90] | Learning Rate: 0.000102
2026-01-18 11:12:38,622 - INFO - [Train] [88/90] | Loss: 0.2077 | Train Acc: 99.93%
2026-01-18 11:12:42,168 - INFO - [Valid] [88/90] | Loss: 0.5173 | Val Acc: 84.07%
2026-01-18 11:12:42,186 - INFO - [Metrics for 'abnormal'] | Precision: 0.8012 | Recall: 0.8726 | F1: 0.8354
2026-01-18 11:12:42,187 - INFO - [Metrics for 'normal'] | Precision: 0.8810 | Recall: 0.8132 | F1: 0.8457
2026-01-18 11:12:42,194 - INFO - --------------------------------------------------
2026-01-18 11:12:42,195 - INFO - [LR]    [89/90] | Learning Rate: 0.000101
2026-01-18 11:12:54,594 - INFO - [Train] [89/90] | Loss: 0.2079 | Train Acc: 99.93%
2026-01-18 11:12:58,095 - INFO - [Valid] [89/90] | Loss: 0.5224 | Val Acc: 84.37%
2026-01-18 11:12:58,126 - INFO - [Metrics for 'abnormal'] | Precision: 0.8095 | Recall: 0.8662 | F1: 0.8369
2026-01-18 11:12:58,127 - INFO - [Metrics for 'normal'] | Precision: 0.8772 | Recall: 0.8242 | F1: 0.8499
2026-01-18 11:12:58,138 - INFO - --------------------------------------------------
2026-01-18 11:12:58,139 - INFO - [LR]    [90/90] | Learning Rate: 0.000100
2026-01-18 11:13:12,718 - INFO - [Train] [90/90] | Loss: 0.2087 | Train Acc: 99.85%
2026-01-18 11:13:16,764 - INFO - [Valid] [90/90] | Loss: 0.5163 | Val Acc: 84.37%
2026-01-18 11:13:16,806 - INFO - [Metrics for 'abnormal'] | Precision: 0.8059 | Recall: 0.8726 | F1: 0.8379
2026-01-18 11:13:16,807 - INFO - [Metrics for 'normal'] | Precision: 0.8817 | Recall: 0.8187 | F1: 0.8490
2026-01-18 11:13:16,817 - INFO - ==================================================
2026-01-18 11:13:16,818 - INFO - 훈련 완료. 최고 성능 모델을 불러와 테스트 세트로 최종 평가합니다.
2026-01-18 11:13:16,818 - INFO - 최종 평가를 위해 새로운 모델 객체를 생성합니다.
2026-01-18 11:13:16,819 - INFO - Baseline 모델 'xie2019'을(를) 생성합니다 (사전 훈련 가중치: 미사용).
2026-01-18 11:13:17,181 - INFO - 최고 성능 모델 가중치를 새로 생성된 모델 객체에 로드 완료: 'log/Sewer-TAPNEW/baseline_xie2019_20260118_104650/best_model.pth'
2026-01-18 11:13:17,182 - INFO - ==================================================
2026-01-18 11:13:17,182 - INFO - Test 모드를 시작합니다.
2026-01-18 11:13:17,577 - INFO - 연산량 (MACs): 1.4348 GMACs per sample
2026-01-18 11:13:17,577 - INFO - 연산량 (FLOPs): 2.8696 GFLOPs per sample
2026-01-18 11:13:17,577 - INFO - ==================================================
2026-01-18 11:13:17,578 - INFO - GPU 캐시를 비우고 측정을 시작합니다.
2026-01-18 11:13:19,390 - INFO - 샘플 당 평균 Forward Pass 시간: 2.68ms (std: 1.75ms), FPS: 536.07 (std: 263.13) (1개 샘플 x 100회 반복)
2026-01-18 11:13:19,391 - INFO - 샘플 당 Forward Pass 시 최대 GPU 메모리 사용량: 213.67 MB
2026-01-18 11:13:19,391 - INFO - 테스트 데이터셋에 대한 추론을 시작합니다.
2026-01-18 11:13:24,245 - INFO - [Test] Loss: 0.4095 | Test Acc: 81.42%
2026-01-18 11:13:24,270 - INFO - [Metrics for 'abnormal'] | Precision: 0.7765 | Recall: 0.8408 | F1: 0.8073
2026-01-18 11:13:24,271 - INFO - [Metrics for 'normal'] | Precision: 0.8521 | Recall: 0.7912 | F1: 0.8205
2026-01-18 11:13:25,458 - INFO - ==================================================
2026-01-18 11:13:25,460 - INFO - 혼동 행렬 저장 완료. 'log/Sewer-TAPNEW/baseline_xie2019_20260118_104650/confusion_matrix_20260118_104650.png' and 'log/Sewer-TAPNEW/baseline_xie2019_20260118_104650/confusion_matrix_20260118_104650.pdf'
2026-01-18 11:13:25,460 - INFO - ==================================================
2026-01-18 11:13:25,460 - INFO - ONNX 변환 및 평가를 시작합니다.
2026-01-18 11:13:26,805 - INFO - 모델이 ONNX 형식으로 변환되어 'log/Sewer-TAPNEW/baseline_xie2019_20260118_104650/model_fp32_20260118_104650.onnx'에 저장되었습니다. (크기: 34.95 MB)
2026-01-18 11:13:27,561 - INFO - [Model Load] ONNX 모델(FP32) 로드 중 피크 메모리 - 모델 로드 전 청소 직후 메모리: 41.68 MB
2026-01-18 11:13:27,562 - INFO - ONNX 런타임의 샘플 당 Forward Pass 시간 측정을 시작합니다...
2026-01-18 11:13:29,078 - INFO - 샘플 당 평균 Forward Pass 시간 (ONNX, CPU): 10.27ms (std: 1.96ms)
2026-01-18 11:13:29,079 - INFO - 샘플 당 평균 FPS (ONNX, CPU): 100.87 FPS (std: 18.64) (1개 샘플 x 100회 반복)
2026-01-18 11:13:29,079 - INFO - [Inference] 추론 중 피크 메모리 - 모델 로드 후 메모리 정리 직후 메모리: 25.00 MB
2026-01-18 11:13:29,080 - INFO - [Total] (FP32) 추론 중 피크 메모리 - 모델 로드 전 청소 직후 메모리: 70.02 MB
2026-01-18 11:13:33,507 - INFO - [Test (ONNX)] | Test Acc (ONNX): 81.42%
2026-01-18 11:13:33,585 - INFO - [Metrics for 'abnormal' (ONNX)] | Precision: 0.7765 | Recall: 0.8408 | F1: 0.8073
2026-01-18 11:13:33,585 - INFO - [Metrics for 'normal' (ONNX)] | Precision: 0.8521 | Recall: 0.7912 | F1: 0.8205
2026-01-18 11:13:34,983 - INFO - Val Acc 그래프 저장 완료: 'log/Sewer-TAPNEW/baseline_xie2019_20260118_104650/graph_20260118_104650/val_acc.png' and 'log/Sewer-TAPNEW/baseline_xie2019_20260118_104650/graph_20260118_104650/val_acc.pdf'
2026-01-18 11:13:36,244 - INFO - Train/Val Acc 그래프 저장 완료: 'log/Sewer-TAPNEW/baseline_xie2019_20260118_104650/graph_20260118_104650/train_val_acc.png' and 'log/Sewer-TAPNEW/baseline_xie2019_20260118_104650/graph_20260118_104650/train_val_acc.pdf'
2026-01-18 11:13:37,569 - INFO - F1 (normal) 그래프 저장 완료: 'log/Sewer-TAPNEW/baseline_xie2019_20260118_104650/graph_20260118_104650/F1_normal.png' and 'log/Sewer-TAPNEW/baseline_xie2019_20260118_104650/graph_20260118_104650/F1_normal.pdf'
2026-01-18 11:13:38,709 - INFO - Validation Loss 그래프 저장 완료: 'log/Sewer-TAPNEW/baseline_xie2019_20260118_104650/graph_20260118_104650/val_loss.png' and 'log/Sewer-TAPNEW/baseline_xie2019_20260118_104650/graph_20260118_104650/val_loss.pdf'
2026-01-18 11:13:39,580 - INFO - Learning Rate 그래프 저장 완료: 'log/Sewer-TAPNEW/baseline_xie2019_20260118_104650/graph_20260118_104650/learning_rate.png' and 'log/Sewer-TAPNEW/baseline_xie2019_20260118_104650/graph_20260118_104650/learning_rate.pdf'
2026-01-18 11:13:49,143 - INFO - 종합 그래프 저장 완료: 'log/Sewer-TAPNEW/baseline_xie2019_20260118_104650/graph_20260118_104650/compile.png' and 'log/Sewer-TAPNEW/baseline_xie2019_20260118_104650/graph_20260118_104650/compile.pdf'
