2026-01-14 15:55:56,662 - INFO - 로그 파일이 'log/Sewer-TAPNEW/baseline_deit_tiny_20260114_155556/log_20260114_155556.log'에 저장됩니다.
2026-01-14 15:55:56,667 - INFO - ==================================================
2026-01-14 15:55:56,667 - INFO - config.yaml:
2026-01-14 15:55:56,667 - INFO - 
run:
  global_seed: 42
  cuda: true
  mode: inference
  pth_inference_dir: /home/cau/workspace/CHOI/sewer_binary_cls_v9/pretrained/baselines/sewer_tap_new/original/deit_tiny
  pth_best_name: best_model.pth
  evaluate_onnx: true
  only_inference: false
  use_int8_inference: true
  int8_calib_samples: 512
  int8_calibration_method: Percentile
  int8_activation_type: QUInt8
  int8_percentile: 99.99
  show_log: true
  dataset:
    name: Sewer-TAPNEW
    type: image_folder
    train_split_ratio: 0.8
    paths:
      train_img_dir: /home/cau/workspace/data/Sewer/Sewer-ML/train
      valid_img_dir: /home/cau/workspace/data/Sewer/Sewer-ML/valid
      test_img_dir: /home/cau/workspace/data/Sewer/Sewer-ML/valid
      train_csv: /home/cau/workspace/data/Sewer/Sewer-ML/SewerML_Train.csv
      valid_csv: /home/cau/workspace/data/Sewer/Sewer-ML/SewerML_Val.csv
      test_csv: /home/cau/workspace/data/Sewer/Sewer-ML/SewerML_Val.csv
      img_folder: /home/cau/workspace/data/Sewer/Sewer-TAPNEW
  random_sampling_ratio:
    train: 1.0
    valid: 1.0
    test: 1.0
  num_workers: 16
training_main:
  epochs: 90
  batch_size: 16
  pre_trained: false
  optimizer: adamw
  lr: 0.001
  weight_decay: 0.0001
  loss_function: CrossEntropyLoss
  label_smoothing: 0.1
  scheduler: cosineannealinglr
  scheduler_params:
    T_max: 90
    eta_min: 0.0001
  best_model_criterion: val_loss
training_baseline:
  epochs: 10
  batch_size: 16
  pre_trained: false
  optimizer: adamw
  lr: 0.001
  weight_decay: 0.0001
  loss_function: CrossEntropyLoss
  label_smoothing: 0.1
  scheduler: cosineannealinglr
  scheduler_params:
    T_max: 10
    eta_min: 0.0001
  best_model_criterion: val_loss
finetuning_pruned:
  epochs: 80
  batch_size: 16
  optimizer: adamw
  lr: 0.001
  weight_decay: 0.0001
  loss_function: CrossEntropyLoss
  label_smoothing: 0.1
  scheduler: cosineannealinglr
  scheduler_params:
    T_max: 80
    eta_min: 0.0001
  best_model_criterion: val_loss
model:
  img_size: 224
  patch_size: 56
  stride: 56
  cnn_feature_extractor:
    name: efficientnet_b0_feat2
  featured_patch_dim: 24
  emb_dim: 24
  num_heads: 2
  num_decoder_layers: 2
  num_decoder_patches: 1
  adaptive_initial_query: true
  decoder_ff_ratio: 2
  dropout: 0.1
  positional_encoding: true
  res_attention: true
  save_attention: true
  num_plot_attention: 5
baseline:
  model_name: deit_tiny

2026-01-14 15:55:56,667 - INFO - ==================================================
2026-01-14 15:55:56,854 - INFO - CUDA 사용 가능. GPU 사용을 시작합니다. (Device: NVIDIA RTX PRO 6000 Blackwell Server Edition)
2026-01-14 15:55:56,855 - INFO - 'Sewer-TAPNEW' 데이터 로드를 시작합니다 (Type: image_folder).
2026-01-14 15:55:56,855 - INFO - '/home/cau/workspace/data/Sewer/Sewer-TAPNEW' 경로의 데이터를 훈련/테스트셋으로 분할합니다.
2026-01-14 15:55:56,868 - INFO - 총 1692개 데이터를 훈련용 1353개, 테스트용 339개로 분할합니다 (split_seed=42).
2026-01-14 15:55:56,868 - INFO - 데이터셋 클래스: ['abnormal', 'normal'] (총 2개)
2026-01-14 15:55:56,869 - INFO - 훈련 데이터: 1353개, 검증 데이터: 339개, 테스트 데이터: 339개
2026-01-14 15:55:56,869 - INFO - Baseline 모델 'deit_tiny'을(를) 생성합니다 (사전 훈련 가중치: 미사용).
2026-01-14 15:55:57,121 - INFO - timm 모델(deit_tiny)의 Attention.forward를 Pruning 호환성을 위해 Monkey-patching 합니다.
2026-01-14 15:55:57,123 - INFO - ==================================================
2026-01-14 15:55:57,123 - INFO - 모델 파라미터 수:
2026-01-14 15:55:57,123 - INFO -   - 총 파라미터: 5,524,802 개
2026-01-14 15:55:57,123 - INFO -   - 학습 가능한 파라미터: 5,524,802 개
2026-01-14 15:55:57,123 - INFO - ==================================================
2026-01-14 15:55:57,123 - INFO - Inference 모드를 시작합니다.
2026-01-14 15:55:57,332 - INFO - [Model Load] PyTorch 모델 가중치 로드 메모리: 968.03 MB (증가량: 0.50 MB)
2026-01-14 15:55:57,333 - INFO - '/home/cau/workspace/CHOI/sewer_binary_cls_v9/pretrained/baselines/sewer_tap_new/original/deit_tiny/best_model.pth' 가중치 로드 완료.
2026-01-14 15:55:57,733 - INFO - 연산량 (MACs): 1.0747 GMACs per sample
2026-01-14 15:55:57,734 - INFO - 연산량 (FLOPs): 2.1493 GFLOPs per sample
2026-01-14 15:55:57,734 - INFO - ==================================================
2026-01-14 15:55:57,734 - INFO - INT8 Static Quantization (ONNX)을 적용합니다.
2026-01-14 15:55:58,311 - INFO - Quantization 전처리를 수행합니다 (Fusion, Shape Inference)...
2026-01-14 15:55:58,312 - INFO - Performing symbolic shape inference...
2026-01-14 15:55:58,825 - INFO - Calibration 진행 (512 samples)...
2026-01-14 15:55:58,826 - INFO - Calibration Method: percentile (CalibrationMethod.Percentile)
2026-01-14 15:55:58,826 - INFO - Activation Type: QUInt8 (Extra Options: {'Percentile': 99.99})
2026-01-14 15:59:25,931 - INFO - ONNX INT8 모델 저장 완료: log/Sewer-TAPNEW/baseline_deit_tiny_20260114_155556/best_model_int8.onnx
2026-01-14 15:59:26,346 - INFO - [Model Load] ONNX 모델(INT8) 로드 메모리: 1768.15 MB (증가량: 0.00 MB)
2026-01-14 15:59:26,346 - INFO - ONNX 런타임의 샘플 당 Forward Pass 시간 측정을 시작합니다...
2026-01-14 15:59:28,813 - INFO - 샘플 당 평균 Forward Pass 시간 (ONNX, CPU): 20.78ms (std: 0.41ms)
2026-01-14 15:59:28,814 - INFO - 샘플 당 평균 FPS (ONNX, CPU): 48.15 FPS (std: 0.84) (1개 샘플 x 100회 반복)
2026-01-14 15:59:28,814 - INFO - [Inference Only] ONNX 런타임 추론 중 최대 CPU 메모리: 1769.65 MB (순수 증가량: 1.50 MB)
2026-01-14 15:59:28,814 - INFO - [Total Process] ONNX 모델(INT8) 전체 메모리 사용량: 1769.65 MB (전체 증가량: 1.50 MB)
2026-01-14 15:59:33,931 - INFO - [Inference (ONNX INT8)] | Test Acc (ONNX): 75.52%
2026-01-14 15:59:33,947 - INFO - [Metrics for 'abnormal' (ONNX)] | Precision: 0.8364 | Recall: 0.5860 | F1: 0.6891
2026-01-14 15:59:33,947 - INFO - [Metrics for 'normal' (ONNX)] | Precision: 0.7162 | Recall: 0.9011 | F1: 0.7981
2026-01-14 15:59:34,424 - INFO - ==================================================
2026-01-14 15:59:34,425 - INFO - 혼동 행렬 저장 완료. 'log/Sewer-TAPNEW/baseline_deit_tiny_20260114_155556/confusion_matrix_20260114_155556.png' and 'log/Sewer-TAPNEW/baseline_deit_tiny_20260114_155556/confusion_matrix_20260114_155556.pdf'
