2026-03-04 04:22:28,586 - INFO - 로그 파일이 'log/Sewer_TAPNEW/main_20260304_042228_grid7_patch1_layer6_head4/log_20260304_042228.log'에 저장됩니다.
2026-03-04 04:22:28,587 - INFO - 전역 랜덤 시드를 42로 고정합니다.
2026-03-04 04:22:28,599 - INFO - ==================================================
2026-03-04 04:22:28,599 - INFO - config.yaml:
2026-03-04 04:22:28,600 - INFO - 
run:
  global_seed: 42
  cuda: true
  mode: train
  pth_best_name: best_model.pth
  only_inference: false
  show_log: true
  dataset:
    name: Sewer_TAPNEW
    type: image_folder
    train_split_ratio: 0.8
    paths:
      train_img_dir: /home/tai/workspace/ssd1/data/Sewer/Sewer-ML/train
      valid_img_dir: /home/tai/workspace/ssd1/data/Sewer/Sewer-ML/valid
      test_img_dir: /home/tai/workspace/ssd1/data/Sewer/Sewer-ML/valid
      train_csv: /home/tai/workspace/ssd1/data/Sewer/Sewer-ML/SewerML_Train.csv
      valid_csv: /home/tai/workspace/ssd1/data/Sewer/Sewer-ML/SewerML_Val.csv
      test_csv: /home/tai/workspace/ssd1/data/Sewer/Sewer-ML/SewerML_Val.csv
      img_folder: /home/cau/workspace/data/Sewer/Sewer-TAPNEW
  random_sampling_ratio:
    train: 1.0
    valid: 1.0
    test: 1.0
  num_workers: 16
model:
  img_size: 224
  num_patches_per_side: 7
  num_decoder_patches: 1
  num_decoder_layers: 6
  num_heads: 4
  cnn_feature_extractor:
    name: custom32
  encoder_dim: 32
  emb_dim: 32
  adaptive_initial_query: true
  decoder_ff_ratio: 2
  dropout: 0.1
  positional_encoding: true
  drop_path_ratio: 0.2
  visualize_attention: false
  num_plot_attention: 1500
training_main:
  epochs: 10
  batch_size: 16
  pre_trained: false
  optimizer: adamw
  lr: 0.001
  weight_decay: 0.0001
  loss_function: CrossEntropyLoss
  label_smoothing: 0.1
  scheduler: cosineannealinglr
  scheduler_params:
    T_max: 10
    eta_min: 0.0001
  best_model_criterion: val_loss
training_baseline:
  model_name: mobilenet_v4_s
  epochs: 90
  batch_size: 16
  pre_trained: false
  optimizer: adamw
  lr: 0.001
  weight_decay: 0.0001
  loss_function: CrossEntropyLoss
  label_smoothing: 0.1
  scheduler: cosineannealinglr
  scheduler_params:
    T_max: 90
    eta_min: 0.0001
  best_model_criterion: val_loss
finetuning_pruned:
  epochs: 80
  batch_size: 16
  optimizer: adamw
  lr: 0.001
  weight_decay: 0.0001
  loss_function: CrossEntropyLoss
  label_smoothing: 0.1
  scheduler: cosineannealinglr
  scheduler_params:
    T_max: 80
    eta_min: 0.0001
  best_model_criterion: val_loss
  use_wanda_pruning: true
  num_wanda_calib_samples: 1353
  pruning_sparsity: 0.5
  exclude_attention_qkv_pruning: true
  exclude_embedding_bridge_pruning: true
  exclude_learnable_queries_pruning: true

2026-03-04 04:22:28,600 - INFO - ==================================================
2026-03-04 04:22:28,706 - INFO - CUDA 사용 가능. GPU 사용을 시작합니다. (Device: NVIDIA RTX PRO 6000 Blackwell Server Edition)
2026-03-04 04:22:28,707 - INFO - 'Sewer_TAPNEW' 데이터 로드를 시작합니다 (Type: image_folder).
2026-03-04 04:22:28,707 - INFO - '/home/cau/workspace/data/Sewer/Sewer-TAPNEW' 경로의 데이터를 훈련/테스트셋으로 분할합니다.
2026-03-04 04:22:28,728 - INFO - 총 1692개 데이터를 훈련용 1353개, 테스트용 339개로 분할합니다 (split_seed=42).
2026-03-04 04:22:28,729 - INFO - 데이터셋 클래스: ['abnormal', 'normal'] (총 2개)
2026-03-04 04:22:28,730 - INFO - 훈련 데이터: 1353개, 검증 데이터: 339개, 테스트 데이터: 339개
2026-03-04 04:22:28,730 - INFO - 이미지 크기: 224, 그리드 크기: 7x7 -> 인코더 패치 수: 49개
2026-03-04 04:22:29,010 - INFO - ==================================================
2026-03-04 04:22:29,010 - INFO - 모델 파라미터 수: 78,274 개
2026-03-04 04:22:29,010 - INFO -   - Encoder (Encoder):         22,656 개
2026-03-04 04:22:29,010 - INFO -     - conv_front (CNN Backbone):        22,592 개
2026-03-04 04:22:29,011 - INFO -     - 1x1_conv (Channel Proj):          0 개
2026-03-04 04:22:29,011 - INFO -     - norm (LayerNorm):                 64 개
2026-03-04 04:22:29,011 - INFO -   - Decoder (Cross-Attention-based):    53,312 개
2026-03-04 04:22:29,011 - INFO -     - Embedding Layer (feat_to_emb):   1,056 개
2026-03-04 04:22:29,011 - INFO -     - Init Key Proj (W_K_init):         1,056 개
2026-03-04 04:22:29,011 - INFO -     - Init Value Proj (W_V_init):       1,056 개
2026-03-04 04:22:29,011 - INFO -     - Learnable Queries:                32 개
2026-03-04 04:22:29,011 - INFO -     - Decoder Layers:                   50,112 개
2026-03-04 04:22:29,011 - INFO -   - Classifier (Projection MLP):        2,306 개
2026-03-04 04:22:29,011 - INFO - ================================================================================
2026-03-04 04:22:29,011 - INFO - 단계 1/2: training_main 기반 사전 훈련(Pre-training)을 시작합니다.
2026-03-04 04:22:29,012 - INFO - ================================================================================
2026-03-04 04:22:29,012 - INFO - 옵티마이저: AdamW (lr=0.001, weight_decay=0.0001)
2026-03-04 04:22:29,013 - INFO - 스케줄러: CosineAnnealingLR (T_max=10, eta_min=0.0001)
2026-03-04 04:22:29,013 - INFO - ==================================================
2026-03-04 04:22:29,014 - INFO - train 모드를 시작합니다.
2026-03-04 04:22:29,014 - INFO - 손실 함수: CrossEntropyLoss (label_smoothing: 0.1)
2026-03-04 04:22:29,014 - INFO - --------------------------------------------------
2026-03-04 04:22:29,014 - INFO - [LR]    [1/10] | Learning Rate: 0.001000
2026-03-04 04:22:40,067 - INFO - [Train] [1/10] | Loss: 0.5833 | Train Acc: 71.73%
2026-03-04 04:22:43,980 - INFO - [Valid] [1/10] | Loss: 0.5470 | Val Acc: 74.93%
2026-03-04 04:22:43,998 - INFO - [Metrics for 'abnormal'] | Precision: 0.7609 | Recall: 0.6688 | F1: 0.7119
2026-03-04 04:22:43,998 - INFO - [Metrics for 'normal'] | Precision: 0.7413 | Recall: 0.8187 | F1: 0.7781
2026-03-04 04:22:44,031 - INFO - [Best Model Saved] (val loss: 0.5470) -> 'log/Sewer_TAPNEW/main_20260304_042228_grid7_patch1_layer6_head4/best_model.pth'
2026-03-04 04:22:44,032 - INFO - --------------------------------------------------
2026-03-04 04:22:44,032 - INFO - [LR]    [2/10] | Learning Rate: 0.000978
2026-03-04 04:22:53,127 - INFO - [Train] [2/10] | Loss: 0.5173 | Train Acc: 78.87%
2026-03-04 04:22:55,891 - INFO - [Valid] [2/10] | Loss: 0.5443 | Val Acc: 79.06%
2026-03-04 04:22:55,911 - INFO - [Metrics for 'abnormal'] | Precision: 0.7471 | Recall: 0.8280 | F1: 0.7855
2026-03-04 04:22:55,911 - INFO - [Metrics for 'normal'] | Precision: 0.8364 | Recall: 0.7582 | F1: 0.7954
2026-03-04 04:22:55,958 - INFO - [Best Model Saved] (val loss: 0.5443) -> 'log/Sewer_TAPNEW/main_20260304_042228_grid7_patch1_layer6_head4/best_model.pth'
2026-03-04 04:22:55,959 - INFO - --------------------------------------------------
2026-03-04 04:22:55,959 - INFO - [LR]    [3/10] | Learning Rate: 0.000914
2026-03-04 04:23:04,927 - INFO - [Train] [3/10] | Loss: 0.4974 | Train Acc: 79.54%
2026-03-04 04:23:07,646 - INFO - [Valid] [3/10] | Loss: 0.5188 | Val Acc: 78.47%
2026-03-04 04:23:07,665 - INFO - [Metrics for 'abnormal'] | Precision: 0.7414 | Recall: 0.8217 | F1: 0.7795
2026-03-04 04:23:07,665 - INFO - [Metrics for 'normal'] | Precision: 0.8303 | Recall: 0.7527 | F1: 0.7896
2026-03-04 04:23:07,692 - INFO - [Best Model Saved] (val loss: 0.5188) -> 'log/Sewer_TAPNEW/main_20260304_042228_grid7_patch1_layer6_head4/best_model.pth'
2026-03-04 04:23:07,693 - INFO - --------------------------------------------------
2026-03-04 04:23:07,693 - INFO - [LR]    [4/10] | Learning Rate: 0.000815
2026-03-04 04:23:16,662 - INFO - [Train] [4/10] | Loss: 0.4849 | Train Acc: 81.32%
2026-03-04 04:23:19,330 - INFO - [Valid] [4/10] | Loss: 0.5538 | Val Acc: 79.65%
2026-03-04 04:23:19,350 - INFO - [Metrics for 'abnormal'] | Precision: 0.7558 | Recall: 0.8280 | F1: 0.7903
2026-03-04 04:23:19,350 - INFO - [Metrics for 'normal'] | Precision: 0.8383 | Recall: 0.7692 | F1: 0.8023
2026-03-04 04:23:19,351 - INFO - --------------------------------------------------
2026-03-04 04:23:19,351 - INFO - [LR]    [5/10] | Learning Rate: 0.000689
2026-03-04 04:23:28,362 - INFO - [Train] [5/10] | Loss: 0.4652 | Train Acc: 82.89%
2026-03-04 04:23:31,053 - INFO - [Valid] [5/10] | Loss: 0.5039 | Val Acc: 79.06%
2026-03-04 04:23:31,071 - INFO - [Metrics for 'abnormal'] | Precision: 0.7945 | Recall: 0.7389 | F1: 0.7657
2026-03-04 04:23:31,071 - INFO - [Metrics for 'normal'] | Precision: 0.7876 | Recall: 0.8352 | F1: 0.8107
2026-03-04 04:23:31,099 - INFO - [Best Model Saved] (val loss: 0.5039) -> 'log/Sewer_TAPNEW/main_20260304_042228_grid7_patch1_layer6_head4/best_model.pth'
2026-03-04 04:23:31,100 - INFO - --------------------------------------------------
2026-03-04 04:23:31,100 - INFO - [LR]    [6/10] | Learning Rate: 0.000550
2026-03-04 04:23:40,064 - INFO - [Train] [6/10] | Loss: 0.4658 | Train Acc: 83.26%
2026-03-04 04:23:42,694 - INFO - [Valid] [6/10] | Loss: 0.4804 | Val Acc: 82.01%
2026-03-04 04:23:42,711 - INFO - [Metrics for 'abnormal'] | Precision: 0.8038 | Recall: 0.8089 | F1: 0.8063
2026-03-04 04:23:42,712 - INFO - [Metrics for 'normal'] | Precision: 0.8343 | Recall: 0.8297 | F1: 0.8320
2026-03-04 04:23:42,738 - INFO - [Best Model Saved] (val loss: 0.4804) -> 'log/Sewer_TAPNEW/main_20260304_042228_grid7_patch1_layer6_head4/best_model.pth'
2026-03-04 04:23:42,738 - INFO - --------------------------------------------------
2026-03-04 04:23:42,738 - INFO - [LR]    [7/10] | Learning Rate: 0.000411
2026-03-04 04:23:51,750 - INFO - [Train] [7/10] | Loss: 0.4593 | Train Acc: 83.41%
2026-03-04 04:23:54,396 - INFO - [Valid] [7/10] | Loss: 0.4854 | Val Acc: 81.12%
2026-03-04 04:23:54,414 - INFO - [Metrics for 'abnormal'] | Precision: 0.7962 | Recall: 0.7962 | F1: 0.7962
2026-03-04 04:23:54,414 - INFO - [Metrics for 'normal'] | Precision: 0.8242 | Recall: 0.8242 | F1: 0.8242
2026-03-04 04:23:54,414 - INFO - --------------------------------------------------
2026-03-04 04:23:54,415 - INFO - [LR]    [8/10] | Learning Rate: 0.000285
2026-03-04 04:24:03,479 - INFO - [Train] [8/10] | Loss: 0.4510 | Train Acc: 84.45%
2026-03-04 04:24:06,126 - INFO - [Valid] [8/10] | Loss: 0.4675 | Val Acc: 82.89%
2026-03-04 04:24:06,144 - INFO - [Metrics for 'abnormal'] | Precision: 0.8037 | Recall: 0.8344 | F1: 0.8187
2026-03-04 04:24:06,144 - INFO - [Metrics for 'normal'] | Precision: 0.8523 | Recall: 0.8242 | F1: 0.8380
2026-03-04 04:24:06,170 - INFO - [Best Model Saved] (val loss: 0.4675) -> 'log/Sewer_TAPNEW/main_20260304_042228_grid7_patch1_layer6_head4/best_model.pth'
2026-03-04 04:24:06,171 - INFO - --------------------------------------------------
2026-03-04 04:24:06,171 - INFO - [LR]    [9/10] | Learning Rate: 0.000186
2026-03-04 04:24:15,196 - INFO - [Train] [9/10] | Loss: 0.4333 | Train Acc: 85.49%
2026-03-04 04:24:17,914 - INFO - [Valid] [9/10] | Loss: 0.4727 | Val Acc: 82.30%
2026-03-04 04:24:17,931 - INFO - [Metrics for 'abnormal'] | Precision: 0.7870 | Recall: 0.8471 | F1: 0.8160
2026-03-04 04:24:17,932 - INFO - [Metrics for 'normal'] | Precision: 0.8588 | Recall: 0.8022 | F1: 0.8295
2026-03-04 04:24:17,932 - INFO - --------------------------------------------------
2026-03-04 04:24:17,932 - INFO - [LR]    [10/10] | Learning Rate: 0.000122
2026-03-04 04:24:27,017 - INFO - [Train] [10/10] | Loss: 0.4334 | Train Acc: 85.64%
2026-03-04 04:24:29,685 - INFO - [Valid] [10/10] | Loss: 0.4729 | Val Acc: 82.89%
2026-03-04 04:24:29,703 - INFO - [Metrics for 'abnormal'] | Precision: 0.7964 | Recall: 0.8471 | F1: 0.8210
2026-03-04 04:24:29,703 - INFO - [Metrics for 'normal'] | Precision: 0.8605 | Recall: 0.8132 | F1: 0.8362
2026-03-04 04:24:29,704 - INFO - ================================================================================
2026-03-04 04:24:29,704 - INFO - 단계 2/2: Pruning 및 finetuning_pruned 기반 미세 조정을 시작합니다.
2026-03-04 04:24:29,704 - INFO - ================================================================================
2026-03-04 04:24:29,779 - INFO - 사전 훈련된 모델 'log/Sewer_TAPNEW/main_20260304_042228_grid7_patch1_layer6_head4/best_model.pth'을(를) 불러왔습니다.
2026-03-04 04:24:29,781 - INFO - ICAM Pruning 정책: full_model (encoder+decoder+classifier 대상, 마지막 분류층/attention qkv/embedding bridge/learnable queries 제외). ignored_layers=23
2026-03-04 04:24:29,785 - INFO - Wanda Pruning을 시작합니다.
2026-03-04 04:24:29,785 - INFO - Wanda 중요도 계산을 위해 Calibration을 수행합니다.
2026-03-04 04:24:29,789 - INFO -   - Calibration Samples: 1353 (approx 85 batches)
2026-03-04 04:24:38,788 - INFO - 분류 레이어 'Linear'을(를) Pruning 대상에서 제외합니다.
2026-03-04 04:24:39,123 - INFO - torch-pruning 완료. 모델 구조가 희소도(0.5)에 맞춰 변경되었습니다.
2026-03-04 04:24:39,123 - INFO - ==================================================
2026-03-04 04:24:39,151 - INFO - Pruning 정보(희소도: 0.5000)를 'log/Sewer_TAPNEW/main_20260304_042228_grid7_patch1_layer6_head4/pruning_info.yaml'에 저장했습니다.
2026-03-04 04:24:39,153 - INFO - ==================================================
2026-03-04 04:24:39,153 - INFO - 모델 파라미터 수: 48,674 개
2026-03-04 04:24:39,153 - INFO -   - Encoder (Encoder):         6,976 개
2026-03-04 04:24:39,154 - INFO -     - conv_front (CNN Backbone):        6,944 개
2026-03-04 04:24:39,154 - INFO -     - 1x1_conv (Channel Proj):          0 개
2026-03-04 04:24:39,154 - INFO -     - norm (LayerNorm):                 32 개
2026-03-04 04:24:39,154 - INFO -   - Decoder (Cross-Attention-based):    40,512 개
2026-03-04 04:24:39,154 - INFO -     - Embedding Layer (feat_to_emb):   544 개
2026-03-04 04:24:39,154 - INFO -     - Init Key Proj (W_K_init):         1,056 개
2026-03-04 04:24:39,154 - INFO -     - Init Value Proj (W_V_init):       1,056 개
2026-03-04 04:24:39,154 - INFO -     - Learnable Queries:                32 개
2026-03-04 04:24:39,154 - INFO -     - Decoder Layers:                   37,824 개
2026-03-04 04:24:39,154 - INFO -   - Classifier (Projection MLP):        1,186 개
2026-03-04 04:24:39,154 - INFO - Pruning 이후 finetuning_pruned 설정으로 미세 조정을 수행합니다.
2026-03-04 04:24:39,155 - INFO - 옵티마이저: AdamW (lr=0.001, weight_decay=0.0001)
2026-03-04 04:24:39,156 - INFO - 스케줄러: CosineAnnealingLR (T_max=80, eta_min=0.0001)
2026-03-04 04:24:39,156 - INFO - ==================================================
2026-03-04 04:24:39,157 - INFO - train 모드를 시작합니다.
2026-03-04 04:24:39,157 - INFO - 손실 함수: CrossEntropyLoss (label_smoothing: 0.1)
2026-03-04 04:24:39,157 - INFO - --------------------------------------------------
2026-03-04 04:24:39,157 - INFO - [LR]    [1/80] | Learning Rate: 0.001000
2026-03-04 04:24:48,159 - INFO - [Train] [1/80] | Loss: 0.5272 | Train Acc: 78.79%
2026-03-04 04:24:50,815 - INFO - [Valid] [1/80] | Loss: 0.5699 | Val Acc: 72.86%
2026-03-04 04:24:50,833 - INFO - [Metrics for 'abnormal'] | Precision: 0.8218 | Recall: 0.5287 | F1: 0.6434
2026-03-04 04:24:50,833 - INFO - [Metrics for 'normal'] | Precision: 0.6891 | Recall: 0.9011 | F1: 0.7810
2026-03-04 04:24:50,860 - INFO - [Best Model Saved] (val loss: 0.5699) -> 'log/Sewer_TAPNEW/main_20260304_042228_grid7_patch1_layer6_head4/best_model.pth'
2026-03-04 04:24:50,860 - INFO - --------------------------------------------------
2026-03-04 04:24:50,860 - INFO - [LR]    [2/80] | Learning Rate: 0.001000
2026-03-04 04:24:59,831 - INFO - [Train] [2/80] | Loss: 0.4890 | Train Acc: 80.51%
2026-03-04 04:25:02,502 - INFO - [Valid] [2/80] | Loss: 0.4934 | Val Acc: 80.53%
2026-03-04 04:25:02,520 - INFO - [Metrics for 'abnormal'] | Precision: 0.8095 | Recall: 0.7580 | F1: 0.7829
2026-03-04 04:25:02,520 - INFO - [Metrics for 'normal'] | Precision: 0.8021 | Recall: 0.8462 | F1: 0.8235
2026-03-04 04:25:02,549 - INFO - [Best Model Saved] (val loss: 0.4934) -> 'log/Sewer_TAPNEW/main_20260304_042228_grid7_patch1_layer6_head4/best_model.pth'
2026-03-04 04:25:02,550 - INFO - --------------------------------------------------
2026-03-04 04:25:02,550 - INFO - [LR]    [3/80] | Learning Rate: 0.000999
2026-03-04 04:25:11,563 - INFO - [Train] [3/80] | Loss: 0.4742 | Train Acc: 82.29%
2026-03-04 04:25:14,196 - INFO - [Valid] [3/80] | Loss: 0.4868 | Val Acc: 80.24%
2026-03-04 04:25:14,214 - INFO - [Metrics for 'abnormal'] | Precision: 0.8409 | Recall: 0.7070 | F1: 0.7682
2026-03-04 04:25:14,214 - INFO - [Metrics for 'normal'] | Precision: 0.7778 | Recall: 0.8846 | F1: 0.8278
2026-03-04 04:25:14,243 - INFO - [Best Model Saved] (val loss: 0.4868) -> 'log/Sewer_TAPNEW/main_20260304_042228_grid7_patch1_layer6_head4/best_model.pth'
2026-03-04 04:25:14,243 - INFO - --------------------------------------------------
2026-03-04 04:25:14,244 - INFO - [LR]    [4/80] | Learning Rate: 0.000997
2026-03-04 04:25:23,252 - INFO - [Train] [4/80] | Loss: 0.4721 | Train Acc: 81.70%
2026-03-04 04:25:25,878 - INFO - [Valid] [4/80] | Loss: 0.5029 | Val Acc: 79.35%
2026-03-04 04:25:25,895 - INFO - [Metrics for 'abnormal'] | Precision: 0.7486 | Recall: 0.8344 | F1: 0.7892
2026-03-04 04:25:25,896 - INFO - [Metrics for 'normal'] | Precision: 0.8415 | Recall: 0.7582 | F1: 0.7977
2026-03-04 04:25:25,896 - INFO - --------------------------------------------------
2026-03-04 04:25:25,896 - INFO - [LR]    [5/80] | Learning Rate: 0.000994
2026-03-04 04:25:34,923 - INFO - [Train] [5/80] | Loss: 0.4657 | Train Acc: 82.89%
2026-03-04 04:25:37,548 - INFO - [Valid] [5/80] | Loss: 0.5121 | Val Acc: 78.47%
2026-03-04 04:25:37,565 - INFO - [Metrics for 'abnormal'] | Precision: 0.7838 | Recall: 0.7389 | F1: 0.7607
2026-03-04 04:25:37,565 - INFO - [Metrics for 'normal'] | Precision: 0.7853 | Recall: 0.8242 | F1: 0.8043
2026-03-04 04:25:37,566 - INFO - --------------------------------------------------
2026-03-04 04:25:37,566 - INFO - [LR]    [6/80] | Learning Rate: 0.000991
2026-03-04 04:25:46,457 - INFO - [Train] [6/80] | Loss: 0.4566 | Train Acc: 83.11%
2026-03-04 04:25:49,104 - INFO - [Valid] [6/80] | Loss: 0.4598 | Val Acc: 82.30%
2026-03-04 04:25:49,121 - INFO - [Metrics for 'abnormal'] | Precision: 0.8345 | Recall: 0.7707 | F1: 0.8013
2026-03-04 04:25:49,122 - INFO - [Metrics for 'normal'] | Precision: 0.8144 | Recall: 0.8681 | F1: 0.8404
2026-03-04 04:25:49,148 - INFO - [Best Model Saved] (val loss: 0.4598) -> 'log/Sewer_TAPNEW/main_20260304_042228_grid7_patch1_layer6_head4/best_model.pth'
2026-03-04 04:25:49,148 - INFO - --------------------------------------------------
2026-03-04 04:25:49,148 - INFO - [LR]    [7/80] | Learning Rate: 0.000988
2026-03-04 04:25:58,228 - INFO - [Train] [7/80] | Loss: 0.4581 | Train Acc: 83.41%
2026-03-04 04:26:00,853 - INFO - [Valid] [7/80] | Loss: 0.4614 | Val Acc: 82.89%
2026-03-04 04:26:00,870 - INFO - [Metrics for 'abnormal'] | Precision: 0.8511 | Recall: 0.7643 | F1: 0.8054
2026-03-04 04:26:00,870 - INFO - [Metrics for 'normal'] | Precision: 0.8131 | Recall: 0.8846 | F1: 0.8474
2026-03-04 04:26:00,871 - INFO - --------------------------------------------------
2026-03-04 04:26:00,871 - INFO - [LR]    [8/80] | Learning Rate: 0.000983
2026-03-04 04:26:10,114 - INFO - [Train] [8/80] | Loss: 0.4626 | Train Acc: 83.11%
2026-03-04 04:26:12,751 - INFO - [Valid] [8/80] | Loss: 0.4653 | Val Acc: 82.60%
2026-03-04 04:26:12,769 - INFO - [Metrics for 'abnormal'] | Precision: 0.8267 | Recall: 0.7898 | F1: 0.8078
2026-03-04 04:26:12,769 - INFO - [Metrics for 'normal'] | Precision: 0.8254 | Recall: 0.8571 | F1: 0.8410
2026-03-04 04:26:12,769 - INFO - --------------------------------------------------
2026-03-04 04:26:12,769 - INFO - [LR]    [9/80] | Learning Rate: 0.000978
2026-03-04 04:26:21,798 - INFO - [Train] [9/80] | Loss: 0.4389 | Train Acc: 83.41%
2026-03-04 04:26:24,432 - INFO - [Valid] [9/80] | Loss: 0.5021 | Val Acc: 80.53%
2026-03-04 04:26:24,449 - INFO - [Metrics for 'abnormal'] | Precision: 0.8013 | Recall: 0.7707 | F1: 0.7857
2026-03-04 04:26:24,450 - INFO - [Metrics for 'normal'] | Precision: 0.8085 | Recall: 0.8352 | F1: 0.8216
2026-03-04 04:26:24,450 - INFO - --------------------------------------------------
2026-03-04 04:26:24,450 - INFO - [LR]    [10/80] | Learning Rate: 0.000972
2026-03-04 04:26:33,391 - INFO - [Train] [10/80] | Loss: 0.4513 | Train Acc: 84.38%
2026-03-04 04:26:36,028 - INFO - [Valid] [10/80] | Loss: 0.4833 | Val Acc: 80.53%
2026-03-04 04:26:36,045 - INFO - [Metrics for 'abnormal'] | Precision: 0.8370 | Recall: 0.7197 | F1: 0.7740
2026-03-04 04:26:36,046 - INFO - [Metrics for 'normal'] | Precision: 0.7843 | Recall: 0.8791 | F1: 0.8290
2026-03-04 04:26:36,046 - INFO - --------------------------------------------------
2026-03-04 04:26:36,046 - INFO - [LR]    [11/80] | Learning Rate: 0.000966
2026-03-04 04:26:45,094 - INFO - [Train] [11/80] | Loss: 0.4453 | Train Acc: 84.67%
2026-03-04 04:26:47,731 - INFO - [Valid] [11/80] | Loss: 0.4760 | Val Acc: 82.60%
2026-03-04 04:26:47,749 - INFO - [Metrics for 'abnormal'] | Precision: 0.8889 | Recall: 0.7134 | F1: 0.7915
2026-03-04 04:26:47,750 - INFO - [Metrics for 'normal'] | Precision: 0.7887 | Recall: 0.9231 | F1: 0.8506
2026-03-04 04:26:47,750 - INFO - --------------------------------------------------
2026-03-04 04:26:47,750 - INFO - [LR]    [12/80] | Learning Rate: 0.000959
2026-03-04 04:26:56,958 - INFO - [Train] [12/80] | Loss: 0.4319 | Train Acc: 85.27%
2026-03-04 04:26:59,594 - INFO - [Valid] [12/80] | Loss: 0.5689 | Val Acc: 76.11%
2026-03-04 04:26:59,612 - INFO - [Metrics for 'abnormal'] | Precision: 0.6863 | Recall: 0.8917 | F1: 0.7756
2026-03-04 04:26:59,612 - INFO - [Metrics for 'normal'] | Precision: 0.8741 | Recall: 0.6484 | F1: 0.7445
2026-03-04 04:26:59,613 - INFO - --------------------------------------------------
2026-03-04 04:26:59,613 - INFO - [LR]    [13/80] | Learning Rate: 0.000951
2026-03-04 04:27:08,639 - INFO - [Train] [13/80] | Loss: 0.4397 | Train Acc: 84.30%
2026-03-04 04:27:11,255 - INFO - [Valid] [13/80] | Loss: 0.4491 | Val Acc: 84.07%
2026-03-04 04:27:11,273 - INFO - [Metrics for 'abnormal'] | Precision: 0.8323 | Recall: 0.8217 | F1: 0.8269
2026-03-04 04:27:11,274 - INFO - [Metrics for 'normal'] | Precision: 0.8478 | Recall: 0.8571 | F1: 0.8525
2026-03-04 04:27:11,300 - INFO - [Best Model Saved] (val loss: 0.4491) -> 'log/Sewer_TAPNEW/main_20260304_042228_grid7_patch1_layer6_head4/best_model.pth'
2026-03-04 04:27:11,300 - INFO - --------------------------------------------------
2026-03-04 04:27:11,300 - INFO - [LR]    [14/80] | Learning Rate: 0.000943
2026-03-04 04:27:20,503 - INFO - [Train] [14/80] | Loss: 0.4275 | Train Acc: 84.60%
2026-03-04 04:27:23,134 - INFO - [Valid] [14/80] | Loss: 0.4787 | Val Acc: 81.42%
2026-03-04 04:27:23,152 - INFO - [Metrics for 'abnormal'] | Precision: 0.8561 | Recall: 0.7197 | F1: 0.7820
2026-03-04 04:27:23,152 - INFO - [Metrics for 'normal'] | Precision: 0.7874 | Recall: 0.8956 | F1: 0.8380
2026-03-04 04:27:23,153 - INFO - --------------------------------------------------
2026-03-04 04:27:23,153 - INFO - [LR]    [15/80] | Learning Rate: 0.000934
2026-03-04 04:27:32,198 - INFO - [Train] [15/80] | Loss: 0.4271 | Train Acc: 85.34%
2026-03-04 04:27:34,850 - INFO - [Valid] [15/80] | Loss: 0.4510 | Val Acc: 82.01%
2026-03-04 04:27:34,867 - INFO - [Metrics for 'abnormal'] | Precision: 0.8000 | Recall: 0.8153 | F1: 0.8076
2026-03-04 04:27:34,867 - INFO - [Metrics for 'normal'] | Precision: 0.8380 | Recall: 0.8242 | F1: 0.8310
2026-03-04 04:27:34,867 - INFO - --------------------------------------------------
2026-03-04 04:27:34,867 - INFO - [LR]    [16/80] | Learning Rate: 0.000924
2026-03-04 04:27:43,927 - INFO - [Train] [16/80] | Loss: 0.4215 | Train Acc: 85.12%
2026-03-04 04:27:46,592 - INFO - [Valid] [16/80] | Loss: 0.4639 | Val Acc: 82.30%
2026-03-04 04:27:46,609 - INFO - [Metrics for 'abnormal'] | Precision: 0.7870 | Recall: 0.8471 | F1: 0.8160
2026-03-04 04:27:46,610 - INFO - [Metrics for 'normal'] | Precision: 0.8588 | Recall: 0.8022 | F1: 0.8295
2026-03-04 04:27:46,610 - INFO - --------------------------------------------------
2026-03-04 04:27:46,610 - INFO - [LR]    [17/80] | Learning Rate: 0.000914
2026-03-04 04:27:55,759 - INFO - [Train] [17/80] | Loss: 0.4227 | Train Acc: 85.12%
2026-03-04 04:27:58,390 - INFO - [Valid] [17/80] | Loss: 0.5535 | Val Acc: 77.29%
2026-03-04 04:27:58,408 - INFO - [Metrics for 'abnormal'] | Precision: 0.8125 | Recall: 0.6624 | F1: 0.7298
2026-03-04 04:27:58,408 - INFO - [Metrics for 'normal'] | Precision: 0.7488 | Recall: 0.8681 | F1: 0.8041
2026-03-04 04:27:58,408 - INFO - --------------------------------------------------
2026-03-04 04:27:58,408 - INFO - [LR]    [18/80] | Learning Rate: 0.000903
2026-03-04 04:28:07,450 - INFO - [Train] [18/80] | Loss: 0.4313 | Train Acc: 85.42%
2026-03-04 04:28:10,071 - INFO - [Valid] [18/80] | Loss: 0.4707 | Val Acc: 81.71%
2026-03-04 04:28:10,090 - INFO - [Metrics for 'abnormal'] | Precision: 0.7950 | Recall: 0.8153 | F1: 0.8050
2026-03-04 04:28:10,090 - INFO - [Metrics for 'normal'] | Precision: 0.8371 | Recall: 0.8187 | F1: 0.8278
2026-03-04 04:28:10,091 - INFO - --------------------------------------------------
2026-03-04 04:28:10,091 - INFO - [LR]    [19/80] | Learning Rate: 0.000892
2026-03-04 04:28:19,170 - INFO - [Train] [19/80] | Loss: 0.4165 | Train Acc: 86.09%
2026-03-04 04:28:21,817 - INFO - [Valid] [19/80] | Loss: 0.4737 | Val Acc: 80.83%
2026-03-04 04:28:21,834 - INFO - [Metrics for 'abnormal'] | Precision: 0.7987 | Recall: 0.7834 | F1: 0.7910
2026-03-04 04:28:21,835 - INFO - [Metrics for 'normal'] | Precision: 0.8162 | Recall: 0.8297 | F1: 0.8229
2026-03-04 04:28:21,835 - INFO - --------------------------------------------------
2026-03-04 04:28:21,835 - INFO - [LR]    [20/80] | Learning Rate: 0.000880
2026-03-04 04:28:30,957 - INFO - [Train] [20/80] | Loss: 0.4084 | Train Acc: 85.71%
2026-03-04 04:28:33,613 - INFO - [Valid] [20/80] | Loss: 0.4672 | Val Acc: 81.71%
2026-03-04 04:28:33,630 - INFO - [Metrics for 'abnormal'] | Precision: 0.8146 | Recall: 0.7834 | F1: 0.7987
2026-03-04 04:28:33,631 - INFO - [Metrics for 'normal'] | Precision: 0.8191 | Recall: 0.8462 | F1: 0.8324
2026-03-04 04:28:33,631 - INFO - --------------------------------------------------
2026-03-04 04:28:33,631 - INFO - [LR]    [21/80] | Learning Rate: 0.000868
2026-03-04 04:28:42,583 - INFO - [Train] [21/80] | Loss: 0.4201 | Train Acc: 86.09%
2026-03-04 04:28:45,242 - INFO - [Valid] [21/80] | Loss: 0.4603 | Val Acc: 82.30%
2026-03-04 04:28:45,259 - INFO - [Metrics for 'abnormal'] | Precision: 0.7939 | Recall: 0.8344 | F1: 0.8137
2026-03-04 04:28:45,260 - INFO - [Metrics for 'normal'] | Precision: 0.8506 | Recall: 0.8132 | F1: 0.8315
2026-03-04 04:28:45,260 - INFO - --------------------------------------------------
2026-03-04 04:28:45,260 - INFO - [LR]    [22/80] | Learning Rate: 0.000855
2026-03-04 04:28:54,259 - INFO - [Train] [22/80] | Loss: 0.4216 | Train Acc: 85.94%
2026-03-04 04:28:56,911 - INFO - [Valid] [22/80] | Loss: 0.4653 | Val Acc: 82.60%
2026-03-04 04:28:56,928 - INFO - [Metrics for 'abnormal'] | Precision: 0.7849 | Recall: 0.8599 | F1: 0.8207
2026-03-04 04:28:56,929 - INFO - [Metrics for 'normal'] | Precision: 0.8683 | Recall: 0.7967 | F1: 0.8309
2026-03-04 04:28:56,929 - INFO - --------------------------------------------------
2026-03-04 04:28:56,929 - INFO - [LR]    [23/80] | Learning Rate: 0.000842
2026-03-04 04:29:05,815 - INFO - [Train] [23/80] | Loss: 0.4172 | Train Acc: 86.68%
2026-03-04 04:29:08,446 - INFO - [Valid] [23/80] | Loss: 0.4612 | Val Acc: 81.71%
2026-03-04 04:29:08,463 - INFO - [Metrics for 'abnormal'] | Precision: 0.7987 | Recall: 0.8089 | F1: 0.8038
2026-03-04 04:29:08,464 - INFO - [Metrics for 'normal'] | Precision: 0.8333 | Recall: 0.8242 | F1: 0.8287
2026-03-04 04:29:08,464 - INFO - --------------------------------------------------
2026-03-04 04:29:08,465 - INFO - [LR]    [24/80] | Learning Rate: 0.000829
2026-03-04 04:29:17,406 - INFO - [Train] [24/80] | Loss: 0.4067 | Train Acc: 86.68%
2026-03-04 04:29:20,051 - INFO - [Valid] [24/80] | Loss: 0.4469 | Val Acc: 82.89%
2026-03-04 04:29:20,069 - INFO - [Metrics for 'abnormal'] | Precision: 0.7735 | Recall: 0.8917 | F1: 0.8284
2026-03-04 04:29:20,069 - INFO - [Metrics for 'normal'] | Precision: 0.8924 | Recall: 0.7747 | F1: 0.8294
2026-03-04 04:29:20,097 - INFO - [Best Model Saved] (val loss: 0.4469) -> 'log/Sewer_TAPNEW/main_20260304_042228_grid7_patch1_layer6_head4/best_model.pth'
2026-03-04 04:29:20,097 - INFO - --------------------------------------------------
2026-03-04 04:29:20,097 - INFO - [LR]    [25/80] | Learning Rate: 0.000815
2026-03-04 04:29:29,023 - INFO - [Train] [25/80] | Loss: 0.3922 | Train Acc: 87.35%
2026-03-04 04:29:31,695 - INFO - [Valid] [25/80] | Loss: 0.4583 | Val Acc: 82.60%
2026-03-04 04:29:31,712 - INFO - [Metrics for 'abnormal'] | Precision: 0.7784 | Recall: 0.8726 | F1: 0.8228
2026-03-04 04:29:31,712 - INFO - [Metrics for 'normal'] | Precision: 0.8773 | Recall: 0.7857 | F1: 0.8290
2026-03-04 04:29:31,713 - INFO - --------------------------------------------------
2026-03-04 04:29:31,713 - INFO - [LR]    [26/80] | Learning Rate: 0.000800
2026-03-04 04:29:40,549 - INFO - [Train] [26/80] | Loss: 0.4090 | Train Acc: 86.76%
2026-03-04 04:29:43,193 - INFO - [Valid] [26/80] | Loss: 0.4627 | Val Acc: 82.01%
2026-03-04 04:29:43,211 - INFO - [Metrics for 'abnormal'] | Precision: 0.8000 | Recall: 0.8153 | F1: 0.8076
2026-03-04 04:29:43,211 - INFO - [Metrics for 'normal'] | Precision: 0.8380 | Recall: 0.8242 | F1: 0.8310
2026-03-04 04:29:43,212 - INFO - --------------------------------------------------
2026-03-04 04:29:43,212 - INFO - [LR]    [27/80] | Learning Rate: 0.000785
2026-03-04 04:29:52,268 - INFO - [Train] [27/80] | Loss: 0.3926 | Train Acc: 88.17%
2026-03-04 04:29:54,964 - INFO - [Valid] [27/80] | Loss: 0.4683 | Val Acc: 81.42%
2026-03-04 04:29:54,981 - INFO - [Metrics for 'abnormal'] | Precision: 0.7474 | Recall: 0.9045 | F1: 0.8184
2026-03-04 04:29:54,981 - INFO - [Metrics for 'normal'] | Precision: 0.8993 | Recall: 0.7363 | F1: 0.8097
2026-03-04 04:29:54,982 - INFO - --------------------------------------------------
2026-03-04 04:29:54,982 - INFO - [LR]    [28/80] | Learning Rate: 0.000770
2026-03-04 04:30:03,989 - INFO - [Train] [28/80] | Loss: 0.3956 | Train Acc: 87.50%
2026-03-04 04:30:06,648 - INFO - [Valid] [28/80] | Loss: 0.4706 | Val Acc: 81.71%
2026-03-04 04:30:06,665 - INFO - [Metrics for 'abnormal'] | Precision: 0.7778 | Recall: 0.8471 | F1: 0.8110
2026-03-04 04:30:06,665 - INFO - [Metrics for 'normal'] | Precision: 0.8571 | Recall: 0.7912 | F1: 0.8229
2026-03-04 04:30:06,666 - INFO - --------------------------------------------------
2026-03-04 04:30:06,666 - INFO - [LR]    [29/80] | Learning Rate: 0.000754
2026-03-04 04:30:15,597 - INFO - [Train] [29/80] | Loss: 0.3935 | Train Acc: 87.87%
2026-03-04 04:30:18,244 - INFO - [Valid] [29/80] | Loss: 0.4530 | Val Acc: 82.89%
2026-03-04 04:30:18,261 - INFO - [Metrics for 'abnormal'] | Precision: 0.8037 | Recall: 0.8344 | F1: 0.8187
2026-03-04 04:30:18,262 - INFO - [Metrics for 'normal'] | Precision: 0.8523 | Recall: 0.8242 | F1: 0.8380
2026-03-04 04:30:18,262 - INFO - --------------------------------------------------
2026-03-04 04:30:18,262 - INFO - [LR]    [30/80] | Learning Rate: 0.000738
2026-03-04 04:30:27,409 - INFO - [Train] [30/80] | Loss: 0.3947 | Train Acc: 87.80%
2026-03-04 04:30:30,108 - INFO - [Valid] [30/80] | Loss: 0.4493 | Val Acc: 81.71%
2026-03-04 04:30:30,125 - INFO - [Metrics for 'abnormal'] | Precision: 0.7950 | Recall: 0.8153 | F1: 0.8050
2026-03-04 04:30:30,126 - INFO - [Metrics for 'normal'] | Precision: 0.8371 | Recall: 0.8187 | F1: 0.8278
2026-03-04 04:30:30,126 - INFO - --------------------------------------------------
2026-03-04 04:30:30,126 - INFO - [LR]    [31/80] | Learning Rate: 0.000722
2026-03-04 04:30:39,154 - INFO - [Train] [31/80] | Loss: 0.4023 | Train Acc: 86.90%
2026-03-04 04:30:41,777 - INFO - [Valid] [31/80] | Loss: 0.4445 | Val Acc: 82.89%
2026-03-04 04:30:41,795 - INFO - [Metrics for 'abnormal'] | Precision: 0.7895 | Recall: 0.8599 | F1: 0.8232
2026-03-04 04:30:41,795 - INFO - [Metrics for 'normal'] | Precision: 0.8690 | Recall: 0.8022 | F1: 0.8343
2026-03-04 04:30:41,823 - INFO - [Best Model Saved] (val loss: 0.4445) -> 'log/Sewer_TAPNEW/main_20260304_042228_grid7_patch1_layer6_head4/best_model.pth'
2026-03-04 04:30:41,824 - INFO - --------------------------------------------------
2026-03-04 04:30:41,824 - INFO - [LR]    [32/80] | Learning Rate: 0.000706
2026-03-04 04:30:50,743 - INFO - [Train] [32/80] | Loss: 0.3912 | Train Acc: 87.87%
2026-03-04 04:30:53,366 - INFO - [Valid] [32/80] | Loss: 0.4373 | Val Acc: 84.07%
2026-03-04 04:30:53,384 - INFO - [Metrics for 'abnormal'] | Precision: 0.8121 | Recall: 0.8535 | F1: 0.8323
2026-03-04 04:30:53,385 - INFO - [Metrics for 'normal'] | Precision: 0.8678 | Recall: 0.8297 | F1: 0.8483
2026-03-04 04:30:53,412 - INFO - [Best Model Saved] (val loss: 0.4373) -> 'log/Sewer_TAPNEW/main_20260304_042228_grid7_patch1_layer6_head4/best_model.pth'
2026-03-04 04:30:53,413 - INFO - --------------------------------------------------
2026-03-04 04:30:53,413 - INFO - [LR]    [33/80] | Learning Rate: 0.000689
2026-03-04 04:31:02,579 - INFO - [Train] [33/80] | Loss: 0.3823 | Train Acc: 88.54%
2026-03-04 04:31:05,221 - INFO - [Valid] [33/80] | Loss: 0.4343 | Val Acc: 84.37%
2026-03-04 04:31:05,238 - INFO - [Metrics for 'abnormal'] | Precision: 0.8421 | Recall: 0.8153 | F1: 0.8285
2026-03-04 04:31:05,238 - INFO - [Metrics for 'normal'] | Precision: 0.8449 | Recall: 0.8681 | F1: 0.8564
2026-03-04 04:31:05,264 - INFO - [Best Model Saved] (val loss: 0.4343) -> 'log/Sewer_TAPNEW/main_20260304_042228_grid7_patch1_layer6_head4/best_model.pth'
2026-03-04 04:31:05,265 - INFO - --------------------------------------------------
2026-03-04 04:31:05,265 - INFO - [LR]    [34/80] | Learning Rate: 0.000672
2026-03-04 04:31:14,204 - INFO - [Train] [34/80] | Loss: 0.3974 | Train Acc: 87.35%
2026-03-04 04:31:16,831 - INFO - [Valid] [34/80] | Loss: 0.4559 | Val Acc: 83.48%
2026-03-04 04:31:16,849 - INFO - [Metrics for 'abnormal'] | Precision: 0.8301 | Recall: 0.8089 | F1: 0.8194
2026-03-04 04:31:16,849 - INFO - [Metrics for 'normal'] | Precision: 0.8387 | Recall: 0.8571 | F1: 0.8478
2026-03-04 04:31:16,849 - INFO - --------------------------------------------------
2026-03-04 04:31:16,850 - INFO - [LR]    [35/80] | Learning Rate: 0.000655
2026-03-04 04:31:25,815 - INFO - [Train] [35/80] | Loss: 0.3833 | Train Acc: 88.02%
2026-03-04 04:31:28,464 - INFO - [Valid] [35/80] | Loss: 0.4458 | Val Acc: 83.48%
2026-03-04 04:31:28,481 - INFO - [Metrics for 'abnormal'] | Precision: 0.8435 | Recall: 0.7898 | F1: 0.8158
2026-03-04 04:31:28,482 - INFO - [Metrics for 'normal'] | Precision: 0.8281 | Recall: 0.8736 | F1: 0.8503
2026-03-04 04:31:28,482 - INFO - --------------------------------------------------
2026-03-04 04:31:28,482 - INFO - [LR]    [36/80] | Learning Rate: 0.000638
2026-03-04 04:31:37,526 - INFO - [Train] [36/80] | Loss: 0.3929 | Train Acc: 87.80%
2026-03-04 04:31:40,146 - INFO - [Valid] [36/80] | Loss: 0.4540 | Val Acc: 83.48%
2026-03-04 04:31:40,163 - INFO - [Metrics for 'abnormal'] | Precision: 0.7821 | Recall: 0.8917 | F1: 0.8333
2026-03-04 04:31:40,163 - INFO - [Metrics for 'normal'] | Precision: 0.8938 | Recall: 0.7857 | F1: 0.8363
2026-03-04 04:31:40,164 - INFO - --------------------------------------------------
2026-03-04 04:31:40,164 - INFO - [LR]    [37/80] | Learning Rate: 0.000620
2026-03-04 04:31:49,107 - INFO - [Train] [37/80] | Loss: 0.3711 | Train Acc: 89.06%
2026-03-04 04:31:51,733 - INFO - [Valid] [37/80] | Loss: 0.4623 | Val Acc: 82.01%
2026-03-04 04:31:51,750 - INFO - [Metrics for 'abnormal'] | Precision: 0.7697 | Recall: 0.8726 | F1: 0.8179
2026-03-04 04:31:51,750 - INFO - [Metrics for 'normal'] | Precision: 0.8758 | Recall: 0.7747 | F1: 0.8222
2026-03-04 04:31:51,750 - INFO - --------------------------------------------------
2026-03-04 04:31:51,751 - INFO - [LR]    [38/80] | Learning Rate: 0.000603
2026-03-04 04:32:00,657 - INFO - [Train] [38/80] | Loss: 0.3883 | Train Acc: 87.35%
2026-03-04 04:32:03,304 - INFO - [Valid] [38/80] | Loss: 0.4558 | Val Acc: 82.89%
2026-03-04 04:32:03,322 - INFO - [Metrics for 'abnormal'] | Precision: 0.8414 | Recall: 0.7771 | F1: 0.8079
2026-03-04 04:32:03,322 - INFO - [Metrics for 'normal'] | Precision: 0.8196 | Recall: 0.8736 | F1: 0.8457
2026-03-04 04:32:03,322 - INFO - --------------------------------------------------
2026-03-04 04:32:03,322 - INFO - [LR]    [39/80] | Learning Rate: 0.000585
2026-03-04 04:32:12,310 - INFO - [Train] [39/80] | Loss: 0.3865 | Train Acc: 87.87%
2026-03-04 04:32:14,967 - INFO - [Valid] [39/80] | Loss: 0.4501 | Val Acc: 82.60%
2026-03-04 04:32:14,985 - INFO - [Metrics for 'abnormal'] | Precision: 0.8063 | Recall: 0.8217 | F1: 0.8139
2026-03-04 04:32:14,985 - INFO - [Metrics for 'normal'] | Precision: 0.8436 | Recall: 0.8297 | F1: 0.8366
2026-03-04 04:32:14,985 - INFO - --------------------------------------------------
2026-03-04 04:32:14,985 - INFO - [LR]    [40/80] | Learning Rate: 0.000568
2026-03-04 04:32:23,929 - INFO - [Train] [40/80] | Loss: 0.3667 | Train Acc: 88.91%
2026-03-04 04:32:26,556 - INFO - [Valid] [40/80] | Loss: 0.4561 | Val Acc: 82.60%
2026-03-04 04:32:26,573 - INFO - [Metrics for 'abnormal'] | Precision: 0.7882 | Recall: 0.8535 | F1: 0.8196
2026-03-04 04:32:26,573 - INFO - [Metrics for 'normal'] | Precision: 0.8639 | Recall: 0.8022 | F1: 0.8319
2026-03-04 04:32:26,573 - INFO - --------------------------------------------------
2026-03-04 04:32:26,573 - INFO - [LR]    [41/80] | Learning Rate: 0.000550
2026-03-04 04:32:35,636 - INFO - [Train] [41/80] | Loss: 0.3825 | Train Acc: 88.39%
2026-03-04 04:32:38,303 - INFO - [Valid] [41/80] | Loss: 0.4440 | Val Acc: 82.30%
2026-03-04 04:32:38,320 - INFO - [Metrics for 'abnormal'] | Precision: 0.7904 | Recall: 0.8408 | F1: 0.8148
2026-03-04 04:32:38,320 - INFO - [Metrics for 'normal'] | Precision: 0.8547 | Recall: 0.8077 | F1: 0.8305
2026-03-04 04:32:38,320 - INFO - --------------------------------------------------
2026-03-04 04:32:38,320 - INFO - [LR]    [42/80] | Learning Rate: 0.000532
2026-03-04 04:32:47,296 - INFO - [Train] [42/80] | Loss: 0.3820 | Train Acc: 87.50%
2026-03-04 04:32:49,892 - INFO - [Valid] [42/80] | Loss: 0.4460 | Val Acc: 83.48%
2026-03-04 04:32:49,909 - INFO - [Metrics for 'abnormal'] | Precision: 0.8531 | Recall: 0.7771 | F1: 0.8133
2026-03-04 04:32:49,909 - INFO - [Metrics for 'normal'] | Precision: 0.8214 | Recall: 0.8846 | F1: 0.8519
2026-03-04 04:32:49,909 - INFO - --------------------------------------------------
2026-03-04 04:32:49,910 - INFO - [LR]    [43/80] | Learning Rate: 0.000515
2026-03-04 04:32:58,813 - INFO - [Train] [43/80] | Loss: 0.3667 | Train Acc: 88.99%
2026-03-04 04:33:01,409 - INFO - [Valid] [43/80] | Loss: 0.4370 | Val Acc: 85.25%
2026-03-04 04:33:01,426 - INFO - [Metrics for 'abnormal'] | Precision: 0.8365 | Recall: 0.8471 | F1: 0.8418
2026-03-04 04:33:01,426 - INFO - [Metrics for 'normal'] | Precision: 0.8667 | Recall: 0.8571 | F1: 0.8619
2026-03-04 04:33:01,427 - INFO - --------------------------------------------------
2026-03-04 04:33:01,427 - INFO - [LR]    [44/80] | Learning Rate: 0.000497
2026-03-04 04:33:10,367 - INFO - [Train] [44/80] | Loss: 0.3615 | Train Acc: 89.14%
2026-03-04 04:33:13,021 - INFO - [Valid] [44/80] | Loss: 0.4387 | Val Acc: 84.07%
2026-03-04 04:33:13,038 - INFO - [Metrics for 'abnormal'] | Precision: 0.8411 | Recall: 0.8089 | F1: 0.8247
2026-03-04 04:33:13,038 - INFO - [Metrics for 'normal'] | Precision: 0.8404 | Recall: 0.8681 | F1: 0.8541
2026-03-04 04:33:13,039 - INFO - --------------------------------------------------
2026-03-04 04:33:13,039 - INFO - [LR]    [45/80] | Learning Rate: 0.000480
2026-03-04 04:33:22,130 - INFO - [Train] [45/80] | Loss: 0.3687 | Train Acc: 88.47%
2026-03-04 04:33:24,779 - INFO - [Valid] [45/80] | Loss: 0.4786 | Val Acc: 81.12%
2026-03-04 04:33:24,797 - INFO - [Metrics for 'abnormal'] | Precision: 0.8298 | Recall: 0.7452 | F1: 0.7852
2026-03-04 04:33:24,797 - INFO - [Metrics for 'normal'] | Precision: 0.7980 | Recall: 0.8681 | F1: 0.8316
2026-03-04 04:33:24,797 - INFO - --------------------------------------------------
2026-03-04 04:33:24,797 - INFO - [LR]    [46/80] | Learning Rate: 0.000462
2026-03-04 04:33:33,884 - INFO - [Train] [46/80] | Loss: 0.3634 | Train Acc: 88.84%
2026-03-04 04:33:36,525 - INFO - [Valid] [46/80] | Loss: 0.4475 | Val Acc: 82.01%
2026-03-04 04:33:36,542 - INFO - [Metrics for 'abnormal'] | Precision: 0.7637 | Recall: 0.8854 | F1: 0.8201
2026-03-04 04:33:36,543 - INFO - [Metrics for 'normal'] | Precision: 0.8854 | Recall: 0.7637 | F1: 0.8201
2026-03-04 04:33:36,543 - INFO - --------------------------------------------------
2026-03-04 04:33:36,543 - INFO - [LR]    [47/80] | Learning Rate: 0.000445
2026-03-04 04:33:45,402 - INFO - [Train] [47/80] | Loss: 0.3661 | Train Acc: 88.99%
2026-03-04 04:33:48,021 - INFO - [Valid] [47/80] | Loss: 0.4624 | Val Acc: 83.19%
2026-03-04 04:33:48,038 - INFO - [Metrics for 'abnormal'] | Precision: 0.8205 | Recall: 0.8153 | F1: 0.8179
2026-03-04 04:33:48,038 - INFO - [Metrics for 'normal'] | Precision: 0.8415 | Recall: 0.8462 | F1: 0.8438
2026-03-04 04:33:48,039 - INFO - --------------------------------------------------
2026-03-04 04:33:48,039 - INFO - [LR]    [48/80] | Learning Rate: 0.000428
2026-03-04 04:33:57,089 - INFO - [Train] [48/80] | Loss: 0.3650 | Train Acc: 88.84%
2026-03-04 04:33:59,717 - INFO - [Valid] [48/80] | Loss: 0.4545 | Val Acc: 83.19%
2026-03-04 04:33:59,735 - INFO - [Metrics for 'abnormal'] | Precision: 0.8247 | Recall: 0.8089 | F1: 0.8167
2026-03-04 04:33:59,735 - INFO - [Metrics for 'normal'] | Precision: 0.8378 | Recall: 0.8516 | F1: 0.8447
2026-03-04 04:33:59,735 - INFO - --------------------------------------------------
2026-03-04 04:33:59,735 - INFO - [LR]    [49/80] | Learning Rate: 0.000411
2026-03-04 04:34:08,694 - INFO - [Train] [49/80] | Loss: 0.3551 | Train Acc: 88.91%
2026-03-04 04:34:11,320 - INFO - [Valid] [49/80] | Loss: 0.4400 | Val Acc: 84.07%
2026-03-04 04:34:11,340 - INFO - [Metrics for 'abnormal'] | Precision: 0.8047 | Recall: 0.8662 | F1: 0.8344
2026-03-04 04:34:11,340 - INFO - [Metrics for 'normal'] | Precision: 0.8765 | Recall: 0.8187 | F1: 0.8466
2026-03-04 04:34:11,341 - INFO - --------------------------------------------------
2026-03-04 04:34:11,341 - INFO - [LR]    [50/80] | Learning Rate: 0.000394
2026-03-04 04:34:20,360 - INFO - [Train] [50/80] | Loss: 0.3575 | Train Acc: 89.06%
2026-03-04 04:34:23,004 - INFO - [Valid] [50/80] | Loss: 0.4433 | Val Acc: 84.07%
2026-03-04 04:34:23,022 - INFO - [Metrics for 'abnormal'] | Precision: 0.8047 | Recall: 0.8662 | F1: 0.8344
2026-03-04 04:34:23,022 - INFO - [Metrics for 'normal'] | Precision: 0.8765 | Recall: 0.8187 | F1: 0.8466
2026-03-04 04:34:23,022 - INFO - --------------------------------------------------
2026-03-04 04:34:23,023 - INFO - [LR]    [51/80] | Learning Rate: 0.000378
2026-03-04 04:34:31,991 - INFO - [Train] [51/80] | Loss: 0.3572 | Train Acc: 89.21%
2026-03-04 04:34:34,608 - INFO - [Valid] [51/80] | Loss: 0.4405 | Val Acc: 83.19%
2026-03-04 04:34:34,626 - INFO - [Metrics for 'abnormal'] | Precision: 0.7747 | Recall: 0.8981 | F1: 0.8319
2026-03-04 04:34:34,626 - INFO - [Metrics for 'normal'] | Precision: 0.8981 | Recall: 0.7747 | F1: 0.8319
2026-03-04 04:34:34,626 - INFO - --------------------------------------------------
2026-03-04 04:34:34,627 - INFO - [LR]    [52/80] | Learning Rate: 0.000362
2026-03-04 04:34:43,764 - INFO - [Train] [52/80] | Loss: 0.3400 | Train Acc: 90.33%
2026-03-04 04:34:46,361 - INFO - [Valid] [52/80] | Loss: 0.4431 | Val Acc: 83.19%
2026-03-04 04:34:46,379 - INFO - [Metrics for 'abnormal'] | Precision: 0.8086 | Recall: 0.8344 | F1: 0.8213
2026-03-04 04:34:46,379 - INFO - [Metrics for 'normal'] | Precision: 0.8531 | Recall: 0.8297 | F1: 0.8412
2026-03-04 04:34:46,379 - INFO - --------------------------------------------------
2026-03-04 04:34:46,380 - INFO - [LR]    [53/80] | Learning Rate: 0.000346
2026-03-04 04:34:55,502 - INFO - [Train] [53/80] | Loss: 0.3266 | Train Acc: 91.59%
2026-03-04 04:34:58,130 - INFO - [Valid] [53/80] | Loss: 0.4291 | Val Acc: 83.78%
2026-03-04 04:34:58,148 - INFO - [Metrics for 'abnormal'] | Precision: 0.8269 | Recall: 0.8217 | F1: 0.8243
2026-03-04 04:34:58,148 - INFO - [Metrics for 'normal'] | Precision: 0.8470 | Recall: 0.8516 | F1: 0.8493
2026-03-04 04:34:58,175 - INFO - [Best Model Saved] (val loss: 0.4291) -> 'log/Sewer_TAPNEW/main_20260304_042228_grid7_patch1_layer6_head4/best_model.pth'
2026-03-04 04:34:58,176 - INFO - --------------------------------------------------
2026-03-04 04:34:58,176 - INFO - [LR]    [54/80] | Learning Rate: 0.000330
2026-03-04 04:35:07,166 - INFO - [Train] [54/80] | Loss: 0.3429 | Train Acc: 89.81%
2026-03-04 04:35:09,830 - INFO - [Valid] [54/80] | Loss: 0.4379 | Val Acc: 82.30%
2026-03-04 04:35:09,849 - INFO - [Metrics for 'abnormal'] | Precision: 0.7904 | Recall: 0.8408 | F1: 0.8148
2026-03-04 04:35:09,849 - INFO - [Metrics for 'normal'] | Precision: 0.8547 | Recall: 0.8077 | F1: 0.8305
2026-03-04 04:35:09,850 - INFO - --------------------------------------------------
2026-03-04 04:35:09,850 - INFO - [LR]    [55/80] | Learning Rate: 0.000315
2026-03-04 04:35:18,845 - INFO - [Train] [55/80] | Loss: 0.3384 | Train Acc: 90.33%
2026-03-04 04:35:21,479 - INFO - [Valid] [55/80] | Loss: 0.4463 | Val Acc: 83.48%
2026-03-04 04:35:21,497 - INFO - [Metrics for 'abnormal'] | Precision: 0.8024 | Recall: 0.8535 | F1: 0.8272
2026-03-04 04:35:21,497 - INFO - [Metrics for 'normal'] | Precision: 0.8663 | Recall: 0.8187 | F1: 0.8418
2026-03-04 04:35:21,498 - INFO - --------------------------------------------------
2026-03-04 04:35:21,498 - INFO - [LR]    [56/80] | Learning Rate: 0.000300
2026-03-04 04:35:30,432 - INFO - [Train] [56/80] | Loss: 0.3468 | Train Acc: 89.96%
2026-03-04 04:35:33,079 - INFO - [Valid] [56/80] | Loss: 0.4356 | Val Acc: 84.66%
2026-03-04 04:35:33,096 - INFO - [Metrics for 'abnormal'] | Precision: 0.8107 | Recall: 0.8726 | F1: 0.8405
2026-03-04 04:35:33,096 - INFO - [Metrics for 'normal'] | Precision: 0.8824 | Recall: 0.8242 | F1: 0.8523
2026-03-04 04:35:33,097 - INFO - --------------------------------------------------
2026-03-04 04:35:33,097 - INFO - [LR]    [57/80] | Learning Rate: 0.000285
2026-03-04 04:35:42,029 - INFO - [Train] [57/80] | Loss: 0.3378 | Train Acc: 90.70%
2026-03-04 04:35:44,676 - INFO - [Valid] [57/80] | Loss: 0.4438 | Val Acc: 84.37%
2026-03-04 04:35:44,693 - INFO - [Metrics for 'abnormal'] | Precision: 0.8210 | Recall: 0.8471 | F1: 0.8339
2026-03-04 04:35:44,694 - INFO - [Metrics for 'normal'] | Precision: 0.8644 | Recall: 0.8407 | F1: 0.8524
2026-03-04 04:35:44,694 - INFO - --------------------------------------------------
2026-03-04 04:35:44,694 - INFO - [LR]    [58/80] | Learning Rate: 0.000271
2026-03-04 04:35:53,669 - INFO - [Train] [58/80] | Loss: 0.3343 | Train Acc: 90.85%
2026-03-04 04:35:56,296 - INFO - [Valid] [58/80] | Loss: 0.4353 | Val Acc: 84.37%
2026-03-04 04:35:56,314 - INFO - [Metrics for 'abnormal'] | Precision: 0.8059 | Recall: 0.8726 | F1: 0.8379
2026-03-04 04:35:56,314 - INFO - [Metrics for 'normal'] | Precision: 0.8817 | Recall: 0.8187 | F1: 0.8490
2026-03-04 04:35:56,314 - INFO - --------------------------------------------------
2026-03-04 04:35:56,314 - INFO - [LR]    [59/80] | Learning Rate: 0.000258
2026-03-04 04:36:05,439 - INFO - [Train] [59/80] | Loss: 0.3341 | Train Acc: 91.29%
2026-03-04 04:36:08,056 - INFO - [Valid] [59/80] | Loss: 0.4241 | Val Acc: 86.14%
2026-03-04 04:36:08,073 - INFO - [Metrics for 'abnormal'] | Precision: 0.8235 | Recall: 0.8917 | F1: 0.8563
2026-03-04 04:36:08,073 - INFO - [Metrics for 'normal'] | Precision: 0.8994 | Recall: 0.8352 | F1: 0.8661
2026-03-04 04:36:08,099 - INFO - [Best Model Saved] (val loss: 0.4241) -> 'log/Sewer_TAPNEW/main_20260304_042228_grid7_patch1_layer6_head4/best_model.pth'
2026-03-04 04:36:08,099 - INFO - --------------------------------------------------
2026-03-04 04:36:08,099 - INFO - [LR]    [60/80] | Learning Rate: 0.000245
2026-03-04 04:36:17,073 - INFO - [Train] [60/80] | Loss: 0.3359 | Train Acc: 90.77%
2026-03-04 04:36:19,681 - INFO - [Valid] [60/80] | Loss: 0.4375 | Val Acc: 83.19%
2026-03-04 04:36:19,698 - INFO - [Metrics for 'abnormal'] | Precision: 0.7941 | Recall: 0.8599 | F1: 0.8257
2026-03-04 04:36:19,699 - INFO - [Metrics for 'normal'] | Precision: 0.8698 | Recall: 0.8077 | F1: 0.8376
2026-03-04 04:36:19,699 - INFO - --------------------------------------------------
2026-03-04 04:36:19,699 - INFO - [LR]    [61/80] | Learning Rate: 0.000232
2026-03-04 04:36:28,810 - INFO - [Train] [61/80] | Loss: 0.3251 | Train Acc: 91.29%
2026-03-04 04:36:31,425 - INFO - [Valid] [61/80] | Loss: 0.4292 | Val Acc: 82.89%
2026-03-04 04:36:31,443 - INFO - [Metrics for 'abnormal'] | Precision: 0.7929 | Recall: 0.8535 | F1: 0.8221
2026-03-04 04:36:31,443 - INFO - [Metrics for 'normal'] | Precision: 0.8647 | Recall: 0.8077 | F1: 0.8352
2026-03-04 04:36:31,443 - INFO - --------------------------------------------------
2026-03-04 04:36:31,443 - INFO - [LR]    [62/80] | Learning Rate: 0.000220
2026-03-04 04:36:40,549 - INFO - [Train] [62/80] | Loss: 0.3280 | Train Acc: 92.04%
2026-03-04 04:36:43,184 - INFO - [Valid] [62/80] | Loss: 0.4814 | Val Acc: 83.19%
2026-03-04 04:36:43,201 - INFO - [Metrics for 'abnormal'] | Precision: 0.8086 | Recall: 0.8344 | F1: 0.8213
2026-03-04 04:36:43,202 - INFO - [Metrics for 'normal'] | Precision: 0.8531 | Recall: 0.8297 | F1: 0.8412
2026-03-04 04:36:43,202 - INFO - --------------------------------------------------
2026-03-04 04:36:43,202 - INFO - [LR]    [63/80] | Learning Rate: 0.000208
2026-03-04 04:36:52,209 - INFO - [Train] [63/80] | Loss: 0.3237 | Train Acc: 91.37%
2026-03-04 04:36:54,841 - INFO - [Valid] [63/80] | Loss: 0.4441 | Val Acc: 84.07%
2026-03-04 04:36:54,859 - INFO - [Metrics for 'abnormal'] | Precision: 0.7910 | Recall: 0.8917 | F1: 0.8383
2026-03-04 04:36:54,859 - INFO - [Metrics for 'normal'] | Precision: 0.8951 | Recall: 0.7967 | F1: 0.8430
2026-03-04 04:36:54,859 - INFO - --------------------------------------------------
2026-03-04 04:36:54,859 - INFO - [LR]    [64/80] | Learning Rate: 0.000197
2026-03-04 04:37:03,832 - INFO - [Train] [64/80] | Loss: 0.3334 | Train Acc: 90.85%
2026-03-04 04:37:06,465 - INFO - [Valid] [64/80] | Loss: 0.4441 | Val Acc: 82.60%
2026-03-04 04:37:06,482 - INFO - [Metrics for 'abnormal'] | Precision: 0.7692 | Recall: 0.8917 | F1: 0.8260
2026-03-04 04:37:06,482 - INFO - [Metrics for 'normal'] | Precision: 0.8917 | Recall: 0.7692 | F1: 0.8260
2026-03-04 04:37:06,482 - INFO - --------------------------------------------------
2026-03-04 04:37:06,482 - INFO - [LR]    [65/80] | Learning Rate: 0.000186
2026-03-04 04:37:15,515 - INFO - [Train] [65/80] | Loss: 0.3267 | Train Acc: 91.22%
2026-03-04 04:37:18,155 - INFO - [Valid] [65/80] | Loss: 0.4542 | Val Acc: 84.07%
2026-03-04 04:37:18,172 - INFO - [Metrics for 'abnormal'] | Precision: 0.7814 | Recall: 0.9108 | F1: 0.8412
2026-03-04 04:37:18,172 - INFO - [Metrics for 'normal'] | Precision: 0.9103 | Recall: 0.7802 | F1: 0.8402
2026-03-04 04:37:18,173 - INFO - --------------------------------------------------
2026-03-04 04:37:18,173 - INFO - [LR]    [66/80] | Learning Rate: 0.000176
2026-03-04 04:37:27,147 - INFO - [Train] [66/80] | Loss: 0.3203 | Train Acc: 91.82%
2026-03-04 04:37:29,748 - INFO - [Valid] [66/80] | Loss: 0.4398 | Val Acc: 83.78%
2026-03-04 04:37:29,766 - INFO - [Metrics for 'abnormal'] | Precision: 0.8000 | Recall: 0.8662 | F1: 0.8318
2026-03-04 04:37:29,767 - INFO - [Metrics for 'normal'] | Precision: 0.8757 | Recall: 0.8132 | F1: 0.8433
2026-03-04 04:37:29,767 - INFO - --------------------------------------------------
2026-03-04 04:37:29,767 - INFO - [LR]    [67/80] | Learning Rate: 0.000166
2026-03-04 04:37:38,684 - INFO - [Train] [67/80] | Loss: 0.3286 | Train Acc: 90.77%
2026-03-04 04:37:41,300 - INFO - [Valid] [67/80] | Loss: 0.4732 | Val Acc: 83.19%
2026-03-04 04:37:41,317 - INFO - [Metrics for 'abnormal'] | Precision: 0.7660 | Recall: 0.9172 | F1: 0.8348
2026-03-04 04:37:41,317 - INFO - [Metrics for 'normal'] | Precision: 0.9139 | Recall: 0.7582 | F1: 0.8288
2026-03-04 04:37:41,318 - INFO - --------------------------------------------------
2026-03-04 04:37:41,318 - INFO - [LR]    [68/80] | Learning Rate: 0.000157
2026-03-04 04:37:50,433 - INFO - [Train] [68/80] | Loss: 0.3267 | Train Acc: 91.59%
2026-03-04 04:37:53,034 - INFO - [Valid] [68/80] | Loss: 0.4414 | Val Acc: 82.89%
2026-03-04 04:37:53,051 - INFO - [Metrics for 'abnormal'] | Precision: 0.8037 | Recall: 0.8344 | F1: 0.8187
2026-03-04 04:37:53,051 - INFO - [Metrics for 'normal'] | Precision: 0.8523 | Recall: 0.8242 | F1: 0.8380
2026-03-04 04:37:53,052 - INFO - --------------------------------------------------
2026-03-04 04:37:53,052 - INFO - [LR]    [69/80] | Learning Rate: 0.000149
2026-03-04 04:38:01,976 - INFO - [Train] [69/80] | Loss: 0.3176 | Train Acc: 91.74%
2026-03-04 04:38:04,606 - INFO - [Valid] [69/80] | Loss: 0.4382 | Val Acc: 83.48%
2026-03-04 04:38:04,623 - INFO - [Metrics for 'abnormal'] | Precision: 0.7886 | Recall: 0.8790 | F1: 0.8313
2026-03-04 04:38:04,623 - INFO - [Metrics for 'normal'] | Precision: 0.8841 | Recall: 0.7967 | F1: 0.8382
2026-03-04 04:38:04,624 - INFO - --------------------------------------------------
2026-03-04 04:38:04,624 - INFO - [LR]    [70/80] | Learning Rate: 0.000141
2026-03-04 04:38:13,587 - INFO - [Train] [70/80] | Loss: 0.3207 | Train Acc: 91.89%
2026-03-04 04:38:16,181 - INFO - [Valid] [70/80] | Loss: 0.4350 | Val Acc: 83.48%
2026-03-04 04:38:16,198 - INFO - [Metrics for 'abnormal'] | Precision: 0.7919 | Recall: 0.8726 | F1: 0.8303
2026-03-04 04:38:16,199 - INFO - [Metrics for 'normal'] | Precision: 0.8795 | Recall: 0.8022 | F1: 0.8391
2026-03-04 04:38:16,199 - INFO - --------------------------------------------------
2026-03-04 04:38:16,199 - INFO - [LR]    [71/80] | Learning Rate: 0.000134
2026-03-04 04:38:25,161 - INFO - [Train] [71/80] | Loss: 0.3141 | Train Acc: 91.44%
2026-03-04 04:38:27,783 - INFO - [Valid] [71/80] | Loss: 0.4352 | Val Acc: 83.19%
2026-03-04 04:38:27,800 - INFO - [Metrics for 'abnormal'] | Precision: 0.8012 | Recall: 0.8471 | F1: 0.8235
2026-03-04 04:38:27,800 - INFO - [Metrics for 'normal'] | Precision: 0.8613 | Recall: 0.8187 | F1: 0.8394
2026-03-04 04:38:27,801 - INFO - --------------------------------------------------
2026-03-04 04:38:27,801 - INFO - [LR]    [72/80] | Learning Rate: 0.000128
2026-03-04 04:38:36,739 - INFO - [Train] [72/80] | Loss: 0.3041 | Train Acc: 93.23%
2026-03-04 04:38:39,336 - INFO - [Valid] [72/80] | Loss: 0.4357 | Val Acc: 84.07%
2026-03-04 04:38:39,354 - INFO - [Metrics for 'abnormal'] | Precision: 0.8121 | Recall: 0.8535 | F1: 0.8323
2026-03-04 04:38:39,354 - INFO - [Metrics for 'normal'] | Precision: 0.8678 | Recall: 0.8297 | F1: 0.8483
2026-03-04 04:38:39,354 - INFO - --------------------------------------------------
2026-03-04 04:38:39,355 - INFO - [LR]    [73/80] | Learning Rate: 0.000122
2026-03-04 04:38:48,363 - INFO - [Train] [73/80] | Loss: 0.3162 | Train Acc: 92.04%
2026-03-04 04:38:51,013 - INFO - [Valid] [73/80] | Loss: 0.4399 | Val Acc: 83.48%
2026-03-04 04:38:51,030 - INFO - [Metrics for 'abnormal'] | Precision: 0.7919 | Recall: 0.8726 | F1: 0.8303
2026-03-04 04:38:51,031 - INFO - [Metrics for 'normal'] | Precision: 0.8795 | Recall: 0.8022 | F1: 0.8391
2026-03-04 04:38:51,031 - INFO - --------------------------------------------------
2026-03-04 04:38:51,031 - INFO - [LR]    [74/80] | Learning Rate: 0.000117
2026-03-04 04:39:00,089 - INFO - [Train] [74/80] | Loss: 0.3059 | Train Acc: 92.71%
2026-03-04 04:39:02,723 - INFO - [Valid] [74/80] | Loss: 0.4476 | Val Acc: 84.07%
2026-03-04 04:39:02,741 - INFO - [Metrics for 'abnormal'] | Precision: 0.8121 | Recall: 0.8535 | F1: 0.8323
2026-03-04 04:39:02,741 - INFO - [Metrics for 'normal'] | Precision: 0.8678 | Recall: 0.8297 | F1: 0.8483
2026-03-04 04:39:02,741 - INFO - --------------------------------------------------
2026-03-04 04:39:02,741 - INFO - [LR]    [75/80] | Learning Rate: 0.000112
2026-03-04 04:39:11,696 - INFO - [Train] [75/80] | Loss: 0.3120 | Train Acc: 92.41%
2026-03-04 04:39:14,306 - INFO - [Valid] [75/80] | Loss: 0.4597 | Val Acc: 84.07%
2026-03-04 04:39:14,323 - INFO - [Metrics for 'abnormal'] | Precision: 0.7814 | Recall: 0.9108 | F1: 0.8412
2026-03-04 04:39:14,323 - INFO - [Metrics for 'normal'] | Precision: 0.9103 | Recall: 0.7802 | F1: 0.8402
2026-03-04 04:39:14,323 - INFO - --------------------------------------------------
2026-03-04 04:39:14,324 - INFO - [LR]    [76/80] | Learning Rate: 0.000109
2026-03-04 04:39:23,224 - INFO - [Train] [76/80] | Loss: 0.3149 | Train Acc: 91.89%
2026-03-04 04:39:25,846 - INFO - [Valid] [76/80] | Loss: 0.4634 | Val Acc: 83.48%
2026-03-04 04:39:25,863 - INFO - [Metrics for 'abnormal'] | Precision: 0.7672 | Recall: 0.9236 | F1: 0.8382
2026-03-04 04:39:25,863 - INFO - [Metrics for 'normal'] | Precision: 0.9200 | Recall: 0.7582 | F1: 0.8313
2026-03-04 04:39:25,863 - INFO - --------------------------------------------------
2026-03-04 04:39:25,864 - INFO - [LR]    [77/80] | Learning Rate: 0.000106
2026-03-04 04:39:34,886 - INFO - [Train] [77/80] | Loss: 0.3106 | Train Acc: 92.86%
2026-03-04 04:39:37,555 - INFO - [Valid] [77/80] | Loss: 0.4489 | Val Acc: 82.60%
2026-03-04 04:39:37,572 - INFO - [Metrics for 'abnormal'] | Precision: 0.7882 | Recall: 0.8535 | F1: 0.8196
2026-03-04 04:39:37,572 - INFO - [Metrics for 'normal'] | Precision: 0.8639 | Recall: 0.8022 | F1: 0.8319
2026-03-04 04:39:37,573 - INFO - --------------------------------------------------
2026-03-04 04:39:37,573 - INFO - [LR]    [78/80] | Learning Rate: 0.000103
2026-03-04 04:39:46,759 - INFO - [Train] [78/80] | Loss: 0.3081 | Train Acc: 92.63%
2026-03-04 04:39:49,395 - INFO - [Valid] [78/80] | Loss: 0.4487 | Val Acc: 83.78%
2026-03-04 04:39:49,413 - INFO - [Metrics for 'abnormal'] | Precision: 0.7931 | Recall: 0.8790 | F1: 0.8338
2026-03-04 04:39:49,414 - INFO - [Metrics for 'normal'] | Precision: 0.8848 | Recall: 0.8022 | F1: 0.8415
2026-03-04 04:39:49,414 - INFO - --------------------------------------------------
2026-03-04 04:39:49,414 - INFO - [LR]    [79/80] | Learning Rate: 0.000101
2026-03-04 04:39:58,372 - INFO - [Train] [79/80] | Loss: 0.3105 | Train Acc: 92.34%
2026-03-04 04:40:00,999 - INFO - [Valid] [79/80] | Loss: 0.4540 | Val Acc: 83.48%
2026-03-04 04:40:01,016 - INFO - [Metrics for 'abnormal'] | Precision: 0.8217 | Recall: 0.8217 | F1: 0.8217
2026-03-04 04:40:01,016 - INFO - [Metrics for 'normal'] | Precision: 0.8462 | Recall: 0.8462 | F1: 0.8462
2026-03-04 04:40:01,017 - INFO - --------------------------------------------------
2026-03-04 04:40:01,017 - INFO - [LR]    [80/80] | Learning Rate: 0.000100
2026-03-04 04:40:10,096 - INFO - [Train] [80/80] | Loss: 0.3122 | Train Acc: 92.78%
2026-03-04 04:40:12,695 - INFO - [Valid] [80/80] | Loss: 0.4692 | Val Acc: 83.19%
2026-03-04 04:40:12,712 - INFO - [Metrics for 'abnormal'] | Precision: 0.7809 | Recall: 0.8854 | F1: 0.8299
2026-03-04 04:40:12,713 - INFO - [Metrics for 'normal'] | Precision: 0.8882 | Recall: 0.7857 | F1: 0.8338
2026-03-04 04:40:12,714 - INFO - 훈련 완료. 최고 성능 모델 'log/Sewer_TAPNEW/main_20260304_042228_grid7_patch1_layer6_head4/best_model.pth'을(를) 불러와 테스트 세트로 최종 평가합니다.
2026-03-04 04:40:12,814 - INFO - ICAM Pruning 정책: full_model (encoder+decoder+classifier 대상, 마지막 분류층/attention qkv/embedding bridge/learnable queries 제외). ignored_layers=23
2026-03-04 04:40:12,818 - INFO - Wanda Pruning을 시작합니다.
2026-03-04 04:40:12,819 - INFO - 저장된 pruning_history가 있어 Wanda calibration을 건너뜁니다.
2026-03-04 04:40:12,819 - INFO - 분류 레이어 'Linear'을(를) Pruning 대상에서 제외합니다.
2026-03-04 04:40:12,936 - INFO - 저장된 pruning_history를 사용해 Pruning 구조를 재현했습니다.
2026-03-04 04:40:12,937 - INFO - torch-pruning 완료. 모델 구조가 희소도(0.5)에 맞춰 변경되었습니다.
2026-03-04 04:40:12,937 - INFO - ==================================================
2026-03-04 04:40:13,013 - INFO - ==================================================
2026-03-04 04:40:13,014 - INFO - Test 모드를 시작합니다.
2026-03-04 04:40:13,084 - INFO - 'log/Sewer_TAPNEW/main_20260304_042228_grid7_patch1_layer6_head4/best_model.pth' 가중치 로드 완료.
2026-03-04 04:40:13,086 - INFO - FLOPs 및 MACs 측정을 시작합니다...
2026-03-04 04:40:13,194 - INFO - Model FLOPs: 0.0774 GFLOPs
2026-03-04 04:40:13,195 - INFO - Model MACs: 0.0387 GMACs
2026-03-04 04:40:17,609 - INFO - [Test] Loss: 0.3340 | Test Acc: 86.14%
2026-03-04 04:40:17,626 - INFO - [Metrics for 'abnormal'] | Precision: 0.8235 | Recall: 0.8917 | F1: 0.8563
2026-03-04 04:40:17,627 - INFO - [Metrics for 'normal'] | Precision: 0.8994 | Recall: 0.8352 | F1: 0.8661
2026-03-04 04:40:18,627 - INFO - ==================================================
2026-03-04 04:40:18,627 - INFO - 혼동 행렬 저장 완료. 'log/Sewer_TAPNEW/main_20260304_042228_grid7_patch1_layer6_head4/confusion_matrix_20260304_042228.png' and 'log/Sewer_TAPNEW/main_20260304_042228_grid7_patch1_layer6_head4/confusion_matrix_20260304_042228.pdf'
2026-03-04 04:40:19,400 - INFO - Val Acc 그래프 저장 완료: 'log/Sewer_TAPNEW/main_20260304_042228_grid7_patch1_layer6_head4/graph_20260304_042228/val_acc.png' and 'log/Sewer_TAPNEW/main_20260304_042228_grid7_patch1_layer6_head4/graph_20260304_042228/val_acc.pdf'
2026-03-04 04:40:20,303 - INFO - Train/Val Acc 그래프 저장 완료: 'log/Sewer_TAPNEW/main_20260304_042228_grid7_patch1_layer6_head4/graph_20260304_042228/train_val_acc.png' and 'log/Sewer_TAPNEW/main_20260304_042228_grid7_patch1_layer6_head4/graph_20260304_042228/train_val_acc.pdf'
2026-03-04 04:40:21,120 - INFO - F1 (normal) 그래프 저장 완료: 'log/Sewer_TAPNEW/main_20260304_042228_grid7_patch1_layer6_head4/graph_20260304_042228/F1_normal.png' and 'log/Sewer_TAPNEW/main_20260304_042228_grid7_patch1_layer6_head4/graph_20260304_042228/F1_normal.pdf'
2026-03-04 04:40:21,961 - INFO - Validation Loss 그래프 저장 완료: 'log/Sewer_TAPNEW/main_20260304_042228_grid7_patch1_layer6_head4/graph_20260304_042228/val_loss.png' and 'log/Sewer_TAPNEW/main_20260304_042228_grid7_patch1_layer6_head4/graph_20260304_042228/val_loss.pdf'
2026-03-04 04:40:22,706 - INFO - Learning Rate 그래프 저장 완료: 'log/Sewer_TAPNEW/main_20260304_042228_grid7_patch1_layer6_head4/graph_20260304_042228/learning_rate.png' and 'log/Sewer_TAPNEW/main_20260304_042228_grid7_patch1_layer6_head4/graph_20260304_042228/learning_rate.pdf'
2026-03-04 04:40:30,848 - INFO - 종합 그래프 저장 완료: 'log/Sewer_TAPNEW/main_20260304_042228_grid7_patch1_layer6_head4/graph_20260304_042228/compile.png' and 'log/Sewer_TAPNEW/main_20260304_042228_grid7_patch1_layer6_head4/graph_20260304_042228/compile.pdf'
